<?xml version="1.0" encoding="UTF-8"?>
<!-- Generated by org.testng.reporters.JUnitReportReporter -->
<testsuite hostname="LAPTOP-ALB1PIQL" failures="1" tests="1" name="steps.Redbus" time="9.322" errors="0" timestamp="2024-08-19T15:46:34 IST" skipped="0">
  <testcase classname="steps.Redbus" name="test1" time="9.322">
    <failure message="expected [&lt;html lang=&quot;en&quot;&gt;&lt;!--&lt;![endif]--&gt;&lt;head id=&quot;Head1&quot;&gt;

    &lt;!-- &lt;link rel=&quot;search&quot; type=&quot;application/opensearchdescription+xml&quot; title=&quot;redBus&quot; href=&quot;opensearch.xml&quot; /&gt; --&gt;
    &lt;!--[if IE]&gt; &lt;meta http-equiv=&quot;X-UA-Compatible&quot; content=&quot;IE=edge&quot;&gt; &lt;![endif]--&gt;
    &lt;!--[if lt IE 10]&gt;
            &lt;div class=&quot;MB&quot;&gt;&lt;p class=&quot;browsehappy&quot;&gt;You are using an &lt;strong&gt;outdated&lt;/strong&gt; browser. Please &lt;a href=&quot;http://browsehappy.com/&quot;&gt;upgrade your browser&lt;/a&gt; to improve your experience.&lt;/p&gt;&lt;/div&gt;
        &lt;![endif]--&gt;
    &lt;meta name=&quot;viewport&quot; content=&quot;width=device-width, initial-scale=1.0&quot;&gt;
    &lt;!-- DNS prefetch --&gt;
    &lt;link rel=&quot;preconnect&quot; href=&quot;//s1.rdbuz.com&quot;&gt;
    &lt;link rel=&quot;preconnect&quot; href=&quot;//s2.rdbuz.com&quot;&gt;
    &lt;link rel=&quot;preconnect&quot; href=&quot;//s3.rdbuz.com&quot;&gt;
    &lt;link rel=&quot;stylesheet&quot; href=&quot;/stylesheets/layout.127fbe8254da562cd7f430bdba46f48e.bundle.css&quot; as=&quot;style&quot; fetchpriority=&quot;high&quot; crossorigin=&quot;&quot; onload=&quot;this.rel=&#039;stylesheet&#039;&quot;&gt;

    &lt;link href=&quot;../../../favicon.ico?root=rbus&quot; rel=&quot;shortcut icon&quot;&gt;
    &lt;!--[if lt IE 9]&gt;
    &lt;script src=&quot;https://html5shiv.googlecode.com/svn/trunk/html5.js&quot;&gt;&lt;/script&gt;
    &lt;![endif]--&gt;
       &lt;link rel=&quot;canonical&quot; href=&quot;https://www.redbus.in/&quot;&gt;


         &lt;link rel=&quot;alternate&quot; hreflang=&quot;en-KH&quot; href=&quot;https://www.redbus.com.kh/&quot;&gt; 
         &lt;link rel=&quot;alternate&quot; hreflang=&quot;x-default&quot; href=&quot;https://www.redbus.com/&quot;&gt; 
         &lt;link rel=&quot;alternate&quot; hreflang=&quot;vi-VN&quot; href=&quot;https://www.redbus.vn/&quot;&gt; 
         &lt;link rel=&quot;alternate&quot; hreflang=&quot;en-VN&quot; href=&quot;https://www.redbus.vn/en/&quot;&gt; 
         &lt;link rel=&quot;alternate&quot; hreflang=&quot;en-IN&quot; href=&quot;https://www.redbus.in/&quot;&gt; 
         &lt;link rel=&quot;alternate&quot; hreflang=&quot;en-SG&quot; href=&quot;https://www.redbus.sg/&quot;&gt; 
         &lt;link rel=&quot;alternate&quot; hreflang=&quot;en-MY&quot; href=&quot;https://www.redbus.my/&quot;&gt; 
         &lt;link rel=&quot;alternate&quot; hreflang=&quot;ms-MY&quot; href=&quot;https://www.redbus.my/ms/&quot;&gt; 
         &lt;link rel=&quot;alternate&quot; hreflang=&quot;id-ID&quot; href=&quot;https://www.redbus.id/&quot;&gt; 
         &lt;link rel=&quot;alternate&quot; hreflang=&quot;en-ID&quot; href=&quot;https://www.redbus.id/en/&quot;&gt; 
         &lt;link rel=&quot;alternate&quot; hreflang=&quot;en-PE&quot; href=&quot;https://www.redbus.pe/en/&quot;&gt; 
         &lt;link rel=&quot;alternate&quot; hreflang=&quot;es-PE&quot; href=&quot;https://www.redbus.pe/&quot;&gt; 
         &lt;link rel=&quot;alternate&quot; hreflang=&quot;es-CO&quot; href=&quot;https://www.redbus.co/&quot;&gt; 
         &lt;link rel=&quot;alternate&quot; hreflang=&quot;en-CO&quot; href=&quot;https://www.redbus.co/en/&quot;&gt; 
            &lt;meta name=&quot;Keywords&quot; content=&quot;online bus ticket booking, bus booking, volvo ac bus booking, bus ticket booking, bus tickets&quot;&gt;
        &lt;meta name=&quot;description&quot; content=&quot;Bus Tickets Online Booking at lowest rates, easy cancellation and get an instant refund with redBus, the worlds largest bus ticket booking brand. &quot;&gt;
        &lt;meta id=&quot;page_name&quot; content=&quot;HOME&quot; name=&quot;page_name&quot;&gt;
        &lt;meta property=&quot;og:title&quot; content=&quot;Online Bus Ticket Booking with Best Offers and Lowest Price - redBus&quot;&gt;
        &lt;meta property=&quot;og:type&quot; content=&quot;company&quot;&gt;
        &lt;meta property=&quot;og:url&quot; content=&quot;www.redbus.in&quot;&gt;
        &lt;meta property=&quot;og:image&quot; href=&quot;https://s3.rdbuz.com/assets/images/logo/b_logo.png&quot;&gt;
        &lt;meta property=&quot;og:site_name&quot; content=&quot;redBus&quot;&gt;
        &lt;meta property=&quot;og:description&quot; content=&quot;Book bus tickets online with redBus, the worlds largest bus ticket booking brand for government and private bus operators. Book bus tickets at lowest rates, easy cancellation and get instant refund.&quot;&gt;
                    &lt;meta name=&quot;google-site-verification&quot; content=&quot;xF6UvOJWcDUSenssBr8T9uGa_htW-2h3XbU9FAv9sQ8&quot;&gt;
                 &lt;meta name=&quot;google-site-verification&quot; content=&quot;JseePqwPY1canvnThFLN1HSoTTHDfwhf0sUuEJwVUO4&quot;&gt;
            &lt;script type=&quot;text/javascript&quot; async=&quot;&quot; src=&quot;https://www.googletagmanager.com/gtag/js?id=G-1SE754V89Y&amp;amp;l=dataLayer&amp;amp;cx=c&quot;&gt;&lt;/script&gt;&lt;script defer=&quot;&quot; data-main=&quot;https://mriclient.redbus.com/mri/push-to-kafka&quot; data-env=&quot;prod&quot; src=&quot;/mriInteractions.js?v=8&quot; id=&quot;mri_client_script&quot;&gt;&lt;/script&gt;&lt;script defer=&quot;&quot; src=&quot;//www.googletagmanager.com/gtm.js?id=GTM-TCFTX7&quot;&gt;&lt;/script&gt;&lt;script type=&quot;application/ld+json&quot;&gt;
                {

&quot;@context&quot;:&quot;http://schema.org&quot;,
                &quot;@type&quot;:&quot;Organization&quot;,
                &quot;name&quot;:&quot;redBus India&quot;,
                &quot;url&quot;:&quot;https://www.redbus.in/&quot;,
                                &quot;foundingDate&quot;:&quot;2006&quot;,
                &quot;parentOrganization&quot;:[{
&quot;@type&quot;:&quot;Organization&quot;,
&quot;name&quot;:&quot;Ibibo Group Pvt Ltd&quot;                }
                ],   

                &quot;address&quot;:{
&quot;type&quot;:&quot;PostalAddress&quot;,
&quot;streetAddress&quot;:&quot;3rd Floor Karle Premium&quot;,
&quot;addressLocality&quot;:&quot;#1 Old Airport Road, Opp. Manipal Hospital, Kodihalli&quot;,
&quot;addressRegion&quot;:&quot;Bangalore&quot;,
&quot;postalCode&quot;:&quot;560008&quot;,
&quot;addressCountry&quot;:&quot;INDIA&quot;                },
                &quot;contactPoint&quot;:[{
&quot;@type&quot;:&quot;ContactPoint&quot;,
&quot;telephone&quot;:&quot;+91 99456 00000&quot;,
&quot;contactType&quot;:&quot;Customer Service ( Call Center)&quot;,
&quot;email&quot;:&quot;support@redbus.in&quot;}],
                &quot;sameAs&quot;:[
                
&quot;https://www.facebook.com/redBus.in/&quot;,
&quot;https://en.wikipedia.org/wiki/Redbus.in/&quot;                
                ]
                }
            &lt;/script&gt;
                &lt;script type=&quot;application/ld+json&quot;&gt;
                    {
  &quot;@context&quot;: &quot;http://schema.org&quot;,
  &quot;@type&quot;: &quot;SoftwareApplication&quot;,
  &quot;name&quot;: &quot;redBus - Online Bus Tickets Booking App&quot;,
  &quot;operatingSystem&quot;: &quot;ANDROID&quot;,
  &quot;applicationCategory&quot;: &quot;TravelApplication&quot;,
  &quot;aggregateRating&quot;: {
    &quot;@type&quot;: &quot;AggregateRating&quot;,
    &quot;ratingValue&quot;: &quot;4.5&quot;,
    &quot;reviewCount&quot;: 2402718
  }
}
                &lt;/script&gt;
                &lt;meta name=&quot;robots&quot; content=&quot;noodp&quot;&gt;

    
    
    &lt;link href=&quot;/stylesheets/home.ab68826a277da33ef3c4e620f6bbaa94.bundle.css&quot; rel=&quot;stylesheet&quot;&gt;
&lt;meta name=&quot;viewport&quot; content=&quot;width=device-width, initial-scale=1.0&quot;&gt;
&lt;title&gt;Bus Ticket Booking Online made Easy, Secure with Top Bus Operators - redBus&lt;/title&gt;
&lt;!-- DNS prefetch --&gt;

            &lt;link rel=&quot;preload&quot; href=&quot;https://s3.rdbuz.com/images/webplatform/india/Homepage-header-800.webp&quot; as=&quot;image&quot; fetchpriority=&quot;high&quot;&gt;
            &lt;link rel=&quot;preload&quot; href=&quot;https://s3.rdbuz.com/images/webplatform/india/Homepage-header-1600.webp&quot; as=&quot;image&quot; fetchpriority=&quot;high&quot;&gt;
    &lt;link href=&quot;/stylesheets/twoHome.12b24c435685d026e29c3efbb2832cb7.bundle.css&quot; rel=&quot;stylesheet&quot;&gt;
&lt;style&gt;
    #rdc-root {
        min-height: 1000px;
    }
&lt;/style&gt;

    &lt;script&gt;
        var page = &#039;HOME&#039;;
    &lt;/script&gt;


    
     &lt;script defer=&quot;&quot;&gt; 
        
                if (&quot;True&quot; === &quot;True&quot;) {
              window.mriObject = window.mriObject || [];
          }
    window.addEventListener(&#039;load&#039;, function(){
      
        if (&quot;True&quot; === &quot;True&quot;) {
                (function (w, d, s, l, p) {
                  w[p] = &quot;&quot;;
                  w[l] = w[l] || []; w[l].push({
                    &#039;mri.start&#039;:
                      new Date().getTime(), event: &#039;mri.js&#039;
                  });
                  w[l].push({
                    timestamp: Math.round(new Date().getTime()), 
                    event: &#039;pageLoad&#039;,
                  });
                  var f = d.getElementsByTagName(s)[0];
                  var j = d.createElement(s);
                  j.defer = true;
                  j.setAttribute(&#039;data-main&#039;, &quot;https://mriclient.redbus.com/mri/push-to-kafka&quot;);
                  j.setAttribute(&#039;data-env&#039;, &quot;prod&quot;);
                  j.src = `/mriInteractions.js?v=8`;
                  j.id = &#039;mri_client_script&#039;
                  f.parentNode.insertBefore(j, f);
                })(window, document, &#039;script&#039;, &#039;mriObject&#039;, &#039;currentPage&#039;);
              }
    }); 
&lt;/script&gt;
   
 
        &lt;script&gt;
            function setCookie(e,r,n){var t=new Date;t.setTime(t.getTime()+24*n*60*60*1e3);var o=&quot;expires=&quot;+t.toUTCString();document.cookie=e+&quot;=&quot;+r+&quot;;&quot;+o+&quot;;path=/&quot;}
            function getCookie(e){return document.cookie.length&gt;0&amp;&amp;(c_start=document.cookie.indexOf(e+&quot;=&quot;),-1!=c_start)?(c_start=c_start+e.length+1,c_end=document.cookie.indexOf(&quot;;&quot;,c_start),-1==c_end&amp;&amp;(c_end=document.cookie.length),unescape(document.cookie.substring(c_start,c_end))):&quot;&quot;}var connection = navigator.connection || navigator.mozConnection || navigator.webkitConnection;var type = connection &amp;&amp; connection.effectiveType || &quot;-&quot; 
            var pageName = &#039;HOME&#039;;
            var multipleAbData = [{&quot;expiry&quot;:21.0,&quot;originalTraffic&quot;:0.0,&quot;bucketTraffic&quot;:[0.33,0.33,0.33],&quot;cookieName&quot;:&quot;reddealBoostAB&quot;,&quot;abValue&quot;:null,&quot;page&quot;:&quot;HOME&quot;,&quot;cookiePrefix&quot;:null},{&quot;expiry&quot;:21.0,&quot;originalTraffic&quot;:0.0,&quot;bucketTraffic&quot;:[0.0,0.0,1.0],&quot;cookieName&quot;:&quot;rtcInline&quot;,&quot;abValue&quot;:null,&quot;page&quot;:&quot;SEARCH&quot;,&quot;cookiePrefix&quot;:null},{&quot;expiry&quot;:21.0,&quot;originalTraffic&quot;:0.0,&quot;bucketTraffic&quot;:[0.33,0.33,0.33],&quot;cookieName&quot;:&quot;dynamic_custinfo&quot;,&quot;abValue&quot;:null,&quot;page&quot;:&quot;SEARCH&quot;,&quot;cookiePrefix&quot;:null},{&quot;expiry&quot;:21.0,&quot;originalTraffic&quot;:0.5,&quot;bucketTraffic&quot;:[0.5],&quot;cookieName&quot;:&quot;uirAB_WEB&quot;,&quot;abValue&quot;:null,&quot;page&quot;:&quot;home&quot;,&quot;cookiePrefix&quot;:null}];
            var abExpSync = [&quot;reddealBoostAB&quot;,&quot;rtcInline&quot;,&quot;dynamic_custinfo&quot;];
            const multiplAbDataCount = multipleAbData &amp;&amp; multipleAbData.length;
            const abExpsList =  [];
            const abExpsVariants =  [];
            const abExpMriSync = abExpSync || [];

            function assignToBucket (weights, cookiePrefix) {
                var expt = cookiePrefix || &quot;V&quot;
                var random = Math.random();
                for(var i = 0 ; i &lt; weights.length ; i++){
                    if(random &gt;= weights[i] &amp;&amp; random &lt;= weights[i+1]){
                        return expt+i;
                    }   
                }
            }
            function computeWeights (originalTraffic, bucketTraffic ) {
                /*
                originalTraffic : Holding traffic for which cookie will not be set
                bucketTraffic: Array of split % within experiment traffic
                eg: [0.33, 0.33, 0.34]  =&gt;  This means the experiment traffic will be equally divided into 3 parts
                Sum of all elements in bucketTraffic + originalTraffic should be equal to 1 (100% users set)
                */
                let abWeights = [originalTraffic];
                let minRange = originalTraffic;
                for( let i = 0; i&lt; bucketTraffic.length; i++) {
                    const maxRange = minRange + bucketTraffic[i];
                    abWeights.push(maxRange);
                    minRange = maxRange;
                }
                return abWeights;
            }

            const addToExpsList = (cookieName, val) =&gt; {
              if(!abExpsList.includes(cookieName) &amp;&amp; abExpMriSync.includes(cookieName)){
                abExpsList.push(cookieName);
                abExpsVariants.push(cookieName+&#039;:&#039; + val);
              }
            }

            if(multiplAbDataCount &amp;&amp; pageName){
                for(let i = 0; i &lt; multipleAbData.length; i++ ){
                    const abDataItem = multipleAbData[i];
                    let abWeights = computeWeights(abDataItem.originalTraffic, abDataItem.bucketTraffic);
                    if(abDataItem.page ===  pageName &amp;&amp;  !getCookie(abDataItem.cookieName)){
                        var abBucket = assignToBucket(abWeights, abDataItem.cookiePrefix);
                        abBucket &amp;&amp; setCookie(abDataItem.cookieName, abBucket, (abDataItem.expiry || 14));
                        abBucket &amp;&amp; addToExpsList(abDataItem.cookieName, abBucket);
                    }
                    else if(getCookie(abDataItem.cookieName)){
                        addToExpsList(abDataItem.cookieName, getCookie(abDataItem.cookieName));
                    }
                }
                setCookie(&#039;abExps&#039;,  JSON.stringify(abExpsList));
                setCookie(&#039;abExpsVariants&#039;,(abExpsVariants &amp;&amp; abExpsVariants.join(&quot;?&quot;)));
        }
        &lt;/script&gt;
    
        &lt;script src=&quot;https://cdn.debugbear.com/p6uGb7ucyd07.js&quot; async=&quot;&quot;&gt;&lt;/script&gt;
&lt;script&gt;bazadebezolkohpepadr=&quot;240316904&quot;&lt;/script&gt;&lt;script type=&quot;text/javascript&quot; src=&quot;https://www.redbus.in/akam/13/e52f1ee&quot; defer=&quot;&quot;&gt;&lt;/script&gt;&lt;style data-styled=&quot;&quot; data-styled-version=&quot;4.4.1&quot;&gt;&lt;/style&gt;&lt;style data-styled=&quot;&quot; data-styled-version=&quot;4.4.1&quot;&gt;&lt;/style&gt;&lt;script type=&quot;text/javascript&quot; charset=&quot;utf-8&quot; async=&quot;&quot; src=&quot;/javascripts/24.cd7e476e44eeb14e2f30.bundle.js&quot;&gt;&lt;/script&gt;&lt;script type=&quot;text/javascript&quot; charset=&quot;utf-8&quot; async=&quot;&quot; src=&quot;/javascripts/19.26b3fd514eb6f22f7ff4.bundle.js&quot;&gt;&lt;/script&gt;&lt;script type=&quot;text/javascript&quot; charset=&quot;utf-8&quot; async=&quot;&quot; src=&quot;/javascripts/28.c984e71e6d40e9b63d3c.bundle.js&quot;&gt;&lt;/script&gt;&lt;script type=&quot;text/javascript&quot; charset=&quot;utf-8&quot; async=&quot;&quot; src=&quot;/javascripts/36.c710a0e45952962a569e.bundle.js&quot;&gt;&lt;/script&gt;&lt;script type=&quot;text/javascript&quot; charset=&quot;utf-8&quot; async=&quot;&quot; src=&quot;/javascripts/29.b0e569cc807f868132ed.bundle.js&quot;&gt;&lt;/script&gt;&lt;script type=&quot;text/javascript&quot; charset=&quot;utf-8&quot; async=&quot;&quot; src=&quot;/javascripts/18.b9c9708c4b21f15872b3.bundle.js&quot;&gt;&lt;/script&gt;&lt;/head&gt;
&lt;body&gt;
  
        
  
    &lt;section id=&quot;rh_main&quot; style=&quot;min-height: 1000px;&quot;&gt;
        &lt;div id=&quot;sticky_phantom&quot; class=&quot;hide&quot;&gt;
        &lt;/div&gt;
     
                &lt;header id=&quot;main_header_new&quot; class=&quot;redbus_header fixedHeader&quot;&gt;
                    &lt;link rel=&quot;preload&quot; href=&quot;https://s3.rdbuz.com/web/images/layout/rail_vertical.svg&quot; as=&quot;image&quot; fetchpriority=&quot;high&quot;&gt;

&lt;style&gt;
    #main_header_new {
        height: 6.25rem;
        width: 100%;
        -webkit-user-select: none;
        -ms-user-select: none;
        user-select: none;
        background-color: white;
        box-shadow: 0px 86px 34px rgba(0, 0, 0, 0.01), 0px 48px 29px rgba(0, 0, 0, 0.03), 0px 5px 12px rgba(0, 0, 0, 0.05), 0px 0px 0px rgba(0, 0, 0, 0.05);
        top: 0;
        z-index: 12;
    }
    #main_header_new.fixedHeader {
        position: sticky;
    }
    #main_header_new .rb_header .rb_verticals .rb_vertical:before {
        content: unset;
    }
    #main_header_new .rb_header .rb_verticals .rb_vertical:last-of-type {
        margin-right: 0;
    }
    #main_header_new .rb_header .rb_verticals .rb_vertical.active {
        background-color: #d84e55 !important;
    }
    #main_header_new .rb_header .rb_verticals .rb_vertical.active .img_rb_vertical {
        filter: brightness(0) invert(1) !important;
    }
    #main_header_new .rb_header .rb_verticals .rb_vertical.active .name_rb_vertical {
        color: #fff !important; 
    }
    
    @media (min-width: 1440px) {
        #main_header_new .rb_header .rb_secondary_items {
            gap: 2rem !important;
        }
    }

    #main_header_new .rb_header .rb_secondary_items .rb_secondary_item:before {
        content: unset;
    }
    #main_header_new .rb_header .rb_secondary_items .rb_secondary_item .rb_main_secondary_item .icon_rb_secondary_item.lang_class {
        color: #1D1D1D;
        font-size: 1.5rem;
    }
    #main_header_new .rb_header .rb_secondary_items .rb_secondary_item .rb_main_secondary_item:hover {
        background-color: #f0f0f0 !important;
        border-radius: 0.5rem !important;
    }

    #main_header_new .rb_header .rb_secondary_items .rb_secondary_item .dropdown_wrap.show-only-logged-in-wrap {
        transform: translateX(-100%);
    }
   
    #main_header_new .rb_header .link{
        cursor: pointer;
        transition: all 500ms;
    }
    #main_header_new .rb_header .link:hover, #main_header_new .rb_header .name_rb_secondary_item:hover {
        background-color: #f0f0f0 !important;
        border-radius: 0.5rem !important;
    }
    #main_header_new .rb_header .link:hover .img_rb_vertical, #main_header_new .rb_header .name_rb_secondary_item:hover .img_rb_vertical {
        filter: none !important;
    }

    #main_header_new .rb_header.ferry_header {
        height: 5.026rem;
    }
&lt;/style&gt;

&lt;div class=&quot;rb_header &quot; style=&quot;height: 100px; display: flex; align-items: center; max-width: 1200px; margin: auto;&quot;&gt;
    &lt;picture&gt;
        &lt;source srcset=&quot;https://s3.rdbuz.com/Images/rdc/rdc-redbus-logo.webp&quot; type=&quot;image/webp&quot;&gt;
        &lt;img src=&quot;https://s3.rdbuz.com/Images/rdc/rdc-redbus-logo.svg&quot; alt=&quot;redBus&quot; class=&quot;rb_logo&quot; title=&quot;redBus&quot; style=&quot;width: 5rem; height: 3rem; cursor: pointer;&quot;&gt;
    &lt;/picture&gt;
        &lt;span class=&quot;vertical_seperator&quot; style=&quot;width: 1px; height: 20px; background: #e0e0e0; margin: 0 calc(4rem - 2rem) 0 4rem;&quot;&gt;&lt;/span&gt;
        &lt;ul class=&quot;rb_verticals&quot; style=&quot;display: flex; list-style: none; margin: 0; padding: 0;&quot;&gt;
                    &lt;li class=&quot;rb_vertical link active&quot; id=&quot;bus_tickets_vertical&quot; data-url=&quot;https://www.redbus.in/bus-tickets&quot; style=&quot;display: flex; flex-direction: column; padding: 1em 0.625rem; background-color: #fff; border-radius: 0.5rem; margin-right: 1rem; text-align: center; position: relative;&quot;&gt;
                            &lt;img class=&quot;img_rb_vertical&quot; src=&quot;https://s3.rdbuz.com/Images/rdc/rdc-redbus-logo.svg&quot; alt=&quot;Online Bus Tickets Booking&quot; title=&quot;Online Bus Tickets Booking&quot; style=&quot;height: 1.25rem; margin-bottom: 0.5rem; filter: grayscale(1) brightness(0); width: 5.25rem;&quot;&gt;
                        &lt;span class=&quot;name_rb_vertical&quot; style=&quot;color: #1d1d1d; font-weight: 500; text-wrap: nowrap;&quot;&gt;Bus Tickets&lt;/span&gt;
                    &lt;/li&gt;
                    &lt;li class=&quot;rb_vertical link &quot; id=&quot;rail_tickets_vertical&quot; data-url=&quot;https://www.redbus.in/railways&quot; style=&quot;display: flex; flex-direction: column; padding: 1em 0.625rem; background-color: #fff; border-radius: 0.5rem; margin-right: 1rem; text-align: center; position: relative;&quot;&gt;
                            &lt;div class=&quot;img_rb_vertical_wrap&quot; style=&quot;width: 5.25rem;&quot;&gt;
                                &lt;div class=&quot;img_new_wrap&quot; style=&quot; position: relative; width: fit-content; margin: 0 auto;&quot;&gt;
                                    &lt;img class=&quot;img_rb_vertical&quot; src=&quot;https://s3.rdbuz.com/web/images/layout/rail_vertical.svg&quot; alt=&quot;Online Train Tickets Booking&quot; title=&quot;Online Train Tickets Booking&quot; style=&quot;height: 1.25rem; margin-bottom: 0.5rem; filter: grayscale(1) brightness(0); width: auto;&quot;&gt;
                                    &lt;span class=&quot;img_tag&quot; style=&quot;position: absolute; padding: 0.125rem 0.25rem; background: #60b681; color: white; border-radius: 0.375rem; font-size: 0.675rem; font-weight: 500; top: -0.625rem; left: 84%; height: 1.063rem; width: 3rem;&quot;&gt;₹80 off&lt;/span&gt;
                                &lt;/div&gt;
                            &lt;/div&gt;
                        &lt;span class=&quot;name_rb_vertical&quot; style=&quot;color: #1d1d1d; font-weight: 500; text-wrap: nowrap;&quot;&gt;Train Tickets&lt;/span&gt;
                    &lt;/li&gt;
        &lt;/ul&gt;
            &lt;ul class=&quot;rb_secondary_items&quot; style=&quot;display: flex; gap: 1rem; align-items: center; list-style: none; margin: 0 0 0 auto; padding: 0;&quot;&gt;
                    &lt;li data-text=&quot;Help&quot; class=&quot;rb_secondary_item&quot; id=&quot;help_redcare&quot; data-isredirect=&quot;True&quot; data-url=&quot;/info/redcare&quot; style=&quot;position: relative;&quot;&gt;
                    &lt;div class=&quot;rb_main_secondary_item  link&quot; style=&quot;display: flex; padding: 0.375rem 0.5rem; align-items: center;&quot;&gt;
                            &lt;i class=&quot;icon icon-help_new icon_rb_secondary_item&quot; style=&quot;font-size: 22px; margin-right: 0.375rem;  width: 22px;&quot;&gt;&lt;/i&gt;
                                                    &lt;span class=&quot;name_rb_secondary_item&quot; style=&quot;white-space: nowrap; margin: 0 4px 0 2px; font-weight: 500; color: #1d1d1d; border-radius: 0.5rem; cursor: pointer; transition: all 500ms;&quot;&gt;Help&lt;/span&gt;
                                            &lt;/div&gt;
                &lt;/li&gt;
                    &lt;li data-text=&quot;Account&quot; class=&quot;rb_secondary_item&quot; id=&quot;account_dd&quot; data-isredirect=&quot;False&quot; data-url=&quot;&quot; style=&quot;position: relative;&quot;&gt;
                    &lt;div class=&quot;rb_main_secondary_item  link&quot; style=&quot;display: flex; padding: 0.375rem 0.5rem; align-items: center;&quot;&gt;
                            &lt;i class=&quot;icon icon-user_profile_new icon_rb_secondary_item&quot; style=&quot;font-size: 22px; margin-right: 0.375rem;  width: 22px;&quot;&gt;&lt;/i&gt;
                                                    &lt;span class=&quot;name_rb_secondary_item&quot; style=&quot;white-space: nowrap; margin: 0 4px 0 2px; font-weight: 500; color: #1d1d1d; border-radius: 0.5rem; cursor: pointer; transition: all 500ms;&quot;&gt;Account&lt;/span&gt;
                                                    &lt;i class=&quot;icon icon-down icon_secondary_item_more&quot; style=&quot;margin-top: 3px; font-size: 0.5rem;&quot;&gt;&lt;/i&gt;
                    &lt;/div&gt;
                        &lt;div class=&quot;dropdown_wrap hide &quot; style=&quot; z-index: 100; position: absolute; top: 110%; left: 100%; transform: translateX(-75%); box-shadow: 0 0 1rem rgba(0, 0, 0, 0.08); border-radius: 1rem; overflow: hidden;&quot;&gt;
                            
&lt;style&gt;
  #main_header_new .rb_header .rb_secondary_items .rb_secondary_item .dropdown_wrap .header_dropdown_menu.show-only-logged-in{
        overflow-y: scroll;
        max-height: 80vh;
    }
    #main_header_new .rb_header .rb_secondary_items .rb_secondary_item .dropdown_wrap .header_dropdown_menu.show-only-logged-in::-webkit-scrollbar{
        width: 9px;
    }
    #main_header_new .rb_header .rb_secondary_items .rb_secondary_item .dropdown_wrap .header_dropdown_menu.show-only-logged-in::-webkit-scrollbar-thumb{
        background-color: #c1c1c1;
        border-radius: 8px;
        background-clip: padding-box;
        border: 2px solid #eee;
        box-shadow: unset;
    }
    #main_header_new .rb_header .rb_secondary_items .rb_secondary_item .dropdown_wrap .header_dropdown_menu.show-only-logged-in::-webkit-scrollbar-track {
        background-color: #f0f0f0;
        width: 6px;
    }

    #main_header_new .rb_header .rb_secondary_items .rb_secondary_item .dropdown_wrap .header_dropdown_menu .header_dropdown_item:before {
        content: unset;
    }
    #main_header_new .rb_header .rb_secondary_items .rb_secondary_item .dropdown_wrap .header_dropdown_menu .header_dropdown_item:hover {
        background-color: #f3f4f9;
    }
    #main_header_new .rb_header .rb_secondary_items .rb_secondary_item .dropdown_wrap .header_dropdown_menu .header_dropdown_item:active {
        background-color: #d7d9e4;
    }
    
    #main_header_new .rb_header .rb_secondary_items .rb_secondary_item .dropdown_wrap .header_dropdown_menu .header_dropdown_item .header_dropdown_item_name.bold_item_name {
        font-weight: 600;
    }
&lt;/style&gt;

&lt;ul class=&quot;header_dropdown_menu &quot; style=&quot;width: max-content; max-width: 250px; padding: 8px 0; background-color: #fff;&quot;&gt;
            &lt;li data-text=&quot;Cancel Ticket&quot; class=&quot;header_dropdown_item&quot; id=&quot;cancel_ticket&quot; data-url=&quot;/Cancellation&quot; style=&quot;display: flex; padding: 1rem 1em; align-items: center; cursor: pointer;&quot;&gt;
                                &lt;span class=&quot;header_dropdown_item_name&quot; data-headdispval=&quot;&quot; style=&quot;min-width: 6.5rem;&quot;&gt;Cancel Ticket&lt;/span&gt;
            &lt;/li&gt;
            &lt;li data-text=&quot;Change Travel Date&quot; class=&quot;header_dropdown_item&quot; id=&quot;reschedule_ticket&quot; data-url=&quot;/Reschedule&quot; style=&quot;display: flex; padding: 1rem 1em; align-items: center; cursor: pointer;&quot;&gt;
                                &lt;span class=&quot;header_dropdown_item_name&quot; data-headdispval=&quot;&quot; style=&quot;min-width: 6.5rem;&quot;&gt;Change Travel Date&lt;/span&gt;
            &lt;/li&gt;
            &lt;li data-text=&quot;Show My Ticket&quot; class=&quot;header_dropdown_item&quot; id=&quot;ticket_details&quot; data-url=&quot;/Home/PrintTicket&quot; style=&quot;display: flex; padding: 1rem 1em; align-items: center; cursor: pointer;&quot;&gt;
                                &lt;span class=&quot;header_dropdown_item_name&quot; data-headdispval=&quot;&quot; style=&quot;min-width: 6.5rem;&quot;&gt;Show My Ticket&lt;/span&gt;
            &lt;/li&gt;
            &lt;li data-text=&quot;Email/SMS&quot; class=&quot;header_dropdown_item&quot; id=&quot;smsandemail_ticket&quot; data-url=&quot;/Home/SmsAndEmailTicket&quot; style=&quot;display: flex; padding: 1rem 1em; align-items: center; cursor: pointer;&quot;&gt;
                                &lt;span class=&quot;header_dropdown_item_name&quot; data-headdispval=&quot;&quot; style=&quot;min-width: 6.5rem;&quot;&gt;Email/SMS&lt;/span&gt;
            &lt;/li&gt;
                &lt;span class=&quot;horizontal_seperator&quot; style=&quot; background-color: #e5e5e5; margin: 0.5rem 0; height: 1px; width: 100%; display: block;&quot;&gt;&lt;/span&gt;
            &lt;li data-text=&quot;Login/ Sign Up&quot; class=&quot;header_dropdown_item&quot; id=&quot;user_sign_in_sign_up&quot; data-url=&quot;&quot; style=&quot;display: flex; padding: 1rem 1em; align-items: center; cursor: pointer;&quot;&gt;
                                &lt;span class=&quot;header_dropdown_item_name&quot; data-headdispval=&quot;&quot; style=&quot;min-width: 6.5rem;&quot;&gt;Login/ Sign Up&lt;/span&gt;
            &lt;/li&gt;
&lt;/ul&gt;
                        &lt;/div&gt;
                &lt;/li&gt;
        &lt;/ul&gt;
&lt;/div&gt;
                &lt;/header&gt;

        &lt;div id=&quot;mBWrapper&quot;&gt;
            
&lt;main class=&quot;rh_content&quot;&gt;
    &lt;div id=&quot;cookie-root&quot;&gt;&lt;/div&gt;
    &lt;div id=&quot;cltd-root&quot; class=&quot;hide&quot;&gt;&lt;/div&gt;
            &lt;div id=&quot;homeV2-root&quot; class=&quot;defaultHeight&quot; style=&quot;min-height: 150vh;&quot;&gt;&lt;div class=&quot;topSection&quot;&gt;&lt;div class=&quot;sc-cMljjf exaxGE&quot;&gt;&lt;picture&gt;&lt;source srcset=&quot;&quot; type=&quot;image/avif&quot;&gt;&lt;source srcset=&quot;https://s3.rdbuz.com/images/webplatform/india/Homepage-header-800.webp 800w,https://s3.rdbuz.com/images/webplatform/india/Homepage-header-1200.webp 1200w,https://s3.rdbuz.com/images/webplatform/india/Homepage-header-1600.webp 1600w, https://s3.rdbuz.com/images/webplatform/india/Homepage-header-2000.webp 2000w&quot; type=&quot;image/webp&quot;&gt;&lt;source srcset=&quot;https://s3.rdbuz.com/images/webplatform/india/HomeBannerNew.png&quot; type=&quot;image/jpeg&quot;&gt;&lt;img src=&quot;https://s3.rdbuz.com/images/webplatform/india/HomeBannerNew.png&quot; loading=&quot;eager&quot; class=&quot;heroImgStyle&quot; alt=&quot;image&quot; title=&quot;redBus&quot; data-retry=&quot;0&quot;&gt;&lt;/picture&gt;&lt;/div&gt;&lt;h1 class=&quot;sc-jAaTju fOJRFi&quot;&gt;India&#039;s No. 1 Online Bus Ticket Booking Site&lt;/h1&gt;&lt;div id=&quot;autoSuggestContainer&quot; class=&quot;sc-iAyFgw krYxKT&quot;&gt;&lt;div class=&quot;sc-hSdWYo cMISeA&quot;&gt;&lt;div class=&quot;sc-jWBwVP hyJWPH&quot;&gt;&lt;div&gt;&lt;div class=&quot;sc-gqjmRU giWxzf&quot;&gt;&lt;div role=&quot;button&quot; tabindex=&quot;1&quot; class=&quot;sc-VigVT ishpWr&quot;&gt;&lt;div width=&quot;19.43rem&quot; height=&quot;6.5rem&quot; class=&quot;sc-bdVaJa BUCow&quot;&gt;&lt;i class=&quot;sc-bwzfXH iZnIzQ icon icon-src&quot;&gt;&lt;/i&gt;&lt;div class=&quot;sc-ifAKCX kPhbmx&quot;&gt;&lt;div class=&quot;sc-htpNat gTHrHw&quot;&gt;&lt;label for=&quot;src&quot; class=&quot;sc-bZQynM cbowSB&quot;&gt;From&lt;/label&gt;&lt;div class=&quot;sc-gzVnrw isMCq&quot;&gt;&lt;text class=&quot;placeHolderMainText&quot;&gt;Delhi&lt;/text&gt;&lt;/div&gt;&lt;/div&gt;&lt;/div&gt;&lt;/div&gt;&lt;/div&gt;&lt;div class=&quot;sc-jTzLTM bIZuun&quot;&gt;&lt;/div&gt;&lt;/div&gt;&lt;/div&gt;&lt;div class=&quot;sc-eHgmQL ehQshY&quot;&gt;&lt;i class=&quot;sc-brqgnP onkW icon-swaparrow&quot;&gt;&lt;/i&gt;&lt;/div&gt;&lt;div class=&quot;sc-gqjmRU giWxzf&quot;&gt;&lt;div role=&quot;button&quot; tabindex=&quot;2&quot; class=&quot;sc-VigVT ishpWr&quot;&gt;&lt;div width=&quot;20rem&quot; height=&quot;6.5rem&quot; class=&quot;sc-bdVaJa ckpqdK&quot;&gt;&lt;i class=&quot;sc-bwzfXH iZnIzQ icon icon-dest&quot;&gt;&lt;/i&gt;&lt;div class=&quot;sc-ifAKCX kPhbmx&quot;&gt;&lt;div class=&quot;sc-htpNat gTHrHw&quot;&gt;&lt;label for=&quot;dest&quot; class=&quot;sc-bZQynM cbowSB&quot;&gt;To&lt;/label&gt;&lt;div class=&quot;sc-gzVnrw isMCq&quot;&gt;&lt;text class=&quot;placeHolderMainText&quot;&gt;Bangalore&lt;/text&gt;&lt;/div&gt;&lt;/div&gt;&lt;/div&gt;&lt;/div&gt;&lt;/div&gt;&lt;div class=&quot;sc-jTzLTM bIZuun&quot;&gt;&lt;/div&gt;&lt;/div&gt;&lt;div id=&quot;onwardCal&quot; role=&quot;button&quot; tabindex=&quot;3&quot; class=&quot;sc-fjdhpX elUAqf&quot;&gt;&lt;div class=&quot;labelCalendarContainer&quot;&gt;&lt;i class=&quot;sc-cSHVUG NyvQv icon icon-datev2&quot;&gt;&lt;/i&gt;&lt;div class=&quot;sc-kAzzGY jiFglw&quot;&gt;&lt;span class=&quot;dateText&quot;&gt;Date&lt;/span&gt;&lt;/div&gt;&lt;div class=&quot;sc-jzJRlG hrJoeL&quot;&gt;&lt;div class=&quot;DatePicker__CalendarContainer-sc-1kf43k8-0 jQCNYF&quot; style=&quot;width: 320px;&quot;&gt;&lt;div class=&quot;DatePicker__MainBlock-sc-1kf43k8-1 hHKFiR&quot;&gt;&lt;div class=&quot;DayNavigator__CalendarHeader-qj8jdz-1 fxvMrr&quot;&gt;&lt;div class=&quot;DayNavigator__IconBlock-qj8jdz-2 iZpveD&quot; style=&quot;flex-grow: 1; cursor: pointer;&quot;&gt;&lt;/div&gt;&lt;div class=&quot;DayNavigator__IconBlock-qj8jdz-2 iZpveD&quot; style=&quot;flex-grow: 2; font-size: 0.875rem;&quot;&gt;Aug 2024&lt;div class=&quot;holiday_count&quot;&gt;3 Holidays&lt;/div&gt;&lt;/div&gt;&lt;div class=&quot;DayNavigator__IconBlock-qj8jdz-2 iZpveD&quot; style=&quot;flex-grow: 1; cursor: pointer;&quot;&gt;&lt;svg height=&quot;15px&quot; id=&quot;Layer_1&quot; data-name=&quot;Layer 1&quot; xmlns=&quot;http://www.w3.org/2000/svg&quot; viewBox=&quot;0 0 100 100&quot; style=&quot;fill: rgb(35, 31, 32);&quot;&gt;&lt;title&gt;Icons_SVG__redone&lt;/title&gt;&lt;path d=&quot;M25.53,0.13A2.49,2.49,0,0,1,27.3.86L72.21,45.77a6,6,0,0,1,0,8.49l-45,45a2.5,2.5,0,1,1-3.54-3.54l45-45a1,1,0,0,0,0-1.42L23.76,4.39A2.5,2.5,0,0,1,25.53.13Z&quot;&gt;&lt;/path&gt;&lt;/svg&gt;&lt;/div&gt;&lt;/div&gt;&lt;div class=&quot;DayNameTitle__CalendarDays-xcrmj6-0 eQJEgu&quot;&gt;&lt;div class=&quot;DayNameTitle__CalendarDaysBlock-xcrmj6-1 gMsGBQ&quot;&gt;MON&lt;/div&gt;&lt;div class=&quot;DayNameTitle__CalendarDaysBlock-xcrmj6-1 gMsGBQ&quot;&gt;TUE&lt;/div&gt;&lt;div class=&quot;DayNameTitle__CalendarDaysBlock-xcrmj6-1 gMsGBQ&quot;&gt;WED&lt;/div&gt;&lt;div class=&quot;DayNameTitle__CalendarDaysBlock-xcrmj6-1 gMsGBQ&quot;&gt;THU&lt;/div&gt;&lt;div class=&quot;DayNameTitle__CalendarDaysBlock-xcrmj6-1 gMsGBQ&quot;&gt;FRI&lt;/div&gt;&lt;div class=&quot;DayNameTitle__CalendarDaysBlock-xcrmj6-1 gMsGBQ&quot;&gt;SAT&lt;/div&gt;&lt;div class=&quot;DayNameTitle__CalendarDaysBlock-xcrmj6-1 gMsGBQ&quot;&gt;SUN&lt;/div&gt;&lt;/div&gt;&lt;div&gt; &lt;div class=&quot;DayTilesWrapper__RowWrap-sc-19pz9i8-1 fGGTDM&quot;&gt;&lt;span class=&quot;DayTilesWrapper__SpanContainer-sc-19pz9i8-0 hQhlTG&quot;&gt; &lt;/span&gt; &lt;/div&gt;&lt;div class=&quot;DayTilesWrapper__RowWrap-sc-19pz9i8-1 fGGTDM&quot;&gt;&lt;span class=&quot;DayTilesWrapper__SpanContainer-sc-19pz9i8-0 hQhlTG&quot;&gt; &lt;div class=&quot;DayTiles__CalendarDaysBlock-sc-1xum02u-0 isgDNj&quot;&gt;&lt;/div&gt;&lt;div class=&quot;DayTiles__CalendarDaysBlock-sc-1xum02u-0 isgDNj&quot;&gt;&lt;/div&gt;&lt;div class=&quot;DayTiles__CalendarDaysBlock-sc-1xum02u-0 isgDNj&quot;&gt;&lt;/div&gt;&lt;div class=&quot;DayTiles__CalendarDaysBlock-sc-1xum02u-0 isgDNj&quot;&gt;&lt;span class=&quot;DayTiles__CalendarDaysSpan-sc-1xum02u-1 hVMWpe&quot;&gt;1&lt;/span&gt;&lt;div class=&quot;DayTiles__CalendarTileText-sc-1xum02u-2 fMKRZf&quot;&gt;&lt;/div&gt;&lt;/div&gt;&lt;div class=&quot;DayTiles__CalendarDaysBlock-sc-1xum02u-0 isgDNj&quot;&gt;&lt;span class=&quot;DayTiles__CalendarDaysSpan-sc-1xum02u-1 hVMWpe&quot;&gt;2&lt;/span&gt;&lt;div class=&quot;DayTiles__CalendarTileText-sc-1xum02u-2 fMKRZf&quot;&gt;&lt;/div&gt;&lt;/div&gt;&lt;div class=&quot;DayTiles__CalendarDaysBlock-sc-1xum02u-0 isgDNj&quot;&gt;&lt;span class=&quot;DayTiles__CalendarDaysSpan-sc-1xum02u-1 hVMWpe&quot;&gt;3&lt;/span&gt;&lt;div class=&quot;DayTiles__CalendarTileText-sc-1xum02u-2 fMKRZf&quot;&gt;&lt;/div&gt;&lt;/div&gt;&lt;div class=&quot;DayTiles__CalendarDaysBlock-sc-1xum02u-0 isgDNj&quot;&gt;&lt;span class=&quot;DayTiles__CalendarDaysSpan-sc-1xum02u-1 hVMWpe&quot;&gt;4&lt;/span&gt;&lt;div class=&quot;DayTiles__CalendarTileText-sc-1xum02u-2 fMKRZf&quot;&gt;&lt;/div&gt;&lt;/div&gt;&lt;/span&gt; &lt;hr class=&quot;divider&quot;&gt;&lt;/div&gt;&lt;div class=&quot;DayTilesWrapper__RowWrap-sc-19pz9i8-1 fGGTDM&quot;&gt;&lt;span class=&quot;DayTilesWrapper__SpanContainer-sc-19pz9i8-0 hQhlTG&quot;&gt; &lt;div class=&quot;DayTiles__CalendarDaysBlock-sc-1xum02u-0 isgDNj&quot;&gt;&lt;span class=&quot;DayTiles__CalendarDaysSpan-sc-1xum02u-1 hVMWpe&quot;&gt;5&lt;/span&gt;&lt;div class=&quot;DayTiles__CalendarTileText-sc-1xum02u-2 fMKRZf&quot;&gt;&lt;/div&gt;&lt;/div&gt;&lt;div class=&quot;DayTiles__CalendarDaysBlock-sc-1xum02u-0 isgDNj&quot;&gt;&lt;span class=&quot;DayTiles__CalendarDaysSpan-sc-1xum02u-1 hVMWpe&quot;&gt;6&lt;/span&gt;&lt;div class=&quot;DayTiles__CalendarTileText-sc-1xum02u-2 fMKRZf&quot;&gt;&lt;/div&gt;&lt;/div&gt;&lt;div class=&quot;DayTiles__CalendarDaysBlock-sc-1xum02u-0 isgDNj&quot;&gt;&lt;span class=&quot;DayTiles__CalendarDaysSpan-sc-1xum02u-1 hVMWpe&quot;&gt;7&lt;/span&gt;&lt;div class=&quot;DayTiles__CalendarTileText-sc-1xum02u-2 fMKRZf&quot;&gt;&lt;/div&gt;&lt;/div&gt;&lt;div class=&quot;DayTiles__CalendarDaysBlock-sc-1xum02u-0 isgDNj&quot;&gt;&lt;span class=&quot;DayTiles__CalendarDaysSpan-sc-1xum02u-1 hVMWpe&quot;&gt;8&lt;/span&gt;&lt;div class=&quot;DayTiles__CalendarTileText-sc-1xum02u-2 fMKRZf&quot;&gt;&lt;/div&gt;&lt;/div&gt;&lt;div class=&quot;DayTiles__CalendarDaysBlock-sc-1xum02u-0 isgDNj&quot;&gt;&lt;span class=&quot;DayTiles__CalendarDaysSpan-sc-1xum02u-1 hVMWpe&quot;&gt;9&lt;/span&gt;&lt;div class=&quot;DayTiles__CalendarTileText-sc-1xum02u-2 fMKRZf&quot;&gt;&lt;/div&gt;&lt;/div&gt;&lt;div class=&quot;DayTiles__CalendarDaysBlock-sc-1xum02u-0 isgDNj&quot;&gt;&lt;span class=&quot;DayTiles__CalendarDaysSpan-sc-1xum02u-1 hVMWpe&quot;&gt;10&lt;/span&gt;&lt;div class=&quot;DayTiles__CalendarTileText-sc-1xum02u-2 fMKRZf&quot;&gt;&lt;/div&gt;&lt;/div&gt;&lt;div class=&quot;DayTiles__CalendarDaysBlock-sc-1xum02u-0 isgDNj&quot;&gt;&lt;span class=&quot;DayTiles__CalendarDaysSpan-sc-1xum02u-1 hVMWpe&quot;&gt;11&lt;/span&gt;&lt;div class=&quot;DayTiles__CalendarTileText-sc-1xum02u-2 fMKRZf&quot;&gt;&lt;/div&gt;&lt;/div&gt;&lt;/span&gt; &lt;hr class=&quot;divider&quot;&gt;&lt;/div&gt;&lt;div class=&quot;DayTilesWrapper__RowWrap-sc-19pz9i8-1 fGGTDM&quot;&gt;&lt;span class=&quot;DayTilesWrapper__SpanContainer-sc-19pz9i8-0 hQhlTG&quot;&gt; &lt;div class=&quot;DayTiles__CalendarDaysBlock-sc-1xum02u-0 isgDNj&quot;&gt;&lt;span class=&quot;DayTiles__CalendarDaysSpan-sc-1xum02u-1 hVMWpe&quot;&gt;12&lt;/span&gt;&lt;div class=&quot;DayTiles__CalendarTileText-sc-1xum02u-2 fMKRZf&quot;&gt;&lt;/div&gt;&lt;/div&gt;&lt;div class=&quot;DayTiles__CalendarDaysBlock-sc-1xum02u-0 isgDNj&quot;&gt;&lt;span class=&quot;DayTiles__CalendarDaysSpan-sc-1xum02u-1 hVMWpe&quot;&gt;13&lt;/span&gt;&lt;div class=&quot;DayTiles__CalendarTileText-sc-1xum02u-2 fMKRZf&quot;&gt;&lt;/div&gt;&lt;/div&gt;&lt;div class=&quot;DayTiles__CalendarDaysBlock-sc-1xum02u-0 isgDNj&quot;&gt;&lt;span class=&quot;DayTiles__CalendarDaysSpan-sc-1xum02u-1 hVMWpe&quot;&gt;14&lt;/span&gt;&lt;div class=&quot;DayTiles__CalendarTileText-sc-1xum02u-2 fMKRZf&quot;&gt;&lt;/div&gt;&lt;/div&gt;&lt;div class=&quot;DayTiles__CalendarDaysBlock-sc-1xum02u-0 isgDNj&quot;&gt;&lt;span class=&quot;DayTiles__CalendarDaysSpan-sc-1xum02u-1 hVMWpe&quot;&gt;15&lt;/span&gt;&lt;div class=&quot;DayTiles__CalendarTileText-sc-1xum02u-2 fMKRZf&quot;&gt;&lt;/div&gt;&lt;/div&gt;&lt;div class=&quot;DayTiles__CalendarDaysBlock-sc-1xum02u-0 isgDNj&quot;&gt;&lt;span class=&quot;DayTiles__CalendarDaysSpan-sc-1xum02u-1 hVMWpe&quot;&gt;16&lt;/span&gt;&lt;div class=&quot;DayTiles__CalendarTileText-sc-1xum02u-2 fMKRZf&quot;&gt;&lt;/div&gt;&lt;/div&gt;&lt;div class=&quot;DayTiles__CalendarDaysBlock-sc-1xum02u-0 isgDNj&quot;&gt;&lt;span class=&quot;DayTiles__CalendarDaysSpan-sc-1xum02u-1 hVMWpe&quot;&gt;17&lt;/span&gt;&lt;div class=&quot;DayTiles__CalendarTileText-sc-1xum02u-2 fMKRZf&quot;&gt;&lt;/div&gt;&lt;/div&gt;&lt;div class=&quot;DayTiles__CalendarDaysBlock-sc-1xum02u-0 isgDNj&quot;&gt;&lt;span class=&quot;DayTiles__CalendarDaysSpan-sc-1xum02u-1 hVMWpe&quot;&gt;18&lt;/span&gt;&lt;div class=&quot;DayTiles__CalendarTileText-sc-1xum02u-2 fMKRZf&quot;&gt;&lt;/div&gt;&lt;/div&gt;&lt;/span&gt; &lt;hr class=&quot;divider&quot;&gt;&lt;/div&gt;&lt;div class=&quot;DayTilesWrapper__RowWrap-sc-19pz9i8-1 fGGTDM&quot;&gt;&lt;span class=&quot;DayTilesWrapper__SpanContainer-sc-19pz9i8-0 hQhlTG&quot;&gt; &lt;div class=&quot;DayTiles__CalendarDaysBlock-sc-1xum02u-0 isgDNj&quot;&gt;&lt;span class=&quot;DayTiles__CalendarDaysSpan-sc-1xum02u-1 fgdqFw&quot;&gt;19&lt;/span&gt;&lt;div class=&quot;DayTiles__CalendarTileText-sc-1xum02u-2 fMKRZf&quot;&gt;&lt;/div&gt;&lt;/div&gt;&lt;div class=&quot;DayTiles__CalendarDaysBlock-sc-1xum02u-0 isgDNj&quot;&gt;&lt;span class=&quot;DayTiles__CalendarDaysSpan-sc-1xum02u-1 dkWAbH&quot;&gt;20&lt;/span&gt;&lt;div class=&quot;DayTiles__CalendarTileText-sc-1xum02u-2 fMKRZf&quot;&gt;&lt;/div&gt;&lt;/div&gt;&lt;div class=&quot;DayTiles__CalendarDaysBlock-sc-1xum02u-0 isgDNj&quot;&gt;&lt;span class=&quot;DayTiles__CalendarDaysSpan-sc-1xum02u-1 dkWAbH&quot;&gt;21&lt;/span&gt;&lt;div class=&quot;DayTiles__CalendarTileText-sc-1xum02u-2 fMKRZf&quot;&gt;&lt;/div&gt;&lt;/div&gt;&lt;div class=&quot;DayTiles__CalendarDaysBlock-sc-1xum02u-0 isgDNj&quot;&gt;&lt;span class=&quot;DayTiles__CalendarDaysSpan-sc-1xum02u-1 dkWAbH&quot;&gt;22&lt;/span&gt;&lt;div class=&quot;DayTiles__CalendarTileText-sc-1xum02u-2 fMKRZf&quot;&gt;&lt;/div&gt;&lt;/div&gt;&lt;div class=&quot;DayTiles__CalendarDaysBlock-sc-1xum02u-0 isgDNj&quot;&gt;&lt;span class=&quot;DayTiles__CalendarDaysSpan-sc-1xum02u-1 dkWAbH&quot;&gt;23&lt;/span&gt;&lt;div class=&quot;DayTiles__CalendarTileText-sc-1xum02u-2 fMKRZf&quot;&gt;&lt;/div&gt;&lt;/div&gt;&lt;div class=&quot;DayTiles__CalendarDaysBlock-sc-1xum02u-0 isgDNj&quot;&gt;&lt;span class=&quot;DayTiles__CalendarDaysSpan-sc-1xum02u-1 bwoYtA&quot;&gt;24&lt;/span&gt;&lt;div class=&quot;DayTiles__CalendarTileText-sc-1xum02u-2 fMKRZf&quot;&gt;&lt;/div&gt;&lt;/div&gt;&lt;div class=&quot;DayTiles__CalendarDaysBlock-sc-1xum02u-0 isgDNj&quot;&gt;&lt;span class=&quot;DayTiles__CalendarDaysSpan-sc-1xum02u-1 bwoYtA&quot;&gt;25&lt;/span&gt;&lt;div class=&quot;DayTiles__CalendarTileText-sc-1xum02u-2 fMKRZf&quot;&gt;&lt;/div&gt;&lt;/div&gt;&lt;/span&gt; &lt;hr class=&quot;divider&quot;&gt;&lt;/div&gt;&lt;div class=&quot;DayTilesWrapper__RowWrap-sc-19pz9i8-1 fGGTDM&quot;&gt;&lt;span class=&quot;DayTilesWrapper__SpanContainer-sc-19pz9i8-0 hQhlTG&quot;&gt; &lt;div class=&quot;DayTiles__CalendarDaysBlock-sc-1xum02u-0 isgDNj&quot;&gt;&lt;span class=&quot;DayTiles__CalendarDaysSpan-sc-1xum02u-1 dkWAbH&quot;&gt;26&lt;/span&gt;&lt;div class=&quot;DayTiles__CalendarTileText-sc-1xum02u-2 fMKRZf&quot;&gt;&lt;/div&gt;&lt;/div&gt;&lt;div class=&quot;DayTiles__CalendarDaysBlock-sc-1xum02u-0 isgDNj&quot;&gt;&lt;span class=&quot;DayTiles__CalendarDaysSpan-sc-1xum02u-1 dkWAbH&quot;&gt;27&lt;/span&gt;&lt;div class=&quot;DayTiles__CalendarTileText-sc-1xum02u-2 fMKRZf&quot;&gt;&lt;/div&gt;&lt;/div&gt;&lt;div class=&quot;DayTiles__CalendarDaysBlock-sc-1xum02u-0 isgDNj&quot;&gt;&lt;span class=&quot;DayTiles__CalendarDaysSpan-sc-1xum02u-1 dkWAbH&quot;&gt;28&lt;/span&gt;&lt;div class=&quot;DayTiles__CalendarTileText-sc-1xum02u-2 fMKRZf&quot;&gt;&lt;/div&gt;&lt;/div&gt;&lt;div class=&quot;DayTiles__CalendarDaysBlock-sc-1xum02u-0 isgDNj&quot;&gt;&lt;span class=&quot;DayTiles__CalendarDaysSpan-sc-1xum02u-1 dkWAbH&quot;&gt;29&lt;/span&gt;&lt;div class=&quot;DayTiles__CalendarTileText-sc-1xum02u-2 fMKRZf&quot;&gt;&lt;/div&gt;&lt;/div&gt;&lt;div class=&quot;DayTiles__CalendarDaysBlock-sc-1xum02u-0 isgDNj&quot;&gt;&lt;span class=&quot;DayTiles__CalendarDaysSpan-sc-1xum02u-1 dkWAbH&quot;&gt;30&lt;/span&gt;&lt;div class=&quot;DayTiles__CalendarTileText-sc-1xum02u-2 fMKRZf&quot;&gt;&lt;/div&gt;&lt;/div&gt;&lt;div class=&quot;DayTiles__CalendarDaysBlock-sc-1xum02u-0 isgDNj&quot;&gt;&lt;span class=&quot;DayTiles__CalendarDaysSpan-sc-1xum02u-1 bwoYtA&quot;&gt;31&lt;/span&gt;&lt;div class=&quot;DayTiles__CalendarTileText-sc-1xum02u-2 fMKRZf&quot;&gt;&lt;/div&gt;&lt;/div&gt;&lt;div class=&quot;DayTiles__CalendarDaysBlock-sc-1xum02u-0 isgDNj&quot;&gt;&lt;span class=&quot;DayTiles__CalendarDaysSpan-sc-1xum02u-1 gigHYE&quot;&gt;1&lt;/span&gt;&lt;div class=&quot;DayTiles__CalendarTileText-sc-1xum02u-2 fMKRZf&quot;&gt;&lt;/div&gt;&lt;/div&gt;&lt;/span&gt; &lt;/div&gt; &lt;/div&gt;&lt;/div&gt;&lt;/div&gt;&lt;/div&gt;&lt;/div&gt;&lt;/div&gt;&lt;button id=&quot;search_button&quot; tabindex=&quot;5&quot; class=&quot;sc-cvbbAY gDXYez&quot;&gt;SEARCH BUSES&lt;/button&gt;&lt;/div&gt;&lt;/div&gt;&lt;/div&gt;&lt;/div&gt;&lt;div class=&quot;sc-bRBYWo inExtF  &quot;&gt;&lt;div class=&quot;offerWrapper&quot;&gt;&lt;div class=&quot;sc-jhAzac fQfTIb&quot;&gt;&lt;div class=&quot;OfferSection__OfferHeadSection-sc-16xojcc-2 bBoDuC&quot;&gt;&lt;h2 class=&quot;OfferSection__OfferHeadText-sc-16xojcc-0 gHimHf&quot;&gt;TRENDING OFFERS&lt;/h2&gt;&lt;a href=&quot;https://www.redbus.in/info/OfferTerms&quot; target=&quot;_blank&quot; class=&quot;OfferSection__ViewAllText-sc-16xojcc-1 eVcjqm&quot;&gt;View All&lt;/a&gt;&lt;/div&gt;&lt;div class=&quot;WebCarousel__CarouselWrapper-kdne4n-0 fChEBQ&quot;&gt;&lt;div id=&quot;offerCarousel&quot; class=&quot;WebCarousel__CarouselContainer-kdne4n-1 EPDIF&quot;&gt;&lt;div class=&quot;OfferCard__OfferCardContainer-sc-1f27jzb-0 iEQPzt&quot;&gt;&lt;div class=&quot;OfferCard__OfferCardLeftSection-sc-1f27jzb-1 dVciJq&quot;&gt;&lt;picture class=&quot;&quot;&gt;&lt;source type=&quot;image/webp&quot;&gt;&lt;img class=&quot;offer-img&quot; loading=&quot;lazy&quot; src=&quot;https://st.redbus.in/images/FIRST/first_26th_sep_2022_ravi/tile-80X80.png&quot; alt=&quot;image&quot; title=&quot;image&quot; data-retry=&quot;0&quot;&gt;&lt;/picture&gt;&lt;div class=&quot;OfferCard__ConditionApplyText-sc-1f27jzb-3 WAbSq&quot;&gt;&lt;/div&gt;&lt;/div&gt;&lt;div class=&quot;OfferCard__OfferCardRightSection-sc-1f27jzb-4 jbPWCT&quot;&gt;&lt;div class=&quot;OfferCard__BusinessUnitText-sc-1f27jzb-5 gJgZBc&quot;&gt;BUS&lt;/div&gt;&lt;div class=&quot;OfferCard__OfferTitle-sc-1f27jzb-6 vOLKx&quot;&gt;Save up to Rs 250 on bus tickets&lt;/div&gt;&lt;div class=&quot;OfferCard__Validitytext-sc-1f27jzb-8 ggQByw&quot;&gt;Valid till  31 Aug&lt;/div&gt;&lt;div class=&quot;OfferCard__OfferCodeSection-sc-1f27jzb-10 jJltku&quot;&gt;&lt;div class=&quot;OfferCard__OfferCode-sc-1f27jzb-11 iWrqRd&quot;&gt;FIRST&lt;/div&gt;&lt;img src=&quot;https://s2.rdbuz.com/web/images/homeV2/copy.svg&quot; alt=&quot;copy&quot; class=&quot;OfferCard__OfferCopyIcon-sc-1f27jzb-12 kcXuio&quot;&gt;&lt;/div&gt;&lt;/div&gt;&lt;/div&gt;&lt;div class=&quot;OfferCard__OfferCardContainer-sc-1f27jzb-0 hyEWJv&quot;&gt;&lt;div class=&quot;OfferCard__OfferCardLeftSection-sc-1f27jzb-1 dVciJq&quot;&gt;&lt;picture class=&quot;&quot;&gt;&lt;source type=&quot;image/webp&quot;&gt;&lt;img class=&quot;offer-img&quot; loading=&quot;lazy&quot; src=&quot;https://st.redbus.in/Images/INDOFFER/80x80/SUPERHIT.png&quot; alt=&quot;image&quot; title=&quot;image&quot; data-retry=&quot;0&quot;&gt;&lt;/picture&gt;&lt;div class=&quot;OfferCard__ConditionApplyText-sc-1f27jzb-3 WAbSq&quot;&gt;&lt;/div&gt;&lt;/div&gt;&lt;div class=&quot;OfferCard__OfferCardRightSection-sc-1f27jzb-4 jbPWCT&quot;&gt;&lt;div class=&quot;OfferCard__BusinessUnitText-sc-1f27jzb-5 gJgZBc&quot;&gt;BUS&lt;/div&gt;&lt;div class=&quot;OfferCard__OfferTitle-sc-1f27jzb-6 vOLKx&quot;&gt;Save up to Rs 300 on AP, TS routes&lt;/div&gt;&lt;div class=&quot;OfferCard__Validitytext-sc-1f27jzb-8 ggQByw&quot;&gt;Valid till  31 Aug&lt;/div&gt;&lt;div class=&quot;OfferCard__OfferCodeSection-sc-1f27jzb-10 jJltku&quot;&gt;&lt;div class=&quot;OfferCard__OfferCode-sc-1f27jzb-11 iWrqRd&quot;&gt;SUPERHIT&lt;/div&gt;&lt;img src=&quot;https://s2.rdbuz.com/web/images/homeV2/copy.svg&quot; alt=&quot;copy&quot; class=&quot;OfferCard__OfferCopyIcon-sc-1f27jzb-12 kcXuio&quot;&gt;&lt;/div&gt;&lt;/div&gt;&lt;/div&gt;&lt;div class=&quot;OfferCard__OfferCardContainer-sc-1f27jzb-0 bVQpiQ&quot;&gt;&lt;div class=&quot;OfferCard__OfferCardLeftSection-sc-1f27jzb-1 dVciJq&quot;&gt;&lt;picture class=&quot;&quot;&gt;&lt;source type=&quot;image/webp&quot;&gt;&lt;img class=&quot;offer-img&quot; loading=&quot;lazy&quot; src=&quot;https://st.redbus.in/Images/INDOFFER/ICICI500/MWeb-80_80%20ICICI.png&quot; alt=&quot;image&quot; title=&quot;image&quot; data-retry=&quot;0&quot;&gt;&lt;/picture&gt;&lt;div class=&quot;OfferCard__ConditionApplyText-sc-1f27jzb-3 WAbSq&quot;&gt;&lt;/div&gt;&lt;/div&gt;&lt;div class=&quot;OfferCard__OfferCardRightSection-sc-1f27jzb-4 jbPWCT&quot;&gt;&lt;div class=&quot;OfferCard__BusinessUnitText-sc-1f27jzb-5 gJgZBc&quot;&gt;BUS&lt;/div&gt;&lt;div class=&quot;OfferCard__OfferTitle-sc-1f27jzb-6 vOLKx&quot;&gt;Save upto Rs 500 with ICICI Netbanking&lt;/div&gt;&lt;div class=&quot;OfferCard__Validitytext-sc-1f27jzb-8 ggQByw&quot;&gt;Valid till  23 Aug&lt;/div&gt;&lt;div class=&quot;OfferCard__OfferCodeSection-sc-1f27jzb-10 jJltku&quot;&gt;&lt;div class=&quot;OfferCard__OfferCode-sc-1f27jzb-11 iWrqRd&quot;&gt;ICICI500&lt;/div&gt;&lt;img src=&quot;https://s2.rdbuz.com/web/images/homeV2/copy.svg&quot; alt=&quot;copy&quot; class=&quot;OfferCard__OfferCopyIcon-sc-1f27jzb-12 kcXuio&quot;&gt;&lt;/div&gt;&lt;/div&gt;&lt;/div&gt;&lt;div class=&quot;OfferCard__OfferCardContainer-sc-1f27jzb-0 fFJxMU&quot;&gt;&lt;div class=&quot;OfferCard__OfferCardLeftSection-sc-1f27jzb-1 dVciJq&quot;&gt;&lt;picture class=&quot;&quot;&gt;&lt;source type=&quot;image/webp&quot;&gt;&lt;img class=&quot;offer-img&quot; loading=&quot;lazy&quot; src=&quot;https://st.redbus.in/Images/INDOFFER/CHARTERED15/80x80.png&quot; alt=&quot;image&quot; title=&quot;image&quot; data-retry=&quot;0&quot;&gt;&lt;/picture&gt;&lt;div class=&quot;OfferCard__ConditionApplyText-sc-1f27jzb-3 WAbSq&quot;&gt;&lt;/div&gt;&lt;/div&gt;&lt;div class=&quot;OfferCard__OfferCardRightSection-sc-1f27jzb-4 jbPWCT&quot;&gt;&lt;div class=&quot;OfferCard__BusinessUnitText-sc-1f27jzb-5 gJgZBc&quot;&gt;BUS&lt;/div&gt;&lt;div class=&quot;OfferCard__OfferTitle-sc-1f27jzb-6 vOLKx&quot;&gt;Save up to Rs 300 on Chartered Bus&lt;/div&gt;&lt;div class=&quot;OfferCard__Validitytext-sc-1f27jzb-8 ggQByw&quot;&gt;Valid till  31 Aug&lt;/div&gt;&lt;div class=&quot;OfferCard__OfferCodeSection-sc-1f27jzb-10 jJltku&quot;&gt;&lt;div class=&quot;OfferCard__OfferCode-sc-1f27jzb-11 iWrqRd&quot;&gt;CHARTERED15&lt;/div&gt;&lt;img src=&quot;https://s2.rdbuz.com/web/images/homeV2/copy.svg&quot; alt=&quot;copy&quot; class=&quot;OfferCard__OfferCopyIcon-sc-1f27jzb-12 kcXuio&quot;&gt;&lt;/div&gt;&lt;/div&gt;&lt;/div&gt;&lt;div class=&quot;OfferCard__OfferCardContainer-sc-1f27jzb-0 cWNkhC&quot;&gt;&lt;div class=&quot;OfferCard__OfferCardLeftSection-sc-1f27jzb-1 dVciJq&quot;&gt;&lt;picture class=&quot;&quot;&gt;&lt;source type=&quot;image/webp&quot;&gt;&lt;img class=&quot;offer-img&quot; loading=&quot;lazy&quot; src=&quot;https://st.redbus.in/Images/INDOFFER/80x80/SBSTC.png&quot; alt=&quot;image&quot; title=&quot;image&quot; data-retry=&quot;0&quot;&gt;&lt;/picture&gt;&lt;div class=&quot;OfferCard__ConditionApplyText-sc-1f27jzb-3 WAbSq&quot;&gt;&lt;/div&gt;&lt;/div&gt;&lt;div class=&quot;OfferCard__OfferCardRightSection-sc-1f27jzb-4 jbPWCT&quot;&gt;&lt;div class=&quot;OfferCard__BusinessUnitText-sc-1f27jzb-5 gJgZBc&quot;&gt;BUS&lt;/div&gt;&lt;div class=&quot;OfferCard__OfferTitle-sc-1f27jzb-6 vOLKx&quot;&gt;Save 25% up to Rs 100 on SBSTC bus tickets.&lt;/div&gt;&lt;div class=&quot;OfferCard__Validitytext-sc-1f27jzb-8 ggQByw&quot;&gt;Valid till  31 Aug&lt;/div&gt;&lt;div class=&quot;OfferCard__OfferCodeSection-sc-1f27jzb-10 jJltku&quot;&gt;&lt;div class=&quot;OfferCard__OfferCode-sc-1f27jzb-11 iWrqRd&quot;&gt;SBNEW&lt;/div&gt;&lt;img src=&quot;https://s2.rdbuz.com/web/images/homeV2/copy.svg&quot; alt=&quot;copy&quot; class=&quot;OfferCard__OfferCopyIcon-sc-1f27jzb-12 kcXuio&quot;&gt;&lt;/div&gt;&lt;/div&gt;&lt;/div&gt;&lt;div class=&quot;OfferCard__OfferCardContainer-sc-1f27jzb-0 irTdyn&quot;&gt;&lt;div class=&quot;OfferCard__OfferCardLeftSection-sc-1f27jzb-1 dVciJq&quot;&gt;&lt;picture class=&quot;&quot;&gt;&lt;source type=&quot;image/webp&quot;&gt;&lt;img class=&quot;offer-img&quot; loading=&quot;lazy&quot; src=&quot;https://st.redbus.in/Images/INDOFFER/80x80/Intrcity.png&quot; alt=&quot;image&quot; title=&quot;image&quot; data-retry=&quot;0&quot;&gt;&lt;/picture&gt;&lt;div class=&quot;OfferCard__ConditionApplyText-sc-1f27jzb-3 WAbSq&quot;&gt;&lt;/div&gt;&lt;/div&gt;&lt;div class=&quot;OfferCard__OfferCardRightSection-sc-1f27jzb-4 jbPWCT&quot;&gt;&lt;div class=&quot;OfferCard__BusinessUnitText-sc-1f27jzb-5 gJgZBc&quot;&gt;BUS&lt;/div&gt;&lt;div class=&quot;OfferCard__OfferTitle-sc-1f27jzb-6 vOLKx&quot;&gt;Save up to Rs. 150 on IntrCity SmartBus operator&lt;/div&gt;&lt;div class=&quot;OfferCard__Validitytext-sc-1f27jzb-8 ggQByw&quot;&gt;Valid till  31 Aug&lt;/div&gt;&lt;div class=&quot;OfferCard__OfferCodeSection-sc-1f27jzb-10 jJltku&quot;&gt;&lt;div class=&quot;OfferCard__OfferCode-sc-1f27jzb-11 iWrqRd&quot;&gt;SMARTBUS150&lt;/div&gt;&lt;img src=&quot;https://s2.rdbuz.com/web/images/homeV2/copy.svg&quot; alt=&quot;copy&quot; class=&quot;OfferCard__OfferCopyIcon-sc-1f27jzb-12 kcXuio&quot;&gt;&lt;/div&gt;&lt;/div&gt;&lt;/div&gt;&lt;/div&gt;&lt;/div&gt;&lt;/div&gt;&lt;/div&gt;&lt;/div&gt;&lt;div class=&quot;rtcSection&quot;&gt;&lt;div class=&quot;rtcHeadViewAll&quot;&gt;&lt;div class=&quot;loaderHeading&quot;&gt;Government Buses&lt;/div&gt;&lt;div&gt; &lt;a href=&quot;https://www.redbus.in/online-booking/rtc-directory&quot; target=&quot;_blank&quot; class=&quot;OfferSection__ViewAllText-sc-16xojcc-1 eVcjqm&quot;&gt;View All&lt;/a&gt;&lt;/div&gt;&lt;/div&gt;&lt;div class=&quot;sc-kjoXOD dtFSOe&quot;&gt;&lt;div id=&quot;Carousel&quot; class=&quot;sc-cHGsZl kbQVef&quot;&gt;&lt;div class=&quot;rtcBack&quot;&gt;&lt;div class=&quot;rtcCards&quot;&gt;&lt;div class=&quot;rtcInfoMain&quot;&gt;&lt;div&gt;&lt;img src=&quot;https://s3.rdbuz.com/web/images/homeV2/16374.png&quot; class=&quot;rtcLogo&quot; alt=&quot;rtcLogo&quot; data-retry=&quot;0&quot; loading=&quot;lazy&quot;&gt;&lt;/div&gt;&lt;div class=&quot;rtcInfo&quot;&gt;&lt;div class=&quot;rtcNameMain&quot;&gt;&lt;div class=&quot;rtcName&quot;&gt;SBSTC&lt;/div&gt;&lt;div class=&quot;rating-sec lh-24&quot;&gt;&lt;div class=&quot;lh-18 rating rtcRating &quot;&gt;&lt;i class=&quot;icon icon-ic-star d-block&quot;&gt;&lt;/i&gt;&lt;span class=&quot;&quot;&gt;3.95&lt;/span&gt;&lt;/div&gt;&lt;/div&gt;&lt;/div&gt;&lt;div class=&quot;sc-cJSrbW cKjpNY&quot;&gt;দক্ষিণবঙ্গ রাষ্ট্রীয় পরিবহণ সংস্থা&lt;/div&gt;&lt;/div&gt;&lt;/div&gt;&lt;div class=&quot;serviceCnt&quot;&gt;&lt;div class=&quot;sc-kvZOFW ekNeom&quot;&gt;480 services including Volvo Bus, AC &amp;amp; Non AC Bus and more&lt;/div&gt;&lt;/div&gt;&lt;div class=&quot;rtcTrustMaker&quot;&gt;&lt;picture class=&quot;&quot;&gt;&lt;source srcset=&quot;https://s3.rdbuz.com/Images/rdc/rdc-redbus-logo.webp&quot; type=&quot;image/webp&quot;&gt;&lt;img class=&quot;rdcRBlogo&quot; src=&quot;https://s3.rdbuz.com/Images/rdc/rdc-redbus-logo.svg&quot; alt=&quot;redBus&quot; title=&quot;image&quot; data-retry=&quot;0&quot;&gt;&lt;/picture&gt;Official booking partner of SBSTC&lt;/div&gt;&lt;/div&gt;&lt;div class=&quot;footer&quot;&gt;&lt;div class=&quot;rtcOfferCarousel&quot;&gt;&lt;div class=&quot;inner&quot;&gt;&lt;div class=&quot;carousel-item&quot; style=&quot;width: 100%;&quot;&gt;&lt;div class=&quot;offerText&quot;&gt; &lt;div class=&quot;sc-kgAjT FqZPa&quot;&gt;Use code FIRST to save upto  ₹250 (only for first time users)&lt;/div&gt;&lt;/div&gt;&lt;/div&gt;&lt;div class=&quot;carousel-item&quot; style=&quot;width: 100%;&quot;&gt;&lt;div class=&quot;offerText&quot;&gt; &lt;div class=&quot;sc-kgAjT FqZPa&quot;&gt;24*7 customer service (Call or chat)&lt;/div&gt;&lt;/div&gt;&lt;/div&gt;&lt;div class=&quot;carousel-item&quot; style=&quot;width: 100%;&quot;&gt;&lt;div class=&quot;offerText&quot;&gt; &lt;div class=&quot;sc-kgAjT FqZPa&quot;&gt;Get instant refund with UPI payments&lt;/div&gt;&lt;/div&gt;&lt;/div&gt;&lt;div class=&quot;carousel-item&quot; style=&quot;width: 100%;&quot;&gt;&lt;div class=&quot;offerText&quot;&gt; &lt;div class=&quot;sc-kgAjT FqZPa&quot;&gt;redBus is the most trusted place to book SBSTC tickets online&lt;/div&gt;&lt;/div&gt;&lt;/div&gt;&lt;/div&gt;&lt;/div&gt;&lt;/div&gt;&lt;/div&gt;&lt;div class=&quot;rtcBack&quot;&gt;&lt;div class=&quot;rtcCards&quot;&gt;&lt;div class=&quot;rtcInfoMain&quot;&gt;&lt;div&gt;&lt;img src=&quot;https://s3.rdbuz.com/web/images/homeV2/16426.png&quot; class=&quot;rtcLogo&quot; alt=&quot;rtcLogo&quot; data-retry=&quot;0&quot; loading=&quot;lazy&quot;&gt;&lt;/div&gt;&lt;div class=&quot;rtcInfo&quot;&gt;&lt;div class=&quot;rtcNameMain&quot;&gt;&lt;div class=&quot;rtcName&quot;&gt;WBTC&lt;/div&gt;&lt;div class=&quot;rating-sec lh-24&quot;&gt;&lt;div class=&quot;lh-18 rating rtcRating &quot;&gt;&lt;i class=&quot;icon icon-ic-star d-block&quot;&gt;&lt;/i&gt;&lt;span class=&quot;&quot;&gt;3.96&lt;/span&gt;&lt;/div&gt;&lt;/div&gt;&lt;/div&gt;&lt;div class=&quot;sc-cJSrbW cKjpNY&quot;&gt;পশ্চিমবঙ্গ রাষ্ট্রীয় পরিবহণ নিগম&lt;/div&gt;&lt;/div&gt;&lt;/div&gt;&lt;div class=&quot;serviceCnt&quot;&gt;&lt;div class=&quot;sc-kvZOFW ekNeom&quot;&gt;120 services including Volvo Bus, AC &amp;amp; Non AC Bus and more&lt;/div&gt;&lt;/div&gt;&lt;div class=&quot;rtcTrustMaker&quot;&gt;&lt;picture class=&quot;&quot;&gt;&lt;source srcset=&quot;https://s3.rdbuz.com/Images/rdc/rdc-redbus-logo.webp&quot; type=&quot;image/webp&quot;&gt;&lt;img class=&quot;rdcRBlogo&quot; src=&quot;https://s3.rdbuz.com/Images/rdc/rdc-redbus-logo.svg&quot; alt=&quot;redBus&quot; title=&quot;image&quot; data-retry=&quot;0&quot;&gt;&lt;/picture&gt;Official booking partner of WBTC&lt;/div&gt;&lt;/div&gt;&lt;div class=&quot;footer&quot;&gt;&lt;div class=&quot;rtcOfferCarousel&quot;&gt;&lt;div class=&quot;inner&quot;&gt;&lt;div class=&quot;carousel-item&quot; style=&quot;width: 100%;&quot;&gt;&lt;div class=&quot;offerText&quot;&gt; &lt;div class=&quot;sc-kgAjT FqZPa&quot;&gt;Use code FIRST to save upto  ₹250 (only for first time users)&lt;/div&gt;&lt;/div&gt;&lt;/div&gt;&lt;div class=&quot;carousel-item&quot; style=&quot;width: 100%;&quot;&gt;&lt;div class=&quot;offerText&quot;&gt; &lt;div class=&quot;sc-kgAjT FqZPa&quot;&gt;24*7 customer service (Call or chat)&lt;/div&gt;&lt;/div&gt;&lt;/div&gt;&lt;div class=&quot;carousel-item&quot; style=&quot;width: 100%;&quot;&gt;&lt;div class=&quot;offerText&quot;&gt; &lt;div class=&quot;sc-kgAjT FqZPa&quot;&gt;Get instant refund with UPI payments&lt;/div&gt;&lt;/div&gt;&lt;/div&gt;&lt;div class=&quot;carousel-item&quot; style=&quot;width: 100%;&quot;&gt;&lt;div class=&quot;offerText&quot;&gt; &lt;div class=&quot;sc-kgAjT FqZPa&quot;&gt;redBus is the most trusted place to book WBTC tickets online&lt;/div&gt;&lt;/div&gt;&lt;/div&gt;&lt;/div&gt;&lt;/div&gt;&lt;/div&gt;&lt;/div&gt;&lt;div class=&quot;rtcBack&quot;&gt;&lt;div class=&quot;rtcCards&quot;&gt;&lt;div class=&quot;rtcInfoMain&quot;&gt;&lt;div&gt;&lt;img src=&quot;https://s3.rdbuz.com/web/images/homeV2/24978.png&quot; class=&quot;rtcLogo&quot; alt=&quot;rtcLogo&quot; data-retry=&quot;0&quot; loading=&quot;lazy&quot;&gt;&lt;/div&gt;&lt;div class=&quot;rtcInfo&quot;&gt;&lt;div class=&quot;rtcNameMain&quot;&gt;&lt;div class=&quot;rtcName&quot;&gt;NBSTC&lt;/div&gt;&lt;div class=&quot;rating-sec lh-24&quot;&gt;&lt;div class=&quot;lh-18 rating rtcRating &quot;&gt;&lt;i class=&quot;icon icon-ic-star d-block&quot;&gt;&lt;/i&gt;&lt;span class=&quot;&quot;&gt;3.93&lt;/span&gt;&lt;/div&gt;&lt;/div&gt;&lt;/div&gt;&lt;div class=&quot;sc-cJSrbW cKjpNY&quot;&gt;উত্তরবঙ্গ রাজ্য পরিবহন কর্পোরেশন&lt;/div&gt;&lt;/div&gt;&lt;/div&gt;&lt;div class=&quot;serviceCnt&quot;&gt;&lt;div class=&quot;sc-kvZOFW ekNeom&quot;&gt;30 services including Volvo Bus, AC &amp;amp; Non AC Bus and more&lt;/div&gt;&lt;/div&gt;&lt;div class=&quot;rtcTrustMaker&quot;&gt;&lt;picture class=&quot;&quot;&gt;&lt;source srcset=&quot;https://s3.rdbuz.com/Images/rdc/rdc-redbus-logo.webp&quot; type=&quot;image/webp&quot;&gt;&lt;img class=&quot;rdcRBlogo&quot; src=&quot;https://s3.rdbuz.com/Images/rdc/rdc-redbus-logo.svg&quot; alt=&quot;redBus&quot; title=&quot;image&quot; data-retry=&quot;0&quot;&gt;&lt;/picture&gt;Official booking partner of NBSTC&lt;/div&gt;&lt;/div&gt;&lt;div class=&quot;footer&quot;&gt;&lt;div class=&quot;rtcOfferCarousel&quot;&gt;&lt;div class=&quot;inner&quot;&gt;&lt;div class=&quot;carousel-item&quot; style=&quot;width: 100%;&quot;&gt;&lt;div class=&quot;offerText&quot;&gt; &lt;div class=&quot;sc-kgAjT FqZPa&quot;&gt;Use code FIRST to save upto  ₹250 (only for first time users)&lt;/div&gt;&lt;/div&gt;&lt;/div&gt;&lt;div class=&quot;carousel-item&quot; style=&quot;width: 100%;&quot;&gt;&lt;div class=&quot;offerText&quot;&gt; &lt;div class=&quot;sc-kgAjT FqZPa&quot;&gt;24*7 customer service (Call or chat)&lt;/div&gt;&lt;/div&gt;&lt;/div&gt;&lt;div class=&quot;carousel-item&quot; style=&quot;width: 100%;&quot;&gt;&lt;div class=&quot;offerText&quot;&gt; &lt;div class=&quot;sc-kgAjT FqZPa&quot;&gt;Get instant refund with UPI payments&lt;/div&gt;&lt;/div&gt;&lt;/div&gt;&lt;div class=&quot;carousel-item&quot; style=&quot;width: 100%;&quot;&gt;&lt;div class=&quot;offerText&quot;&gt; &lt;div class=&quot;sc-kgAjT FqZPa&quot;&gt;redBus is the most trusted place to book NBSTC tickets online&lt;/div&gt;&lt;/div&gt;&lt;/div&gt;&lt;/div&gt;&lt;/div&gt;&lt;/div&gt;&lt;/div&gt;&lt;div class=&quot;rtcBack&quot;&gt;&lt;div class=&quot;rtcCards&quot;&gt;&lt;div class=&quot;rtcInfoMain&quot;&gt;&lt;div&gt;&lt;img src=&quot;https://s3.rdbuz.com/web/images/homeV2/15443.png&quot; class=&quot;rtcLogo&quot; alt=&quot;rtcLogo&quot; data-retry=&quot;0&quot; loading=&quot;lazy&quot;&gt;&lt;/div&gt;&lt;div class=&quot;rtcInfo&quot;&gt;&lt;div class=&quot;rtcNameMain&quot;&gt;&lt;div class=&quot;rtcName&quot;&gt;WBSTC&lt;/div&gt;&lt;div class=&quot;rating-sec lh-24&quot;&gt;&lt;div class=&quot;lh-18 rating rtcRating &quot;&gt;&lt;i class=&quot;icon icon-ic-star d-block&quot;&gt;&lt;/i&gt;&lt;span class=&quot;&quot;&gt;3.98&lt;/span&gt;&lt;/div&gt;&lt;/div&gt;&lt;/div&gt;&lt;div class=&quot;sc-cJSrbW cKjpNY&quot;&gt;পশ্চিমবঙ্গ রাষ্ট্রীয় পরিবহণ নিগম&lt;/div&gt;&lt;/div&gt;&lt;/div&gt;&lt;div class=&quot;serviceCnt&quot;&gt;&lt;div class=&quot;sc-kvZOFW ekNeom&quot;&gt;20 services including Volvo Bus, AC &amp;amp; Non AC Bus and more&lt;/div&gt;&lt;/div&gt;&lt;div class=&quot;rtcTrustMaker&quot;&gt;&lt;picture class=&quot;&quot;&gt;&lt;source srcset=&quot;https://s3.rdbuz.com/Images/rdc/rdc-redbus-logo.webp&quot; type=&quot;image/webp&quot;&gt;&lt;img class=&quot;rdcRBlogo&quot; src=&quot;https://s3.rdbuz.com/Images/rdc/rdc-redbus-logo.svg&quot; alt=&quot;redBus&quot; title=&quot;image&quot; data-retry=&quot;0&quot;&gt;&lt;/picture&gt;Official booking partner of WBSTC&lt;/div&gt;&lt;/div&gt;&lt;div class=&quot;footer&quot;&gt;&lt;div class=&quot;rtcOfferCarousel&quot;&gt;&lt;div class=&quot;inner&quot;&gt;&lt;div class=&quot;carousel-item&quot; style=&quot;width: 100%;&quot;&gt;&lt;div class=&quot;offerText&quot;&gt; &lt;div class=&quot;sc-kgAjT FqZPa&quot;&gt;Use code FIRST to save upto  ₹250 (only for first time users)&lt;/div&gt;&lt;/div&gt;&lt;/div&gt;&lt;div class=&quot;carousel-item&quot; style=&quot;width: 100%;&quot;&gt;&lt;div class=&quot;offerText&quot;&gt; &lt;div class=&quot;sc-kgAjT FqZPa&quot;&gt;24*7 customer service (Call or chat)&lt;/div&gt;&lt;/div&gt;&lt;/div&gt;&lt;div class=&quot;carousel-item&quot; style=&quot;width: 100%;&quot;&gt;&lt;div class=&quot;offerText&quot;&gt; &lt;div class=&quot;sc-kgAjT FqZPa&quot;&gt;Get instant refund with UPI payments&lt;/div&gt;&lt;/div&gt;&lt;/div&gt;&lt;div class=&quot;carousel-item&quot; style=&quot;width: 100%;&quot;&gt;&lt;div class=&quot;offerText&quot;&gt; &lt;div class=&quot;sc-kgAjT FqZPa&quot;&gt;redBus is the most trusted place to book WBSTC tickets online&lt;/div&gt;&lt;/div&gt;&lt;/div&gt;&lt;/div&gt;&lt;/div&gt;&lt;/div&gt;&lt;/div&gt;&lt;div class=&quot;rtcBack&quot;&gt;&lt;div class=&quot;rtcCards&quot;&gt;&lt;div class=&quot;rtcInfoMain&quot;&gt;&lt;div&gt;&lt;img src=&quot;https://s3.rdbuz.com/web/images/homeV2/16081.png&quot; class=&quot;rtcLogo&quot; alt=&quot;rtcLogo&quot; data-retry=&quot;0&quot; loading=&quot;lazy&quot;&gt;&lt;/div&gt;&lt;div class=&quot;rtcInfo&quot;&gt;&lt;div class=&quot;rtcNameMain&quot;&gt;&lt;div class=&quot;rtcName&quot;&gt;ASTC&lt;/div&gt;&lt;div class=&quot;rating-sec lh-24&quot;&gt;&lt;div class=&quot;lh-18 rating rtcRating &quot;&gt;&lt;i class=&quot;icon icon-ic-star d-block&quot;&gt;&lt;/i&gt;&lt;span class=&quot;&quot;&gt;4.02&lt;/span&gt;&lt;/div&gt;&lt;/div&gt;&lt;/div&gt;&lt;div class=&quot;sc-cJSrbW cKjpNY&quot;&gt;অসম ৰাজ্যিক পৰিবহন নিগম்&lt;/div&gt;&lt;/div&gt;&lt;/div&gt;&lt;div class=&quot;serviceCnt&quot;&gt;&lt;div class=&quot;sc-kvZOFW ekNeom&quot;&gt;200 services including Volvo Bus, AC &amp;amp; Non AC Bus and more&lt;/div&gt;&lt;/div&gt;&lt;div class=&quot;rtcTrustMaker&quot;&gt;&lt;picture class=&quot;&quot;&gt;&lt;source srcset=&quot;https://s3.rdbuz.com/Images/rdc/rdc-redbus-logo.webp&quot; type=&quot;image/webp&quot;&gt;&lt;img class=&quot;rdcRBlogo&quot; src=&quot;https://s3.rdbuz.com/Images/rdc/rdc-redbus-logo.svg&quot; alt=&quot;redBus&quot; title=&quot;image&quot; data-retry=&quot;0&quot;&gt;&lt;/picture&gt;Official booking partner of ASTC&lt;/div&gt;&lt;/div&gt;&lt;div class=&quot;footer&quot;&gt;&lt;div class=&quot;rtcOfferCarousel&quot;&gt;&lt;div class=&quot;inner&quot;&gt;&lt;div class=&quot;carousel-item&quot; style=&quot;width: 100%;&quot;&gt;&lt;div class=&quot;offerText&quot;&gt; &lt;div class=&quot;sc-kgAjT FqZPa&quot;&gt;Use code FIRST to save upto  ₹250 (only for first time users)&lt;/div&gt;&lt;/div&gt;&lt;/div&gt;&lt;div class=&quot;carousel-item&quot; style=&quot;width: 100%;&quot;&gt;&lt;div class=&quot;offerText&quot;&gt; &lt;div class=&quot;sc-kgAjT FqZPa&quot;&gt;24*7 customer service (Call or chat)&lt;/div&gt;&lt;/div&gt;&lt;/div&gt;&lt;div class=&quot;carousel-item&quot; style=&quot;width: 100%;&quot;&gt;&lt;div class=&quot;offerText&quot;&gt; &lt;div class=&quot;sc-kgAjT FqZPa&quot;&gt;Get instant refund with UPI payments&lt;/div&gt;&lt;/div&gt;&lt;/div&gt;&lt;div class=&quot;carousel-item&quot; style=&quot;width: 100%;&quot;&gt;&lt;div class=&quot;offerText&quot;&gt; &lt;div class=&quot;sc-kgAjT FqZPa&quot;&gt;redBus is the most trusted place to book ASTC tickets online&lt;/div&gt;&lt;/div&gt;&lt;/div&gt;&lt;/div&gt;&lt;/div&gt;&lt;/div&gt;&lt;/div&gt;&lt;div class=&quot;rtcBack&quot;&gt;&lt;div class=&quot;rtcCards&quot;&gt;&lt;div class=&quot;rtcInfoMain&quot;&gt;&lt;div&gt;&lt;img src=&quot;https://s3.rdbuz.com/web/images/homeV2/29176.png&quot; class=&quot;rtcLogo&quot; alt=&quot;rtcLogo&quot; data-retry=&quot;0&quot; loading=&quot;lazy&quot;&gt;&lt;/div&gt;&lt;div class=&quot;rtcInfo&quot;&gt;&lt;div class=&quot;rtcNameMain&quot;&gt;&lt;div class=&quot;rtcName&quot;&gt;JKSRTC&lt;/div&gt;&lt;div class=&quot;rating-sec lh-24&quot;&gt;&lt;div class=&quot;lh-18 rating rtcRating &quot;&gt;&lt;i class=&quot;icon icon-ic-star d-block&quot;&gt;&lt;/i&gt;&lt;span class=&quot;&quot;&gt;3.85&lt;/span&gt;&lt;/div&gt;&lt;/div&gt;&lt;/div&gt;&lt;div class=&quot;sc-cJSrbW cKjpNY&quot;&gt;जम्मू और कश्मीर सड़क परिवहन निगम।&lt;/div&gt;&lt;/div&gt;&lt;/div&gt;&lt;div class=&quot;serviceCnt&quot;&gt;&lt;div class=&quot;sc-kvZOFW ekNeom&quot;&gt;16 services including Volvo Bus, AC &amp;amp; Non AC Bus and more&lt;/div&gt;&lt;/div&gt;&lt;div class=&quot;rtcTrustMaker&quot;&gt;&lt;picture class=&quot;&quot;&gt;&lt;source srcset=&quot;https://s3.rdbuz.com/Images/rdc/rdc-redbus-logo.webp&quot; type=&quot;image/webp&quot;&gt;&lt;img class=&quot;rdcRBlogo&quot; src=&quot;https://s3.rdbuz.com/Images/rdc/rdc-redbus-logo.svg&quot; alt=&quot;redBus&quot; title=&quot;image&quot; data-retry=&quot;0&quot;&gt;&lt;/picture&gt;Official booking partner of JKSRTC&lt;/div&gt;&lt;/div&gt;&lt;div class=&quot;footer&quot;&gt;&lt;div class=&quot;rtcOfferCarousel&quot;&gt;&lt;div class=&quot;inner&quot;&gt;&lt;div class=&quot;carousel-item&quot; style=&quot;width: 100%;&quot;&gt;&lt;div class=&quot;offerText&quot;&gt; &lt;div class=&quot;sc-kgAjT FqZPa&quot;&gt;Use code FIRST to save upto  ₹250 (only for first time users)&lt;/div&gt;&lt;/div&gt;&lt;/div&gt;&lt;div class=&quot;carousel-item&quot; style=&quot;width: 100%;&quot;&gt;&lt;div class=&quot;offerText&quot;&gt; &lt;div class=&quot;sc-kgAjT FqZPa&quot;&gt;24*7 customer service (Call or chat)&lt;/div&gt;&lt;/div&gt;&lt;/div&gt;&lt;div class=&quot;carousel-item&quot; style=&quot;width: 100%;&quot;&gt;&lt;div class=&quot;offerText&quot;&gt; &lt;div class=&quot;sc-kgAjT FqZPa&quot;&gt;Get instant refund with UPI payments&lt;/div&gt;&lt;/div&gt;&lt;/div&gt;&lt;div class=&quot;carousel-item&quot; style=&quot;width: 100%;&quot;&gt;&lt;div class=&quot;offerText&quot;&gt; &lt;div class=&quot;sc-kgAjT FqZPa&quot;&gt;redBus is the most trusted place to book JKSRTC tickets online&lt;/div&gt;&lt;/div&gt;&lt;/div&gt;&lt;/div&gt;&lt;/div&gt;&lt;/div&gt;&lt;/div&gt;&lt;div class=&quot;rtcBack&quot;&gt;&lt;div class=&quot;rtcCards&quot;&gt;&lt;div class=&quot;rtcInfoMain&quot;&gt;&lt;div&gt;&lt;img src=&quot;https://s3.rdbuz.com/web/images/homeV2/16227.png&quot; class=&quot;rtcLogo&quot; alt=&quot;rtcLogo&quot; data-retry=&quot;0&quot; loading=&quot;lazy&quot;&gt;&lt;/div&gt;&lt;div class=&quot;rtcInfo&quot;&gt;&lt;div class=&quot;rtcNameMain&quot;&gt;&lt;div class=&quot;rtcName&quot;&gt;HRTC&lt;/div&gt;&lt;div class=&quot;rating-sec lh-24&quot;&gt;&lt;div class=&quot;lh-18 rating rtcRating &quot;&gt;&lt;i class=&quot;icon icon-ic-star d-block&quot;&gt;&lt;/i&gt;&lt;span class=&quot;&quot;&gt;3.98&lt;/span&gt;&lt;/div&gt;&lt;/div&gt;&lt;/div&gt;&lt;div class=&quot;sc-cJSrbW cKjpNY&quot;&gt;हिमाचल रोड ट्रान्सपोर्ट कॉर्पोरेशन&lt;/div&gt;&lt;/div&gt;&lt;/div&gt;&lt;div class=&quot;serviceCnt&quot;&gt;&lt;div class=&quot;sc-kvZOFW ekNeom&quot;&gt;480 services including Himgaurav, Himmani and more&lt;/div&gt;&lt;/div&gt;&lt;div class=&quot;rtcTrustMaker&quot;&gt;&lt;picture class=&quot;&quot;&gt;&lt;source srcset=&quot;https://s3.rdbuz.com/Images/rdc/rdc-redbus-logo.webp&quot; type=&quot;image/webp&quot;&gt;&lt;img class=&quot;rdcRBlogo&quot; src=&quot;https://s3.rdbuz.com/Images/rdc/rdc-redbus-logo.svg&quot; alt=&quot;redBus&quot; title=&quot;image&quot; data-retry=&quot;0&quot;&gt;&lt;/picture&gt;Official booking partner of HRTC&lt;/div&gt;&lt;/div&gt;&lt;div class=&quot;footer&quot;&gt;&lt;div class=&quot;rtcOfferCarousel&quot;&gt;&lt;div class=&quot;inner&quot;&gt;&lt;div class=&quot;carousel-item&quot; style=&quot;width: 100%;&quot;&gt;&lt;div class=&quot;offerText&quot;&gt; &lt;div class=&quot;sc-kgAjT FqZPa&quot;&gt;Use code FIRST to save upto  ₹250 (only for first time users)&lt;/div&gt;&lt;/div&gt;&lt;/div&gt;&lt;div class=&quot;carousel-item&quot; style=&quot;width: 100%;&quot;&gt;&lt;div class=&quot;offerText&quot;&gt; &lt;div class=&quot;sc-kgAjT FqZPa&quot;&gt;24*7 customer service (Call or chat)&lt;/div&gt;&lt;/div&gt;&lt;/div&gt;&lt;div class=&quot;carousel-item&quot; style=&quot;width: 100%;&quot;&gt;&lt;div class=&quot;offerText&quot;&gt; &lt;div class=&quot;sc-kgAjT FqZPa&quot;&gt;Get instant refund with UPI payments&lt;/div&gt;&lt;/div&gt;&lt;/div&gt;&lt;div class=&quot;carousel-item&quot; style=&quot;width: 100%;&quot;&gt;&lt;div class=&quot;offerText&quot;&gt; &lt;div class=&quot;sc-kgAjT FqZPa&quot;&gt;redBus is the most trusted place to book HRTC tickets online&lt;/div&gt;&lt;/div&gt;&lt;/div&gt;&lt;/div&gt;&lt;/div&gt;&lt;/div&gt;&lt;/div&gt;&lt;div class=&quot;rtcBack&quot;&gt;&lt;div class=&quot;rtcCards&quot;&gt;&lt;div class=&quot;rtcInfoMain&quot;&gt;&lt;div&gt;&lt;img src=&quot;https://s3.rdbuz.com/web/images/homeV2/15499.png&quot; class=&quot;rtcLogo&quot; alt=&quot;rtcLogo&quot; data-retry=&quot;0&quot; loading=&quot;lazy&quot;&gt;&lt;/div&gt;&lt;div class=&quot;rtcInfo&quot;&gt;&lt;div class=&quot;rtcNameMain&quot;&gt;&lt;div class=&quot;rtcName&quot;&gt;RSRTC&lt;/div&gt;&lt;div class=&quot;rating-sec lh-24&quot;&gt;&lt;div class=&quot;lh-18 rating rtcRating &quot;&gt;&lt;i class=&quot;icon icon-ic-star d-block&quot;&gt;&lt;/i&gt;&lt;span class=&quot;&quot;&gt;3.71&lt;/span&gt;&lt;/div&gt;&lt;/div&gt;&lt;/div&gt;&lt;div class=&quot;sc-cJSrbW cKjpNY&quot;&gt;राजस्थान स्टेट रोड ट्रांसपोर्ट कॉर्पोरशन&lt;/div&gt;&lt;/div&gt;&lt;/div&gt;&lt;div class=&quot;serviceCnt&quot;&gt;&lt;div class=&quot;sc-kvZOFW ekNeom&quot;&gt;6000 services including Deluxe, Ordinary and more&lt;/div&gt;&lt;/div&gt;&lt;div class=&quot;rtcTrustMaker&quot;&gt;&lt;picture class=&quot;&quot;&gt;&lt;source srcset=&quot;https://s3.rdbuz.com/Images/rdc/rdc-redbus-logo.webp&quot; type=&quot;image/webp&quot;&gt;&lt;img class=&quot;rdcRBlogo&quot; src=&quot;https://s3.rdbuz.com/Images/rdc/rdc-redbus-logo.svg&quot; alt=&quot;redBus&quot; title=&quot;image&quot; data-retry=&quot;0&quot;&gt;&lt;/picture&gt;Official booking partner of RSRTC&lt;/div&gt;&lt;/div&gt;&lt;div class=&quot;footer&quot;&gt;&lt;div class=&quot;rtcOfferCarousel&quot;&gt;&lt;div class=&quot;inner&quot;&gt;&lt;div class=&quot;carousel-item&quot; style=&quot;width: 100%;&quot;&gt;&lt;div class=&quot;offerText&quot;&gt; &lt;div class=&quot;sc-kgAjT FqZPa&quot;&gt;Use code FIRST to save upto  ₹250 (only for first time users)&lt;/div&gt;&lt;/div&gt;&lt;/div&gt;&lt;div class=&quot;carousel-item&quot; style=&quot;width: 100%;&quot;&gt;&lt;div class=&quot;offerText&quot;&gt; &lt;div class=&quot;sc-kgAjT FqZPa&quot;&gt;30% concession for female passengers&lt;/div&gt;&lt;/div&gt;&lt;/div&gt;&lt;div class=&quot;carousel-item&quot; style=&quot;width: 100%;&quot;&gt;&lt;div class=&quot;offerText&quot;&gt; &lt;div class=&quot;sc-kgAjT FqZPa&quot;&gt;24*7 customer service (Call or chat)&lt;/div&gt;&lt;/div&gt;&lt;/div&gt;&lt;div class=&quot;carousel-item&quot; style=&quot;width: 100%;&quot;&gt;&lt;div class=&quot;offerText&quot;&gt; &lt;div class=&quot;sc-kgAjT FqZPa&quot;&gt;Get instant refund with UPI payments&lt;/div&gt;&lt;/div&gt;&lt;/div&gt;&lt;div class=&quot;carousel-item&quot; style=&quot;width: 100%;&quot;&gt;&lt;div class=&quot;offerText&quot;&gt; &lt;div class=&quot;sc-kgAjT FqZPa&quot;&gt;redBus is the most trusted place to book RSRTC tickets online&lt;/div&gt;&lt;/div&gt;&lt;/div&gt;&lt;/div&gt;&lt;/div&gt;&lt;/div&gt;&lt;/div&gt;&lt;div class=&quot;rtcBack&quot;&gt;&lt;div class=&quot;rtcCards&quot;&gt;&lt;div class=&quot;rtcInfoMain&quot;&gt;&lt;div&gt;&lt;img src=&quot;https://s3.rdbuz.com/web/images/homeV2/11060.png&quot; class=&quot;rtcLogo&quot; alt=&quot;rtcLogo&quot; data-retry=&quot;0&quot; loading=&quot;lazy&quot;&gt;&lt;/div&gt;&lt;div class=&quot;rtcInfo&quot;&gt;&lt;div class=&quot;rtcNameMain&quot;&gt;&lt;div class=&quot;rtcName&quot;&gt;PEPSU&lt;/div&gt;&lt;div class=&quot;rating-sec lh-24&quot;&gt;&lt;div class=&quot;lh-18 rating rtcRating &quot;&gt;&lt;i class=&quot;icon icon-ic-star d-block&quot;&gt;&lt;/i&gt;&lt;span class=&quot;&quot;&gt;3.83&lt;/span&gt;&lt;/div&gt;&lt;/div&gt;&lt;/div&gt;&lt;div class=&quot;sc-cJSrbW cKjpNY&quot;&gt;ਪੈਪਸੂ ਰੋਡ ਟਰਾਂਸਪੋਰਟ ਕਾਰਪੋਰੇਸ਼ਨ&lt;/div&gt;&lt;/div&gt;&lt;/div&gt;&lt;div class=&quot;serviceCnt&quot;&gt;&lt;div class=&quot;sc-kvZOFW ekNeom&quot;&gt;100 services including Volvo Bus, AC &amp;amp; Non AC Bus and more&lt;/div&gt;&lt;/div&gt;&lt;div class=&quot;rtcTrustMaker&quot;&gt;&lt;picture class=&quot;&quot;&gt;&lt;source srcset=&quot;https://s3.rdbuz.com/Images/rdc/rdc-redbus-logo.webp&quot; type=&quot;image/webp&quot;&gt;&lt;img class=&quot;rdcRBlogo&quot; src=&quot;https://s3.rdbuz.com/Images/rdc/rdc-redbus-logo.svg&quot; alt=&quot;redBus&quot; title=&quot;image&quot; data-retry=&quot;0&quot;&gt;&lt;/picture&gt;Official booking partner of PEPSU&lt;/div&gt;&lt;/div&gt;&lt;div class=&quot;footer&quot;&gt;&lt;div class=&quot;rtcOfferCarousel&quot;&gt;&lt;div class=&quot;inner&quot;&gt;&lt;div class=&quot;carousel-item&quot; style=&quot;width: 100%;&quot;&gt;&lt;div class=&quot;offerText&quot;&gt; &lt;div class=&quot;sc-kgAjT FqZPa&quot;&gt;Use code FIRST to save upto  ₹250 (only for first time users)&lt;/div&gt;&lt;/div&gt;&lt;/div&gt;&lt;div class=&quot;carousel-item&quot; style=&quot;width: 100%;&quot;&gt;&lt;div class=&quot;offerText&quot;&gt; &lt;div class=&quot;sc-kgAjT FqZPa&quot;&gt;24*7 customer service (Call or chat)&lt;/div&gt;&lt;/div&gt;&lt;/div&gt;&lt;div class=&quot;carousel-item&quot; style=&quot;width: 100%;&quot;&gt;&lt;div class=&quot;offerText&quot;&gt; &lt;div class=&quot;sc-kgAjT FqZPa&quot;&gt;Get instant refund with UPI payments&lt;/div&gt;&lt;/div&gt;&lt;/div&gt;&lt;div class=&quot;carousel-item&quot; style=&quot;width: 100%;&quot;&gt;&lt;div class=&quot;offerText&quot;&gt; &lt;div class=&quot;sc-kgAjT FqZPa&quot;&gt;redBus is the most trusted place to book PEPSU tickets online&lt;/div&gt;&lt;/div&gt;&lt;/div&gt;&lt;/div&gt;&lt;/div&gt;&lt;/div&gt;&lt;/div&gt;&lt;div class=&quot;rtcBack&quot;&gt;&lt;div class=&quot;rtcCards&quot;&gt;&lt;div class=&quot;rtcInfoMain&quot;&gt;&lt;div&gt;&lt;img src=&quot;https://s3.rdbuz.com/web/images/homeV2/25187.png&quot; class=&quot;rtcLogo&quot; alt=&quot;rtcLogo&quot; data-retry=&quot;0&quot; loading=&quot;lazy&quot;&gt;&lt;/div&gt;&lt;div class=&quot;rtcInfo&quot;&gt;&lt;div class=&quot;rtcNameMain&quot;&gt;&lt;div class=&quot;rtcName&quot;&gt;KAAC Transport&lt;/div&gt;&lt;div class=&quot;rating-sec lh-24&quot;&gt;&lt;div class=&quot;lh-18 rating rtcRating &quot;&gt;&lt;i class=&quot;icon icon-ic-star d-block&quot;&gt;&lt;/i&gt;&lt;span class=&quot;&quot;&gt;3.71&lt;/span&gt;&lt;/div&gt;&lt;/div&gt;&lt;/div&gt;&lt;div class=&quot;sc-cJSrbW cKjpNY&quot;&gt;কাৰ্বি আংলং স্বায়ত্ত শাসিত পৰিষদ পৰিবহণ&lt;/div&gt;&lt;/div&gt;&lt;/div&gt;&lt;div class=&quot;serviceCnt&quot;&gt;&lt;div class=&quot;sc-kvZOFW ekNeom&quot;&gt;10 services including AC &amp;amp; Non AC Bus and more&lt;/div&gt;&lt;/div&gt;&lt;div class=&quot;rtcTrustMaker&quot;&gt;&lt;picture class=&quot;&quot;&gt;&lt;source srcset=&quot;https://s3.rdbuz.com/Images/rdc/rdc-redbus-logo.webp&quot; type=&quot;image/webp&quot;&gt;&lt;img class=&quot;rdcRBlogo&quot; src=&quot;https://s3.rdbuz.com/Images/rdc/rdc-redbus-logo.svg&quot; alt=&quot;redBus&quot; title=&quot;image&quot; data-retry=&quot;0&quot;&gt;&lt;/picture&gt;Official booking partner of KAAC&lt;/div&gt;&lt;/div&gt;&lt;div class=&quot;footer&quot;&gt;&lt;div class=&quot;rtcOfferCarousel&quot;&gt;&lt;div class=&quot;inner&quot;&gt;&lt;div class=&quot;carousel-item&quot; style=&quot;width: 100%;&quot;&gt;&lt;div class=&quot;offerText&quot;&gt; &lt;div class=&quot;sc-kgAjT FqZPa&quot;&gt;Use code FIRST to save upto  ₹250 (only for first time users)&lt;/div&gt;&lt;/div&gt;&lt;/div&gt;&lt;div class=&quot;carousel-item&quot; style=&quot;width: 100%;&quot;&gt;&lt;div class=&quot;offerText&quot;&gt; &lt;div class=&quot;sc-kgAjT FqZPa&quot;&gt;24*7 customer service (Call or chat)&lt;/div&gt;&lt;/div&gt;&lt;/div&gt;&lt;div class=&quot;carousel-item&quot; style=&quot;width: 100%;&quot;&gt;&lt;div class=&quot;offerText&quot;&gt; &lt;div class=&quot;sc-kgAjT FqZPa&quot;&gt;Get instant refund with UPI payments&lt;/div&gt;&lt;/div&gt;&lt;/div&gt;&lt;div class=&quot;carousel-item&quot; style=&quot;width: 100%;&quot;&gt;&lt;div class=&quot;offerText&quot;&gt; &lt;div class=&quot;sc-kgAjT FqZPa&quot;&gt;redBus is the most trusted place to book KAAC tickets online&lt;/div&gt;&lt;/div&gt;&lt;/div&gt;&lt;/div&gt;&lt;/div&gt;&lt;/div&gt;&lt;/div&gt;&lt;div class=&quot;rtcBack&quot;&gt;&lt;div class=&quot;rtcCards&quot;&gt;&lt;div class=&quot;rtcInfoMain&quot;&gt;&lt;div&gt;&lt;img src=&quot;https://s3.rdbuz.com/web/images/homeV2/18491.png&quot; class=&quot;rtcLogo&quot; alt=&quot;rtcLogo&quot; data-retry=&quot;0&quot; loading=&quot;lazy&quot;&gt;&lt;/div&gt;&lt;div class=&quot;rtcInfo&quot;&gt;&lt;div class=&quot;rtcNameMain&quot;&gt;&lt;div class=&quot;rtcName&quot;&gt;TSRTC&lt;/div&gt;&lt;div class=&quot;rating-sec lh-24&quot;&gt;&lt;div class=&quot;lh-18 rating rtcRating &quot;&gt;&lt;i class=&quot;icon icon-ic-star d-block&quot;&gt;&lt;/i&gt;&lt;span class=&quot;&quot;&gt;3.71&lt;/span&gt;&lt;/div&gt;&lt;/div&gt;&lt;/div&gt;&lt;div class=&quot;sc-cJSrbW cKjpNY&quot;&gt;తెలంగాణ రాష్ట్ర రోడ్డు రవాణా సంస్థ&lt;/div&gt;&lt;/div&gt;&lt;/div&gt;&lt;div class=&quot;serviceCnt&quot;&gt;&lt;div class=&quot;sc-kvZOFW ekNeom&quot;&gt;1450 services including Garuda Plus, Rajdhani and more&lt;/div&gt;&lt;/div&gt;&lt;div class=&quot;rtcTrustMaker&quot;&gt;&lt;picture class=&quot;&quot;&gt;&lt;source srcset=&quot;https://s3.rdbuz.com/Images/rdc/rdc-redbus-logo.webp&quot; type=&quot;image/webp&quot;&gt;&lt;img class=&quot;rdcRBlogo&quot; src=&quot;https://s3.rdbuz.com/Images/rdc/rdc-redbus-logo.svg&quot; alt=&quot;redBus&quot; title=&quot;image&quot; data-retry=&quot;0&quot;&gt;&lt;/picture&gt;Official booking partner of TSRTC&lt;/div&gt;&lt;/div&gt;&lt;div class=&quot;footer&quot;&gt;&lt;div class=&quot;rtcOfferCarousel&quot;&gt;&lt;div class=&quot;inner&quot;&gt;&lt;div class=&quot;carousel-item&quot; style=&quot;width: 100%;&quot;&gt;&lt;div class=&quot;offerText&quot;&gt; &lt;div class=&quot;sc-kgAjT FqZPa&quot;&gt;Use code FIRST to save upto  ₹250 (only for first-time users)&lt;/div&gt;&lt;/div&gt;&lt;/div&gt;&lt;div class=&quot;carousel-item&quot; style=&quot;width: 100%;&quot;&gt;&lt;div class=&quot;offerText&quot;&gt; &lt;div class=&quot;sc-kgAjT FqZPa&quot;&gt;24*7 customer service (Call or chat)&lt;/div&gt;&lt;/div&gt;&lt;/div&gt;&lt;div class=&quot;carousel-item&quot; style=&quot;width: 100%;&quot;&gt;&lt;div class=&quot;offerText&quot;&gt; &lt;div class=&quot;sc-kgAjT FqZPa&quot;&gt;Get instant refund with UPI payments&lt;/div&gt;&lt;/div&gt;&lt;/div&gt;&lt;div class=&quot;carousel-item&quot; style=&quot;width: 100%;&quot;&gt;&lt;div class=&quot;offerText&quot;&gt; &lt;div class=&quot;sc-kgAjT FqZPa&quot;&gt;redBus is the most trusted place to book TSRTC tickets online&lt;/div&gt;&lt;/div&gt;&lt;/div&gt;&lt;/div&gt;&lt;/div&gt;&lt;/div&gt;&lt;/div&gt;&lt;div class=&quot;rtcBack&quot;&gt;&lt;div class=&quot;rtcCards&quot;&gt;&lt;div class=&quot;rtcInfoMain&quot;&gt;&lt;div&gt;&lt;img src=&quot;https://s3.rdbuz.com/web/images/homeV2/17889.png&quot; class=&quot;rtcLogo&quot; alt=&quot;rtcLogo&quot; data-retry=&quot;0&quot; loading=&quot;lazy&quot;&gt;&lt;/div&gt;&lt;div class=&quot;rtcInfo&quot;&gt;&lt;div class=&quot;rtcNameMain&quot;&gt;&lt;div class=&quot;rtcName&quot;&gt;BSRTC&lt;/div&gt;&lt;div class=&quot;rating-sec lh-24&quot;&gt;&lt;div class=&quot;lh-18 rating rtcRating &quot;&gt;&lt;i class=&quot;icon icon-ic-star d-block&quot;&gt;&lt;/i&gt;&lt;span class=&quot;&quot;&gt;3.91&lt;/span&gt;&lt;/div&gt;&lt;/div&gt;&lt;/div&gt;&lt;div class=&quot;sc-cJSrbW cKjpNY&quot;&gt;बिहार राज्य रोड ट्रान्सपोर्ट कॉर्पोरेशन&lt;/div&gt;&lt;/div&gt;&lt;/div&gt;&lt;div class=&quot;serviceCnt&quot;&gt;&lt;div class=&quot;sc-kvZOFW ekNeom&quot;&gt;220 services including Volvo Bus, AC &amp;amp; Non AC Bus and more&lt;/div&gt;&lt;/div&gt;&lt;div class=&quot;rtcTrustMaker&quot;&gt;&lt;picture class=&quot;&quot;&gt;&lt;source srcset=&quot;https://s3.rdbuz.com/Images/rdc/rdc-redbus-logo.webp&quot; type=&quot;image/webp&quot;&gt;&lt;img class=&quot;rdcRBlogo&quot; src=&quot;https://s3.rdbuz.com/Images/rdc/rdc-redbus-logo.svg&quot; alt=&quot;redBus&quot; title=&quot;image&quot; data-retry=&quot;0&quot;&gt;&lt;/picture&gt;Official booking partner of BSRTC&lt;/div&gt;&lt;/div&gt;&lt;div class=&quot;footer&quot;&gt;&lt;div class=&quot;rtcOfferCarousel&quot;&gt;&lt;div class=&quot;inner&quot;&gt;&lt;div class=&quot;carousel-item&quot; style=&quot;width: 100%;&quot;&gt;&lt;div class=&quot;offerText&quot;&gt; &lt;div class=&quot;sc-kgAjT FqZPa&quot;&gt;Use code FIRST to save upto  ₹250 (only for first time users)&lt;/div&gt;&lt;/div&gt;&lt;/div&gt;&lt;div class=&quot;carousel-item&quot; style=&quot;width: 100%;&quot;&gt;&lt;div class=&quot;offerText&quot;&gt; &lt;div class=&quot;sc-kgAjT FqZPa&quot;&gt;24*7 customer service (Call or chat)&lt;/div&gt;&lt;/div&gt;&lt;/div&gt;&lt;div class=&quot;carousel-item&quot; style=&quot;width: 100%;&quot;&gt;&lt;div class=&quot;offerText&quot;&gt; &lt;div class=&quot;sc-kgAjT FqZPa&quot;&gt;Get instant refund with UPI payments&lt;/div&gt;&lt;/div&gt;&lt;/div&gt;&lt;div class=&quot;carousel-item&quot; style=&quot;width: 100%;&quot;&gt;&lt;div class=&quot;offerText&quot;&gt; &lt;div class=&quot;sc-kgAjT FqZPa&quot;&gt;redBus is the most trusted place to book BSRTC tickets online&lt;/div&gt;&lt;/div&gt;&lt;/div&gt;&lt;/div&gt;&lt;/div&gt;&lt;/div&gt;&lt;/div&gt;&lt;div class=&quot;rtcBack&quot;&gt;&lt;div class=&quot;rtcCards&quot;&gt;&lt;div class=&quot;rtcInfoMain&quot;&gt;&lt;div&gt;&lt;img src=&quot;https://s3.rdbuz.com/web/images/homeV2/7115.png&quot; class=&quot;rtcLogo&quot; alt=&quot;rtcLogo&quot; data-retry=&quot;0&quot; loading=&quot;lazy&quot;&gt;&lt;/div&gt;&lt;div class=&quot;rtcInfo&quot;&gt;&lt;div class=&quot;rtcNameMain&quot;&gt;&lt;div class=&quot;rtcName&quot;&gt;KTCL&lt;/div&gt;&lt;div class=&quot;rating-sec lh-24&quot;&gt;&lt;div class=&quot;lh-18 rating rtcRating &quot;&gt;&lt;i class=&quot;icon icon-ic-star d-block&quot;&gt;&lt;/i&gt;&lt;span class=&quot;&quot;&gt;3.83&lt;/span&gt;&lt;/div&gt;&lt;/div&gt;&lt;/div&gt;&lt;div class=&quot;sc-cJSrbW cKjpNY&quot;&gt;कदंब येरादारी म्हामंडळ&lt;/div&gt;&lt;/div&gt;&lt;/div&gt;&lt;div class=&quot;serviceCnt&quot;&gt;&lt;div class=&quot;sc-kvZOFW ekNeom&quot;&gt;60 services including Volvo Bus, AC &amp;amp; Non AC Bus and more&lt;/div&gt;&lt;/div&gt;&lt;div class=&quot;rtcTrustMaker&quot;&gt;&lt;picture class=&quot;&quot;&gt;&lt;source srcset=&quot;https://s3.rdbuz.com/Images/rdc/rdc-redbus-logo.webp&quot; type=&quot;image/webp&quot;&gt;&lt;img class=&quot;rdcRBlogo&quot; src=&quot;https://s3.rdbuz.com/Images/rdc/rdc-redbus-logo.svg&quot; alt=&quot;redBus&quot; title=&quot;image&quot; data-retry=&quot;0&quot;&gt;&lt;/picture&gt;Official booking partner of KTCL&lt;/div&gt;&lt;/div&gt;&lt;div class=&quot;footer&quot;&gt;&lt;div class=&quot;rtcOfferCarousel&quot;&gt;&lt;div class=&quot;inner&quot;&gt;&lt;div class=&quot;carousel-item&quot; style=&quot;width: 100%;&quot;&gt;&lt;div class=&quot;offerText&quot;&gt; &lt;div class=&quot;sc-kgAjT FqZPa&quot;&gt;Use code FIRST to save upto  ₹250 (only for first time users)&lt;/div&gt;&lt;/div&gt;&lt;/div&gt;&lt;div class=&quot;carousel-item&quot; style=&quot;width: 100%;&quot;&gt;&lt;div class=&quot;offerText&quot;&gt; &lt;div class=&quot;sc-kgAjT FqZPa&quot;&gt;24*7 customer service (Call or chat)&lt;/div&gt;&lt;/div&gt;&lt;/div&gt;&lt;div class=&quot;carousel-item&quot; style=&quot;width: 100%;&quot;&gt;&lt;div class=&quot;offerText&quot;&gt; &lt;div class=&quot;sc-kgAjT FqZPa&quot;&gt;Get instant refund with UPI payments&lt;/div&gt;&lt;/div&gt;&lt;/div&gt;&lt;div class=&quot;carousel-item&quot; style=&quot;width: 100%;&quot;&gt;&lt;div class=&quot;offerText&quot;&gt; &lt;div class=&quot;sc-kgAjT FqZPa&quot;&gt;redBus is the most trusted place to book KTCL tickets online&lt;/div&gt;&lt;/div&gt;&lt;/div&gt;&lt;/div&gt;&lt;/div&gt;&lt;/div&gt;&lt;/div&gt;&lt;div class=&quot;rtcBack&quot;&gt;&lt;div class=&quot;rtcCards&quot;&gt;&lt;div class=&quot;rtcInfoMain&quot;&gt;&lt;div&gt;&lt;img src=&quot;https://s3.rdbuz.com/web/images/homeV2/27455.png&quot; class=&quot;rtcLogo&quot; alt=&quot;rtcLogo&quot; data-retry=&quot;0&quot; loading=&quot;lazy&quot;&gt;&lt;/div&gt;&lt;div class=&quot;rtcInfo&quot;&gt;&lt;div class=&quot;rtcNameMain&quot;&gt;&lt;div class=&quot;rtcName&quot;&gt;CTU RTC&lt;/div&gt;&lt;div class=&quot;rating-sec lh-24&quot;&gt;&lt;div class=&quot;lh-18 rating rtcRating &quot;&gt;&lt;i class=&quot;icon icon-ic-star d-block&quot;&gt;&lt;/i&gt;&lt;span class=&quot;&quot;&gt;3.85&lt;/span&gt;&lt;/div&gt;&lt;/div&gt;&lt;/div&gt;&lt;div class=&quot;sc-cJSrbW cKjpNY&quot;&gt;चंडीगढ़ परिवहन उपक्रम&lt;/div&gt;&lt;/div&gt;&lt;/div&gt;&lt;div class=&quot;serviceCnt&quot;&gt;&lt;div class=&quot;sc-kvZOFW ekNeom&quot;&gt;143 services including AC &amp;amp; Non AC Bus and more&lt;/div&gt;&lt;/div&gt;&lt;div class=&quot;rtcTrustMaker&quot;&gt;&lt;picture class=&quot;&quot;&gt;&lt;source srcset=&quot;https://s3.rdbuz.com/Images/rdc/rdc-redbus-logo.webp&quot; type=&quot;image/webp&quot;&gt;&lt;img class=&quot;rdcRBlogo&quot; src=&quot;https://s3.rdbuz.com/Images/rdc/rdc-redbus-logo.svg&quot; alt=&quot;redBus&quot; title=&quot;image&quot; data-retry=&quot;0&quot;&gt;&lt;/picture&gt;Official booking partner of CTU&lt;/div&gt;&lt;/div&gt;&lt;div class=&quot;footer&quot;&gt;&lt;div class=&quot;rtcOfferCarousel&quot;&gt;&lt;div class=&quot;inner&quot;&gt;&lt;div class=&quot;carousel-item&quot; style=&quot;width: 100%;&quot;&gt;&lt;div class=&quot;offerText&quot;&gt; &lt;div class=&quot;sc-kgAjT FqZPa&quot;&gt;Use code FIRST to save upto  ₹250 (only for first time users)&lt;/div&gt;&lt;/div&gt;&lt;/div&gt;&lt;div class=&quot;carousel-item&quot; style=&quot;width: 100%;&quot;&gt;&lt;div class=&quot;offerText&quot;&gt; &lt;div class=&quot;sc-kgAjT FqZPa&quot;&gt;24*7 customer service (Call or chat)&lt;/div&gt;&lt;/div&gt;&lt;/div&gt;&lt;div class=&quot;carousel-item&quot; style=&quot;width: 100%;&quot;&gt;&lt;div class=&quot;offerText&quot;&gt; &lt;div class=&quot;sc-kgAjT FqZPa&quot;&gt;Get instant refund with UPI payments&lt;/div&gt;&lt;/div&gt;&lt;/div&gt;&lt;div class=&quot;carousel-item&quot; style=&quot;width: 100%;&quot;&gt;&lt;div class=&quot;offerText&quot;&gt; &lt;div class=&quot;sc-kgAjT FqZPa&quot;&gt;redBus is the most trusted place to book CTURTC tickets online&lt;/div&gt;&lt;/div&gt;&lt;/div&gt;&lt;/div&gt;&lt;/div&gt;&lt;/div&gt;&lt;/div&gt;&lt;div class=&quot;rtcBack&quot;&gt;&lt;div class=&quot;rtcCards&quot;&gt;&lt;div class=&quot;rtcInfoMain&quot;&gt;&lt;div&gt;&lt;img src=&quot;https://s3.rdbuz.com/web/images/homeV2/10283.png&quot; class=&quot;rtcLogo&quot; alt=&quot;rtcLogo&quot; data-retry=&quot;0&quot; loading=&quot;lazy&quot;&gt;&lt;/div&gt;&lt;div class=&quot;rtcInfo&quot;&gt;&lt;div class=&quot;rtcNameMain&quot;&gt;&lt;div class=&quot;rtcName&quot;&gt;APSRTC&lt;/div&gt;&lt;div class=&quot;rating-sec lh-24&quot;&gt;&lt;div class=&quot;lh-18 rating rtcRating &quot;&gt;&lt;i class=&quot;icon icon-ic-star d-block&quot;&gt;&lt;/i&gt;&lt;span class=&quot;&quot;&gt;3.85&lt;/span&gt;&lt;/div&gt;&lt;/div&gt;&lt;/div&gt;&lt;div class=&quot;sc-cJSrbW cKjpNY&quot;&gt;ఆంధ్రప్రదేశ్ రాష్ట్ర రోడ్డు రవాణా సంస్థ&lt;/div&gt;&lt;/div&gt;&lt;/div&gt;&lt;div class=&quot;serviceCnt&quot;&gt;&lt;div class=&quot;sc-kvZOFW ekNeom&quot;&gt;1539 services including Garuda, Garuda Plus and more&lt;/div&gt;&lt;/div&gt;&lt;div class=&quot;rtcTrustMaker&quot;&gt;&lt;picture class=&quot;&quot;&gt;&lt;source srcset=&quot;https://s3.rdbuz.com/Images/rdc/rdc-redbus-logo.webp&quot; type=&quot;image/webp&quot;&gt;&lt;img class=&quot;rdcRBlogo&quot; src=&quot;https://s3.rdbuz.com/Images/rdc/rdc-redbus-logo.svg&quot; alt=&quot;redBus&quot; title=&quot;image&quot; data-retry=&quot;0&quot;&gt;&lt;/picture&gt;Official booking partner of APSRTC&lt;/div&gt;&lt;/div&gt;&lt;div class=&quot;footer&quot;&gt;&lt;div class=&quot;rtcOfferCarousel&quot;&gt;&lt;div class=&quot;inner&quot;&gt;&lt;div class=&quot;carousel-item&quot; style=&quot;width: 100%;&quot;&gt;&lt;div class=&quot;offerText&quot;&gt; &lt;div class=&quot;sc-kgAjT FqZPa&quot;&gt;Get 25% concession for senior citizen passengers&lt;/div&gt;&lt;/div&gt;&lt;/div&gt;&lt;div class=&quot;carousel-item&quot; style=&quot;width: 100%;&quot;&gt;&lt;div class=&quot;offerText&quot;&gt; &lt;div class=&quot;sc-kgAjT FqZPa&quot;&gt;24*7 customer service (Call or chat)&lt;/div&gt;&lt;/div&gt;&lt;/div&gt;&lt;div class=&quot;carousel-item&quot; style=&quot;width: 100%;&quot;&gt;&lt;div class=&quot;offerText&quot;&gt; &lt;div class=&quot;sc-kgAjT FqZPa&quot;&gt;Get instant refund with UPI payments&lt;/div&gt;&lt;/div&gt;&lt;/div&gt;&lt;div class=&quot;carousel-item&quot; style=&quot;width: 100%;&quot;&gt;&lt;div class=&quot;offerText&quot;&gt; &lt;div class=&quot;sc-kgAjT FqZPa&quot;&gt;redBus is the most trusted place to book APSRTC tickets online&lt;/div&gt;&lt;/div&gt;&lt;/div&gt;&lt;/div&gt;&lt;/div&gt;&lt;/div&gt;&lt;/div&gt;&lt;div class=&quot;rtcBack&quot;&gt;&lt;div class=&quot;rtcCards&quot;&gt;&lt;div class=&quot;rtcInfoMain&quot;&gt;&lt;div&gt;&lt;img src=&quot;https://s3.rdbuz.com/web/images/homeV2/28011.png&quot; class=&quot;rtcLogo&quot; alt=&quot;rtcLogo&quot; data-retry=&quot;0&quot; loading=&quot;lazy&quot;&gt;&lt;/div&gt;&lt;div class=&quot;rtcInfo&quot;&gt;&lt;div class=&quot;rtcNameMain&quot;&gt;&lt;div class=&quot;rtcName&quot;&gt;KERALA RTC&lt;/div&gt;&lt;div class=&quot;rating-sec lh-24&quot;&gt;&lt;div class=&quot;lh-18 rating rtcRating &quot;&gt;&lt;i class=&quot;icon icon-ic-star d-block&quot;&gt;&lt;/i&gt;&lt;span class=&quot;&quot;&gt;3.85&lt;/span&gt;&lt;/div&gt;&lt;/div&gt;&lt;/div&gt;&lt;div class=&quot;sc-cJSrbW cKjpNY&quot;&gt;കേരള സ്റ്റേറ്റ് റോഡ് ട്രാൻസ്പോർട്ട് കോർപ്പറേഷൻ&lt;/div&gt;&lt;/div&gt;&lt;/div&gt;&lt;div class=&quot;serviceCnt&quot;&gt;&lt;div class=&quot;sc-kvZOFW ekNeom&quot;&gt;940 services including Swift, AC Multiaxle and more&lt;/div&gt;&lt;/div&gt;&lt;div class=&quot;rtcTrustMaker&quot;&gt;&lt;picture class=&quot;&quot;&gt;&lt;source srcset=&quot;https://s3.rdbuz.com/Images/rdc/rdc-redbus-logo.webp&quot; type=&quot;image/webp&quot;&gt;&lt;img class=&quot;rdcRBlogo&quot; src=&quot;https://s3.rdbuz.com/Images/rdc/rdc-redbus-logo.svg&quot; alt=&quot;redBus&quot; title=&quot;image&quot; data-retry=&quot;0&quot;&gt;&lt;/picture&gt;Official booking partner of KSRTC&lt;/div&gt;&lt;/div&gt;&lt;div class=&quot;footer&quot;&gt;&lt;div class=&quot;rtcOfferCarousel&quot;&gt;&lt;div class=&quot;inner&quot;&gt;&lt;div class=&quot;carousel-item&quot; style=&quot;width: 100%;&quot;&gt;&lt;div class=&quot;offerText&quot;&gt; &lt;div class=&quot;sc-kgAjT FqZPa&quot;&gt;Use code FIRST to save upto  ₹250 (only for first time users)&lt;/div&gt;&lt;/div&gt;&lt;/div&gt;&lt;div class=&quot;carousel-item&quot; style=&quot;width: 100%;&quot;&gt;&lt;div class=&quot;offerText&quot;&gt; &lt;div class=&quot;sc-kgAjT FqZPa&quot;&gt;Rs. 30 discount on group booking of 4 seats&lt;/div&gt;&lt;/div&gt;&lt;/div&gt;&lt;div class=&quot;carousel-item&quot; style=&quot;width: 100%;&quot;&gt;&lt;div class=&quot;offerText&quot;&gt; &lt;div class=&quot;sc-kgAjT FqZPa&quot;&gt;24*7 customer service (Call or chat)&lt;/div&gt;&lt;/div&gt;&lt;/div&gt;&lt;div class=&quot;carousel-item&quot; style=&quot;width: 100%;&quot;&gt;&lt;div class=&quot;offerText&quot;&gt; &lt;div class=&quot;sc-kgAjT FqZPa&quot;&gt;Get instant refund with UPI payments&lt;/div&gt;&lt;/div&gt;&lt;/div&gt;&lt;div class=&quot;carousel-item&quot; style=&quot;width: 100%;&quot;&gt;&lt;div class=&quot;offerText&quot;&gt; &lt;div class=&quot;sc-kgAjT FqZPa&quot;&gt;redBus is the most trusted place to book KSRTC KERALA tickets online&lt;/div&gt;&lt;/div&gt;&lt;/div&gt;&lt;/div&gt;&lt;/div&gt;&lt;/div&gt;&lt;/div&gt;&lt;div class=&quot;rtcBack&quot;&gt;&lt;div class=&quot;rtcCards&quot;&gt;&lt;div class=&quot;rtcInfoMain&quot;&gt;&lt;div&gt;&lt;img src=&quot;https://s3.rdbuz.com/web/images/homeV2/25946.png&quot; class=&quot;rtcLogo&quot; alt=&quot;rtcLogo&quot; data-retry=&quot;0&quot; loading=&quot;lazy&quot;&gt;&lt;/div&gt;&lt;div class=&quot;rtcInfo&quot;&gt;&lt;div class=&quot;rtcNameMain&quot;&gt;&lt;div class=&quot;rtcName&quot;&gt;UPSRTC&lt;/div&gt;&lt;div class=&quot;rating-sec lh-24&quot;&gt;&lt;div class=&quot;lh-18 rating rtcRating &quot;&gt;&lt;i class=&quot;icon icon-ic-star d-block&quot;&gt;&lt;/i&gt;&lt;span class=&quot;&quot;&gt;3.94&lt;/span&gt;&lt;/div&gt;&lt;/div&gt;&lt;/div&gt;&lt;div class=&quot;sc-cJSrbW cKjpNY&quot;&gt;उत्तर प्रदेश राज्य सड़क परिवहन निगम&lt;/div&gt;&lt;/div&gt;&lt;/div&gt;&lt;div class=&quot;serviceCnt&quot;&gt;&lt;div class=&quot;sc-kvZOFW ekNeom&quot;&gt;1738 services including Janrath,Shatabdi and more&lt;/div&gt;&lt;/div&gt;&lt;div class=&quot;rtcTrustMaker&quot;&gt;&lt;picture class=&quot;&quot;&gt;&lt;source srcset=&quot;https://s3.rdbuz.com/Images/rdc/rdc-redbus-logo.webp&quot; type=&quot;image/webp&quot;&gt;&lt;img class=&quot;rdcRBlogo&quot; src=&quot;https://s3.rdbuz.com/Images/rdc/rdc-redbus-logo.svg&quot; alt=&quot;redBus&quot; title=&quot;image&quot; data-retry=&quot;0&quot;&gt;&lt;/picture&gt;Official booking partner of UPSRTC&lt;/div&gt;&lt;/div&gt;&lt;div class=&quot;footer&quot;&gt;&lt;div class=&quot;rtcOfferCarousel&quot;&gt;&lt;div class=&quot;inner&quot;&gt;&lt;div class=&quot;carousel-item&quot; style=&quot;width: 100%;&quot;&gt;&lt;div class=&quot;offerText&quot;&gt; &lt;div class=&quot;sc-kgAjT FqZPa&quot;&gt;24*7 customer service (Call or chat)&lt;/div&gt;&lt;/div&gt;&lt;/div&gt;&lt;div class=&quot;carousel-item&quot; style=&quot;width: 100%;&quot;&gt;&lt;div class=&quot;offerText&quot;&gt; &lt;div class=&quot;sc-kgAjT FqZPa&quot;&gt;Get instant refund with UPI payments&lt;/div&gt;&lt;/div&gt;&lt;/div&gt;&lt;div class=&quot;carousel-item&quot; style=&quot;width: 100%;&quot;&gt;&lt;div class=&quot;offerText&quot;&gt; &lt;div class=&quot;sc-kgAjT FqZPa&quot;&gt;redBus is the most trusted place to book UPSRTC tickets online&lt;/div&gt;&lt;/div&gt;&lt;/div&gt;&lt;/div&gt;&lt;/div&gt;&lt;/div&gt;&lt;/div&gt;&lt;span class=&quot;sc-ksYbfQ nuNba&quot;&gt;&lt;span class=&quot;sc-hmzhuo dMsnin&quot;&gt;&lt;i class=&quot;sc-frDJqD imPHVj icon icon-arrow_r&quot;&gt;&lt;/i&gt;&lt;/span&gt;&lt;/span&gt;&lt;/div&gt;&lt;/div&gt;&lt;/div&gt;&lt;div class=&quot;partialListContainer&quot;&gt;&lt;div class=&quot;partialList &quot;&gt;&lt;div class=&quot;AboutUs__AboutUsContainer-w9osof-0 hmZTra&quot;&gt;&lt;div class=&quot;AboutUs__AboutUsLeftSection-w9osof-1 hftiKz&quot;&gt;&lt;div class=&quot;AboutUs__AboutUsLeftTopSection-w9osof-2 gqclGK&quot;&gt;&lt;h2 class=&quot;AboutUs__Heading-w9osof-3 lmIkvI&quot;&gt; NOW, &lt;b&gt;GET MORE THAN JUST BUS&lt;/b&gt; TICKETS WITH REDBUS!&lt;/h2&gt;&lt;div class=&quot;AboutUs__LobSection-w9osof-4 bDiAZW&quot;&gt;&lt;div class=&quot;AboutUs__LobContainer-w9osof-5 RYGPu&quot;&gt;&lt;div class=&quot;AboutUs__BusinessUnit-w9osof-7 bUBqPh&quot;&gt;&lt;picture class=&quot;&quot;&gt;&lt;source type=&quot;image/webp&quot;&gt;&lt;img loading=&quot;lazy&quot; src=&quot;https://s3.rdbuz.com/web/images/layout/rail_vertical.svg&quot; alt=&quot;Online Train Tickets Booking&quot; title=&quot;Online Train Tickets Booking&quot; data-retry=&quot;0&quot;&gt;&lt;/picture&gt;&lt;div class=&quot;AboutUs__BusinessText-w9osof-6 WKmnh&quot;&gt; Train Tickets&lt;/div&gt;&lt;/div&gt;&lt;div class=&quot;footerBorderSelected&quot;&gt;&lt;/div&gt;&lt;/div&gt;&lt;/div&gt;&lt;/div&gt;&lt;div class=&quot;AboutUs__InfoSection-w9osof-8 dfjedN slide-left&quot;&gt;&lt;div&gt;&lt;div class=&quot;AboutUs__InfoHeading-w9osof-9 djoeQI&quot;&gt;Book IRCTC Train Tickets on redRail simple &amp;amp; superfast booking process with no service fee + no payment gateway charge.&lt;/div&gt;&lt;div&gt;&lt;div class=&quot;AboutUs__InfoPoints-w9osof-11 diSHFQ&quot;&gt;&lt;img loading=&quot;lazy&quot; src=&quot;https://s3.rdbuz.com/web/images/homeV2/AboutUs/railAuthorized.png&quot; alt=&quot;Authorised IRCTC Partner&quot; title=&quot;Authorised IRCTC Partner&quot; class=&quot;AboutUs__InfoImage-w9osof-15 kttewD&quot;&gt;&lt;div class=&quot;AboutUs__Info-w9osof-12 ezqKx&quot;&gt;Authorised IRCTC Partner&lt;/div&gt;&lt;/div&gt;&lt;div class=&quot;AboutUs__InfoPoints-w9osof-11 diSHFQ&quot;&gt;&lt;img loading=&quot;lazy&quot; src=&quot;https://s2.rdbuz.com/web/images/homeV2/AboutUs/railHasslefree.svg&quot; alt=&quot;Instant refunds on UPI payments&quot; title=&quot;Instant refunds on UPI payments&quot; class=&quot;AboutUs__InfoImage-w9osof-15 kttewD&quot;&gt;&lt;div class=&quot;AboutUs__Info-w9osof-12 ezqKx&quot;&gt;Instant refunds on UPI payments&lt;/div&gt;&lt;/div&gt;&lt;div class=&quot;AboutUs__InfoPoints-w9osof-11 diSHFQ&quot;&gt;&lt;img loading=&quot;lazy&quot; src=&quot;https://s1.rdbuz.com/web/images/homeV2/AboutUs/railrefunds.svg&quot; alt=&quot;Hassle- free customer support&quot; title=&quot;Hassle- free customer support&quot; class=&quot;AboutUs__InfoImage-w9osof-15 kttewD&quot;&gt;&lt;div class=&quot;AboutUs__Info-w9osof-12 ezqKx&quot;&gt;Hassle- free customer support&lt;/div&gt;&lt;/div&gt;&lt;/div&gt;&lt;/div&gt;&lt;a href=&quot;https://www.redbus.in/railways&quot; class=&quot;AboutUs__BookOption-w9osof-13 cNxDQy&quot;&gt;Book Train Tickets&lt;i class=&quot;aboutUsIcon icon-thick_Right_arrow&quot;&gt;&lt;/i&gt;&lt;/a&gt;&lt;/div&gt;&lt;/div&gt;&lt;div class=&quot;AboutUs__AboutUsRightSection-w9osof-14 llQVfu&quot;&gt;&lt;picture class=&quot;&quot;&gt;&lt;source srcset=&quot;&quot; type=&quot;image/webp&quot;&gt;&lt;img class=&quot;abtUsBg&quot; loading=&quot;lazy&quot; src=&quot;https://s3.rdbuz.com/web/images/homeV2/AboutUs/aboutUsImg.svg&quot; alt=&quot;aboutUsBg&quot; title=&quot;image&quot; data-retry=&quot;0&quot; style=&quot;height: 38.5rem; width: 35.5rem;&quot;&gt;&lt;/picture&gt;&lt;picture class=&quot;&quot;&gt;&lt;source srcset=&quot;https://s3.rdbuz.com/web/images/homeV2/AboutUs/railPop.webp&quot; type=&quot;image/webp&quot;&gt;&lt;img loading=&quot;lazy&quot; src=&quot;https://s3.rdbuz.com/web/images/homeV2/AboutUs/railPop.png&quot; alt=&quot;Online Train Tickets Booking&quot; title=&quot;Online Train Tickets Booking&quot; data-retry=&quot;0&quot; style=&quot;height: 612px; width: 634px;&quot;&gt;&lt;/picture&gt;&lt;/div&gt;&lt;/div&gt;&lt;/div&gt;&lt;div class=&quot;partialList &quot;&gt;&lt;div class=&quot;appInstallWrapper&quot;&gt;&lt;div width=&quot;&quot; keypoints=&quot;Quick access,Superior live tracking&quot; class=&quot;AppInstallSection__AppInstallContainer-sc-11kc14c-0 fAiJnC&quot;&gt;&lt;div class=&quot;AppInstallSection__AppInstallContentContainer-sc-11kc14c-16 gdJSvc&quot;&gt;&lt;h2 class=&quot;AppInstallSection__Heading-sc-11kc14c-1 iFChzb&quot;&gt;ENJOY THE APP!&lt;/h2&gt;&lt;div class=&quot;AppInstallSection__AppInstallWrapper-sc-11kc14c-2 gSrgud&quot;&gt;&lt;div class=&quot;AppInstallSection__AppInfoSection-sc-11kc14c-3 tpNfr&quot;&gt;&lt;div class=&quot;AppInstallSection__KeyFeatureSection-sc-11kc14c-5 dDiFnv&quot;&gt;&lt;div class=&quot;AppInstallSection__KeyPointsContainer-sc-11kc14c-10 hLlVDH&quot;&gt;&lt;img loading=&quot;lazy&quot; src=&quot;https://s3.rdbuz.com/web/images/homeV2/appinstall/tick.svg&quot; alt=&quot;tick&quot; class=&quot;AppInstallSection__TickImg-sc-11kc14c-11 cwbbAV&quot;&gt;&lt;text class=&quot;AppInstallSection__KeyPoints-sc-11kc14c-6 hmHfUO&quot;&gt;Quick access&lt;/text&gt;&lt;/div&gt;&lt;div class=&quot;AppInstallSection__KeyPointsContainer-sc-11kc14c-10 hLlVDH&quot;&gt;&lt;img loading=&quot;lazy&quot; src=&quot;https://s3.rdbuz.com/web/images/homeV2/appinstall/tick.svg&quot; alt=&quot;tick&quot; class=&quot;AppInstallSection__TickImg-sc-11kc14c-11 cwbbAV&quot;&gt;&lt;text class=&quot;AppInstallSection__KeyPoints-sc-11kc14c-6 hmHfUO&quot;&gt;Superior live tracking&lt;/text&gt;&lt;/div&gt;&lt;/div&gt;&lt;div class=&quot;AppInstallSection__RateSection-sc-11kc14c-13 dwCJDC&quot;&gt;&lt;div class=&quot;AppInstallSection__RatingSection-sc-11kc14c-7 iCQNyJ&quot;&gt;&lt;text class=&quot;AppInstallSection__RatingText-sc-11kc14c-8 hANHxD&quot;&gt;&lt;label&gt;4.5&lt;/label&gt;&lt;i class=&quot;AppInstallSection__StarIcon-sc-11kc14c-12 iVRoGq icon icon-appinstallstar&quot;&gt;&lt;/i&gt;&lt;/text&gt;&lt;text class=&quot;AppInstallSection__DownloadsText-sc-11kc14c-9 gXIehj&quot;&gt;50M+ downloads&lt;/text&gt;&lt;div class=&quot;AppInstallSection__StoreName-sc-11kc14c-15 hbygOL&quot;&gt;Play Store&lt;/div&gt;&lt;/div&gt;&lt;div class=&quot;AppInstallSection__Line-sc-11kc14c-14 iGrYiA&quot;&gt;&lt;/div&gt;&lt;div class=&quot;AppInstallSection__RatingSection-sc-11kc14c-7 iCQNyJ&quot;&gt;&lt;text class=&quot;AppInstallSection__RatingText-sc-11kc14c-8 hANHxD&quot;&gt;&lt;label&gt;4.6&lt;/label&gt;&lt;i class=&quot;AppInstallSection__StarIcon-sc-11kc14c-12 iVRoGq icon icon-appinstallstar&quot;&gt;&lt;/i&gt;&lt;/text&gt;&lt;text class=&quot;AppInstallSection__DownloadsText-sc-11kc14c-9 gXIehj&quot;&gt;50M+ downloads&lt;/text&gt;&lt;div class=&quot;AppInstallSection__StoreName-sc-11kc14c-15 hbygOL&quot;&gt;App Store&lt;/div&gt;&lt;/div&gt;&lt;/div&gt;&lt;/div&gt;&lt;div class=&quot;AppInstallSection__AppInstallRightContainer-sc-11kc14c-4 cdJJWu&quot;&gt;&lt;div class=&quot;QrCodeAndPlaystoreSection__QrSectionWrapper-sc-1xehksy-0 bMrmVv&quot;&gt;&lt;div class=&quot;QrCodeAndPlaystoreSection__QrContainer-sc-1xehksy-1 eoedlF&quot;&gt;&lt;text class=&quot;QrCodeAndPlaystoreSection__DownLoadText-sc-1xehksy-2 bTqpAa&quot;&gt;Scan to download&lt;/text&gt;&lt;img loading=&quot;lazy&quot; src=&quot;https://s1.rdbuz.com/web/images/homeV2/qrCode.svg&quot; alt=&quot;QrCodeImg&quot; class=&quot;QrCodeAndPlaystoreSection__QrImg-sc-1xehksy-3 bGbiZT&quot;&gt;&lt;/div&gt;&lt;div class=&quot;QrCodeAndPlaystoreSection__DownloadLinkSection-sc-1xehksy-4 eYNFNU&quot;&gt;&lt;text class=&quot;QrCodeAndPlaystoreSection__DownLoadText-sc-1xehksy-2 bTqpAa&quot;&gt;Download the App on&lt;/text&gt;&lt;div class=&quot;QrCodeAndPlaystoreSection__DownloadImgConatiner-sc-1xehksy-6 gcJXJQ&quot;&gt;&lt;img loading=&quot;lazy&quot; src=&quot;https://s2.rdbuz.com/web/images/homeV2/appinstall/playStore.svg&quot; alt=&quot;playstore&quot; height=&quot;42px&quot; width=&quot;145px&quot; class=&quot;QrCodeAndPlaystoreSection__PlayStoreImg-sc-1xehksy-5 jNnyJy&quot;&gt;&lt;img loading=&quot;lazy&quot; src=&quot;https://s3.rdbuz.com/web/images/homeV2/appinstall/appStore.svg&quot; alt=&quot;AppStoreImg&quot; height=&quot;46px&quot; width=&quot;147px&quot; class=&quot;QrCodeAndPlaystoreSection__PlayStoreImg-sc-1xehksy-5 bjjyQY&quot;&gt;&lt;/div&gt;&lt;/div&gt;&lt;/div&gt;&lt;/div&gt;&lt;/div&gt;&lt;/div&gt;&lt;/div&gt;&lt;/div&gt;&lt;/div&gt;&lt;div class=&quot;partialList &quot;&gt;&lt;div class=&quot;primoWrapper&quot;&gt;&lt;div class=&quot;sc-fBuWsC fgImjO&quot;&gt;&lt;picture class=&quot;&quot;&gt;&lt;source srcset=&quot;https://s3.rdbuz.com/images/webplatform/india/primoHomeBannerComp.webp&quot; type=&quot;image/webp&quot;&gt;&lt;img loading=&quot;lazy&quot; src=&quot;https://s3.rdbuz.com/images/webplatform/india/primoHomeBannerComp.png&quot; alt=&quot;primoImg&quot; title=&quot;image&quot; data-retry=&quot;0&quot; style=&quot;width: 50rem; height: 34.5rem; border-radius: 2.5rem 0px 0px 2.5rem;&quot;&gt;&lt;/picture&gt;&lt;div class=&quot;sc-fMiknA fHJQdS&quot;&gt;&lt;div class=&quot;sc-dVhcbM jUwprP&quot;&gt;&lt;div class=&quot;sc-fAjcbJ doveOF icon icon-primoTimer&quot;&gt;&lt;/div&gt;&lt;div class=&quot;sc-eqIVtm gdEfr&quot;&gt;&lt;div class=&quot;sc-caSCKo bABfGF&quot;&gt;On Time&lt;/div&gt;&lt;div class=&quot;sc-gisBJw bsjJEx&quot;&gt;Punctual arrivals on 95% trips&lt;/div&gt;&lt;/div&gt;&lt;/div&gt;&lt;div class=&quot;sc-dVhcbM jUwprP&quot;&gt;&lt;div class=&quot;sc-fAjcbJ doveOF icon icon-primoCourteous&quot;&gt;&lt;/div&gt;&lt;div class=&quot;sc-eqIVtm gdEfr&quot;&gt;&lt;div class=&quot;sc-caSCKo bABfGF&quot;&gt;Friendly Staff&lt;/div&gt;&lt;div class=&quot;sc-gisBJw bsjJEx&quot;&gt;Always ready to help&lt;/div&gt;&lt;/div&gt;&lt;/div&gt;&lt;div class=&quot;sc-dVhcbM jUwprP&quot;&gt;&lt;div class=&quot;sc-fAjcbJ doveOF icon icon-primoStar&quot;&gt;&lt;/div&gt;&lt;div class=&quot;sc-eqIVtm gdEfr&quot;&gt;&lt;div class=&quot;sc-caSCKo bABfGF&quot;&gt;Top Rated&lt;/div&gt;&lt;div class=&quot;sc-gisBJw bsjJEx&quot;&gt;Buses with 4+ star rating&lt;/div&gt;&lt;/div&gt;&lt;/div&gt;&lt;/div&gt;&lt;/div&gt;&lt;/div&gt;&lt;/div&gt;&lt;div class=&quot;lastPartialList &quot;&gt;&lt;/div&gt;&lt;/div&gt;&lt;div class=&quot;globalPresenceHomeV2&quot;&gt;&lt;div class=&quot;GlobalPresence__GlobalPresenceSection-sc-1dii3hq-0 eHkZYY&quot;&gt;&lt;h2 class=&quot;GlobalPresence__GlobalPresenceTitle-sc-1dii3hq-1 jwAkFD&quot;&gt;Global Presence&lt;/h2&gt;&lt;div class=&quot;GlobalPresence__GlobalPresenceWrap-sc-1dii3hq-2 fFdjF&quot;&gt;&lt;div class=&quot;GlobalPresence__GeoDataWrap-sc-1dii3hq-3 dkaOOH&quot;&gt;&lt;picture class=&quot;&quot;&gt;&lt;source type=&quot;image/webp&quot;&gt;&lt;img class=&quot;geo-image&quot; loading=&quot;lazy&quot; src=&quot;https://s3.rdbuz.com/web/images/homeV2/LATAM/GlobalPresencev2/Colombia.svg&quot; alt=&quot;redBus Colombia&quot; title=&quot;redBus Colombia&quot; data-retry=&quot;0&quot;&gt;&lt;/picture&gt;&lt;div class=&quot;GlobalPresence__GeoTitle-sc-1dii3hq-5 fxCzCB&quot;&gt;Colombia&lt;/div&gt;&lt;/div&gt;&lt;div class=&quot;GlobalPresence__GeoDataWrap-sc-1dii3hq-3 dkaOOH&quot;&gt;&lt;picture class=&quot;&quot;&gt;&lt;source type=&quot;image/webp&quot;&gt;&lt;img class=&quot;geo-image&quot; loading=&quot;lazy&quot; src=&quot;https://s3.rdbuz.com/web/images/homeV2/LATAM/GlobalPresencev2/India.svg&quot; alt=&quot;redBus India&quot; title=&quot;redBus India&quot; data-retry=&quot;0&quot;&gt;&lt;/picture&gt;&lt;div class=&quot;GlobalPresence__GeoTitle-sc-1dii3hq-5 fxCzCB&quot;&gt;India&lt;/div&gt;&lt;/div&gt;&lt;div class=&quot;GlobalPresence__GeoDataWrap-sc-1dii3hq-3 dkaOOH&quot;&gt;&lt;picture class=&quot;&quot;&gt;&lt;source type=&quot;image/webp&quot;&gt;&lt;img class=&quot;geo-image&quot; loading=&quot;lazy&quot; src=&quot;https://s3.rdbuz.com/web/images/homeV2/LATAM/GlobalPresencev2/Indonesia.svg&quot; alt=&quot;redBus Indonesia&quot; title=&quot;redBus Indonesia&quot; data-retry=&quot;0&quot;&gt;&lt;/picture&gt;&lt;div class=&quot;GlobalPresence__GeoTitle-sc-1dii3hq-5 fxCzCB&quot;&gt;Indonesia&lt;/div&gt;&lt;/div&gt;&lt;div class=&quot;GlobalPresence__GeoDataWrap-sc-1dii3hq-3 dkaOOH&quot;&gt;&lt;picture class=&quot;&quot;&gt;&lt;source type=&quot;image/webp&quot;&gt;&lt;img class=&quot;geo-image&quot; loading=&quot;lazy&quot; src=&quot;https://s3.rdbuz.com/web/images/homeV2/LATAM/GlobalPresencev2/Malaysia.svg&quot; alt=&quot;redBus Malaysia&quot; title=&quot;redBus Malaysia&quot; data-retry=&quot;0&quot;&gt;&lt;/picture&gt;&lt;div class=&quot;GlobalPresence__GeoTitle-sc-1dii3hq-5 fxCzCB&quot;&gt;Malaysia&lt;/div&gt;&lt;/div&gt;&lt;div class=&quot;GlobalPresence__GeoDataWrap-sc-1dii3hq-3 dkaOOH&quot;&gt;&lt;picture class=&quot;&quot;&gt;&lt;source type=&quot;image/webp&quot;&gt;&lt;img class=&quot;geo-image&quot; loading=&quot;lazy&quot; src=&quot;https://s3.rdbuz.com/web/images/homeV2/LATAM/GlobalPresencev2/Peru.svg&quot; alt=&quot;redBus Peru&quot; title=&quot;redBus Peru&quot; data-retry=&quot;0&quot;&gt;&lt;/picture&gt;&lt;div class=&quot;GlobalPresence__GeoTitle-sc-1dii3hq-5 fxCzCB&quot;&gt;Peru&lt;/div&gt;&lt;/div&gt;&lt;div class=&quot;GlobalPresence__GeoDataWrap-sc-1dii3hq-3 dkaOOH&quot;&gt;&lt;picture class=&quot;&quot;&gt;&lt;source type=&quot;image/webp&quot;&gt;&lt;img class=&quot;geo-image&quot; loading=&quot;lazy&quot; src=&quot;https://s3.rdbuz.com/web/images/homeV2/LATAM/GlobalPresencev2/Singapore.svg&quot; alt=&quot;redBus Singapore&quot; title=&quot;redBus Singapore&quot; data-retry=&quot;0&quot;&gt;&lt;/picture&gt;&lt;div class=&quot;GlobalPresence__GeoTitle-sc-1dii3hq-5 fxCzCB&quot;&gt;Singapore&lt;/div&gt;&lt;/div&gt;&lt;div class=&quot;GlobalPresence__GeoDataWrap-sc-1dii3hq-3 dkaOOH&quot;&gt;&lt;picture class=&quot;&quot;&gt;&lt;source type=&quot;image/webp&quot;&gt;&lt;img class=&quot;geo-image&quot; loading=&quot;lazy&quot; src=&quot;https://s3.rdbuz.com/web/images/homeV2/LATAM/GlobalPresence/Vietnam.svg&quot; alt=&quot;redBus Vietnam&quot; title=&quot;redBus Vietnam&quot; data-retry=&quot;0&quot;&gt;&lt;/picture&gt;&lt;div class=&quot;GlobalPresence__GeoTitle-sc-1dii3hq-5 fxCzCB&quot;&gt;Vietnam&lt;/div&gt;&lt;/div&gt;&lt;div class=&quot;GlobalPresence__GeoDataWrap-sc-1dii3hq-3 dkaOOH&quot;&gt;&lt;picture class=&quot;&quot;&gt;&lt;source type=&quot;image/webp&quot;&gt;&lt;img class=&quot;geo-image&quot; loading=&quot;lazy&quot; src=&quot;https://s3.rdbuz.com/web/images/homeV2/LATAM/GlobalPresence/Cambodia.svg&quot; alt=&quot;redBus Cambodia&quot; title=&quot;redBus Cambodia&quot; data-retry=&quot;0&quot;&gt;&lt;/picture&gt;&lt;div class=&quot;GlobalPresence__GeoTitle-sc-1dii3hq-5 fxCzCB&quot;&gt;Cambodia&lt;/div&gt;&lt;/div&gt;&lt;/div&gt;&lt;/div&gt;&lt;/div&gt;&lt;/div&gt;
                    &lt;div class=&quot;seoPartialListContainer&quot; style=&quot; margin: 0 7.5rem 0rem 7.5rem; display: flex; flex-direction: column;&quot;&gt;
                            &lt;div style=&quot;margin-bottom: 5.625rem;&quot;&gt;


&lt;script&gt;
    var seoContentPartialBody =  &quot;\u003cp\u003eredBus is India\u0027s largest brand for online bus ticket booking and offers an easy-to-use online bus and \u003ca href=\u0022/train-tickets\u0022 target=\u0022_self\u0022\u003etrain ticket \u003c/a\u003e booking; with over 36 million satisfied customers, 3500+ bus operators to choose from, and plenty of offers on bus ticket booking, redBus makes road journeys super convenient for travellers. A leading platform for booking bus tickets, redBus has been the leader in online bus booking over the past 17 years across thousands of cities and lakhs of routes in India.\u003c/p\u003e\n\u003cp\u003eBooking a bus ticket online on the redBus app or website is very simple. You can download the redBus app or visit redbus.in and enter your source, destination \u0026amp; travel date to check the top-rated bus services available. You can then compare bus prices, user ratings \u0026amp; amenities, select your preferred seat, boarding \u0026amp; dropping points and pay using multiple payment options like UPI, debit or credit card, net banking and more. With redBus, get assured safe \u0026amp; secure payment methods and guaranteed travel with the best seat and bus operator of your choice. Once the bus booking payment is confirmed, all you have to do is pack your bags and get ready to travel with the m-ticket, which you can show to the bus operator on your mobile before boarding the bus. Online bus ticket booking with redBus is that simple!\u003c/p\u003e\n\u003cp\u003eredBus also offers other exclusive benefits on online bus tickets like flexible ticket rescheduling options, easy \u0026amp; friendly cancellation policies, and instant payment refunds. With a live bus tracking feature, you can plan travel and never miss the bus. You can get the cheapest bus tickets by availing the best discounts for new \u0026amp; existing customers. With redDeals, you can also get exclusive \u0026amp; additional discounts on your online bus ticket booking. You will get 24/7 customer support on call, chat \u0026amp; help to resolve all your queries in English \u0026amp; local languages.\u003c/p\u003e\n\u003cp\u003eredBus offers Primo bus services, specially curated by redBus, which have highly rated buses and best-in-class service. With Primo by redBus, you can be assured of safe, comfortable, and on-time bus service at no additional cost. With multiple boarding and dropping points available across all major cities in India, you can select at your convenience and enjoy a smooth travel experience.\u003c/p\u003e\n\u003cp\u003eredBus operates in six countries, including India, Malaysia, Singapore, Indonesia, Peru, and Colombia. Through its website and app, it has sold over 220 million bus tickets worldwide. With over 36 million satisfied customers, redBus is committed to providing its users with a world-class online bus booking experience.\u003c/p\u003e\n\u003cp\u003eredBus offers bus tickets from some of the top private bus operators, such as Orange Travels, VRL Travels, SRS Travels, Chartered Bus, and Praveen Travels, and state government bus operators, such as APSRTC, TSRTC, GSRTC, Kerala RTC, TNSTC, RSRTC, UPSRTC, and more. With redBus, customers can easily book bus tickets for different bus types, such as AC/non-AC, Sleeper, Seater, Volvo, Multi-axle, AC Sleeper, Electric buses, and more.\u003c/p\u003e\n&quot;;
    var readMoreText = &quot;Read more&quot;;
    var readLessText = &quot;Read less&quot;;
&lt;/script&gt;

&lt;style&gt;
    .contentDescription a{
        color: #0000A8;
    }
&lt;/style&gt;

&lt;div style=&quot;margin:0 auto; max-width: 1200px&quot;&gt;
    &lt;section&gt;
        &lt;h2 style=&quot; color: #1D1D1D; font-size: 2.5rem;font-style: normal;font-weight: 400;line-height: 2.5rem;&quot;&gt;BOOK BUS TICKETS ONLINE&lt;/h2&gt;
        &lt;div class=&quot;contentDescription&quot; style=&quot;color: #1D1D1D; font-size: 1rem;font-weight: 400;line-height: 2rem&quot;&gt;&lt;p&gt;redBus is India&#039;s largest brand for online bus ticket booking and offers an easy-to-use online bus and &lt;a href=&quot;/train-tickets&quot; target=&quot;_self&quot;&gt;train ticket &lt;/a&gt; booking; with over 36 million satisfied customers, 3500+ bus operators to choose from, and plenty of offers on bus ticket booking, redBus makes road journeys super convenient for travellers. A leading platform for booking bus tickets, redBus has been the leader in online bus booking over the past 17 years across thousands of cities and lakhs of routes in India.&lt;/p&gt;
&lt;p&gt;Booking a bus ticket online on the redBus app or website is very simple. You can download the redBus app or visit redbus.in and enter your source, destination &amp;amp; travel date to check the top-rated bus services available. You can then compare bus prices, user ratings &amp;amp; amenities, select your preferred seat, boarding &amp;amp; dropping points and pay using multiple payment options like UPI, debit or credit card, net banking and more. With redBus, get assured safe &amp;amp; secure payment methods and guaranteed travel with the best s&lt;span&gt;...&lt;/span&gt;&lt;span id=&quot;more&quot; class=&quot;viewTextMore&quot; style=&quot;color: #00E; font-size: 1rem; font-style: normal; font-weight: 500; line-height: 2rem; cursor: pointer;&quot;&gt; Read more&lt;/span&gt;&lt;/p&gt;&lt;/div&gt;
    &lt;/section&gt;
&lt;/div&gt;                            &lt;/div&gt;
                            &lt;div style=&quot;margin-bottom: 5.625rem;&quot;&gt;
&lt;section id=&quot;DC_254&quot; style=&quot;max-width: 1200px; margin: 0 auto&quot;&gt;
    &lt;div&gt;
        &lt;h2 style=&quot;margin: 1rem 0;color: #1d1d1d;font-size: 2.5rem;font-style: normal;font-weight: 400&quot;&gt;Bus Booking redDeals on redBus &lt;/h2&gt;
    &lt;/div&gt;
    &lt;div style=&quot;margin-bottom: 1.5rem; font-weight: 500; font-size: 1rem; line-height: 2rem;&quot;&gt;&lt;p&gt;Don&#039;t miss out on these incredible offers, book your bus tickets now and travel with convenience and affordability. Hurry, grab the best bus booking deals before they&#039;re gone!&lt;/p&gt;
&lt;/div&gt;
    &lt;div style=&quot; border: 1px solid #e0e0e0; border-radius: 1.25rem; box-sizing: border-box; margin: 1.5rem 0; padding: 1.75rem 1.5rem; cursor: pointer; display: flex; align-items: center; background-repeat: no-repeat; background-position: 50%; background-size: contain;&quot;&gt;
        &lt;i class=&quot;icon-BUS_Icon_selected&quot; style=&quot;font-size: 4em; margin: 0 1.75rem;color: #d84e55 !important;&quot;&gt;&lt;/i&gt;
        &lt;div style=&quot;flex: 1 0 0;&quot;&gt;
            &lt;p style=&quot;margin-bottom: 16px; font-size: 1.5rem; font-weight: 600;&quot;&gt;Unlock Unbeatable Exclusive&lt;!-- --&gt;  redDeals!&lt;!-- --&gt; &lt;span style=&quot;color: #d84e55; font-size: 1.75rem;&quot;&gt;20% OFF&lt;/span&gt;&lt;/p&gt;
            &lt;p style=&quot;font-weight: 600;&quot;&gt;
                &lt;span style=&quot;color: #d84e55; font-size: 1rem;&quot;&gt;3224&lt;/span&gt;
                &lt;!-- --&gt;Deals
                &lt;span style=&quot; border-right: 1px solid #000; margin: 0 0.5em;&quot;&gt;&lt;/span&gt;
                &lt;span style=&quot;color: #d84e55; font-size: 1rem;&quot;&gt;1424&lt;/span&gt;
                 &lt;!-- --&gt;Bus Operators
                 &lt;span style=&quot; border-right: 1px solid #000; margin: 0 0.5em;&quot;&gt;&lt;/span&gt;
                 &lt;span style=&quot;color: #d84e55; font-size: 1rem;&quot;&gt;233611&lt;/span&gt;
                &lt;!-- --&gt;Routes
            &lt;/p&gt;
        &lt;/div&gt;
        &lt;button style=&quot;background-color: #d84e55; font-weight: 600; color: #fff; border-radius: 8px; height: 3rem; width: 8.313rem; cursor: pointer; margin-right: 1.5rem; border: none;&quot; onclick=&quot;onClickScrollTop()&quot;&gt;Book now&lt;/button&gt;
    &lt;/div&gt;
&lt;/section&gt;
&lt;script defer=&quot;&quot;&gt;
    function onClickScrollTop(){
        window.scrollTo({
            top: 0,
            left: 0,
            behavior: &#039;smooth&#039;
        })
    }
&lt;/script&gt;                            &lt;/div&gt;
                            &lt;div style=&quot;margin-bottom: 5.625rem;&quot; class=&quot;lastPartial&quot;&gt;


&lt;style&gt;
        .faqAns a{
            color: #0000A8;
        }
        .faqHeadSection{
            display: flex;
            gap: 2rem;
            margin-bottom: 2rem;
            color: #1D1D1D;
            overflow: scroll hidden;
            white-space: nowrap;
            -ms-overflow-style: none; /* for Internet Explorer, Edge */
            scrollbar-width: none; /* for Firefox */
        }
        .faqHeadSection::-webkit-scrollbar {
            display: none;
        }

        .faqHeadText{
            font-size: 1rem;
            line-height: 1.5rem;
            margin: .75rem 0.5rem;
        }

        .faqBotomBorder{
             border-bottom: 3px solid transparent;
             border-radius: 3px 3px 0px 0px;
        }

        .Active .faqHeadText{
            color: #D84E55;
        }

        .Active .faqBotomBorder{
            border-bottom: 3px solid #D84E55;
            border-radius: 3px 3px 0px 0px;
        }
         .faqHeadTiles:hover  .faqBotomBorder{
            border-bottom: 3px solid #D1D1D1;
            border-radius: 3px 3px 0px 0px;
        }

        .Active:hover  .faqBotomBorder{
            border-bottom: 3px solid #D84E55;
            border-radius: 3px 3px 0px 0px;
        }
&lt;/style&gt;

    &lt;section style=&quot;display: flex; flex-direction: column; margin: 0 auto; max-width: 1200px;&quot; itemscope=&quot;&quot; itemtype=&quot;https://schema.org/FAQPage&quot;&gt;
       &lt;h2 style=&quot; font-weight: 400; margin: 0 0 2.5rem 0; font-size: 2.5rem; line-height: 2.5rem; color: #1D1D1D;&quot;&gt;FAQs related to Bus Tickets Booking&lt;/h2&gt;
        &lt;div&gt;
            &lt;div class=&quot;faqHeadSection &quot;&gt;
                    &lt;div id=&quot;0&quot; class=&quot;faqHeadTiles Active&quot; style=&quot;cursor: pointer;&quot;&gt;
                        &lt;div class=&quot;faqHeadText&quot;&gt;General&lt;/div&gt;
                        &lt;div class=&quot;faqBotomBorder&quot;&gt;&lt;/div&gt;
                    &lt;/div&gt;
                    &lt;div id=&quot;1&quot; class=&quot;faqHeadTiles&quot; style=&quot;cursor: pointer;&quot;&gt;
                        &lt;div class=&quot;faqHeadText&quot;&gt;Ticket-related&lt;/div&gt;
                        &lt;div class=&quot;faqBotomBorder&quot;&gt;&lt;/div&gt;
                    &lt;/div&gt;
                    &lt;div id=&quot;2&quot; class=&quot;faqHeadTiles&quot; style=&quot;cursor: pointer;&quot;&gt;
                        &lt;div class=&quot;faqHeadText&quot;&gt;Payment&lt;/div&gt;
                        &lt;div class=&quot;faqBotomBorder&quot;&gt;&lt;/div&gt;
                    &lt;/div&gt;
                    &lt;div id=&quot;3&quot; class=&quot;faqHeadTiles&quot; style=&quot;cursor: pointer;&quot;&gt;
                        &lt;div class=&quot;faqHeadText&quot;&gt;Cancellation &amp;amp; Refund&lt;/div&gt;
                        &lt;div class=&quot;faqBotomBorder&quot;&gt;&lt;/div&gt;
                    &lt;/div&gt;
                    &lt;div id=&quot;4&quot; class=&quot;faqHeadTiles&quot; style=&quot;cursor: pointer;&quot;&gt;
                        &lt;div class=&quot;faqHeadText&quot;&gt;Insurance&lt;/div&gt;
                        &lt;div class=&quot;faqBotomBorder&quot;&gt;&lt;/div&gt;
                    &lt;/div&gt;
            &lt;/div&gt;
            &lt;div class=&quot;faqQnaContainer&quot; style=&quot; display: flex;&quot;&gt;
                    &lt;div class=&quot;faqQnaSection&quot; style=&quot;display: flex; flex-direction: column; gap: 1.5rem; width: 100%;&quot;&gt;
                            &lt;div class=&quot;faqQuestionSection&quot; style=&quot; border-radius: 1rem; border: 1px solid #F3F4F9; padding: 1.75rem 1.5rem; font-size: 14px; line-height: 20px; color: #1D1D1D; cursor: pointer;&quot; itemscope=&quot;&quot; itemprop=&quot;mainEntity&quot; itemtype=&quot;https://schema.org/Question&quot;&gt;
                                &lt;div style=&quot;display:flex; justify-content: space-between; align-items: center; font-weight: 700;&quot;&gt;
                                   &lt;span itemprop=&quot;name&quot;&gt; Can I track the location of my booked bus online? &lt;/span&gt; 
                                    &lt;i class=&quot;plusMinus icon icon-plusv2&quot; style=&quot;font-size: 18px;&quot;&gt;&lt;/i&gt;
                                &lt;/div&gt;
                                &lt;div class=&quot;faqAns hide&quot; itemscope=&quot;&quot; itemprop=&quot;acceptedAnswer&quot; itemtype=&quot;https://schema.org/Answer&quot;&gt;
                                   &lt;span itemprop=&quot;text&quot;&gt; &lt;p&gt;Yes, you can track your bus online by using our bus tracking app feature called “Track My Bus”. This feature allows passengers and their families to track the live bus location. You may follow your bus on a map and use the information to plan your trip to the boarding point and to get off at the correct stop. Family and friends may also check the bus position to schedule pick-ups and ensure safety.&lt;/p&gt; &lt;/span&gt;  
                                &lt;/div&gt;
                            &lt;/div&gt;
                            &lt;div class=&quot;faqQuestionSection&quot; style=&quot; border-radius: 1rem; border: 1px solid #F3F4F9; padding: 1.75rem 1.5rem; font-size: 14px; line-height: 20px; color: #1D1D1D; cursor: pointer;&quot; itemscope=&quot;&quot; itemprop=&quot;mainEntity&quot; itemtype=&quot;https://schema.org/Question&quot;&gt;
                                &lt;div style=&quot;display:flex; justify-content: space-between; align-items: center; font-weight: 700;&quot;&gt;
                                   &lt;span itemprop=&quot;name&quot;&gt; What are the advantages of purchasing a bus ticket with redBus? &lt;/span&gt; 
                                    &lt;i class=&quot;plusMinus icon icon-plusv2&quot; style=&quot;font-size: 18px;&quot;&gt;&lt;/i&gt;
                                &lt;/div&gt;
                                &lt;div class=&quot;faqAns hide&quot; itemscope=&quot;&quot; itemprop=&quot;acceptedAnswer&quot; itemtype=&quot;https://schema.org/Answer&quot;&gt;
                                   &lt;span itemprop=&quot;text&quot;&gt; &lt;p&gt;There are many advantages to purchasing online bus tickets with redBus. redBus is India’s most trusted bus ticket company, where you can book any type of private or government-owned bus. redBus allows you to find the different types of buses, choose the preferred bus seats, and find your nearest boarding and dropping points. You can also filter the buses based on timings, like morning, evening, etc.&amp;nbsp;&lt;/p&gt; &lt;/span&gt;  
                                &lt;/div&gt;
                            &lt;/div&gt;
                            &lt;div class=&quot;faqQuestionSection&quot; style=&quot; border-radius: 1rem; border: 1px solid #F3F4F9; padding: 1.75rem 1.5rem; font-size: 14px; line-height: 20px; color: #1D1D1D; cursor: pointer;&quot; itemscope=&quot;&quot; itemprop=&quot;mainEntity&quot; itemtype=&quot;https://schema.org/Question&quot;&gt;
                                &lt;div style=&quot;display:flex; justify-content: space-between; align-items: center; font-weight: 700;&quot;&gt;
                                   &lt;span itemprop=&quot;name&quot;&gt; Why book bus tickets online on redBus? &lt;/span&gt; 
                                    &lt;i class=&quot;plusMinus icon icon-plusv2&quot; style=&quot;font-size: 18px;&quot;&gt;&lt;/i&gt;
                                &lt;/div&gt;
                                &lt;div class=&quot;faqAns hide&quot; itemscope=&quot;&quot; itemprop=&quot;acceptedAnswer&quot; itemtype=&quot;https://schema.org/Answer&quot;&gt;
                                   &lt;span itemprop=&quot;text&quot;&gt; &lt;p&gt;Booking bus tickets online on redBus is increasingly becoming the preferred choice for travellers due to its numerous advantages over traditional methods. With redBus, customers can book their bus tickets effortlessly from the comfort of their homes, avoiding the inconvenience of standing in long lines at bus stations or travel agencies. Online bus booking offers the luxury of comparing different bus schedules and operators and presents various discount offers and exclusive deals, resulting in significant savings. Payment security is another notable feature of online booking, which ensures that your financial information is well-protected against fraud. Additionally, customers can pick their seats, providing a customized travel experience. Online bus booking platforms give real-time updates about any changes in the bus timetable, including delays or cancellations, enabling better planning. The convenience doesn&#039;t stop here; travellers can even compare onboard amenities like charging points or snacks, further enhancing the travel experience.&lt;/p&gt; &lt;/span&gt;  
                                &lt;/div&gt;
                            &lt;/div&gt;
                            &lt;div class=&quot;faqQuestionSection&quot; style=&quot; border-radius: 1rem; border: 1px solid #F3F4F9; padding: 1.75rem 1.5rem; font-size: 14px; line-height: 20px; color: #1D1D1D; cursor: pointer;&quot; itemscope=&quot;&quot; itemprop=&quot;mainEntity&quot; itemtype=&quot;https://schema.org/Question&quot;&gt;
                                &lt;div style=&quot;display:flex; justify-content: space-between; align-items: center; font-weight: 700;&quot;&gt;
                                   &lt;span itemprop=&quot;name&quot;&gt; Do I need to create an account on the redBus site to book my bus ticket?  &lt;/span&gt; 
                                    &lt;i class=&quot;plusMinus icon icon-plusv2&quot; style=&quot;font-size: 18px;&quot;&gt;&lt;/i&gt;
                                &lt;/div&gt;
                                &lt;div class=&quot;faqAns hide&quot; itemscope=&quot;&quot; itemprop=&quot;acceptedAnswer&quot; itemtype=&quot;https://schema.org/Answer&quot;&gt;
                                   &lt;span itemprop=&quot;text&quot;&gt; &lt;p&gt;No, you don’t have to create an account on the redBus site to book your bus ticket. But it is advisable to make one to accelerate the process next time you want to book bus tickets. Also, redBus has many discounts and offers that you can easily access if you have an account with us.&lt;/p&gt; &lt;/span&gt;  
                                &lt;/div&gt;
                            &lt;/div&gt;
                            &lt;div class=&quot;faqQuestionSection&quot; style=&quot; border-radius: 1rem; border: 1px solid #F3F4F9; padding: 1.75rem 1.5rem; font-size: 14px; line-height: 20px; color: #1D1D1D; cursor: pointer;&quot; itemscope=&quot;&quot; itemprop=&quot;mainEntity&quot; itemtype=&quot;https://schema.org/Question&quot;&gt;
                                &lt;div style=&quot;display:flex; justify-content: space-between; align-items: center; font-weight: 700;&quot;&gt;
                                   &lt;span itemprop=&quot;name&quot;&gt; Does bus booking online cost me more? &lt;/span&gt; 
                                    &lt;i class=&quot;plusMinus icon icon-plusv2&quot; style=&quot;font-size: 18px;&quot;&gt;&lt;/i&gt;
                                &lt;/div&gt;
                                &lt;div class=&quot;faqAns hide&quot; itemscope=&quot;&quot; itemprop=&quot;acceptedAnswer&quot; itemtype=&quot;https://schema.org/Answer&quot;&gt;
                                   &lt;span itemprop=&quot;text&quot;&gt; &lt;p&gt;Not at all! The bus ticket price is the same as you would get from the bus operator/ counter of any bus ticket agency. redbus reduces the travel budget by comparing the bus ticket prices among various operators, making it a more cost-effective choice. Therefore, online bus booking is increasingly recognized as a more convenient, efficient, and economical mode of securing travel arrangements.&lt;/p&gt; &lt;/span&gt;  
                                &lt;/div&gt;
                            &lt;/div&gt;
                            &lt;div class=&quot;faqQuestionSection&quot; style=&quot; border-radius: 1rem; border: 1px solid #F3F4F9; padding: 1.75rem 1.5rem; font-size: 14px; line-height: 20px; color: #1D1D1D; cursor: pointer;&quot; itemscope=&quot;&quot; itemprop=&quot;mainEntity&quot; itemtype=&quot;https://schema.org/Question&quot;&gt;
                                &lt;div style=&quot;display:flex; justify-content: space-between; align-items: center; font-weight: 700;&quot;&gt;
                                   &lt;span itemprop=&quot;name&quot;&gt; How can I get the discounts on the bus booking? &lt;/span&gt; 
                                    &lt;i class=&quot;plusMinus icon icon-plusv2&quot; style=&quot;font-size: 18px;&quot;&gt;&lt;/i&gt;
                                &lt;/div&gt;
                                &lt;div class=&quot;faqAns hide&quot; itemscope=&quot;&quot; itemprop=&quot;acceptedAnswer&quot; itemtype=&quot;https://schema.org/Answer&quot;&gt;
                                   &lt;span itemprop=&quot;text&quot;&gt; &lt;p&gt;To get a discount on bus booking, please visit https://www.redbus.in/info/OfferTerms and check the available offers. Copy the coupon code and paste it during checkout to avail of the discount.&lt;/p&gt; &lt;/span&gt;  
                                &lt;/div&gt;
                            &lt;/div&gt;
                            &lt;div class=&quot;faqQuestionSection&quot; style=&quot; border-radius: 1rem; border: 1px solid #F3F4F9; padding: 1.75rem 1.5rem; font-size: 14px; line-height: 20px; color: #1D1D1D; cursor: pointer;&quot; itemscope=&quot;&quot; itemprop=&quot;mainEntity&quot; itemtype=&quot;https://schema.org/Question&quot;&gt;
                                &lt;div style=&quot;display:flex; justify-content: space-between; align-items: center; font-weight: 700;&quot;&gt;
                                   &lt;span itemprop=&quot;name&quot;&gt; What&#039;s New in Bus Booking on redBus? &lt;/span&gt; 
                                    &lt;i class=&quot;plusMinus icon icon-plusv2&quot; style=&quot;font-size: 18px;&quot;&gt;&lt;/i&gt;
                                &lt;/div&gt;
                                &lt;div class=&quot;faqAns hide&quot; itemscope=&quot;&quot; itemprop=&quot;acceptedAnswer&quot; itemtype=&quot;https://schema.org/Answer&quot;&gt;
                                   &lt;span itemprop=&quot;text&quot;&gt; &lt;p&gt;Primo Bus Ticket: redBus has launched Primo bus services, where passengers can enjoy travelling in high-rated buses with best-in-class services. While looking for bus tickets on the desired route, customers can check the Primo tag to choose this excellent service. From hygiene standards to on-time service and comfort, passengers can benefit from the online bus booking experience from Primo buses.&lt;/p&gt; &lt;/span&gt;  
                                &lt;/div&gt;
                            &lt;/div&gt;
                            &lt;div class=&quot;faqQuestionSection&quot; style=&quot; border-radius: 1rem; border: 1px solid #F3F4F9; padding: 1.75rem 1.5rem; font-size: 14px; line-height: 20px; color: #1D1D1D; cursor: pointer;&quot; itemscope=&quot;&quot; itemprop=&quot;mainEntity&quot; itemtype=&quot;https://schema.org/Question&quot;&gt;
                                &lt;div style=&quot;display:flex; justify-content: space-between; align-items: center; font-weight: 700;&quot;&gt;
                                   &lt;span itemprop=&quot;name&quot;&gt; Can I book a Government bus ticket on redBus? &lt;/span&gt; 
                                    &lt;i class=&quot;plusMinus icon icon-plusv2&quot; style=&quot;font-size: 18px;&quot;&gt;&lt;/i&gt;
                                &lt;/div&gt;
                                &lt;div class=&quot;faqAns hide&quot; itemscope=&quot;&quot; itemprop=&quot;acceptedAnswer&quot; itemtype=&quot;https://schema.org/Answer&quot;&gt;
                                   &lt;span itemprop=&quot;text&quot;&gt; &lt;p&gt;Yes, you can book government bus tickets on redBus. redBus has extended its bus booking services to many RTCs in India. Some of these RTCs are &lt;a href=&quot;https://www.redbus.in/online-booking/apsrtc&quot; target=&quot;_self&quot;&gt;Andhra Pradesh State Road Transport Corporation &lt;/a&gt;(APSRTC),&lt;a href=&quot;https://www.redbus.in/online-booking/astc&quot; target=&quot;_self&quot;&gt; Assam State Transport Corporation&lt;/a&gt; (ASTC), &lt;a href=&quot;https://www.redbus.in/online-booking/bihar-state-tourism-development-corporation&quot; target=&quot;_self&quot;&gt;Bihar State Tourism Development Corporation &lt;/a&gt;(BSTDC), &lt;a href=&quot;https://www.redbus.in/online-booking/hrtc&quot; target=&quot;_self&quot;&gt;Himachal Road Transport Corporation&lt;/a&gt; (HRTC), J&lt;a href=&quot;https://www.redbus.in/online-booking/jksrtc&quot; target=&quot;_self&quot;&gt;ammu and Kashmir State Road Transport Corporation&lt;/a&gt; (JKSRTC), &lt;a href=&quot;https://www.redbus.in/online-booking/ksrtc-kerala&quot; target=&quot;_self&quot;&gt;Kerala RTC&lt;/a&gt;, &lt;a href=&quot;https://www.redbus.in/online-booking/ktcl&quot; target=&quot;_self&quot;&gt;Kadamba Transport Corporation&lt;/a&gt; (KTCL), &lt;a href=&quot;https://www.redbus.in/online-booking/pepsu&quot; target=&quot;_self&quot;&gt;Patiala and the East Punjab States Union&lt;/a&gt; (PEPSU),&lt;a href=&quot;https://www.redbus.in/online-booking/puducherry-road-transport-corporation-prtc&quot; target=&quot;_self&quot;&gt; Puducherry Road Transport Corporation&lt;/a&gt; (PRTC), &lt;a href=&quot;https://www.redbus.in/online-booking/rsrtc&quot; target=&quot;_self&quot;&gt;Rajasthan State Road Transport Corporation&lt;/a&gt; (RSRTC), &lt;a href=&quot;https://www.redbus.in/online-booking/south-bengal-state-transport-corporation-sbstc&quot; target=&quot;_self&quot;&gt;South Bengal State Transport Corporation&lt;/a&gt; (SBSTC), &lt;a href=&quot;https://www.redbus.in/online-booking/utc&quot; target=&quot;_self&quot;&gt;Uttarakhand Transport Corporation&lt;/a&gt; (UTC), &lt;a href=&quot;https://www.redbus.in/online-booking/west-bengal-transport-corporation&quot; target=&quot;_self&quot;&gt;West Bengal Transport Corporation&lt;/a&gt; WBTC (CTC), &lt;a href=&quot;https://www.redbus.in/online-booking/north-bengal-state-transport-corporation&quot; target=&quot;_self&quot;&gt;North Bengal State Transport Corporation &lt;/a&gt;(NBSTC) &lt;a href=&quot;https://www.redbus.in/online-booking/chandigarh-transport-undertaking-ctu&quot; target=&quot;_self&quot;&gt;Chandigarh Transport Undertaking (CTU)&lt;/a&gt;&amp;nbsp;&lt;/p&gt; &lt;/span&gt;  
                                &lt;/div&gt;
                            &lt;/div&gt;
                    &lt;/div&gt; 
                    &lt;div class=&quot;faqQnaSection hide&quot; style=&quot;display: flex; flex-direction: column; gap: 1.5rem; width: 100%;&quot;&gt;
                            &lt;div class=&quot;faqQuestionSection&quot; style=&quot; border-radius: 1rem; border: 1px solid #F3F4F9; padding: 1.75rem 1.5rem; font-size: 14px; line-height: 20px; color: #1D1D1D; cursor: pointer;&quot; itemscope=&quot;&quot; itemprop=&quot;mainEntity&quot; itemtype=&quot;https://schema.org/Question&quot;&gt;
                                &lt;div style=&quot;display:flex; justify-content: space-between; align-items: center; font-weight: 700;&quot;&gt;
                                   &lt;span itemprop=&quot;name&quot;&gt; How can I book bus tickets on redBus?  &lt;/span&gt; 
                                    &lt;i class=&quot;plusMinus icon icon-plusv2&quot; style=&quot;font-size: 18px;&quot;&gt;&lt;/i&gt;
                                &lt;/div&gt;
                                &lt;div class=&quot;faqAns hide&quot; itemscope=&quot;&quot; itemprop=&quot;acceptedAnswer&quot; itemtype=&quot;https://schema.org/Answer&quot;&gt;
                                   &lt;span itemprop=&quot;text&quot;&gt; &lt;p&gt;Bus ticket Booking is effortless on redBus. To book the bus tickets, go to the main page and enter your source city and destination city in the “From” and “To” fields, respectively. Enter the travel date and hit the search button. Now, you will see the bus list available on the given bus route. You can use the filter option, such as duration, fare, bus type, etc., to rearrange the list accordingly. This makes it easier for customers to book their bus tickets online with redBus.&lt;/p&gt; &lt;/span&gt;  
                                &lt;/div&gt;
                            &lt;/div&gt;
                            &lt;div class=&quot;faqQuestionSection&quot; style=&quot; border-radius: 1rem; border: 1px solid #F3F4F9; padding: 1.75rem 1.5rem; font-size: 14px; line-height: 20px; color: #1D1D1D; cursor: pointer;&quot; itemscope=&quot;&quot; itemprop=&quot;mainEntity&quot; itemtype=&quot;https://schema.org/Question&quot;&gt;
                                &lt;div style=&quot;display:flex; justify-content: space-between; align-items: center; font-weight: 700;&quot;&gt;
                                   &lt;span itemprop=&quot;name&quot;&gt; Can I change the date of my journey after I have booked my bus ticket? &lt;/span&gt; 
                                    &lt;i class=&quot;plusMinus icon icon-plusv2&quot; style=&quot;font-size: 18px;&quot;&gt;&lt;/i&gt;
                                &lt;/div&gt;
                                &lt;div class=&quot;faqAns hide&quot; itemscope=&quot;&quot; itemprop=&quot;acceptedAnswer&quot; itemtype=&quot;https://schema.org/Answer&quot;&gt;
                                   &lt;span itemprop=&quot;text&quot;&gt; &lt;p&gt;Yes. You can change the journey date after booking a bus ticket on redBus by clicking the “Reschedule” icon if your travel plan might get interrupted while booking. Bus operators with the “Reschedule icon” next to it offer rescheduling of the bus ticket in case your initially selected date is not viable to travel on.&lt;/p&gt; &lt;/span&gt;  
                                &lt;/div&gt;
                            &lt;/div&gt;
                            &lt;div class=&quot;faqQuestionSection&quot; style=&quot; border-radius: 1rem; border: 1px solid #F3F4F9; padding: 1.75rem 1.5rem; font-size: 14px; line-height: 20px; color: #1D1D1D; cursor: pointer;&quot; itemscope=&quot;&quot; itemprop=&quot;mainEntity&quot; itemtype=&quot;https://schema.org/Question&quot;&gt;
                                &lt;div style=&quot;display:flex; justify-content: space-between; align-items: center; font-weight: 700;&quot;&gt;
                                   &lt;span itemprop=&quot;name&quot;&gt; Is it mandatory to take a printout of the ticket? &lt;/span&gt; 
                                    &lt;i class=&quot;plusMinus icon icon-plusv2&quot; style=&quot;font-size: 18px;&quot;&gt;&lt;/i&gt;
                                &lt;/div&gt;
                                &lt;div class=&quot;faqAns hide&quot; itemscope=&quot;&quot; itemprop=&quot;acceptedAnswer&quot; itemtype=&quot;https://schema.org/Answer&quot;&gt;
                                   &lt;span itemprop=&quot;text&quot;&gt; &lt;p&gt;It depends on the bus operator you have booked your online bus tickets with. Even mTickets are available on redBus. For operators that support mTickets, the SMS that is sent to your mobile can be produced at the time of boarding and you will be allowed to travel.For operators that do not support mTickets it is a must to take a printout of the e-ticket and produce it at the time of boarding. The e-ticket is sent to the e-mail ID provided at the time of boarding.To know which operators are mTicket enabled, look for the mTicket icon under the mTicket column while searching for buses.&lt;/p&gt; &lt;/span&gt;  
                                &lt;/div&gt;
                            &lt;/div&gt;
                            &lt;div class=&quot;faqQuestionSection&quot; style=&quot; border-radius: 1rem; border: 1px solid #F3F4F9; padding: 1.75rem 1.5rem; font-size: 14px; line-height: 20px; color: #1D1D1D; cursor: pointer;&quot; itemscope=&quot;&quot; itemprop=&quot;mainEntity&quot; itemtype=&quot;https://schema.org/Question&quot;&gt;
                                &lt;div style=&quot;display:flex; justify-content: space-between; align-items: center; font-weight: 700;&quot;&gt;
                                   &lt;span itemprop=&quot;name&quot;&gt; I&#039;ve lost my ticket. What should I do now? &lt;/span&gt; 
                                    &lt;i class=&quot;plusMinus icon icon-plusv2&quot; style=&quot;font-size: 18px;&quot;&gt;&lt;/i&gt;
                                &lt;/div&gt;
                                &lt;div class=&quot;faqAns hide&quot; itemscope=&quot;&quot; itemprop=&quot;acceptedAnswer&quot; itemtype=&quot;https://schema.org/Answer&quot;&gt;
                                   &lt;span itemprop=&quot;text&quot;&gt; &lt;p&gt;A copy of the bus ticket would have been sent to you by email when you booked bus ticket online. Please take a printout of that mail and produce it at the time of boarding. If you have not received the ticket e-mail, please call any of our call centers and our executive will resend you a copy by mail.&lt;/p&gt; &lt;/span&gt;  
                                &lt;/div&gt;
                            &lt;/div&gt;
                            &lt;div class=&quot;faqQuestionSection&quot; style=&quot; border-radius: 1rem; border: 1px solid #F3F4F9; padding: 1.75rem 1.5rem; font-size: 14px; line-height: 20px; color: #1D1D1D; cursor: pointer;&quot; itemscope=&quot;&quot; itemprop=&quot;mainEntity&quot; itemtype=&quot;https://schema.org/Question&quot;&gt;
                                &lt;div style=&quot;display:flex; justify-content: space-between; align-items: center; font-weight: 700;&quot;&gt;
                                   &lt;span itemprop=&quot;name&quot;&gt; What is an mTicket? &lt;/span&gt; 
                                    &lt;i class=&quot;plusMinus icon icon-plusv2&quot; style=&quot;font-size: 18px;&quot;&gt;&lt;/i&gt;
                                &lt;/div&gt;
                                &lt;div class=&quot;faqAns hide&quot; itemscope=&quot;&quot; itemprop=&quot;acceptedAnswer&quot; itemtype=&quot;https://schema.org/Answer&quot;&gt;
                                   &lt;span itemprop=&quot;text&quot;&gt; &lt;p&gt;An mTicket is an SMS that is sent to your mobile on booking bus tickets with select private bus operators. This SMS has the TIN number and the PNR number along with other ticket related information. It can be used to board the bus. Please note that not all operators accept mTickets. To know which operators are mTicket enabled, look for the mTicket icon  under the mTicket column while searching for buses.&lt;/p&gt; &lt;/span&gt;  
                                &lt;/div&gt;
                            &lt;/div&gt;
                            &lt;div class=&quot;faqQuestionSection&quot; style=&quot; border-radius: 1rem; border: 1px solid #F3F4F9; padding: 1.75rem 1.5rem; font-size: 14px; line-height: 20px; color: #1D1D1D; cursor: pointer;&quot; itemscope=&quot;&quot; itemprop=&quot;mainEntity&quot; itemtype=&quot;https://schema.org/Question&quot;&gt;
                                &lt;div style=&quot;display:flex; justify-content: space-between; align-items: center; font-weight: 700;&quot;&gt;
                                   &lt;span itemprop=&quot;name&quot;&gt; I didn’t receive my mTicket. Can you resend it? &lt;/span&gt; 
                                    &lt;i class=&quot;plusMinus icon icon-plusv2&quot; style=&quot;font-size: 18px;&quot;&gt;&lt;/i&gt;
                                &lt;/div&gt;
                                &lt;div class=&quot;faqAns hide&quot; itemscope=&quot;&quot; itemprop=&quot;acceptedAnswer&quot; itemtype=&quot;https://schema.org/Answer&quot;&gt;
                                   &lt;span itemprop=&quot;text&quot;&gt; &lt;p&gt;You can generate your mTicket online. To generate m-Ticket online click on the Print/SMS ticket link on the redbus home page on www.redBus.in. Enter your TIN number mentioned on the e-ticket we emailed you. Choose the SMS option and click on Submit. In case you don’t have a copy of the e-ticket either, contact our call center and our executive will assist you.&lt;/p&gt; &lt;/span&gt;  
                                &lt;/div&gt;
                            &lt;/div&gt;
                            &lt;div class=&quot;faqQuestionSection&quot; style=&quot; border-radius: 1rem; border: 1px solid #F3F4F9; padding: 1.75rem 1.5rem; font-size: 14px; line-height: 20px; color: #1D1D1D; cursor: pointer;&quot; itemscope=&quot;&quot; itemprop=&quot;mainEntity&quot; itemtype=&quot;https://schema.org/Question&quot;&gt;
                                &lt;div style=&quot;display:flex; justify-content: space-between; align-items: center; font-weight: 700;&quot;&gt;
                                   &lt;span itemprop=&quot;name&quot;&gt; I entered the wrong mobile number while booking. Can I get my mTicket on a different number? &lt;/span&gt; 
                                    &lt;i class=&quot;plusMinus icon icon-plusv2&quot; style=&quot;font-size: 18px;&quot;&gt;&lt;/i&gt;
                                &lt;/div&gt;
                                &lt;div class=&quot;faqAns hide&quot; itemscope=&quot;&quot; itemprop=&quot;acceptedAnswer&quot; itemtype=&quot;https://schema.org/Answer&quot;&gt;
                                   &lt;span itemprop=&quot;text&quot;&gt; &lt;p&gt;Yes, you can get the m-Ticket on the different numbers.To get the M-Ticket on the different number  please contact redBus call center and our customer executive will send you the mTicket on your desired number.&lt;/p&gt; &lt;/span&gt;  
                                &lt;/div&gt;
                            &lt;/div&gt;
                    &lt;/div&gt; 
                    &lt;div class=&quot;faqQnaSection hide&quot; style=&quot;display: flex; flex-direction: column; gap: 1.5rem; width: 100%;&quot;&gt;
                            &lt;div class=&quot;faqQuestionSection&quot; style=&quot; border-radius: 1rem; border: 1px solid #F3F4F9; padding: 1.75rem 1.5rem; font-size: 14px; line-height: 20px; color: #1D1D1D; cursor: pointer;&quot; itemscope=&quot;&quot; itemprop=&quot;mainEntity&quot; itemtype=&quot;https://schema.org/Question&quot;&gt;
                                &lt;div style=&quot;display:flex; justify-content: space-between; align-items: center; font-weight: 700;&quot;&gt;
                                   &lt;span itemprop=&quot;name&quot;&gt; Is it safe to use my credit or debit card to buy bus tickets on redBus?  &lt;/span&gt; 
                                    &lt;i class=&quot;plusMinus icon icon-plusv2&quot; style=&quot;font-size: 18px;&quot;&gt;&lt;/i&gt;
                                &lt;/div&gt;
                                &lt;div class=&quot;faqAns hide&quot; itemscope=&quot;&quot; itemprop=&quot;acceptedAnswer&quot; itemtype=&quot;https://schema.org/Answer&quot;&gt;
                                   &lt;span itemprop=&quot;text&quot;&gt; &lt;p&gt;Transactions on redBus are very safe. We employ the best-in-class security and the transactions done are secure. Apart from being certified by Verisign, redBus uses Secure Socket Layers (SSL) data encryption. Using SSL ensures that the information exchanged with us is never transmitted unencrypted, thus protecting the information from being viewed by unauthorized individuals.&lt;/p&gt; &lt;/span&gt;  
                                &lt;/div&gt;
                            &lt;/div&gt;
                            &lt;div class=&quot;faqQuestionSection&quot; style=&quot; border-radius: 1rem; border: 1px solid #F3F4F9; padding: 1.75rem 1.5rem; font-size: 14px; line-height: 20px; color: #1D1D1D; cursor: pointer;&quot; itemscope=&quot;&quot; itemprop=&quot;mainEntity&quot; itemtype=&quot;https://schema.org/Question&quot;&gt;
                                &lt;div style=&quot;display:flex; justify-content: space-between; align-items: center; font-weight: 700;&quot;&gt;
                                   &lt;span itemprop=&quot;name&quot;&gt; Does the owner of the credit card/debit card with which the bus ticket is purchased need to be one of the passengers? &lt;/span&gt; 
                                    &lt;i class=&quot;plusMinus icon icon-plusv2&quot; style=&quot;font-size: 18px;&quot;&gt;&lt;/i&gt;
                                &lt;/div&gt;
                                &lt;div class=&quot;faqAns hide&quot; itemscope=&quot;&quot; itemprop=&quot;acceptedAnswer&quot; itemtype=&quot;https://schema.org/Answer&quot;&gt;
                                   &lt;span itemprop=&quot;text&quot;&gt; &lt;p&gt;Not at all! A passenger can use any debit or credit card to pay for the bus ticket, not necessarily their own. However, please note that the passenger in whose name the ticket is booked should carry a proof of his identity (along with the ticket) at the time of boarding the bus.&lt;/p&gt; &lt;/span&gt;  
                                &lt;/div&gt;
                            &lt;/div&gt;
                            &lt;div class=&quot;faqQuestionSection&quot; style=&quot; border-radius: 1rem; border: 1px solid #F3F4F9; padding: 1.75rem 1.5rem; font-size: 14px; line-height: 20px; color: #1D1D1D; cursor: pointer;&quot; itemscope=&quot;&quot; itemprop=&quot;mainEntity&quot; itemtype=&quot;https://schema.org/Question&quot;&gt;
                                &lt;div style=&quot;display:flex; justify-content: space-between; align-items: center; font-weight: 700;&quot;&gt;
                                   &lt;span itemprop=&quot;name&quot;&gt; What are the different payment options available on Bus Ticket booking? &lt;/span&gt; 
                                    &lt;i class=&quot;plusMinus icon icon-plusv2&quot; style=&quot;font-size: 18px;&quot;&gt;&lt;/i&gt;
                                &lt;/div&gt;
                                &lt;div class=&quot;faqAns hide&quot; itemscope=&quot;&quot; itemprop=&quot;acceptedAnswer&quot; itemtype=&quot;https://schema.org/Answer&quot;&gt;
                                   &lt;span itemprop=&quot;text&quot;&gt; &lt;ul&gt;&lt;li&gt;There are many payment modes available to book buses on the redBus website and app. Some of these payment modes that are available for the bus ticket booking process are:Debit Card/Credit Card/ATM Cards (Visa, MasterCard, Maestro &amp;amp; Rupay)&lt;/li&gt;&lt;li&gt;Net Banking (HDFC Bank, ICICI Bank, Indian Bank, Axis Bank, SBI and all major banks)&lt;/li&gt;&lt;li&gt;UPI (Google Pay, Amazon Pay, PhonePe)&amp;nbsp;&lt;/li&gt;&lt;li&gt;Book Now, Pay Later (Simpl)&lt;/li&gt;&lt;li&gt;Wallets (Paytm)Make sure to check the coupon code to get the discounts on bus booking online, redBus offers a lot of redDeals to book the bus ticket on budget.&lt;/li&gt;&lt;/ul&gt; &lt;/span&gt;  
                                &lt;/div&gt;
                            &lt;/div&gt;
                            &lt;div class=&quot;faqQuestionSection&quot; style=&quot; border-radius: 1rem; border: 1px solid #F3F4F9; padding: 1.75rem 1.5rem; font-size: 14px; line-height: 20px; color: #1D1D1D; cursor: pointer;&quot; itemscope=&quot;&quot; itemprop=&quot;mainEntity&quot; itemtype=&quot;https://schema.org/Question&quot;&gt;
                                &lt;div style=&quot;display:flex; justify-content: space-between; align-items: center; font-weight: 700;&quot;&gt;
                                   &lt;span itemprop=&quot;name&quot;&gt; How does the transaction appear on my card / account statement? &lt;/span&gt; 
                                    &lt;i class=&quot;plusMinus icon icon-plusv2&quot; style=&quot;font-size: 18px;&quot;&gt;&lt;/i&gt;
                                &lt;/div&gt;
                                &lt;div class=&quot;faqAns hide&quot; itemscope=&quot;&quot; itemprop=&quot;acceptedAnswer&quot; itemtype=&quot;https://schema.org/Answer&quot;&gt;
                                   &lt;span itemprop=&quot;text&quot;&gt; &lt;p&gt;Transactions on redBus will appear as REDBUS.IN, &lt;a href=&quot;http://www.redbus.in/&quot; target=&quot;_self&quot;&gt;www.redbus.in&lt;/a&gt; in your bank statement.&lt;/p&gt; &lt;/span&gt;  
                                &lt;/div&gt;
                            &lt;/div&gt;
                    &lt;/div&gt; 
                    &lt;div class=&quot;faqQnaSection hide&quot; style=&quot;display: flex; flex-direction: column; gap: 1.5rem; width: 100%;&quot;&gt;
                            &lt;div class=&quot;faqQuestionSection&quot; style=&quot; border-radius: 1rem; border: 1px solid #F3F4F9; padding: 1.75rem 1.5rem; font-size: 14px; line-height: 20px; color: #1D1D1D; cursor: pointer;&quot; itemscope=&quot;&quot; itemprop=&quot;mainEntity&quot; itemtype=&quot;https://schema.org/Question&quot;&gt;
                                &lt;div style=&quot;display:flex; justify-content: space-between; align-items: center; font-weight: 700;&quot;&gt;
                                   &lt;span itemprop=&quot;name&quot;&gt; Can I cancel my bus ticket online?  &lt;/span&gt; 
                                    &lt;i class=&quot;plusMinus icon icon-plusv2&quot; style=&quot;font-size: 18px;&quot;&gt;&lt;/i&gt;
                                &lt;/div&gt;
                                &lt;div class=&quot;faqAns hide&quot; itemscope=&quot;&quot; itemprop=&quot;acceptedAnswer&quot; itemtype=&quot;https://schema.org/Answer&quot;&gt;
                                   &lt;span itemprop=&quot;text&quot;&gt; &lt;p&gt;Yes you can cancel bus tickets online, Most of the tickets can be canceled online. However, there are some bus tickets that can only be canceled through our call center.However please note that the cancellation fee and cancellation period may differ for specific bus services. Please contact any of our executives for cancellation details on any specific service.&lt;/p&gt; &lt;/span&gt;  
                                &lt;/div&gt;
                            &lt;/div&gt;
                            &lt;div class=&quot;faqQuestionSection&quot; style=&quot; border-radius: 1rem; border: 1px solid #F3F4F9; padding: 1.75rem 1.5rem; font-size: 14px; line-height: 20px; color: #1D1D1D; cursor: pointer;&quot; itemscope=&quot;&quot; itemprop=&quot;mainEntity&quot; itemtype=&quot;https://schema.org/Question&quot;&gt;
                                &lt;div style=&quot;display:flex; justify-content: space-between; align-items: center; font-weight: 700;&quot;&gt;
                                   &lt;span itemprop=&quot;name&quot;&gt; How can I cancel my bus ticket online? &lt;/span&gt; 
                                    &lt;i class=&quot;plusMinus icon icon-plusv2&quot; style=&quot;font-size: 18px;&quot;&gt;&lt;/i&gt;
                                &lt;/div&gt;
                                &lt;div class=&quot;faqAns hide&quot; itemscope=&quot;&quot; itemprop=&quot;acceptedAnswer&quot; itemtype=&quot;https://schema.org/Answer&quot;&gt;
                                   &lt;span itemprop=&quot;text&quot;&gt; &lt;p&gt;To cancel the bus ticket online, you need to click on the cancellation link provided on our home page. Enter your ticket number and the e-mail ID that was provided at the time of bus booking and click on cancel ticket.&lt;/p&gt; &lt;/span&gt;  
                                &lt;/div&gt;
                            &lt;/div&gt;
                            &lt;div class=&quot;faqQuestionSection&quot; style=&quot; border-radius: 1rem; border: 1px solid #F3F4F9; padding: 1.75rem 1.5rem; font-size: 14px; line-height: 20px; color: #1D1D1D; cursor: pointer;&quot; itemscope=&quot;&quot; itemprop=&quot;mainEntity&quot; itemtype=&quot;https://schema.org/Question&quot;&gt;
                                &lt;div style=&quot;display:flex; justify-content: space-between; align-items: center; font-weight: 700;&quot;&gt;
                                   &lt;span itemprop=&quot;name&quot;&gt; I missed the bus. Do I get a refund?  &lt;/span&gt; 
                                    &lt;i class=&quot;plusMinus icon icon-plusv2&quot; style=&quot;font-size: 18px;&quot;&gt;&lt;/i&gt;
                                &lt;/div&gt;
                                &lt;div class=&quot;faqAns hide&quot; itemscope=&quot;&quot; itemprop=&quot;acceptedAnswer&quot; itemtype=&quot;https://schema.org/Answer&quot;&gt;
                                   &lt;span itemprop=&quot;text&quot;&gt; &lt;p&gt;redBus provides a 100% refund if the bus is missed due to either redBus or its partner company&#039;s fault. However, if the bus is missed due to any other reason not directly related to redBus no refund is provided.&lt;/p&gt; &lt;/span&gt;  
                                &lt;/div&gt;
                            &lt;/div&gt;
                            &lt;div class=&quot;faqQuestionSection&quot; style=&quot; border-radius: 1rem; border: 1px solid #F3F4F9; padding: 1.75rem 1.5rem; font-size: 14px; line-height: 20px; color: #1D1D1D; cursor: pointer;&quot; itemscope=&quot;&quot; itemprop=&quot;mainEntity&quot; itemtype=&quot;https://schema.org/Question&quot;&gt;
                                &lt;div style=&quot;display:flex; justify-content: space-between; align-items: center; font-weight: 700;&quot;&gt;
                                   &lt;span itemprop=&quot;name&quot;&gt; How can I get a refund in case I cancel my ticket?  &lt;/span&gt; 
                                    &lt;i class=&quot;plusMinus icon icon-plusv2&quot; style=&quot;font-size: 18px;&quot;&gt;&lt;/i&gt;
                                &lt;/div&gt;
                                &lt;div class=&quot;faqAns hide&quot; itemscope=&quot;&quot; itemprop=&quot;acceptedAnswer&quot; itemtype=&quot;https://schema.org/Answer&quot;&gt;
                                   &lt;span itemprop=&quot;text&quot;&gt; &lt;p&gt;The refund is provided as per cancellation policy of the operator. The refund can be credited to the source of payment (Example: debit card, credit card, net banking) or credited to redBus wallet. Wallet credit can be used for bus booking in future (within 6 months of cancellation).&lt;/p&gt; &lt;/span&gt;  
                                &lt;/div&gt;
                            &lt;/div&gt;
                            &lt;div class=&quot;faqQuestionSection&quot; style=&quot; border-radius: 1rem; border: 1px solid #F3F4F9; padding: 1.75rem 1.5rem; font-size: 14px; line-height: 20px; color: #1D1D1D; cursor: pointer;&quot; itemscope=&quot;&quot; itemprop=&quot;mainEntity&quot; itemtype=&quot;https://schema.org/Question&quot;&gt;
                                &lt;div style=&quot;display:flex; justify-content: space-between; align-items: center; font-weight: 700;&quot;&gt;
                                   &lt;span itemprop=&quot;name&quot;&gt; What happens if the bus does not leave on time or is canceled?  &lt;/span&gt; 
                                    &lt;i class=&quot;plusMinus icon icon-plusv2&quot; style=&quot;font-size: 18px;&quot;&gt;&lt;/i&gt;
                                &lt;/div&gt;
                                &lt;div class=&quot;faqAns hide&quot; itemscope=&quot;&quot; itemprop=&quot;acceptedAnswer&quot; itemtype=&quot;https://schema.org/Answer&quot;&gt;
                                   &lt;span itemprop=&quot;text&quot;&gt; &lt;p&gt;If your bus does not leave on time or is canceled, in such situations, you will need to consult the counter of the respective bus operators. You can also call the redBus customer care to discuss the appropriate actions.&lt;/p&gt; &lt;/span&gt;  
                                &lt;/div&gt;
                            &lt;/div&gt;
                            &lt;div class=&quot;faqQuestionSection&quot; style=&quot; border-radius: 1rem; border: 1px solid #F3F4F9; padding: 1.75rem 1.5rem; font-size: 14px; line-height: 20px; color: #1D1D1D; cursor: pointer;&quot; itemscope=&quot;&quot; itemprop=&quot;mainEntity&quot; itemtype=&quot;https://schema.org/Question&quot;&gt;
                                &lt;div style=&quot;display:flex; justify-content: space-between; align-items: center; font-weight: 700;&quot;&gt;
                                   &lt;span itemprop=&quot;name&quot;&gt; How can I reschedule my bus tickets? &lt;/span&gt; 
                                    &lt;i class=&quot;plusMinus icon icon-plusv2&quot; style=&quot;font-size: 18px;&quot;&gt;&lt;/i&gt;
                                &lt;/div&gt;
                                &lt;div class=&quot;faqAns hide&quot; itemscope=&quot;&quot; itemprop=&quot;acceptedAnswer&quot; itemtype=&quot;https://schema.org/Answer&quot;&gt;
                                   &lt;span itemprop=&quot;text&quot;&gt; &lt;ol&gt;&lt;li&gt;To reschedule your bus ticket on redBus, follow these steps: Visit &lt;a href=&quot;https://www.redbus.in/reschedule&quot; target=&quot;_self&quot;&gt;https://www.redbus.in/reschedule &lt;/a&gt;&lt;/li&gt;&lt;li&gt;Search for your bus ticket by entering your ticket number and registered email ID.&amp;nbsp;&lt;/li&gt;&lt;li&gt;Verify your online bus ticket details and select the date to reschedule your journey.&amp;nbsp;&lt;/li&gt;&lt;li&gt;Select a bus operator, verify every detail, and make your payment if any difference in bus ticket prices needs to be cleared.&lt;/li&gt;&lt;/ol&gt; &lt;/span&gt;  
                                &lt;/div&gt;
                            &lt;/div&gt;
                    &lt;/div&gt; 
                    &lt;div class=&quot;faqQnaSection hide&quot; style=&quot;display: flex; flex-direction: column; gap: 1.5rem; width: 100%;&quot;&gt;
                            &lt;div class=&quot;faqQuestionSection&quot; style=&quot; border-radius: 1rem; border: 1px solid #F3F4F9; padding: 1.75rem 1.5rem; font-size: 14px; line-height: 20px; color: #1D1D1D; cursor: pointer;&quot; itemscope=&quot;&quot; itemprop=&quot;mainEntity&quot; itemtype=&quot;https://schema.org/Question&quot;&gt;
                                &lt;div style=&quot;display:flex; justify-content: space-between; align-items: center; font-weight: 700;&quot;&gt;
                                   &lt;span itemprop=&quot;name&quot;&gt; Details on Insurance &lt;/span&gt; 
                                    &lt;i class=&quot;plusMinus icon icon-plusv2&quot; style=&quot;font-size: 18px;&quot;&gt;&lt;/i&gt;
                                &lt;/div&gt;
                                &lt;div class=&quot;faqAns hide&quot; itemscope=&quot;&quot; itemprop=&quot;acceptedAnswer&quot; itemtype=&quot;https://schema.org/Answer&quot;&gt;
                                   &lt;span itemprop=&quot;text&quot;&gt; &lt;p&gt;For details on Insurance of your journey after bus ticket booking, please refer to the &lt;a href=&quot;http://s1.rdbuz.com/apps/insurance-terms.html&quot; target=&quot;_self&quot;&gt;Insurance Terms&lt;/a&gt;&lt;/p&gt; &lt;/span&gt;  
                                &lt;/div&gt;
                            &lt;/div&gt;
                    &lt;/div&gt; 
            &lt;/div&gt;
        &lt;/div&gt;
    &lt;/section&gt;
                            &lt;/div&gt;
                &lt;/div&gt;
        &lt;div class=&quot;scrollToTopWrapper hide&quot;&gt;
    &lt;div class=&quot;scrollTopButton&quot; onclick=&quot;onClickScrollTopHome()&quot;&gt;
            &lt;img class=&quot;scrollArrowImg&quot; src=&quot;https://s3.rdbuz.com/web/images/homeV2/scrollArrow.svg&quot; alt=&quot;scrollTop&quot; loading=&quot;lazy&quot;&gt;
    &lt;/div&gt;
&lt;/div&gt;
&lt;script defer=&quot;&quot;&gt;
    function onClickScrollTopHome(){
        window.scrollTo({
            top: 0,
            left: 0,
            behavior: &#039;smooth&#039;
        })
    }
&lt;/script&gt;&lt;/main&gt;

        &lt;/div&gt;
        &lt;div class=&quot;exit-reshedule-confirm hide&quot;&gt;
           
            &lt;p&gt;Are you sure you want to go back?&lt;/p&gt;
            &lt;div class=&quot;exit-btns-grp&quot;&gt;
                &lt;button type=&quot;button&quot; class=&quot;exit-reschedule-btns&quot; id=&quot;exit-reschedule&quot;&gt;Yes&lt;/button&gt;
                &lt;button type=&quot;button&quot; class=&quot;exit-reschedule-btns&quot;&gt;No&lt;/button&gt;

            &lt;/div&gt;
        &lt;/div&gt;
                              &lt;footer id=&quot;rh_footer_new&quot; style=&quot;background: #f7f7f7;&quot;&gt;
                    
&lt;style&gt;
    .rb_footer{
        background-color: #F7F7F7;
        color: #3e3e52;
        padding: 3rem 7.5rem 2rem;
        display: flex;
        flex-direction: column;
        gap: 2rem;
        line-height: 20px;
    }
     .footer_link_section {
            &amp;:before {
                content: unset;
            }
     }
     .social_icon::before {
            color: #000000;
            font-size: 1.5rem;
        }
&lt;/style&gt;

&lt;div class=&quot;rb_footer&quot; style=&quot;max-width: 1200px; margin: auto; padding-left: 0; padding-right: 0;&quot;&gt;
        &lt;ul style=&quot; max-width: 1200px; margin-bottom: 3rem;&quot;&gt;
            

&lt;style&gt;
    .seoLinkSection &gt; a{
        line-height: 2em;
        text-decoration: none;
        color: #444343;
        font-size: 13px;
        display: inline;
    }
    .seoLinkSection &gt; a:not(:last-child):after {
        content: &quot; | &quot;;
        padding: 0px 4px;
        color: #444343;
        font-size: 0.813rem;
    }
&lt;/style&gt;

&lt;li style=&quot;display: flex; flex-direction: column; gap: 2rem;&quot;&gt;
&lt;div class=&quot;interLinkContainer&quot; style=&quot;display: flex; flex-direction: column; cursor: pointer;&quot; id=&quot;0&quot;&gt;
            &lt;div style=&quot; display: flex; align-items: center; justify-content: space-between;&quot;&gt;
                &lt;h3 style=&quot; font-size: 1.125rem; font-weight: 700; line-height: 1.25rem; &quot;&gt;Popular Bus Routes&lt;/h3&gt;
                &lt;i class=&quot;interLink icon icon-down&quot; style=&quot; font-size: 1rem;&quot;&gt;&lt;/i&gt;
            &lt;/div&gt;
            &lt;div class=&quot;seoLinkSection hide&quot; style=&quot;margin: .5rem 0;&quot;&gt;
                    &lt;a class=&quot;footer_seo_link footer_link_new&quot; href=&quot;https://www.redbus.in/bus-tickets/delhi-to-manali&quot; target=&quot;_blank&quot;&gt;Delhi To Manali Bus&lt;/a&gt;
                    &lt;a class=&quot;footer_seo_link footer_link_new&quot; href=&quot;https://www.redbus.in/bus-tickets/delhi-to-rishikesh&quot; target=&quot;_blank&quot;&gt;Delhi To Rishikesh Bus&lt;/a&gt;
                    &lt;a class=&quot;footer_seo_link footer_link_new&quot; href=&quot;https://www.redbus.in/bus-tickets/delhi-to-shimla&quot; target=&quot;_blank&quot;&gt;Delhi To Shimla Bus&lt;/a&gt;
                    &lt;a class=&quot;footer_seo_link footer_link_new&quot; href=&quot;https://www.redbus.in/bus-tickets/delhi-to-nainital&quot; target=&quot;_blank&quot;&gt;Delhi To Nainital Bus&lt;/a&gt;
                    &lt;a class=&quot;footer_seo_link footer_link_new&quot; href=&quot;https://www.redbus.in/bus-tickets/delhi-to-katra&quot; target=&quot;_blank&quot;&gt;Delhi To Katra Bus&lt;/a&gt;
                    &lt;a class=&quot;footer_seo_link footer_link_new&quot; href=&quot;https://www.redbus.in/bus-tickets/bangalore-to-goa&quot; target=&quot;_blank&quot;&gt;Bangalore To Goa Bus&lt;/a&gt;
                    &lt;a class=&quot;footer_seo_link footer_link_new&quot; href=&quot;https://www.redbus.in/bus-tickets/bangalore-to-hyderabad&quot; target=&quot;_blank&quot;&gt;Bangalore To Hyderabad Bus&lt;/a&gt;
                    &lt;a class=&quot;footer_seo_link footer_link_new&quot; href=&quot;https://www.redbus.in/bus-tickets/bangalore-to-tirupathi&quot; target=&quot;_blank&quot;&gt;Bangalore To Tirupathi Bus&lt;/a&gt;
                    &lt;a class=&quot;footer_seo_link footer_link_new&quot; href=&quot;https://www.redbus.in/bus-tickets/bangalore-to-chennai&quot; target=&quot;_blank&quot;&gt;Bangalore To Chennai Bus&lt;/a&gt;
                    &lt;a class=&quot;footer_seo_link footer_link_new&quot; href=&quot;https://www.redbus.in/bus-tickets/bangalore-to-pondicherry&quot; target=&quot;_blank&quot;&gt;Bangalore To Pondicherry Bus&lt;/a&gt;
                    &lt;a class=&quot;footer_seo_link footer_link_new&quot; href=&quot;https://www.redbus.in/bus-tickets/hyderabad-to-bangalore&quot; target=&quot;_blank&quot;&gt;Hyderabad To Bangalore Bus&lt;/a&gt;
                    &lt;a class=&quot;footer_seo_link footer_link_new&quot; href=&quot;https://www.redbus.in/bus-tickets/hyderabad-to-goa&quot; target=&quot;_blank&quot;&gt;Hyderabad To Goa Bus&lt;/a&gt;
                    &lt;a class=&quot;footer_seo_link footer_link_new&quot; href=&quot;https://www.redbus.in/bus-tickets/hyderabad-to-srisailam&quot; target=&quot;_blank&quot;&gt;Hyderabad To Srisailam Bus&lt;/a&gt;
                    &lt;a class=&quot;footer_seo_link footer_link_new&quot; href=&quot;https://www.redbus.in/bus-tickets/hyderabad-to-vijayawada&quot; target=&quot;_blank&quot;&gt;Hyderabad To Vijayawada Bus&lt;/a&gt;
                    &lt;a class=&quot;footer_seo_link footer_link_new&quot; href=&quot;https://www.redbus.in/bus-tickets/hyderabad-to-tirupathi&quot; target=&quot;_blank&quot;&gt;Hyderabad To Tirupathi Bus&lt;/a&gt;
                    &lt;a class=&quot;footer_seo_link footer_link_new&quot; href=&quot;https://www.redbus.in/bus-tickets/pune-to-goa&quot; target=&quot;_blank&quot;&gt;Pune To Goa Bus&lt;/a&gt;
                    &lt;a class=&quot;footer_seo_link footer_link_new&quot; href=&quot;https://www.redbus.in/bus-tickets/pune-to-mumbai&quot; target=&quot;_blank&quot;&gt;Pune To Mumbai Bus&lt;/a&gt;
                    &lt;a class=&quot;footer_seo_link footer_link_new&quot; href=&quot;https://www.redbus.in/bus-tickets/pune-to-nagpur&quot; target=&quot;_blank&quot;&gt;Pune To Nagpur Bus&lt;/a&gt;
                    &lt;a class=&quot;footer_seo_link footer_link_new&quot; href=&quot;https://www.redbus.in/bus-tickets/pune-to-kolhapur-maharashtra&quot; target=&quot;_blank&quot;&gt;Pune To Kolhapur Bus&lt;/a&gt;
                    &lt;a class=&quot;footer_seo_link footer_link_new&quot; href=&quot;https://www.redbus.in/bus-tickets/pune-to-nashik&quot; target=&quot;_blank&quot;&gt;Pune To Nashik Bus&lt;/a&gt;
                    &lt;a class=&quot;footer_seo_link footer_link_new&quot; href=&quot;https://www.redbus.in/bus-tickets/mumbai-to-goa&quot; target=&quot;_blank&quot;&gt;Mumbai To Goa Bus&lt;/a&gt;
                    &lt;a class=&quot;footer_seo_link footer_link_new&quot; href=&quot;https://www.redbus.in/bus-tickets/mumbai-to-pune&quot; target=&quot;_blank&quot;&gt;Mumbai To Pune Bus&lt;/a&gt;
                    &lt;a class=&quot;footer_seo_link footer_link_new&quot; href=&quot;https://www.redbus.in/bus-tickets/mumbai-to-shirdi&quot; target=&quot;_blank&quot;&gt;Mumbai To Shirdi Bus&lt;/a&gt;
                    &lt;a class=&quot;footer_seo_link footer_link_new&quot; href=&quot;https://www.redbus.in/bus-tickets/mumbai-to-mahabaleshwar&quot; target=&quot;_blank&quot;&gt;Mumbai To Mahabaleshwar Bus&lt;/a&gt;
                    &lt;a class=&quot;footer_seo_link footer_link_new&quot; href=&quot;https://www.redbus.in/bus-tickets/mumbai-to-kolhapur-maharashtra&quot; target=&quot;_blank&quot;&gt;Mumbai To Kolhapur Bus&lt;/a&gt;
                    &lt;a class=&quot;footer_seo_link footer_link_new&quot; href=&quot;https://www.redbus.in/bus-tickets/kolkata-to-digha&quot; target=&quot;_blank&quot;&gt;Kolkata To Digha Bus&lt;/a&gt;
                    &lt;a class=&quot;footer_seo_link footer_link_new&quot; href=&quot;https://www.redbus.in/bus-tickets/kolkata-to-siliguri&quot; target=&quot;_blank&quot;&gt;Kolkata To Siliguri Bus&lt;/a&gt;
                    &lt;a class=&quot;footer_seo_link footer_link_new&quot; href=&quot;https://www.redbus.in/bus-tickets/kolkata-to-puri&quot; target=&quot;_blank&quot;&gt;Kolkata To Puri Bus&lt;/a&gt;
                    &lt;a class=&quot;footer_seo_link footer_link_new&quot; href=&quot;https://www.redbus.in/bus-tickets/kolkata-to-bakkhali&quot; target=&quot;_blank&quot;&gt;Kolkata To Bakkhali Bus&lt;/a&gt;
                    &lt;a class=&quot;footer_seo_link footer_link_new&quot; href=&quot;https://www.redbus.in/bus-tickets/kolkata-to-mandarmani&quot; target=&quot;_blank&quot;&gt;Kolkata To Mandarmani Bus&lt;/a&gt;
            &lt;/div&gt;
            &lt;div style=&quot; background-color: #C4C4C4; height: 1px; width: 100%; margin-top: .5rem;&quot;&gt;&lt;/div&gt;
        &lt;/div&gt;
&lt;div class=&quot;interLinkContainer&quot; style=&quot;display: flex; flex-direction: column; cursor: pointer;&quot; id=&quot;1&quot;&gt;
            &lt;div style=&quot; display: flex; align-items: center; justify-content: space-between;&quot;&gt;
                &lt;h3 style=&quot; font-size: 1.125rem; font-weight: 700; line-height: 1.25rem; &quot;&gt;Popular Cities&lt;/h3&gt;
                &lt;i class=&quot;interLink icon icon-down&quot; style=&quot; font-size: 1rem;&quot;&gt;&lt;/i&gt;
            &lt;/div&gt;
            &lt;div class=&quot;seoLinkSection hide&quot; style=&quot;margin: .5rem 0;&quot;&gt;
                    &lt;a class=&quot;footer_seo_link footer_link_new&quot; href=&quot;buses/hyderabad-bus-tickets&quot; target=&quot;_blank&quot;&gt;Hyderabad Bus Ticket Booking&lt;/a&gt;
                    &lt;a class=&quot;footer_seo_link footer_link_new&quot; href=&quot;buses/bangalore-bus-tickets&quot; target=&quot;_blank&quot;&gt;Bangalore Bus Ticket Booking&lt;/a&gt;
                    &lt;a class=&quot;footer_seo_link footer_link_new&quot; href=&quot;buses/chennai-bus-tickets&quot; target=&quot;_blank&quot;&gt;Chennai Bus Ticket Booking&lt;/a&gt;
                    &lt;a class=&quot;footer_seo_link footer_link_new&quot; href=&quot;buses/pune-bus-tickets&quot; target=&quot;_blank&quot;&gt;Pune Bus Tickets Booking&lt;/a&gt;
                    &lt;a class=&quot;footer_seo_link footer_link_new&quot; href=&quot;buses/delhi-bus-tickets&quot; target=&quot;_blank&quot;&gt;Delhi Bus Ticket Booking&lt;/a&gt;
                    &lt;a class=&quot;footer_seo_link footer_link_new&quot; href=&quot;buses/mumbai-bus-tickets&quot; target=&quot;_blank&quot;&gt;Mumbai Bus Ticket Booking&lt;/a&gt;
                    &lt;a class=&quot;footer_seo_link footer_link_new&quot; href=&quot;buses/kolkata-bus-tickets&quot; target=&quot;_blank&quot;&gt;Kolkata Bus Ticket Booking&lt;/a&gt;
                    &lt;a class=&quot;footer_seo_link footer_link_new&quot; href=&quot;buses/ernakulam-bus-tickets&quot; target=&quot;_blank&quot;&gt;Ernakulam Bus Ticket Booking&lt;/a&gt;
                    &lt;a class=&quot;footer_seo_link footer_link_new&quot; href=&quot;buses/ahmedabad-bus-tickets&quot; target=&quot;_blank&quot;&gt;Ahmedabad Bus Ticket Booking&lt;/a&gt;
                    &lt;a class=&quot;footer_seo_link footer_link_new&quot; href=&quot;buses/vijayawada-bus-tickets&quot; target=&quot;_blank&quot;&gt;Vijayawada Bus Ticket Booking&lt;/a&gt;
                    &lt;a class=&quot;footer_seo_link footer_link_new&quot; href=&quot;buses/jaipur-bus-tickets&quot; target=&quot;_blank&quot;&gt;Jaipur Bus Ticket Booking&lt;/a&gt;
                    &lt;a class=&quot;footer_seo_link footer_link_new&quot; href=&quot;buses/indore-bus-tickets&quot; target=&quot;_blank&quot;&gt;Indore Bus Ticket Booking&lt;/a&gt;
                    &lt;a class=&quot;footer_seo_link footer_link_new&quot; href=&quot;buses/lucknow-bus-tickets&quot; target=&quot;_blank&quot;&gt;Lucknow Bus Ticket Booking&lt;/a&gt;
                    &lt;a class=&quot;footer_seo_link footer_link_new&quot; href=&quot;buses/bhopal-bus-tickets&quot; target=&quot;_blank&quot;&gt;Bhopal Bus Ticket Booking&lt;/a&gt;
            &lt;/div&gt;
            &lt;div style=&quot; background-color: #C4C4C4; height: 1px; width: 100%; margin-top: .5rem;&quot;&gt;&lt;/div&gt;
        &lt;/div&gt;
&lt;div class=&quot;interLinkContainer&quot; style=&quot;display: flex; flex-direction: column; cursor: pointer;&quot; id=&quot;2&quot;&gt;
            &lt;div style=&quot; display: flex; align-items: center; justify-content: space-between;&quot;&gt;
                &lt;h3 style=&quot; font-size: 1.125rem; font-weight: 700; line-height: 1.25rem; &quot;&gt;Popular Bus Operators&lt;/h3&gt;
                &lt;i class=&quot;interLink icon icon-down&quot; style=&quot; font-size: 1rem;&quot;&gt;&lt;/i&gt;
            &lt;/div&gt;
            &lt;div class=&quot;seoLinkSection hide&quot; style=&quot;margin: .5rem 0;&quot;&gt;
                    &lt;a class=&quot;footer_seo_link footer_link_new&quot; href=&quot;https://www.redbus.in/travels/no-1-air-travels&quot; target=&quot;_blank&quot;&gt;No 1 Air Travels&lt;/a&gt;
                    &lt;a class=&quot;footer_seo_link footer_link_new&quot; href=&quot;https://www.redbus.in/travels/ybm-travels&quot; target=&quot;_blank&quot;&gt;YBM Travels&lt;/a&gt;
                    &lt;a class=&quot;footer_seo_link footer_link_new&quot; href=&quot;https://www.redbus.in/travels/sri-sms-travels&quot; target=&quot;_blank&quot;&gt;Sri SMS Travels&lt;/a&gt;
                    &lt;a class=&quot;footer_seo_link footer_link_new&quot; href=&quot;https://www.redbus.in/travels/svkdt-travels&quot; target=&quot;_blank&quot;&gt;Svkdt Travels&lt;/a&gt;
                    &lt;a class=&quot;footer_seo_link footer_link_new&quot; href=&quot;https://www.redbus.in/travels/rkt-tours-and-travels&quot; target=&quot;_blank&quot;&gt;RKT Tours and Travels&lt;/a&gt;
                    &lt;a class=&quot;footer_seo_link footer_link_new&quot; href=&quot;https://www.redbus.in/travels/royal-cars&quot; target=&quot;_blank&quot;&gt;Royal Cars&lt;/a&gt;
                    &lt;a class=&quot;footer_seo_link footer_link_new&quot; href=&quot;https://www.redbus.in/travels/rahul-travels&quot; target=&quot;_blank&quot;&gt;Rahul Travels&lt;/a&gt;
                    &lt;a class=&quot;footer_seo_link footer_link_new&quot; href=&quot;https://www.redbus.in/travels/jbt-travels&quot; target=&quot;_blank&quot;&gt;JBT Travels&lt;/a&gt;
                    &lt;a class=&quot;footer_seo_link footer_link_new&quot; href=&quot;https://www.redbus.in/travels/raj-express-1&quot; target=&quot;_blank&quot;&gt;Raj Express&lt;/a&gt;
                    &lt;a class=&quot;footer_seo_link footer_link_new&quot; href=&quot;https://www.redbus.in/travels/vaishali-express&quot; target=&quot;_blank&quot;&gt;Vaishali Express&lt;/a&gt;
                    &lt;a class=&quot;footer_seo_link footer_link_new&quot; href=&quot;https://www.redbus.in/travels/rahul-travels-indore&quot; target=&quot;_blank&quot;&gt;Rahul Travels Indore&lt;/a&gt;
                    &lt;a class=&quot;footer_seo_link footer_link_new&quot; href=&quot;https://www.redbus.in/travels/delhi-tours-and-travels&quot; target=&quot;_blank&quot;&gt;Delhi Tours And Travels&lt;/a&gt;
                    &lt;a class=&quot;footer_seo_link footer_link_new&quot; href=&quot;https://www.redbus.in/travels/ashok-travels-delhi&quot; target=&quot;_blank&quot;&gt;Ashok Travels&lt;/a&gt;
                    &lt;a class=&quot;footer_seo_link footer_link_new&quot; href=&quot;https://www.redbus.in/travels/greenline&quot; target=&quot;_blank&quot;&gt;Greenline Travels&lt;/a&gt;
                    &lt;a class=&quot;footer_seo_link footer_link_new&quot; href=&quot;https://www.redbus.in/travels/pawan-travels-balaghat&quot; target=&quot;_blank&quot;&gt;Pawan Travels&lt;/a&gt;
                    &lt;a class=&quot;footer_seo_link footer_link_new&quot; href=&quot;https://www.redbus.in/travels/ravi-travels&quot; target=&quot;_blank&quot;&gt;Ravi Travels&lt;/a&gt;
                    &lt;a class=&quot;footer_seo_link footer_link_new&quot; href=&quot;https://www.redbus.in/travels/vrl-travels&quot; target=&quot;_blank&quot;&gt;VRL Travels&lt;/a&gt;
                    &lt;a class=&quot;footer_seo_link footer_link_new&quot; href=&quot;https://www.redbus.in/travels/dolphin-travel-house&quot; target=&quot;_blank&quot;&gt;Dolphin Travels&lt;/a&gt;
                    &lt;a class=&quot;footer_seo_link footer_link_new&quot; href=&quot;https://www.redbus.in/travels/ganesh-travels&quot; target=&quot;_blank&quot;&gt;Ganesh Travels&lt;/a&gt;
                    &lt;a class=&quot;footer_seo_link footer_link_new&quot; href=&quot;https://www.redbus.in/travels/kaveri-kamakshi-travels&quot; target=&quot;_blank&quot;&gt;Kaveri Travels&lt;/a&gt;
                    &lt;a class=&quot;footer_seo_link footer_link_new&quot; href=&quot;https://www.redbus.in/travels/national-travels-national&quot; target=&quot;_blank&quot;&gt;National Travels&lt;/a&gt;
                    &lt;a class=&quot;footer_seo_link footer_link_new&quot; href=&quot;https://www.redbus.in/travels/bharathi-travels-bharathi&quot; target=&quot;_blank&quot;&gt;Bharathi Travels&lt;/a&gt;
                    &lt;a class=&quot;footer_seo_link footer_link_new&quot; href=&quot;https://www.redbus.in/travels/city-land-travels&quot; target=&quot;_blank&quot;&gt;City Land Travels&lt;/a&gt;
                    &lt;a class=&quot;footer_seo_link footer_link_new&quot; href=&quot;https://www.redbus.in/travels/citylink-travels&quot; target=&quot;_blank&quot;&gt;Citylink Travels&lt;/a&gt;
                    &lt;a class=&quot;footer_seo_link footer_link_new&quot; href=&quot;https://www.redbus.in/travels/kkaveri-travels&quot; target=&quot;_blank&quot;&gt;KKaveri Travels&lt;/a&gt;
                    &lt;a class=&quot;footer_seo_link footer_link_new&quot; href=&quot;https://www.redbus.in/travels/kk-travels&quot; target=&quot;_blank&quot;&gt;KK Travels&lt;/a&gt;
                    &lt;a class=&quot;footer_seo_link footer_link_new&quot; href=&quot;https://www.redbus.in/travels/mahadev-travels-online&quot; target=&quot;_blank&quot;&gt;Mahadev Travels&lt;/a&gt;
                    &lt;a class=&quot;footer_seo_link footer_link_new&quot; href=&quot;https://www.redbus.in/travels/maharaja-travels-1&quot; target=&quot;_blank&quot;&gt;Maharaja Travels&lt;/a&gt;
                    &lt;a class=&quot;footer_seo_link footer_link_new&quot; href=&quot;https://www.redbus.in/travels/m-r-travels&quot; target=&quot;_blank&quot;&gt;M R Travels&lt;/a&gt;
                    &lt;a class=&quot;footer_seo_link footer_link_new&quot; href=&quot;https://www.redbus.in/travels/new-payal-travels&quot; target=&quot;_blank&quot;&gt;New Payal Travels&lt;/a&gt;
            &lt;/div&gt;
            &lt;div style=&quot; background-color: #C4C4C4; height: 1px; width: 100%; margin-top: .5rem;&quot;&gt;&lt;/div&gt;
        &lt;/div&gt;
&lt;/li&gt;


                    
        &lt;/ul&gt;
    &lt;ul class=&quot;footer_links&quot; style=&quot; display: flex; width: 100%; justify-content: space-between;&quot;&gt;
        &lt;li class=&quot;footer_link_section main_footer_item&quot; style=&quot;display: flex; flex-direction: column; gap: 0.5rem; width: 17rem;&quot;&gt;
            &lt;div class=&quot;footer_main_logos&quot;&gt;
                 &lt;picture&gt;
                    &lt;source srcset=&quot;https://s3.rdbuz.com/Images/rdc/rdc-redbus-logo.webp&quot; type=&quot;image/webp&quot;&gt;
                    &lt;img src=&quot;https://s3.rdbuz.com/Images/rdc/rdc-redbus-logo.svg&quot; alt=&quot;redBus&quot; title=&quot;redBus&quot; class=&quot;rb_footer_logo&quot; style=&quot;width: 6.25rem; height: 4.1rem;&quot;&gt;
                &lt;/picture&gt;
            &lt;/div&gt;
            &lt;span class=&quot;footer_text&quot;&gt;redBus is the world&#039;s largest online bus ticket booking service trusted by over 25 million happy customers globally. redBus offers bus ticket booking through its website, iOS and Android mobile apps for all major routes.&lt;/span&gt;
        &lt;/li&gt;
                &lt;li class=&quot;footer_link_section&quot; id=&quot;about_redbus_title_footer&quot; style=&quot;display: flex; flex-direction: column; gap: 0.5rem;&quot;&gt;
                    &lt;strong class=&quot;footer_link_section_title&quot; style=&quot;font-size: 1.125rem; color: #1d1d1d; margin: 0;&quot;&gt;About redBus&lt;/strong&gt;
                            &lt;a class=&quot;footer_link_section_item footer_link_new&quot; href=&quot;https://www.redbus.in/info/aboutus&quot; id=&quot;about_us_footer&quot; target=&quot;_blank&quot; style=&quot;color: #3e3e52;&quot;&gt;
                                About us
                            &lt;/a&gt;
                            &lt;a class=&quot;footer_link_section_item footer_link_new&quot; href=&quot;https://www.redbus.in/info/Investors&quot; id=&quot;investor_relations_footer&quot; target=&quot;_blank&quot; style=&quot;color: #3e3e52;&quot;&gt;
                                Investor Relations
                            &lt;/a&gt;
                            &lt;a class=&quot;footer_link_section_item footer_link_new&quot; href=&quot;https://www.redbus.in/info/contactus&quot; id=&quot;contact_us_footer&quot; target=&quot;_blank&quot; style=&quot;color: #3e3e52;&quot;&gt;
                                Contact us
                            &lt;/a&gt;
                            &lt;a class=&quot;footer_link_section_item footer_link_new&quot; href=&quot;https://m.redbus.in/&quot; id=&quot;mobile_version_footer&quot; target=&quot;_blank&quot; style=&quot;color: #3e3e52;&quot;&gt;
                                Mobile version
                            &lt;/a&gt;
                            &lt;a class=&quot;footer_link_section_item footer_link_new&quot; href=&quot;https://www.redbus.in/info/mobile&quot; id=&quot;redbus_on_bus_footer&quot; target=&quot;_blank&quot; style=&quot;color: #3e3e52;&quot;&gt;
                                redBus on mobile
                            &lt;/a&gt;
                            &lt;a class=&quot;footer_link_section_item footer_link_new&quot; href=&quot;https://www.redbus.in/sitemap.html&quot; id=&quot;sitemap_footer&quot; target=&quot;_blank&quot; style=&quot;color: #3e3e52;&quot;&gt;
                                Sitemap
                            &lt;/a&gt;
                            &lt;a class=&quot;footer_link_section_item footer_link_new&quot; href=&quot;https://www.redbus.in/info/offerTerms&quot; id=&quot;offers_footer&quot; target=&quot;_blank&quot; style=&quot;color: #3e3e52;&quot;&gt;
                                Offers
                            &lt;/a&gt;
                            &lt;a class=&quot;footer_link_section_item footer_link_new&quot; href=&quot;https://www.redbus.in/careers&quot; id=&quot;careers_footer&quot; target=&quot;_blank&quot; style=&quot;color: #3e3e52;&quot;&gt;
                                Careers
                            &lt;/a&gt;
                            &lt;a class=&quot;footer_link_section_item footer_link_new&quot; href=&quot;https://www.redbus.in/values&quot; id=&quot;values_footer&quot; target=&quot;_blank&quot; style=&quot;color: #3e3e52;&quot;&gt;
                                Values
                            &lt;/a&gt;
                &lt;/li&gt;
                &lt;li class=&quot;footer_link_section&quot; id=&quot;info_title_footer&quot; style=&quot;display: flex; flex-direction: column; gap: 0.5rem;&quot;&gt;
                    &lt;strong class=&quot;footer_link_section_title&quot; style=&quot;font-size: 1.125rem; color: #1d1d1d; margin: 0;&quot;&gt;Info&lt;/strong&gt;
                            &lt;a class=&quot;footer_link_section_item footer_link_new&quot; href=&quot;https://www.redbus.in/info/termscondition&quot; id=&quot;terms_n_conditions_footer&quot; target=&quot;_blank&quot; style=&quot;color: #3e3e52;&quot;&gt;
                                T&amp;amp;C
                            &lt;/a&gt;
                            &lt;a class=&quot;footer_link_section_item footer_link_new&quot; href=&quot;https://www.redbus.in/info/privacypolicy&quot; id=&quot;privacy_policy_footer&quot; target=&quot;_blank&quot; style=&quot;color: #3e3e52;&quot;&gt;
                                Privacy policy
                            &lt;/a&gt;
                            &lt;a class=&quot;footer_link_section_item footer_link_new&quot; href=&quot;https://www.redbus.in/info/faq&quot; id=&quot;faq_footer&quot; target=&quot;_blank&quot; style=&quot;color: #3e3e52;&quot;&gt;
                                FAQ
                            &lt;/a&gt;
                            &lt;a class=&quot;footer_link_section_item footer_link_new&quot; href=&quot;https://blog.redbus.in&quot; id=&quot;blog_footer&quot; target=&quot;_blank&quot; style=&quot;color: #3e3e52;&quot;&gt;
                                Blog
                            &lt;/a&gt;
                            &lt;a class=&quot;footer_link_section_item footer_link_new&quot; href=&quot;https://onboardvendor.redbus.in/&quot; id=&quot;bus_operator_registration_footer&quot; target=&quot;_blank&quot; style=&quot;color: #3e3e52;&quot;&gt;
                                Bus operator registration
                            &lt;/a&gt;
                            &lt;a class=&quot;footer_link_section_item footer_link_new&quot; href=&quot;https://in3.seatseller.travel/&quot; id=&quot;agent_registration_footer&quot; target=&quot;_blank&quot; style=&quot;color: #3e3e52;&quot;&gt;
                                Agent registration
                            &lt;/a&gt;
                            &lt;a class=&quot;footer_link_section_item footer_link_new&quot; href=&quot;https://www.acko.com/&quot; id=&quot;insurance_partner_footer&quot; target=&quot;_blank&quot; style=&quot;color: #3e3e52;&quot;&gt;
                                Insurance partner
                            &lt;/a&gt;
                            &lt;a class=&quot;footer_link_section_item footer_link_new&quot; href=&quot;https://www.redbus.in/info/useragreement&quot; id=&quot;user_agreement_footer&quot; target=&quot;_blank&quot; style=&quot;color: #3e3e52;&quot;&gt;
                                User agreement
                            &lt;/a&gt;
                            &lt;a class=&quot;footer_link_section_item footer_link_new&quot; href=&quot;https://www.redbus.in/primo/primo-service&quot; target=&quot;_blank&quot; style=&quot;color: #3e3e52;&quot;&gt;
                                Primo Bus
                            &lt;/a&gt;
                            &lt;a class=&quot;footer_link_section_item footer_link_new&quot; href=&quot;https://www.redbus.in/bus-timetable&quot; target=&quot;_blank&quot; style=&quot;color: #3e3e52;&quot;&gt;
                                Bus Timetable
                            &lt;/a&gt;
                &lt;/li&gt;
                &lt;li class=&quot;footer_link_section&quot; id=&quot;global_sites_title_footer&quot; style=&quot;display: flex; flex-direction: column; gap: 0.5rem;&quot;&gt;
                    &lt;strong class=&quot;footer_link_section_title&quot; style=&quot;font-size: 1.125rem; color: #1d1d1d; margin: 0;&quot;&gt;Global Sites&lt;/strong&gt;
                            &lt;a class=&quot;footer_link_section_item footer_link_new&quot; href=&quot;https://www.redbus.in/&quot; id=&quot;India_site_footer&quot; target=&quot;_blank&quot; style=&quot;color: #3e3e52;&quot;&gt;
                                India
                            &lt;/a&gt;
                            &lt;a class=&quot;footer_link_section_item footer_link_new&quot; href=&quot;https://www.redbus.sg/&quot; id=&quot;singapore_site_footer&quot; target=&quot;_blank&quot; style=&quot;color: #3e3e52;&quot;&gt;
                                Singapore
                            &lt;/a&gt;
                            &lt;a class=&quot;footer_link_section_item footer_link_new&quot; href=&quot;https://www.redbus.my/&quot; id=&quot;malaysia_site_footer&quot; target=&quot;_blank&quot; style=&quot;color: #3e3e52;&quot;&gt;
                                Malaysia
                            &lt;/a&gt;
                            &lt;a class=&quot;footer_link_section_item footer_link_new&quot; href=&quot;https://www.redbus.id/&quot; id=&quot;indonesia_site_footer&quot; target=&quot;_blank&quot; style=&quot;color: #3e3e52;&quot;&gt;
                                Indonesia
                            &lt;/a&gt;
                            &lt;a class=&quot;footer_link_section_item footer_link_new&quot; href=&quot;https://www.redbus.pe/&quot; id=&quot;peru_site_footer&quot; target=&quot;_blank&quot; style=&quot;color: #3e3e52;&quot;&gt;
                                Peru
                            &lt;/a&gt;
                            &lt;a class=&quot;footer_link_section_item footer_link_new&quot; href=&quot;https://www.redbus.co/&quot; id=&quot;colombia_site_footer&quot; target=&quot;_blank&quot; style=&quot;color: #3e3e52;&quot;&gt;
                                Colombia
                            &lt;/a&gt;
                            &lt;a class=&quot;footer_link_section_item footer_link_new&quot; href=&quot;https://www.redbus.com.kh/&quot; id=&quot;cambodia_site_footer&quot; target=&quot;_blank&quot; style=&quot;color: #3e3e52;&quot;&gt;
                                Cambodia
                            &lt;/a&gt;
                            &lt;a class=&quot;footer_link_section_item footer_link_new&quot; href=&quot;https://www.redbus.vn/&quot; id=&quot;vietnam_site_footer&quot; target=&quot;_blank&quot; style=&quot;color: #3e3e52;&quot;&gt;
                                Vietnam
                            &lt;/a&gt;
                &lt;/li&gt;
                &lt;li class=&quot;footer_link_section&quot; id=&quot;our_partners_title_footer&quot; style=&quot;display: flex; flex-direction: column; gap: 0.5rem;&quot;&gt;
                    &lt;strong class=&quot;footer_link_section_title&quot; style=&quot;font-size: 1.125rem; color: #1d1d1d; margin: 0;&quot;&gt;Our Partners&lt;/strong&gt;
                            &lt;a class=&quot;footer_link_section_item footer_link_new&quot; href=&quot;https://www.goibibo.com/bus/&quot; id=&quot;goibibo_bus_footer&quot; target=&quot;_blank&quot; rel=&quot;nofollow&quot; style=&quot;color: #3e3e52;&quot;&gt;
                                Goibibo Bus
                            &lt;/a&gt;
                            &lt;a class=&quot;footer_link_section_item footer_link_new&quot; href=&quot;https://www.goibibo.com/hotels/&quot; id=&quot;goibibo_hotels_footer&quot; target=&quot;_blank&quot; rel=&quot;nofollow&quot; style=&quot;color: #3e3e52;&quot;&gt;
                                Goibibo Hotels
                            &lt;/a&gt;
                            &lt;a class=&quot;footer_link_section_item footer_link_new&quot; href=&quot;https://www.makemytrip.com/hotels/&quot; id=&quot;makemytrip_hotels_footer&quot; target=&quot;_blank&quot; rel=&quot;nofollow&quot; style=&quot;color: #3e3e52;&quot;&gt;
                                Makemytrip Hotels
                            &lt;/a&gt;
                &lt;/li&gt;
    &lt;/ul&gt;
    &lt;div class=&quot;horizontal_seperator&quot; style=&quot;background-color: #e5e5e5; height: 1px; width: 100%;&quot;&gt;&lt;/div&gt;
    &lt;div class=&quot;copyright_social_section&quot; style=&quot;display: flex; justify-content: space-between;&quot;&gt;
        &lt;span class=&quot;footer_copyright_text&quot;&gt;Ⓒ 2024 Redbus India Pvt Ltd. All rights reserved&lt;/span&gt;
            &lt;div class=&quot;social_section&quot; style=&quot;display: flex; gap: 1.5rem;&quot;&gt;
                        &lt;a class=&quot;social_icon_item footer_link_new&quot; id=&quot;redbus_facebook&quot; href=&quot;https://www.facebook.com/redbus.in/&quot; target=&quot;_blank&quot; style=&quot;cursor: pointer;&quot;&gt;
                                &lt;img src=&quot;https://st.redbus.in/web/images/layout/social_facebook_new.svg&quot; class=&quot;social_img&quot; alt=&quot;redbus_facebook&quot; loading=&quot;lazy&quot; style=&quot; width: 1.5rem; height: 1.5rem;&quot;&gt;
                        &lt;/a&gt;
                        &lt;a class=&quot;social_icon_item footer_link_new&quot; id=&quot;redbus_linkedin&quot; href=&quot;https://in.linkedin.com/company/redbus_2/&quot; target=&quot;_blank&quot; style=&quot;cursor: pointer;&quot;&gt;
                                &lt;img src=&quot;https://st.redbus.in/web/images/layout/social_linkedin_new.svg&quot; class=&quot;social_img&quot; alt=&quot;redbus_linkedin&quot; loading=&quot;lazy&quot; style=&quot; width: 1.5rem; height: 1.5rem;&quot;&gt;
                        &lt;/a&gt;
                        &lt;a class=&quot;social_icon_item footer_link_new&quot; id=&quot;redbus_twitter&quot; href=&quot;https://twitter.com/redBus_in/&quot; target=&quot;_blank&quot; style=&quot;cursor: pointer;&quot;&gt;
                                &lt;img src=&quot;https://st.redbus.in/web/images/layout/social_twitter_new.svg&quot; class=&quot;social_img&quot; alt=&quot;redbus_twitter&quot; loading=&quot;lazy&quot; style=&quot; width: 1.5rem; height: 1.5rem;&quot;&gt;
                        &lt;/a&gt;
                        &lt;a class=&quot;social_icon_item footer_link_new&quot; id=&quot;redbus_instagram&quot; href=&quot;https://www.instagram.com/accounts/login/?next=/redbusindia/&quot; target=&quot;_blank&quot; style=&quot;cursor: pointer;&quot;&gt;
                                &lt;img src=&quot;https://st.redbus.in/web/images/layout/social_instagram_new.svg&quot; class=&quot;social_img&quot; alt=&quot;redbus_instagram&quot; loading=&quot;lazy&quot; style=&quot; width: 1.5rem; height: 1.5rem;&quot;&gt;
                        &lt;/a&gt;
            &lt;/div&gt;
    &lt;/div&gt;
&lt;/div&gt;
                &lt;/footer&gt;
    &lt;/section&gt;
    &lt;div class=&quot;msg-header&quot;&gt;
        &lt;div class=&quot;msg-success&quot;&gt;
            &lt;div&gt;
                &lt;em&gt;✔&lt;/em&gt;
                &lt;span id=&quot;nf_success&quot;&gt;&lt;/span&gt;
            &lt;/div&gt;
            &lt;span class=&quot;nf-close&quot;&gt;✖&lt;/span&gt;
        &lt;/div&gt;
        &lt;div class=&quot;msg-error&quot;&gt;
            &lt;div&gt;
                &lt;em&gt;✖&lt;/em&gt;
                &lt;span id=&quot;nf_error&quot;&gt;&lt;/span&gt;
            &lt;/div&gt;
            &lt;span class=&quot;nf-close&quot;&gt;✖&lt;/span&gt;
        &lt;/div&gt;
        &lt;div class=&quot;msg-info&quot;&gt;
            &lt;div&gt;
                &lt;em&gt;¡&lt;/em&gt;
                &lt;span id=&quot;nf_info&quot;&gt;&lt;/span&gt;
            &lt;/div&gt;
            &lt;span class=&quot;nf-close&quot;&gt;✖&lt;/span&gt;
        &lt;/div&gt;
        &lt;div class=&quot;msg-notice&quot;&gt;
            &lt;div&gt;
                &lt;em&gt;⚠&lt;/em&gt;
                &lt;span id=&quot;nf_notice&quot;&gt;&lt;/span&gt;
            &lt;/div&gt;
            &lt;span class=&quot;nf-close&quot;&gt;✖&lt;/span&gt;
        &lt;/div&gt;
    &lt;/div&gt;
            &lt;!-- Google Tag Manager --&gt;
        &lt;noscript&gt;
            &lt;iframe src=&quot;//www.googletagmanager.com/ns.html?id=GTM-TCFTX7&quot;
                    height=&quot;0&quot; width=&quot;0&quot; style=&quot;display:none;visibility:hidden&quot;&gt;&lt;/iframe&gt;
        &lt;/noscript&gt;
        &lt;script&gt;
            (function (w, d, s, l, i) {
                w[l] = w[l] || []; w[l].push({
                    &#039;gtm.start&#039;:
                    new Date().getTime(), event: &#039;gtm.js&#039;
                }); var f = d.getElementsByTagName(s)[0],
                j = d.createElement(s), dl = l != &#039;dataLayer&#039; ? &#039;&amp;l=&#039; + l : &#039;&#039;; j.defer = true; j.src =
                &#039;//www.googletagmanager.com/gtm.js?id=&#039; + i + dl; f.parentNode.insertBefore(j, f);
            })(window, document, &#039;script&#039;, &#039;dataLayer&#039;, &#039;GTM-TCFTX7&#039;);&lt;/script&gt;
        &lt;!-- End Google Tag Manager --&gt;
    &lt;script&gt;
          if (&#039;serviceWorker&#039; in navigator) {
            navigator.serviceWorker.register(&#039;/serviceworker.js?v=3&#039;).then(function(registration) {
            }, function(err) {
                  });
            }
      &lt;/script&gt;
    &lt;script&gt;
        var IS_NEW_CONTEXTUAL_LOGIN_ENABLED = true;
        var isLanguageFlag = false;
        var flagstoLanguage = null;
        var showRDCHome = false;
        var walletBalConfig = {&quot;BalanceText&quot;:&quot;Wallet Balance&quot;,&quot;CurrencyLabel&quot;:null,&quot;AbsolutePathList&quot;:[&quot;/&quot;,&quot;/SEARCH&quot;],&quot;IsTruncateBalance&quot;:true}; 
        var isRewardsEnabled = true;
        var calendarObj = null;
        var countryspecificdate = &#039;2024/08/19&#039;;
        var jsloggerURL=&#039;//logs.redbus.com/logger/postErr&#039;;
        var callTripsApi =&#039;True&#039;;
        var tripsRequestCount =&#039;10&#039;;
        var SECURE_COOKIE = true;
        var recaptchaSiteKey = &#039;6Lclx6UZAAAAAAJPzjIzuni5BEHrRGUzU9Rz87HS&#039;;
        var abBucket = &#039;&#039;;
        var isNewHeaderFooterShown = true;
        var buildVersion = &quot;PROD_642e99402&quot;;
        if(jsloggerURL &amp;&amp; jsloggerURL!==&quot;&quot;)
        {
      //  console.log(navigator.userAgent);
            window.onerror = function (msg, url, lineNo, columnNo, error) {
                var message =&#039;&#039;;
                var string = msg.toLowerCase();
                var substring = &quot;script error&quot;;
                if (string.indexOf(substring) &gt; -1){
                    console.log(&#039;Script Error: See Browser Console for Detail&#039;);
                } else {
                     message = {
                        &#039;Agent&#039;:&#039;WEB_DIRECT&#039;,
                        &#039;Message&#039;:msg,
                        &#039;URL&#039;: url,
                        &#039;Line&#039;:  lineNo,
                        &#039;Column&#039;: columnNo,
                        &#039;Error object&#039;: JSON.stringify(error),
                        &#039;User Agent&#039;:navigator.userAgent,
                        &#039;URL&#039;:location.href
                    };

                }
                /*var http = new XMLHttpRequest();
                var url = jsloggerURL;
                var params = JSON.stringify(message);
                http.open(&quot;POST&quot;, url, true);
                http.setRequestHeader(&quot;Content-type&quot;, &quot;application/json&quot;);
                http.send(params);*/
                 var http = new XMLHttpRequest();
                var  o = &quot;&quot;;
                for (var n in message){
                    o += encodeURIComponent(n) + &quot;=&quot; + encodeURIComponent(message[n]) + &quot;&amp;&quot;;
                }
                var url = jsloggerURL+&#039;?&#039;+o;
                http.open(&quot;GET&quot;, url, true);
                http.setRequestHeader(&quot;Content-type&quot;, &quot;application/json&quot;);
                http.send();
                return false;
            };
        }
    &lt;/script&gt;
    &lt;script&gt;
    function setCookie(e,r,n){var t=new Date;t.setTime(t.getTime()+24*n*60*60*1e3);var o=&quot;expires=&quot;+t.toUTCString();document.cookie=e+&quot;=&quot;+r+&quot;;&quot;+o+&quot;;path=/&quot;}
    function getCookie(e){return document.cookie.length&gt;0&amp;&amp;(c_start=document.cookie.indexOf(e+&quot;=&quot;),-1!=c_start)?(c_start=c_start+e.length+1,c_end=document.cookie.indexOf(&quot;;&quot;,c_start),-1==c_end&amp;&amp;(c_end=document.cookie.length),unescape(document.cookie.substring(c_start,c_end))):&quot;&quot;}var connection = navigator.connection || navigator.mozConnection || navigator.webkitConnection;var type = connection &amp;&amp; connection.effectiveType || &quot;-&quot;

        let enableBrowserFP = &#039;True&#039;;
        
        let isbrowserfp = enableBrowserFP.toLowerCase() === &quot;true&quot; &amp;&amp; (!getCookie(&quot;isBrowserFP&quot;) || !getCookie(&quot;rb_fpData&quot;));
        setTimeout(()=&gt;{
           if(isbrowserfp) {
                const filepath = &#039;/javascripts/BrowserFP.084bfe0d12b1a545ab0e.bundle.js&#039;;
                const fileref = document.createElement(&#039;script&#039;);
                const head = document.getElementsByTagName(&#039;head&#039;)[0];
                fileref.setAttribute(&#039;type&#039;, &#039;text/javascript&#039;);
                fileref.setAttribute(&#039;src&#039;, filepath);
                fileref.setAttribute(&#039;defer&#039;, &#039;defer&#039;);
                head.appendChild(fileref);
            }
        }, 4000);

        window.onload = resetCookie;
        window.scroll = resetCookie;
        window.ontouchstart = resetCookie;
        window.onclick = resetCookie;
        window.onkeypress = resetCookie;

        function resetCookie() {  
          let mriSessionId = getCookie(&quot;mriSessionId&quot;);
          let mriClientIdSetDateString = getCookie(&quot;mriClientIdSetDate&quot;);

          if(mriClientIdSetDateString) {
            const curDate = new Date();
            const setDate = new Date(mriClientIdSetDateString);
            if(!((setDate.getDate() === curDate.getDate()) &amp;&amp; (setDate.getMonth() === curDate.getMonth()) &amp;&amp; (setDate.getFullYear() === curDate.getFullYear()))) {
              const mriClientId = getCookie(&quot;mriClientId&quot;);
              mriClientId &amp;&amp; setCookie(&quot;mriClientId&quot;, mriClientId, 365);
              mriClientId &amp;&amp; setCookie(&quot;mriClientIdSetDate&quot;, curDate);
            }
          }
          mriSessionId &amp;&amp; setCookie(&quot;mriSessionId&quot;, mriSessionId, 0.0208333)
      }


        // Load beacon for Riskified
        const isRiskifiedEnabled = true;
        if(!isRiskifiedEnabled){ 
            var match = document.cookie.match(new RegExp(&#039;(^| )deviceSessionId=([^;]+)&#039;));
            var sessionId = &quot;&quot;;
            if (match) sessionId = match[2];
            //&lt;![CDATA[
            (function() {
                function riskifiedBeaconLoad() {
                    var store_domain = window.location.host;
                    var session_id = sessionId;
                    var url = (&#039;https:&#039; == document.location.protocol ? &#039;https://&#039; : &#039;http://&#039;)
                    + &quot;beacon.riskified.com?shop=&quot; + store_domain + &quot;&amp;sid=&quot; + session_id;
                    var s = document.createElement(&#039;script&#039;);
                    s.type = &#039;text/javascript&#039;;
                    s.async = true;
                    s.src = url;
                    var x = document.getElementsByTagName(&#039;script&#039;)[0];
                    x.parentNode.insertBefore(s, x);
                }
                if (window.attachEvent)
                    window.attachEvent(&#039;onload&#039;, riskifiedBeaconLoad)
                else
                    window.addEventListener(&#039;load&#039;, riskifiedBeaconLoad, false);
            })();
        }
        //]]&gt;
    &lt;/script&gt;
    &lt;!-- &lt;script&gt;
      var branchKey = &#039;key_live_pmMiKmugKG0cjSWqKr00jdfdwFhW20M0&#039;;
      window.branchKey = branchKey;
      function loadBranch(){
        if(window.branchKey){
          if(!window.branch){ 
            setTimeout(function() {
              (function(b,r,a,n,c,h,_,s,d,k){if(!b[n]||!b[n]._q){for(;s&lt;_.length;)c(h,_[s++]);d=r.createElement(a);d.async=1;d.src=&quot;https://cdn.branch.io/branch-latest.min.js&quot;;k=r.getElementsByTagName(a)[0];k.parentNode.insertBefore(d,k);b[n]=h}})(window,document,&quot;script&quot;,&quot;branch&quot;,function(b,r){b[r]=function(){b._q.push([r,arguments])}},{_q:[],_v:1},&quot;addListener applyCode autoAppIndex banner closeBanner closeJourney creditHistory credits data deepview deepviewCta first getCode init link logout redeem referrals removeListener sendSMS setBranchViewData setIdentity track validateCode trackCommerceEvent logEvent disableTracking getBrowserFingerprintId&quot;.split(&quot; &quot;), 0);
              branch.init(`${window.branchKey}`, function(err, data) {
                branch.getBrowserFingerprintId(function(err, data){
                  if(!err){
                    setCookie(&quot;Branch_BrowserFingerPrintID&quot;, data);
                  };
                });
              });
            }, 3000)
          }
        }
      }
      window.addEventListener(&#039;DOMContentLoaded&#039;, () =&gt; {
         loadBranch();   
      })
    &lt;/script&gt; --&gt;
    
    &lt;script src=&quot;/javascripts/vendor.36f750bb81f52081ddc7.bundle.js?root=rbus&quot; type=&quot;text/javascript&quot;&gt;&lt;/script&gt;
                &lt;script src=&quot;/javascripts/headerFooterV2.4142d26a512ea8f7b18a.bundle.js?root=rbus&quot; defer=&quot;&quot;&gt;&lt;/script&gt;
        &lt;script defer=&quot;&quot;&gt;
    let rdchead = document.getElementById(&quot;rdc-header&quot;);
    if (rdchead) {
        window.addEventListener(&#039;scroll&#039;, ()=&gt; {
        if (window.scrollY &gt;= rdchead.offsetHeight &amp;&amp; !rdchead.classList.contains(&quot;shadow&quot;)) {
            rdchead.classList.add(&quot;shadow&quot;);
        }
        else if (window.scrollY &lt; rdchead.offsetHeight &amp;&amp; rdchead.classList.contains(&quot;shadow&quot;)) {
            rdchead.classList.remove(&quot;shadow&quot;);
        }
      })
    }
    &lt;/script&gt;
    
    
    
     &lt;script&gt;
     var otherPlatformMobile= {&quot;lblEnterMobile&quot;:&quot;Enter your mobile number below to download the redBus mobile app.&quot;,&quot;phoneCodeLbl&quot;:&quot;Enter your mobile number&quot;,&quot;phoneCodeErrLbl2&quot;:&quot;Please enter a valid phone code&quot;,&quot;lblMobilePlaceHolder&quot;:&quot;Enter your mobile number&quot;,&quot;lblValidNumberErrorMessages&quot;:&quot;Enter the mobile number|Invalid Mobile No&quot;,&quot;lblSendButton&quot;:&quot;SMS me the link&quot;,&quot;lblSuccessMessage&quot;:&quot;SMS sent with download link&quot;,&quot;lblErrorMessage&quot;:&quot;Sorry ! please try again. We are facing issues in sending SMS&quot;,&quot;lblInitialMessage&quot;:&quot;Will send you an SMS with a link to instantly download our app on your phone !&quot;,&quot;lblResentButton&quot;:&quot;Resend Link&quot;}; 
     var offersAvailable = [{&quot;link&quot;:&quot;https://www.redbus.in/info/OfferTerms#SUPERHIT&quot;,&quot;img&quot;:&quot;https://st.redbus.in/images/offers/superhit_rav/1_1.png&quot;,&quot;offerDesc&quot;:&quot;Use Code SUPERHIT&quot;,&quot;offerPlatform&quot;:&quot;Save upto Rs 300 on AP and TS route&quot;,&quot;offerCode&quot;:&quot; &quot;,&quot;expLocalDate&quot;:null,&quot;offerType&quot;:null,&quot;offerText&quot;:null,&quot;conditionsText&quot;:null,&quot;knowMore&quot;:null,&quot;IsGeoOffer&quot;:null,&quot;TileDescription&quot;:null,&quot;WebdirectUrl&quot;:null,&quot;Title&quot;:null,&quot;ThumbnailUrl&quot;:null,&quot;ValidityStartDateLocal&quot;:null,&quot;ValidityEndDateLocal&quot;:null},{&quot;link&quot;:&quot;https://www.redbus.in/info/OfferTerms#RB200&quot;,&quot;img&quot;:&quot;https://st.redbus.in/images/offers/superhit_rav/1_1.png&quot;,&quot;offerDesc&quot;:&quot;Use code RB200&quot;,&quot;offerPlatform&quot;:&quot;Save upto Rs 200 on Delhi and North routes&quot;,&quot;offerCode&quot;:&quot; &quot;,&quot;expLocalDate&quot;:null,&quot;offerType&quot;:null,&quot;offerText&quot;:null,&quot;conditionsText&quot;:null,&quot;knowMore&quot;:null,&quot;IsGeoOffer&quot;:null,&quot;TileDescription&quot;:null,&quot;WebdirectUrl&quot;:null,&quot;Title&quot;:null,&quot;ThumbnailUrl&quot;:null,&quot;ValidityStartDateLocal&quot;:null,&quot;ValidityEndDateLocal&quot;:null},{&quot;link&quot;:&quot;https://www.redbus.in/info/OfferTerms#RBTRIP&quot;,&quot;img&quot;:&quot;https://st.redbus.in/Images/INDOFFER/RBTRIP/274x148.png&quot;,&quot;offerDesc&quot;:&quot;Use code RBTRIP&quot;,&quot;offerPlatform&quot;:&quot;Save up to Rs 200 in Kerala and pondicherry routes.&quot;,&quot;offerCode&quot;:&quot; &quot;,&quot;expLocalDate&quot;:null,&quot;offerType&quot;:null,&quot;offerText&quot;:null,&quot;conditionsText&quot;:null,&quot;knowMore&quot;:null,&quot;IsGeoOffer&quot;:null,&quot;TileDescription&quot;:null,&quot;WebdirectUrl&quot;:null,&quot;Title&quot;:null,&quot;ThumbnailUrl&quot;:null,&quot;ValidityStartDateLocal&quot;:null,&quot;ValidityEndDateLocal&quot;:null},{&quot;link&quot;:&quot;https://www.redbus.in/info/OfferTerms#APSRTCNEW&quot;,&quot;img&quot;:&quot;https://st.redbus.in/Images/carousel/APSRTC/APSRTC_offer-tile.png&quot;,&quot;offerDesc&quot;:&quot;Use code APSRTCNEW&quot;,&quot;offerPlatform&quot;:&quot;Save Up to Rs 250 on bus tickets on APSRTC&quot;,&quot;offerCode&quot;:&quot; &quot;,&quot;expLocalDate&quot;:null,&quot;offerType&quot;:null,&quot;offerText&quot;:null,&quot;conditionsText&quot;:null,&quot;knowMore&quot;:null,&quot;IsGeoOffer&quot;:null,&quot;TileDescription&quot;:null,&quot;WebdirectUrl&quot;:null,&quot;Title&quot;:null,&quot;ThumbnailUrl&quot;:null,&quot;ValidityStartDateLocal&quot;:null,&quot;ValidityEndDateLocal&quot;:null},{&quot;link&quot;:&quot;https://www.redbus.in/info/OfferTerms#SUPERBBB&quot;,&quot;img&quot;:&quot;https://st.redbus.in/images/offers/superhit_rav/1_1.png&quot;,&quot;offerDesc&quot;:&quot;Book NOw!&quot;,&quot;offerPlatform&quot;:&quot;Save upto Rs 300 on AP and TS route&quot;,&quot;offerCode&quot;:&quot; Use Code SUPERBBB&quot;,&quot;expLocalDate&quot;:null,&quot;offerType&quot;:null,&quot;offerText&quot;:null,&quot;conditionsText&quot;:null,&quot;knowMore&quot;:null,&quot;IsGeoOffer&quot;:null,&quot;TileDescription&quot;:null,&quot;WebdirectUrl&quot;:null,&quot;Title&quot;:null,&quot;ThumbnailUrl&quot;:null,&quot;ValidityStartDateLocal&quot;:null,&quot;ValidityEndDateLocal&quot;:null},{&quot;link&quot;:&quot;https://www.redbus.in/info/OfferTerms#UPSRTC&quot;,&quot;img&quot;:&quot;https://st.redbus.in/Images/INDOFFER/UPSRTC/247X147.png&quot;,&quot;offerDesc&quot;:&quot;Save 25% up to Rs 100 on SBSTC bus tickets.&quot;,&quot;offerPlatform&quot;:&quot;Use code UPSRTC&quot;,&quot;offerCode&quot;:&quot;Use Code UPSRTC&quot;,&quot;expLocalDate&quot;:null,&quot;offerType&quot;:null,&quot;offerText&quot;:null,&quot;conditionsText&quot;:null,&quot;knowMore&quot;:null,&quot;IsGeoOffer&quot;:null,&quot;TileDescription&quot;:null,&quot;WebdirectUrl&quot;:null,&quot;Title&quot;:null,&quot;ThumbnailUrl&quot;:null,&quot;ValidityStartDateLocal&quot;:null,&quot;ValidityEndDateLocal&quot;:null}];
     var sourcePop= null;
     var destPop= null;
     var pkgurl = &quot;https://www.redbus.in/packages&quot;;
     var pkgurlseo = &quot;https://www.redbus.in/&quot;;
     var baStart=&#039;8&#039;;
     var baEnd=&#039;30&#039;;
     var brEnd=&#039;7&#039;; 
     var isSeatAssuranceEnabled=&#039;False&#039;;
     var recentBookConfig=false;
     var resumeBookConfig=false;
     var repeatBookingConfig=false;
     var isSEA=&#039;False&#039;;
     var isBookAgnRtn = false;
     var phoneRegex= {&quot;51&quot;:&quot;/^(9)[0-9]{8}$/&quot;,&quot;57&quot;:&quot;/^(350|3[0-4][0-9])[0-9]{7}$/&quot;,&quot;60&quot;:&quot;/^((?!(0))[0-9]{9})$|^((?!(60))(?!(65))[0-9]{10})$|^((?!(60))(?!(65))[0-9]{11})$|^[0][0-9]{12}$/&quot;,&quot;62&quot;:&quot;/^(08|8)[0-9]{8,11}$/&quot;,&quot;65&quot;:&quot;/^[0-9]{8}$/&quot;,&quot;91&quot;:&quot;/^[6-9][0-9]{9}$/&quot;,&quot;default&quot;:&quot;/^[0-9]{8,15}$/&quot;};
     var timeDelay = 5000;     
      if(timeDelay == null || timeDelay == &quot;&quot; || timeDelay &lt;= 0){
        timeDelay = 5000;
      }
     var countDownObj =  {&quot;showCountDown&quot;:false,&quot;startTime&quot;:&quot;May 16, 2019 00:00:01&quot;,&quot;endTime&quot;:&quot;May 16, 2019 23:59:59&quot;,&quot;showDays&quot;:false,&quot;saleEndsLbl&quot;:&quot;SALE ENDS IN&quot;,&quot;hrsLbl&quot;:&quot;HH&quot;,&quot;daysLbl&quot;:&quot;DD&quot;,&quot;minLbl&quot;:&quot;MM&quot;,&quot;secsLbl&quot;:&quot;SS&quot;};
     var checkParentBPDPLocation= true;
     var isSeoSrpFeatureEnabled = true;
     var IsRDCPopupEnabled = false;
     var IS_SAFETY_PLUS_ENABLED = true;
     var showStrippedNames = false;
     var IS_SAFETY_PLUS_TILE_ENABLED = false;
     var safetyPlusTile = {&quot;title&quot;:&quot;Safety+ Program&quot;,&quot;image&quot;:&quot;https://s3.rdbuz.com/Images/webplatform/measures/safetyplus.svg&quot;,&quot;msg&quot;:&quot;A unique certification program to ensure safety in all buses.&quot;,&quot;btnLabel&quot;:&quot;Know More&quot;,&quot;btnUrl&quot;:&quot;/SafetyPlus&quot;};
     var isSolrIconDisabled = false;
     var IS_GEO_REDIRECTION_ENABLED = false;
     var geoUrls = null;
     var geoSeoSrpDisabled = null;
     var IS_TPP_TILE_ENABLED = false;
     var tppTile = null;
     var geoSeoSrpRouteUrl = null;
     var seoSrpRouteUrl = null;
     var countryBasedSearch = false;
     var adData = {&quot;contextId&quot;:&quot;QlVTI0hPTUVQQUdFI01JRERMRQ==&quot;,&quot;adFallbackImage&quot;:&quot;https://s3.rdbuz.com/Images/99/webreferal.png&quot;,&quot;adFallbackLink&quot;:&quot;https://m.redbus.in/refer?portal=true&quot;};
     var tnCAcceptanceLabels = null;
     var layoutConfig = {&quot;disableAppendLanguage&quot;:false,&quot;enableLoadLayoutBundle&quot;:false,&quot;disableMoeEngage&quot;:false,&quot;enableDebugBear&quot;:true,&quot;disableLoadJQueryForHome&quot;:true,&quot;disableJqueryForSrp&quot;:true,&quot;enableWebVitals&quot;:false,&quot;IsSearchPageCached&quot;:true,&quot;enableClientLangChange&quot;:false,&quot;alphaRegex&quot;:null,&quot;alphaCityRegex&quot;:null,&quot;alphaNumericRegex&quot;:null,&quot;payAtBusText&quot;:null,&quot;enableUIR&quot;:false,&quot;streaksConfig&quot;:{&quot;pendingContainer&quot;:&quot;https://st.redbus.in/Images/tripreward/pendingTripContainer.png&quot;,&quot;completedContainer&quot;:&quot;https://st.redbus.in/Images/tripreward/completedcontainer.png&quot;,&quot;freeTicketImg&quot;:&quot;https://s3.rdbuz.com/Images/tripreward/FreeTicketWithoutLock.svg&quot;,&quot;lockimg&quot;:&quot;https://st.redbus.in/Images/tripreward/lock.png&quot;,&quot;lockText&quot;:&quot;Free Ticket&quot;,&quot;bookBefore&quot;:&quot;Book and travel before &quot;,&quot;bookAfter&quot;:&quot;Book after &quot;,&quot;hexagonImg&quot;:&quot;https://s3.rdbuz.com/Images/tripreward/hexagon.png&quot;,&quot;pendingText&quot;:&quot;Pending&quot;,&quot;rewardLockImg&quot;:&quot;https://s3.rdbuz.com/Images/tripreward/FreeTicketWithLock.svg&quot;,&quot;hiwText&quot;:&quot;How does this work?&quot;,&quot;tripsummary&quot;:&quot;Trip Summary&quot;,&quot;freeTicKetunlock&quot;:&quot;Free ticket unlocked&quot;,&quot;cliamAfter&quot;:&quot;Claim after &quot;,&quot;travelBefore&quot;:&quot; and travel before &quot;,&quot;take&quot;:&quot;Take &quot;,&quot;moreTripsWith&quot;:&quot; more trips with &quot;,&quot;before&quot;:&quot; before &quot;,&quot;getWorth&quot;:&quot; &amp; Get a free ticket worth up to ₹&quot;,&quot;freeTicket&quot;:&quot;You have 1 free Ticket&quot;,&quot;bookTravelBefore&quot;:&quot;Book &amp; travel Before &quot;,&quot;tripsWith&quot;:&quot; trips with &quot;,&quot;getFreeTicket&quot;:&quot; to get this ticket for free&quot;,&quot;getFreeWorth&quot;:&quot; to get free ticket worth up to ₹&quot;,&quot;freeWorth&quot;:&quot;Free ticket worth ₹&quot;,&quot;available&quot;:&quot; available&quot;,&quot;keyPointsRemember&quot;:&quot;Key points to remember&quot;,&quot;boheadText&quot;:&quot;Bus operators in tripReward&quot;,&quot;tripLogo&quot;:&quot;https://s3.rdbuz.com/Images/tripreward/trfulllogo.png&quot;,&quot;popGif&quot;:&quot;https://st.redbus.in/Images/tripreward/homeconfetti.gif&quot;,&quot;unLocktext&quot;:&quot;Unlock your chance to win a Free Ticket with &quot;,&quot;triprewardImg&quot;:&quot;https://s3.rdbuz.com/Images/tripreward/tripReward.svg&quot;},&quot;shortDays&quot;:null,&quot;shortMonths&quot;:null,&quot;keepFooterConsistentAcrossFunnell&quot;:false,&quot;currencyChange&quot;:null,&quot;signUpOtpMessageUI&quot;:null,&quot;signInOtpMessageUI&quot;:null,&quot;IS_SEO_DIRECTORY_URL_ENABLED&quot;:false,&quot;IS_NEW_HEADER_FOOTER_ENABLED&quot;:true,&quot;IS_HOME_V2_ENABLED&quot;:true,&quot;IS_SEA_COUNTRY&quot;:true,&quot;IS_SERVER_ENV&quot;:true,&quot;enableAPMClient&quot;:false,&quot;enableClientABSetup&quot;:true,&quot;multipleAbData&quot;:[{&quot;expiry&quot;:21.0,&quot;originalTraffic&quot;:0.0,&quot;bucketTraffic&quot;:[0.33,0.33,0.33],&quot;cookieName&quot;:&quot;reddealBoostAB&quot;,&quot;abValue&quot;:null,&quot;page&quot;:&quot;HOME&quot;,&quot;cookiePrefix&quot;:null},{&quot;expiry&quot;:21.0,&quot;originalTraffic&quot;:0.0,&quot;bucketTraffic&quot;:[0.0,0.0,1.0],&quot;cookieName&quot;:&quot;rtcInline&quot;,&quot;abValue&quot;:null,&quot;page&quot;:&quot;SEARCH&quot;,&quot;cookiePrefix&quot;:null},{&quot;expiry&quot;:21.0,&quot;originalTraffic&quot;:0.0,&quot;bucketTraffic&quot;:[0.33,0.33,0.33],&quot;cookieName&quot;:&quot;dynamic_custinfo&quot;,&quot;abValue&quot;:null,&quot;page&quot;:&quot;SEARCH&quot;,&quot;cookiePrefix&quot;:null},{&quot;expiry&quot;:21.0,&quot;originalTraffic&quot;:0.5,&quot;bucketTraffic&quot;:[0.5],&quot;cookieName&quot;:&quot;uirAB_WEB&quot;,&quot;abValue&quot;:null,&quot;page&quot;:&quot;home&quot;,&quot;cookiePrefix&quot;:null}],&quot;abExpSync&quot;:[&quot;reddealBoostAB&quot;,&quot;rtcInline&quot;,&quot;dynamic_custinfo&quot;],&quot;isPackageRedirectFromChannel&quot;:false,&quot;pkgurl&quot;:null,&quot;pkgurlseo&quot;:null,&quot;enableABSetup&quot;:true,&quot;abData&quot;:{&quot;expiry&quot;:21.0,&quot;originalTraffic&quot;:0.0,&quot;bucketTraffic&quot;:[0.0,0.0,1.0],&quot;cookieName&quot;:&quot;homeV2&quot;,&quot;abValue&quot;:null,&quot;page&quot;:null,&quot;cookiePrefix&quot;:null},&quot;LoggingEnabledChannelUrls&quot;:null,&quot;IS_ERROR_EVENT&quot;:false,&quot;IsRDCPopupEnabled&quot;:false,&quot;IS_FERRY_CLTD_ENABLED&quot;:false,&quot;dynamicCustInfoAvailable&quot;:true,&quot;enableSolrStateName&quot;:true,&quot;enableTnCAcceptance&quot;:false,&quot;tnCAcceptanceLabels&quot;:null,&quot;recaptchaSiteKey&quot;:&quot;6Lclx6UZAAAAAAJPzjIzuni5BEHrRGUzU9Rz87HS&quot;,&quot;footerOtherServiceShowBelow&quot;:true,&quot;IS_VALID_HEADER_TRAINING_DISABLED&quot;:false,&quot;IS_OTP_FRAUD_CHECK_ENABLED&quot;:false,&quot;showRDCHome&quot;:false,&quot;IS_COMMA_ENABLED&quot;:false,&quot;branchKey&quot;:&quot;key_live_pmMiKmugKG0cjSWqKr00jdfdwFhW20M0&quot;,&quot;mriSessionIdTimeout&quot;:500,&quot;mriClientTimeout&quot;:0,&quot;useMri&quot;:true,&quot;enableCookieConsent&quot;:false,&quot;enableCltdPopup&quot;:false,&quot;enableBrowserFP&quot;:true,&quot;country&quot;:null,&quot;IS_GFT_V2_ENABLED&quot;:false,&quot;redbusLogoImage&quot;:null,&quot;nonDefaultLang&quot;:null,&quot;isSOLRIconDisabled&quot;:false,&quot;searchDownPanel&quot;:null,&quot;IS_SEO_BUS_DETAILS_ENABLED&quot;:false,&quot;IS_AB_EXPERIMENT_ENABLED&quot;:true,&quot;busDetailsPageConfig&quot;:null,&quot;IS_DYNAMIC_SEAT_BLOCKING_FEATURE_ENABLED&quot;:true,&quot;SECURE_COOKIE&quot;:true,&quot;IS_ALLOW_LADY_NEXT_TO_MALE_FEATURE_ENABLED&quot;:false,&quot;IS_ROUND_TRIP_DISABLED&quot;:true,&quot;dynamicContent&quot;:{&quot;IS_SRP_TUPLE_ENABLED&quot;:true,&quot;IS_SEAT_LAYOUT_ENABLED&quot;:true,&quot;IS_CUST_INFO_ENABLED&quot;:true,&quot;IS_THANK_YOU_ENABLED&quot;:true,&quot;srpTupleLbl&quot;:&quot;&quot;,&quot;seatLayoutLbl&quot;:&quot;&quot;,&quot;custInfoLbl&quot;:&quot;&quot;,&quot;thankyouLbl&quot;:&quot;&quot;},&quot;IS_PRE_REGISTER_ENABLED&quot;:true,&quot;IS_SAFETY_PLUS_ENABLED&quot;:true,&quot;IS_NEW_CANCELLATION_ENABLED&quot;:true,&quot;IS_NEW_CONTEXTUAL_LOGIN_ENABLED&quot;:true,&quot;IS_CO_TRAVELLERS_ENABLED&quot;:false,&quot;IS_SET_CO_TRAVELLER_API_DISABLED&quot;:false,&quot;isBoardingPassEnabled&quot;:false,&quot;boardingPass&quot;:null,&quot;tripleFive&quot;:{&quot;introLbl&quot;:&quot;INTRODUCING&quot;,&quot;tripleFiveLbl&quot;:&quot;Primo&quot;,&quot;busExLbl&quot;:&quot;The Smart Choice&quot;,&quot;busExLbl2&quot;:&quot;for the best bus experience.&quot;,&quot;subHeadFirstLbl&quot;:&quot;Look for buses with&quot;,&quot;subHeadLastLbl&quot;:&quot;tag while booking your journey&quot;,&quot;subHeadFirstLbl_new&quot;:&quot;Look for the tag&quot;,&quot;subHeadLastLbl_new&quot;:&quot;while booking&quot;,&quot;popupLeadText&quot;:&quot;Rising Stars on redBus&quot;,&quot;tripleFiveLbl1&quot;:&quot;On time&quot;,&quot;tripleFiveInfo1&quot;:&quot;Punctual arrivals on 95% trips&quot;,&quot;tripleFiveLbl2&quot;:&quot;Friendly Staff&quot;,&quot;tripleFiveInfo2&quot;:&quot;Always ready to help&quot;,&quot;tripleFiveLbl3&quot;:&quot;Top Rated&quot;,&quot;tripleFiveInfo3&quot;:&quot;Buses with 4+ star rating&quot;,&quot;ownerText&quot;:&quot;(Owner)&quot;,&quot;primoS3BaseUrl&quot;:&quot;https://s3.rdbuz.com/Images/webplatform/india/primo&quot;,&quot;opeartorImgBaseUrl&quot;:&quot;https://s3.rdbuz.com/Images/operatorImages/&quot;,&quot;operatorImgType&quot;:&quot;.png&quot;},&quot;milestoneProgram&quot;:null,&quot;IsAdsbyGoogleEnabled&quot;:false,&quot;IsMRIUxCaptureEnabled&quot;:true,&quot;MRI_CLIENT_BASEURL&quot;:&quot;https://mriclient.redbus.com/mri/push-to-kafka&quot;,&quot;MRI_ENVIRONMENT&quot;:&quot;prod&quot;,&quot;captureIpriceEnabled&quot;:false,&quot;IsRiskifiedEnabled&quot;:true,&quot;enableCAPIErrMsg&quot;:true,&quot;IsKibanaEnabled&quot;:false,&quot;IsUnAuthKibanaEnabled&quot;:true,&quot;isHeroFeatureSEA_LATAM&quot;:false,&quot;Header&quot;:{&quot;PageName&quot;:&quot;HOME&quot;,&quot;logo&quot;:{&quot;src&quot;:&quot;/images/home/sgp/layout_logo.png&quot;,&quot;title&quot;:&quot;redBus.in India&#039;s #1 Bus Booking Site&quot;,&quot;alt&quot;:&quot;redBus.in&quot;,&quot;link&quot;:&quot;/&quot;},&quot;rdcLogin&quot;:null,&quot;products&quot;:[{&quot;classlbl&quot;:&quot;selectedBus site-links&quot;,&quot;link&quot;:&quot;https://www.redbus.in/&quot;,&quot;label&quot;:&quot;&lt;style&gt;.rest .promotions-wrap{margin-left:44px;margin-top:-96px;}.cntEnd,.timName{color:#fff}.countInfo .position {height: 1.23em;}.bpdpcoach-block.coach-remove{pointer-events: none;}&lt;/style&gt;BUS TICKETS&quot;,&quot;title&quot;:&quot;redBus&quot;},{&quot;classlbl&quot;:&quot;site-links redRail&quot;,&quot;link&quot;:&quot;https://www.redbus.in/railways&quot;,&quot;label&quot;:&quot;redRail&quot;,&quot;title&quot;:&quot;redRail&quot;}],&quot;helpText&quot;:&quot;Need Help?&quot;,&quot;helpNo&quot;:[&quot;+65-31582888&quot;],&quot;helpEmailId&quot;:&quot;support@redbus.sg&quot;,&quot;helpNoText&quot;:&quot;Call Us at: &quot;,&quot;howtoOrderText&quot;:&quot;&quot;,&quot;helpEmailText&quot;:&quot;Email to: &quot;,&quot;PrintSMS&quot;:&quot;Print/SMS Ticket&quot;,&quot;PrintSMSHref&quot;:&quot;/Home/PrintTicket&quot;,&quot;helpHref&quot;:&quot;/info/redcare&quot;,&quot;helpLbl&quot;:&quot;Help&quot;,&quot;busTicketOnline&quot;:null,&quot;busTicketOnlineLink&quot;:null,&quot;lblCallUsAt&quot;:&quot;Call Us At&quot;,&quot;imgCallUsAt&quot;:&quot;https://s3.rdbuz.com/Web/Images/call_new.png&quot;,&quot;lblCallUsAtHelp&quot;:&quot;HOW CAN WE HELP YOU?&quot;,&quot;lblCancel&quot;:&quot;Cancel / Track Refund&quot;,&quot;lblWriteToUs&quot;:&quot;Write To Us&quot;,&quot;imgWriteToUs&quot;:&quot;https://s3.rdbuz.com/Web/Images/write.png&quot;,&quot;lnkHowToPay&quot;:null,&quot;lblHowToPay&quot;:null,&quot;countryDropDown&quot;:[{&quot;value&quot;:&quot;MYS&quot;,&quot;label&quot;:&quot;Malaysia&quot;,&quot;link&quot;:&quot;https://stage.redbus.my&quot;},{&quot;value&quot;:&quot;SGP&quot;,&quot;label&quot;:&quot;Singapore&quot;,&quot;link&quot;:&quot;https://stage.redbus.sg&quot;},{&quot;value&quot;:&quot;IDN&quot;,&quot;label&quot;:&quot;Indonesia&quot;,&quot;link&quot;:&quot;https://stage.redbus.id&quot;}],&quot;languageDropDown&quot;:[{&quot;value&quot;:&quot;en&quot;,&quot;label&quot;:&quot;English&quot;}],&quot;currencyDropDown&quot;:[{&quot;value&quot;:&quot;INR&quot;,&quot;label&quot;:&quot;INR&quot;,&quot;country&quot;:&quot;Indian Rupee&quot;,&quot;headerDispValue&quot;:null,&quot;symbol&quot;:null}],&quot;cancellationDropDown&quot;:[{&quot;value&quot;:&quot;/Cancellation&quot;,&quot;label&quot;:&quot;Bus&quot;},{&quot;value&quot;:&quot;/hotels/cancellation&quot;,&quot;label&quot;:&quot;Hotels&quot;}],&quot;geoLocationDropDown&quot;:[{&quot;label&quot;:&quot;Karnataka&quot;,&quot;state&quot;:&quot;KA&quot;},{&quot;label&quot;:&quot;Karnataka&quot;,&quot;state&quot;:&quot;KA&quot;},{&quot;label&quot;:&quot;West Bengal&quot;,&quot;state&quot;:&quot;WB&quot;},{&quot;label&quot;:&quot;West Bengal&quot;,&quot;state&quot;:&quot;WB&quot;},{&quot;label&quot;:&quot;Assam&quot;,&quot;state&quot;:&quot;AS&quot;},{&quot;label&quot;:&quot;Gujarat&quot;,&quot;state&quot;:&quot;GJ&quot;},{&quot;label&quot;:&quot;Uttar Pradesh&quot;,&quot;state&quot;:&quot;UP&quot;},{&quot;label&quot;:&quot;Maharashtra&quot;,&quot;state&quot;:&quot;MH&quot;},{&quot;label&quot;:&quot;Maharashtra&quot;,&quot;state&quot;:&quot;MH&quot;},{&quot;label&quot;:&quot;Telangana&quot;,&quot;state&quot;:&quot;TG&quot;},{&quot;label&quot;:&quot;Andhra Pradesh&quot;,&quot;state&quot;:&quot;AP&quot;},{&quot;label&quot;:&quot;Others&quot;,&quot;state&quot;:&quot;DEFAULT&quot;}],&quot;ManageBooking&quot;:{&quot;manageBookingHeader&quot;:&quot;Manage Booking&quot;,&quot;busMBHeader&quot;:&quot;Bus Tickets&quot;,&quot;hotelMBheader&quot;:&quot;Hotels Tickets&quot;,&quot;busManageBooking&quot;:{&quot;Cancel&quot;:&quot;/Cancellation&quot;,&quot;Change Travel Date&quot;:&quot;/Reschedule&quot;,&quot;Show My Ticket&quot;:&quot;/Home/PrintTicket&quot;,&quot;Email/SMS&quot;:&quot;/Home/SmsAndEmailTicket&quot;},&quot;hotelManageBooking&quot;:null},&quot;IsUserSignedIn&quot;:false,&quot;isLanguageFlag&quot;:false,&quot;rdcLogo&quot;:null,&quot;showBubble&quot;:false,&quot;currencySelectedLbl&quot;:null,&quot;currencyChangeLbl&quot;:null,&quot;headerActiveLinks&quot;:[{&quot;Feature&quot;:&quot;IsPersonalization&quot;,&quot;value&quot;:true},{&quot;Feature&quot;:&quot;IsLanguageDD&quot;,&quot;value&quot;:false},{&quot;Feature&quot;:&quot;IsCurrencyDD&quot;,&quot;value&quot;:false},{&quot;Feature&quot;:&quot;IsPrintSMS&quot;,&quot;value&quot;:false},{&quot;Feature&quot;:&quot;IsNeedHelp&quot;,&quot;value&quot;:false},{&quot;Feature&quot;:&quot;IsCallUs&quot;,&quot;value&quot;:false},{&quot;Feature&quot;:&quot;IsWriteToUs&quot;,&quot;value&quot;:false},{&quot;Feature&quot;:&quot;IsCancellation&quot;,&quot;value&quot;:false},{&quot;Feature&quot;:&quot;IsGeoLocation&quot;,&quot;value&quot;:false},{&quot;Feature&quot;:&quot;IsHowToOrder&quot;,&quot;value&quot;:false},{&quot;Feature&quot;:&quot;IsHowToPay&quot;,&quot;value&quot;:false},{&quot;Feature&quot;:&quot;IsRedbusPartner&quot;,&quot;value&quot;:false},{&quot;Feature&quot;:&quot;IsReschedule&quot;,&quot;value&quot;:false},{&quot;Feature&quot;:&quot;IsExtPromLink&quot;,&quot;value&quot;:false},{&quot;Feature&quot;:&quot;IsHelp&quot;,&quot;value&quot;:true}],&quot;personalization&quot;:[{&quot;id&quot;:&quot;mt&quot;,&quot;displayName&quot;:&quot;My Trips&quot;,&quot;link&quot;:&quot;myprofile#trips&quot;},{&quot;id&quot;:&quot;wc&quot;,&quot;displayName&quot;:&quot;Wallets/Cards&quot;,&quot;link&quot;:&quot;myprofile#wallet&quot;},{&quot;id&quot;:&quot;mp&quot;,&quot;displayName&quot;:&quot;My Profile&quot;,&quot;link&quot;:&quot;myprofile&quot;},{&quot;id&quot;:&quot;cp&quot;,&quot;displayName&quot;:&quot;Change Password&quot;,&quot;link&quot;:&quot;myprofile#updatePassword&quot;},{&quot;id&quot;:&quot;wh&quot;,&quot;displayName&quot;:&quot;Wallet&quot;,&quot;link&quot;:&quot;myprofile#walletHistory&quot;},{&quot;id&quot;:&quot;so&quot;,&quot;displayName&quot;:&quot;Sign Out&quot;,&quot;link&quot;:&quot;&quot;},{&quot;id&quot;:&quot;so&quot;,&quot;displayName&quot;:&quot;Sign Out From All Devices&quot;,&quot;link&quot;:&quot;&quot;},{&quot;id&quot;:&quot;si&quot;,&quot;displayName&quot;:&quot;Sign In/Sign Up&quot;,&quot;link&quot;:&quot;&quot;}],&quot;IsRBWalletFeatureEnabled&quot;:true,&quot;IsPasswordExists&quot;:false,&quot;partnerLogo&quot;:null,&quot;IsSupportDropDown&quot;:false,&quot;lblDDSupport&quot;:&quot;redBus Support&quot;,&quot;WalletBalance&quot;:{&quot;BalanceText&quot;:&quot;Wallet Balance&quot;,&quot;CurrencyLabel&quot;:null,&quot;AbsolutePathList&quot;:[&quot;/&quot;,&quot;/SEARCH&quot;],&quot;IsTruncateBalance&quot;:true},&quot;lblRedbusPartner&quot;:null,&quot;lblReschedule&quot;:&quot;Reschedule&quot;,&quot;linkRedbusPartner&quot;:null,&quot;lblCharterBuses&quot;:null,&quot;linkCharterBuses&quot;:null,&quot;expMins&quot;:1770.0,&quot;DefaultLangCheck&quot;:null,&quot;sameCountryCheck&quot;:null,&quot;autoCurrencySelect&quot;:null,&quot;autoLangSelect&quot;:null,&quot;flagstoLanguage&quot;:null,&quot;isHelpWidthAdjust&quot;:false,&quot;lblExtProm&quot;:null,&quot;lblExtPromLink&quot;:null,&quot;lblPromationLbl&quot;:null,&quot;lblPromationLink&quot;:null,&quot;corporateRedbusLbl&quot;:null,&quot;corporateRedbusLink&quot;:null,&quot;isChangePasswordDisabled&quot;:false,&quot;ferryTicketOnline&quot;:null,&quot;ferryTicketOnlineLink&quot;:null,&quot;newIndicator&quot;:null,&quot;percentOffIndicator&quot;:null,&quot;showRDCHome&quot;:false,&quot;activitiesOnlineLink&quot;:null,&quot;activitiesOnline&quot;:null},&quot;HeaderV2&quot;:{&quot;redBusLogoWebp&quot;:&quot;https://s3.rdbuz.com/Images/rdc/rdc-redbus-logo.webp&quot;,&quot;redBusLogo&quot;:&quot;https://s3.rdbuz.com/Images/rdc/rdc-redbus-logo.svg&quot;,&quot;verticals&quot;:[{&quot;imgUrl&quot;:&quot;https://s3.rdbuz.com/Images/rdc/rdc-redbus-logo.svg&quot;,&quot;key&quot;:&quot;bus_tickets_vertical&quot;,&quot;displayName&quot;:&quot;Bus Tickets&quot;,&quot;redirectUrl&quot;:&quot;https://www.redbus.in/bus-tickets&quot;,&quot;isDisabled&quot;:false,&quot;altName&quot;:&quot;Online Bus Tickets Booking&quot;,&quot;titleName&quot;:&quot;Online Bus Tickets Booking&quot;,&quot;newTag&quot;:null,&quot;isActive&quot;:true},{&quot;imgUrl&quot;:&quot;https://s3.rdbuz.com/web/images/layout/rail_vertical.svg&quot;,&quot;key&quot;:&quot;rail_tickets_vertical&quot;,&quot;displayName&quot;:&quot;Train Tickets&quot;,&quot;redirectUrl&quot;:&quot;https://www.redbus.in/railways&quot;,&quot;isDisabled&quot;:false,&quot;altName&quot;:&quot;Online Train Tickets Booking&quot;,&quot;titleName&quot;:&quot;Online Train Tickets Booking&quot;,&quot;newTag&quot;:&quot;₹80 off&quot;,&quot;isActive&quot;:false}],&quot;secondaryItems&quot;:[{&quot;iconClass&quot;:&quot;icon-help_new&quot;,&quot;key&quot;:&quot;help_redcare&quot;,&quot;displayName&quot;:&quot;Help&quot;,&quot;isRedirectOnClick&quot;:true,&quot;redirectUrl&quot;:&quot;/info/redcare&quot;,&quot;isDropdownTickNeeded&quot;:false,&quot;isShowOnlyOnLoggedIn&quot;:false,&quot;isShowOnlyOnLoggedOut&quot;:false,&quot;isDisabled&quot;:false,&quot;subMenuItems&quot;:null},{&quot;iconClass&quot;:&quot;icon-language&quot;,&quot;key&quot;:&quot;language_change&quot;,&quot;displayName&quot;:&quot;Language&quot;,&quot;isRedirectOnClick&quot;:false,&quot;redirectUrl&quot;:null,&quot;isDropdownTickNeeded&quot;:true,&quot;isShowOnlyOnLoggedIn&quot;:false,&quot;isShowOnlyOnLoggedOut&quot;:false,&quot;isDisabled&quot;:true,&quot;subMenuItems&quot;:[{&quot;subName&quot;:null,&quot;displayName&quot;:&quot;English&quot;,&quot;headerDispValue&quot;:null,&quot;key&quot;:&quot;en&quot;,&quot;redirectUrl&quot;:null,&quot;isSeperatorNeededAfter&quot;:false},{&quot;subName&quot;:null,&quot;displayName&quot;:&quot;हिंदी (Hindi)&quot;,&quot;headerDispValue&quot;:null,&quot;key&quot;:&quot;hi&quot;,&quot;redirectUrl&quot;:null,&quot;isSeperatorNeededAfter&quot;:false}]},{&quot;iconClass&quot;:&quot;icon-user_profile_new&quot;,&quot;key&quot;:&quot;account_dd&quot;,&quot;displayName&quot;:&quot;Account&quot;,&quot;isRedirectOnClick&quot;:false,&quot;redirectUrl&quot;:null,&quot;isDropdownTickNeeded&quot;:false,&quot;isShowOnlyOnLoggedIn&quot;:false,&quot;isShowOnlyOnLoggedOut&quot;:true,&quot;isDisabled&quot;:false,&quot;subMenuItems&quot;:[{&quot;subName&quot;:null,&quot;displayName&quot;:&quot;Cancel Ticket&quot;,&quot;headerDispValue&quot;:null,&quot;key&quot;:&quot;cancel_ticket&quot;,&quot;redirectUrl&quot;:&quot;/Cancellation&quot;,&quot;isSeperatorNeededAfter&quot;:false},{&quot;subName&quot;:null,&quot;displayName&quot;:&quot;Change Travel Date&quot;,&quot;headerDispValue&quot;:null,&quot;key&quot;:&quot;reschedule_ticket&quot;,&quot;redirectUrl&quot;:&quot;/Reschedule&quot;,&quot;isSeperatorNeededAfter&quot;:false},{&quot;subName&quot;:null,&quot;displayName&quot;:&quot;Show My Ticket&quot;,&quot;headerDispValue&quot;:null,&quot;key&quot;:&quot;ticket_details&quot;,&quot;redirectUrl&quot;:&quot;/Home/PrintTicket&quot;,&quot;isSeperatorNeededAfter&quot;:false},{&quot;subName&quot;:null,&quot;displayName&quot;:&quot;Email/SMS&quot;,&quot;headerDispValue&quot;:null,&quot;key&quot;:&quot;smsandemail_ticket&quot;,&quot;redirectUrl&quot;:&quot;/Home/SmsAndEmailTicket&quot;,&quot;isSeperatorNeededAfter&quot;:true},{&quot;subName&quot;:null,&quot;displayName&quot;:&quot;Login/ Sign Up&quot;,&quot;headerDispValue&quot;:null,&quot;key&quot;:&quot;user_sign_in_sign_up&quot;,&quot;redirectUrl&quot;:null,&quot;isSeperatorNeededAfter&quot;:false}]},{&quot;iconClass&quot;:&quot;icon-user_profile_new&quot;,&quot;key&quot;:&quot;account_dd&quot;,&quot;displayName&quot;:&quot;My Account&quot;,&quot;isRedirectOnClick&quot;:false,&quot;redirectUrl&quot;:null,&quot;isDropdownTickNeeded&quot;:false,&quot;isShowOnlyOnLoggedIn&quot;:true,&quot;isShowOnlyOnLoggedOut&quot;:false,&quot;isDisabled&quot;:false,&quot;subMenuItems&quot;:[{&quot;subName&quot;:null,&quot;displayName&quot;:&quot;Cancel Ticket&quot;,&quot;headerDispValue&quot;:null,&quot;key&quot;:&quot;cancel_ticket&quot;,&quot;redirectUrl&quot;:&quot;/Cancellation&quot;,&quot;isSeperatorNeededAfter&quot;:false},{&quot;subName&quot;:null,&quot;displayName&quot;:&quot;Change Travel Date&quot;,&quot;headerDispValue&quot;:null,&quot;key&quot;:&quot;reschedule_ticket&quot;,&quot;redirectUrl&quot;:&quot;/Reschedule&quot;,&quot;isSeperatorNeededAfter&quot;:false},{&quot;subName&quot;:null,&quot;displayName&quot;:&quot;Show My Ticket&quot;,&quot;headerDispValue&quot;:null,&quot;key&quot;:&quot;ticket_details&quot;,&quot;redirectUrl&quot;:&quot;/Home/PrintTicket&quot;,&quot;isSeperatorNeededAfter&quot;:false},{&quot;subName&quot;:null,&quot;displayName&quot;:&quot;Email/SMS&quot;,&quot;headerDispValue&quot;:null,&quot;key&quot;:&quot;smsandemail_ticket&quot;,&quot;redirectUrl&quot;:&quot;/Home/SmsAndEmailTicket&quot;,&quot;isSeperatorNeededAfter&quot;:true},{&quot;subName&quot;:null,&quot;displayName&quot;:&quot;My Profile&quot;,&quot;headerDispValue&quot;:null,&quot;key&quot;:&quot;profile_detail&quot;,&quot;redirectUrl&quot;:&quot;/myprofile&quot;,&quot;isSeperatorNeededAfter&quot;:false},{&quot;subName&quot;:null,&quot;displayName&quot;:&quot;My Trips&quot;,&quot;headerDispValue&quot;:null,&quot;key&quot;:&quot;profile_trips&quot;,&quot;redirectUrl&quot;:&quot;/myprofile#trips&quot;,&quot;isSeperatorNeededAfter&quot;:false},{&quot;subName&quot;:null,&quot;displayName&quot;:&quot;Cards&quot;,&quot;headerDispValue&quot;:null,&quot;key&quot;:&quot;profile_wallets_cards&quot;,&quot;redirectUrl&quot;:&quot;/myprofile#wallet&quot;,&quot;isSeperatorNeededAfter&quot;:false},{&quot;subName&quot;:null,&quot;displayName&quot;:&quot;Wallet&quot;,&quot;headerDispValue&quot;:null,&quot;key&quot;:&quot;profile_wallet&quot;,&quot;redirectUrl&quot;:&quot;/myprofile#wallet&quot;,&quot;isSeperatorNeededAfter&quot;:true},{&quot;subName&quot;:null,&quot;displayName&quot;:&quot;Sign Out&quot;,&quot;headerDispValue&quot;:null,&quot;key&quot;:&quot;user_sign_out&quot;,&quot;redirectUrl&quot;:null,&quot;isSeperatorNeededAfter&quot;:false},{&quot;subName&quot;:null,&quot;displayName&quot;:&quot;Sign Out from All Devices&quot;,&quot;headerDispValue&quot;:null,&quot;key&quot;:&quot;user_sign_out_all_device&quot;,&quot;redirectUrl&quot;:null,&quot;isSeperatorNeededAfter&quot;:false}]}],&quot;IsUserLoggedIn&quot;:false,&quot;IsHeaderHeightSmall&quot;:false,&quot;showVerticalsInFunnel&quot;:false},&quot;hardClearCookie&quot;:true,&quot;Footer&quot;:{&quot;footerLinkHeadType&quot;:null,&quot;SeoFooterLinks&quot;:[{&quot;uiComponentId&quot;:&quot;C_155&quot;,&quot;content&quot;:{&quot;heading&quot;:&quot;Popular Bus Routes&quot;,&quot;body&quot;:null,&quot;subHeading&quot;:null,&quot;var1&quot;:null,&quot;var2&quot;:null,&quot;var3&quot;:null,&quot;label1&quot;:null,&quot;value1&quot;:null,&quot;label2&quot;:null,&quot;value2&quot;:null,&quot;label3&quot;:null,&quot;value3&quot;:null,&quot;imageUrl&quot;:null,&quot;faqList&quot;:null,&quot;dataList&quot;:[{&quot;url&quot;:&quot;https://www.redbus.in/bus-tickets/delhi-to-manali&quot;,&quot;name&quot;:&quot;Delhi To Manali Bus&quot;,&quot;tooltip&quot;:null,&quot;customAttributes&quot;:null,&quot;isMoreLink&quot;:false},{&quot;url&quot;:&quot;https://www.redbus.in/bus-tickets/delhi-to-rishikesh&quot;,&quot;name&quot;:&quot;Delhi To Rishikesh Bus&quot;,&quot;tooltip&quot;:null,&quot;customAttributes&quot;:null,&quot;isMoreLink&quot;:false},{&quot;url&quot;:&quot;https://www.redbus.in/bus-tickets/delhi-to-shimla&quot;,&quot;name&quot;:&quot;Delhi To Shimla Bus&quot;,&quot;tooltip&quot;:null,&quot;customAttributes&quot;:null,&quot;isMoreLink&quot;:false},{&quot;url&quot;:&quot;https://www.redbus.in/bus-tickets/delhi-to-nainital&quot;,&quot;name&quot;:&quot;Delhi To Nainital Bus&quot;,&quot;tooltip&quot;:null,&quot;customAttributes&quot;:null,&quot;isMoreLink&quot;:false},{&quot;url&quot;:&quot;https://www.redbus.in/bus-tickets/delhi-to-katra&quot;,&quot;name&quot;:&quot;Delhi To Katra Bus&quot;,&quot;tooltip&quot;:null,&quot;customAttributes&quot;:null,&quot;isMoreLink&quot;:false},{&quot;url&quot;:&quot;https://www.redbus.in/bus-tickets/bangalore-to-goa&quot;,&quot;name&quot;:&quot;Bangalore To Goa Bus&quot;,&quot;tooltip&quot;:null,&quot;customAttributes&quot;:null,&quot;isMoreLink&quot;:false},{&quot;url&quot;:&quot;https://www.redbus.in/bus-tickets/bangalore-to-hyderabad&quot;,&quot;name&quot;:&quot;Bangalore To Hyderabad Bus&quot;,&quot;tooltip&quot;:null,&quot;customAttributes&quot;:null,&quot;isMoreLink&quot;:false},{&quot;url&quot;:&quot;https://www.redbus.in/bus-tickets/bangalore-to-tirupathi&quot;,&quot;name&quot;:&quot;Bangalore To Tirupathi Bus&quot;,&quot;tooltip&quot;:null,&quot;customAttributes&quot;:null,&quot;isMoreLink&quot;:false},{&quot;url&quot;:&quot;https://www.redbus.in/bus-tickets/bangalore-to-chennai&quot;,&quot;name&quot;:&quot;Bangalore To Chennai Bus&quot;,&quot;tooltip&quot;:null,&quot;customAttributes&quot;:null,&quot;isMoreLink&quot;:false},{&quot;url&quot;:&quot;https://www.redbus.in/bus-tickets/bangalore-to-pondicherry&quot;,&quot;name&quot;:&quot;Bangalore To Pondicherry Bus&quot;,&quot;tooltip&quot;:null,&quot;customAttributes&quot;:null,&quot;isMoreLink&quot;:false},{&quot;url&quot;:&quot;https://www.redbus.in/bus-tickets/hyderabad-to-bangalore&quot;,&quot;name&quot;:&quot;Hyderabad To Bangalore Bus&quot;,&quot;tooltip&quot;:null,&quot;customAttributes&quot;:null,&quot;isMoreLink&quot;:false},{&quot;url&quot;:&quot;https://www.redbus.in/bus-tickets/hyderabad-to-goa&quot;,&quot;name&quot;:&quot;Hyderabad To Goa Bus&quot;,&quot;tooltip&quot;:null,&quot;customAttributes&quot;:null,&quot;isMoreLink&quot;:false},{&quot;url&quot;:&quot;https://www.redbus.in/bus-tickets/hyderabad-to-srisailam&quot;,&quot;name&quot;:&quot;Hyderabad To Srisailam Bus&quot;,&quot;tooltip&quot;:null,&quot;customAttributes&quot;:null,&quot;isMoreLink&quot;:false},{&quot;url&quot;:&quot;https://www.redbus.in/bus-tickets/hyderabad-to-vijayawada&quot;,&quot;name&quot;:&quot;Hyderabad To Vijayawada Bus&quot;,&quot;tooltip&quot;:null,&quot;customAttributes&quot;:null,&quot;isMoreLink&quot;:false},{&quot;url&quot;:&quot;https://www.redbus.in/bus-tickets/hyderabad-to-tirupathi&quot;,&quot;name&quot;:&quot;Hyderabad To Tirupathi Bus&quot;,&quot;tooltip&quot;:null,&quot;customAttributes&quot;:null,&quot;isMoreLink&quot;:false},{&quot;url&quot;:&quot;https://www.redbus.in/bus-tickets/pune-to-goa&quot;,&quot;name&quot;:&quot;Pune To Goa Bus&quot;,&quot;tooltip&quot;:null,&quot;customAttributes&quot;:null,&quot;isMoreLink&quot;:false},{&quot;url&quot;:&quot;https://www.redbus.in/bus-tickets/pune-to-mumbai&quot;,&quot;name&quot;:&quot;Pune To Mumbai Bus&quot;,&quot;tooltip&quot;:null,&quot;customAttributes&quot;:null,&quot;isMoreLink&quot;:false},{&quot;url&quot;:&quot;https://www.redbus.in/bus-tickets/pune-to-nagpur&quot;,&quot;name&quot;:&quot;Pune To Nagpur Bus&quot;,&quot;tooltip&quot;:null,&quot;customAttributes&quot;:null,&quot;isMoreLink&quot;:false},{&quot;url&quot;:&quot;https://www.redbus.in/bus-tickets/pune-to-kolhapur-maharashtra&quot;,&quot;name&quot;:&quot;Pune To Kolhapur Bus&quot;,&quot;tooltip&quot;:null,&quot;customAttributes&quot;:null,&quot;isMoreLink&quot;:false},{&quot;url&quot;:&quot;https://www.redbus.in/bus-tickets/pune-to-nashik&quot;,&quot;name&quot;:&quot;Pune To Nashik Bus&quot;,&quot;tooltip&quot;:null,&quot;customAttributes&quot;:null,&quot;isMoreLink&quot;:false},{&quot;url&quot;:&quot;https://www.redbus.in/bus-tickets/mumbai-to-goa&quot;,&quot;name&quot;:&quot;Mumbai To Goa Bus&quot;,&quot;tooltip&quot;:null,&quot;customAttributes&quot;:null,&quot;isMoreLink&quot;:false},{&quot;url&quot;:&quot;https://www.redbus.in/bus-tickets/mumbai-to-pune&quot;,&quot;name&quot;:&quot;Mumbai To Pune Bus&quot;,&quot;tooltip&quot;:null,&quot;customAttributes&quot;:null,&quot;isMoreLink&quot;:false},{&quot;url&quot;:&quot;https://www.redbus.in/bus-tickets/mumbai-to-shirdi&quot;,&quot;name&quot;:&quot;Mumbai To Shirdi Bus&quot;,&quot;tooltip&quot;:null,&quot;customAttributes&quot;:null,&quot;isMoreLink&quot;:false},{&quot;url&quot;:&quot;https://www.redbus.in/bus-tickets/mumbai-to-mahabaleshwar&quot;,&quot;name&quot;:&quot;Mumbai To Mahabaleshwar Bus&quot;,&quot;tooltip&quot;:null,&quot;customAttributes&quot;:null,&quot;isMoreLink&quot;:false},{&quot;url&quot;:&quot;https://www.redbus.in/bus-tickets/mumbai-to-kolhapur-maharashtra&quot;,&quot;name&quot;:&quot;Mumbai To Kolhapur Bus&quot;,&quot;tooltip&quot;:null,&quot;customAttributes&quot;:null,&quot;isMoreLink&quot;:false},{&quot;url&quot;:&quot;https://www.redbus.in/bus-tickets/kolkata-to-digha&quot;,&quot;name&quot;:&quot;Kolkata To Digha Bus&quot;,&quot;tooltip&quot;:null,&quot;customAttributes&quot;:null,&quot;isMoreLink&quot;:false},{&quot;url&quot;:&quot;https://www.redbus.in/bus-tickets/kolkata-to-siliguri&quot;,&quot;name&quot;:&quot;Kolkata To Siliguri Bus&quot;,&quot;tooltip&quot;:null,&quot;customAttributes&quot;:null,&quot;isMoreLink&quot;:false},{&quot;url&quot;:&quot;https://www.redbus.in/bus-tickets/kolkata-to-puri&quot;,&quot;name&quot;:&quot;Kolkata To Puri Bus&quot;,&quot;tooltip&quot;:null,&quot;customAttributes&quot;:null,&quot;isMoreLink&quot;:false},{&quot;url&quot;:&quot;https://www.redbus.in/bus-tickets/kolkata-to-bakkhali&quot;,&quot;name&quot;:&quot;Kolkata To Bakkhali Bus&quot;,&quot;tooltip&quot;:null,&quot;customAttributes&quot;:null,&quot;isMoreLink&quot;:false},{&quot;url&quot;:&quot;https://www.redbus.in/bus-tickets/kolkata-to-mandarmani&quot;,&quot;name&quot;:&quot;Kolkata To Mandarmani Bus&quot;,&quot;tooltip&quot;:null,&quot;customAttributes&quot;:null,&quot;isMoreLink&quot;:false},{&quot;url&quot;:&quot;https://www.redbus.in/bus-tickets/chennai-to-bangalore&quot;,&quot;name&quot;:&quot;Chennai To Bangalore Bus&quot;,&quot;tooltip&quot;:null,&quot;customAttributes&quot;:null,&quot;isMoreLink&quot;:false},{&quot;url&quot;:&quot;https://www.redbus.in/bus-tickets/chennai-to-pondicherry&quot;,&quot;name&quot;:&quot;Chennai To Pondicherry Bus&quot;,&quot;tooltip&quot;:null,&quot;customAttributes&quot;:null,&quot;isMoreLink&quot;:false},{&quot;url&quot;:&quot;https://www.redbus.in/bus-tickets/chennai-to-coimbatore&quot;,&quot;name&quot;:&quot;Chennai To Coimbatore Bus&quot;,&quot;tooltip&quot;:null,&quot;customAttributes&quot;:null,&quot;isMoreLink&quot;:false},{&quot;url&quot;:&quot;https://www.redbus.in/bus-tickets/chennai-to-madurai&quot;,&quot;name&quot;:&quot;Chennai To Madurai Bus&quot;,&quot;tooltip&quot;:null,&quot;customAttributes&quot;:null,&quot;isMoreLink&quot;:false},{&quot;url&quot;:&quot;https://www.redbus.in/bus-tickets/chennai-to-tirupathi&quot;,&quot;name&quot;:&quot;Chennai To Tirupathi Bus&quot;,&quot;tooltip&quot;:null,&quot;customAttributes&quot;:null,&quot;isMoreLink&quot;:false},{&quot;url&quot;:&quot;https://www.redbus.in/bus-tickets/chandigarh-to-manali&quot;,&quot;name&quot;:&quot;Chandigarh To Manali Bus&quot;,&quot;tooltip&quot;:null,&quot;customAttributes&quot;:null,&quot;isMoreLink&quot;:false},{&quot;url&quot;:&quot;https://www.redbus.in/bus-tickets/chandigarh-to-shimla&quot;,&quot;name&quot;:&quot;Chandigarh To Shimla Bus&quot;,&quot;tooltip&quot;:null,&quot;customAttributes&quot;:null,&quot;isMoreLink&quot;:false},{&quot;url&quot;:&quot;https://www.redbus.in/bus-tickets/chandigarh-to-delhi&quot;,&quot;name&quot;:&quot;Chandigarh To Delhi Bus&quot;,&quot;tooltip&quot;:null,&quot;customAttributes&quot;:null,&quot;isMoreLink&quot;:false},{&quot;url&quot;:&quot;https://www.redbus.in/bus-tickets/chandigarh-to-dehradun&quot;,&quot;name&quot;:&quot;Chandigarh To Dehradun Bus&quot;,&quot;tooltip&quot;:null,&quot;customAttributes&quot;:null,&quot;isMoreLink&quot;:false},{&quot;url&quot;:&quot;https://www.redbus.in/bus-tickets/chandigarh-to-amritsar&quot;,&quot;name&quot;:&quot;Chandigarh To Amritsar Bus&quot;,&quot;tooltip&quot;:null,&quot;customAttributes&quot;:null,&quot;isMoreLink&quot;:false},{&quot;url&quot;:&quot;https://www.redbus.in/bus-tickets/coimbatore-to-chennai&quot;,&quot;name&quot;:&quot;Coimbatore To Chennai Bus&quot;,&quot;tooltip&quot;:null,&quot;customAttributes&quot;:null,&quot;isMoreLink&quot;:false},{&quot;url&quot;:&quot;https://www.redbus.in/bus-tickets/coimbatore-to-bangalore&quot;,&quot;name&quot;:&quot;Coimbatore To Bangalore Bus&quot;,&quot;tooltip&quot;:null,&quot;customAttributes&quot;:null,&quot;isMoreLink&quot;:false},{&quot;url&quot;:&quot;https://www.redbus.in/bus-tickets/coimbatore-to-ooty&quot;,&quot;name&quot;:&quot;Coimbatore To Ooty Bus&quot;,&quot;tooltip&quot;:null,&quot;customAttributes&quot;:null,&quot;isMoreLink&quot;:false},{&quot;url&quot;:&quot;https://www.redbus.in/bus-tickets/coimbatore-to-tiruchendur&quot;,&quot;name&quot;:&quot;Coimbatore To Tiruchendur Bus&quot;,&quot;tooltip&quot;:null,&quot;customAttributes&quot;:null,&quot;isMoreLink&quot;:false},{&quot;url&quot;:&quot;https://www.redbus.in/bus-tickets/coimbatore-to-madurai&quot;,&quot;name&quot;:&quot;Coimbatore To Madurai Bus&quot;,&quot;tooltip&quot;:null,&quot;customAttributes&quot;:null,&quot;isMoreLink&quot;:false},{&quot;url&quot;:&quot;https://www.redbus.in/bus-tickets/agra-to-bareilly&quot;,&quot;name&quot;:&quot;Agra to Bareilly Bus&quot;,&quot;tooltip&quot;:null,&quot;customAttributes&quot;:null,&quot;isMoreLink&quot;:false},{&quot;url&quot;:&quot;https://www.redbus.in/bus-tickets/hisar-to-chandigarh&quot;,&quot;name&quot;:&quot;Hisar to Chandigarh Bus&quot;,&quot;tooltip&quot;:null,&quot;customAttributes&quot;:null,&quot;isMoreLink&quot;:false},{&quot;url&quot;:&quot;https://www.redbus.in/bus-tickets/hisar-to-delhi&quot;,&quot;name&quot;:&quot;Hisar to Delhi Bus &quot;,&quot;tooltip&quot;:null,&quot;customAttributes&quot;:null,&quot;isMoreLink&quot;:false},{&quot;url&quot;:&quot;https://www.redbus.in/bus-tickets/lucknow-to-ballia&quot;,&quot;name&quot;:&quot;Lucknow to Ballia Bus&quot;,&quot;tooltip&quot;:null,&quot;customAttributes&quot;:null,&quot;isMoreLink&quot;:false},{&quot;url&quot;:&quot;https://www.redbus.in/bus-tickets/lucknow-to-moradabad&quot;,&quot;name&quot;:&quot;Lucknow to Moradabad Bus&quot;,&quot;tooltip&quot;:null,&quot;customAttributes&quot;:null,&quot;isMoreLink&quot;:false},{&quot;url&quot;:&quot;https://www.redbus.in/bus-tickets/rajkot-to-dwarka&quot;,&quot;name&quot;:&quot;Rajkot to Dwarka Bus&quot;,&quot;tooltip&quot;:null,&quot;customAttributes&quot;:null,&quot;isMoreLink&quot;:false},{&quot;url&quot;:&quot;https://www.redbus.in/bus-tickets/siliguri-to-gangtok&quot;,&quot;name&quot;:&quot;Siliguri to Gangtok Bus&quot;,&quot;tooltip&quot;:null,&quot;customAttributes&quot;:null,&quot;isMoreLink&quot;:false},{&quot;url&quot;:&quot;https://www.redbus.in/bus-tickets/ahmedabad-to-goa&quot;,&quot;name&quot;:&quot;Ahmedabad to Goa Bus&quot;,&quot;tooltip&quot;:null,&quot;customAttributes&quot;:null,&quot;isMoreLink&quot;:false},{&quot;url&quot;:&quot;https://www.redbus.in/bus-tickets/ahmedabad-to-kanpur&quot;,&quot;name&quot;:&quot;Ahmedabad to Kanpur Bus&quot;,&quot;tooltip&quot;:null,&quot;customAttributes&quot;:null,&quot;isMoreLink&quot;:false},{&quot;url&quot;:&quot;https://www.redbus.in/bus-tickets/akola-to-pune&quot;,&quot;name&quot;:&quot;Akola to Pune Bus&quot;,&quot;tooltip&quot;:null,&quot;customAttributes&quot;:null,&quot;isMoreLink&quot;:false}]},&quot;headerType&quot;:&quot;h3&quot;},{&quot;uiComponentId&quot;:&quot;C_155&quot;,&quot;content&quot;:{&quot;heading&quot;:&quot;Popular Cities&quot;,&quot;body&quot;:null,&quot;subHeading&quot;:null,&quot;var1&quot;:null,&quot;var2&quot;:null,&quot;var3&quot;:null,&quot;label1&quot;:null,&quot;value1&quot;:null,&quot;label2&quot;:null,&quot;value2&quot;:null,&quot;label3&quot;:null,&quot;value3&quot;:null,&quot;imageUrl&quot;:null,&quot;faqList&quot;:null,&quot;dataList&quot;:[{&quot;url&quot;:&quot;buses/hyderabad-bus-tickets&quot;,&quot;name&quot;:&quot;Hyderabad Bus Ticket Booking&quot;,&quot;tooltip&quot;:null,&quot;customAttributes&quot;:null,&quot;isMoreLink&quot;:false},{&quot;url&quot;:&quot;buses/bangalore-bus-tickets&quot;,&quot;name&quot;:&quot;Bangalore Bus Ticket Booking&quot;,&quot;tooltip&quot;:null,&quot;customAttributes&quot;:null,&quot;isMoreLink&quot;:false},{&quot;url&quot;:&quot;buses/chennai-bus-tickets&quot;,&quot;name&quot;:&quot;Chennai Bus Ticket Booking&quot;,&quot;tooltip&quot;:null,&quot;customAttributes&quot;:null,&quot;isMoreLink&quot;:false},{&quot;url&quot;:&quot;buses/pune-bus-tickets&quot;,&quot;name&quot;:&quot;Pune Bus Tickets Booking&quot;,&quot;tooltip&quot;:null,&quot;customAttributes&quot;:null,&quot;isMoreLink&quot;:false},{&quot;url&quot;:&quot;buses/delhi-bus-tickets&quot;,&quot;name&quot;:&quot;Delhi Bus Ticket Booking&quot;,&quot;tooltip&quot;:null,&quot;customAttributes&quot;:null,&quot;isMoreLink&quot;:false},{&quot;url&quot;:&quot;buses/mumbai-bus-tickets&quot;,&quot;name&quot;:&quot;Mumbai Bus Ticket Booking&quot;,&quot;tooltip&quot;:null,&quot;customAttributes&quot;:null,&quot;isMoreLink&quot;:false},{&quot;url&quot;:&quot;buses/kolkata-bus-tickets&quot;,&quot;name&quot;:&quot;Kolkata Bus Ticket Booking&quot;,&quot;tooltip&quot;:null,&quot;customAttributes&quot;:null,&quot;isMoreLink&quot;:false},{&quot;url&quot;:&quot;buses/ernakulam-bus-tickets&quot;,&quot;name&quot;:&quot;Ernakulam Bus Ticket Booking&quot;,&quot;tooltip&quot;:null,&quot;customAttributes&quot;:null,&quot;isMoreLink&quot;:false},{&quot;url&quot;:&quot;buses/ahmedabad-bus-tickets&quot;,&quot;name&quot;:&quot;Ahmedabad Bus Ticket Booking&quot;,&quot;tooltip&quot;:null,&quot;customAttributes&quot;:null,&quot;isMoreLink&quot;:false},{&quot;url&quot;:&quot;buses/vijayawada-bus-tickets&quot;,&quot;name&quot;:&quot;Vijayawada Bus Ticket Booking&quot;,&quot;tooltip&quot;:null,&quot;customAttributes&quot;:null,&quot;isMoreLink&quot;:false},{&quot;url&quot;:&quot;buses/jaipur-bus-tickets&quot;,&quot;name&quot;:&quot;Jaipur Bus Ticket Booking&quot;,&quot;tooltip&quot;:null,&quot;customAttributes&quot;:null,&quot;isMoreLink&quot;:false},{&quot;url&quot;:&quot;buses/indore-bus-tickets&quot;,&quot;name&quot;:&quot;Indore Bus Ticket Booking&quot;,&quot;tooltip&quot;:null,&quot;customAttributes&quot;:null,&quot;isMoreLink&quot;:false},{&quot;url&quot;:&quot;buses/lucknow-bus-tickets&quot;,&quot;name&quot;:&quot;Lucknow Bus Ticket Booking&quot;,&quot;tooltip&quot;:null,&quot;customAttributes&quot;:null,&quot;isMoreLink&quot;:false},{&quot;url&quot;:&quot;buses/bhopal-bus-tickets&quot;,&quot;name&quot;:&quot;Bhopal Bus Ticket Booking&quot;,&quot;tooltip&quot;:null,&quot;customAttributes&quot;:null,&quot;isMoreLink&quot;:false}]},&quot;headerType&quot;:&quot;h3&quot;},{&quot;uiComponentId&quot;:&quot;C_155&quot;,&quot;content&quot;:{&quot;heading&quot;:&quot;Popular Bus Operators&quot;,&quot;body&quot;:null,&quot;subHeading&quot;:null,&quot;var1&quot;:null,&quot;var2&quot;:null,&quot;var3&quot;:null,&quot;label1&quot;:null,&quot;value1&quot;:null,&quot;label2&quot;:null,&quot;value2&quot;:null,&quot;label3&quot;:null,&quot;value3&quot;:null,&quot;imageUrl&quot;:null,&quot;faqList&quot;:null,&quot;dataList&quot;:[{&quot;url&quot;:&quot;https://www.redbus.in/travels/no-1-air-travels&quot;,&quot;name&quot;:&quot;No 1 Air Travels&quot;,&quot;tooltip&quot;:null,&quot;customAttributes&quot;:null,&quot;isMoreLink&quot;:false},{&quot;url&quot;:&quot;https://www.redbus.in/travels/ybm-travels&quot;,&quot;name&quot;:&quot;YBM Travels&quot;,&quot;tooltip&quot;:null,&quot;customAttributes&quot;:null,&quot;isMoreLink&quot;:false},{&quot;url&quot;:&quot;https://www.redbus.in/travels/sri-sms-travels&quot;,&quot;name&quot;:&quot;Sri SMS Travels&quot;,&quot;tooltip&quot;:null,&quot;customAttributes&quot;:null,&quot;isMoreLink&quot;:false},{&quot;url&quot;:&quot;https://www.redbus.in/travels/svkdt-travels&quot;,&quot;name&quot;:&quot;Svkdt Travels&quot;,&quot;tooltip&quot;:null,&quot;customAttributes&quot;:null,&quot;isMoreLink&quot;:false},{&quot;url&quot;:&quot;https://www.redbus.in/travels/rkt-tours-and-travels&quot;,&quot;name&quot;:&quot;RKT Tours and Travels&quot;,&quot;tooltip&quot;:null,&quot;customAttributes&quot;:null,&quot;isMoreLink&quot;:false},{&quot;url&quot;:&quot;https://www.redbus.in/travels/royal-cars&quot;,&quot;name&quot;:&quot;Royal Cars&quot;,&quot;tooltip&quot;:null,&quot;customAttributes&quot;:null,&quot;isMoreLink&quot;:false},{&quot;url&quot;:&quot;https://www.redbus.in/travels/rahul-travels&quot;,&quot;name&quot;:&quot;Rahul Travels&quot;,&quot;tooltip&quot;:null,&quot;customAttributes&quot;:null,&quot;isMoreLink&quot;:false},{&quot;url&quot;:&quot;https://www.redbus.in/travels/jbt-travels&quot;,&quot;name&quot;:&quot;JBT Travels&quot;,&quot;tooltip&quot;:null,&quot;customAttributes&quot;:null,&quot;isMoreLink&quot;:false},{&quot;url&quot;:&quot;https://www.redbus.in/travels/raj-express-1&quot;,&quot;name&quot;:&quot;Raj Express&quot;,&quot;tooltip&quot;:null,&quot;customAttributes&quot;:null,&quot;isMoreLink&quot;:false},{&quot;url&quot;:&quot;https://www.redbus.in/travels/vaishali-express&quot;,&quot;name&quot;:&quot;Vaishali Express&quot;,&quot;tooltip&quot;:null,&quot;customAttributes&quot;:null,&quot;isMoreLink&quot;:false},{&quot;url&quot;:&quot;https://www.redbus.in/travels/rahul-travels-indore&quot;,&quot;name&quot;:&quot;Rahul Travels Indore&quot;,&quot;tooltip&quot;:null,&quot;customAttributes&quot;:null,&quot;isMoreLink&quot;:false},{&quot;url&quot;:&quot;https://www.redbus.in/travels/delhi-tours-and-travels&quot;,&quot;name&quot;:&quot;Delhi Tours And Travels&quot;,&quot;tooltip&quot;:null,&quot;customAttributes&quot;:null,&quot;isMoreLink&quot;:false},{&quot;url&quot;:&quot;https://www.redbus.in/travels/ashok-travels-delhi&quot;,&quot;name&quot;:&quot;Ashok Travels&quot;,&quot;tooltip&quot;:null,&quot;customAttributes&quot;:null,&quot;isMoreLink&quot;:false},{&quot;url&quot;:&quot;https://www.redbus.in/travels/greenline&quot;,&quot;name&quot;:&quot;Greenline Travels&quot;,&quot;tooltip&quot;:null,&quot;customAttributes&quot;:null,&quot;isMoreLink&quot;:false},{&quot;url&quot;:&quot;https://www.redbus.in/travels/pawan-travels-balaghat&quot;,&quot;name&quot;:&quot;Pawan Travels&quot;,&quot;tooltip&quot;:null,&quot;customAttributes&quot;:null,&quot;isMoreLink&quot;:false},{&quot;url&quot;:&quot;https://www.redbus.in/travels/ravi-travels&quot;,&quot;name&quot;:&quot;Ravi Travels&quot;,&quot;tooltip&quot;:null,&quot;customAttributes&quot;:null,&quot;isMoreLink&quot;:false},{&quot;url&quot;:&quot;https://www.redbus.in/travels/vrl-travels&quot;,&quot;name&quot;:&quot;VRL Travels&quot;,&quot;tooltip&quot;:null,&quot;customAttributes&quot;:null,&quot;isMoreLink&quot;:false},{&quot;url&quot;:&quot;https://www.redbus.in/travels/dolphin-travel-house&quot;,&quot;name&quot;:&quot;Dolphin Travels&quot;,&quot;tooltip&quot;:null,&quot;customAttributes&quot;:null,&quot;isMoreLink&quot;:false},{&quot;url&quot;:&quot;https://www.redbus.in/travels/ganesh-travels&quot;,&quot;name&quot;:&quot;Ganesh Travels&quot;,&quot;tooltip&quot;:null,&quot;customAttributes&quot;:null,&quot;isMoreLink&quot;:false},{&quot;url&quot;:&quot;https://www.redbus.in/travels/kaveri-kamakshi-travels&quot;,&quot;name&quot;:&quot;Kaveri Travels&quot;,&quot;tooltip&quot;:null,&quot;customAttributes&quot;:null,&quot;isMoreLink&quot;:false},{&quot;url&quot;:&quot;https://www.redbus.in/travels/national-travels-national&quot;,&quot;name&quot;:&quot;National Travels&quot;,&quot;tooltip&quot;:null,&quot;customAttributes&quot;:null,&quot;isMoreLink&quot;:false},{&quot;url&quot;:&quot;https://www.redbus.in/travels/bharathi-travels-bharathi&quot;,&quot;name&quot;:&quot;Bharathi Travels&quot;,&quot;tooltip&quot;:null,&quot;customAttributes&quot;:null,&quot;isMoreLink&quot;:false},{&quot;url&quot;:&quot;https://www.redbus.in/travels/city-land-travels&quot;,&quot;name&quot;:&quot;City Land Travels&quot;,&quot;tooltip&quot;:null,&quot;customAttributes&quot;:null,&quot;isMoreLink&quot;:false},{&quot;url&quot;:&quot;https://www.redbus.in/travels/citylink-travels&quot;,&quot;name&quot;:&quot;Citylink Travels&quot;,&quot;tooltip&quot;:null,&quot;customAttributes&quot;:null,&quot;isMoreLink&quot;:false},{&quot;url&quot;:&quot;https://www.redbus.in/travels/kkaveri-travels&quot;,&quot;name&quot;:&quot;KKaveri Travels&quot;,&quot;tooltip&quot;:null,&quot;customAttributes&quot;:null,&quot;isMoreLink&quot;:false},{&quot;url&quot;:&quot;https://www.redbus.in/travels/kk-travels&quot;,&quot;name&quot;:&quot;KK Travels&quot;,&quot;tooltip&quot;:null,&quot;customAttributes&quot;:null,&quot;isMoreLink&quot;:false},{&quot;url&quot;:&quot;https://www.redbus.in/travels/mahadev-travels-online&quot;,&quot;name&quot;:&quot;Mahadev Travels&quot;,&quot;tooltip&quot;:null,&quot;customAttributes&quot;:null,&quot;isMoreLink&quot;:false},{&quot;url&quot;:&quot;https://www.redbus.in/travels/maharaja-travels-1&quot;,&quot;name&quot;:&quot;Maharaja Travels&quot;,&quot;tooltip&quot;:null,&quot;customAttributes&quot;:null,&quot;isMoreLink&quot;:false},{&quot;url&quot;:&quot;https://www.redbus.in/travels/m-r-travels&quot;,&quot;name&quot;:&quot;M R Travels&quot;,&quot;tooltip&quot;:null,&quot;customAttributes&quot;:null,&quot;isMoreLink&quot;:false},{&quot;url&quot;:&quot;https://www.redbus.in/travels/new-payal-travels&quot;,&quot;name&quot;:&quot;New Payal Travels&quot;,&quot;tooltip&quot;:null,&quot;customAttributes&quot;:null,&quot;isMoreLink&quot;:false},{&quot;url&quot;:&quot;https://www.redbus.in/travels/paras-travels&quot;,&quot;name&quot;:&quot;Paras Travels&quot;,&quot;tooltip&quot;:null,&quot;customAttributes&quot;:null,&quot;isMoreLink&quot;:false},{&quot;url&quot;:&quot;https://www.redbus.in/travels/parshwanath-travels-parshwanath-ahmedabad&quot;,&quot;name&quot;:&quot;Shree Parshwanath Travels&quot;,&quot;tooltip&quot;:null,&quot;customAttributes&quot;:null,&quot;isMoreLink&quot;:false},{&quot;url&quot;:&quot;https://www.redbus.in/travels/payal-travels&quot;,&quot;name&quot;:&quot;Payal Travels&quot;,&quot;tooltip&quot;:null,&quot;customAttributes&quot;:null,&quot;isMoreLink&quot;:false},{&quot;url&quot;:&quot;https://www.redbus.in/travels/rk-travels&quot;,&quot;name&quot;:&quot;R K Travels&quot;,&quot;tooltip&quot;:null,&quot;customAttributes&quot;:null,&quot;isMoreLink&quot;:false},{&quot;url&quot;:&quot;https://www.redbus.in/travels/shivam-travels&quot;,&quot;name&quot;:&quot;Shivam Travels&quot;,&quot;tooltip&quot;:null,&quot;customAttributes&quot;:null,&quot;isMoreLink&quot;:false},{&quot;url&quot;:&quot;https://www.redbus.in/travels/shree-mahaveer-travels-9721&quot;,&quot;name&quot;:&quot;Shree Mahaveer Travels&quot;,&quot;tooltip&quot;:null,&quot;customAttributes&quot;:null,&quot;isMoreLink&quot;:false},{&quot;url&quot;:&quot;https://www.redbus.in/travels/srs-travels-srs&quot;,&quot;name&quot;:&quot;SRS Travels&quot;,&quot;tooltip&quot;:null,&quot;customAttributes&quot;:null,&quot;isMoreLink&quot;:false},{&quot;url&quot;:&quot;https://www.redbus.in/travels/tulsi-travels&quot;,&quot;name&quot;:&quot;Tulsi Travels&quot;,&quot;tooltip&quot;:null,&quot;customAttributes&quot;:null,&quot;isMoreLink&quot;:false},{&quot;url&quot;:&quot;https://www.redbus.in/travels/vaibhav-travels-10044&quot;,&quot;name&quot;:&quot;Vaibhav Travels&quot;,&quot;tooltip&quot;:null,&quot;customAttributes&quot;:null,&quot;isMoreLink&quot;:false},{&quot;url&quot;:&quot;https://www.redbus.in/travels/vikas-travels-jaipur&quot;,&quot;name&quot;:&quot;Vikas Travels&quot;,&quot;tooltip&quot;:null,&quot;customAttributes&quot;:null,&quot;isMoreLink&quot;:false},{&quot;url&quot;:&quot;https://www.redbus.in/travels/amarnath-travels-9984&quot;,&quot;name&quot;:&quot;Amarnath Travels&quot;,&quot;tooltip&quot;:null,&quot;customAttributes&quot;:null,&quot;isMoreLink&quot;:false},{&quot;url&quot;:&quot;https://www.redbus.in/travels/anand-travel&quot;,&quot;name&quot;:&quot;Anand Travels&quot;,&quot;tooltip&quot;:null,&quot;customAttributes&quot;:null,&quot;isMoreLink&quot;:false},{&quot;url&quot;:&quot;https://www.redbus.in/travels/ashapura-travels&quot;,&quot;name&quot;:&quot;Ashapura Travels&quot;,&quot;tooltip&quot;:null,&quot;customAttributes&quot;:null,&quot;isMoreLink&quot;:false},{&quot;url&quot;:&quot;https://www.redbus.in/travels/ashok-bus-service&quot;,&quot;name&quot;:&quot;Ashok Bus Service&quot;,&quot;tooltip&quot;:null,&quot;customAttributes&quot;:null,&quot;isMoreLink&quot;:false},{&quot;url&quot;:&quot;https://www.redbus.in/travels/ashoka-travels&quot;,&quot;name&quot;:&quot;Ashoka Travels&quot;,&quot;tooltip&quot;:null,&quot;customAttributes&quot;:null,&quot;isMoreLink&quot;:false}]},&quot;headerType&quot;:&quot;h3&quot;}],&quot;seoLinks&quot;:[{&quot;header&quot;:&quot;Top Bus Routes&quot;,&quot;subLinks&quot;:[{&quot;label&quot;:&quot;Hyderabad to Bangalore Bus&quot;,&quot;link&quot;:&quot;/bus-tickets/hyderabad-to-bangalore&quot;,&quot;tooltip&quot;:&quot;Hyderabad to Bangalore Bus&quot;,&quot;id&quot;:null,&quot;imgUrl&quot;:null,&quot;isMoreLink&quot;:false,&quot;customAttributes&quot;:null},{&quot;label&quot;:&quot;Bangalore to Chennai Bus&quot;,&quot;link&quot;:&quot;/bus-tickets/bangalore-to-chennai&quot;,&quot;tooltip&quot;:&quot;Bangalore to Chennai Bus&quot;,&quot;id&quot;:null,&quot;imgUrl&quot;:null,&quot;isMoreLink&quot;:false,&quot;customAttributes&quot;:null},{&quot;label&quot;:&quot;Pune to Bangalore Bus&quot;,&quot;link&quot;:&quot;/bus-tickets/pune-to-bangalore&quot;,&quot;tooltip&quot;:&quot;Pune to Bangalore Bus&quot;,&quot;id&quot;:null,&quot;imgUrl&quot;:null,&quot;isMoreLink&quot;:false,&quot;customAttributes&quot;:null},{&quot;label&quot;:&quot;Mumbai to Bangalore Bus&quot;,&quot;link&quot;:&quot;/bus-tickets/mumbai-to-bangalore&quot;,&quot;tooltip&quot;:&quot;Mumbai to Bangalore Bus&quot;,&quot;id&quot;:null,&quot;imgUrl&quot;:null,&quot;isMoreLink&quot;:false,&quot;customAttributes&quot;:null},{&quot;label&quot;:&quot;More &gt;&quot;,&quot;link&quot;:&quot;/bus-tickets/routes-directory&quot;,&quot;tooltip&quot;:&quot;More &gt;&quot;,&quot;id&quot;:null,&quot;imgUrl&quot;:null,&quot;isMoreLink&quot;:true,&quot;customAttributes&quot;:null}]},{&quot;header&quot;:&quot;Top Cities&quot;,&quot;subLinks&quot;:[{&quot;label&quot;:&quot;Hyderabad Bus Tickets&quot;,&quot;link&quot;:&quot;/buses/hyderabad-bus-tickets&quot;,&quot;tooltip&quot;:&quot;Hyderabad Bus Tickets&quot;,&quot;id&quot;:null,&quot;imgUrl&quot;:null,&quot;isMoreLink&quot;:false,&quot;customAttributes&quot;:null},{&quot;label&quot;:&quot;Bangalore Bus Tickets&quot;,&quot;link&quot;:&quot;/buses/bangalore-bus-tickets&quot;,&quot;tooltip&quot;:&quot;Bangalore Bus Tickets&quot;,&quot;id&quot;:null,&quot;imgUrl&quot;:null,&quot;isMoreLink&quot;:false,&quot;customAttributes&quot;:null},{&quot;label&quot;:&quot;Chennai Bus Tickets&quot;,&quot;link&quot;:&quot;/buses/chennai-bus-tickets&quot;,&quot;tooltip&quot;:&quot;Chennai Bus Tickets&quot;,&quot;id&quot;:null,&quot;imgUrl&quot;:null,&quot;isMoreLink&quot;:false,&quot;customAttributes&quot;:null},{&quot;label&quot;:&quot;Pune Bus Tickets&quot;,&quot;link&quot;:&quot;/buses/pune-bus-tickets&quot;,&quot;tooltip&quot;:&quot;Pune Bus Tickets&quot;,&quot;id&quot;:null,&quot;imgUrl&quot;:null,&quot;isMoreLink&quot;:false,&quot;customAttributes&quot;:null},{&quot;label&quot;:&quot;More &gt;&quot;,&quot;link&quot;:&quot;/buses/cities-directory&quot;,&quot;tooltip&quot;:null,&quot;id&quot;:null,&quot;imgUrl&quot;:null,&quot;isMoreLink&quot;:true,&quot;customAttributes&quot;:null}]},{&quot;header&quot;:&quot;Top RTC&#039;s&quot;,&quot;subLinks&quot;:[{&quot;label&quot;:&quot;APSRTC&quot;,&quot;link&quot;:&quot;/online-booking/apsrtc&quot;,&quot;tooltip&quot;:&quot;APSRTC&quot;,&quot;id&quot;:null,&quot;imgUrl&quot;:null,&quot;isMoreLink&quot;:false,&quot;customAttributes&quot;:null},{&quot;label&quot;:&quot;GSRTC&quot;,&quot;link&quot;:&quot;/online-booking/gsrtc&quot;,&quot;tooltip&quot;:&quot;GSRTC&quot;,&quot;id&quot;:null,&quot;imgUrl&quot;:null,&quot;isMoreLink&quot;:false,&quot;customAttributes&quot;:null},{&quot;label&quot;:&quot;TNSTC&quot;,&quot;link&quot;:&quot;/online-booking/tnstc&quot;,&quot;tooltip&quot;:&quot;TNSTC&quot;,&quot;id&quot;:null,&quot;imgUrl&quot;:null,&quot;isMoreLink&quot;:false,&quot;customAttributes&quot;:null},{&quot;label&quot;:&quot;More&gt; &quot;,&quot;link&quot;:&quot;/online-booking/rtc-directory&quot;,&quot;tooltip&quot;:null,&quot;id&quot;:null,&quot;imgUrl&quot;:null,&quot;isMoreLink&quot;:true,&quot;customAttributes&quot;:null}]},{&quot;header&quot;:&quot;Other&quot;,&quot;subLinks&quot;:[{&quot;label&quot;:&quot;TSRTC&quot;,&quot;link&quot;:&quot;https://www.redbus.in/online-booking/tsrtc&quot;,&quot;tooltip&quot;:&quot;TSRTC&quot;,&quot;id&quot;:null,&quot;imgUrl&quot;:null,&quot;isMoreLink&quot;:false,&quot;customAttributes&quot;:null},{&quot;label&quot;:&quot;SBSTC&quot;,&quot;link&quot;:&quot;https://www.redbus.in/online-booking/south-bengal-state-transport-corporation-sbstc&quot;,&quot;tooltip&quot;:&quot;SBSTC&quot;,&quot;id&quot;:null,&quot;imgUrl&quot;:null,&quot;isMoreLink&quot;:false,&quot;customAttributes&quot;:null},{&quot;label&quot;:&quot;RSRTC&quot;,&quot;link&quot;:&quot;https://www.redbus.in/online-booking/rsrtc&quot;,&quot;tooltip&quot;:&quot;RSRTC&quot;,&quot;id&quot;:null,&quot;imgUrl&quot;:null,&quot;isMoreLink&quot;:false,&quot;customAttributes&quot;:null},{&quot;label&quot;:&quot;KeralaRTC&quot;,&quot;link&quot;:&quot;https://www.redbus.in/online-booking/ksrtc-kerala&quot;,&quot;tooltip&quot;:&quot;KeralaRTC&quot;,&quot;id&quot;:null,&quot;imgUrl&quot;:null,&quot;isMoreLink&quot;:false,&quot;customAttributes&quot;:null},{&quot;label&quot;:&quot;More&gt; &quot;,&quot;link&quot;:&quot;https://www.redbus.in/online-booking/rtc-directory&quot;,&quot;tooltip&quot;:&quot;&quot;,&quot;id&quot;:null,&quot;imgUrl&quot;:null,&quot;isMoreLink&quot;:true,&quot;customAttributes&quot;:null}]},{&quot;header&quot;:&quot;Tempo Traveller in Cities&quot;,&quot;subLinks&quot;:[{&quot;label&quot;:&quot;Tempo traveller in Bangalore&quot;,&quot;link&quot;:&quot;https://www.redbus.in/tempo-traveller/bangalore&quot;,&quot;tooltip&quot;:&quot;Tempo Traveller Bangalore&quot;,&quot;id&quot;:null,&quot;imgUrl&quot;:null,&quot;isMoreLink&quot;:false,&quot;customAttributes&quot;:null},{&quot;label&quot;:&quot;Tempo traveller in Chennai&quot;,&quot;link&quot;:&quot;https://www.redbus.in/tempo-traveller/chennai&quot;,&quot;tooltip&quot;:&quot;Tempo Traveller Chennai&quot;,&quot;id&quot;:null,&quot;imgUrl&quot;:null,&quot;isMoreLink&quot;:false,&quot;customAttributes&quot;:null},{&quot;label&quot;:&quot;Tempo traveller in Mumbai&quot;,&quot;link&quot;:&quot;https://www.redbus.in/tempo-traveller/mumbai&quot;,&quot;tooltip&quot;:&quot;Tempo traveller in Mumbai&quot;,&quot;id&quot;:null,&quot;imgUrl&quot;:null,&quot;isMoreLink&quot;:false,&quot;customAttributes&quot;:null},{&quot;label&quot;:&quot;Tempo traveller in Hyderabad&quot;,&quot;link&quot;:&quot;https://www.redbus.in/tempo-traveller/hyderabad&quot;,&quot;tooltip&quot;:&quot;Tempo traveller in Hyderabad&quot;,&quot;id&quot;:null,&quot;imgUrl&quot;:null,&quot;isMoreLink&quot;:false,&quot;customAttributes&quot;:null},{&quot;label&quot;:&quot;Tempo traveller in Ahmedabad&quot;,&quot;link&quot;:&quot;https://www.redbus.in/tempo-traveller/ahmedabad&quot;,&quot;tooltip&quot;:&quot;Tempo traveller in Ahmedabad&quot;,&quot;id&quot;:null,&quot;imgUrl&quot;:null,&quot;isMoreLink&quot;:false,&quot;customAttributes&quot;:null}]}],&quot;logo&quot;:{&quot;img&quot;:&quot;https://s3.rdbuz.com/web/images/home/sgp/r_logo.png&quot;,&quot;desc&quot;:&quot;redBus is the world&#039;s largest &amp;lt;a class=&amp;quot;footerDescLink&amp;quot; href=&amp;quot;https://www.redbus.in/bus-tickets&amp;quot;&amp;gt;online bus ticket booking&amp;lt;/a&amp;gt; service trusted by over 25 million happy customers globally. redBus offers bus ticket booking through its website,iOS and Android mobile apps for all major routes.&quot;},&quot;socialMedia&quot;:[{&quot;img&quot;:&quot;//s1.rdbuz.com/web/images/home/Facebook.png&quot;,&quot;link&quot;:&quot;https://www.facebook.com/redbus.in/&quot;,&quot;iconname&quot;:&quot;Facebook&quot;,&quot;classname&quot;:&quot;fbicon&quot;},{&quot;img&quot;:&quot;//s2.rdbuz.com/web/images/home/Twitter.png&quot;,&quot;link&quot;:&quot;https://twitter.com/redBus_in&quot;,&quot;iconname&quot;:&quot;Twitter&quot;,&quot;classname&quot;:&quot;twittericon&quot;}],&quot;RdcSocial&quot;:null,&quot;FooterLinks&quot;:[{&quot;header&quot;:&quot;About redBus&quot;,&quot;subLinks&quot;:[{&quot;label&quot;:&quot;About Us&quot;,&quot;link&quot;:&quot;/info/aboutus&quot;,&quot;tooltip&quot;:null,&quot;id&quot;:null,&quot;imgUrl&quot;:null,&quot;isMoreLink&quot;:false,&quot;customAttributes&quot;:null},{&quot;label&quot;:&quot;Investor Relations&quot;,&quot;link&quot;:&quot;/info/Investors&quot;,&quot;tooltip&quot;:null,&quot;id&quot;:null,&quot;imgUrl&quot;:null,&quot;isMoreLink&quot;:false,&quot;customAttributes&quot;:null},{&quot;label&quot;:&quot;Contact Us&quot;,&quot;link&quot;:&quot;/info/contactus&quot;,&quot;tooltip&quot;:null,&quot;id&quot;:null,&quot;imgUrl&quot;:null,&quot;isMoreLink&quot;:false,&quot;customAttributes&quot;:null},{&quot;label&quot;:&quot;Mobile Version&quot;,&quot;link&quot;:&quot;//m.redbus.in&quot;,&quot;tooltip&quot;:null,&quot;id&quot;:null,&quot;imgUrl&quot;:null,&quot;isMoreLink&quot;:false,&quot;customAttributes&quot;:null},{&quot;label&quot;:&quot;redBus on Mobile&quot;,&quot;link&quot;:&quot;/info/mobile&quot;,&quot;tooltip&quot;:null,&quot;id&quot;:null,&quot;imgUrl&quot;:null,&quot;isMoreLink&quot;:false,&quot;customAttributes&quot;:null},{&quot;label&quot;:&quot;Sitemap&quot;,&quot;link&quot;:&quot;/sitemap.html&quot;,&quot;tooltip&quot;:null,&quot;id&quot;:null,&quot;imgUrl&quot;:null,&quot;isMoreLink&quot;:false,&quot;customAttributes&quot;:null},{&quot;label&quot;:&quot;Offers&quot;,&quot;link&quot;:&quot;/info/OfferTerms&quot;,&quot;tooltip&quot;:null,&quot;id&quot;:null,&quot;imgUrl&quot;:null,&quot;isMoreLink&quot;:false,&quot;customAttributes&quot;:null},{&quot;label&quot;:&quot;Careers&quot;,&quot;link&quot;:&quot;/careers&quot;,&quot;tooltip&quot;:null,&quot;id&quot;:null,&quot;imgUrl&quot;:null,&quot;isMoreLink&quot;:false,&quot;customAttributes&quot;:null},{&quot;label&quot;:&quot;Values&quot;,&quot;link&quot;:&quot;/values&quot;,&quot;tooltip&quot;:null,&quot;id&quot;:null,&quot;imgUrl&quot;:null,&quot;isMoreLink&quot;:false,&quot;customAttributes&quot;:null}]},{&quot;header&quot;:&quot;Info&quot;,&quot;subLinks&quot;:[{&quot;label&quot;:&quot;T &amp; C&quot;,&quot;link&quot;:&quot;/info/termscondition&quot;,&quot;tooltip&quot;:null,&quot;id&quot;:null,&quot;imgUrl&quot;:null,&quot;isMoreLink&quot;:false,&quot;customAttributes&quot;:null},{&quot;label&quot;:&quot;Privacy Policy&quot;,&quot;link&quot;:&quot;/info/privacypolicy&quot;,&quot;tooltip&quot;:null,&quot;id&quot;:null,&quot;imgUrl&quot;:null,&quot;isMoreLink&quot;:false,&quot;customAttributes&quot;:null},{&quot;label&quot;:&quot;FAQ&quot;,&quot;link&quot;:&quot;/info/faq&quot;,&quot;tooltip&quot;:null,&quot;id&quot;:null,&quot;imgUrl&quot;:null,&quot;isMoreLink&quot;:false,&quot;customAttributes&quot;:null},{&quot;label&quot;:&quot;Blog&quot;,&quot;link&quot;:&quot;http://blog.redbus.in/&quot;,&quot;tooltip&quot;:null,&quot;id&quot;:null,&quot;imgUrl&quot;:null,&quot;isMoreLink&quot;:false,&quot;customAttributes&quot;:null},{&quot;label&quot;:&quot;Bus Operator Registration&quot;,&quot;link&quot;:&quot;https://onboardvendor.redbus.in/&quot;,&quot;tooltip&quot;:null,&quot;id&quot;:&quot;busOperatorReg&quot;,&quot;imgUrl&quot;:null,&quot;isMoreLink&quot;:false,&quot;customAttributes&quot;:null},{&quot;label&quot;:&quot;Agent Registration&quot;,&quot;link&quot;:&quot;https://in3.seatseller.travel/&quot;,&quot;tooltip&quot;:null,&quot;id&quot;:null,&quot;imgUrl&quot;:null,&quot;isMoreLink&quot;:false,&quot;customAttributes&quot;:null},{&quot;label&quot;:&quot;Insurance Partner&quot;,&quot;link&quot;:&quot;https://www.acko.com/&quot;,&quot;tooltip&quot;:null,&quot;id&quot;:null,&quot;imgUrl&quot;:null,&quot;isMoreLink&quot;:false,&quot;customAttributes&quot;:null},{&quot;label&quot;:&quot;User Agreement&quot;,&quot;link&quot;:&quot;/info/useragreement&quot;,&quot;tooltip&quot;:null,&quot;id&quot;:null,&quot;imgUrl&quot;:null,&quot;isMoreLink&quot;:false,&quot;customAttributes&quot;:null},{&quot;label&quot;:&quot;Primo Bus&quot;,&quot;link&quot;:&quot;https://www.redbus.in/primo/primo-service&quot;,&quot;tooltip&quot;:null,&quot;id&quot;:null,&quot;imgUrl&quot;:null,&quot;isMoreLink&quot;:false,&quot;customAttributes&quot;:null},{&quot;label&quot;:&quot;Bus Timetable&quot;,&quot;link&quot;:&quot;https://www.redbus.in/bus-timetable&quot;,&quot;tooltip&quot;:null,&quot;id&quot;:null,&quot;imgUrl&quot;:null,&quot;isMoreLink&quot;:false,&quot;customAttributes&quot;:null}]},{&quot;header&quot;:&quot;Global Sites&quot;,&quot;subLinks&quot;:[{&quot;label&quot;:&quot;India&quot;,&quot;link&quot;:&quot;https://www.redbus.in&quot;,&quot;tooltip&quot;:null,&quot;id&quot;:null,&quot;imgUrl&quot;:null,&quot;isMoreLink&quot;:false,&quot;customAttributes&quot;:null},{&quot;label&quot;:&quot;Singapore&quot;,&quot;link&quot;:&quot;https://www.redbus.sg&quot;,&quot;tooltip&quot;:null,&quot;id&quot;:null,&quot;imgUrl&quot;:null,&quot;isMoreLink&quot;:false,&quot;customAttributes&quot;:null},{&quot;label&quot;:&quot;Malaysia&quot;,&quot;link&quot;:&quot;https://www.redbus.my&quot;,&quot;tooltip&quot;:null,&quot;id&quot;:null,&quot;imgUrl&quot;:null,&quot;isMoreLink&quot;:false,&quot;customAttributes&quot;:null},{&quot;label&quot;:&quot;Indonesia&quot;,&quot;link&quot;:&quot;https://www.redbus.id&quot;,&quot;tooltip&quot;:null,&quot;id&quot;:null,&quot;imgUrl&quot;:null,&quot;isMoreLink&quot;:false,&quot;customAttributes&quot;:null},{&quot;label&quot;:&quot;Peru&quot;,&quot;link&quot;:&quot;https://www.redbus.pe&quot;,&quot;tooltip&quot;:null,&quot;id&quot;:null,&quot;imgUrl&quot;:null,&quot;isMoreLink&quot;:false,&quot;customAttributes&quot;:null},{&quot;label&quot;:&quot;Colombia&quot;,&quot;link&quot;:&quot;https://www.redbus.co&quot;,&quot;tooltip&quot;:null,&quot;id&quot;:null,&quot;imgUrl&quot;:null,&quot;isMoreLink&quot;:false,&quot;customAttributes&quot;:null}]},{&quot;header&quot;:&quot;Our Partners&quot;,&quot;subLinks&quot;:[{&quot;label&quot;:&quot;Goibibo&quot;,&quot;link&quot;:&quot;https://www.goibibo.com/bus/&quot;,&quot;tooltip&quot;:null,&quot;id&quot;:null,&quot;imgUrl&quot;:null,&quot;isMoreLink&quot;:false,&quot;customAttributes&quot;:null},{&quot;label&quot;:&quot;Makemytrip&quot;,&quot;link&quot;:&quot;https://www.makemytrip.com/bus-tickets/&quot;,&quot;tooltip&quot;:null,&quot;id&quot;:null,&quot;imgUrl&quot;:null,&quot;isMoreLink&quot;:false,&quot;customAttributes&quot;:null}]},{&quot;header&quot;:&quot;Other Services&quot;,&quot;subLinks&quot;:[{&quot;label&quot;:&quot;Train Tickets&quot;,&quot;link&quot;:&quot;https://www.redbus.in/train-tickets&quot;,&quot;tooltip&quot;:null,&quot;id&quot;:null,&quot;imgUrl&quot;:null,&quot;isMoreLink&quot;:false,&quot;customAttributes&quot;:null},{&quot;label&quot;:&quot;Bus Hire&quot;,&quot;link&quot;:&quot;https://www.redbus.in/bushire/&quot;,&quot;tooltip&quot;:null,&quot;id&quot;:null,&quot;imgUrl&quot;:null,&quot;isMoreLink&quot;:false,&quot;customAttributes&quot;:null},{&quot;label&quot;:&quot;Cab Booking&quot;,&quot;link&quot;:&quot;https://www.redbus.in/car-rental/cab-booking&quot;,&quot;tooltip&quot;:null,&quot;id&quot;:null,&quot;imgUrl&quot;:null,&quot;isMoreLink&quot;:false,&quot;customAttributes&quot;:null},{&quot;label&quot;:&quot;Tempo Traveller&quot;,&quot;link&quot;:&quot;https://www.redbus.in/tempo-traveller/&quot;,&quot;tooltip&quot;:null,&quot;id&quot;:null,&quot;imgUrl&quot;:null,&quot;isMoreLink&quot;:false,&quot;customAttributes&quot;:null}]}],&quot;lblFooterRights&quot;:&quot;2024 Redbus India Pvt Ltd. All rights reserved&quot;,&quot;partnerLogo&quot;:null,&quot;isCountryIndia&quot;:true,&quot;FooterAlliance&quot;:null,&quot;address&quot;:null,&quot;disableCopyRightSymbol&quot;:false},&quot;FooterV2&quot;:{&quot;seoMinFooterLinkCount&quot;:30,&quot;RbFooterLogoWebp&quot;:&quot;https://s3.rdbuz.com/Images/rdc/rdc-redbus-logo.webp&quot;,&quot;footerLinkHeadType&quot;:null,&quot;SeoFooterLinks&quot;:[{&quot;uiComponentId&quot;:&quot;C_155&quot;,&quot;content&quot;:{&quot;heading&quot;:&quot;Popular Bus Routes&quot;,&quot;body&quot;:null,&quot;subHeading&quot;:null,&quot;var1&quot;:null,&quot;var2&quot;:null,&quot;var3&quot;:null,&quot;label1&quot;:null,&quot;value1&quot;:null,&quot;label2&quot;:null,&quot;value2&quot;:null,&quot;label3&quot;:null,&quot;value3&quot;:null,&quot;imageUrl&quot;:null,&quot;faqList&quot;:null,&quot;dataList&quot;:[{&quot;url&quot;:&quot;https://www.redbus.in/bus-tickets/delhi-to-manali&quot;,&quot;name&quot;:&quot;Delhi To Manali Bus&quot;,&quot;tooltip&quot;:null,&quot;customAttributes&quot;:null,&quot;isMoreLink&quot;:false},{&quot;url&quot;:&quot;https://www.redbus.in/bus-tickets/delhi-to-rishikesh&quot;,&quot;name&quot;:&quot;Delhi To Rishikesh Bus&quot;,&quot;tooltip&quot;:null,&quot;customAttributes&quot;:null,&quot;isMoreLink&quot;:false},{&quot;url&quot;:&quot;https://www.redbus.in/bus-tickets/delhi-to-shimla&quot;,&quot;name&quot;:&quot;Delhi To Shimla Bus&quot;,&quot;tooltip&quot;:null,&quot;customAttributes&quot;:null,&quot;isMoreLink&quot;:false},{&quot;url&quot;:&quot;https://www.redbus.in/bus-tickets/delhi-to-nainital&quot;,&quot;name&quot;:&quot;Delhi To Nainital Bus&quot;,&quot;tooltip&quot;:null,&quot;customAttributes&quot;:null,&quot;isMoreLink&quot;:false},{&quot;url&quot;:&quot;https://www.redbus.in/bus-tickets/delhi-to-katra&quot;,&quot;name&quot;:&quot;Delhi To Katra Bus&quot;,&quot;tooltip&quot;:null,&quot;customAttributes&quot;:null,&quot;isMoreLink&quot;:false},{&quot;url&quot;:&quot;https://www.redbus.in/bus-tickets/bangalore-to-goa&quot;,&quot;name&quot;:&quot;Bangalore To Goa Bus&quot;,&quot;tooltip&quot;:null,&quot;customAttributes&quot;:null,&quot;isMoreLink&quot;:false},{&quot;url&quot;:&quot;https://www.redbus.in/bus-tickets/bangalore-to-hyderabad&quot;,&quot;name&quot;:&quot;Bangalore To Hyderabad Bus&quot;,&quot;tooltip&quot;:null,&quot;customAttributes&quot;:null,&quot;isMoreLink&quot;:false},{&quot;url&quot;:&quot;https://www.redbus.in/bus-tickets/bangalore-to-tirupathi&quot;,&quot;name&quot;:&quot;Bangalore To Tirupathi Bus&quot;,&quot;tooltip&quot;:null,&quot;customAttributes&quot;:null,&quot;isMoreLink&quot;:false},{&quot;url&quot;:&quot;https://www.redbus.in/bus-tickets/bangalore-to-chennai&quot;,&quot;name&quot;:&quot;Bangalore To Chennai Bus&quot;,&quot;tooltip&quot;:null,&quot;customAttributes&quot;:null,&quot;isMoreLink&quot;:false},{&quot;url&quot;:&quot;https://www.redbus.in/bus-tickets/bangalore-to-pondicherry&quot;,&quot;name&quot;:&quot;Bangalore To Pondicherry Bus&quot;,&quot;tooltip&quot;:null,&quot;customAttributes&quot;:null,&quot;isMoreLink&quot;:false},{&quot;url&quot;:&quot;https://www.redbus.in/bus-tickets/hyderabad-to-bangalore&quot;,&quot;name&quot;:&quot;Hyderabad To Bangalore Bus&quot;,&quot;tooltip&quot;:null,&quot;customAttributes&quot;:null,&quot;isMoreLink&quot;:false},{&quot;url&quot;:&quot;https://www.redbus.in/bus-tickets/hyderabad-to-goa&quot;,&quot;name&quot;:&quot;Hyderabad To Goa Bus&quot;,&quot;tooltip&quot;:null,&quot;customAttributes&quot;:null,&quot;isMoreLink&quot;:false},{&quot;url&quot;:&quot;https://www.redbus.in/bus-tickets/hyderabad-to-srisailam&quot;,&quot;name&quot;:&quot;Hyderabad To Srisailam Bus&quot;,&quot;tooltip&quot;:null,&quot;customAttributes&quot;:null,&quot;isMoreLink&quot;:false},{&quot;url&quot;:&quot;https://www.redbus.in/bus-tickets/hyderabad-to-vijayawada&quot;,&quot;name&quot;:&quot;Hyderabad To Vijayawada Bus&quot;,&quot;tooltip&quot;:null,&quot;customAttributes&quot;:null,&quot;isMoreLink&quot;:false},{&quot;url&quot;:&quot;https://www.redbus.in/bus-tickets/hyderabad-to-tirupathi&quot;,&quot;name&quot;:&quot;Hyderabad To Tirupathi Bus&quot;,&quot;tooltip&quot;:null,&quot;customAttributes&quot;:null,&quot;isMoreLink&quot;:false},{&quot;url&quot;:&quot;https://www.redbus.in/bus-tickets/pune-to-goa&quot;,&quot;name&quot;:&quot;Pune To Goa Bus&quot;,&quot;tooltip&quot;:null,&quot;customAttributes&quot;:null,&quot;isMoreLink&quot;:false},{&quot;url&quot;:&quot;https://www.redbus.in/bus-tickets/pune-to-mumbai&quot;,&quot;name&quot;:&quot;Pune To Mumbai Bus&quot;,&quot;tooltip&quot;:null,&quot;customAttributes&quot;:null,&quot;isMoreLink&quot;:false},{&quot;url&quot;:&quot;https://www.redbus.in/bus-tickets/pune-to-nagpur&quot;,&quot;name&quot;:&quot;Pune To Nagpur Bus&quot;,&quot;tooltip&quot;:null,&quot;customAttributes&quot;:null,&quot;isMoreLink&quot;:false},{&quot;url&quot;:&quot;https://www.redbus.in/bus-tickets/pune-to-kolhapur-maharashtra&quot;,&quot;name&quot;:&quot;Pune To Kolhapur Bus&quot;,&quot;tooltip&quot;:null,&quot;customAttributes&quot;:null,&quot;isMoreLink&quot;:false},{&quot;url&quot;:&quot;https://www.redbus.in/bus-tickets/pune-to-nashik&quot;,&quot;name&quot;:&quot;Pune To Nashik Bus&quot;,&quot;tooltip&quot;:null,&quot;customAttributes&quot;:null,&quot;isMoreLink&quot;:false},{&quot;url&quot;:&quot;https://www.redbus.in/bus-tickets/mumbai-to-goa&quot;,&quot;name&quot;:&quot;Mumbai To Goa Bus&quot;,&quot;tooltip&quot;:null,&quot;customAttributes&quot;:null,&quot;isMoreLink&quot;:false},{&quot;url&quot;:&quot;https://www.redbus.in/bus-tickets/mumbai-to-pune&quot;,&quot;name&quot;:&quot;Mumbai To Pune Bus&quot;,&quot;tooltip&quot;:null,&quot;customAttributes&quot;:null,&quot;isMoreLink&quot;:false},{&quot;url&quot;:&quot;https://www.redbus.in/bus-tickets/mumbai-to-shirdi&quot;,&quot;name&quot;:&quot;Mumbai To Shirdi Bus&quot;,&quot;tooltip&quot;:null,&quot;customAttributes&quot;:null,&quot;isMoreLink&quot;:false},{&quot;url&quot;:&quot;https://www.redbus.in/bus-tickets/mumbai-to-mahabaleshwar&quot;,&quot;name&quot;:&quot;Mumbai To Mahabaleshwar Bus&quot;,&quot;tooltip&quot;:null,&quot;customAttributes&quot;:null,&quot;isMoreLink&quot;:false},{&quot;url&quot;:&quot;https://www.redbus.in/bus-tickets/mumbai-to-kolhapur-maharashtra&quot;,&quot;name&quot;:&quot;Mumbai To Kolhapur Bus&quot;,&quot;tooltip&quot;:null,&quot;customAttributes&quot;:null,&quot;isMoreLink&quot;:false},{&quot;url&quot;:&quot;https://www.redbus.in/bus-tickets/kolkata-to-digha&quot;,&quot;name&quot;:&quot;Kolkata To Digha Bus&quot;,&quot;tooltip&quot;:null,&quot;customAttributes&quot;:null,&quot;isMoreLink&quot;:false},{&quot;url&quot;:&quot;https://www.redbus.in/bus-tickets/kolkata-to-siliguri&quot;,&quot;name&quot;:&quot;Kolkata To Siliguri Bus&quot;,&quot;tooltip&quot;:null,&quot;customAttributes&quot;:null,&quot;isMoreLink&quot;:false},{&quot;url&quot;:&quot;https://www.redbus.in/bus-tickets/kolkata-to-puri&quot;,&quot;name&quot;:&quot;Kolkata To Puri Bus&quot;,&quot;tooltip&quot;:null,&quot;customAttributes&quot;:null,&quot;isMoreLink&quot;:false},{&quot;url&quot;:&quot;https://www.redbus.in/bus-tickets/kolkata-to-bakkhali&quot;,&quot;name&quot;:&quot;Kolkata To Bakkhali Bus&quot;,&quot;tooltip&quot;:null,&quot;customAttributes&quot;:null,&quot;isMoreLink&quot;:false},{&quot;url&quot;:&quot;https://www.redbus.in/bus-tickets/kolkata-to-mandarmani&quot;,&quot;name&quot;:&quot;Kolkata To Mandarmani Bus&quot;,&quot;tooltip&quot;:null,&quot;customAttributes&quot;:null,&quot;isMoreLink&quot;:false},{&quot;url&quot;:&quot;https://www.redbus.in/bus-tickets/chennai-to-bangalore&quot;,&quot;name&quot;:&quot;Chennai To Bangalore Bus&quot;,&quot;tooltip&quot;:null,&quot;customAttributes&quot;:null,&quot;isMoreLink&quot;:false},{&quot;url&quot;:&quot;https://www.redbus.in/bus-tickets/chennai-to-pondicherry&quot;,&quot;name&quot;:&quot;Chennai To Pondicherry Bus&quot;,&quot;tooltip&quot;:null,&quot;customAttributes&quot;:null,&quot;isMoreLink&quot;:false},{&quot;url&quot;:&quot;https://www.redbus.in/bus-tickets/chennai-to-coimbatore&quot;,&quot;name&quot;:&quot;Chennai To Coimbatore Bus&quot;,&quot;tooltip&quot;:null,&quot;customAttributes&quot;:null,&quot;isMoreLink&quot;:false},{&quot;url&quot;:&quot;https://www.redbus.in/bus-tickets/chennai-to-madurai&quot;,&quot;name&quot;:&quot;Chennai To Madurai Bus&quot;,&quot;tooltip&quot;:null,&quot;customAttributes&quot;:null,&quot;isMoreLink&quot;:false},{&quot;url&quot;:&quot;https://www.redbus.in/bus-tickets/chennai-to-tirupathi&quot;,&quot;name&quot;:&quot;Chennai To Tirupathi Bus&quot;,&quot;tooltip&quot;:null,&quot;customAttributes&quot;:null,&quot;isMoreLink&quot;:false},{&quot;url&quot;:&quot;https://www.redbus.in/bus-tickets/chandigarh-to-manali&quot;,&quot;name&quot;:&quot;Chandigarh To Manali Bus&quot;,&quot;tooltip&quot;:null,&quot;customAttributes&quot;:null,&quot;isMoreLink&quot;:false},{&quot;url&quot;:&quot;https://www.redbus.in/bus-tickets/chandigarh-to-shimla&quot;,&quot;name&quot;:&quot;Chandigarh To Shimla Bus&quot;,&quot;tooltip&quot;:null,&quot;customAttributes&quot;:null,&quot;isMoreLink&quot;:false},{&quot;url&quot;:&quot;https://www.redbus.in/bus-tickets/chandigarh-to-delhi&quot;,&quot;name&quot;:&quot;Chandigarh To Delhi Bus&quot;,&quot;tooltip&quot;:null,&quot;customAttributes&quot;:null,&quot;isMoreLink&quot;:false},{&quot;url&quot;:&quot;https://www.redbus.in/bus-tickets/chandigarh-to-dehradun&quot;,&quot;name&quot;:&quot;Chandigarh To Dehradun Bus&quot;,&quot;tooltip&quot;:null,&quot;customAttributes&quot;:null,&quot;isMoreLink&quot;:false},{&quot;url&quot;:&quot;https://www.redbus.in/bus-tickets/chandigarh-to-amritsar&quot;,&quot;name&quot;:&quot;Chandigarh To Amritsar Bus&quot;,&quot;tooltip&quot;:null,&quot;customAttributes&quot;:null,&quot;isMoreLink&quot;:false},{&quot;url&quot;:&quot;https://www.redbus.in/bus-tickets/coimbatore-to-chennai&quot;,&quot;name&quot;:&quot;Coimbatore To Chennai Bus&quot;,&quot;tooltip&quot;:null,&quot;customAttributes&quot;:null,&quot;isMoreLink&quot;:false},{&quot;url&quot;:&quot;https://www.redbus.in/bus-tickets/coimbatore-to-bangalore&quot;,&quot;name&quot;:&quot;Coimbatore To Bangalore Bus&quot;,&quot;tooltip&quot;:null,&quot;customAttributes&quot;:null,&quot;isMoreLink&quot;:false},{&quot;url&quot;:&quot;https://www.redbus.in/bus-tickets/coimbatore-to-ooty&quot;,&quot;name&quot;:&quot;Coimbatore To Ooty Bus&quot;,&quot;tooltip&quot;:null,&quot;customAttributes&quot;:null,&quot;isMoreLink&quot;:false},{&quot;url&quot;:&quot;https://www.redbus.in/bus-tickets/coimbatore-to-tiruchendur&quot;,&quot;name&quot;:&quot;Coimbatore To Tiruchendur Bus&quot;,&quot;tooltip&quot;:null,&quot;customAttributes&quot;:null,&quot;isMoreLink&quot;:false},{&quot;url&quot;:&quot;https://www.redbus.in/bus-tickets/coimbatore-to-madurai&quot;,&quot;name&quot;:&quot;Coimbatore To Madurai Bus&quot;,&quot;tooltip&quot;:null,&quot;customAttributes&quot;:null,&quot;isMoreLink&quot;:false},{&quot;url&quot;:&quot;https://www.redbus.in/bus-tickets/agra-to-bareilly&quot;,&quot;name&quot;:&quot;Agra to Bareilly Bus&quot;,&quot;tooltip&quot;:null,&quot;customAttributes&quot;:null,&quot;isMoreLink&quot;:false},{&quot;url&quot;:&quot;https://www.redbus.in/bus-tickets/hisar-to-chandigarh&quot;,&quot;name&quot;:&quot;Hisar to Chandigarh Bus&quot;,&quot;tooltip&quot;:null,&quot;customAttributes&quot;:null,&quot;isMoreLink&quot;:false},{&quot;url&quot;:&quot;https://www.redbus.in/bus-tickets/hisar-to-delhi&quot;,&quot;name&quot;:&quot;Hisar to Delhi Bus &quot;,&quot;tooltip&quot;:null,&quot;customAttributes&quot;:null,&quot;isMoreLink&quot;:false},{&quot;url&quot;:&quot;https://www.redbus.in/bus-tickets/lucknow-to-ballia&quot;,&quot;name&quot;:&quot;Lucknow to Ballia Bus&quot;,&quot;tooltip&quot;:null,&quot;customAttributes&quot;:null,&quot;isMoreLink&quot;:false},{&quot;url&quot;:&quot;https://www.redbus.in/bus-tickets/lucknow-to-moradabad&quot;,&quot;name&quot;:&quot;Lucknow to Moradabad Bus&quot;,&quot;tooltip&quot;:null,&quot;customAttributes&quot;:null,&quot;isMoreLink&quot;:false},{&quot;url&quot;:&quot;https://www.redbus.in/bus-tickets/rajkot-to-dwarka&quot;,&quot;name&quot;:&quot;Rajkot to Dwarka Bus&quot;,&quot;tooltip&quot;:null,&quot;customAttributes&quot;:null,&quot;isMoreLink&quot;:false},{&quot;url&quot;:&quot;https://www.redbus.in/bus-tickets/siliguri-to-gangtok&quot;,&quot;name&quot;:&quot;Siliguri to Gangtok Bus&quot;,&quot;tooltip&quot;:null,&quot;customAttributes&quot;:null,&quot;isMoreLink&quot;:false},{&quot;url&quot;:&quot;https://www.redbus.in/bus-tickets/ahmedabad-to-goa&quot;,&quot;name&quot;:&quot;Ahmedabad to Goa Bus&quot;,&quot;tooltip&quot;:null,&quot;customAttributes&quot;:null,&quot;isMoreLink&quot;:false},{&quot;url&quot;:&quot;https://www.redbus.in/bus-tickets/ahmedabad-to-kanpur&quot;,&quot;name&quot;:&quot;Ahmedabad to Kanpur Bus&quot;,&quot;tooltip&quot;:null,&quot;customAttributes&quot;:null,&quot;isMoreLink&quot;:false},{&quot;url&quot;:&quot;https://www.redbus.in/bus-tickets/akola-to-pune&quot;,&quot;name&quot;:&quot;Akola to Pune Bus&quot;,&quot;tooltip&quot;:null,&quot;customAttributes&quot;:null,&quot;isMoreLink&quot;:false}]},&quot;headerType&quot;:&quot;h3&quot;},{&quot;uiComponentId&quot;:&quot;C_155&quot;,&quot;content&quot;:{&quot;heading&quot;:&quot;Popular Cities&quot;,&quot;body&quot;:null,&quot;subHeading&quot;:null,&quot;var1&quot;:null,&quot;var2&quot;:null,&quot;var3&quot;:null,&quot;label1&quot;:null,&quot;value1&quot;:null,&quot;label2&quot;:null,&quot;value2&quot;:null,&quot;label3&quot;:null,&quot;value3&quot;:null,&quot;imageUrl&quot;:null,&quot;faqList&quot;:null,&quot;dataList&quot;:[{&quot;url&quot;:&quot;buses/hyderabad-bus-tickets&quot;,&quot;name&quot;:&quot;Hyderabad Bus Ticket Booking&quot;,&quot;tooltip&quot;:null,&quot;customAttributes&quot;:null,&quot;isMoreLink&quot;:false},{&quot;url&quot;:&quot;buses/bangalore-bus-tickets&quot;,&quot;name&quot;:&quot;Bangalore Bus Ticket Booking&quot;,&quot;tooltip&quot;:null,&quot;customAttributes&quot;:null,&quot;isMoreLink&quot;:false},{&quot;url&quot;:&quot;buses/chennai-bus-tickets&quot;,&quot;name&quot;:&quot;Chennai Bus Ticket Booking&quot;,&quot;tooltip&quot;:null,&quot;customAttributes&quot;:null,&quot;isMoreLink&quot;:false},{&quot;url&quot;:&quot;buses/pune-bus-tickets&quot;,&quot;name&quot;:&quot;Pune Bus Tickets Booking&quot;,&quot;tooltip&quot;:null,&quot;customAttributes&quot;:null,&quot;isMoreLink&quot;:false},{&quot;url&quot;:&quot;buses/delhi-bus-tickets&quot;,&quot;name&quot;:&quot;Delhi Bus Ticket Booking&quot;,&quot;tooltip&quot;:null,&quot;customAttributes&quot;:null,&quot;isMoreLink&quot;:false},{&quot;url&quot;:&quot;buses/mumbai-bus-tickets&quot;,&quot;name&quot;:&quot;Mumbai Bus Ticket Booking&quot;,&quot;tooltip&quot;:null,&quot;customAttributes&quot;:null,&quot;isMoreLink&quot;:false},{&quot;url&quot;:&quot;buses/kolkata-bus-tickets&quot;,&quot;name&quot;:&quot;Kolkata Bus Ticket Booking&quot;,&quot;tooltip&quot;:null,&quot;customAttributes&quot;:null,&quot;isMoreLink&quot;:false},{&quot;url&quot;:&quot;buses/ernakulam-bus-tickets&quot;,&quot;name&quot;:&quot;Ernakulam Bus Ticket Booking&quot;,&quot;tooltip&quot;:null,&quot;customAttributes&quot;:null,&quot;isMoreLink&quot;:false},{&quot;url&quot;:&quot;buses/ahmedabad-bus-tickets&quot;,&quot;name&quot;:&quot;Ahmedabad Bus Ticket Booking&quot;,&quot;tooltip&quot;:null,&quot;customAttributes&quot;:null,&quot;isMoreLink&quot;:false},{&quot;url&quot;:&quot;buses/vijayawada-bus-tickets&quot;,&quot;name&quot;:&quot;Vijayawada Bus Ticket Booking&quot;,&quot;tooltip&quot;:null,&quot;customAttributes&quot;:null,&quot;isMoreLink&quot;:false},{&quot;url&quot;:&quot;buses/jaipur-bus-tickets&quot;,&quot;name&quot;:&quot;Jaipur Bus Ticket Booking&quot;,&quot;tooltip&quot;:null,&quot;customAttributes&quot;:null,&quot;isMoreLink&quot;:false},{&quot;url&quot;:&quot;buses/indore-bus-tickets&quot;,&quot;name&quot;:&quot;Indore Bus Ticket Booking&quot;,&quot;tooltip&quot;:null,&quot;customAttributes&quot;:null,&quot;isMoreLink&quot;:false},{&quot;url&quot;:&quot;buses/lucknow-bus-tickets&quot;,&quot;name&quot;:&quot;Lucknow Bus Ticket Booking&quot;,&quot;tooltip&quot;:null,&quot;customAttributes&quot;:null,&quot;isMoreLink&quot;:false},{&quot;url&quot;:&quot;buses/bhopal-bus-tickets&quot;,&quot;name&quot;:&quot;Bhopal Bus Ticket Booking&quot;,&quot;tooltip&quot;:null,&quot;customAttributes&quot;:null,&quot;isMoreLink&quot;:false}]},&quot;headerType&quot;:&quot;h3&quot;},{&quot;uiComponentId&quot;:&quot;C_155&quot;,&quot;content&quot;:{&quot;heading&quot;:&quot;Popular Bus Operators&quot;,&quot;body&quot;:null,&quot;subHeading&quot;:null,&quot;var1&quot;:null,&quot;var2&quot;:null,&quot;var3&quot;:null,&quot;label1&quot;:null,&quot;value1&quot;:null,&quot;label2&quot;:null,&quot;value2&quot;:null,&quot;label3&quot;:null,&quot;value3&quot;:null,&quot;imageUrl&quot;:null,&quot;faqList&quot;:null,&quot;dataList&quot;:[{&quot;url&quot;:&quot;https://www.redbus.in/travels/no-1-air-travels&quot;,&quot;name&quot;:&quot;No 1 Air Travels&quot;,&quot;tooltip&quot;:null,&quot;customAttributes&quot;:null,&quot;isMoreLink&quot;:false},{&quot;url&quot;:&quot;https://www.redbus.in/travels/ybm-travels&quot;,&quot;name&quot;:&quot;YBM Travels&quot;,&quot;tooltip&quot;:null,&quot;customAttributes&quot;:null,&quot;isMoreLink&quot;:false},{&quot;url&quot;:&quot;https://www.redbus.in/travels/sri-sms-travels&quot;,&quot;name&quot;:&quot;Sri SMS Travels&quot;,&quot;tooltip&quot;:null,&quot;customAttributes&quot;:null,&quot;isMoreLink&quot;:false},{&quot;url&quot;:&quot;https://www.redbus.in/travels/svkdt-travels&quot;,&quot;name&quot;:&quot;Svkdt Travels&quot;,&quot;tooltip&quot;:null,&quot;customAttributes&quot;:null,&quot;isMoreLink&quot;:false},{&quot;url&quot;:&quot;https://www.redbus.in/travels/rkt-tours-and-travels&quot;,&quot;name&quot;:&quot;RKT Tours and Travels&quot;,&quot;tooltip&quot;:null,&quot;customAttributes&quot;:null,&quot;isMoreLink&quot;:false},{&quot;url&quot;:&quot;https://www.redbus.in/travels/royal-cars&quot;,&quot;name&quot;:&quot;Royal Cars&quot;,&quot;tooltip&quot;:null,&quot;customAttributes&quot;:null,&quot;isMoreLink&quot;:false},{&quot;url&quot;:&quot;https://www.redbus.in/travels/rahul-travels&quot;,&quot;name&quot;:&quot;Rahul Travels&quot;,&quot;tooltip&quot;:null,&quot;customAttributes&quot;:null,&quot;isMoreLink&quot;:false},{&quot;url&quot;:&quot;https://www.redbus.in/travels/jbt-travels&quot;,&quot;name&quot;:&quot;JBT Travels&quot;,&quot;tooltip&quot;:null,&quot;customAttributes&quot;:null,&quot;isMoreLink&quot;:false},{&quot;url&quot;:&quot;https://www.redbus.in/travels/raj-express-1&quot;,&quot;name&quot;:&quot;Raj Express&quot;,&quot;tooltip&quot;:null,&quot;customAttributes&quot;:null,&quot;isMoreLink&quot;:false},{&quot;url&quot;:&quot;https://www.redbus.in/travels/vaishali-express&quot;,&quot;name&quot;:&quot;Vaishali Express&quot;,&quot;tooltip&quot;:null,&quot;customAttributes&quot;:null,&quot;isMoreLink&quot;:false},{&quot;url&quot;:&quot;https://www.redbus.in/travels/rahul-travels-indore&quot;,&quot;name&quot;:&quot;Rahul Travels Indore&quot;,&quot;tooltip&quot;:null,&quot;customAttributes&quot;:null,&quot;isMoreLink&quot;:false},{&quot;url&quot;:&quot;https://www.redbus.in/travels/delhi-tours-and-travels&quot;,&quot;name&quot;:&quot;Delhi Tours And Travels&quot;,&quot;tooltip&quot;:null,&quot;customAttributes&quot;:null,&quot;isMoreLink&quot;:false},{&quot;url&quot;:&quot;https://www.redbus.in/travels/ashok-travels-delhi&quot;,&quot;name&quot;:&quot;Ashok Travels&quot;,&quot;tooltip&quot;:null,&quot;customAttributes&quot;:null,&quot;isMoreLink&quot;:false},{&quot;url&quot;:&quot;https://www.redbus.in/travels/greenline&quot;,&quot;name&quot;:&quot;Greenline Travels&quot;,&quot;tooltip&quot;:null,&quot;customAttributes&quot;:null,&quot;isMoreLink&quot;:false},{&quot;url&quot;:&quot;https://www.redbus.in/travels/pawan-travels-balaghat&quot;,&quot;name&quot;:&quot;Pawan Travels&quot;,&quot;tooltip&quot;:null,&quot;customAttributes&quot;:null,&quot;isMoreLink&quot;:false},{&quot;url&quot;:&quot;https://www.redbus.in/travels/ravi-travels&quot;,&quot;name&quot;:&quot;Ravi Travels&quot;,&quot;tooltip&quot;:null,&quot;customAttributes&quot;:null,&quot;isMoreLink&quot;:false},{&quot;url&quot;:&quot;https://www.redbus.in/travels/vrl-travels&quot;,&quot;name&quot;:&quot;VRL Travels&quot;,&quot;tooltip&quot;:null,&quot;customAttributes&quot;:null,&quot;isMoreLink&quot;:false},{&quot;url&quot;:&quot;https://www.redbus.in/travels/dolphin-travel-house&quot;,&quot;name&quot;:&quot;Dolphin Travels&quot;,&quot;tooltip&quot;:null,&quot;customAttributes&quot;:null,&quot;isMoreLink&quot;:false},{&quot;url&quot;:&quot;https://www.redbus.in/travels/ganesh-travels&quot;,&quot;name&quot;:&quot;Ganesh Travels&quot;,&quot;tooltip&quot;:null,&quot;customAttributes&quot;:null,&quot;isMoreLink&quot;:false},{&quot;url&quot;:&quot;https://www.redbus.in/travels/kaveri-kamakshi-travels&quot;,&quot;name&quot;:&quot;Kaveri Travels&quot;,&quot;tooltip&quot;:null,&quot;customAttributes&quot;:null,&quot;isMoreLink&quot;:false},{&quot;url&quot;:&quot;https://www.redbus.in/travels/national-travels-national&quot;,&quot;name&quot;:&quot;National Travels&quot;,&quot;tooltip&quot;:null,&quot;customAttributes&quot;:null,&quot;isMoreLink&quot;:false},{&quot;url&quot;:&quot;https://www.redbus.in/travels/bharathi-travels-bharathi&quot;,&quot;name&quot;:&quot;Bharathi Travels&quot;,&quot;tooltip&quot;:null,&quot;customAttributes&quot;:null,&quot;isMoreLink&quot;:false},{&quot;url&quot;:&quot;https://www.redbus.in/travels/city-land-travels&quot;,&quot;name&quot;:&quot;City Land Travels&quot;,&quot;tooltip&quot;:null,&quot;customAttributes&quot;:null,&quot;isMoreLink&quot;:false},{&quot;url&quot;:&quot;https://www.redbus.in/travels/citylink-travels&quot;,&quot;name&quot;:&quot;Citylink Travels&quot;,&quot;tooltip&quot;:null,&quot;customAttributes&quot;:null,&quot;isMoreLink&quot;:false},{&quot;url&quot;:&quot;https://www.redbus.in/travels/kkaveri-travels&quot;,&quot;name&quot;:&quot;KKaveri Travels&quot;,&quot;tooltip&quot;:null,&quot;customAttributes&quot;:null,&quot;isMoreLink&quot;:false},{&quot;url&quot;:&quot;https://www.redbus.in/travels/kk-travels&quot;,&quot;name&quot;:&quot;KK Travels&quot;,&quot;tooltip&quot;:null,&quot;customAttributes&quot;:null,&quot;isMoreLink&quot;:false},{&quot;url&quot;:&quot;https://www.redbus.in/travels/mahadev-travels-online&quot;,&quot;name&quot;:&quot;Mahadev Travels&quot;,&quot;tooltip&quot;:null,&quot;customAttributes&quot;:null,&quot;isMoreLink&quot;:false},{&quot;url&quot;:&quot;https://www.redbus.in/travels/maharaja-travels-1&quot;,&quot;name&quot;:&quot;Maharaja Travels&quot;,&quot;tooltip&quot;:null,&quot;customAttributes&quot;:null,&quot;isMoreLink&quot;:false},{&quot;url&quot;:&quot;https://www.redbus.in/travels/m-r-travels&quot;,&quot;name&quot;:&quot;M R Travels&quot;,&quot;tooltip&quot;:null,&quot;customAttributes&quot;:null,&quot;isMoreLink&quot;:false},{&quot;url&quot;:&quot;https://www.redbus.in/travels/new-payal-travels&quot;,&quot;name&quot;:&quot;New Payal Travels&quot;,&quot;tooltip&quot;:null,&quot;customAttributes&quot;:null,&quot;isMoreLink&quot;:false},{&quot;url&quot;:&quot;https://www.redbus.in/travels/paras-travels&quot;,&quot;name&quot;:&quot;Paras Travels&quot;,&quot;tooltip&quot;:null,&quot;customAttributes&quot;:null,&quot;isMoreLink&quot;:false},{&quot;url&quot;:&quot;https://www.redbus.in/travels/parshwanath-travels-parshwanath-ahmedabad&quot;,&quot;name&quot;:&quot;Shree Parshwanath Travels&quot;,&quot;tooltip&quot;:null,&quot;customAttributes&quot;:null,&quot;isMoreLink&quot;:false},{&quot;url&quot;:&quot;https://www.redbus.in/travels/payal-travels&quot;,&quot;name&quot;:&quot;Payal Travels&quot;,&quot;tooltip&quot;:null,&quot;customAttributes&quot;:null,&quot;isMoreLink&quot;:false},{&quot;url&quot;:&quot;https://www.redbus.in/travels/rk-travels&quot;,&quot;name&quot;:&quot;R K Travels&quot;,&quot;tooltip&quot;:null,&quot;customAttributes&quot;:null,&quot;isMoreLink&quot;:false},{&quot;url&quot;:&quot;https://www.redbus.in/travels/shivam-travels&quot;,&quot;name&quot;:&quot;Shivam Travels&quot;,&quot;tooltip&quot;:null,&quot;customAttributes&quot;:null,&quot;isMoreLink&quot;:false},{&quot;url&quot;:&quot;https://www.redbus.in/travels/shree-mahaveer-travels-9721&quot;,&quot;name&quot;:&quot;Shree Mahaveer Travels&quot;,&quot;tooltip&quot;:null,&quot;customAttributes&quot;:null,&quot;isMoreLink&quot;:false},{&quot;url&quot;:&quot;https://www.redbus.in/travels/srs-travels-srs&quot;,&quot;name&quot;:&quot;SRS Travels&quot;,&quot;tooltip&quot;:null,&quot;customAttributes&quot;:null,&quot;isMoreLink&quot;:false},{&quot;url&quot;:&quot;https://www.redbus.in/travels/tulsi-travels&quot;,&quot;name&quot;:&quot;Tulsi Travels&quot;,&quot;tooltip&quot;:null,&quot;customAttributes&quot;:null,&quot;isMoreLink&quot;:false},{&quot;url&quot;:&quot;https://www.redbus.in/travels/vaibhav-travels-10044&quot;,&quot;name&quot;:&quot;Vaibhav Travels&quot;,&quot;tooltip&quot;:null,&quot;customAttributes&quot;:null,&quot;isMoreLink&quot;:false},{&quot;url&quot;:&quot;https://www.redbus.in/travels/vikas-travels-jaipur&quot;,&quot;name&quot;:&quot;Vikas Travels&quot;,&quot;tooltip&quot;:null,&quot;customAttributes&quot;:null,&quot;isMoreLink&quot;:false},{&quot;url&quot;:&quot;https://www.redbus.in/travels/amarnath-travels-9984&quot;,&quot;name&quot;:&quot;Amarnath Travels&quot;,&quot;tooltip&quot;:null,&quot;customAttributes&quot;:null,&quot;isMoreLink&quot;:false},{&quot;url&quot;:&quot;https://www.redbus.in/travels/anand-travel&quot;,&quot;name&quot;:&quot;Anand Travels&quot;,&quot;tooltip&quot;:null,&quot;customAttributes&quot;:null,&quot;isMoreLink&quot;:false},{&quot;url&quot;:&quot;https://www.redbus.in/travels/ashapura-travels&quot;,&quot;name&quot;:&quot;Ashapura Travels&quot;,&quot;tooltip&quot;:null,&quot;customAttributes&quot;:null,&quot;isMoreLink&quot;:false},{&quot;url&quot;:&quot;https://www.redbus.in/travels/ashok-bus-service&quot;,&quot;name&quot;:&quot;Ashok Bus Service&quot;,&quot;tooltip&quot;:null,&quot;customAttributes&quot;:null,&quot;isMoreLink&quot;:false},{&quot;url&quot;:&quot;https://www.redbus.in/travels/ashoka-travels&quot;,&quot;name&quot;:&quot;Ashoka Travels&quot;,&quot;tooltip&quot;:null,&quot;customAttributes&quot;:null,&quot;isMoreLink&quot;:false}]},&quot;headerType&quot;:&quot;h3&quot;}],&quot;SeoSections&quot;:[{&quot;title&quot;:&quot;Top RTCs&quot;,&quot;id&quot;:&quot;top_rtc_seo&quot;,&quot;isListItemImages&quot;:false,&quot;listItems&quot;:[{&quot;displayName&quot;:&quot;APSRTC&quot;,&quot;id&quot;:&quot;top_rtc_seo_apsrtc&quot;,&quot;redirectUrl&quot;:&quot;https://www.redbus.in/online-booking/apsrtc&quot;,&quot;imgUrl&quot;:null,&quot;customAttributes&quot;:null},{&quot;displayName&quot;:&quot;GSRTC&quot;,&quot;id&quot;:&quot;top_rtc_seo_gsrtc&quot;,&quot;redirectUrl&quot;:&quot;https://www.redbus.in/online-booking/gsrtc&quot;,&quot;imgUrl&quot;:null,&quot;customAttributes&quot;:null},{&quot;displayName&quot;:&quot;TNSTC&quot;,&quot;id&quot;:&quot;top_rtc_seo_tnstc&quot;,&quot;redirectUrl&quot;:&quot;https://www.redbus.in/online-booking/tnstc&quot;,&quot;imgUrl&quot;:null,&quot;customAttributes&quot;:null},{&quot;displayName&quot;:&quot;View All&quot;,&quot;id&quot;:&quot;top_rtc_seo_view_all&quot;,&quot;redirectUrl&quot;:&quot;https://www.redbus.in/online-booking/rtc-directory&quot;,&quot;imgUrl&quot;:null,&quot;customAttributes&quot;:null}]},{&quot;title&quot;:&quot;Other&quot;,&quot;id&quot;:&quot;other_seo&quot;,&quot;isListItemImages&quot;:false,&quot;listItems&quot;:[{&quot;displayName&quot;:&quot;TSRTC&quot;,&quot;id&quot;:&quot;other_seo_tsrtc&quot;,&quot;redirectUrl&quot;:&quot;https://www.redbus.in/online-booking/tsrtc&quot;,&quot;imgUrl&quot;:null,&quot;customAttributes&quot;:null},{&quot;displayName&quot;:&quot;SBSTC&quot;,&quot;id&quot;:&quot;other_seo_sbstc&quot;,&quot;redirectUrl&quot;:&quot;https://www.redbus.in/online-booking/south-bengal-state-transport-corporation-sbstc&quot;,&quot;imgUrl&quot;:null,&quot;customAttributes&quot;:null},{&quot;displayName&quot;:&quot;RSRTC&quot;,&quot;id&quot;:&quot;other_seo_rsrtc&quot;,&quot;redirectUrl&quot;:&quot;https://www.redbus.in/online-booking/rsrtc&quot;,&quot;imgUrl&quot;:null,&quot;customAttributes&quot;:null},{&quot;displayName&quot;:&quot;Kerala RTC&quot;,&quot;id&quot;:&quot;other_seo_kerala_rtc&quot;,&quot;redirectUrl&quot;:&quot;https://www.redbus.in/online-booking/ksrtc-kerala&quot;,&quot;imgUrl&quot;:null,&quot;customAttributes&quot;:null},{&quot;displayName&quot;:&quot;View All&quot;,&quot;id&quot;:&quot;other_seo_view_all&quot;,&quot;redirectUrl&quot;:&quot;https://www.redbus.in/online-booking/rtc-directory&quot;,&quot;imgUrl&quot;:null,&quot;customAttributes&quot;:null}]},{&quot;title&quot;:&quot;Top bus routes&quot;,&quot;id&quot;:&quot;top_bus_routes_seo&quot;,&quot;isListItemImages&quot;:false,&quot;listItems&quot;:[{&quot;displayName&quot;:&quot;Hyderabad to Bangalore Bus&quot;,&quot;id&quot;:&quot;top_bus_routes_seo_hyd_to_blr&quot;,&quot;redirectUrl&quot;:&quot;https://www.redbus.in/bus-tickets/hyderabad-to-bangalore&quot;,&quot;imgUrl&quot;:null,&quot;customAttributes&quot;:null},{&quot;displayName&quot;:&quot;Bangalore to Chennai Bus&quot;,&quot;id&quot;:&quot;top_bus_routes_seo_blr_to_chn&quot;,&quot;redirectUrl&quot;:&quot;https://www.redbus.in/bus-tickets/bangalore-to-chennai&quot;,&quot;imgUrl&quot;:null,&quot;customAttributes&quot;:null},{&quot;displayName&quot;:&quot;Pune to Bangalore Bus&quot;,&quot;id&quot;:&quot;top_bus_routes_seo_pune_to_blr&quot;,&quot;redirectUrl&quot;:&quot;https://www.redbus.in/bus-tickets/pune-to-bangalore&quot;,&quot;imgUrl&quot;:null,&quot;customAttributes&quot;:null},{&quot;displayName&quot;:&quot;Mumbai to Bangalore Bus&quot;,&quot;id&quot;:&quot;top_bus_routes_seo_mum_to_blr&quot;,&quot;redirectUrl&quot;:&quot;https://www.redbus.in/bus-tickets/mumbai-to-bangalore&quot;,&quot;imgUrl&quot;:null,&quot;customAttributes&quot;:null},{&quot;displayName&quot;:&quot;View All&quot;,&quot;id&quot;:&quot;top_bus_routes_seo_view_all&quot;,&quot;redirectUrl&quot;:&quot;https://www.redbus.in/bus-tickets/routes-directory&quot;,&quot;imgUrl&quot;:null,&quot;customAttributes&quot;:null}]},{&quot;title&quot;:&quot;Top cities&quot;,&quot;id&quot;:&quot;top_cities_seo&quot;,&quot;isListItemImages&quot;:false,&quot;listItems&quot;:[{&quot;displayName&quot;:&quot;Hyderabad Bus Tickets&quot;,&quot;id&quot;:&quot;top_cities_seo_hyd&quot;,&quot;redirectUrl&quot;:&quot;https://www.redbus.in/buses/hyderabad-bus-tickets&quot;,&quot;imgUrl&quot;:null,&quot;customAttributes&quot;:null},{&quot;displayName&quot;:&quot;Bangalore Bus Tickets&quot;,&quot;id&quot;:&quot;top_cities_seo_blr&quot;,&quot;redirectUrl&quot;:&quot;https://www.redbus.in/buses/bangalore-bus-tickets&quot;,&quot;imgUrl&quot;:null,&quot;customAttributes&quot;:null},{&quot;displayName&quot;:&quot;Chennai Bus Tickets&quot;,&quot;id&quot;:&quot;top_cities_seo_chn&quot;,&quot;redirectUrl&quot;:&quot;https://www.redbus.in/buses/chennai-bus-tickets&quot;,&quot;imgUrl&quot;:null,&quot;customAttributes&quot;:null},{&quot;displayName&quot;:&quot;Pune Bus Tickets&quot;,&quot;id&quot;:&quot;top_cities_seo_pune&quot;,&quot;redirectUrl&quot;:&quot;https://www.redbus.in/buses/pune-bus-tickets&quot;,&quot;imgUrl&quot;:null,&quot;customAttributes&quot;:null},{&quot;displayName&quot;:&quot;View All&quot;,&quot;id&quot;:&quot;top_cities_seo_view_all&quot;,&quot;redirectUrl&quot;:&quot;https://www.redbus.in/buses/cities-directory&quot;,&quot;imgUrl&quot;:null,&quot;customAttributes&quot;:null}]},{&quot;title&quot;:&quot;redRail&quot;,&quot;id&quot;:&quot;red_rail_seo&quot;,&quot;isListItemImages&quot;:false,&quot;listItems&quot;:[{&quot;displayName&quot;:&quot;Book Train Tickets&quot;,&quot;id&quot;:&quot;red_rail_seo_book&quot;,&quot;redirectUrl&quot;:&quot;https://www.redbus.in/train-tickets&quot;,&quot;imgUrl&quot;:null,&quot;customAttributes&quot;:null},{&quot;displayName&quot;:&quot;PNR Status&quot;,&quot;id&quot;:&quot;red_rail_seo_pnr_status&quot;,&quot;redirectUrl&quot;:&quot;https://www.redbus.in/railways/pnr-status&quot;,&quot;imgUrl&quot;:null,&quot;customAttributes&quot;:null},{&quot;displayName&quot;:&quot;Live Train Status&quot;,&quot;id&quot;:&quot;red_rail_seo_live_status&quot;,&quot;redirectUrl&quot;:&quot;https://m.redbus.in/railways/train-running-status&quot;,&quot;imgUrl&quot;:null,&quot;customAttributes&quot;:null},{&quot;displayName&quot;:&quot;Train Seat Availability&quot;,&quot;id&quot;:&quot;red_rail_seo_seat_avl&quot;,&quot;redirectUrl&quot;:&quot;https://www.redbus.in/train-tickets/train-seat-availability&quot;,&quot;imgUrl&quot;:null,&quot;customAttributes&quot;:null},{&quot;displayName&quot;:&quot;Trains between Stations&quot;,&quot;id&quot;:&quot;red_rail_seo_trains_btwn_stn&quot;,&quot;redirectUrl&quot;:&quot;https://www.redbus.in/train-tickets/trains-between-stations&quot;,&quot;imgUrl&quot;:null,&quot;customAttributes&quot;:null}]}],&quot;RbFooterLogo&quot;:&quot;https://s3.rdbuz.com/Images/rdc/rdc-redbus-logo.svg&quot;,&quot;FooterMergeLogo&quot;:null,&quot;FooterText&quot;:&quot;redBus is the world&#039;s largest online bus ticket booking service trusted by over 25 million happy customers globally. redBus offers bus ticket booking through its website, iOS and Android mobile apps for all major routes.&quot;,&quot;FooterLinks&quot;:[{&quot;title&quot;:&quot;About redBus&quot;,&quot;id&quot;:&quot;about_redbus_title_footer&quot;,&quot;isListItemImages&quot;:false,&quot;listItems&quot;:[{&quot;displayName&quot;:&quot;About us&quot;,&quot;id&quot;:&quot;about_us_footer&quot;,&quot;redirectUrl&quot;:&quot;https://www.redbus.in/info/aboutus&quot;,&quot;imgUrl&quot;:null,&quot;customAttributes&quot;:null},{&quot;displayName&quot;:&quot;Investor Relations&quot;,&quot;id&quot;:&quot;investor_relations_footer&quot;,&quot;redirectUrl&quot;:&quot;https://www.redbus.in/info/Investors&quot;,&quot;imgUrl&quot;:null,&quot;customAttributes&quot;:null},{&quot;displayName&quot;:&quot;Contact us&quot;,&quot;id&quot;:&quot;contact_us_footer&quot;,&quot;redirectUrl&quot;:&quot;https://www.redbus.in/info/contactus&quot;,&quot;imgUrl&quot;:null,&quot;customAttributes&quot;:null},{&quot;displayName&quot;:&quot;Mobile version&quot;,&quot;id&quot;:&quot;mobile_version_footer&quot;,&quot;redirectUrl&quot;:&quot;https://m.redbus.in/&quot;,&quot;imgUrl&quot;:null,&quot;customAttributes&quot;:null},{&quot;displayName&quot;:&quot;redBus on mobile&quot;,&quot;id&quot;:&quot;redbus_on_bus_footer&quot;,&quot;redirectUrl&quot;:&quot;https://www.redbus.in/info/mobile&quot;,&quot;imgUrl&quot;:null,&quot;customAttributes&quot;:null},{&quot;displayName&quot;:&quot;Sitemap&quot;,&quot;id&quot;:&quot;sitemap_footer&quot;,&quot;redirectUrl&quot;:&quot;https://www.redbus.in/sitemap.html&quot;,&quot;imgUrl&quot;:null,&quot;customAttributes&quot;:null},{&quot;displayName&quot;:&quot;Offers&quot;,&quot;id&quot;:&quot;offers_footer&quot;,&quot;redirectUrl&quot;:&quot;https://www.redbus.in/info/offerTerms&quot;,&quot;imgUrl&quot;:null,&quot;customAttributes&quot;:null},{&quot;displayName&quot;:&quot;Careers&quot;,&quot;id&quot;:&quot;careers_footer&quot;,&quot;redirectUrl&quot;:&quot;https://www.redbus.in/careers&quot;,&quot;imgUrl&quot;:null,&quot;customAttributes&quot;:null},{&quot;displayName&quot;:&quot;Values&quot;,&quot;id&quot;:&quot;values_footer&quot;,&quot;redirectUrl&quot;:&quot;https://www.redbus.in/values&quot;,&quot;imgUrl&quot;:null,&quot;customAttributes&quot;:null}]},{&quot;title&quot;:&quot;Info&quot;,&quot;id&quot;:&quot;info_title_footer&quot;,&quot;isListItemImages&quot;:false,&quot;listItems&quot;:[{&quot;displayName&quot;:&quot;T&amp;C&quot;,&quot;id&quot;:&quot;terms_n_conditions_footer&quot;,&quot;redirectUrl&quot;:&quot;https://www.redbus.in/info/termscondition&quot;,&quot;imgUrl&quot;:null,&quot;customAttributes&quot;:null},{&quot;displayName&quot;:&quot;Privacy policy&quot;,&quot;id&quot;:&quot;privacy_policy_footer&quot;,&quot;redirectUrl&quot;:&quot;https://www.redbus.in/info/privacypolicy&quot;,&quot;imgUrl&quot;:null,&quot;customAttributes&quot;:null},{&quot;displayName&quot;:&quot;FAQ&quot;,&quot;id&quot;:&quot;faq_footer&quot;,&quot;redirectUrl&quot;:&quot;https://www.redbus.in/info/faq&quot;,&quot;imgUrl&quot;:null,&quot;customAttributes&quot;:null},{&quot;displayName&quot;:&quot;Blog&quot;,&quot;id&quot;:&quot;blog_footer&quot;,&quot;redirectUrl&quot;:&quot;https://blog.redbus.in&quot;,&quot;imgUrl&quot;:null,&quot;customAttributes&quot;:null},{&quot;displayName&quot;:&quot;Bus operator registration&quot;,&quot;id&quot;:&quot;bus_operator_registration_footer&quot;,&quot;redirectUrl&quot;:&quot;https://onboardvendor.redbus.in/&quot;,&quot;imgUrl&quot;:null,&quot;customAttributes&quot;:null},{&quot;displayName&quot;:&quot;Agent registration&quot;,&quot;id&quot;:&quot;agent_registration_footer&quot;,&quot;redirectUrl&quot;:&quot;https://in3.seatseller.travel/&quot;,&quot;imgUrl&quot;:null,&quot;customAttributes&quot;:null},{&quot;displayName&quot;:&quot;Insurance partner&quot;,&quot;id&quot;:&quot;insurance_partner_footer&quot;,&quot;redirectUrl&quot;:&quot;https://www.acko.com/&quot;,&quot;imgUrl&quot;:null,&quot;customAttributes&quot;:null},{&quot;displayName&quot;:&quot;User agreement&quot;,&quot;id&quot;:&quot;user_agreement_footer&quot;,&quot;redirectUrl&quot;:&quot;https://www.redbus.in/info/useragreement&quot;,&quot;imgUrl&quot;:null,&quot;customAttributes&quot;:null},{&quot;displayName&quot;:&quot;Primo Bus&quot;,&quot;id&quot;:null,&quot;redirectUrl&quot;:&quot;https://www.redbus.in/primo/primo-service&quot;,&quot;imgUrl&quot;:null,&quot;customAttributes&quot;:null},{&quot;displayName&quot;:&quot;Bus Timetable&quot;,&quot;id&quot;:null,&quot;redirectUrl&quot;:&quot;https://www.redbus.in/bus-timetable&quot;,&quot;imgUrl&quot;:null,&quot;customAttributes&quot;:null}]},{&quot;title&quot;:&quot;Global Sites&quot;,&quot;id&quot;:&quot;global_sites_title_footer&quot;,&quot;isListItemImages&quot;:false,&quot;listItems&quot;:[{&quot;displayName&quot;:&quot;India&quot;,&quot;id&quot;:&quot;India_site_footer&quot;,&quot;redirectUrl&quot;:&quot;https://www.redbus.in/&quot;,&quot;imgUrl&quot;:null,&quot;customAttributes&quot;:null},{&quot;displayName&quot;:&quot;Singapore&quot;,&quot;id&quot;:&quot;singapore_site_footer&quot;,&quot;redirectUrl&quot;:&quot;https://www.redbus.sg/&quot;,&quot;imgUrl&quot;:null,&quot;customAttributes&quot;:null},{&quot;displayName&quot;:&quot;Malaysia&quot;,&quot;id&quot;:&quot;malaysia_site_footer&quot;,&quot;redirectUrl&quot;:&quot;https://www.redbus.my/&quot;,&quot;imgUrl&quot;:null,&quot;customAttributes&quot;:null},{&quot;displayName&quot;:&quot;Indonesia&quot;,&quot;id&quot;:&quot;indonesia_site_footer&quot;,&quot;redirectUrl&quot;:&quot;https://www.redbus.id/&quot;,&quot;imgUrl&quot;:null,&quot;customAttributes&quot;:null},{&quot;displayName&quot;:&quot;Peru&quot;,&quot;id&quot;:&quot;peru_site_footer&quot;,&quot;redirectUrl&quot;:&quot;https://www.redbus.pe/&quot;,&quot;imgUrl&quot;:null,&quot;customAttributes&quot;:null},{&quot;displayName&quot;:&quot;Colombia&quot;,&quot;id&quot;:&quot;colombia_site_footer&quot;,&quot;redirectUrl&quot;:&quot;https://www.redbus.co/&quot;,&quot;imgUrl&quot;:null,&quot;customAttributes&quot;:null},{&quot;displayName&quot;:&quot;Cambodia&quot;,&quot;id&quot;:&quot;cambodia_site_footer&quot;,&quot;redirectUrl&quot;:&quot;https://www.redbus.com.kh/&quot;,&quot;imgUrl&quot;:null,&quot;customAttributes&quot;:null},{&quot;displayName&quot;:&quot;Vietnam&quot;,&quot;id&quot;:&quot;vietnam_site_footer&quot;,&quot;redirectUrl&quot;:&quot;https://www.redbus.vn/&quot;,&quot;imgUrl&quot;:null,&quot;customAttributes&quot;:null}]},{&quot;title&quot;:&quot;Our Partners&quot;,&quot;id&quot;:&quot;our_partners_title_footer&quot;,&quot;isListItemImages&quot;:false,&quot;listItems&quot;:[{&quot;displayName&quot;:&quot;Goibibo Bus&quot;,&quot;id&quot;:&quot;goibibo_bus_footer&quot;,&quot;redirectUrl&quot;:&quot;https://www.goibibo.com/bus/&quot;,&quot;imgUrl&quot;:null,&quot;customAttributes&quot;:&quot;rel=\&quot;nofollow\&quot;&quot;},{&quot;displayName&quot;:&quot;Goibibo Hotels&quot;,&quot;id&quot;:&quot;goibibo_hotels_footer&quot;,&quot;redirectUrl&quot;:&quot;https://www.goibibo.com/hotels/&quot;,&quot;imgUrl&quot;:null,&quot;customAttributes&quot;:&quot;rel=\&quot;nofollow\&quot;&quot;},{&quot;displayName&quot;:&quot;Makemytrip Hotels&quot;,&quot;id&quot;:&quot;makemytrip_hotels_footer&quot;,&quot;redirectUrl&quot;:&quot;https://www.makemytrip.com/hotels/&quot;,&quot;imgUrl&quot;:null,&quot;customAttributes&quot;:&quot;rel=\&quot;nofollow\&quot;&quot;}]}],&quot;CopyrightText&quot;:&quot;Ⓒ 2024 Redbus India Pvt Ltd. All rights reserved&quot;,&quot;SocialIconList&quot;:[{&quot;key&quot;:&quot;redbus_facebook&quot;,&quot;iconClassOrImgUrl&quot;:&quot;https://st.redbus.in/web/images/layout/social_facebook_new.svg&quot;,&quot;isIcon&quot;:false,&quot;redirectUrl&quot;:&quot;https://www.facebook.com/redbus.in/&quot;},{&quot;key&quot;:&quot;redbus_linkedin&quot;,&quot;iconClassOrImgUrl&quot;:&quot;https://st.redbus.in/web/images/layout/social_linkedin_new.svg&quot;,&quot;isIcon&quot;:false,&quot;redirectUrl&quot;:&quot;https://in.linkedin.com/company/redbus_2/&quot;},{&quot;key&quot;:&quot;redbus_twitter&quot;,&quot;iconClassOrImgUrl&quot;:&quot;https://st.redbus.in/web/images/layout/social_twitter_new.svg&quot;,&quot;isIcon&quot;:false,&quot;redirectUrl&quot;:&quot;https://twitter.com/redBus_in/&quot;},{&quot;key&quot;:&quot;redbus_instagram&quot;,&quot;iconClassOrImgUrl&quot;:&quot;https://st.redbus.in/web/images/layout/social_instagram_new.svg&quot;,&quot;isIcon&quot;:false,&quot;redirectUrl&quot;:&quot;https://www.instagram.com/accounts/login/?next=/redbusindia/&quot;}],&quot;FooterAddress&quot;:null,&quot;FooterPartnerContent&quot;:null},&quot;FooterSeoContent&quot;:&quot;&lt;div class=\&quot;operator-footer-list clearfix\&quot;&gt; &lt;ul class=\&quot;containerHome clearfix\&quot;&gt; &lt;h6 class=\&quot;seo-header\&quot;&gt;Top Operators&lt;/h6&gt; &lt;li&gt;&lt;a href=\&quot;https://www.redbus.in/travels/srs-travels-srs\&quot;&gt;SRS Travels&lt;/a&gt;&lt;/li&gt; &lt;li&gt;&lt;a href=\&quot;https://www.redbus.in/travels/kallada-travels-kallada \&quot;&gt;Kallada Travels&lt;/a&gt;&lt;/li&gt; &lt;li&gt;&lt;a href=\&quot;https://www.redbus.in/travels/kpn-travels-kpn \&quot;&gt;KPN Travels&lt;/a&gt;&lt;/li&gt; &lt;li&gt;&lt;a href=\&quot;https://www.redbus.in/travels/orange-travels-orange \&quot;&gt;Orange Travels&lt;/a&gt;&lt;/li&gt; &lt;li&gt;&lt;a href=\&quot;https://www.redbus.in/travels/parveen-travels \&quot;&gt;Parveen Travels&lt;/a&gt;&lt;/li&gt; &lt;li&gt;&lt;a href=\&quot;https://www.redbus.in/travels/rajdhani-express \&quot;&gt;Rajdhani Express&lt;/a&gt;&lt;/li&gt; &lt;li&gt;&lt;a href=\&quot;https://www.redbus.in/travels/vrl-travels-vrl\&quot;&gt;VRL Travels&lt;/a&gt;&lt;/li&gt; &lt;li&gt;&lt;a href=\&quot;https://www.redbus.in/travels/chartered-bus\&quot;&gt;Chartered Speed Bus&lt;/a&gt;&lt;/li&gt; &lt;li&gt;&lt;a href=\&quot;https://www.redbus.in/travels/bengal-tiger\&quot;&gt;Bengal Tiger&lt;/a&gt;&lt;/li&gt; &lt;li&gt;&lt;a href=\&quot;https://www.redbus.in/travels/srm-travels-srm\&quot;&gt;SRM Travels&lt;/a&gt;&lt;/li&gt; &lt;li&gt;&lt;a href=\&quot;https://www.redbus.in/travels/infant-jesus\&quot;&gt;Infant Jesus&lt;/a&gt;&lt;/li&gt; &lt;li&gt;&lt;a href=\&quot;https://www.redbus.in/travels/patel-travels-lufthanza-9940\&quot;&gt;Patel Travels&lt;/a&gt;&lt;/li&gt; &lt;li&gt;&lt;a href=\&quot;https://www.redbus.in/travels/jbt-travels\&quot;&gt;JBT Travels&lt;/a&gt;&lt;/li&gt; &lt;li&gt;&lt;a href=\&quot;https://www.redbus.in/travels/shatabdi-travels-1\&quot;&gt;Shatabdi Travels&lt;/a&gt;&lt;/li&gt; &lt;li&gt;&lt;a href=\&quot;https://www.redbus.in/travels/eagle-travels\&quot;&gt;Eagle Travels&lt;/a&gt;&lt;/li&gt; &lt;li&gt;&lt;a href=\&quot;https://www.redbus.in/travels/kanker-roadways-10172\&quot;&gt;Kanker Roadways&lt;/a&gt;&lt;/li&gt; &lt;li&gt;&lt;a href=\&quot;https://www.redbus.in/travels/komitla\&quot;&gt;Komitla&lt;/a&gt;&lt;/li&gt; &lt;li&gt;&lt;a href=\&quot;https://www.redbus.in/travels/sri-krishna-travels\&quot;&gt;Sri Krishna Travels&lt;/a&gt;&lt;/li&gt; &lt;li&gt;&lt;a href=\&quot;https://www.redbus.in/travels/humsafar-travels-9807\&quot;&gt;Humsafar Travels&lt;/a&gt;&lt;/li&gt; &lt;li&gt;&lt;a href=\&quot;https://www.redbus.in/travels/mahasagar-travels-mahasagar\&quot;&gt;Mahasagar Travels&lt;/a&gt;&lt;/li&gt; &lt;li&gt;&lt;a href=\&quot;https://www.redbus.in/travels/raj-express-1\&quot;&gt;Raj Express&lt;/a&gt;&lt;/li&gt; &lt;li&gt;&lt;a href=\&quot;https://www.redbus.in/travels/sharma-travels\&quot;&gt;Sharma Travels&lt;/a&gt;&lt;/li&gt; &lt;li&gt;&lt;a href=\&quot;https://www.redbus.in/travels/shrinath-travels-agency-online\&quot;&gt;Shrinath Travels&lt;/a&gt;&lt;/li&gt; &lt;li&gt;&lt;a href=\&quot;https://www.redbus.in/travels/universal-travels\&quot;&gt;Universal Travels&lt;/a&gt;&lt;/li&gt; &lt;li&gt;&lt;a href=\&quot;https://www.redbus.in/travels/verma-travels\&quot;&gt;Verma Travels&lt;/a&gt;&lt;/li&gt; &lt;li&gt;&lt;a href=\&quot;https://www.redbus.in/travels/gujarat-travels\&quot;&gt;Gujarat Travels&lt;/a&gt;&lt;/li&gt; &lt;li&gt;&lt;a href=\&quot;https://www.redbus.in/travels/madurai-radha-travels\&quot;&gt;Madurai Radha Travels&lt;/a&gt;&lt;/li&gt; &lt;li&gt;&lt;a href=\&quot;https://www.redbus.in/travels/patel-tours-and-travels\&quot;&gt;Patel Tours and Travels&lt;/a&gt;&lt;/li&gt; &lt;li&gt;&lt;a href=\&quot;https://www.redbus.in/travels/paulo-travels\&quot;&gt;Paulo Travels&lt;/a&gt;&lt;/li&gt; &lt;li&gt;&lt;a href=\&quot;https://www.redbus.in/travels/royal-travels\&quot;&gt;Royal Travels&lt;/a&gt;&lt;/li&gt; &lt;li&gt;&lt;a href=\&quot;https://www.redbus.in/travels/amarnath-travels-9984\&quot;&gt;Amarnath Travels&lt;/a&gt;&lt;/li&gt; &lt;li&gt;&lt;a href=\&quot;https://www.redbus.in/travels/vaibhav-travels\&quot;&gt;Vaibhav Travels&lt;/a&gt;&lt;/li&gt; &lt;li&gt;&lt;a href=\&quot;https://www.redbus.in/travels/ganesh-travels-2\&quot;&gt;Ganesh Travels&lt;/a&gt;&lt;/li&gt; &lt;li&gt;&lt;a href=\&quot;https://www.redbus.in/travels/jabbar-travels\&quot;&gt;Jabbar Travels&lt;/a&gt;&lt;/li&gt; &lt;li&gt;&lt;a href=\&quot;https://www.redbus.in/travels/jain-travels\&quot;&gt;Jain Travels&lt;/a&gt;&lt;/li&gt; &lt;li&gt;&lt;a href=\&quot;https://www.redbus.in/travels/manish-travels\&quot;&gt;Manish Travels&lt;/a&gt;&lt;/li&gt; &lt;li&gt;&lt;a href=\&quot;https://www.redbus.in/travels/pradhan\&quot;&gt;Pradhan Travels&lt;/a&gt;&lt;/li&gt; &lt;li&gt;&lt;a href=\&quot;https://www.redbus.in/travels/ybm-travels\&quot;&gt;YBM Travels&lt;/a&gt;&lt;/li&gt; &lt;li&gt;&lt;a href=\&quot;https://www.redbus.in/travels/hebron-transports\&quot;&gt;Hebron Transports&lt;/a&gt;&lt;/li&gt; &lt;li&gt;&lt;a href=\&quot;https://www.redbus.in/travels/mahalaxmi-travels-mahalaxmi\&quot;&gt;Mahalaxmi travels&lt;/a&gt;&lt;/li&gt; &lt;li&gt;&lt;a href=\&quot;https://www.redbus.in/travels/mr-travels\&quot;&gt;MR Travels&lt;/a&gt;&lt;/li&gt; &lt;li&gt;&lt;a href=\&quot;https://www.redbus.in/travels/vivegam-travels\&quot;&gt;Vivegam Travels&lt;/a&gt;&lt;/li&gt; &lt;li&gt;&lt;a href=\&quot;https://www.redbus.in/travels/vst\&quot;&gt;VST Travels&lt;/a&gt;&lt;/li&gt; &lt;li&gt;&lt;a href=\&quot;https://www.redbus.in/travels/jakhar-travels\&quot;&gt;Jakhar Travels&lt;/a&gt;&lt;/li&gt; &lt;li&gt;&lt;a href=\&quot;https://www.redbus.in/travels/kaleswari-travels\&quot;&gt;Kaleswari Travels&lt;/a&gt;&lt;/li&gt; &lt;li&gt;&lt;a href=\&quot;https://www.redbus.in/travels/mahendra-travels-10027\&quot;&gt;Mahendra Travels&lt;/a&gt;&lt;/li&gt; &lt;li&gt;&lt;a href=\&quot;https://www.redbus.in/travels/neeta-tours-and-travels\&quot;&gt;Neeta Tours and Travels&lt;/a&gt;&lt;/li&gt; &lt;li&gt;&lt;a href=\&quot;https://www.redbus.in/travels/yamani-travels\&quot;&gt;Yamani Travels&lt;/a&gt;&lt;/li&gt; &lt;li&gt;&lt;a href=\&quot;https://www.redbus.in/travels/arthi-travels\&quot;&gt;Arthi Travels&lt;/a&gt;&lt;/li&gt; &lt;/ul&gt;&lt;div class=\&quot;more-link\&quot;&gt;&lt;a href=\&quot;/travels/operators-directory\&quot; class=\&quot;more-link site-links\&quot; target=\&quot;_blank\&quot;&gt;All Operators &amp;gt;&lt;/a&gt;&lt;/div&gt;&lt;/div&gt;&quot;,&quot;Rewards&quot;:true,&quot;boolAppviralityBanner&quot;:false,&quot;boolAppDownloadBanner&quot;:false,&quot;appDownloadBannerTxt&quot;:null,&quot;SeoTags&quot;:{&quot;EnableNoIndexNoFollow&quot;:false,&quot;dynamicSeoData&quot;:{&quot;@context&quot;:&quot;http://schema.org&quot;,&quot;@type&quot;:&quot;SoftwareApplication&quot;,&quot;name&quot;:&quot;redBus - Online Bus Tickets Booking App&quot;,&quot;operatingSystem&quot;:&quot;ANDROID&quot;,&quot;applicationCategory&quot;:&quot;TravelApplication&quot;,&quot;aggregateRating&quot;:{&quot;@type&quot;:&quot;AggregateRating&quot;,&quot;ratingValue&quot;:&quot;4.5&quot;,&quot;reviewCount&quot;:2402718}},&quot;nonRDCTags&quot;:true,&quot;isEnglish&quot;:false,&quot;title&quot;:&quot;Online Bus Ticket Booking at Low Price and Best Offers - redBus&quot;,&quot;description&quot;:&quot;Bus Tickets Online Booking at lowest rates, easy cancellation and get an instant refund with redBus, the worlds largest bus ticket booking brand. &quot;,&quot;canonical&quot;:&quot;https://www.redbus.in/&quot;,&quot;Keywords&quot;:&quot;online bus ticket booking, bus booking, volvo ac bus booking, bus ticket booking, bus tickets&quot;,&quot;Media_tag&quot;:null,&quot;googlesiteverification&quot;:&quot;xF6UvOJWcDUSenssBr8T9uGa_htW-2h3XbU9FAv9sQ8&quot;,&quot;googlesiteverificationforSellerRating&quot;:&quot;JseePqwPY1canvnThFLN1HSoTTHDfwhf0sUuEJwVUO4&quot;,&quot;OrganizationalSchema&quot;:{&quot;contextValue&quot;:&quot;https://www.schema.org&quot;,&quot;typeValue&quot;:&quot;Organization&quot;,&quot;nameValue&quot;:&quot;redBus India&quot;,&quot;urlValue&quot;:&quot;https://www.redbus.in/&quot;},&quot;OrganizationalSchemaDynamic&quot;:{&quot;context&quot;:&quot;http://schema.org&quot;,&quot;type&quot;:&quot;Organization&quot;,&quot;name&quot;:&quot;redBus India&quot;,&quot;url&quot;:&quot;https://www.redbus.in/&quot;,&quot;logo&quot;:null,&quot;foundingDate&quot;:&quot;2006&quot;,&quot;parentOrganization&quot;:[{&quot;key&quot;:&quot;@type&quot;,&quot;value&quot;:&quot;Organization&quot;},{&quot;key&quot;:&quot;name&quot;,&quot;value&quot;:&quot;Ibibo Group Pvt Ltd&quot;}],&quot;address&quot;:{&quot;type&quot;:&quot;PostalAddress&quot;,&quot;streetAddress&quot;:&quot;3rd Floor Karle Premium&quot;,&quot;addressLocality&quot;:&quot;#1 Old Airport Road, Opp. Manipal Hospital, Kodihalli&quot;,&quot;addressRegion&quot;:&quot;Bangalore&quot;,&quot;postalCode&quot;:&quot;560008&quot;,&quot;addressCountry&quot;:&quot;INDIA&quot;},&quot;contactPoint&quot;:[{&quot;key&quot;:&quot;@type&quot;,&quot;value&quot;:&quot;ContactPoint&quot;},{&quot;key&quot;:&quot;telephone&quot;,&quot;value&quot;:&quot;+91 99456 00000&quot;},{&quot;key&quot;:&quot;contactType&quot;,&quot;value&quot;:&quot;Customer Service ( Call Center)&quot;},{&quot;key&quot;:&quot;email&quot;,&quot;value&quot;:&quot;support@redbus.in&quot;}],&quot;sameAs&quot;:[{&quot;key&quot;:&quot;https://www.facebook.com/redBus.in/&quot;,&quot;value&quot;:null},{&quot;key&quot;:&quot;https://en.wikipedia.org/wiki/Redbus.in/&quot;,&quot;value&quot;:null}]},&quot;RobotsMeta&quot;:{&quot;name&quot;:&quot;robots&quot;,&quot;content&quot;:&quot;noodp&quot;},&quot;og_title&quot;:&quot;Online Bus Ticket Booking with Best Offers and Lowest Price - redBus&quot;,&quot;og_type&quot;:&quot;company&quot;,&quot;og_url&quot;:&quot;www.redbus.in&quot;,&quot;og_image&quot;:&quot;https://s3.rdbuz.com/assets/images/logo/b_logo.png&quot;,&quot;og_site_name&quot;:&quot;redBus&quot;,&quot;og_description&quot;:&quot;Book bus tickets online with redBus, the worlds largest bus ticket booking brand for government and private bus operators. Book bus tickets at lowest rates, easy cancellation and get instant refund.&quot;,&quot;hreflang&quot;:[{&quot;lang&quot;:&quot;en-KH&quot;,&quot;href&quot;:&quot;https://www.redbus.com.kh/&quot;},{&quot;lang&quot;:&quot;x-default&quot;,&quot;href&quot;:&quot;https://www.redbus.com/&quot;},{&quot;lang&quot;:&quot;vi-VN&quot;,&quot;href&quot;:&quot;https://www.redbus.vn/&quot;},{&quot;lang&quot;:&quot;en-VN&quot;,&quot;href&quot;:&quot;https://www.redbus.vn/en/&quot;},{&quot;lang&quot;:&quot;en-IN&quot;,&quot;href&quot;:&quot;https://www.redbus.in/&quot;},{&quot;lang&quot;:&quot;en-SG&quot;,&quot;href&quot;:&quot;https://www.redbus.sg/&quot;},{&quot;lang&quot;:&quot;en-MY&quot;,&quot;href&quot;:&quot;https://www.redbus.my/&quot;},{&quot;lang&quot;:&quot;ms-MY&quot;,&quot;href&quot;:&quot;https://www.redbus.my/ms/&quot;},{&quot;lang&quot;:&quot;id-ID&quot;,&quot;href&quot;:&quot;https://www.redbus.id/&quot;},{&quot;lang&quot;:&quot;en-ID&quot;,&quot;href&quot;:&quot;https://www.redbus.id/en/&quot;},{&quot;lang&quot;:&quot;en-PE&quot;,&quot;href&quot;:&quot;https://www.redbus.pe/en/&quot;},{&quot;lang&quot;:&quot;es-PE&quot;,&quot;href&quot;:&quot;https://www.redbus.pe/&quot;},{&quot;lang&quot;:&quot;es-CO&quot;,&quot;href&quot;:&quot;https://www.redbus.co/&quot;},{&quot;lang&quot;:&quot;en-CO&quot;,&quot;href&quot;:&quot;https://www.redbus.co/en/&quot;}]},&quot;S1_CDN&quot;:&quot;/&quot;,&quot;S2_CDN&quot;:&quot;/&quot;,&quot;S3_CDN&quot;:&quot;/&quot;,&quot;DefaultLanguage&quot;:&quot;en&quot;,&quot;OfferSeatsConfig&quot;:null,&quot;FeatureList&quot;:{&quot;IsRBWalletFeatureEnabled&quot;:true,&quot;IsSavedCardsFeatureEnabled&quot;:true,&quot;ISPROMOTIONSUBSCRIPTIONENABLED&quot;:false,&quot;IsSeoSrpFeatureEnabled&quot;:true,&quot;IsFerrySeoSrpFeatureEnabled&quot;:false,&quot;IsPaymentV2FeatureEnabled&quot;:true},&quot;appViralityBannerTxt&quot;:&quot;Sorry, there might be booking fluctuations. Please try after sometime.&quot;,&quot;appViralityBannerClick&quot;:&quot;&quot;,&quot;appDownloadBannerClick&quot;:null,&quot;isReturn&quot;:true,&quot;disableHeaderandFooter&quot;:false,&quot;rootDomain&quot;:&quot;rbus&quot;,&quot;isBpDpSearch&quot;:false,&quot;cssfont&quot;:null,&quot;CalenderLabels&quot;:null,&quot;RDCCalendarLabel&quot;:null,&quot;NewCalendarLabel&quot;:null,&quot;CalenderLabelsComplete&quot;:null,&quot;CountryDate&quot;:{&quot;IND&quot;:&quot;5.5&quot;,&quot;COL&quot;:&quot;-5.0&quot;,&quot;SGP&quot;:&quot;8.0&quot;,&quot;MYS&quot;:&quot;8.8&quot;,&quot;IDN&quot;:&quot;7.0&quot;,&quot;VNM&quot;:&quot;7.0&quot;,&quot;BGD&quot;:&quot;6.0&quot;,&quot;PER&quot;:&quot;-5.0&quot;},&quot;LocalTime&quot;:&quot;2024-08-19T15:15:41.3361655Z&quot;,&quot;currentDate&quot;:&quot;2024/08/19&quot;,&quot;jsloggerURL&quot;:&quot;//logs.redbus.com/logger/postErr&quot;,&quot;abCodeEnabled&quot;:false,&quot;IsLangRt&quot;:false,&quot;lazyLoadABEnabled&quot;:true,&quot;busScoreABEnabled&quot;:true,&quot;IsGeoLocationEnabled&quot;:false,&quot;IsGeoLangEnabled&quot;:false,&quot;exitRescheduleFlow&quot;:&quot;Are you sure you want to go back?&quot;,&quot;yesLabel&quot;:&quot;Yes&quot;,&quot;noLabel&quot;:&quot;No&quot;,&quot;callTripsApi&quot;:true,&quot;tripsRequestCount&quot;:10,&quot;custInfoABEnabled&quot;:false,&quot;iscodesnipetGTM&quot;:false,&quot;numberFormatter&quot;:null,&quot;numberFormatterCurrency&quot;:null,&quot;currencyDropDownMap&quot;:null,&quot;CallTimeout&quot;:{&quot;SOLR&quot;:12000,&quot;SEODATA&quot;:2000,&quot;SEARCHRESULT&quot;:7000,&quot;OIPAPI&quot;:4000,&quot;SEATLAYOUT&quot;:8000,&quot;FILTERS&quot;:4000,&quot;ROUTEBPDP&quot;:4000,&quot;USERTYPE&quot;:4000},&quot;isOdEncrypt&quot;:false,&quot;isUuIdEncrypt&quot;:false,&quot;isMobOdEncrypt&quot;:false,&quot;isRescheduleChargeKnown&quot;:false,&quot;AuthSignoutTime&quot;:525600,&quot;isSessionStackEnabled&quot;:false,&quot;amPmTimeFormat&quot;:false,&quot;PhoneCodeRegex&quot;:null,&quot;PhoneCodeRegexWOCode&quot;:{&quot;51&quot;:&quot;/^(9)[0-9]{8}$/&quot;,&quot;57&quot;:&quot;/^(350|3[0-4][0-9])[0-9]{7}$/&quot;,&quot;60&quot;:&quot;/^((?!(0))[0-9]{9})$|^((?!(60))(?!(65))[0-9]{10})$|^((?!(60))(?!(65))[0-9]{11})$|^[0][0-9]{12}$/&quot;,&quot;62&quot;:&quot;/^(08|8)[0-9]{8,11}$/&quot;,&quot;65&quot;:&quot;/^[0-9]{8}$/&quot;,&quot;91&quot;:&quot;/^[6-9][0-9]{9}$/&quot;,&quot;default&quot;:&quot;/^[0-9]{8,15}$/&quot;},&quot;PhoneCodeRegexIDN&quot;:null,&quot;IsSolrBPDPEnabled&quot;:true,&quot;checkParentBPDPLocation&quot;:true,&quot;solrLimit&quot;:20,&quot;IsFooterAddressEnabled&quot;:false,&quot;CustomerSupportNo&quot;:null,&quot;seoAssetsUrl&quot;:null,&quot;IS_PAYMENTV2_AB_DISABLED&quot;:true,&quot;IS_CF_AB_Enabled&quot;:false,&quot;addMonth&quot;:null,&quot;isWFTInfoEnabled&quot;:false,&quot;WFTPopUp&quot;:null,&quot;shouldRoundOffCurrency&quot;:false,&quot;isChangePasswordDisabled&quot;:true,&quot;defaultCountryCode&quot;:null,&quot;countryBasedSearch&quot;:false,&quot;IS_OIP_CALL_ENABLED&quot;:true,&quot;isSeatBarDisabled&quot;:true,&quot;isPreSelectBpDpDisabled&quot;:false,&quot;isNeftDisabled&quot;:false,&quot;travelProtectionPlan&quot;:null,&quot;isTravelPlanEnabled&quot;:false,&quot;travelProtectionStaticPage&quot;:null,&quot;showNoRestStop&quot;:false,&quot;IS_REGIONAL_OFFER_ENABLED&quot;:false,&quot;iS_NEW_OFFER_CARD_DESIGN&quot;:false,&quot;tppTnCUrl&quot;:null,&quot;hideOfferWalletInReschedule&quot;:false,&quot;showImgPng&quot;:true,&quot;showStrippedNames&quot;:false,&quot;isCenteredLoginView&quot;:false,&quot;isConveyThisEnabled&quot;:false,&quot;trustPilotReviews&quot;:null,&quot;trustPilotText&quot;:null,&quot;xCoverText&quot;:null,&quot;OIPCardEnable&quot;:true,&quot;oipCardImageUrl&quot;:&quot;reddeal/srptiles/IND/&quot;,&quot;oipCardWebpUrl&quot;:&quot;reddeal/srptiles/webp/IND/&quot;,&quot;oipCardFormat&quot;:&quot;png&quot;,&quot;isProductSchemaDisabled&quot;:false,&quot;chatWidgetScriptUrl&quot;:null,&quot;showChatWidget&quot;:false,&quot;ferryHomeSearchTopLocation&quot;:null,&quot;IS_APP_INSTALL_NUDGE_ENABLED&quot;:false,&quot;enableOldHomePageFooterInNewHome&quot;:false,&quot;noCreativeContentInHomePage&quot;:false,&quot;disableBusTypeFilter&quot;:false,&quot;disableRatingFromSortAndBusTuple&quot;:false,&quot;enableOtpV1ApiWithCaptchEnabled&quot;:false,&quot;enablePageReloadWithoutIsWalletEnabled&quot;:false,&quot;envAndCommitId&quot;:&quot;PROD_642e99402&quot;,&quot;enableBPG&quot;:false,&quot;bpgLogo&quot;:null,&quot;enableChatBot&quot;:false,&quot;Language&quot;:null,&quot;trConfigs&quot;:{&quot;homePage&quot;:{&quot;active&quot;:&quot;Book your free ticket after #RedemptionStartDate&quot;,&quot;avail&quot;:&quot;&lt;b&gt;Free ticket available with #OpName&lt;/b&gt; - Book &amp; travel Before #RedemptionDate&quot;,&quot;complete&quot;:&quot;Take #remainingTripsToCompleteStreak #tripNumber before #StreakEndDate and get a &lt;b&gt;free ticket&lt;b&gt;&quot;,&quot;consent&quot;:null,&quot;unlockTxt&quot;:&quot;Unlock&quot;}},&quot;IS_LOCALSTORAGE_CLEAR_ENABLED&quot;:false};
     var homeV2Config = {&quot;scrollWidth&quot;:0,&quot;hideScrollUp&quot;:false,&quot;isHeadingH1Remove&quot;:false,&quot;isOfferMid&quot;:false,&quot;borderbottomTopSection&quot;:false,&quot;homePagePreloadImages&quot;:[&quot;https://s3.rdbuz.com/images/webplatform/india/Homepage-header-800.webp&quot;,&quot;https://s3.rdbuz.com/images/webplatform/india/Homepage-header-1600.webp&quot;],&quot;heroImgAvif&quot;:&quot;&quot;,&quot;heroImgWebp&quot;:&quot;https://s3.rdbuz.com/images/webplatform/india/Homepage-header-800.webp 800w,https://s3.rdbuz.com/images/webplatform/india/Homepage-header-1200.webp 1200w,https://s3.rdbuz.com/images/webplatform/india/Homepage-header-1600.webp 1600w, https://s3.rdbuz.com/images/webplatform/india/Homepage-header-2000.webp 2000w&quot;,&quot;removePartailListMargin&quot;:false,&quot;trustMarkerProps&quot;:null,&quot;boListProps&quot;:null,&quot;autoScrollOnAutoSuggestSuggestion&quot;:true,&quot;heroText&quot;:&quot;India&#039;s No. 1 Online Bus Ticket Booking Site&quot;,&quot;subHeroText&quot;:null,&quot;heroTextStyle&quot;:&quot;color: #fff; font-size: 32px; font-style: normal; font-weight: 700; line-height: normal; position: absolute; top: 124px; display: flex; justify-content: center; width: 100%;&quot;,&quot;heroSubTextStyle&quot;:null,&quot;heroImg&quot;:&quot;https://s3.rdbuz.com/images/webplatform/india/HomeBannerNew.png&quot;,&quot;heroAlt&quot;:null,&quot;heroImgContainerstyle&quot;:&quot;&quot;,&quot;heroImgStyle&quot;:&quot;margin: 0 auto; height: 32.5rem; background-repeat: round; background-size: cover;}&quot;,&quot;scrollTopArrow&quot;:&quot;https://s3.rdbuz.com/web/images/homeV2/scrollArrow.svg&quot;,&quot;bookByLbl&quot;:null,&quot;partialList&quot;:[&quot;aboutUs&quot;,&quot;appInstall&quot;,&quot;primo&quot;,&quot;rtcAndPrivatePartneredWith&quot;],&quot;searchWidget&quot;:{&quot;enableReturnDate&quot;:false,&quot;srcLabel&quot;:&quot;From&quot;,&quot;destLabel&quot;:&quot;To&quot;,&quot;dateLabel&quot;:&quot;Date&quot;,&quot;returnDateLabel&quot;:&quot;Return Date&quot;,&quot;optionaltext&quot;:&quot;Optional&quot;,&quot;sourceErrorMsg&quot;:&quot;Enter &#039;From&#039; and &#039;To&quot;,&quot;destErrorMsg&quot;:&quot;Enter To&quot;,&quot;dateError&quot;:&quot;Enter Date&quot;,&quot;searchBtnLabel&quot;:&quot;SEARCH BUSES&quot;,&quot;customLocal&quot;:{&quot;holidaysList&quot;:[{&quot;date&quot;:&quot;2023-01-26T00:00&quot;,&quot;desc&quot;:&quot;Republic Day&quot;},{&quot;date&quot;:&quot;2023-02-18T00:00&quot;,&quot;desc&quot;:&quot;Maha Shivratri&quot;},{&quot;date&quot;:&quot;2023-03-08T00:00&quot;,&quot;desc&quot;:&quot;Holi&quot;},{&quot;date&quot;:&quot;2023-03-22T00:00&quot;,&quot;desc&quot;:&quot;Ugadi&quot;},{&quot;date&quot;:&quot;2023-03-30T00:00&quot;,&quot;desc&quot;:&quot;Ram Navami&quot;},{&quot;date&quot;:&quot;2023-04-04T00:00&quot;,&quot;desc&quot;:&quot;Mahavir Jayanti&quot;},{&quot;date&quot;:&quot;2023-04-07T00:00&quot;,&quot;desc&quot;:&quot;Good Friday&quot;},{&quot;date&quot;:&quot;2023-04-14T00:00&quot;,&quot;desc&quot;:&quot;Ambedkar Jayanti&quot;},{&quot;date&quot;:&quot;2023-04-22T00:00&quot;,&quot;desc&quot;:&quot;Eid-ul-fitr&quot;},{&quot;date&quot;:&quot;2023-05-01T00:00&quot;,&quot;desc&quot;:&quot;Labor Day&quot;},{&quot;date&quot;:&quot;2023-05-05T00:00&quot;,&quot;desc&quot;:&quot;Buddha Purnima&quot;},{&quot;date&quot;:&quot;2023-07-29T00:00&quot;,&quot;desc&quot;:&quot;Muharram&quot;},{&quot;date&quot;:&quot;2023-08-15T00:00&quot;,&quot;desc&quot;:&quot;Independence Day&quot;},{&quot;date&quot;:&quot;2023-08-29T00:00&quot;,&quot;desc&quot;:&quot;Onam&quot;},{&quot;date&quot;:&quot;2023-08-30T00:00&quot;,&quot;desc&quot;:&quot;Raksha Bandhan&quot;},{&quot;date&quot;:&quot;2023-09-07T00:00&quot;,&quot;desc&quot;:&quot;Janmashtamii&quot;},{&quot;date&quot;:&quot;2023-09-19T00:00&quot;,&quot;desc&quot;:&quot;Ganesh Chaturthi&quot;},{&quot;date&quot;:&quot;2023-10-02T00:00&quot;,&quot;desc&quot;:&quot;Gandhi Jayanti&quot;},{&quot;date&quot;:&quot;2023-10-24T00:00&quot;,&quot;desc&quot;:&quot;Dussehra&quot;},{&quot;date&quot;:&quot;2023-10-28T00:00&quot;,&quot;desc&quot;:&quot;Valmiki Jayanti&quot;},{&quot;date&quot;:&quot;2023-11-01T00:00&quot;,&quot;desc&quot;:&quot;Kannada Rajyotsava&quot;},{&quot;date&quot;:&quot;2023-11-12T00:00&quot;,&quot;desc&quot;:&quot;Diwali&quot;},{&quot;date&quot;:&quot;2023-11-13T00:00&quot;,&quot;desc&quot;:&quot;Govardhan Pooja&quot;},{&quot;date&quot;:&quot;2023-11-27T00:00&quot;,&quot;desc&quot;:&quot;Guru Nanak Jayanti&quot;},{&quot;date&quot;:&quot;2023-12-25T00:00&quot;,&quot;desc&quot;:&quot;Christmas&quot;}],&quot;monthName&quot;:null,&quot;weekName&quot;:null}},&quot;offer&quot;:{&quot;OfferSectionHead&quot;:&quot;TRENDING OFFERS&quot;,&quot;ValidTillText&quot;:&quot;Valid till &quot;,&quot;copyImg&quot;:&quot;https://s2.rdbuz.com/web/images/homeV2/copy.svg&quot;,&quot;copyToastMsg&quot;:&quot;code copied!&quot;,&quot;carouselProp&quot;:{&quot;enableDefaultCarousel&quot;:true,&quot;leftArrowPos&quot;:&quot;5px&quot;,&quot;rightArrowPos&quot;:&quot;5px&quot;,&quot;rightArrow&quot;:&quot;icon icon-arrow_r&quot;,&quot;leftArrow&quot;:&quot;icon icon-arrow_l&quot;,&quot;scrollPercentage&quot;:70},&quot;bgColors&quot;:[&quot;linear-gradient(71.04deg, #0C398B -6.92%, #3E76D8 109.43%)&quot;,&quot;linear-gradient(71.04deg, #273965 -6.92%, #50D295 109.43%)&quot;,&quot;linear-gradient(71.04deg, #480004 -6.92%, #D84E55 109.43%)&quot;,&quot;linear-gradient(71.04deg, #0E7143 -6.92%, #73ECB3 109.43%)&quot;,&quot;linear-gradient(71.04deg, #187D97 -6.92%, #6DD5ED 109.43%)&quot;,&quot;linear-gradient(71.04deg, #CE7700 -6.92%, #FFC26F 109.43%)&quot;,&quot;linear-gradient(71.04deg, #86003E -6.92%, #D2518D 109.43%)&quot;,&quot;linear-gradient(71.04deg, #3C1053 -6.92%, #AD5389 109.43%)&quot;,&quot;linear-gradient(71.04deg, #3F2B96 -6.92%, #A8C0FF 109.43%)&quot;,&quot;linear-gradient(71.04deg, #0C398B -6.92%, #3E76D8 109.43%)&quot;,&quot;linear-gradient(71.04deg, #480004 -6.92%, #D84E55 109.43%)&quot;],&quot;offerDataVal&quot;:[{&quot;OfferCode&quot;:&quot;FIRST&quot;,&quot;ThumbnailUrl&quot;:&quot;https://st.redbus.in/images/FIRST/first_26th_sep_2022_ravi/tile-80X80.png&quot;,&quot;Title&quot;:&quot;Save up to Rs 250 on bus tickets&quot;,&quot;BusinessUnit&quot;:&quot;BUS&quot;,&quot;ConditionApply&quot;:null,&quot;ValidityEndDateLocal&quot;:&quot;2024-07-31T00:00:00&quot;,&quot;onClickCardlink&quot;:&quot;https://www.redbus.in/info/OfferTerms#FIRST&quot;,&quot;gradient&quot;:null,&quot;SubTitle&quot;:null,&quot;OfferDesc&quot;:null,&quot;altName&quot;:&quot;Bus Tickets Offer FIRST&quot;,&quot;titleName&quot;:&quot;Bus Tickets Offer FIRST&quot;,&quot;isSquareImg&quot;:false,&quot;isBPG&quot;:false,&quot;IsDisplayOnlyOffer&quot;:&quot;0&quot;}],&quot;offerBuisnessUnits&quot;:[],&quot;viewAllText&quot;:&quot;View All&quot;,&quot;offersPageLink&quot;:&quot;https://www.redbus.in/info/OfferTerms&quot;,&quot;viewAllOffersStyle&quot;:&quot;{color: #1034D9;font-weight: 600;border-radius: 1.5rem;border: 1px solid #AAA;padding: 10px 24px;font-size: 18px;cursor: pointer;text-decoration: none;&amp;:hover{box-shadow: 0px 4px 12px rgba(0, 0, 0, 0.1);}}&quot;},&quot;bookingSectionTitle&quot;:null,&quot;introBanner&quot;:null,&quot;aboutUs&quot;:{&quot;rightSectionBgHeight&quot;:&quot;38.5rem&quot;,&quot;rightSectionBgWidth&quot;:&quot;35.5rem&quot;,&quot;arrowIcon&quot;:&quot;aboutUsIcon icon-thick_Right_arrow&quot;,&quot;headText&quot;:&quot; NOW, &lt;b&gt;GET MORE THAN JUST BUS&lt;/b&gt; TICKETS WITH REDBUS!&quot;,&quot;lobRightbgImg&quot;:&quot;https://s3.rdbuz.com/web/images/homeV2/AboutUs/aboutUsImg.svg&quot;,&quot;lobData&quot;:[{&quot;img&quot;:&quot;https://s3.rdbuz.com/web/images/layout/rail_vertical.svg&quot;,&quot;label&quot;:&quot; Train Tickets&quot;,&quot;altName&quot;:&quot;Online Train Tickets Booking&quot;,&quot;titleName&quot;:&quot;Online Train Tickets Booking&quot;}],&quot;infoSection&quot;:[{&quot;lobElement&quot;:null,&quot;infohead&quot;:&quot;Book IRCTC Train Tickets on redRail simple &amp; superfast booking process with no service fee + no payment gateway charge.&quot;,&quot;bookText&quot;:&quot;Book Train Tickets&quot;,&quot;bookLink&quot;:&quot;https://www.redbus.in/railways&quot;,&quot;infoPoints&quot;:[{&quot;img&quot;:&quot;https://s3.rdbuz.com/web/images/homeV2/AboutUs/railAuthorized.png&quot;,&quot;label&quot;:&quot;Authorised IRCTC Partner&quot;,&quot;altName&quot;:&quot;Authorised IRCTC Partner&quot;,&quot;titleName&quot;:&quot;Authorised IRCTC Partner&quot;},{&quot;img&quot;:&quot;https://s2.rdbuz.com/web/images/homeV2/AboutUs/railHasslefree.svg&quot;,&quot;label&quot;:&quot;Instant refunds on UPI payments&quot;,&quot;altName&quot;:&quot;Instant refunds on UPI payments&quot;,&quot;titleName&quot;:&quot;Instant refunds on UPI payments&quot;},{&quot;img&quot;:&quot;https://s1.rdbuz.com/web/images/homeV2/AboutUs/railrefunds.svg&quot;,&quot;label&quot;:&quot;Hassle- free customer support&quot;,&quot;altName&quot;:&quot;Hassle- free customer support&quot;,&quot;titleName&quot;:&quot;Hassle- free customer support&quot;}],&quot;imgWidth&quot;:&quot;32px&quot;,&quot;imgHeight&quot;:&quot;32px&quot;,&quot;animationStyle&quot;:&quot;slide-left&quot;,&quot;isInfoHeadTruncationNeeded&quot;:false,&quot;viewMoreTxtLbl&quot;:null,&quot;viewLessTxtLbl&quot;:null,&quot;shortInfoHead&quot;:null,&quot;longInfoHead&quot;:null}],&quot;LobImage&quot;:[{&quot;img&quot;:&quot;https://s3.rdbuz.com/web/images/homeV2/AboutUs/railPop.png&quot;,&quot;webpImageUrl&quot;:&quot;https://s3.rdbuz.com/web/images/homeV2/AboutUs/railPop.webp&quot;,&quot;top&quot;:&quot;81px&quot;,&quot;left&quot;:&quot;-86px&quot;,&quot;width&quot;:&quot;634px&quot;,&quot;height&quot;:&quot;612px&quot;,&quot;altName&quot;:&quot;Online Train Tickets Booking&quot;,&quot;titleName&quot;:&quot;Online Train Tickets Booking&quot;}],&quot;lobVideo&quot;:null},&quot;appInstall&quot;:{&quot;countrycodeErr&quot;:&quot;Please enter country code&quot;,&quot;phoneNumbeErr&quot;:&quot;Please enter valid Number&quot;,&quot;sending&quot;:&quot;Sending...&quot;,&quot;linkSuccess&quot;:&quot;Successfully sent&quot;,&quot;linkSendingFail&quot;:&quot;Failed! try again&quot;,&quot;getLink&quot;:&quot;Get Link&quot;,&quot;resendLink&quot;:&quot;Resend Link&quot;,&quot;defaultcountryCode&quot;:&quot;91&quot;,&quot;backgroundImgUrl&quot;:&quot;https://s1.rdbuz.com/web/images/homeV2/appinstall/appInstallbg.svg&quot;,&quot;width&quot;:&quot;&quot;,&quot;mainText&quot;:&quot;ENJOY THE APP!&quot;,&quot;tickImg&quot;:&quot;https://s3.rdbuz.com/web/images/homeV2/appinstall/tick.svg&quot;,&quot;starIcon&quot;:&quot;icon icon-appinstallstar&quot;,&quot;isDisableSendAppLinkToMobile&quot;:true,&quot;keyPoints&quot;:[&quot;Quick access&quot;,&quot;Superior live tracking&quot;],&quot;ratingObj&quot;:[{&quot;rating&quot;:&quot;4.5&quot;,&quot;DownloadsText&quot;:&quot;50M+ downloads&quot;,&quot;storeName&quot;:&quot;Play Store&quot;},{&quot;rating&quot;:&quot;4.6&quot;,&quot;DownloadsText&quot;:&quot;50M+ downloads&quot;,&quot;storeName&quot;:&quot;App Store&quot;}],&quot;getLinkSectionProps&quot;:{&quot;downLoadLinkOnText&quot;:&quot;Get Download link on&quot;,&quot;arrowUpImg&quot;:&quot;icon icon-arrowUp&quot;,&quot;arrowDownImg&quot;:&quot;icon icon-arrowDown&quot;,&quot;codeSection&quot;:{&quot;phoneCodeInputProps&quot;:{&quot;width&quot;:&quot;10.68rem&quot;,&quot;height&quot;:&quot;2.9rem&quot;,&quot;moveLabelOnFocusToTopBy&quot;:&quot;-11px&quot;,&quot;moveInputOnFocusToBottomBy&quot;:&quot;11px&quot;,&quot;inputType&quot;:&quot;text&quot;,&quot;label&quot;:&quot;Search for Countries&quot;,&quot;backgroundColor&quot;:&quot;#F7F7F7&quot;},&quot;searchImage&quot;:&quot;icon icon-searchv2&quot;,&quot;appendCountryCode&quot;:&quot;+&quot;,&quot;oopsText&quot;:&quot;Oops, No countries Found!&quot;},&quot;numberInputProps&quot;:{&quot;width&quot;:&quot;10.8rem&quot;,&quot;height&quot;:&quot;46px&quot;,&quot;moveLabelOnFocusToTopBy&quot;:&quot;-13px&quot;,&quot;moveInputOnFocusToBottomBy&quot;:&quot;13px&quot;,&quot;inputType&quot;:&quot;text&quot;,&quot;label&quot;:&quot;WhatsApp number&quot;,&quot;backgroundColor&quot;:&quot;#FFFFFF&quot;,&quot;maxLength&quot;:10}},&quot;qrData&quot;:{&quot;qrHeadText&quot;:&quot;Scan to download&quot;,&quot;qrImg&quot;:&quot;https://s1.rdbuz.com/web/images/homeV2/qrCode.svg&quot;,&quot;downloadText&quot;:&quot;Download the App on&quot;,&quot;downloadPlaystorImg&quot;:&quot;https://s2.rdbuz.com/web/images/homeV2/appinstall/playStore.svg&quot;,&quot;downloadAppStorImg&quot;:&quot;https://s3.rdbuz.com/web/images/homeV2/appinstall/appStore.svg&quot;,&quot;playStoreLink&quot;:&quot;https://play.google.com/store/apps/details?id=in.redbus.android&amp;hl=en_IN&amp;gl=US&amp;pli=1&quot;,&quot;appStoreLink&quot;:&quot;https://apps.apple.com/in/app/redbus-bus-booking-app/id733712604&quot;,&quot;playStoreImgStyle&quot;:{&quot;height&quot;:&quot;42px&quot;,&quot;width&quot;:&quot;145px&quot;},&quot;appStoreImgDimension&quot;:{&quot;height&quot;:&quot;46px&quot;,&quot;width&quot;:&quot;147px&quot;}}},&quot;primo&quot;:{&quot;primoHeadImg&quot;:&quot;https://s1.rdbuz.com/web/images/homeV2/primoSection/primoTopBanner.svg&quot;,&quot;primoSubSection&quot;:[{&quot;img&quot;:&quot;https://s2.rdbuz.com/web/images/homeV2/primoSection/primoSubImg1.svg&quot;,&quot;headText&quot;:&quot;1 of 5 buses qualify&quot;,&quot;subText&quot;:&quot;Primo’s strict safety qualification ensures a safer travel for you&quot;,&quot;altName&quot;:&quot; Primo Bus Booking&quot;,&quot;titleName&quot;:&quot;Primo Bus Booking&quot;},{&quot;img&quot;:&quot;https://s3.rdbuz.com/web/images/homeV2/primoSection/primoSubImg2.svg&quot;,&quot;headText&quot;:&quot;Preferred by 90%&quot;,&quot;subText&quot;:&quot;90% of travellers re-book Primo buses for its punctuality and comfort&quot;,&quot;altName&quot;:&quot;Primo Bus Booking&quot;,&quot;titleName&quot;:&quot;Primo Bus Booking&quot;},{&quot;img&quot;:&quot;https://s2.rdbuz.com/web/images/homeV2/primoSection/primoSubImg3.svg&quot;,&quot;headText&quot;:&quot;9 Lac+ monthly travellers&quot;,&quot;subText&quot;:&quot;In 2022, 9 Lac+ people traveled with Primo every month&quot;,&quot;altName&quot;:&quot;Primo Bus Booking&quot;,&quot;titleName&quot;:&quot;Primo Bus Booking&quot;}]},&quot;rtcPartners&quot;:{&quot;viewAllText&quot;:&quot;View All&quot;,&quot;partnedWithText&quot;:&quot;PARTNERED WITH&quot;,&quot;partnerWithSubHead&quot;:&quot;26 RTCs&quot;,&quot;imgWidthHeight&quot;:&quot;6rem&quot;,&quot;textpadding&quot;:&quot;.6rem 2rem&quot;,&quot;viewAllLink&quot;:&quot;https://www.redbus.in/online-booking/rtc-directory&quot;,&quot;rtcData&quot;:[{&quot;img&quot;:&quot;https://s3.rdbuz.com/buslogos/country/ind/logo_group/27000.png&quot;,&quot;rtcName&quot;:&quot;KSRTC&quot;,&quot;link&quot;:&quot;https://www.redbus.in/online-booking/ksrtc-karnataka&quot;,&quot;altName&quot;:&quot; KSRTC Karnataka Bus Online Booking&quot;,&quot;titleName&quot;:&quot;KSRTC Karnataka Bus Online Booking&quot;},{&quot;img&quot;:&quot;https://s3.rdbuz.com/buslogos/country/ind/logo_group/10283.png&quot;,&quot;rtcName&quot;:&quot;APSRTC&quot;,&quot;link&quot;:&quot;https://www.redbus.in/online-booking/apsrtc&quot;,&quot;altName&quot;:&quot; APSRTC Bus Online Booking&quot;,&quot;titleName&quot;:&quot;APSRTC Bus Online Booking&quot;},{&quot;img&quot;:&quot;https://s3.rdbuz.com/web/images/homeV2/rtc/GSRTC.svg&quot;,&quot;rtcName&quot;:&quot;GSRTC&quot;,&quot;link&quot;:&quot;https://www.redbus.in/online-booking/gsrtc&quot;,&quot;altName&quot;:&quot; GSRTC Bus Online Booking&quot;,&quot;titleName&quot;:&quot;GSRTC Bus Online Booking&quot;},{&quot;img&quot;:&quot;https://s3.rdbuz.com/Images/carousel/TSRTC.png&quot;,&quot;rtcName&quot;:&quot;TSRTC&quot;,&quot;link&quot;:&quot;https://www.redbus.in/online-booking/tsrtc&quot;,&quot;altName&quot;:&quot; TSRTC Bus Online Booking&quot;,&quot;titleName&quot;:&quot;TSRTC Bus Online Booking&quot;},{&quot;img&quot;:&quot;https://s3.rdbuz.com/web/images/homeV2/rtc/KERALA-RTC.svg&quot;,&quot;rtcName&quot;:&quot;Kerala RTC&quot;,&quot;link&quot;:&quot;https://www.redbus.in/online-booking/ksrtc-kerala&quot;,&quot;altName&quot;:&quot; Kerala RTC Bus Online Booking&quot;,&quot;titleName&quot;:&quot;Kerala RTC Bus Online Booking&quot;},{&quot;img&quot;:&quot;https://s3.rdbuz.com/buslogos/country/ind/logo_group/16426.png&quot;,&quot;rtcName&quot;:&quot;SBSTC&quot;,&quot;link&quot;:&quot;https://www.redbus.in/online-booking/south-bengal-state-transport-corporation-sbstc&quot;,&quot;altName&quot;:&quot; SBSTC Bus Online Booking&quot;,&quot;titleName&quot;:&quot;SBSTC Bus Online Booking&quot;},{&quot;img&quot;:&quot;https://s3.rdbuz.com/web/images/homeV2/rtc/RSRTC.svg&quot;,&quot;rtcName&quot;:&quot;RSRTC&quot;,&quot;link&quot;:&quot;https://www.redbus.in/online-booking/rsrtc&quot;,&quot;altName&quot;:&quot; RSRTC Bus Online Booking&quot;,&quot;titleName&quot;:&quot;RSRTC Bus Online Booking&quot;},{&quot;img&quot;:&quot;https://s3.rdbuz.com/web/images/homeV2/rtc/UPSRTC.svg&quot;,&quot;rtcName&quot;:&quot;UPSRTC&quot;,&quot;link&quot;:&quot;https://www.redbus.in/online-booking/upsrtc&quot;,&quot;altName&quot;:&quot; UPSRTC Bus Online Booking&quot;,&quot;titleName&quot;:&quot;UPSRTC Bus Online Booking&quot;}]},&quot;privatePartner&quot;:{&quot;headText&quot;:&quot;4500+ Private Bus Operators&quot;,&quot;viewAllText&quot;:&quot;View All&quot;,&quot;viewAllLink&quot;:&quot;https://www.redbus.in/travels/operators-directory&quot;,&quot;operatorData&quot;:[{&quot;operatorName&quot;:&quot;SRS Travels&quot;,&quot;link&quot;:&quot;https://www.redbus.in/travels/srs-travels-srs&quot;},{&quot;operatorName&quot;:&quot;Kallada Travels&quot;,&quot;link&quot;:&quot;https://www.redbus.in/travels/kallada-travels-kallada&quot;},{&quot;operatorName&quot;:&quot;KPN Travels&quot;,&quot;link&quot;:&quot;https://www.redbus.in/travels/kpn-travels-kpn&quot;},{&quot;operatorName&quot;:&quot;Orange Travels&quot;,&quot;link&quot;:&quot;https://www.redbus.in/travels/orange-travels-orange&quot;},{&quot;operatorName&quot;:&quot;Parveen Travels&quot;,&quot;link&quot;:&quot;https://www.redbus.in/travels/parveen-travels&quot;},{&quot;operatorName&quot;:&quot;Rajdhani Express&quot;,&quot;link&quot;:&quot;https://www.redbus.in/travels/rajdhani-express&quot;},{&quot;operatorName&quot;:&quot;VRL Travels&quot;,&quot;link&quot;:&quot;https://www.redbus.in/travels/vrl-travels-vrl&quot;},{&quot;operatorName&quot;:&quot;Chartered Speed Bus&quot;,&quot;link&quot;:&quot;https://www.redbus.in/travels/chartered-bus&quot;},{&quot;operatorName&quot;:&quot;Bengal Tiger&quot;,&quot;link&quot;:&quot;https://www.redbus.in/travels/bengal-tiger&quot;},{&quot;operatorName&quot;:&quot;SRM Travels&quot;,&quot;link&quot;:&quot;https://www.redbus.in/travels//srm-travels-srm&quot;},{&quot;operatorName&quot;:&quot;Infant Jesus&quot;,&quot;link&quot;:&quot;https://www.redbus.in/travels/infant-jesus&quot;},{&quot;operatorName&quot;:&quot;Patel Travels&quot;,&quot;link&quot;:&quot;https://www.redbus.in/travels/patel-travels-lufthanza-9940&quot;},{&quot;operatorName&quot;:&quot;JBT Travels&quot;,&quot;link&quot;:&quot;https://www.redbus.in/travels/jbt-travels&quot;},{&quot;operatorName&quot;:&quot;Shatabdi Travels&quot;,&quot;link&quot;:&quot;https://www.redbus.in/travels/shatabdi-travels-1&quot;},{&quot;operatorName&quot;:&quot;Eagle Travels&quot;,&quot;link&quot;:&quot;https://www.redbus.in/travels/eagle-travels&quot;},{&quot;operatorName&quot;:&quot;Kanker Roadways&quot;,&quot;link&quot;:&quot;https://www.redbus.in/travels/kanker-roadways-10172&quot;},{&quot;operatorName&quot;:&quot;Komitla&quot;,&quot;link&quot;:&quot;https://www.redbus.in/travels/komitla&quot;},{&quot;operatorName&quot;:&quot;Sri Krishna Travels&quot;,&quot;link&quot;:&quot;https://www.redbus.in/travels/sri-krishna-travels&quot;},{&quot;operatorName&quot;:&quot;Humsafar Travels&quot;,&quot;link&quot;:&quot;https://www.redbus.in/travels/humsafar-travels-9807&quot;},{&quot;operatorName&quot;:&quot;Mahasagar Travels&quot;,&quot;link&quot;:&quot;https://www.redbus.in/travels/mahasagar-travels-mahasagar&quot;},{&quot;operatorName&quot;:&quot;Raj Express&quot;,&quot;link&quot;:&quot;https://www.redbus.in/travels/raj-express-1&quot;},{&quot;operatorName&quot;:&quot;Sharma Travels&quot;,&quot;link&quot;:&quot;https://www.redbus.in/travels/sharma-travels&quot;},{&quot;operatorName&quot;:&quot;Shrinath Travels&quot;,&quot;link&quot;:&quot;https://www.redbus.in/travels/shrinath-travels-agency-online&quot;}]},&quot;faq&quot;:{&quot;faqHeadText&quot;:&quot;FREQUENTY ASKED QUESTIONS&quot;,&quot;plusIcon&quot;:&quot;icon icon-plusv2&quot;,&quot;minusIcon&quot;:&quot;icon icon-minusv2&quot;,&quot;faqconfigData&quot;:[{&quot;tileName&quot;:&quot;General&quot;,&quot;Data&quot;:[{&quot;head&quot;:&quot;Can I track the location of my booked bus online?&quot;,&quot;points&quot;:&quot;&lt;p&gt; Yes, you can track your &lt;b&gt; bus online &lt;/b&gt; by using our bus tracking app feature called &lt;a class=\&quot;blueTextNormal\&quot; href=\&quot;https://www.redbus.in/info/track-my-bus\&quot;&gt;Track My Bus&lt;/a&gt;. This feature allows passengers and their families to track the live bus tracking location. You may follow your bus on a map and use the information to plan your trip to the boarding point and to get off at the correct stop. Family and friends may also check the bus position to plan pick-ups and ensure your safety. &lt;/p&gt;&quot;},{&quot;head&quot;:&quot;What are the advantages of purchasing a bus ticket with redBus?&quot;,&quot;points&quot;:&quot;&lt;p&gt; There are many advantages to purchasing &lt;b&gt; online bus tickets &lt;/b&gt; with redBus. redBus is India’s most trusted bus ticket company, where you can book any type of private or Government owned buses. redBus allows you to find the different types of buses, choose the preferred bus seats, and your nearest boarding and dropping points. You can also filter the buses based on timings like morning, evening bus etc. &lt;/p&gt;&quot;},{&quot;head&quot;:&quot;Why book bus tickets online on redBus?&quot;,&quot;points&quot;:&quot;&lt;p&gt; Booking &lt;b&gt; bus tickets online &lt;/b&gt; on redBus is increasingly becoming the preferred choice for travelers due to its numerous advantages over traditional methods.With redBus, customers can book their &lt;b&gt; bus tickets &lt;/b&gt; effortlessly from the comfort of their homes, avoiding the inconvenience of standing in long lines at bus stations or travel agencies. &lt;b&gt; Online bus booking &lt;/b&gt; not only offers the luxury of comparing different bus schedules and operators but also presents various discount offers and exclusive deals, resulting in significant savings. &lt;br&gt;&lt;br&gt;&lt;/p&gt;&lt;p class=\&quot;MarT10\&quot;&gt;Payment security is another notable feature of online booking, which ensures that your financial information is well-protected against fraud. Additionally, customers get the privilege to pick their seats, providing a customized travel experience.&lt;b&gt; Online bus booking &lt;/b&gt; platforms give real-time updates about any changes in the bus timetable, including delays or cancellations, enabling better planning. &lt;br&gt;&lt;br&gt;&lt;/p&gt;&lt;p class=\&quot;MarT10\&quot;&gt;The convenience doesn&#039;t stop here; travelers can even compare onboard amenities like charging points or snacks, further enhancing the travel experience. &lt;br&gt;&lt;/p&gt;&quot;},{&quot;head&quot;:&quot;Do I need to create an account on the redBus site to book my bus ticket?&quot;,&quot;points&quot;:&quot;&lt;p&gt; No, you don’t have to create an account on redBus site to book your bus ticket. But it is advisable to create one to accelerate the process next time you want to book &lt;b&gt; bus tickets&lt;/b&gt;. Also redBus has many discounts and offers that you can easily access if you have an account with us.&lt;/p&gt;&quot;},{&quot;head&quot;:&quot;Does bus booking online cost me more?&quot;,&quot;points&quot;:&quot;&lt;p&gt;Not at all! The price of the &lt;b&gt; bus ticket &lt;/b&gt; is the same as you would get from the bus operator/ counter of any &lt;b&gt; bus ticket agency&lt;/b&gt;. Redbus reduces the travel budget by comparing the &lt;b&gt; bus ticket &lt;/b&gt; prices among various operators, making it a more cost-effective choice. Therefore, &lt;b&gt; online bus booking &lt;/b&gt; is increasingly being recognized as a more convenient, efficient, and economical mode of securing travel arrangements. &lt;/p&gt;&quot;},{&quot;head&quot;:&quot;How can I get the discounts on the bus booking?&quot;,&quot;points&quot;:&quot;&lt;p&gt; To get the discount on &lt;b&gt; bus booking &lt;/b&gt; please visit: https://www.redbus.in/info/OfferTerms and check the available offers. Copy the coupon code and paste it during checkout to avail the discount.&lt;/p&gt;&quot;},{&quot;head&quot;:&quot;What&#039;s New in Bus Booking on redBus?&quot;,&quot;points&quot;:&quot;&lt;p&gt;Primo &lt;b&gt;Bus Ticket&lt;/b&gt;: redBus has launched Primo bus services, where passengers can enjoy traveling in high-rated buses with best-in-class services. While looking for&lt;b&gt; bus tickets&lt;/b&gt; on the desired route, customers can check the Primo tag to choose this excellent service. From hygiene standards to on-time service and comfort, passengers can benefit from &lt;b&gt; online bus booking &lt;/b&gt;experience from Primo buses.&lt;/p&gt;&quot;},{&quot;head&quot;:&quot;Can I book a Government bus ticket on redBus?&quot;,&quot;points&quot;:&quot;&lt;p&gt; Yes, you can book government &lt;b&gt; bus tickets &lt;/b&gt; on redBus. redBus has extended its &lt;b&gt; bus booking &lt;/b&gt; services to many RTCs in India. Some of these RTCs are &lt;a class=\&quot;blueTextNormal\&quot; href=\&quot;https://www.redbus.in/online-booking/apsrtc\&quot;&gt; Andhra Pradesh State Road Transport Corporation&lt;/a&gt;(APSRTC), &lt;a class=\&quot;blueTextNormal\&quot; href=\&quot;https://www.redbus.in/online-booking/astc\&quot;&gt; Assam State Transport Corporation&lt;/a&gt;(ASTC), &lt;a class=\&quot;blueTextNormal\&quot; href=\&quot;https://www.redbus.in/online-booking/bihar-state-tourism-development-corporation\&quot;&gt;Bihar State Tourism Development Corporation&lt;/a&gt;(BSTDC), &lt;a class=\&quot;blueTextNormal\&quot; href=\&quot;https://www.redbus.in/online-booking/hrtc\&quot;&gt;Himachal Road Transport Corporation&lt;/a&gt; (HRTC), &lt;a class=\&quot;blueTextNormal\&quot; href=\&quot;https://www.redbus.in/online-booking/jksrtc\&quot;&gt;Jammu and Kashmir State Road Transport Corporation&lt;/a&gt;(JKSRTC), &lt;a class=\&quot;blueTextNormal\&quot; href=\&quot;https://www.redbus.in/online-booking/ksrtc-kerala\&quot;&gt;Kerala RTC,&lt;/a&gt;  &lt;a class=\&quot;blueTextNormal\&quot; href=\&quot;https://www.redbus.in/online-booking/ktcl\&quot;&gt;Kadamba Transport Corporation&lt;/a&gt;(KTCL), &lt;a class=\&quot;blueTextNormal\&quot; href=\&quot;https://www.redbus.in/online-booking/pepsu\&quot;&gt;Patiala and the East Punjab States Union&lt;/a&gt;(PEPSU), &lt;a class=\&quot;blueTextNormal\&quot; href=\&quot;https://www.redbus.in/online-booking/puducherry-road-transport-corporation-prtc\&quot;&gt;Puducherry Road Transport Corporation&lt;/a&gt; (PRTC), &lt;a class=\&quot;blueTextNormal\&quot; href=\&quot;https://www.redbus.in/online-booking/rsrtc\&quot;&gt;Rajasthan State Road Transport Corporation&lt;/a&gt; (RSRTC),&lt;a class=\&quot;blueTextNormal\&quot; href=\&quot;https://www.redbus.in/online-booking/south-bengal-state-transport-corporation-sbstc\&quot;&gt; South Bengal State Transport Corporation&lt;/a&gt; (SBSTC), &lt;a class=\&quot;blueTextNormal\&quot; href=\&quot;https://www.redbus.in/online-booking/utc\&quot;&gt;Uttarakhand Transport Corporation&lt;/a&gt; (UTC),&lt;a class=\&quot;blueTextNormal\&quot; href=\&quot;https://www.redbus.in/online-booking/west-bengal-transport-corporation\&quot;&gt; West Bengal Transport Corporation&lt;/a&gt; [WBTC (CTC)],&lt;a class=\&quot;blueTextNormal\&quot; href=\&quot;https://www.redbus.in/online-booking/north-bengal-state-transport-corporation\&quot;&gt; North Bengal State Transport Corporation&lt;/a&gt; (NBSTC). &lt;/p&gt;&quot;}]},{&quot;tileName&quot;:&quot;Ticket-related&quot;,&quot;Data&quot;:[{&quot;head&quot;:&quot;How can I book bus tickets on redBus?&quot;,&quot;points&quot;:&quot; &lt;p&gt; &lt;b&gt;Bus ticket Booking &lt;/b&gt; is very easy on redBus. To book the bus tickets go to the main page, enter your source city and destination city, in the “From” and “To” fields respectively. Enter travel date and hit the search button. Now you will see the list of buses that are available on the given bus route. You can use the filter option , such as duration, fare, bus type, etc to rearrange the list accordingly. This makes it easier for the customer to book their &lt;b&gt; bus ticket online &lt;/b&gt; with redBus.&lt;/p&gt;&quot;},{&quot;head&quot;:&quot;Can I change the date of my journey after I have booked my bus ticket?&quot;,&quot;points&quot;:&quot;&lt;p&gt; Yes. You can change the date of journey after &lt;b&gt; booking bus ticket &lt;/b&gt; on redBus by clicking the “Reschedule” icon if you think your travel plan might get interrupted while booking . Bus operators with the “Reschedule icon” next to it offer rescheduling of the &lt;b&gt; bus ticket &lt;/b&gt; in case your initially selected date is not viable to travel on.&lt;/p&gt;&quot;},{&quot;head&quot;:&quot;Is it mandatory to take a printout of the ticket?&quot;,&quot;points&quot;:&quot; &lt;p class=\&quot;XCN\&quot;&gt; It depends on the bus operator you have booked your &lt;b&gt; online bus tickets &lt;/b&gt; with. Even mTickets are available on redBus. For operators that support mTickets, the SMS that is sent to your mobile can be produced at the time of boarding and you will be allowed to travel. &lt;br&gt;&lt;br&gt;&lt;/p&gt;&lt;p &gt;For operators that do not support mTickets it is a must to take a printout of the e-ticket and produce it at the time of boarding. The e-ticket is sent to the e-mail ID provided at the time of boarding.&lt;br&gt;&lt;br&gt;&lt;/p&gt;&lt;p class=\&quot;XCN\&quot;&gt;To know which operators are mTicket enabled, look for the mTicket icon &lt;span class=\&quot;icon-mticket\&quot; style=\&quot;font-size: 20px;\&quot;&gt;&lt;/span&gt; under the mTicket column while searching for buses. &lt;/p&gt;&quot;},{&quot;head&quot;:&quot;I&#039;ve lost my ticket. What should I do now?&quot;,&quot;points&quot;:&quot; &lt;p&gt; A copy of the &lt;b&gt; bus ticket &lt;/b&gt; would have been sent to you by email when you booked &lt;b&gt; bus ticket online &lt;/b&gt;. Please take a printout of that mail and produce it at the time of boarding. If you have not received the ticket e-mail, please call any of our call centers and our executive will resend you a copy by mail.&lt;/p&gt;&quot;},{&quot;head&quot;:&quot;What is an mTicket?&quot;,&quot;points&quot;:&quot;&lt;p&gt; An mTicket is an SMS that is sent to your mobile on &lt;b&gt;booking bus tickets &lt;/b&gt;  with select private bus operators. This SMS has the TIN number and the PNR number along with other ticket related information. It can be used to board the bus. Please note that not all operators accept mTickets. To know which operators are mTicket enabled, look for the mTicket icon &lt;span class=\&quot;icon-mticket\&quot; style=\&quot;font-size: 20px;\&quot;&gt;&lt;/span&gt; under the mTicket column while searching for buses. &lt;br&gt;&lt;/p&gt;&quot;},{&quot;head&quot;:&quot;I didn’t receive my mTicket. Can you resend it?&quot;,&quot;points&quot;:&quot;&lt;p&gt; You can generate your mTicket online. To generate m-Ticket online click on the Print/SMS ticket link on the redbus home page on www.redBus.in. Enter your TIN number mentioned on the e-ticket we emailed you. Choose the SMS option and click on Submit. In case you don’t have a copy of the e-ticket either, contact our call center and our executive will assist you.&lt;/p&gt;&quot;},{&quot;head&quot;:&quot;I entered the wrong mobile number while booking. Can I get my mTicket on a different number?&quot;,&quot;points&quot;:&quot;&lt;p&gt; Yes, you can get the m-Ticket on the different numbers.To get the M-Ticket on the different number  please contact redBus call center and our customer executive will send you the mTicket on your desired number. &lt;/p&gt;&quot;}]},{&quot;tileName&quot;:&quot;Payment&quot;,&quot;Data&quot;:[{&quot;head&quot;:&quot;Is it safe to use my credit or debit card to buy bus tickets on redBus?&quot;,&quot;points&quot;:&quot;&lt;p&gt;Transactions on redBus are very safe. We employ the best-in-class security and the transactions done are secure. Apart from being certified by Verisign, redBus uses Secure Socket Layers (SSL) data encryption. Using SSL ensures that the information exchanged with us is never transmitted unencrypted, thus protecting the information from being viewed by unauthorized individuals.&lt;/p&gt;&quot;},{&quot;head&quot;:&quot;Does the owner of the credit card/debit card with which the bus ticket is purchased need to be one of the passengers?&quot;,&quot;points&quot;:&quot;&lt;p&gt; Not at all! A passenger can use any debit or credit card to pay for the &lt;b&gt; bus ticket &lt;/b&gt;, not necessarily their own. However, please note that the passenger in whose name the ticket is booked should carry a proof of his identity (along with the ticket) at the time of boarding the bus.&lt;/p&gt;&quot;},{&quot;head&quot;:&quot;What are the different payment options available on Bus Ticket booking?&quot;,&quot;points&quot;:&quot;&lt;p&gt; There are many payment modes available to &lt;b&gt; book buses &lt;/b&gt; on the redBus website and app. Some of these payment modes that are available for the &lt;b&gt; bus ticket booking &lt;/b&gt; process are: &lt;/p&gt;&lt;ul style=\&quot;list-style-type: disc; padding-left: 7%;\&quot;&gt;&lt;li&gt;Debit Card/Credit Card/ATM Cards (Visa, MasterCard, Maestro &amp; Rupay)&lt;/li&gt;&lt;li&gt;Net Banking (HDFC Bank, ICICI Bank, Indian Bank, Axis Bank, SBI and all major banks)&lt;/li&gt;&lt;li&gt;UPI (Google Pay, Amazon Pay, PhonePe)&lt;/li&gt;&lt;li&gt;Book Now, Pay Later (Simpl)&lt;/li&gt;&lt;li&gt;Wallets (Paytm) &lt;/li&gt;&lt;/ul&gt;&lt;p&gt;Make sure to check the coupon code to get the discounts on &lt;b&gt;bus booking online&lt;/b&gt;, redBus offers a lot of redDeals to book the &lt;b&gt; bus ticket &lt;/b&gt; on budget. &lt;/p&gt;&quot;},{&quot;head&quot;:&quot;How does the transaction appear on my card / account statement?&quot;,&quot;points&quot;:&quot;&lt;p&gt; Transactions on redBus will appear as REDBUS.IN, &lt;a class=\&quot;blueTextNormal\&quot; href=\&quot;http://www.redbus.in\&quot;&gt;www.redbus.in&lt;/a&gt; in your bank statement. &lt;/p&gt;&quot;}]},{&quot;tileName&quot;:&quot;Cancellation &amp; Refund&quot;,&quot;Data&quot;:[{&quot;head&quot;:&quot;Can I cancel my bus ticket online?&quot;,&quot;points&quot;:&quot;&lt;p&gt; Yes you can cancel &lt;b&gt;bus tickets online&lt;/b&gt;, Most of the tickets can be canceled online. However, there are some &lt;b&gt; bus tickets&lt;/b&gt; that can only be canceled through our call center. &lt;br&gt;&lt;br&gt;&lt;/p&gt;&lt;p class=\&quot;MarT10\&quot;&gt; However please note that the cancellation fee and cancellation period may differ for specific bus services. Please contact any of our executives for cancellation details on any specific service.&lt;br&gt;&lt;/p&gt;&quot;},{&quot;head&quot;:&quot;How can I cancel my bus ticket online?&quot;,&quot;points&quot;:&quot;&lt;p&gt;To cancel the &lt;b&gt; bus ticket online &lt;/b&gt;, you need to click on the cancellation link provided on our home page. Enter your ticket number and the e-mail ID that was provided at the time of &lt;b&gt; bus booking &lt;/b&gt;and click on cancel ticket.&lt;/p&gt;&quot;},{&quot;head&quot;:&quot;I missed the bus. Do I get a refund? (Refund)&quot;,&quot;points&quot;:&quot;&lt;p&gt;redBus provides a 100% refund if the bus is missed due to either redBus or its partner company&#039;s fault. However, if the bus is missed due to any other reason not directly related to redBus no refund is provided.&lt;/p&gt;&quot;},{&quot;head&quot;:&quot;How can I get a refund in case I cancel my ticket? (Refund)&quot;,&quot;points&quot;:&quot;&lt;p&gt; The refund is provided as per cancellation policy of the operator. The refund can be credited to the source of payment (Example: debit card, credit card, net banking) or credited to redBus wallet. Wallet credit can be used for &lt;b&gt; bus booking &lt;/b&gt;in future (within 6 months of cancellation).&lt;/p&gt;&quot;},{&quot;head&quot;:&quot;What happens if the bus does not leave on time or is canceled?&quot;,&quot;points&quot;:&quot;&lt;p&gt; If your bus does not leave on time or is canceled, in such situations, you will need to consult the counter of the respective bus operators. You can also call the redBus customer care to discuss the appropriate actions.&lt;/p&gt;&quot;},{&quot;head&quot;:&quot;How can I reschedule my bus tickets?&quot;,&quot;points&quot;:&quot;&lt;p&gt; To reschedule your &lt;b&gt; bus ticket &lt;/b&gt; on redBus, follow these steps: &lt;ol style=\&quot;list-style-type:number; padding-left: 7%;\&quot;&gt; &lt;li&gt;Visit https://www.redbus.in/reschedule&lt;/li&gt; &lt;li&gt;Search for your &lt;b&gt; bus ticket &lt;/b&gt; by entering your ticket number and registered email ID.&lt;/li&gt; &lt;li&gt;Verify your &lt;b&gt;online bus tickets&lt;/b&gt; details and select the date to reschedule your journey.&lt;/li&gt; &lt;li&gt;Select a bus operator, verify every detail, and make your payment if any difference in &lt;b&gt; bus ticket &lt;/b&gt; prices needs to be cleared.&lt;/li&gt; &lt;/ol&gt;&lt;/p&gt;&quot;}]},{&quot;tileName&quot;:&quot;Insurance&quot;,&quot;Data&quot;:[{&quot;head&quot;:&quot;Details on Insurance&quot;,&quot;points&quot;:&quot;  &lt;p&gt;For details on Insurance of your journey after &lt;b&gt; bus ticket booking&lt;/b&gt;, please refer to the &lt;a href=\&quot;http://s1.rdbuz.com/apps/insurance-terms.html\&quot; target=\&quot;_blank\&quot;&gt;Insurance Terms &lt;/a&gt;&quot;}]}]},&quot;payInstruments&quot;:null,&quot;operatorLogos&quot;:null,&quot;statistics&quot;:null,&quot;globalPresence&quot;:{&quot;title&quot;:&quot;Global Presence&quot;,&quot;data&quot;:[{&quot;title&quot;:&quot;Colombia&quot;,&quot;imgUrl&quot;:&quot;https://s3.rdbuz.com/web/images/homeV2/LATAM/GlobalPresencev2/Colombia.svg&quot;,&quot;count&quot;:&quot;&quot;,&quot;redirectUrl&quot;:&quot;https://www.redbus.co&quot;,&quot;titleName&quot;:&quot;redBus Colombia&quot;,&quot;altName&quot;:&quot;redBus Colombia&quot;},{&quot;title&quot;:&quot;India&quot;,&quot;imgUrl&quot;:&quot;https://s3.rdbuz.com/web/images/homeV2/LATAM/GlobalPresencev2/India.svg&quot;,&quot;count&quot;:&quot;&quot;,&quot;redirectUrl&quot;:&quot;https://www.redbus.in&quot;,&quot;titleName&quot;:&quot;redBus India&quot;,&quot;altName&quot;:&quot;redBus India&quot;},{&quot;title&quot;:&quot;Indonesia&quot;,&quot;imgUrl&quot;:&quot;https://s3.rdbuz.com/web/images/homeV2/LATAM/GlobalPresencev2/Indonesia.svg&quot;,&quot;count&quot;:&quot;&quot;,&quot;redirectUrl&quot;:&quot;https://www.redbus.id&quot;,&quot;titleName&quot;:&quot;redBus Indonesia&quot;,&quot;altName&quot;:&quot;redBus Indonesia&quot;},{&quot;title&quot;:&quot;Malaysia&quot;,&quot;imgUrl&quot;:&quot;https://s3.rdbuz.com/web/images/homeV2/LATAM/GlobalPresencev2/Malaysia.svg&quot;,&quot;count&quot;:&quot;&quot;,&quot;redirectUrl&quot;:&quot;https://www.redbus.my&quot;,&quot;titleName&quot;:&quot;redBus Malaysia&quot;,&quot;altName&quot;:&quot;redBus Malaysia&quot;},{&quot;title&quot;:&quot;Peru&quot;,&quot;imgUrl&quot;:&quot;https://s3.rdbuz.com/web/images/homeV2/LATAM/GlobalPresencev2/Peru.svg&quot;,&quot;count&quot;:&quot;&quot;,&quot;redirectUrl&quot;:&quot;https://www.redbus.pe&quot;,&quot;titleName&quot;:&quot;redBus Peru&quot;,&quot;altName&quot;:&quot;redBus Peru&quot;},{&quot;title&quot;:&quot;Singapore&quot;,&quot;imgUrl&quot;:&quot;https://s3.rdbuz.com/web/images/homeV2/LATAM/GlobalPresencev2/Singapore.svg&quot;,&quot;count&quot;:&quot;&quot;,&quot;redirectUrl&quot;:&quot;https://www.redbus.sg&quot;,&quot;titleName&quot;:&quot;redBus Singapore&quot;,&quot;altName&quot;:&quot;redBus Singapore&quot;},{&quot;title&quot;:&quot;Vietnam&quot;,&quot;imgUrl&quot;:&quot;https://s3.rdbuz.com/web/images/homeV2/LATAM/GlobalPresence/Vietnam.svg&quot;,&quot;count&quot;:&quot;&quot;,&quot;redirectUrl&quot;:&quot;https://www.redbus.vn&quot;,&quot;titleName&quot;:&quot;redBus Vietnam&quot;,&quot;altName&quot;:&quot;redBus Vietnam&quot;},{&quot;title&quot;:&quot;Cambodia&quot;,&quot;imgUrl&quot;:&quot;https://s3.rdbuz.com/web/images/homeV2/LATAM/GlobalPresence/Cambodia.svg&quot;,&quot;count&quot;:&quot;&quot;,&quot;redirectUrl&quot;:&quot;https://www.redbus.com.kh&quot;,&quot;titleName&quot;:&quot;redBus Cambodia&quot;,&quot;altName&quot;:&quot;redBus Cambodia&quot;}]},&quot;appInstallData&quot;:null,&quot;lobSection&quot;:null,&quot;trustMarkers&quot;:null};
     var showAd = true;
     var IS_FERRY_CLTD_ENABLED = false;
    &lt;/script&gt;


        &lt;script&gt;
        var languageJSON = {&quot;primoBannerWebpImage&quot;:&quot;https://s3.rdbuz.com/images/webplatform/india/primoHomeBannerComp.webp&quot;,&quot;primoBannerImage&quot;:&quot;https://s3.rdbuz.com/images/webplatform/india/primoHomeBannerComp.png&quot;,&quot;isRTCImageNotFromApi&quot;:true,&quot;callPerz&quot;:true,&quot;enableSeoHome&quot;:true,&quot;seoHomePartialList&quot;:[&quot;C_103&quot;,&quot;C_254&quot;,&quot;C_404&quot;],&quot;seoHomeData&quot;:{&quot;title&quot;:&quot;Bus Ticket Booking Online made Easy, Secure with Top Bus Operators - redBus&quot;,&quot;metaDescription&quot;:&quot;Bus Tickets Online Booking at lowest rates, easy cancellation and get an instant refund with redBus, the worlds largest bus ticket booking brand. &quot;,&quot;partialData&quot;:[{&quot;uiComponentId&quot;:&quot;C_103&quot;,&quot;content&quot;:{&quot;heading&quot;:&quot;BOOK BUS TICKETS ONLINE&quot;,&quot;body&quot;:&quot;&lt;p&gt;redBus is India&#039;s largest brand for online bus ticket booking and offers an easy-to-use online bus and &lt;a href=\&quot;/train-tickets\&quot; target=\&quot;_self\&quot;&gt;train ticket &lt;/a&gt; booking; with over 36 million satisfied customers, 3500+ bus operators to choose from, and plenty of offers on bus ticket booking, redBus makes road journeys super convenient for travellers. A leading platform for booking bus tickets, redBus has been the leader in online bus booking over the past 17 years across thousands of cities and lakhs of routes in India.&lt;/p&gt;\n&lt;p&gt;Booking a bus ticket online on the redBus app or website is very simple. You can download the redBus app or visit redbus.in and enter your source, destination &amp;amp; travel date to check the top-rated bus services available. You can then compare bus prices, user ratings &amp;amp; amenities, select your preferred seat, boarding &amp;amp; dropping points and pay using multiple payment options like UPI, debit or credit card, net banking and more. With redBus, get assured safe &amp;amp; secure payment methods and guaranteed travel with the best seat and bus operator of your choice. Once the bus booking payment is confirmed, all you have to do is pack your bags and get ready to travel with the m-ticket, which you can show to the bus operator on your mobile before boarding the bus. Online bus ticket booking with redBus is that simple!&lt;/p&gt;\n&lt;p&gt;redBus also offers other exclusive benefits on online bus tickets like flexible ticket rescheduling options, easy &amp;amp; friendly cancellation policies, and instant payment refunds. With a live bus tracking feature, you can plan travel and never miss the bus. You can get the cheapest bus tickets by availing the best discounts for new &amp;amp; existing customers. With redDeals, you can also get exclusive &amp;amp; additional discounts on your online bus ticket booking. You will get 24/7 customer support on call, chat &amp;amp; help to resolve all your queries in English &amp;amp; local languages.&lt;/p&gt;\n&lt;p&gt;redBus offers Primo bus services, specially curated by redBus, which have highly rated buses and best-in-class service. With Primo by redBus, you can be assured of safe, comfortable, and on-time bus service at no additional cost. With multiple boarding and dropping points available across all major cities in India, you can select at your convenience and enjoy a smooth travel experience.&lt;/p&gt;\n&lt;p&gt;redBus operates in six countries, including India, Malaysia, Singapore, Indonesia, Peru, and Colombia. Through its website and app, it has sold over 220 million bus tickets worldwide. With over 36 million satisfied customers, redBus is committed to providing its users with a world-class online bus booking experience.&lt;/p&gt;\n&lt;p&gt;redBus offers bus tickets from some of the top private bus operators, such as Orange Travels, VRL Travels, SRS Travels, Chartered Bus, and Praveen Travels, and state government bus operators, such as APSRTC, TSRTC, GSRTC, Kerala RTC, TNSTC, RSRTC, UPSRTC, and more. With redBus, customers can easily book bus tickets for different bus types, such as AC/non-AC, Sleeper, Seater, Volvo, Multi-axle, AC Sleeper, Electric buses, and more.&lt;/p&gt;\n&quot;,&quot;subHeading&quot;:null,&quot;var1&quot;:&quot;Read more&quot;,&quot;var2&quot;:&quot;Read less&quot;,&quot;var3&quot;:null,&quot;label1&quot;:null,&quot;value1&quot;:null,&quot;label2&quot;:null,&quot;value2&quot;:null,&quot;label3&quot;:null,&quot;value3&quot;:null,&quot;imageUrl&quot;:null,&quot;faqList&quot;:null,&quot;dataList&quot;:null},&quot;headerType&quot;:&quot;h2&quot;},{&quot;uiComponentId&quot;:&quot;C_254&quot;,&quot;content&quot;:{&quot;heading&quot;:&quot;Bus Booking redDeals on redBus &quot;,&quot;body&quot;:&quot;&lt;p&gt;Don&#039;t miss out on these incredible offers, book your bus tickets now and travel with convenience and affordability. Hurry, grab the best bus booking deals before they&#039;re gone!&lt;/p&gt;\n&quot;,&quot;subHeading&quot;:&quot;Unlock Unbeatable Exclusive&quot;,&quot;var1&quot;:&quot; redDeals!&quot;,&quot;var2&quot;:&quot;20% OFF&quot;,&quot;var3&quot;:&quot;Book now&quot;,&quot;label1&quot;:&quot;Deals&quot;,&quot;value1&quot;:&quot;3224&quot;,&quot;label2&quot;:&quot;Bus Operators&quot;,&quot;value2&quot;:&quot;1424&quot;,&quot;label3&quot;:&quot;Routes&quot;,&quot;value3&quot;:&quot;233611&quot;,&quot;imageUrl&quot;:&quot;https://st.redbus.in/seo/common/redDeals_bg.webp&quot;,&quot;faqList&quot;:null,&quot;dataList&quot;:null},&quot;headerType&quot;:&quot;h2&quot;},{&quot;uiComponentId&quot;:&quot;C_404&quot;,&quot;content&quot;:{&quot;heading&quot;:&quot;FAQs related to Bus Tickets Booking&quot;,&quot;body&quot;:null,&quot;subHeading&quot;:null,&quot;var1&quot;:null,&quot;var2&quot;:null,&quot;var3&quot;:null,&quot;label1&quot;:null,&quot;value1&quot;:null,&quot;label2&quot;:null,&quot;value2&quot;:null,&quot;label3&quot;:null,&quot;value3&quot;:null,&quot;imageUrl&quot;:null,&quot;faqList&quot;:[{&quot;subHeading&quot;:&quot;General&quot;,&quot;qaList&quot;:[{&quot;queType&quot;:&quot;General&quot;,&quot;que&quot;:&quot;Can I track the location of my booked bus online?&quot;,&quot;ans&quot;:&quot;&lt;p&gt;Yes, you can track your bus online by using our bus tracking app feature called “Track My Bus”. This feature allows passengers and their families to track the live bus location. You may follow your bus on a map and use the information to plan your trip to the boarding point and to get off at the correct stop. Family and friends may also check the bus position to schedule pick-ups and ensure safety.&lt;/p&gt;&quot;},{&quot;queType&quot;:&quot;General&quot;,&quot;que&quot;:&quot;What are the advantages of purchasing a bus ticket with redBus?&quot;,&quot;ans&quot;:&quot;&lt;p&gt;There are many advantages to purchasing online bus tickets with redBus. redBus is India’s most trusted bus ticket company, where you can book any type of private or government-owned bus. redBus allows you to find the different types of buses, choose the preferred bus seats, and find your nearest boarding and dropping points. You can also filter the buses based on timings, like morning, evening, etc.&amp;nbsp;&lt;/p&gt;&quot;},{&quot;queType&quot;:&quot;General&quot;,&quot;que&quot;:&quot;Why book bus tickets online on redBus?&quot;,&quot;ans&quot;:&quot;&lt;p&gt;Booking bus tickets online on redBus is increasingly becoming the preferred choice for travellers due to its numerous advantages over traditional methods. With redBus, customers can book their bus tickets effortlessly from the comfort of their homes, avoiding the inconvenience of standing in long lines at bus stations or travel agencies. Online bus booking offers the luxury of comparing different bus schedules and operators and presents various discount offers and exclusive deals, resulting in significant savings. Payment security is another notable feature of online booking, which ensures that your financial information is well-protected against fraud. Additionally, customers can pick their seats, providing a customized travel experience. Online bus booking platforms give real-time updates about any changes in the bus timetable, including delays or cancellations, enabling better planning. The convenience doesn&#039;t stop here; travellers can even compare onboard amenities like charging points or snacks, further enhancing the travel experience.&lt;/p&gt;&quot;},{&quot;queType&quot;:&quot;General&quot;,&quot;que&quot;:&quot;Do I need to create an account on the redBus site to book my bus ticket? &quot;,&quot;ans&quot;:&quot;&lt;p&gt;No, you don’t have to create an account on the redBus site to book your bus ticket. But it is advisable to make one to accelerate the process next time you want to book bus tickets. Also, redBus has many discounts and offers that you can easily access if you have an account with us.&lt;/p&gt;&quot;},{&quot;queType&quot;:&quot;General&quot;,&quot;que&quot;:&quot;Does bus booking online cost me more?&quot;,&quot;ans&quot;:&quot;&lt;p&gt;Not at all! The bus ticket price is the same as you would get from the bus operator/ counter of any bus ticket agency. redbus reduces the travel budget by comparing the bus ticket prices among various operators, making it a more cost-effective choice. Therefore, online bus booking is increasingly recognized as a more convenient, efficient, and economical mode of securing travel arrangements.&lt;/p&gt;&quot;},{&quot;queType&quot;:&quot;General&quot;,&quot;que&quot;:&quot;How can I get the discounts on the bus booking?&quot;,&quot;ans&quot;:&quot;&lt;p&gt;To get a discount on bus booking, please visit https://www.redbus.in/info/OfferTerms and check the available offers. Copy the coupon code and paste it during checkout to avail of the discount.&lt;/p&gt;&quot;},{&quot;queType&quot;:&quot;General&quot;,&quot;que&quot;:&quot;What&#039;s New in Bus Booking on redBus?&quot;,&quot;ans&quot;:&quot;&lt;p&gt;Primo Bus Ticket: redBus has launched Primo bus services, where passengers can enjoy travelling in high-rated buses with best-in-class services. While looking for bus tickets on the desired route, customers can check the Primo tag to choose this excellent service. From hygiene standards to on-time service and comfort, passengers can benefit from the online bus booking experience from Primo buses.&lt;/p&gt;&quot;},{&quot;queType&quot;:&quot;General&quot;,&quot;que&quot;:&quot;Can I book a Government bus ticket on redBus?&quot;,&quot;ans&quot;:&quot;&lt;p&gt;Yes, you can book government bus tickets on redBus. redBus has extended its bus booking services to many RTCs in India. Some of these RTCs are &lt;a href=\&quot;https://www.redbus.in/online-booking/apsrtc\&quot; target=\&quot;_self\&quot;&gt;Andhra Pradesh State Road Transport Corporation &lt;/a&gt;(APSRTC),&lt;a href=\&quot;https://www.redbus.in/online-booking/astc\&quot; target=\&quot;_self\&quot;&gt; Assam State Transport Corporation&lt;/a&gt; (ASTC), &lt;a href=\&quot;https://www.redbus.in/online-booking/bihar-state-tourism-development-corporation\&quot; target=\&quot;_self\&quot;&gt;Bihar State Tourism Development Corporation &lt;/a&gt;(BSTDC), &lt;a href=\&quot;https://www.redbus.in/online-booking/hrtc\&quot; target=\&quot;_self\&quot;&gt;Himachal Road Transport Corporation&lt;/a&gt; (HRTC), J&lt;a href=\&quot;https://www.redbus.in/online-booking/jksrtc\&quot; target=\&quot;_self\&quot;&gt;ammu and Kashmir State Road Transport Corporation&lt;/a&gt; (JKSRTC), &lt;a href=\&quot;https://www.redbus.in/online-booking/ksrtc-kerala\&quot; target=\&quot;_self\&quot;&gt;Kerala RTC&lt;/a&gt;, &lt;a href=\&quot;https://www.redbus.in/online-booking/ktcl\&quot; target=\&quot;_self\&quot;&gt;Kadamba Transport Corporation&lt;/a&gt; (KTCL), &lt;a href=\&quot;https://www.redbus.in/online-booking/pepsu\&quot; target=\&quot;_self\&quot;&gt;Patiala and the East Punjab States Union&lt;/a&gt; (PEPSU),&lt;a href=\&quot;https://www.redbus.in/online-booking/puducherry-road-transport-corporation-prtc\&quot; target=\&quot;_self\&quot;&gt; Puducherry Road Transport Corporation&lt;/a&gt; (PRTC), &lt;a href=\&quot;https://www.redbus.in/online-booking/rsrtc\&quot; target=\&quot;_self\&quot;&gt;Rajasthan State Road Transport Corporation&lt;/a&gt; (RSRTC), &lt;a href=\&quot;https://www.redbus.in/online-booking/south-bengal-state-transport-corporation-sbstc\&quot; target=\&quot;_self\&quot;&gt;South Bengal State Transport Corporation&lt;/a&gt; (SBSTC), &lt;a href=\&quot;https://www.redbus.in/online-booking/utc\&quot; target=\&quot;_self\&quot;&gt;Uttarakhand Transport Corporation&lt;/a&gt; (UTC), &lt;a href=\&quot;https://www.redbus.in/online-booking/west-bengal-transport-corporation\&quot; target=\&quot;_self\&quot;&gt;West Bengal Transport Corporation&lt;/a&gt; WBTC (CTC), &lt;a href=\&quot;https://www.redbus.in/online-booking/north-bengal-state-transport-corporation\&quot; target=\&quot;_self\&quot;&gt;North Bengal State Transport Corporation &lt;/a&gt;(NBSTC) &lt;a href=\&quot;https://www.redbus.in/online-booking/chandigarh-transport-undertaking-ctu\&quot; target=\&quot;_self\&quot;&gt;Chandigarh Transport Undertaking (CTU)&lt;/a&gt;&amp;nbsp;&lt;/p&gt;&quot;}]},{&quot;subHeading&quot;:&quot;Ticket-related&quot;,&quot;qaList&quot;:[{&quot;queType&quot;:&quot;Ticket-related&quot;,&quot;que&quot;:&quot;How can I book bus tickets on redBus? &quot;,&quot;ans&quot;:&quot;&lt;p&gt;Bus ticket Booking is effortless on redBus. To book the bus tickets, go to the main page and enter your source city and destination city in the “From” and “To” fields, respectively. Enter the travel date and hit the search button. Now, you will see the bus list available on the given bus route. You can use the filter option, such as duration, fare, bus type, etc., to rearrange the list accordingly. This makes it easier for customers to book their bus tickets online with redBus.&lt;/p&gt;&quot;},{&quot;queType&quot;:&quot;Ticket-related&quot;,&quot;que&quot;:&quot;Can I change the date of my journey after I have booked my bus ticket?&quot;,&quot;ans&quot;:&quot;&lt;p&gt;Yes. You can change the journey date after booking a bus ticket on redBus by clicking the “Reschedule” icon if your travel plan might get interrupted while booking. Bus operators with the “Reschedule icon” next to it offer rescheduling of the bus ticket in case your initially selected date is not viable to travel on.&lt;/p&gt;&quot;},{&quot;queType&quot;:&quot;Ticket-related&quot;,&quot;que&quot;:&quot;Is it mandatory to take a printout of the ticket?&quot;,&quot;ans&quot;:&quot;&lt;p&gt;It depends on the bus operator you have booked your online bus tickets with. Even mTickets are available on redBus. For operators that support mTickets, the SMS that is sent to your mobile can be produced at the time of boarding and you will be allowed to travel.For operators that do not support mTickets it is a must to take a printout of the e-ticket and produce it at the time of boarding. The e-ticket is sent to the e-mail ID provided at the time of boarding.To know which operators are mTicket enabled, look for the mTicket icon under the mTicket column while searching for buses.&lt;/p&gt;&quot;},{&quot;queType&quot;:&quot;Ticket-related&quot;,&quot;que&quot;:&quot;I&#039;ve lost my ticket. What should I do now?&quot;,&quot;ans&quot;:&quot;&lt;p&gt;A copy of the bus ticket would have been sent to you by email when you booked bus ticket online. Please take a printout of that mail and produce it at the time of boarding. If you have not received the ticket e-mail, please call any of our call centers and our executive will resend you a copy by mail.&lt;/p&gt;&quot;},{&quot;queType&quot;:&quot;Ticket-related&quot;,&quot;que&quot;:&quot;What is an mTicket?&quot;,&quot;ans&quot;:&quot;&lt;p&gt;An mTicket is an SMS that is sent to your mobile on booking bus tickets with select private bus operators. This SMS has the TIN number and the PNR number along with other ticket related information. It can be used to board the bus. Please note that not all operators accept mTickets. To know which operators are mTicket enabled, look for the mTicket icon  under the mTicket column while searching for buses.&lt;/p&gt;&quot;},{&quot;queType&quot;:&quot;Ticket-related&quot;,&quot;que&quot;:&quot;I didn’t receive my mTicket. Can you resend it?&quot;,&quot;ans&quot;:&quot;&lt;p&gt;You can generate your mTicket online. To generate m-Ticket online click on the Print/SMS ticket link on the redbus home page on www.redBus.in. Enter your TIN number mentioned on the e-ticket we emailed you. Choose the SMS option and click on Submit. In case you don’t have a copy of the e-ticket either, contact our call center and our executive will assist you.&lt;/p&gt;&quot;},{&quot;queType&quot;:&quot;Ticket-related&quot;,&quot;que&quot;:&quot;I entered the wrong mobile number while booking. Can I get my mTicket on a different number?&quot;,&quot;ans&quot;:&quot;&lt;p&gt;Yes, you can get the m-Ticket on the different numbers.To get the M-Ticket on the different number  please contact redBus call center and our customer executive will send you the mTicket on your desired number.&lt;/p&gt;&quot;}]},{&quot;subHeading&quot;:&quot;Payment&quot;,&quot;qaList&quot;:[{&quot;queType&quot;:&quot;Payment&quot;,&quot;que&quot;:&quot;Is it safe to use my credit or debit card to buy bus tickets on redBus? &quot;,&quot;ans&quot;:&quot;&lt;p&gt;Transactions on redBus are very safe. We employ the best-in-class security and the transactions done are secure. Apart from being certified by Verisign, redBus uses Secure Socket Layers (SSL) data encryption. Using SSL ensures that the information exchanged with us is never transmitted unencrypted, thus protecting the information from being viewed by unauthorized individuals.&lt;/p&gt;&quot;},{&quot;queType&quot;:&quot;Payment&quot;,&quot;que&quot;:&quot;Does the owner of the credit card/debit card with which the bus ticket is purchased need to be one of the passengers?&quot;,&quot;ans&quot;:&quot;&lt;p&gt;Not at all! A passenger can use any debit or credit card to pay for the bus ticket, not necessarily their own. However, please note that the passenger in whose name the ticket is booked should carry a proof of his identity (along with the ticket) at the time of boarding the bus.&lt;/p&gt;&quot;},{&quot;queType&quot;:&quot;Payment&quot;,&quot;que&quot;:&quot;What are the different payment options available on Bus Ticket booking?&quot;,&quot;ans&quot;:&quot;&lt;ul&gt;&lt;li&gt;There are many payment modes available to book buses on the redBus website and app. Some of these payment modes that are available for the bus ticket booking process are:Debit Card/Credit Card/ATM Cards (Visa, MasterCard, Maestro &amp;amp; Rupay)&lt;/li&gt;&lt;li&gt;Net Banking (HDFC Bank, ICICI Bank, Indian Bank, Axis Bank, SBI and all major banks)&lt;/li&gt;&lt;li&gt;UPI (Google Pay, Amazon Pay, PhonePe)&amp;nbsp;&lt;/li&gt;&lt;li&gt;Book Now, Pay Later (Simpl)&lt;/li&gt;&lt;li&gt;Wallets (Paytm)Make sure to check the coupon code to get the discounts on bus booking online, redBus offers a lot of redDeals to book the bus ticket on budget.&lt;/li&gt;&lt;/ul&gt;&quot;},{&quot;queType&quot;:&quot;Payment&quot;,&quot;que&quot;:&quot;How does the transaction appear on my card / account statement?&quot;,&quot;ans&quot;:&quot;&lt;p&gt;Transactions on redBus will appear as REDBUS.IN, &lt;a href=\&quot;http://www.redbus.in/\&quot; target=\&quot;_self\&quot;&gt;www.redbus.in&lt;/a&gt; in your bank statement.&lt;/p&gt;&quot;}]},{&quot;subHeading&quot;:&quot;Cancellation &amp; Refund&quot;,&quot;qaList&quot;:[{&quot;queType&quot;:&quot;Cancellation &amp; Refund&quot;,&quot;que&quot;:&quot;Can I cancel my bus ticket online? &quot;,&quot;ans&quot;:&quot;&lt;p&gt;Yes you can cancel bus tickets online, Most of the tickets can be canceled online. However, there are some bus tickets that can only be canceled through our call center.However please note that the cancellation fee and cancellation period may differ for specific bus services. Please contact any of our executives for cancellation details on any specific service.&lt;/p&gt;&quot;},{&quot;queType&quot;:&quot;Cancellation &amp; Refund&quot;,&quot;que&quot;:&quot;How can I cancel my bus ticket online?&quot;,&quot;ans&quot;:&quot;&lt;p&gt;To cancel the bus ticket online, you need to click on the cancellation link provided on our home page. Enter your ticket number and the e-mail ID that was provided at the time of bus booking and click on cancel ticket.&lt;/p&gt;&quot;},{&quot;queType&quot;:&quot;Cancellation &amp; Refund&quot;,&quot;que&quot;:&quot;I missed the bus. Do I get a refund? &quot;,&quot;ans&quot;:&quot;&lt;p&gt;redBus provides a 100% refund if the bus is missed due to either redBus or its partner company&#039;s fault. However, if the bus is missed due to any other reason not directly related to redBus no refund is provided.&lt;/p&gt;&quot;},{&quot;queType&quot;:&quot;Cancellation &amp; Refund&quot;,&quot;que&quot;:&quot;How can I get a refund in case I cancel my ticket? &quot;,&quot;ans&quot;:&quot;&lt;p&gt;The refund is provided as per cancellation policy of the operator. The refund can be credited to the source of payment (Example: debit card, credit card, net banking) or credited to redBus wallet. Wallet credit can be used for bus booking in future (within 6 months of cancellation).&lt;/p&gt;&quot;},{&quot;queType&quot;:&quot;Cancellation &amp; Refund&quot;,&quot;que&quot;:&quot;What happens if the bus does not leave on time or is canceled? &quot;,&quot;ans&quot;:&quot;&lt;p&gt;If your bus does not leave on time or is canceled, in such situations, you will need to consult the counter of the respective bus operators. You can also call the redBus customer care to discuss the appropriate actions.&lt;/p&gt;&quot;},{&quot;queType&quot;:&quot;Cancellation &amp; Refund&quot;,&quot;que&quot;:&quot;How can I reschedule my bus tickets?&quot;,&quot;ans&quot;:&quot;&lt;ol&gt;&lt;li&gt;To reschedule your bus ticket on redBus, follow these steps: Visit &lt;a href=\&quot;https://www.redbus.in/reschedule\&quot; target=\&quot;_self\&quot;&gt;https://www.redbus.in/reschedule &lt;/a&gt;&lt;/li&gt;&lt;li&gt;Search for your bus ticket by entering your ticket number and registered email ID.&amp;nbsp;&lt;/li&gt;&lt;li&gt;Verify your online bus ticket details and select the date to reschedule your journey.&amp;nbsp;&lt;/li&gt;&lt;li&gt;Select a bus operator, verify every detail, and make your payment if any difference in bus ticket prices needs to be cleared.&lt;/li&gt;&lt;/ol&gt;&quot;}]},{&quot;subHeading&quot;:&quot;Insurance&quot;,&quot;qaList&quot;:[{&quot;queType&quot;:&quot;Insurance&quot;,&quot;que&quot;:&quot;Details on Insurance&quot;,&quot;ans&quot;:&quot;&lt;p&gt;For details on Insurance of your journey after bus ticket booking, please refer to the &lt;a href=\&quot;http://s1.rdbuz.com/apps/insurance-terms.html\&quot; target=\&quot;_self\&quot;&gt;Insurance Terms&lt;/a&gt;&lt;/p&gt;&quot;}]}],&quot;dataList&quot;:null},&quot;headerType&quot;:&quot;h2&quot;},{&quot;uiComponentId&quot;:&quot;C_155&quot;,&quot;content&quot;:{&quot;heading&quot;:&quot;Popular Bus Routes&quot;,&quot;body&quot;:null,&quot;subHeading&quot;:null,&quot;var1&quot;:null,&quot;var2&quot;:null,&quot;var3&quot;:null,&quot;label1&quot;:null,&quot;value1&quot;:null,&quot;label2&quot;:null,&quot;value2&quot;:null,&quot;label3&quot;:null,&quot;value3&quot;:null,&quot;imageUrl&quot;:null,&quot;faqList&quot;:null,&quot;dataList&quot;:[{&quot;url&quot;:&quot;https://www.redbus.in/bus-tickets/delhi-to-manali&quot;,&quot;name&quot;:&quot;Delhi To Manali Bus&quot;,&quot;tooltip&quot;:null,&quot;customAttributes&quot;:null,&quot;isMoreLink&quot;:false},{&quot;url&quot;:&quot;https://www.redbus.in/bus-tickets/delhi-to-rishikesh&quot;,&quot;name&quot;:&quot;Delhi To Rishikesh Bus&quot;,&quot;tooltip&quot;:null,&quot;customAttributes&quot;:null,&quot;isMoreLink&quot;:false},{&quot;url&quot;:&quot;https://www.redbus.in/bus-tickets/delhi-to-shimla&quot;,&quot;name&quot;:&quot;Delhi To Shimla Bus&quot;,&quot;tooltip&quot;:null,&quot;customAttributes&quot;:null,&quot;isMoreLink&quot;:false},{&quot;url&quot;:&quot;https://www.redbus.in/bus-tickets/delhi-to-nainital&quot;,&quot;name&quot;:&quot;Delhi To Nainital Bus&quot;,&quot;tooltip&quot;:null,&quot;customAttributes&quot;:null,&quot;isMoreLink&quot;:false},{&quot;url&quot;:&quot;https://www.redbus.in/bus-tickets/delhi-to-katra&quot;,&quot;name&quot;:&quot;Delhi To Katra Bus&quot;,&quot;tooltip&quot;:null,&quot;customAttributes&quot;:null,&quot;isMoreLink&quot;:false},{&quot;url&quot;:&quot;https://www.redbus.in/bus-tickets/bangalore-to-goa&quot;,&quot;name&quot;:&quot;Bangalore To Goa Bus&quot;,&quot;tooltip&quot;:null,&quot;customAttributes&quot;:null,&quot;isMoreLink&quot;:false},{&quot;url&quot;:&quot;https://www.redbus.in/bus-tickets/bangalore-to-hyderabad&quot;,&quot;name&quot;:&quot;Bangalore To Hyderabad Bus&quot;,&quot;tooltip&quot;:null,&quot;customAttributes&quot;:null,&quot;isMoreLink&quot;:false},{&quot;url&quot;:&quot;https://www.redbus.in/bus-tickets/bangalore-to-tirupathi&quot;,&quot;name&quot;:&quot;Bangalore To Tirupathi Bus&quot;,&quot;tooltip&quot;:null,&quot;customAttributes&quot;:null,&quot;isMoreLink&quot;:false},{&quot;url&quot;:&quot;https://www.redbus.in/bus-tickets/bangalore-to-chennai&quot;,&quot;name&quot;:&quot;Bangalore To Chennai Bus&quot;,&quot;tooltip&quot;:null,&quot;customAttributes&quot;:null,&quot;isMoreLink&quot;:false},{&quot;url&quot;:&quot;https://www.redbus.in/bus-tickets/bangalore-to-pondicherry&quot;,&quot;name&quot;:&quot;Bangalore To Pondicherry Bus&quot;,&quot;tooltip&quot;:null,&quot;customAttributes&quot;:null,&quot;isMoreLink&quot;:false},{&quot;url&quot;:&quot;https://www.redbus.in/bus-tickets/hyderabad-to-bangalore&quot;,&quot;name&quot;:&quot;Hyderabad To Bangalore Bus&quot;,&quot;tooltip&quot;:null,&quot;customAttributes&quot;:null,&quot;isMoreLink&quot;:false},{&quot;url&quot;:&quot;https://www.redbus.in/bus-tickets/hyderabad-to-goa&quot;,&quot;name&quot;:&quot;Hyderabad To Goa Bus&quot;,&quot;tooltip&quot;:null,&quot;customAttributes&quot;:null,&quot;isMoreLink&quot;:false},{&quot;url&quot;:&quot;https://www.redbus.in/bus-tickets/hyderabad-to-srisailam&quot;,&quot;name&quot;:&quot;Hyderabad To Srisailam Bus&quot;,&quot;tooltip&quot;:null,&quot;customAttributes&quot;:null,&quot;isMoreLink&quot;:false},{&quot;url&quot;:&quot;https://www.redbus.in/bus-tickets/hyderabad-to-vijayawada&quot;,&quot;name&quot;:&quot;Hyderabad To Vijayawada Bus&quot;,&quot;tooltip&quot;:null,&quot;customAttributes&quot;:null,&quot;isMoreLink&quot;:false},{&quot;url&quot;:&quot;https://www.redbus.in/bus-tickets/hyderabad-to-tirupathi&quot;,&quot;name&quot;:&quot;Hyderabad To Tirupathi Bus&quot;,&quot;tooltip&quot;:null,&quot;customAttributes&quot;:null,&quot;isMoreLink&quot;:false},{&quot;url&quot;:&quot;https://www.redbus.in/bus-tickets/pune-to-goa&quot;,&quot;name&quot;:&quot;Pune To Goa Bus&quot;,&quot;tooltip&quot;:null,&quot;customAttributes&quot;:null,&quot;isMoreLink&quot;:false},{&quot;url&quot;:&quot;https://www.redbus.in/bus-tickets/pune-to-mumbai&quot;,&quot;name&quot;:&quot;Pune To Mumbai Bus&quot;,&quot;tooltip&quot;:null,&quot;customAttributes&quot;:null,&quot;isMoreLink&quot;:false},{&quot;url&quot;:&quot;https://www.redbus.in/bus-tickets/pune-to-nagpur&quot;,&quot;name&quot;:&quot;Pune To Nagpur Bus&quot;,&quot;tooltip&quot;:null,&quot;customAttributes&quot;:null,&quot;isMoreLink&quot;:false},{&quot;url&quot;:&quot;https://www.redbus.in/bus-tickets/pune-to-kolhapur-maharashtra&quot;,&quot;name&quot;:&quot;Pune To Kolhapur Bus&quot;,&quot;tooltip&quot;:null,&quot;customAttributes&quot;:null,&quot;isMoreLink&quot;:false},{&quot;url&quot;:&quot;https://www.redbus.in/bus-tickets/pune-to-nashik&quot;,&quot;name&quot;:&quot;Pune To Nashik Bus&quot;,&quot;tooltip&quot;:null,&quot;customAttributes&quot;:null,&quot;isMoreLink&quot;:false},{&quot;url&quot;:&quot;https://www.redbus.in/bus-tickets/mumbai-to-goa&quot;,&quot;name&quot;:&quot;Mumbai To Goa Bus&quot;,&quot;tooltip&quot;:null,&quot;customAttributes&quot;:null,&quot;isMoreLink&quot;:false},{&quot;url&quot;:&quot;https://www.redbus.in/bus-tickets/mumbai-to-pune&quot;,&quot;name&quot;:&quot;Mumbai To Pune Bus&quot;,&quot;tooltip&quot;:null,&quot;customAttributes&quot;:null,&quot;isMoreLink&quot;:false},{&quot;url&quot;:&quot;https://www.redbus.in/bus-tickets/mumbai-to-shirdi&quot;,&quot;name&quot;:&quot;Mumbai To Shirdi Bus&quot;,&quot;tooltip&quot;:null,&quot;customAttributes&quot;:null,&quot;isMoreLink&quot;:false},{&quot;url&quot;:&quot;https://www.redbus.in/bus-tickets/mumbai-to-mahabaleshwar&quot;,&quot;name&quot;:&quot;Mumbai To Mahabaleshwar Bus&quot;,&quot;tooltip&quot;:null,&quot;customAttributes&quot;:null,&quot;isMoreLink&quot;:false},{&quot;url&quot;:&quot;https://www.redbus.in/bus-tickets/mumbai-to-kolhapur-maharashtra&quot;,&quot;name&quot;:&quot;Mumbai To Kolhapur Bus&quot;,&quot;tooltip&quot;:null,&quot;customAttributes&quot;:null,&quot;isMoreLink&quot;:false},{&quot;url&quot;:&quot;https://www.redbus.in/bus-tickets/kolkata-to-digha&quot;,&quot;name&quot;:&quot;Kolkata To Digha Bus&quot;,&quot;tooltip&quot;:null,&quot;customAttributes&quot;:null,&quot;isMoreLink&quot;:false},{&quot;url&quot;:&quot;https://www.redbus.in/bus-tickets/kolkata-to-siliguri&quot;,&quot;name&quot;:&quot;Kolkata To Siliguri Bus&quot;,&quot;tooltip&quot;:null,&quot;customAttributes&quot;:null,&quot;isMoreLink&quot;:false},{&quot;url&quot;:&quot;https://www.redbus.in/bus-tickets/kolkata-to-puri&quot;,&quot;name&quot;:&quot;Kolkata To Puri Bus&quot;,&quot;tooltip&quot;:null,&quot;customAttributes&quot;:null,&quot;isMoreLink&quot;:false},{&quot;url&quot;:&quot;https://www.redbus.in/bus-tickets/kolkata-to-bakkhali&quot;,&quot;name&quot;:&quot;Kolkata To Bakkhali Bus&quot;,&quot;tooltip&quot;:null,&quot;customAttributes&quot;:null,&quot;isMoreLink&quot;:false},{&quot;url&quot;:&quot;https://www.redbus.in/bus-tickets/kolkata-to-mandarmani&quot;,&quot;name&quot;:&quot;Kolkata To Mandarmani Bus&quot;,&quot;tooltip&quot;:null,&quot;customAttributes&quot;:null,&quot;isMoreLink&quot;:false},{&quot;url&quot;:&quot;https://www.redbus.in/bus-tickets/chennai-to-bangalore&quot;,&quot;name&quot;:&quot;Chennai To Bangalore Bus&quot;,&quot;tooltip&quot;:null,&quot;customAttributes&quot;:null,&quot;isMoreLink&quot;:false},{&quot;url&quot;:&quot;https://www.redbus.in/bus-tickets/chennai-to-pondicherry&quot;,&quot;name&quot;:&quot;Chennai To Pondicherry Bus&quot;,&quot;tooltip&quot;:null,&quot;customAttributes&quot;:null,&quot;isMoreLink&quot;:false},{&quot;url&quot;:&quot;https://www.redbus.in/bus-tickets/chennai-to-coimbatore&quot;,&quot;name&quot;:&quot;Chennai To Coimbatore Bus&quot;,&quot;tooltip&quot;:null,&quot;customAttributes&quot;:null,&quot;isMoreLink&quot;:false},{&quot;url&quot;:&quot;https://www.redbus.in/bus-tickets/chennai-to-madurai&quot;,&quot;name&quot;:&quot;Chennai To Madurai Bus&quot;,&quot;tooltip&quot;:null,&quot;customAttributes&quot;:null,&quot;isMoreLink&quot;:false},{&quot;url&quot;:&quot;https://www.redbus.in/bus-tickets/chennai-to-tirupathi&quot;,&quot;name&quot;:&quot;Chennai To Tirupathi Bus&quot;,&quot;tooltip&quot;:null,&quot;customAttributes&quot;:null,&quot;isMoreLink&quot;:false},{&quot;url&quot;:&quot;https://www.redbus.in/bus-tickets/chandigarh-to-manali&quot;,&quot;name&quot;:&quot;Chandigarh To Manali Bus&quot;,&quot;tooltip&quot;:null,&quot;customAttributes&quot;:null,&quot;isMoreLink&quot;:false},{&quot;url&quot;:&quot;https://www.redbus.in/bus-tickets/chandigarh-to-shimla&quot;,&quot;name&quot;:&quot;Chandigarh To Shimla Bus&quot;,&quot;tooltip&quot;:null,&quot;customAttributes&quot;:null,&quot;isMoreLink&quot;:false},{&quot;url&quot;:&quot;https://www.redbus.in/bus-tickets/chandigarh-to-delhi&quot;,&quot;name&quot;:&quot;Chandigarh To Delhi Bus&quot;,&quot;tooltip&quot;:null,&quot;customAttributes&quot;:null,&quot;isMoreLink&quot;:false},{&quot;url&quot;:&quot;https://www.redbus.in/bus-tickets/chandigarh-to-dehradun&quot;,&quot;name&quot;:&quot;Chandigarh To Dehradun Bus&quot;,&quot;tooltip&quot;:null,&quot;customAttributes&quot;:null,&quot;isMoreLink&quot;:false},{&quot;url&quot;:&quot;https://www.redbus.in/bus-tickets/chandigarh-to-amritsar&quot;,&quot;name&quot;:&quot;Chandigarh To Amritsar Bus&quot;,&quot;tooltip&quot;:null,&quot;customAttributes&quot;:null,&quot;isMoreLink&quot;:false},{&quot;url&quot;:&quot;https://www.redbus.in/bus-tickets/coimbatore-to-chennai&quot;,&quot;name&quot;:&quot;Coimbatore To Chennai Bus&quot;,&quot;tooltip&quot;:null,&quot;customAttributes&quot;:null,&quot;isMoreLink&quot;:false},{&quot;url&quot;:&quot;https://www.redbus.in/bus-tickets/coimbatore-to-bangalore&quot;,&quot;name&quot;:&quot;Coimbatore To Bangalore Bus&quot;,&quot;tooltip&quot;:null,&quot;customAttributes&quot;:null,&quot;isMoreLink&quot;:false},{&quot;url&quot;:&quot;https://www.redbus.in/bus-tickets/coimbatore-to-ooty&quot;,&quot;name&quot;:&quot;Coimbatore To Ooty Bus&quot;,&quot;tooltip&quot;:null,&quot;customAttributes&quot;:null,&quot;isMoreLink&quot;:false},{&quot;url&quot;:&quot;https://www.redbus.in/bus-tickets/coimbatore-to-tiruchendur&quot;,&quot;name&quot;:&quot;Coimbatore To Tiruchendur Bus&quot;,&quot;tooltip&quot;:null,&quot;customAttributes&quot;:null,&quot;isMoreLink&quot;:false},{&quot;url&quot;:&quot;https://www.redbus.in/bus-tickets/coimbatore-to-madurai&quot;,&quot;name&quot;:&quot;Coimbatore To Madurai Bus&quot;,&quot;tooltip&quot;:null,&quot;customAttributes&quot;:null,&quot;isMoreLink&quot;:false},{&quot;url&quot;:&quot;https://www.redbus.in/bus-tickets/agra-to-bareilly&quot;,&quot;name&quot;:&quot;Agra to Bareilly Bus&quot;,&quot;tooltip&quot;:null,&quot;customAttributes&quot;:null,&quot;isMoreLink&quot;:false},{&quot;url&quot;:&quot;https://www.redbus.in/bus-tickets/hisar-to-chandigarh&quot;,&quot;name&quot;:&quot;Hisar to Chandigarh Bus&quot;,&quot;tooltip&quot;:null,&quot;customAttributes&quot;:null,&quot;isMoreLink&quot;:false},{&quot;url&quot;:&quot;https://www.redbus.in/bus-tickets/hisar-to-delhi&quot;,&quot;name&quot;:&quot;Hisar to Delhi Bus &quot;,&quot;tooltip&quot;:null,&quot;customAttributes&quot;:null,&quot;isMoreLink&quot;:false},{&quot;url&quot;:&quot;https://www.redbus.in/bus-tickets/lucknow-to-ballia&quot;,&quot;name&quot;:&quot;Lucknow to Ballia Bus&quot;,&quot;tooltip&quot;:null,&quot;customAttributes&quot;:null,&quot;isMoreLink&quot;:false},{&quot;url&quot;:&quot;https://www.redbus.in/bus-tickets/lucknow-to-moradabad&quot;,&quot;name&quot;:&quot;Lucknow to Moradabad Bus&quot;,&quot;tooltip&quot;:null,&quot;customAttributes&quot;:null,&quot;isMoreLink&quot;:false},{&quot;url&quot;:&quot;https://www.redbus.in/bus-tickets/rajkot-to-dwarka&quot;,&quot;name&quot;:&quot;Rajkot to Dwarka Bus&quot;,&quot;tooltip&quot;:null,&quot;customAttributes&quot;:null,&quot;isMoreLink&quot;:false},{&quot;url&quot;:&quot;https://www.redbus.in/bus-tickets/siliguri-to-gangtok&quot;,&quot;name&quot;:&quot;Siliguri to Gangtok Bus&quot;,&quot;tooltip&quot;:null,&quot;customAttributes&quot;:null,&quot;isMoreLink&quot;:false},{&quot;url&quot;:&quot;https://www.redbus.in/bus-tickets/ahmedabad-to-goa&quot;,&quot;name&quot;:&quot;Ahmedabad to Goa Bus&quot;,&quot;tooltip&quot;:null,&quot;customAttributes&quot;:null,&quot;isMoreLink&quot;:false},{&quot;url&quot;:&quot;https://www.redbus.in/bus-tickets/ahmedabad-to-kanpur&quot;,&quot;name&quot;:&quot;Ahmedabad to Kanpur Bus&quot;,&quot;tooltip&quot;:null,&quot;customAttributes&quot;:null,&quot;isMoreLink&quot;:false},{&quot;url&quot;:&quot;https://www.redbus.in/bus-tickets/akola-to-pune&quot;,&quot;name&quot;:&quot;Akola to Pune Bus&quot;,&quot;tooltip&quot;:null,&quot;customAttributes&quot;:null,&quot;isMoreLink&quot;:false}]},&quot;headerType&quot;:&quot;h3&quot;},{&quot;uiComponentId&quot;:&quot;C_155&quot;,&quot;content&quot;:{&quot;heading&quot;:&quot;Popular Cities&quot;,&quot;body&quot;:null,&quot;subHeading&quot;:null,&quot;var1&quot;:null,&quot;var2&quot;:null,&quot;var3&quot;:null,&quot;label1&quot;:null,&quot;value1&quot;:null,&quot;label2&quot;:null,&quot;value2&quot;:null,&quot;label3&quot;:null,&quot;value3&quot;:null,&quot;imageUrl&quot;:null,&quot;faqList&quot;:null,&quot;dataList&quot;:[{&quot;url&quot;:&quot;buses/hyderabad-bus-tickets&quot;,&quot;name&quot;:&quot;Hyderabad Bus Ticket Booking&quot;,&quot;tooltip&quot;:null,&quot;customAttributes&quot;:null,&quot;isMoreLink&quot;:false},{&quot;url&quot;:&quot;buses/bangalore-bus-tickets&quot;,&quot;name&quot;:&quot;Bangalore Bus Ticket Booking&quot;,&quot;tooltip&quot;:null,&quot;customAttributes&quot;:null,&quot;isMoreLink&quot;:false},{&quot;url&quot;:&quot;buses/chennai-bus-tickets&quot;,&quot;name&quot;:&quot;Chennai Bus Ticket Booking&quot;,&quot;tooltip&quot;:null,&quot;customAttributes&quot;:null,&quot;isMoreLink&quot;:false},{&quot;url&quot;:&quot;buses/pune-bus-tickets&quot;,&quot;name&quot;:&quot;Pune Bus Tickets Booking&quot;,&quot;tooltip&quot;:null,&quot;customAttributes&quot;:null,&quot;isMoreLink&quot;:false},{&quot;url&quot;:&quot;buses/delhi-bus-tickets&quot;,&quot;name&quot;:&quot;Delhi Bus Ticket Booking&quot;,&quot;tooltip&quot;:null,&quot;customAttributes&quot;:null,&quot;isMoreLink&quot;:false},{&quot;url&quot;:&quot;buses/mumbai-bus-tickets&quot;,&quot;name&quot;:&quot;Mumbai Bus Ticket Booking&quot;,&quot;tooltip&quot;:null,&quot;customAttributes&quot;:null,&quot;isMoreLink&quot;:false},{&quot;url&quot;:&quot;buses/kolkata-bus-tickets&quot;,&quot;name&quot;:&quot;Kolkata Bus Ticket Booking&quot;,&quot;tooltip&quot;:null,&quot;customAttributes&quot;:null,&quot;isMoreLink&quot;:false},{&quot;url&quot;:&quot;buses/ernakulam-bus-tickets&quot;,&quot;name&quot;:&quot;Ernakulam Bus Ticket Booking&quot;,&quot;tooltip&quot;:null,&quot;customAttributes&quot;:null,&quot;isMoreLink&quot;:false},{&quot;url&quot;:&quot;buses/ahmedabad-bus-tickets&quot;,&quot;name&quot;:&quot;Ahmedabad Bus Ticket Booking&quot;,&quot;tooltip&quot;:null,&quot;customAttributes&quot;:null,&quot;isMoreLink&quot;:false},{&quot;url&quot;:&quot;buses/vijayawada-bus-tickets&quot;,&quot;name&quot;:&quot;Vijayawada Bus Ticket Booking&quot;,&quot;tooltip&quot;:null,&quot;customAttributes&quot;:null,&quot;isMoreLink&quot;:false},{&quot;url&quot;:&quot;buses/jaipur-bus-tickets&quot;,&quot;name&quot;:&quot;Jaipur Bus Ticket Booking&quot;,&quot;tooltip&quot;:null,&quot;customAttributes&quot;:null,&quot;isMoreLink&quot;:false},{&quot;url&quot;:&quot;buses/indore-bus-tickets&quot;,&quot;name&quot;:&quot;Indore Bus Ticket Booking&quot;,&quot;tooltip&quot;:null,&quot;customAttributes&quot;:null,&quot;isMoreLink&quot;:false},{&quot;url&quot;:&quot;buses/lucknow-bus-tickets&quot;,&quot;name&quot;:&quot;Lucknow Bus Ticket Booking&quot;,&quot;tooltip&quot;:null,&quot;customAttributes&quot;:null,&quot;isMoreLink&quot;:false},{&quot;url&quot;:&quot;buses/bhopal-bus-tickets&quot;,&quot;name&quot;:&quot;Bhopal Bus Ticket Booking&quot;,&quot;tooltip&quot;:null,&quot;customAttributes&quot;:null,&quot;isMoreLink&quot;:false}]},&quot;headerType&quot;:&quot;h3&quot;},{&quot;uiComponentId&quot;:&quot;C_155&quot;,&quot;content&quot;:{&quot;heading&quot;:&quot;Popular Bus Operators&quot;,&quot;body&quot;:null,&quot;subHeading&quot;:null,&quot;var1&quot;:null,&quot;var2&quot;:null,&quot;var3&quot;:null,&quot;label1&quot;:null,&quot;value1&quot;:null,&quot;label2&quot;:null,&quot;value2&quot;:null,&quot;label3&quot;:null,&quot;value3&quot;:null,&quot;imageUrl&quot;:null,&quot;faqList&quot;:null,&quot;dataList&quot;:[{&quot;url&quot;:&quot;https://www.redbus.in/travels/no-1-air-travels&quot;,&quot;name&quot;:&quot;No 1 Air Travels&quot;,&quot;tooltip&quot;:null,&quot;customAttributes&quot;:null,&quot;isMoreLink&quot;:false},{&quot;url&quot;:&quot;https://www.redbus.in/travels/ybm-travels&quot;,&quot;name&quot;:&quot;YBM Travels&quot;,&quot;tooltip&quot;:null,&quot;customAttributes&quot;:null,&quot;isMoreLink&quot;:false},{&quot;url&quot;:&quot;https://www.redbus.in/travels/sri-sms-travels&quot;,&quot;name&quot;:&quot;Sri SMS Travels&quot;,&quot;tooltip&quot;:null,&quot;customAttributes&quot;:null,&quot;isMoreLink&quot;:false},{&quot;url&quot;:&quot;https://www.redbus.in/travels/svkdt-travels&quot;,&quot;name&quot;:&quot;Svkdt Travels&quot;,&quot;tooltip&quot;:null,&quot;customAttributes&quot;:null,&quot;isMoreLink&quot;:false},{&quot;url&quot;:&quot;https://www.redbus.in/travels/rkt-tours-and-travels&quot;,&quot;name&quot;:&quot;RKT Tours and Travels&quot;,&quot;tooltip&quot;:null,&quot;customAttributes&quot;:null,&quot;isMoreLink&quot;:false},{&quot;url&quot;:&quot;https://www.redbus.in/travels/royal-cars&quot;,&quot;name&quot;:&quot;Royal Cars&quot;,&quot;tooltip&quot;:null,&quot;customAttributes&quot;:null,&quot;isMoreLink&quot;:false},{&quot;url&quot;:&quot;https://www.redbus.in/travels/rahul-travels&quot;,&quot;name&quot;:&quot;Rahul Travels&quot;,&quot;tooltip&quot;:null,&quot;customAttributes&quot;:null,&quot;isMoreLink&quot;:false},{&quot;url&quot;:&quot;https://www.redbus.in/travels/jbt-travels&quot;,&quot;name&quot;:&quot;JBT Travels&quot;,&quot;tooltip&quot;:null,&quot;customAttributes&quot;:null,&quot;isMoreLink&quot;:false},{&quot;url&quot;:&quot;https://www.redbus.in/travels/raj-express-1&quot;,&quot;name&quot;:&quot;Raj Express&quot;,&quot;tooltip&quot;:null,&quot;customAttributes&quot;:null,&quot;isMoreLink&quot;:false},{&quot;url&quot;:&quot;https://www.redbus.in/travels/vaishali-express&quot;,&quot;name&quot;:&quot;Vaishali Express&quot;,&quot;tooltip&quot;:null,&quot;customAttributes&quot;:null,&quot;isMoreLink&quot;:false},{&quot;url&quot;:&quot;https://www.redbus.in/travels/rahul-travels-indore&quot;,&quot;name&quot;:&quot;Rahul Travels Indore&quot;,&quot;tooltip&quot;:null,&quot;customAttributes&quot;:null,&quot;isMoreLink&quot;:false},{&quot;url&quot;:&quot;https://www.redbus.in/travels/delhi-tours-and-travels&quot;,&quot;name&quot;:&quot;Delhi Tours And Travels&quot;,&quot;tooltip&quot;:null,&quot;customAttributes&quot;:null,&quot;isMoreLink&quot;:false},{&quot;url&quot;:&quot;https://www.redbus.in/travels/ashok-travels-delhi&quot;,&quot;name&quot;:&quot;Ashok Travels&quot;,&quot;tooltip&quot;:null,&quot;customAttributes&quot;:null,&quot;isMoreLink&quot;:false},{&quot;url&quot;:&quot;https://www.redbus.in/travels/greenline&quot;,&quot;name&quot;:&quot;Greenline Travels&quot;,&quot;tooltip&quot;:null,&quot;customAttributes&quot;:null,&quot;isMoreLink&quot;:false},{&quot;url&quot;:&quot;https://www.redbus.in/travels/pawan-travels-balaghat&quot;,&quot;name&quot;:&quot;Pawan Travels&quot;,&quot;tooltip&quot;:null,&quot;customAttributes&quot;:null,&quot;isMoreLink&quot;:false},{&quot;url&quot;:&quot;https://www.redbus.in/travels/ravi-travels&quot;,&quot;name&quot;:&quot;Ravi Travels&quot;,&quot;tooltip&quot;:null,&quot;customAttributes&quot;:null,&quot;isMoreLink&quot;:false},{&quot;url&quot;:&quot;https://www.redbus.in/travels/vrl-travels&quot;,&quot;name&quot;:&quot;VRL Travels&quot;,&quot;tooltip&quot;:null,&quot;customAttributes&quot;:null,&quot;isMoreLink&quot;:false},{&quot;url&quot;:&quot;https://www.redbus.in/travels/dolphin-travel-house&quot;,&quot;name&quot;:&quot;Dolphin Travels&quot;,&quot;tooltip&quot;:null,&quot;customAttributes&quot;:null,&quot;isMoreLink&quot;:false},{&quot;url&quot;:&quot;https://www.redbus.in/travels/ganesh-travels&quot;,&quot;name&quot;:&quot;Ganesh Travels&quot;,&quot;tooltip&quot;:null,&quot;customAttributes&quot;:null,&quot;isMoreLink&quot;:false},{&quot;url&quot;:&quot;https://www.redbus.in/travels/kaveri-kamakshi-travels&quot;,&quot;name&quot;:&quot;Kaveri Travels&quot;,&quot;tooltip&quot;:null,&quot;customAttributes&quot;:null,&quot;isMoreLink&quot;:false},{&quot;url&quot;:&quot;https://www.redbus.in/travels/national-travels-national&quot;,&quot;name&quot;:&quot;National Travels&quot;,&quot;tooltip&quot;:null,&quot;customAttributes&quot;:null,&quot;isMoreLink&quot;:false},{&quot;url&quot;:&quot;https://www.redbus.in/travels/bharathi-travels-bharathi&quot;,&quot;name&quot;:&quot;Bharathi Travels&quot;,&quot;tooltip&quot;:null,&quot;customAttributes&quot;:null,&quot;isMoreLink&quot;:false},{&quot;url&quot;:&quot;https://www.redbus.in/travels/city-land-travels&quot;,&quot;name&quot;:&quot;City Land Travels&quot;,&quot;tooltip&quot;:null,&quot;customAttributes&quot;:null,&quot;isMoreLink&quot;:false},{&quot;url&quot;:&quot;https://www.redbus.in/travels/citylink-travels&quot;,&quot;name&quot;:&quot;Citylink Travels&quot;,&quot;tooltip&quot;:null,&quot;customAttributes&quot;:null,&quot;isMoreLink&quot;:false},{&quot;url&quot;:&quot;https://www.redbus.in/travels/kkaveri-travels&quot;,&quot;name&quot;:&quot;KKaveri Travels&quot;,&quot;tooltip&quot;:null,&quot;customAttributes&quot;:null,&quot;isMoreLink&quot;:false},{&quot;url&quot;:&quot;https://www.redbus.in/travels/kk-travels&quot;,&quot;name&quot;:&quot;KK Travels&quot;,&quot;tooltip&quot;:null,&quot;customAttributes&quot;:null,&quot;isMoreLink&quot;:false},{&quot;url&quot;:&quot;https://www.redbus.in/travels/mahadev-travels-online&quot;,&quot;name&quot;:&quot;Mahadev Travels&quot;,&quot;tooltip&quot;:null,&quot;customAttributes&quot;:null,&quot;isMoreLink&quot;:false},{&quot;url&quot;:&quot;https://www.redbus.in/travels/maharaja-travels-1&quot;,&quot;name&quot;:&quot;Maharaja Travels&quot;,&quot;tooltip&quot;:null,&quot;customAttributes&quot;:null,&quot;isMoreLink&quot;:false},{&quot;url&quot;:&quot;https://www.redbus.in/travels/m-r-travels&quot;,&quot;name&quot;:&quot;M R Travels&quot;,&quot;tooltip&quot;:null,&quot;customAttributes&quot;:null,&quot;isMoreLink&quot;:false},{&quot;url&quot;:&quot;https://www.redbus.in/travels/new-payal-travels&quot;,&quot;name&quot;:&quot;New Payal Travels&quot;,&quot;tooltip&quot;:null,&quot;customAttributes&quot;:null,&quot;isMoreLink&quot;:false},{&quot;url&quot;:&quot;https://www.redbus.in/travels/paras-travels&quot;,&quot;name&quot;:&quot;Paras Travels&quot;,&quot;tooltip&quot;:null,&quot;customAttributes&quot;:null,&quot;isMoreLink&quot;:false},{&quot;url&quot;:&quot;https://www.redbus.in/travels/parshwanath-travels-parshwanath-ahmedabad&quot;,&quot;name&quot;:&quot;Shree Parshwanath Travels&quot;,&quot;tooltip&quot;:null,&quot;customAttributes&quot;:null,&quot;isMoreLink&quot;:false},{&quot;url&quot;:&quot;https://www.redbus.in/travels/payal-travels&quot;,&quot;name&quot;:&quot;Payal Travels&quot;,&quot;tooltip&quot;:null,&quot;customAttributes&quot;:null,&quot;isMoreLink&quot;:false},{&quot;url&quot;:&quot;https://www.redbus.in/travels/rk-travels&quot;,&quot;name&quot;:&quot;R K Travels&quot;,&quot;tooltip&quot;:null,&quot;customAttributes&quot;:null,&quot;isMoreLink&quot;:false},{&quot;url&quot;:&quot;https://www.redbus.in/travels/shivam-travels&quot;,&quot;name&quot;:&quot;Shivam Travels&quot;,&quot;tooltip&quot;:null,&quot;customAttributes&quot;:null,&quot;isMoreLink&quot;:false},{&quot;url&quot;:&quot;https://www.redbus.in/travels/shree-mahaveer-travels-9721&quot;,&quot;name&quot;:&quot;Shree Mahaveer Travels&quot;,&quot;tooltip&quot;:null,&quot;customAttributes&quot;:null,&quot;isMoreLink&quot;:false},{&quot;url&quot;:&quot;https://www.redbus.in/travels/srs-travels-srs&quot;,&quot;name&quot;:&quot;SRS Travels&quot;,&quot;tooltip&quot;:null,&quot;customAttributes&quot;:null,&quot;isMoreLink&quot;:false},{&quot;url&quot;:&quot;https://www.redbus.in/travels/tulsi-travels&quot;,&quot;name&quot;:&quot;Tulsi Travels&quot;,&quot;tooltip&quot;:null,&quot;customAttributes&quot;:null,&quot;isMoreLink&quot;:false},{&quot;url&quot;:&quot;https://www.redbus.in/travels/vaibhav-travels-10044&quot;,&quot;name&quot;:&quot;Vaibhav Travels&quot;,&quot;tooltip&quot;:null,&quot;customAttributes&quot;:null,&quot;isMoreLink&quot;:false},{&quot;url&quot;:&quot;https://www.redbus.in/travels/vikas-travels-jaipur&quot;,&quot;name&quot;:&quot;Vikas Travels&quot;,&quot;tooltip&quot;:null,&quot;customAttributes&quot;:null,&quot;isMoreLink&quot;:false},{&quot;url&quot;:&quot;https://www.redbus.in/travels/amarnath-travels-9984&quot;,&quot;name&quot;:&quot;Amarnath Travels&quot;,&quot;tooltip&quot;:null,&quot;customAttributes&quot;:null,&quot;isMoreLink&quot;:false},{&quot;url&quot;:&quot;https://www.redbus.in/travels/anand-travel&quot;,&quot;name&quot;:&quot;Anand Travels&quot;,&quot;tooltip&quot;:null,&quot;customAttributes&quot;:null,&quot;isMoreLink&quot;:false},{&quot;url&quot;:&quot;https://www.redbus.in/travels/ashapura-travels&quot;,&quot;name&quot;:&quot;Ashapura Travels&quot;,&quot;tooltip&quot;:null,&quot;customAttributes&quot;:null,&quot;isMoreLink&quot;:false},{&quot;url&quot;:&quot;https://www.redbus.in/travels/ashok-bus-service&quot;,&quot;name&quot;:&quot;Ashok Bus Service&quot;,&quot;tooltip&quot;:null,&quot;customAttributes&quot;:null,&quot;isMoreLink&quot;:false},{&quot;url&quot;:&quot;https://www.redbus.in/travels/ashoka-travels&quot;,&quot;name&quot;:&quot;Ashoka Travels&quot;,&quot;tooltip&quot;:null,&quot;customAttributes&quot;:null,&quot;isMoreLink&quot;:false}]},&quot;headerType&quot;:&quot;h3&quot;}],&quot;distance&quot;:null,&quot;IsMobileOnlyPage&quot;:false,&quot;duration&quot;:null,&quot;ogTitle&quot;:&quot;Online Bus Ticket Booking with Best Offers and Lowest Price - redBus&quot;,&quot;ogDescription&quot;:&quot;Book bus tickets online with redBus, the worlds largest bus ticket booking brand for government and private bus operators. Book bus tickets at lowest rates, easy cancellation and get instant refund.&quot;,&quot;ogImage&quot;:&quot;https://s3.rdbuz.com/assets/images/logo/b_logo.png&quot;},&quot;disableHomeMeta&quot;:true,&quot;homeV2&quot;:{&quot;scrollWidth&quot;:0,&quot;hideScrollUp&quot;:false,&quot;isHeadingH1Remove&quot;:false,&quot;isOfferMid&quot;:false,&quot;borderbottomTopSection&quot;:false,&quot;homePagePreloadImages&quot;:[&quot;https://s3.rdbuz.com/images/webplatform/india/Homepage-header-800.webp&quot;,&quot;https://s3.rdbuz.com/images/webplatform/india/Homepage-header-1600.webp&quot;],&quot;heroImgAvif&quot;:&quot;&quot;,&quot;heroImgWebp&quot;:&quot;https://s3.rdbuz.com/images/webplatform/india/Homepage-header-800.webp 800w,https://s3.rdbuz.com/images/webplatform/india/Homepage-header-1200.webp 1200w,https://s3.rdbuz.com/images/webplatform/india/Homepage-header-1600.webp 1600w, https://s3.rdbuz.com/images/webplatform/india/Homepage-header-2000.webp 2000w&quot;,&quot;removePartailListMargin&quot;:false,&quot;trustMarkerProps&quot;:null,&quot;boListProps&quot;:null,&quot;autoScrollOnAutoSuggestSuggestion&quot;:true,&quot;heroText&quot;:&quot;India&#039;s No. 1 Online Bus Ticket Booking Site&quot;,&quot;subHeroText&quot;:null,&quot;heroTextStyle&quot;:&quot;color: #fff; font-size: 32px; font-style: normal; font-weight: 700; line-height: normal; position: absolute; top: 124px; display: flex; justify-content: center; width: 100%;&quot;,&quot;heroSubTextStyle&quot;:null,&quot;heroImg&quot;:&quot;https://s3.rdbuz.com/images/webplatform/india/HomeBannerNew.png&quot;,&quot;heroAlt&quot;:null,&quot;heroImgContainerstyle&quot;:&quot;&quot;,&quot;heroImgStyle&quot;:&quot;margin: 0 auto; height: 32.5rem; background-repeat: round; background-size: cover;}&quot;,&quot;scrollTopArrow&quot;:&quot;https://s3.rdbuz.com/web/images/homeV2/scrollArrow.svg&quot;,&quot;bookByLbl&quot;:null,&quot;partialList&quot;:[&quot;aboutUs&quot;,&quot;appInstall&quot;,&quot;primo&quot;,&quot;rtcAndPrivatePartneredWith&quot;],&quot;searchWidget&quot;:{&quot;enableReturnDate&quot;:false,&quot;srcLabel&quot;:&quot;From&quot;,&quot;destLabel&quot;:&quot;To&quot;,&quot;dateLabel&quot;:&quot;Date&quot;,&quot;returnDateLabel&quot;:&quot;Return Date&quot;,&quot;optionaltext&quot;:&quot;Optional&quot;,&quot;sourceErrorMsg&quot;:&quot;Enter &#039;From&#039; and &#039;To&quot;,&quot;destErrorMsg&quot;:&quot;Enter To&quot;,&quot;dateError&quot;:&quot;Enter Date&quot;,&quot;searchBtnLabel&quot;:&quot;SEARCH BUSES&quot;,&quot;customLocal&quot;:{&quot;holidaysList&quot;:[{&quot;date&quot;:&quot;2023-01-26T00:00&quot;,&quot;desc&quot;:&quot;Republic Day&quot;},{&quot;date&quot;:&quot;2023-02-18T00:00&quot;,&quot;desc&quot;:&quot;Maha Shivratri&quot;},{&quot;date&quot;:&quot;2023-03-08T00:00&quot;,&quot;desc&quot;:&quot;Holi&quot;},{&quot;date&quot;:&quot;2023-03-22T00:00&quot;,&quot;desc&quot;:&quot;Ugadi&quot;},{&quot;date&quot;:&quot;2023-03-30T00:00&quot;,&quot;desc&quot;:&quot;Ram Navami&quot;},{&quot;date&quot;:&quot;2023-04-04T00:00&quot;,&quot;desc&quot;:&quot;Mahavir Jayanti&quot;},{&quot;date&quot;:&quot;2023-04-07T00:00&quot;,&quot;desc&quot;:&quot;Good Friday&quot;},{&quot;date&quot;:&quot;2023-04-14T00:00&quot;,&quot;desc&quot;:&quot;Ambedkar Jayanti&quot;},{&quot;date&quot;:&quot;2023-04-22T00:00&quot;,&quot;desc&quot;:&quot;Eid-ul-fitr&quot;},{&quot;date&quot;:&quot;2023-05-01T00:00&quot;,&quot;desc&quot;:&quot;Labor Day&quot;},{&quot;date&quot;:&quot;2023-05-05T00:00&quot;,&quot;desc&quot;:&quot;Buddha Purnima&quot;},{&quot;date&quot;:&quot;2023-07-29T00:00&quot;,&quot;desc&quot;:&quot;Muharram&quot;},{&quot;date&quot;:&quot;2023-08-15T00:00&quot;,&quot;desc&quot;:&quot;Independence Day&quot;},{&quot;date&quot;:&quot;2023-08-29T00:00&quot;,&quot;desc&quot;:&quot;Onam&quot;},{&quot;date&quot;:&quot;2023-08-30T00:00&quot;,&quot;desc&quot;:&quot;Raksha Bandhan&quot;},{&quot;date&quot;:&quot;2023-09-07T00:00&quot;,&quot;desc&quot;:&quot;Janmashtamii&quot;},{&quot;date&quot;:&quot;2023-09-19T00:00&quot;,&quot;desc&quot;:&quot;Ganesh Chaturthi&quot;},{&quot;date&quot;:&quot;2023-10-02T00:00&quot;,&quot;desc&quot;:&quot;Gandhi Jayanti&quot;},{&quot;date&quot;:&quot;2023-10-24T00:00&quot;,&quot;desc&quot;:&quot;Dussehra&quot;},{&quot;date&quot;:&quot;2023-10-28T00:00&quot;,&quot;desc&quot;:&quot;Valmiki Jayanti&quot;},{&quot;date&quot;:&quot;2023-11-01T00:00&quot;,&quot;desc&quot;:&quot;Kannada Rajyotsava&quot;},{&quot;date&quot;:&quot;2023-11-12T00:00&quot;,&quot;desc&quot;:&quot;Diwali&quot;},{&quot;date&quot;:&quot;2023-11-13T00:00&quot;,&quot;desc&quot;:&quot;Govardhan Pooja&quot;},{&quot;date&quot;:&quot;2023-11-27T00:00&quot;,&quot;desc&quot;:&quot;Guru Nanak Jayanti&quot;},{&quot;date&quot;:&quot;2023-12-25T00:00&quot;,&quot;desc&quot;:&quot;Christmas&quot;}],&quot;monthName&quot;:null,&quot;weekName&quot;:null}},&quot;offer&quot;:{&quot;OfferSectionHead&quot;:&quot;TRENDING OFFERS&quot;,&quot;ValidTillText&quot;:&quot;Valid till &quot;,&quot;copyImg&quot;:&quot;https://s2.rdbuz.com/web/images/homeV2/copy.svg&quot;,&quot;copyToastMsg&quot;:&quot;code copied!&quot;,&quot;carouselProp&quot;:{&quot;enableDefaultCarousel&quot;:true,&quot;leftArrowPos&quot;:&quot;5px&quot;,&quot;rightArrowPos&quot;:&quot;5px&quot;,&quot;rightArrow&quot;:&quot;icon icon-arrow_r&quot;,&quot;leftArrow&quot;:&quot;icon icon-arrow_l&quot;,&quot;scrollPercentage&quot;:70},&quot;bgColors&quot;:[&quot;linear-gradient(71.04deg, #0C398B -6.92%, #3E76D8 109.43%)&quot;,&quot;linear-gradient(71.04deg, #273965 -6.92%, #50D295 109.43%)&quot;,&quot;linear-gradient(71.04deg, #480004 -6.92%, #D84E55 109.43%)&quot;,&quot;linear-gradient(71.04deg, #0E7143 -6.92%, #73ECB3 109.43%)&quot;,&quot;linear-gradient(71.04deg, #187D97 -6.92%, #6DD5ED 109.43%)&quot;,&quot;linear-gradient(71.04deg, #CE7700 -6.92%, #FFC26F 109.43%)&quot;,&quot;linear-gradient(71.04deg, #86003E -6.92%, #D2518D 109.43%)&quot;,&quot;linear-gradient(71.04deg, #3C1053 -6.92%, #AD5389 109.43%)&quot;,&quot;linear-gradient(71.04deg, #3F2B96 -6.92%, #A8C0FF 109.43%)&quot;,&quot;linear-gradient(71.04deg, #0C398B -6.92%, #3E76D8 109.43%)&quot;,&quot;linear-gradient(71.04deg, #480004 -6.92%, #D84E55 109.43%)&quot;],&quot;offerDataVal&quot;:[{&quot;OfferCode&quot;:&quot;FIRST&quot;,&quot;ThumbnailUrl&quot;:&quot;https://st.redbus.in/images/FIRST/first_26th_sep_2022_ravi/tile-80X80.png&quot;,&quot;Title&quot;:&quot;Save up to Rs 250 on bus tickets&quot;,&quot;BusinessUnit&quot;:&quot;BUS&quot;,&quot;ConditionApply&quot;:null,&quot;ValidityEndDateLocal&quot;:&quot;2024-07-31T00:00:00&quot;,&quot;onClickCardlink&quot;:&quot;https://www.redbus.in/info/OfferTerms#FIRST&quot;,&quot;gradient&quot;:null,&quot;SubTitle&quot;:null,&quot;OfferDesc&quot;:null,&quot;altName&quot;:&quot;Bus Tickets Offer FIRST&quot;,&quot;titleName&quot;:&quot;Bus Tickets Offer FIRST&quot;,&quot;isSquareImg&quot;:false,&quot;isBPG&quot;:false,&quot;IsDisplayOnlyOffer&quot;:&quot;0&quot;}],&quot;offerBuisnessUnits&quot;:[],&quot;viewAllText&quot;:&quot;View All&quot;,&quot;offersPageLink&quot;:&quot;https://www.redbus.in/info/OfferTerms&quot;,&quot;viewAllOffersStyle&quot;:&quot;{color: #1034D9;font-weight: 600;border-radius: 1.5rem;border: 1px solid #AAA;padding: 10px 24px;font-size: 18px;cursor: pointer;text-decoration: none;&amp;:hover{box-shadow: 0px 4px 12px rgba(0, 0, 0, 0.1);}}&quot;},&quot;bookingSectionTitle&quot;:null,&quot;introBanner&quot;:null,&quot;aboutUs&quot;:{&quot;rightSectionBgHeight&quot;:&quot;38.5rem&quot;,&quot;rightSectionBgWidth&quot;:&quot;35.5rem&quot;,&quot;arrowIcon&quot;:&quot;aboutUsIcon icon-thick_Right_arrow&quot;,&quot;headText&quot;:&quot; NOW, &lt;b&gt;GET MORE THAN JUST BUS&lt;/b&gt; TICKETS WITH REDBUS!&quot;,&quot;lobRightbgImg&quot;:&quot;https://s3.rdbuz.com/web/images/homeV2/AboutUs/aboutUsImg.svg&quot;,&quot;lobData&quot;:[{&quot;img&quot;:&quot;https://s3.rdbuz.com/web/images/layout/rail_vertical.svg&quot;,&quot;label&quot;:&quot; Train Tickets&quot;,&quot;altName&quot;:&quot;Online Train Tickets Booking&quot;,&quot;titleName&quot;:&quot;Online Train Tickets Booking&quot;}],&quot;infoSection&quot;:[{&quot;lobElement&quot;:null,&quot;infohead&quot;:&quot;Book IRCTC Train Tickets on redRail simple &amp; superfast booking process with no service fee + no payment gateway charge.&quot;,&quot;bookText&quot;:&quot;Book Train Tickets&quot;,&quot;bookLink&quot;:&quot;https://www.redbus.in/railways&quot;,&quot;infoPoints&quot;:[{&quot;img&quot;:&quot;https://s3.rdbuz.com/web/images/homeV2/AboutUs/railAuthorized.png&quot;,&quot;label&quot;:&quot;Authorised IRCTC Partner&quot;,&quot;altName&quot;:&quot;Authorised IRCTC Partner&quot;,&quot;titleName&quot;:&quot;Authorised IRCTC Partner&quot;},{&quot;img&quot;:&quot;https://s2.rdbuz.com/web/images/homeV2/AboutUs/railHasslefree.svg&quot;,&quot;label&quot;:&quot;Instant refunds on UPI payments&quot;,&quot;altName&quot;:&quot;Instant refunds on UPI payments&quot;,&quot;titleName&quot;:&quot;Instant refunds on UPI payments&quot;},{&quot;img&quot;:&quot;https://s1.rdbuz.com/web/images/homeV2/AboutUs/railrefunds.svg&quot;,&quot;label&quot;:&quot;Hassle- free customer support&quot;,&quot;altName&quot;:&quot;Hassle- free customer support&quot;,&quot;titleName&quot;:&quot;Hassle- free customer support&quot;}],&quot;imgWidth&quot;:&quot;32px&quot;,&quot;imgHeight&quot;:&quot;32px&quot;,&quot;animationStyle&quot;:&quot;slide-left&quot;,&quot;isInfoHeadTruncationNeeded&quot;:false,&quot;viewMoreTxtLbl&quot;:null,&quot;viewLessTxtLbl&quot;:null,&quot;shortInfoHead&quot;:null,&quot;longInfoHead&quot;:null}],&quot;LobImage&quot;:[{&quot;img&quot;:&quot;https://s3.rdbuz.com/web/images/homeV2/AboutUs/railPop.png&quot;,&quot;webpImageUrl&quot;:&quot;https://s3.rdbuz.com/web/images/homeV2/AboutUs/railPop.webp&quot;,&quot;top&quot;:&quot;81px&quot;,&quot;left&quot;:&quot;-86px&quot;,&quot;width&quot;:&quot;634px&quot;,&quot;height&quot;:&quot;612px&quot;,&quot;altName&quot;:&quot;Online Train Tickets Booking&quot;,&quot;titleName&quot;:&quot;Online Train Tickets Booking&quot;}],&quot;lobVideo&quot;:null},&quot;appInstall&quot;:{&quot;countrycodeErr&quot;:&quot;Please enter country code&quot;,&quot;phoneNumbeErr&quot;:&quot;Please enter valid Number&quot;,&quot;sending&quot;:&quot;Sending...&quot;,&quot;linkSuccess&quot;:&quot;Successfully sent&quot;,&quot;linkSendingFail&quot;:&quot;Failed! try again&quot;,&quot;getLink&quot;:&quot;Get Link&quot;,&quot;resendLink&quot;:&quot;Resend Link&quot;,&quot;defaultcountryCode&quot;:&quot;91&quot;,&quot;backgroundImgUrl&quot;:&quot;https://s1.rdbuz.com/web/images/homeV2/appinstall/appInstallbg.svg&quot;,&quot;width&quot;:&quot;&quot;,&quot;mainText&quot;:&quot;ENJOY THE APP!&quot;,&quot;tickImg&quot;:&quot;https://s3.rdbuz.com/web/images/homeV2/appinstall/tick.svg&quot;,&quot;starIcon&quot;:&quot;icon icon-appinstallstar&quot;,&quot;isDisableSendAppLinkToMobile&quot;:true,&quot;keyPoints&quot;:[&quot;Quick access&quot;,&quot;Superior live tracking&quot;],&quot;ratingObj&quot;:[{&quot;rating&quot;:&quot;4.5&quot;,&quot;DownloadsText&quot;:&quot;50M+ downloads&quot;,&quot;storeName&quot;:&quot;Play Store&quot;},{&quot;rating&quot;:&quot;4.6&quot;,&quot;DownloadsText&quot;:&quot;50M+ downloads&quot;,&quot;storeName&quot;:&quot;App Store&quot;}],&quot;getLinkSectionProps&quot;:{&quot;downLoadLinkOnText&quot;:&quot;Get Download link on&quot;,&quot;arrowUpImg&quot;:&quot;icon icon-arrowUp&quot;,&quot;arrowDownImg&quot;:&quot;icon icon-arrowDown&quot;,&quot;codeSection&quot;:{&quot;phoneCodeInputProps&quot;:{&quot;width&quot;:&quot;10.68rem&quot;,&quot;height&quot;:&quot;2.9rem&quot;,&quot;moveLabelOnFocusToTopBy&quot;:&quot;-11px&quot;,&quot;moveInputOnFocusToBottomBy&quot;:&quot;11px&quot;,&quot;inputType&quot;:&quot;text&quot;,&quot;label&quot;:&quot;Search for Countries&quot;,&quot;backgroundColor&quot;:&quot;#F7F7F7&quot;},&quot;searchImage&quot;:&quot;icon icon-searchv2&quot;,&quot;appendCountryCode&quot;:&quot;+&quot;,&quot;oopsText&quot;:&quot;Oops, No countries Found!&quot;},&quot;numberInputProps&quot;:{&quot;width&quot;:&quot;10.8rem&quot;,&quot;height&quot;:&quot;46px&quot;,&quot;moveLabelOnFocusToTopBy&quot;:&quot;-13px&quot;,&quot;moveInputOnFocusToBottomBy&quot;:&quot;13px&quot;,&quot;inputType&quot;:&quot;text&quot;,&quot;label&quot;:&quot;WhatsApp number&quot;,&quot;backgroundColor&quot;:&quot;#FFFFFF&quot;,&quot;maxLength&quot;:10}},&quot;qrData&quot;:{&quot;qrHeadText&quot;:&quot;Scan to download&quot;,&quot;qrImg&quot;:&quot;https://s1.rdbuz.com/web/images/homeV2/qrCode.svg&quot;,&quot;downloadText&quot;:&quot;Download the App on&quot;,&quot;downloadPlaystorImg&quot;:&quot;https://s2.rdbuz.com/web/images/homeV2/appinstall/playStore.svg&quot;,&quot;downloadAppStorImg&quot;:&quot;https://s3.rdbuz.com/web/images/homeV2/appinstall/appStore.svg&quot;,&quot;playStoreLink&quot;:&quot;https://play.google.com/store/apps/details?id=in.redbus.android&amp;hl=en_IN&amp;gl=US&amp;pli=1&quot;,&quot;appStoreLink&quot;:&quot;https://apps.apple.com/in/app/redbus-bus-booking-app/id733712604&quot;,&quot;playStoreImgStyle&quot;:{&quot;height&quot;:&quot;42px&quot;,&quot;width&quot;:&quot;145px&quot;},&quot;appStoreImgDimension&quot;:{&quot;height&quot;:&quot;46px&quot;,&quot;width&quot;:&quot;147px&quot;}}},&quot;primo&quot;:{&quot;primoHeadImg&quot;:&quot;https://s1.rdbuz.com/web/images/homeV2/primoSection/primoTopBanner.svg&quot;,&quot;primoSubSection&quot;:[{&quot;img&quot;:&quot;https://s2.rdbuz.com/web/images/homeV2/primoSection/primoSubImg1.svg&quot;,&quot;headText&quot;:&quot;1 of 5 buses qualify&quot;,&quot;subText&quot;:&quot;Primo’s strict safety qualification ensures a safer travel for you&quot;,&quot;altName&quot;:&quot; Primo Bus Booking&quot;,&quot;titleName&quot;:&quot;Primo Bus Booking&quot;},{&quot;img&quot;:&quot;https://s3.rdbuz.com/web/images/homeV2/primoSection/primoSubImg2.svg&quot;,&quot;headText&quot;:&quot;Preferred by 90%&quot;,&quot;subText&quot;:&quot;90% of travellers re-book Primo buses for its punctuality and comfort&quot;,&quot;altName&quot;:&quot;Primo Bus Booking&quot;,&quot;titleName&quot;:&quot;Primo Bus Booking&quot;},{&quot;img&quot;:&quot;https://s2.rdbuz.com/web/images/homeV2/primoSection/primoSubImg3.svg&quot;,&quot;headText&quot;:&quot;9 Lac+ monthly travellers&quot;,&quot;subText&quot;:&quot;In 2022, 9 Lac+ people traveled with Primo every month&quot;,&quot;altName&quot;:&quot;Primo Bus Booking&quot;,&quot;titleName&quot;:&quot;Primo Bus Booking&quot;}]},&quot;rtcPartners&quot;:{&quot;viewAllText&quot;:&quot;View All&quot;,&quot;partnedWithText&quot;:&quot;PARTNERED WITH&quot;,&quot;partnerWithSubHead&quot;:&quot;26 RTCs&quot;,&quot;imgWidthHeight&quot;:&quot;6rem&quot;,&quot;textpadding&quot;:&quot;.6rem 2rem&quot;,&quot;viewAllLink&quot;:&quot;https://www.redbus.in/online-booking/rtc-directory&quot;,&quot;rtcData&quot;:[{&quot;img&quot;:&quot;https://s3.rdbuz.com/buslogos/country/ind/logo_group/27000.png&quot;,&quot;rtcName&quot;:&quot;KSRTC&quot;,&quot;link&quot;:&quot;https://www.redbus.in/online-booking/ksrtc-karnataka&quot;,&quot;altName&quot;:&quot; KSRTC Karnataka Bus Online Booking&quot;,&quot;titleName&quot;:&quot;KSRTC Karnataka Bus Online Booking&quot;},{&quot;img&quot;:&quot;https://s3.rdbuz.com/buslogos/country/ind/logo_group/10283.png&quot;,&quot;rtcName&quot;:&quot;APSRTC&quot;,&quot;link&quot;:&quot;https://www.redbus.in/online-booking/apsrtc&quot;,&quot;altName&quot;:&quot; APSRTC Bus Online Booking&quot;,&quot;titleName&quot;:&quot;APSRTC Bus Online Booking&quot;},{&quot;img&quot;:&quot;https://s3.rdbuz.com/web/images/homeV2/rtc/GSRTC.svg&quot;,&quot;rtcName&quot;:&quot;GSRTC&quot;,&quot;link&quot;:&quot;https://www.redbus.in/online-booking/gsrtc&quot;,&quot;altName&quot;:&quot; GSRTC Bus Online Booking&quot;,&quot;titleName&quot;:&quot;GSRTC Bus Online Booking&quot;},{&quot;img&quot;:&quot;https://s3.rdbuz.com/Images/carousel/TSRTC.png&quot;,&quot;rtcName&quot;:&quot;TSRTC&quot;,&quot;link&quot;:&quot;https://www.redbus.in/online-booking/tsrtc&quot;,&quot;altName&quot;:&quot; TSRTC Bus Online Booking&quot;,&quot;titleName&quot;:&quot;TSRTC Bus Online Booking&quot;},{&quot;img&quot;:&quot;https://s3.rdbuz.com/web/images/homeV2/rtc/KERALA-RTC.svg&quot;,&quot;rtcName&quot;:&quot;Kerala RTC&quot;,&quot;link&quot;:&quot;https://www.redbus.in/online-booking/ksrtc-kerala&quot;,&quot;altName&quot;:&quot; Kerala RTC Bus Online Booking&quot;,&quot;titleName&quot;:&quot;Kerala RTC Bus Online Booking&quot;},{&quot;img&quot;:&quot;https://s3.rdbuz.com/buslogos/country/ind/logo_group/16426.png&quot;,&quot;rtcName&quot;:&quot;SBSTC&quot;,&quot;link&quot;:&quot;https://www.redbus.in/online-booking/south-bengal-state-transport-corporation-sbstc&quot;,&quot;altName&quot;:&quot; SBSTC Bus Online Booking&quot;,&quot;titleName&quot;:&quot;SBSTC Bus Online Booking&quot;},{&quot;img&quot;:&quot;https://s3.rdbuz.com/web/images/homeV2/rtc/RSRTC.svg&quot;,&quot;rtcName&quot;:&quot;RSRTC&quot;,&quot;link&quot;:&quot;https://www.redbus.in/online-booking/rsrtc&quot;,&quot;altName&quot;:&quot; RSRTC Bus Online Booking&quot;,&quot;titleName&quot;:&quot;RSRTC Bus Online Booking&quot;},{&quot;img&quot;:&quot;https://s3.rdbuz.com/web/images/homeV2/rtc/UPSRTC.svg&quot;,&quot;rtcName&quot;:&quot;UPSRTC&quot;,&quot;link&quot;:&quot;https://www.redbus.in/online-booking/upsrtc&quot;,&quot;altName&quot;:&quot; UPSRTC Bus Online Booking&quot;,&quot;titleName&quot;:&quot;UPSRTC Bus Online Booking&quot;}]},&quot;privatePartner&quot;:{&quot;headText&quot;:&quot;4500+ Private Bus Operators&quot;,&quot;viewAllText&quot;:&quot;View All&quot;,&quot;viewAllLink&quot;:&quot;https://www.redbus.in/travels/operators-directory&quot;,&quot;operatorData&quot;:[{&quot;operatorName&quot;:&quot;SRS Travels&quot;,&quot;link&quot;:&quot;https://www.redbus.in/travels/srs-travels-srs&quot;},{&quot;operatorName&quot;:&quot;Kallada Travels&quot;,&quot;link&quot;:&quot;https://www.redbus.in/travels/kallada-travels-kallada&quot;},{&quot;operatorName&quot;:&quot;KPN Travels&quot;,&quot;link&quot;:&quot;https://www.redbus.in/travels/kpn-travels-kpn&quot;},{&quot;operatorName&quot;:&quot;Orange Travels&quot;,&quot;link&quot;:&quot;https://www.redbus.in/travels/orange-travels-orange&quot;},{&quot;operatorName&quot;:&quot;Parveen Travels&quot;,&quot;link&quot;:&quot;https://www.redbus.in/travels/parveen-travels&quot;},{&quot;operatorName&quot;:&quot;Rajdhani Express&quot;,&quot;link&quot;:&quot;https://www.redbus.in/travels/rajdhani-express&quot;},{&quot;operatorName&quot;:&quot;VRL Travels&quot;,&quot;link&quot;:&quot;https://www.redbus.in/travels/vrl-travels-vrl&quot;},{&quot;operatorName&quot;:&quot;Chartered Speed Bus&quot;,&quot;link&quot;:&quot;https://www.redbus.in/travels/chartered-bus&quot;},{&quot;operatorName&quot;:&quot;Bengal Tiger&quot;,&quot;link&quot;:&quot;https://www.redbus.in/travels/bengal-tiger&quot;},{&quot;operatorName&quot;:&quot;SRM Travels&quot;,&quot;link&quot;:&quot;https://www.redbus.in/travels//srm-travels-srm&quot;},{&quot;operatorName&quot;:&quot;Infant Jesus&quot;,&quot;link&quot;:&quot;https://www.redbus.in/travels/infant-jesus&quot;},{&quot;operatorName&quot;:&quot;Patel Travels&quot;,&quot;link&quot;:&quot;https://www.redbus.in/travels/patel-travels-lufthanza-9940&quot;},{&quot;operatorName&quot;:&quot;JBT Travels&quot;,&quot;link&quot;:&quot;https://www.redbus.in/travels/jbt-travels&quot;},{&quot;operatorName&quot;:&quot;Shatabdi Travels&quot;,&quot;link&quot;:&quot;https://www.redbus.in/travels/shatabdi-travels-1&quot;},{&quot;operatorName&quot;:&quot;Eagle Travels&quot;,&quot;link&quot;:&quot;https://www.redbus.in/travels/eagle-travels&quot;},{&quot;operatorName&quot;:&quot;Kanker Roadways&quot;,&quot;link&quot;:&quot;https://www.redbus.in/travels/kanker-roadways-10172&quot;},{&quot;operatorName&quot;:&quot;Komitla&quot;,&quot;link&quot;:&quot;https://www.redbus.in/travels/komitla&quot;},{&quot;operatorName&quot;:&quot;Sri Krishna Travels&quot;,&quot;link&quot;:&quot;https://www.redbus.in/travels/sri-krishna-travels&quot;},{&quot;operatorName&quot;:&quot;Humsafar Travels&quot;,&quot;link&quot;:&quot;https://www.redbus.in/travels/humsafar-travels-9807&quot;},{&quot;operatorName&quot;:&quot;Mahasagar Travels&quot;,&quot;link&quot;:&quot;https://www.redbus.in/travels/mahasagar-travels-mahasagar&quot;},{&quot;operatorName&quot;:&quot;Raj Express&quot;,&quot;link&quot;:&quot;https://www.redbus.in/travels/raj-express-1&quot;},{&quot;operatorName&quot;:&quot;Sharma Travels&quot;,&quot;link&quot;:&quot;https://www.redbus.in/travels/sharma-travels&quot;},{&quot;operatorName&quot;:&quot;Shrinath Travels&quot;,&quot;link&quot;:&quot;https://www.redbus.in/travels/shrinath-travels-agency-online&quot;}]},&quot;faq&quot;:{&quot;faqHeadText&quot;:&quot;FREQUENTY ASKED QUESTIONS&quot;,&quot;plusIcon&quot;:&quot;icon icon-plusv2&quot;,&quot;minusIcon&quot;:&quot;icon icon-minusv2&quot;,&quot;faqconfigData&quot;:[{&quot;tileName&quot;:&quot;General&quot;,&quot;Data&quot;:[{&quot;head&quot;:&quot;Can I track the location of my booked bus online?&quot;,&quot;points&quot;:&quot;&lt;p&gt; Yes, you can track your &lt;b&gt; bus online &lt;/b&gt; by using our bus tracking app feature called &lt;a class=\&quot;blueTextNormal\&quot; href=\&quot;https://www.redbus.in/info/track-my-bus\&quot;&gt;Track My Bus&lt;/a&gt;. This feature allows passengers and their families to track the live bus tracking location. You may follow your bus on a map and use the information to plan your trip to the boarding point and to get off at the correct stop. Family and friends may also check the bus position to plan pick-ups and ensure your safety. &lt;/p&gt;&quot;},{&quot;head&quot;:&quot;What are the advantages of purchasing a bus ticket with redBus?&quot;,&quot;points&quot;:&quot;&lt;p&gt; There are many advantages to purchasing &lt;b&gt; online bus tickets &lt;/b&gt; with redBus. redBus is India’s most trusted bus ticket company, where you can book any type of private or Government owned buses. redBus allows you to find the different types of buses, choose the preferred bus seats, and your nearest boarding and dropping points. You can also filter the buses based on timings like morning, evening bus etc. &lt;/p&gt;&quot;},{&quot;head&quot;:&quot;Why book bus tickets online on redBus?&quot;,&quot;points&quot;:&quot;&lt;p&gt; Booking &lt;b&gt; bus tickets online &lt;/b&gt; on redBus is increasingly becoming the preferred choice for travelers due to its numerous advantages over traditional methods.With redBus, customers can book their &lt;b&gt; bus tickets &lt;/b&gt; effortlessly from the comfort of their homes, avoiding the inconvenience of standing in long lines at bus stations or travel agencies. &lt;b&gt; Online bus booking &lt;/b&gt; not only offers the luxury of comparing different bus schedules and operators but also presents various discount offers and exclusive deals, resulting in significant savings. &lt;br&gt;&lt;br&gt;&lt;/p&gt;&lt;p class=\&quot;MarT10\&quot;&gt;Payment security is another notable feature of online booking, which ensures that your financial information is well-protected against fraud. Additionally, customers get the privilege to pick their seats, providing a customized travel experience.&lt;b&gt; Online bus booking &lt;/b&gt; platforms give real-time updates about any changes in the bus timetable, including delays or cancellations, enabling better planning. &lt;br&gt;&lt;br&gt;&lt;/p&gt;&lt;p class=\&quot;MarT10\&quot;&gt;The convenience doesn&#039;t stop here; travelers can even compare onboard amenities like charging points or snacks, further enhancing the travel experience. &lt;br&gt;&lt;/p&gt;&quot;},{&quot;head&quot;:&quot;Do I need to create an account on the redBus site to book my bus ticket?&quot;,&quot;points&quot;:&quot;&lt;p&gt; No, you don’t have to create an account on redBus site to book your bus ticket. But it is advisable to create one to accelerate the process next time you want to book &lt;b&gt; bus tickets&lt;/b&gt;. Also redBus has many discounts and offers that you can easily access if you have an account with us.&lt;/p&gt;&quot;},{&quot;head&quot;:&quot;Does bus booking online cost me more?&quot;,&quot;points&quot;:&quot;&lt;p&gt;Not at all! The price of the &lt;b&gt; bus ticket &lt;/b&gt; is the same as you would get from the bus operator/ counter of any &lt;b&gt; bus ticket agency&lt;/b&gt;. Redbus reduces the travel budget by comparing the &lt;b&gt; bus ticket &lt;/b&gt; prices among various operators, making it a more cost-effective choice. Therefore, &lt;b&gt; online bus booking &lt;/b&gt; is increasingly being recognized as a more convenient, efficient, and economical mode of securing travel arrangements. &lt;/p&gt;&quot;},{&quot;head&quot;:&quot;How can I get the discounts on the bus booking?&quot;,&quot;points&quot;:&quot;&lt;p&gt; To get the discount on &lt;b&gt; bus booking &lt;/b&gt; please visit: https://www.redbus.in/info/OfferTerms and check the available offers. Copy the coupon code and paste it during checkout to avail the discount.&lt;/p&gt;&quot;},{&quot;head&quot;:&quot;What&#039;s New in Bus Booking on redBus?&quot;,&quot;points&quot;:&quot;&lt;p&gt;Primo &lt;b&gt;Bus Ticket&lt;/b&gt;: redBus has launched Primo bus services, where passengers can enjoy traveling in high-rated buses with best-in-class services. While looking for&lt;b&gt; bus tickets&lt;/b&gt; on the desired route, customers can check the Primo tag to choose this excellent service. From hygiene standards to on-time service and comfort, passengers can benefit from &lt;b&gt; online bus booking &lt;/b&gt;experience from Primo buses.&lt;/p&gt;&quot;},{&quot;head&quot;:&quot;Can I book a Government bus ticket on redBus?&quot;,&quot;points&quot;:&quot;&lt;p&gt; Yes, you can book government &lt;b&gt; bus tickets &lt;/b&gt; on redBus. redBus has extended its &lt;b&gt; bus booking &lt;/b&gt; services to many RTCs in India. Some of these RTCs are &lt;a class=\&quot;blueTextNormal\&quot; href=\&quot;https://www.redbus.in/online-booking/apsrtc\&quot;&gt; Andhra Pradesh State Road Transport Corporation&lt;/a&gt;(APSRTC), &lt;a class=\&quot;blueTextNormal\&quot; href=\&quot;https://www.redbus.in/online-booking/astc\&quot;&gt; Assam State Transport Corporation&lt;/a&gt;(ASTC), &lt;a class=\&quot;blueTextNormal\&quot; href=\&quot;https://www.redbus.in/online-booking/bihar-state-tourism-development-corporation\&quot;&gt;Bihar State Tourism Development Corporation&lt;/a&gt;(BSTDC), &lt;a class=\&quot;blueTextNormal\&quot; href=\&quot;https://www.redbus.in/online-booking/hrtc\&quot;&gt;Himachal Road Transport Corporation&lt;/a&gt; (HRTC), &lt;a class=\&quot;blueTextNormal\&quot; href=\&quot;https://www.redbus.in/online-booking/jksrtc\&quot;&gt;Jammu and Kashmir State Road Transport Corporation&lt;/a&gt;(JKSRTC), &lt;a class=\&quot;blueTextNormal\&quot; href=\&quot;https://www.redbus.in/online-booking/ksrtc-kerala\&quot;&gt;Kerala RTC,&lt;/a&gt;  &lt;a class=\&quot;blueTextNormal\&quot; href=\&quot;https://www.redbus.in/online-booking/ktcl\&quot;&gt;Kadamba Transport Corporation&lt;/a&gt;(KTCL), &lt;a class=\&quot;blueTextNormal\&quot; href=\&quot;https://www.redbus.in/online-booking/pepsu\&quot;&gt;Patiala and the East Punjab States Union&lt;/a&gt;(PEPSU), &lt;a class=\&quot;blueTextNormal\&quot; href=\&quot;https://www.redbus.in/online-booking/puducherry-road-transport-corporation-prtc\&quot;&gt;Puducherry Road Transport Corporation&lt;/a&gt; (PRTC), &lt;a class=\&quot;blueTextNormal\&quot; href=\&quot;https://www.redbus.in/online-booking/rsrtc\&quot;&gt;Rajasthan State Road Transport Corporation&lt;/a&gt; (RSRTC),&lt;a class=\&quot;blueTextNormal\&quot; href=\&quot;https://www.redbus.in/online-booking/south-bengal-state-transport-corporation-sbstc\&quot;&gt; South Bengal State Transport Corporation&lt;/a&gt; (SBSTC), &lt;a class=\&quot;blueTextNormal\&quot; href=\&quot;https://www.redbus.in/online-booking/utc\&quot;&gt;Uttarakhand Transport Corporation&lt;/a&gt; (UTC),&lt;a class=\&quot;blueTextNormal\&quot; href=\&quot;https://www.redbus.in/online-booking/west-bengal-transport-corporation\&quot;&gt; West Bengal Transport Corporation&lt;/a&gt; [WBTC (CTC)],&lt;a class=\&quot;blueTextNormal\&quot; href=\&quot;https://www.redbus.in/online-booking/north-bengal-state-transport-corporation\&quot;&gt; North Bengal State Transport Corporation&lt;/a&gt; (NBSTC). &lt;/p&gt;&quot;}]},{&quot;tileName&quot;:&quot;Ticket-related&quot;,&quot;Data&quot;:[{&quot;head&quot;:&quot;How can I book bus tickets on redBus?&quot;,&quot;points&quot;:&quot; &lt;p&gt; &lt;b&gt;Bus ticket Booking &lt;/b&gt; is very easy on redBus. To book the bus tickets go to the main page, enter your source city and destination city, in the “From” and “To” fields respectively. Enter travel date and hit the search button. Now you will see the list of buses that are available on the given bus route. You can use the filter option , such as duration, fare, bus type, etc to rearrange the list accordingly. This makes it easier for the customer to book their &lt;b&gt; bus ticket online &lt;/b&gt; with redBus.&lt;/p&gt;&quot;},{&quot;head&quot;:&quot;Can I change the date of my journey after I have booked my bus ticket?&quot;,&quot;points&quot;:&quot;&lt;p&gt; Yes. You can change the date of journey after &lt;b&gt; booking bus ticket &lt;/b&gt; on redBus by clicking the “Reschedule” icon if you think your travel plan might get interrupted while booking . Bus operators with the “Reschedule icon” next to it offer rescheduling of the &lt;b&gt; bus ticket &lt;/b&gt; in case your initially selected date is not viable to travel on.&lt;/p&gt;&quot;},{&quot;head&quot;:&quot;Is it mandatory to take a printout of the ticket?&quot;,&quot;points&quot;:&quot; &lt;p class=\&quot;XCN\&quot;&gt; It depends on the bus operator you have booked your &lt;b&gt; online bus tickets &lt;/b&gt; with. Even mTickets are available on redBus. For operators that support mTickets, the SMS that is sent to your mobile can be produced at the time of boarding and you will be allowed to travel. &lt;br&gt;&lt;br&gt;&lt;/p&gt;&lt;p &gt;For operators that do not support mTickets it is a must to take a printout of the e-ticket and produce it at the time of boarding. The e-ticket is sent to the e-mail ID provided at the time of boarding.&lt;br&gt;&lt;br&gt;&lt;/p&gt;&lt;p class=\&quot;XCN\&quot;&gt;To know which operators are mTicket enabled, look for the mTicket icon &lt;span class=\&quot;icon-mticket\&quot; style=\&quot;font-size: 20px;\&quot;&gt;&lt;/span&gt; under the mTicket column while searching for buses. &lt;/p&gt;&quot;},{&quot;head&quot;:&quot;I&#039;ve lost my ticket. What should I do now?&quot;,&quot;points&quot;:&quot; &lt;p&gt; A copy of the &lt;b&gt; bus ticket &lt;/b&gt; would have been sent to you by email when you booked &lt;b&gt; bus ticket online &lt;/b&gt;. Please take a printout of that mail and produce it at the time of boarding. If you have not received the ticket e-mail, please call any of our call centers and our executive will resend you a copy by mail.&lt;/p&gt;&quot;},{&quot;head&quot;:&quot;What is an mTicket?&quot;,&quot;points&quot;:&quot;&lt;p&gt; An mTicket is an SMS that is sent to your mobile on &lt;b&gt;booking bus tickets &lt;/b&gt;  with select private bus operators. This SMS has the TIN number and the PNR number along with other ticket related information. It can be used to board the bus. Please note that not all operators accept mTickets. To know which operators are mTicket enabled, look for the mTicket icon &lt;span class=\&quot;icon-mticket\&quot; style=\&quot;font-size: 20px;\&quot;&gt;&lt;/span&gt; under the mTicket column while searching for buses. &lt;br&gt;&lt;/p&gt;&quot;},{&quot;head&quot;:&quot;I didn’t receive my mTicket. Can you resend it?&quot;,&quot;points&quot;:&quot;&lt;p&gt; You can generate your mTicket online. To generate m-Ticket online click on the Print/SMS ticket link on the redbus home page on www.redBus.in. Enter your TIN number mentioned on the e-ticket we emailed you. Choose the SMS option and click on Submit. In case you don’t have a copy of the e-ticket either, contact our call center and our executive will assist you.&lt;/p&gt;&quot;},{&quot;head&quot;:&quot;I entered the wrong mobile number while booking. Can I get my mTicket on a different number?&quot;,&quot;points&quot;:&quot;&lt;p&gt; Yes, you can get the m-Ticket on the different numbers.To get the M-Ticket on the different number  please contact redBus call center and our customer executive will send you the mTicket on your desired number. &lt;/p&gt;&quot;}]},{&quot;tileName&quot;:&quot;Payment&quot;,&quot;Data&quot;:[{&quot;head&quot;:&quot;Is it safe to use my credit or debit card to buy bus tickets on redBus?&quot;,&quot;points&quot;:&quot;&lt;p&gt;Transactions on redBus are very safe. We employ the best-in-class security and the transactions done are secure. Apart from being certified by Verisign, redBus uses Secure Socket Layers (SSL) data encryption. Using SSL ensures that the information exchanged with us is never transmitted unencrypted, thus protecting the information from being viewed by unauthorized individuals.&lt;/p&gt;&quot;},{&quot;head&quot;:&quot;Does the owner of the credit card/debit card with which the bus ticket is purchased need to be one of the passengers?&quot;,&quot;points&quot;:&quot;&lt;p&gt; Not at all! A passenger can use any debit or credit card to pay for the &lt;b&gt; bus ticket &lt;/b&gt;, not necessarily their own. However, please note that the passenger in whose name the ticket is booked should carry a proof of his identity (along with the ticket) at the time of boarding the bus.&lt;/p&gt;&quot;},{&quot;head&quot;:&quot;What are the different payment options available on Bus Ticket booking?&quot;,&quot;points&quot;:&quot;&lt;p&gt; There are many payment modes available to &lt;b&gt; book buses &lt;/b&gt; on the redBus website and app. Some of these payment modes that are available for the &lt;b&gt; bus ticket booking &lt;/b&gt; process are: &lt;/p&gt;&lt;ul style=\&quot;list-style-type: disc; padding-left: 7%;\&quot;&gt;&lt;li&gt;Debit Card/Credit Card/ATM Cards (Visa, MasterCard, Maestro &amp; Rupay)&lt;/li&gt;&lt;li&gt;Net Banking (HDFC Bank, ICICI Bank, Indian Bank, Axis Bank, SBI and all major banks)&lt;/li&gt;&lt;li&gt;UPI (Google Pay, Amazon Pay, PhonePe)&lt;/li&gt;&lt;li&gt;Book Now, Pay Later (Simpl)&lt;/li&gt;&lt;li&gt;Wallets (Paytm) &lt;/li&gt;&lt;/ul&gt;&lt;p&gt;Make sure to check the coupon code to get the discounts on &lt;b&gt;bus booking online&lt;/b&gt;, redBus offers a lot of redDeals to book the &lt;b&gt; bus ticket &lt;/b&gt; on budget. &lt;/p&gt;&quot;},{&quot;head&quot;:&quot;How does the transaction appear on my card / account statement?&quot;,&quot;points&quot;:&quot;&lt;p&gt; Transactions on redBus will appear as REDBUS.IN, &lt;a class=\&quot;blueTextNormal\&quot; href=\&quot;http://www.redbus.in\&quot;&gt;www.redbus.in&lt;/a&gt; in your bank statement. &lt;/p&gt;&quot;}]},{&quot;tileName&quot;:&quot;Cancellation &amp; Refund&quot;,&quot;Data&quot;:[{&quot;head&quot;:&quot;Can I cancel my bus ticket online?&quot;,&quot;points&quot;:&quot;&lt;p&gt; Yes you can cancel &lt;b&gt;bus tickets online&lt;/b&gt;, Most of the tickets can be canceled online. However, there are some &lt;b&gt; bus tickets&lt;/b&gt; that can only be canceled through our call center. &lt;br&gt;&lt;br&gt;&lt;/p&gt;&lt;p class=\&quot;MarT10\&quot;&gt; However please note that the cancellation fee and cancellation period may differ for specific bus services. Please contact any of our executives for cancellation details on any specific service.&lt;br&gt;&lt;/p&gt;&quot;},{&quot;head&quot;:&quot;How can I cancel my bus ticket online?&quot;,&quot;points&quot;:&quot;&lt;p&gt;To cancel the &lt;b&gt; bus ticket online &lt;/b&gt;, you need to click on the cancellation link provided on our home page. Enter your ticket number and the e-mail ID that was provided at the time of &lt;b&gt; bus booking &lt;/b&gt;and click on cancel ticket.&lt;/p&gt;&quot;},{&quot;head&quot;:&quot;I missed the bus. Do I get a refund? (Refund)&quot;,&quot;points&quot;:&quot;&lt;p&gt;redBus provides a 100% refund if the bus is missed due to either redBus or its partner company&#039;s fault. However, if the bus is missed due to any other reason not directly related to redBus no refund is provided.&lt;/p&gt;&quot;},{&quot;head&quot;:&quot;How can I get a refund in case I cancel my ticket? (Refund)&quot;,&quot;points&quot;:&quot;&lt;p&gt; The refund is provided as per cancellation policy of the operator. The refund can be credited to the source of payment (Example: debit card, credit card, net banking) or credited to redBus wallet. Wallet credit can be used for &lt;b&gt; bus booking &lt;/b&gt;in future (within 6 months of cancellation).&lt;/p&gt;&quot;},{&quot;head&quot;:&quot;What happens if the bus does not leave on time or is canceled?&quot;,&quot;points&quot;:&quot;&lt;p&gt; If your bus does not leave on time or is canceled, in such situations, you will need to consult the counter of the respective bus operators. You can also call the redBus customer care to discuss the appropriate actions.&lt;/p&gt;&quot;},{&quot;head&quot;:&quot;How can I reschedule my bus tickets?&quot;,&quot;points&quot;:&quot;&lt;p&gt; To reschedule your &lt;b&gt; bus ticket &lt;/b&gt; on redBus, follow these steps: &lt;ol style=\&quot;list-style-type:number; padding-left: 7%;\&quot;&gt; &lt;li&gt;Visit https://www.redbus.in/reschedule&lt;/li&gt; &lt;li&gt;Search for your &lt;b&gt; bus ticket &lt;/b&gt; by entering your ticket number and registered email ID.&lt;/li&gt; &lt;li&gt;Verify your &lt;b&gt;online bus tickets&lt;/b&gt; details and select the date to reschedule your journey.&lt;/li&gt; &lt;li&gt;Select a bus operator, verify every detail, and make your payment if any difference in &lt;b&gt; bus ticket &lt;/b&gt; prices needs to be cleared.&lt;/li&gt; &lt;/ol&gt;&lt;/p&gt;&quot;}]},{&quot;tileName&quot;:&quot;Insurance&quot;,&quot;Data&quot;:[{&quot;head&quot;:&quot;Details on Insurance&quot;,&quot;points&quot;:&quot;  &lt;p&gt;For details on Insurance of your journey after &lt;b&gt; bus ticket booking&lt;/b&gt;, please refer to the &lt;a href=\&quot;http://s1.rdbuz.com/apps/insurance-terms.html\&quot; target=\&quot;_blank\&quot;&gt;Insurance Terms &lt;/a&gt;&quot;}]}]},&quot;payInstruments&quot;:null,&quot;operatorLogos&quot;:null,&quot;statistics&quot;:null,&quot;globalPresence&quot;:{&quot;title&quot;:&quot;Global Presence&quot;,&quot;data&quot;:[{&quot;title&quot;:&quot;Colombia&quot;,&quot;imgUrl&quot;:&quot;https://s3.rdbuz.com/web/images/homeV2/LATAM/GlobalPresencev2/Colombia.svg&quot;,&quot;count&quot;:&quot;&quot;,&quot;redirectUrl&quot;:&quot;https://www.redbus.co&quot;,&quot;titleName&quot;:&quot;redBus Colombia&quot;,&quot;altName&quot;:&quot;redBus Colombia&quot;},{&quot;title&quot;:&quot;India&quot;,&quot;imgUrl&quot;:&quot;https://s3.rdbuz.com/web/images/homeV2/LATAM/GlobalPresencev2/India.svg&quot;,&quot;count&quot;:&quot;&quot;,&quot;redirectUrl&quot;:&quot;https://www.redbus.in&quot;,&quot;titleName&quot;:&quot;redBus India&quot;,&quot;altName&quot;:&quot;redBus India&quot;},{&quot;title&quot;:&quot;Indonesia&quot;,&quot;imgUrl&quot;:&quot;https://s3.rdbuz.com/web/images/homeV2/LATAM/GlobalPresencev2/Indonesia.svg&quot;,&quot;count&quot;:&quot;&quot;,&quot;redirectUrl&quot;:&quot;https://www.redbus.id&quot;,&quot;titleName&quot;:&quot;redBus Indonesia&quot;,&quot;altName&quot;:&quot;redBus Indonesia&quot;},{&quot;title&quot;:&quot;Malaysia&quot;,&quot;imgUrl&quot;:&quot;https://s3.rdbuz.com/web/images/homeV2/LATAM/GlobalPresencev2/Malaysia.svg&quot;,&quot;count&quot;:&quot;&quot;,&quot;redirectUrl&quot;:&quot;https://www.redbus.my&quot;,&quot;titleName&quot;:&quot;redBus Malaysia&quot;,&quot;altName&quot;:&quot;redBus Malaysia&quot;},{&quot;title&quot;:&quot;Peru&quot;,&quot;imgUrl&quot;:&quot;https://s3.rdbuz.com/web/images/homeV2/LATAM/GlobalPresencev2/Peru.svg&quot;,&quot;count&quot;:&quot;&quot;,&quot;redirectUrl&quot;:&quot;https://www.redbus.pe&quot;,&quot;titleName&quot;:&quot;redBus Peru&quot;,&quot;altName&quot;:&quot;redBus Peru&quot;},{&quot;title&quot;:&quot;Singapore&quot;,&quot;imgUrl&quot;:&quot;https://s3.rdbuz.com/web/images/homeV2/LATAM/GlobalPresencev2/Singapore.svg&quot;,&quot;count&quot;:&quot;&quot;,&quot;redirectUrl&quot;:&quot;https://www.redbus.sg&quot;,&quot;titleName&quot;:&quot;redBus Singapore&quot;,&quot;altName&quot;:&quot;redBus Singapore&quot;},{&quot;title&quot;:&quot;Vietnam&quot;,&quot;imgUrl&quot;:&quot;https://s3.rdbuz.com/web/images/homeV2/LATAM/GlobalPresence/Vietnam.svg&quot;,&quot;count&quot;:&quot;&quot;,&quot;redirectUrl&quot;:&quot;https://www.redbus.vn&quot;,&quot;titleName&quot;:&quot;redBus Vietnam&quot;,&quot;altName&quot;:&quot;redBus Vietnam&quot;},{&quot;title&quot;:&quot;Cambodia&quot;,&quot;imgUrl&quot;:&quot;https://s3.rdbuz.com/web/images/homeV2/LATAM/GlobalPresence/Cambodia.svg&quot;,&quot;count&quot;:&quot;&quot;,&quot;redirectUrl&quot;:&quot;https://www.redbus.com.kh&quot;,&quot;titleName&quot;:&quot;redBus Cambodia&quot;,&quot;altName&quot;:&quot;redBus Cambodia&quot;}]},&quot;appInstallData&quot;:null,&quot;lobSection&quot;:null,&quot;trustMarkers&quot;:null},&quot;Autosuggest&quot;:null,&quot;IS_REGIONAL_OFFER_ENABLED&quot;:false,&quot;IS_GEO_REDIRECTION_ENABLED&quot;:false,&quot;geoUrls&quot;:null,&quot;geoSeoSrpDisabled&quot;:null,&quot;geoSeoSrpRouteUrl&quot;:null,&quot;seoSrpRouteUrl&quot;:null,&quot;IS_SAFETY_PLUS_TILE_ENABLED&quot;:false,&quot;safetyPlusTile&quot;:{&quot;title&quot;:&quot;Safety+ Program&quot;,&quot;image&quot;:&quot;https://s3.rdbuz.com/Images/webplatform/measures/safetyplus.svg&quot;,&quot;msg&quot;:&quot;A unique certification program to ensure safety in all buses.&quot;,&quot;btnLabel&quot;:&quot;Know More&quot;,&quot;btnUrl&quot;:&quot;/SafetyPlus&quot;},&quot;Welcome&quot;:{&quot;imageLink&quot;:[&quot;https://st.redbus.in/Images/INDOFFER/FESTIVE200/Hero01.png&quot;],&quot;imageText&quot;:&quot;&quot;,&quot;helperText&quot;:&quot;&quot;,&quot;heroImgParentStyle&quot;:&quot;&quot;,&quot;heroImgStyle&quot;:&quot;&quot;,&quot;autosuggestion&quot;:{&quot;fromBox&quot;:{&quot;fromLabel&quot;:&quot;FROM&quot;,&quot;errorMes&quot;:&quot;Please enter a source city&quot;},&quot;toBox&quot;:{&quot;toLabel&quot;:&quot;TO&quot;,&quot;errorMes&quot;:&quot;Please enter a destination city&quot;},&quot;onwardDate&quot;:{&quot;dateLabel&quot;:&quot;Onward Date&quot;,&quot;active&quot;:false,&quot;errorMes&quot;:&quot;Onward date should be before return date&quot;},&quot;returnDate&quot;:{&quot;dateLabel&quot;:&quot;Return Date&quot;,&quot;active&quot;:false},&quot;date&quot;:{&quot;dateLabel&quot;:&quot;Date&quot;},&quot;search&quot;:{&quot;btnLabel&quot;:&quot;Search Buses&quot;},&quot;returnOptional&quot;:{&quot;Text&quot;:&quot;(Optional)&quot;,&quot;Color&quot;:&quot;#F4F9ED&quot;},&quot;returnDisableLbl&quot;:null},&quot;returnDateABEnabled&quot;:false},&quot;Offers&quot;:{&quot;isCarouselEnabled&quot;:true,&quot;webOfferCheck&quot;:false,&quot;head&quot;:&quot;&quot;,&quot;seeAllLink&quot;:&quot;SEE ALL&quot;,&quot;offerTiles&quot;:[{&quot;link&quot;:&quot;https://www.redbus.in/info/OfferTerms#SUPERHIT&quot;,&quot;img&quot;:&quot;https://st.redbus.in/images/offers/superhit_rav/1_1.png&quot;,&quot;offerDesc&quot;:&quot;Use Code SUPERHIT&quot;,&quot;offerPlatform&quot;:&quot;Save upto Rs 300 on AP and TS route&quot;,&quot;offerCode&quot;:&quot; &quot;,&quot;expLocalDate&quot;:null,&quot;offerType&quot;:null,&quot;offerText&quot;:null,&quot;conditionsText&quot;:null,&quot;knowMore&quot;:null,&quot;IsGeoOffer&quot;:null,&quot;TileDescription&quot;:null,&quot;WebdirectUrl&quot;:null,&quot;Title&quot;:null,&quot;ThumbnailUrl&quot;:null,&quot;ValidityStartDateLocal&quot;:null,&quot;ValidityEndDateLocal&quot;:null},{&quot;link&quot;:&quot;https://www.redbus.in/info/OfferTerms#RB200&quot;,&quot;img&quot;:&quot;https://st.redbus.in/images/offers/superhit_rav/1_1.png&quot;,&quot;offerDesc&quot;:&quot;Use code RB200&quot;,&quot;offerPlatform&quot;:&quot;Save upto Rs 200 on Delhi and North routes&quot;,&quot;offerCode&quot;:&quot; &quot;,&quot;expLocalDate&quot;:null,&quot;offerType&quot;:null,&quot;offerText&quot;:null,&quot;conditionsText&quot;:null,&quot;knowMore&quot;:null,&quot;IsGeoOffer&quot;:null,&quot;TileDescription&quot;:null,&quot;WebdirectUrl&quot;:null,&quot;Title&quot;:null,&quot;ThumbnailUrl&quot;:null,&quot;ValidityStartDateLocal&quot;:null,&quot;ValidityEndDateLocal&quot;:null},{&quot;link&quot;:&quot;https://www.redbus.in/info/OfferTerms#RBTRIP&quot;,&quot;img&quot;:&quot;https://st.redbus.in/Images/INDOFFER/RBTRIP/274x148.png&quot;,&quot;offerDesc&quot;:&quot;Use code RBTRIP&quot;,&quot;offerPlatform&quot;:&quot;Save up to Rs 200 in Kerala and pondicherry routes.&quot;,&quot;offerCode&quot;:&quot; &quot;,&quot;expLocalDate&quot;:null,&quot;offerType&quot;:null,&quot;offerText&quot;:null,&quot;conditionsText&quot;:null,&quot;knowMore&quot;:null,&quot;IsGeoOffer&quot;:null,&quot;TileDescription&quot;:null,&quot;WebdirectUrl&quot;:null,&quot;Title&quot;:null,&quot;ThumbnailUrl&quot;:null,&quot;ValidityStartDateLocal&quot;:null,&quot;ValidityEndDateLocal&quot;:null},{&quot;link&quot;:&quot;https://www.redbus.in/info/OfferTerms#APSRTCNEW&quot;,&quot;img&quot;:&quot;https://st.redbus.in/Images/carousel/APSRTC/APSRTC_offer-tile.png&quot;,&quot;offerDesc&quot;:&quot;Use code APSRTCNEW&quot;,&quot;offerPlatform&quot;:&quot;Save Up to Rs 250 on bus tickets on APSRTC&quot;,&quot;offerCode&quot;:&quot; &quot;,&quot;expLocalDate&quot;:null,&quot;offerType&quot;:null,&quot;offerText&quot;:null,&quot;conditionsText&quot;:null,&quot;knowMore&quot;:null,&quot;IsGeoOffer&quot;:null,&quot;TileDescription&quot;:null,&quot;WebdirectUrl&quot;:null,&quot;Title&quot;:null,&quot;ThumbnailUrl&quot;:null,&quot;ValidityStartDateLocal&quot;:null,&quot;ValidityEndDateLocal&quot;:null},{&quot;link&quot;:&quot;https://www.redbus.in/info/OfferTerms#SUPERBBB&quot;,&quot;img&quot;:&quot;https://st.redbus.in/images/offers/superhit_rav/1_1.png&quot;,&quot;offerDesc&quot;:&quot;Book NOw!&quot;,&quot;offerPlatform&quot;:&quot;Save upto Rs 300 on AP and TS route&quot;,&quot;offerCode&quot;:&quot; Use Code SUPERBBB&quot;,&quot;expLocalDate&quot;:null,&quot;offerType&quot;:null,&quot;offerText&quot;:null,&quot;conditionsText&quot;:null,&quot;knowMore&quot;:null,&quot;IsGeoOffer&quot;:null,&quot;TileDescription&quot;:null,&quot;WebdirectUrl&quot;:null,&quot;Title&quot;:null,&quot;ThumbnailUrl&quot;:null,&quot;ValidityStartDateLocal&quot;:null,&quot;ValidityEndDateLocal&quot;:null},{&quot;link&quot;:&quot;https://www.redbus.in/info/OfferTerms#UPSRTC&quot;,&quot;img&quot;:&quot;https://st.redbus.in/Images/INDOFFER/UPSRTC/247X147.png&quot;,&quot;offerDesc&quot;:&quot;Save 25% up to Rs 100 on SBSTC bus tickets.&quot;,&quot;offerPlatform&quot;:&quot;Use code UPSRTC&quot;,&quot;offerCode&quot;:&quot;Use Code UPSRTC&quot;,&quot;expLocalDate&quot;:null,&quot;offerType&quot;:null,&quot;offerText&quot;:null,&quot;conditionsText&quot;:null,&quot;knowMore&quot;:null,&quot;IsGeoOffer&quot;:null,&quot;TileDescription&quot;:null,&quot;WebdirectUrl&quot;:null,&quot;Title&quot;:null,&quot;ThumbnailUrl&quot;:null,&quot;ValidityStartDateLocal&quot;:null,&quot;ValidityEndDateLocal&quot;:null}],&quot;MarketingOffer&quot;:[{&quot;link&quot;:&quot;https://www.redbus.in/info/OfferTerms#FIRST&quot;,&quot;tileImage&quot;:&quot;&quot;,&quot;tileTitle&quot;:&quot;Save upto Rs 2000* on your bus tickets.&quot;,&quot;tileDesc&quot;:&quot;Book your favourite seat now.&quot;,&quot;expLocalDate&quot;:null}],&quot;TrustMarker&quot;:null,&quot;offerLink&quot;:&quot;/info/OfferTerms#&quot;,&quot;offerText&quot;:&quot;Book now and avail great benefits*&quot;,&quot;conditionsText&quot;:&quot;*Conditions apply&quot;,&quot;knowMore&quot;:&quot;Know More&quot;,&quot;validityText&quot;:&quot;Validity&quot;,&quot;useCodeText&quot;:&quot;Use Code:&quot;},&quot;TopRoutes&quot;:{},&quot;OtherPlatforms&quot;:{&quot;header&quot;:&quot;Convenience On-the-go.&quot;,&quot;description&quot;:&quot;Discover the convenience of booking bus tickets online on your mobile device with redBus App. Get information on our mobile app and enjoy a seamless booking experience on the go.&quot;,&quot;iStoreImg&quot;:&quot;//s2.rdbuz.com/web/images/home/sgp/iPhone_download.png&quot;,&quot;gStoreImg&quot;:&quot;//s3.rdbuz.com/web/images/home/sgp/Google_download.png&quot;,&quot;wStoreImg&quot;:null,&quot;platformsImg&quot;:&quot;//s1.rdbuz.com/web/images/home/IOS_Android_device.png&quot;,&quot;platformsBackImg&quot;:&quot;//s2.rdbuz.com/web/images/home/city_scape_app_download.png&quot;,&quot;gStoreLink&quot;:&quot;https://play.google.com/store/apps/details?id=in.redbus.android&amp;hl=en&quot;,&quot;iStoreLink&quot;:&quot;https://itunes.apple.com/in/app/redbus/id733712604?mt=8&quot;,&quot;wStoreLink&quot;:null,&quot;data&quot;:[{&quot;title&quot;:&quot;Last Minute Booking&lt;&quot;,&quot;desc&quot;:&quot;In a hurry to book a bus at the last minute? Choose the bus passing from your nearest boarding point and book in a few easy steps.&quot;},{&quot;title&quot;:&quot;BP navigation&quot;,&quot;desc&quot;:&quot;Lost your way? Operator not picking calls? BP navigation provides a hassle free way to reach your bus&quot;},{&quot;title&quot;:&quot;Comprehensive Ticket Details&quot;,&quot;desc&quot;:&quot;Everything that you need to make the travel hassle free - rest stop details, boarding point images, chat with co-passengers,  wake-up alarm and much more!&quot;}],&quot;otherPlatformMobile&quot;:{&quot;lblEnterMobile&quot;:&quot;Enter your mobile number below to download the redBus mobile app.&quot;,&quot;phoneCodeLbl&quot;:&quot;Enter your mobile number&quot;,&quot;phoneCodeErrLbl2&quot;:&quot;Please enter a valid phone code&quot;,&quot;lblMobilePlaceHolder&quot;:&quot;Enter your mobile number&quot;,&quot;lblValidNumberErrorMessages&quot;:&quot;Enter the mobile number|Invalid Mobile No&quot;,&quot;lblSendButton&quot;:&quot;SMS me the link&quot;,&quot;lblSuccessMessage&quot;:&quot;SMS sent with download link&quot;,&quot;lblErrorMessage&quot;:&quot;Sorry ! please try again. We are facing issues in sending SMS&quot;,&quot;lblInitialMessage&quot;:&quot;Will send you an SMS with a link to instantly download our app on your phone !&quot;,&quot;lblResentButton&quot;:&quot;Resend Link&quot;},&quot;dataPara&quot;:&quot;Enjoy the following exclusive features on the redBus app &lt;br/&gt;&lt;span class=&#039;Platform-hl&#039;&gt;Last Minute Booking&lt;/span&gt; - In a hurry to book a bus at the last minute? Choose the bus passing from your nearest boarding point and book in a few easy steps. &lt;br/&gt;&lt;span class=&#039;Platform-hl&#039;&gt;Boarding   Point Navigation&lt;/span&gt; -  Never lose your way while travelling to your boarding point! &lt;br/&gt;&lt;span class=&#039;Platform-hl&#039;&gt;Comprehensive Ticket Details &lt;/span&gt;- Everything that you need to make the travel hassle free - rest stop details, boarding point images, chat with co-passengers,  wake-up alarm and much more!&lt;/span&gt;&quot;},&quot;VideoContent&quot;:&quot;&lt;section&gt;&lt;div class=\&quot;main-body\&quot; style=\&quot;background-image: url(https://st.redbus.in/Images/HomeIndia/Video-Widget.png  );background-repeat: no-repeat;position: relative;width: 1122px;height: 236px;margin: 0 auto; top: 25px;\&quot;&gt;&lt;div class=\&quot;video_section\&quot; style=\&quot;position: relative;width: 375px;margin: 0 auto;float: left;top: 21px;x;left: 5px;\&quot;&gt;&lt;iframe width=\&quot;375\&quot; height=\&quot;198\&quot; src=\&quot;https://www.youtube.com/embed/7WNkyCjIpdQ\&quot;&gt;&lt;/iframe&gt;&lt;/div&gt;&lt;/div&gt;&lt;/section&gt;&quot;,&quot;TravelInfo&quot;:{&quot;head&quot;:&quot;BOOK BUS TICKETS ONLINE&quot;,&quot;desc&quot;:&quot;&lt;p&gt;redBus is India&#039;s largest brand for online bus ticket booking and offers an easy-to-use online bus and &lt;a href=\&quot;/train-tickets\&quot; target=\&quot;_self\&quot;&gt;train ticket &lt;/a&gt; booking; with over 36 million satisfied customers, 3500+ bus operators to choose from, and plenty of offers on bus ticket booking, redBus makes road journeys super convenient for travellers. A leading platform for booking bus tickets, redBus has been the leader in online bus booking over the past 17 years across thousands of cities and lakhs of routes in India.&lt;/p&gt;\n&lt;p&gt;Booking a bus ticket online on the redBus app or website is very simple. You can download the redBus app or visit redbus.in and enter your source, destination &amp;amp; travel date to check the top-rated bus services available. You can then compare bus prices, user ratings &amp;amp; amenities, select your preferred seat, boarding &amp;amp; dropping points and pay using multiple payment options like UPI, debit or credit card, net banking and more. With redBus, get assured safe &amp;amp; secure payment methods and guaranteed travel with the best seat and bus operator of your choice. Once the bus booking payment is confirmed, all you have to do is pack your bags and get ready to travel with the m-ticket, which you can show to the bus operator on your mobile before boarding the bus. Online bus ticket booking with redBus is that simple!&lt;/p&gt;\n&lt;p&gt;redBus also offers other exclusive benefits on online bus tickets like flexible ticket rescheduling options, easy &amp;amp; friendly cancellation policies, and instant payment refunds. With a live bus tracking feature, you can plan travel and never miss the bus. You can get the cheapest bus tickets by availing the best discounts for new &amp;amp; existing customers. With redDeals, you can also get exclusive &amp;amp; additional discounts on your online bus ticket booking. You will get 24/7 customer support on call, chat &amp;amp; help to resolve all your queries in English &amp;amp; local languages.&lt;/p&gt;\n&lt;p&gt;redBus offers Primo bus services, specially curated by redBus, which have highly rated buses and best-in-class service. With Primo by redBus, you can be assured of safe, comfortable, and on-time bus service at no additional cost. With multiple boarding and dropping points available across all major cities in India, you can select at your convenience and enjoy a smooth travel experience.&lt;/p&gt;\n&lt;p&gt;redBus operates in six countries, including India, Malaysia, Singapore, Indonesia, Peru, and Colombia. Through its website and app, it has sold over 220 million bus tickets worldwide. With over 36 million satisfied customers, redBus is committed to providing its users with a world-class online bus booking experience.&lt;/p&gt;\n&lt;p&gt;redBus offers bus tickets from some of the top private bus operators, such as Orange Travels, VRL Travels, SRS Travels, Chartered Bus, and Praveen Travels, and state government bus operators, such as APSRTC, TSRTC, GSRTC, Kerala RTC, TNSTC, RSRTC, UPSRTC, and more. With redBus, customers can easily book bus tickets for different bus types, such as AC/non-AC, Sleeper, Seater, Volvo, Multi-axle, AC Sleeper, Electric buses, and more.&lt;/p&gt;\n&quot;,&quot;travelImg&quot;:&quot;//s2.rdbuz.com/web/images/home/sgp/aboutTravel.jpg&quot;,&quot;headerType&quot;:&quot;h2&quot;,&quot;var1&quot;:&quot;Read more&quot;,&quot;var2&quot;:&quot;Read less&quot;,&quot;seoData&quot;:true},&quot;VideoContentFerry&quot;:null,&quot;Statistics&quot;:{&quot;head&quot;:&quot;The numbers are growing!&quot;,&quot;subHead1&quot;:&quot;CUSTOMERS&quot;,&quot;customerCount&quot;:&quot;36 M&quot;,&quot;CustomerText&quot;:&quot;redBus is trusted by over 36 million happy customers globally&quot;,&quot;subHead2&quot;:&quot;OPERATORS&quot;,&quot;operatorCount&quot;:&quot;3500&quot;,&quot;operatorText&quot;:&quot;network of over 3500 bus operators worldwide&quot;,&quot;subHead3&quot;:&quot;BUS TICKETS&quot;,&quot;ticketCount&quot;:&quot;220+ M&quot;,&quot;ticketText&quot;:&quot;Over 220 million trips booked using redBus&quot;},&quot;HeroImage&quot;:null,&quot;HeroTag&quot;:null,&quot;Stats&quot;:null,&quot;Makemytrip&quot;:null,&quot;Adv&quot;:null,&quot;Travel&quot;:null,&quot;BusPartners&quot;:null,&quot;Partners&quot;:null,&quot;SafetyPlus&quot;:null,&quot;About&quot;:null,&quot;WeareAbout&quot;:null,&quot;CustExp&quot;:null,&quot;AirPort&quot;:null,&quot;Popular&quot;:null,&quot;Advantage&quot;:{&quot;mainImg&quot;:&quot;//s1.rdbuz.com/web/images/home/promise.png&quot;,&quot;mainHead&quot;:&quot;We promise to deliver&quot;,&quot;mainDesc&quot;:&quot;&quot;,&quot;subHead1&quot;:{&quot;img&quot;:&quot;//s2.rdbuz.com/web/images/home/benefits.png&quot;,&quot;head&quot;:&quot;UNMATCHED BENEFITS&quot;,&quot;desc&quot;:&quot;We take care of your travel beyond ticketing by providing you with innovative and unique benefits.&quot;},&quot;subHead2&quot;:{&quot;img&quot;:&quot;//s1.rdbuz.com/web/images/home/lowest_Fare.png&quot;,&quot;head&quot;:&quot;LOWEST PRICES&quot;,&quot;desc&quot;:&quot;We always give you the lowest price with the best partner offers. &quot;},&quot;subHead3&quot;:{&quot;img&quot;:&quot;//s1.rdbuz.com/web/images/home/customer_care.png&quot;,&quot;head&quot;:&quot;SUPERIOR CUSTOMER SERVICE&quot;,&quot;desc&quot;:&quot;We put our experience and relationships to good use and are available to solve your travel issues.&quot;},&quot;subHead4&quot;:null,&quot;btn&quot;:{&quot;label&quot;:&quot;LEARN MORE&quot;,&quot;link&quot;:&quot;&quot;}},&quot;HelperText&quot;:{&quot;mainHead&quot;:&quot;How to order bus tickets&quot;,&quot;mainDesc&quot;:&quot;&quot;,&quot;subHead1&quot;:{&quot;img&quot;:&quot;//s3.rdbuz.com/images/webplatform/common/helpertext/helper_img1.png&quot;,&quot;head&quot;:&quot;CHOOSE TRIP DETAILS&quot;,&quot;desc&quot;:&quot;Enter source, destination, travel date and then click on &#039;Search&#039;&quot;},&quot;subHead2&quot;:{&quot;img&quot;:&quot;//s3.rdbuz.com/images/webplatform/common/helpertext/helper_img2.png&quot;,&quot;head&quot;:&quot;SELECT YOUR BUS AND SEAT&quot;,&quot;desc&quot;:&quot;Select bus, seats, boarding point, dropping point, fill passenger details and click &#039;Make payment&#039;&quot;},&quot;subHead3&quot;:{&quot;img&quot;:&quot;//s3.rdbuz.com/images/webplatform/common/helpertext/helper_img3.png&quot;,&quot;head&quot;:&quot;MAKE EASY PAYMENT&quot;,&quot;desc&quot;:&quot;Pay using ATM transfer, Internet banking, Alfamart, Credit/Debit card, Mandiri Clickpay, Bca Clickpay and many other easy options&quot;},&quot;btn&quot;:{&quot;label&quot;:&quot;LEARN MORE&quot;,&quot;link&quot;:&quot;&quot;}},&quot;Patners&quot;:{&quot;head&quot;:&quot;Our Partners&quot;,&quot;partnersImgs&quot;:[{&quot;img&quot;:&quot;//s1.rdbuz.com/web/images/Patners/Starmart.png&quot;,&quot;url&quot;:&quot;http://www.redbus.sg/travels/starmart-express&quot;},{&quot;img&quot;:&quot;//s2.rdbuz.com/web/images/Patners/Transtar.png&quot;,&quot;url&quot;:&quot;http://www.redbus.sg/travels/transtar-travel-pte-ltd&quot;},{&quot;img&quot;:&quot;//s3.rdbuz.com/web/images/Patners/Plusliner.png&quot;,&quot;url&quot;:&quot;http://www.redbus.sg/travels/plusliner-malaysia&quot;},{&quot;img&quot;:&quot;//s1.rdbuz.com/web/images/Patners/Aerobus.png&quot;,&quot;url&quot;:&quot;http://www.redbus.sg/travels/aerobus&quot;}]},&quot;Testimonials&quot;:{&quot;head&quot;:&quot;&quot;,&quot;desc&quot;:&quot;&quot;,&quot;tiles&quot;:[]},&quot;showPassenger&quot;:false,&quot;TripIdeas&quot;:null,&quot;SeoTags&quot;:{&quot;EnableNoIndexNoFollow&quot;:false,&quot;dynamicSeoData&quot;:null,&quot;nonRDCTags&quot;:false,&quot;isEnglish&quot;:false,&quot;title&quot;:&quot;Bus Ticket Booking Online made Easy, Secure with Top Bus Operators - redBus&quot;,&quot;description&quot;:&quot;Book bus tickets online with redBus, the world&#039;s largest online bus ticket booking brand for state government and private bus operators. You can book bus, train tickets at the lowest rates and get easy cancellation, instant refund.&quot;,&quot;canonical&quot;:&quot;https://www.redbus.in&quot;,&quot;Keywords&quot;:&quot;online bus ticket booking, bus booking, volvo ac bus booking, bus ticket booking, bus tickets&quot;,&quot;Media_tag&quot;:&quot;https://m.redbus.in/&quot;,&quot;googlesiteverification&quot;:&quot;xF6UvOJWcDUSenssBr8T9uGa_htW-2h3XbU9FAv9sQ8&quot;,&quot;googlesiteverificationforSellerRating&quot;:null,&quot;OrganizationalSchema&quot;:{&quot;contextValue&quot;:&quot;https://www.schema.org&quot;,&quot;typeValue&quot;:&quot;Organization&quot;,&quot;nameValue&quot;:&quot;redBus India&quot;,&quot;urlValue&quot;:&quot;https://www.redbus.in/&quot;},&quot;OrganizationalSchemaDynamic&quot;:null,&quot;RobotsMeta&quot;:{&quot;name&quot;:&quot;robots&quot;,&quot;content&quot;:&quot;noodp&quot;},&quot;og_title&quot;:null,&quot;og_type&quot;:null,&quot;og_url&quot;:null,&quot;og_image&quot;:null,&quot;og_site_name&quot;:null,&quot;og_description&quot;:null,&quot;hreflang&quot;:null},&quot;Journey&quot;:{&quot;image&quot;:&quot;https://s3.rdbuz.com/Images/webplatform/Common/Journey.png&quot;},&quot;Awards&quot;:{&quot;head&quot;:&quot;Awards &amp; Recognition&quot;,&quot;subHead1&quot;:{&quot;img&quot;:&quot;//s2.rdbuz.com/web/images/home/awards/Business_Standard1.png&quot;,&quot;head&quot;:&quot;&quot;,&quot;desc&quot;:&quot;Most Innovative Company&quot;,&quot;link&quot;:&quot;http://www.business-standard.com/article/companies/bs-annual-awards-saluting-the-spirit-of-entrepreneurship-114033100015_1.html&quot;},&quot;subHead2&quot;:{&quot;img&quot;:&quot;//s1.rdbuz.com/web/images/home/awards/Brand_Trust_Report.png&quot;,&quot;head&quot;:&quot;&quot;,&quot;desc&quot;:&quot;Most Trusted Brand&quot;,&quot;link&quot;:&quot;https://thebrandtrustreport.wordpress.com/tag/redbus-in/&quot;},&quot;subHead3&quot;:{&quot;img&quot;:&quot;//s3.rdbuz.com/web/images/home/awards/Eye_for_Travel1.png&quot;,&quot;head&quot;:&quot;&quot;,&quot;desc&quot;:&quot;Mobile Innovation Award&quot;,&quot;link&quot;:&quot;https://eyefortravelblog.blogspot.in/2014/04/winners-of-mobile-innovation-in-travel.html&quot;}},&quot;Shinny&quot;:{&quot;mainHead&quot;:&quot;UNIQUE ONLINE BUS BOOKING PLATFORM&quot;,&quot;subHead&quot;:&quot;redBus.in is India&#039;s largest online bus ticketing platform, trusted by over 6 million Indians. With a sale of over 10,00,00,000 &lt;a href=&#039;https://www.redbus.in/bus-tickets/&#039; target=&#039;_blank&#039;&gt;Bus tickets&lt;/a&gt; via web, mobile, and our bus agents, redBus stands at the top of the game in bus ticketing. redBus.in operates on over 84000 routes and is associated with 2300 reputed bus operators. Try the redBus experience today.&quot;,&quot;data&quot;:[{&quot;img&quot;:&quot;//s3.rdbuz.com/web/images/Offers/Red_DealsCreative.png&quot;,&quot;link&quot;:&quot;&quot;,&quot;head&quot;:&quot;RED DEALS&quot;,&quot;desc&quot;:&quot;Get a little extra! Additional discounts sponsored by your favorite bus operators exclusively on bus tickets booked via redBus&quot;},{&quot;img&quot;:&quot;//s3.rdbuz.com/web/images/home/multimedia_icon.png&quot;,&quot;link&quot;:&quot;&quot;,&quot;head&quot;:&quot;RATINGS AND PICTURE REVIEWS&quot;,&quot;desc&quot;:&quot;Rely on ratings and actual photos from fellow travellers to choose your bus!&quot;},{&quot;img&quot;:&quot;//s3.rdbuz.com/web/images/home/rest_stops.png&quot;,&quot;link&quot;:&quot;&quot;,&quot;head&quot;:&quot;REST STOPS&quot;,&quot;desc&quot;:&quot;Get information on rest stops along the way.&quot;},{&quot;img&quot;:&quot;//s3.rdbuz.com/web/images/home/GPS_tracking_icon.png&quot;,&quot;link&quot;:&quot;&quot;,&quot;head&quot;:&quot;LIVE TRACKING&quot;,&quot;desc&quot;:&quot;Track your bus with our ‘Track My Bus’ feature and know the exact location in real-time.Stay informed and keep your family informed!&quot;}]},&quot;Distribution&quot;:{&quot;img&quot;:&quot;&quot;,&quot;head&quot;:&quot;Our Global Presence&quot;,&quot;desc&quot;:&quot;&quot;,&quot;data&quot;:[{&quot;img&quot;:&quot;COL&quot;,&quot;text&quot;:&quot;colombia&quot;,&quot;link&quot;:&quot;https://www.redbus.co/&quot;},{&quot;img&quot;:&quot;IND&quot;,&quot;text&quot;:&quot;india&quot;,&quot;link&quot;:&quot;https://www.redbus.in&quot;},{&quot;img&quot;:&quot;IDN&quot;,&quot;text&quot;:&quot;indonesia&quot;,&quot;link&quot;:&quot;https://www.redbus.id&quot;},{&quot;img&quot;:&quot;MYS&quot;,&quot;text&quot;:&quot;malaysia&quot;,&quot;link&quot;:&quot;https://www.redbus.my&quot;},{&quot;img&quot;:&quot;PER&quot;,&quot;text&quot;:&quot;Peru&quot;,&quot;link&quot;:&quot;https://www.redbus.pe/&quot;},{&quot;img&quot;:&quot;SGP&quot;,&quot;text&quot;:&quot;singapore&quot;,&quot;link&quot;:&quot;https://www.redbus.sg&quot;}]},&quot;BoWithUs&quot;:null,&quot;PaymentMethods&quot;:null,&quot;PartialsList&quot;:[&quot;Welcome&quot;,&quot;Offers&quot;,&quot;AdTech&quot;,&quot;OtherPlatforms&quot;,&quot;Advantage&quot;,&quot;Awards&quot;,&quot;OurDistribution&quot;,&quot;Statistics&quot;],&quot;TrackMyBus&quot;:{&quot;Caption&quot;:&quot;TRACK MY BUS - Smarter  Way To Travel&quot;,&quot;subText&quot;:&quot;Track your bus with our ‘Track My Bus’ feature and know the exact location in real-time.Stay informed and keep your family informed!&quot;,&quot;linkTmb&quot;:&quot;https://www.redbus.in/info/track-my-bus&quot;,&quot;linktitle&quot;:&quot;Know more&quot;,&quot;dataTmb&quot;:[{&quot;headerTmb&quot;:&quot;BUSES&quot;,&quot;valueTmb&quot;:&quot;10,000&quot;,&quot;textTmb&quot;:&quot;Total buses currently being tracked&quot;},{&quot;headerTmb&quot;:&quot;ROUTES&quot;,&quot;valueTmb&quot;:&quot;60,000&quot;,&quot;textTmb&quot;:&quot;Total routes covered by live tracking&quot;},{&quot;headerTmb&quot;:&quot;USERS&quot;,&quot;valueTmb&quot;:&quot;40,000&quot;,&quot;textTmb&quot;:&quot;Total users using Track My Bus feature&quot;}]},&quot;HeroFeature&quot;:{&quot;isNonKnowMoreButtonEnabled&quot;:true,&quot;isKnowMoreButtonEnabled&quot;:false,&quot;Caption&quot;:&quot;Safety+&quot;,&quot;subText&quot;:&quot;Opt to Travel Safe with redBus&quot;,&quot;linkTmb&quot;:&quot;/SafetyPlus&quot;,&quot;linktitle&quot;:&quot;Know more&quot;,&quot;subText1&quot;:&quot;Look for buses with&quot;,&quot;subText2&quot;:&quot;tag while booking your journey,&quot;,&quot;headerOtg&quot;:&quot;Sanitized Bus&quot;,&quot;headerOtg1&quot;:&quot;Mandatory masks&quot;,&quot;headerOtg2&quot;:&quot;Thermal Screening&quot;,&quot;valueOtg&quot;:&quot;&quot;,&quot;valueOtg1&quot;:&quot;&quot;,&quot;valueOtg2&quot;:&quot;&quot;,&quot;textOtg1&quot;:&quot;Proper masks are mandatory for all passengers and bus staff.&quot;,&quot;textOtg2&quot;:&quot;All passengers will undergo thermal screening. Temperature checks for bus drivers and service staff are done before every trip.&quot;,&quot;textOtg&quot;:&quot;All Safety+ buses are sanitized and disinfected before and after every trip.&quot;},&quot;BookAgainReturn&quot;:{&quot;OfferOrder&quot;:2,&quot;BookAgainOrder&quot;:1,&quot;HerofeatureOrder&quot;:0,&quot;brTitle&quot;:&quot;Book your return journey&quot;,&quot;OfrCodeLbl&quot;:&quot;Use Code :&quot;,&quot;OfrCodeVal&quot;:&quot;CURPE20&quot;,&quot;bookBtnLbl&quot;:&quot;Book Now&quot;,&quot;bookAgnLbl&quot;:&quot;Re-book with us :&quot;,&quot;brOfferimg&quot;:&quot;https://s3.rdbuz.com/Images/carousel/br_offer.png&quot;,&quot;brBusimg&quot;:&quot;https://s3.rdbuz.com/Images/carousel/br_bus.png&quot;,&quot;brArrowimg&quot;:&quot;https://s3.rdbuz.com/Images/carousel/br_right_arrow.png&quot;,&quot;isOfferShow&quot;:false},&quot;SeatAssuranceHtml&quot;:null,&quot;isSeatAssuranceEnabled&quot;:false,&quot;isBookAgainReturn&quot;:false,&quot;bookAgainStart&quot;:8,&quot;bookAgainEnd&quot;:30,&quot;bookReturnEnd&quot;:7,&quot;resumeBookConfig&quot;:false,&quot;ResumeBooking&quot;:{&quot;resumeBookingTitle&quot;:&quot;Resume Your Last Booking: &quot;,&quot;bookingBtnLbl&quot;:&quot;Continue Booking&quot;,&quot;roundTripLbl&quot;:null},&quot;downtimeBanner&quot;:{&quot;duration&quot;:&quot;30&quot;,&quot;errorMessage&quot;:&quot;We are currently experiencing downtime. Please try again later.&quot;,&quot;EnableFlag&quot;:true,&quot;EndTime&quot;:&quot;1716928211625.0&quot;},&quot;recentBookConfig&quot;:false,&quot;RecentBooking&quot;:null,&quot;repeatBookingConfig&quot;:false,&quot;isSEABooking&quot;:false,&quot;OfferOrder&quot;:2,&quot;BookAgainOrder&quot;:1,&quot;HerofeatureOrder&quot;:0,&quot;timeDelaySec&quot;:5000,&quot;sourcePop&quot;:null,&quot;destPop&quot;:null,&quot;timerCountDown&quot;:{&quot;showCountDown&quot;:false,&quot;startTime&quot;:&quot;May 16, 2019 00:00:01&quot;,&quot;endTime&quot;:&quot;May 16, 2019 23:59:59&quot;,&quot;showDays&quot;:false,&quot;saleEndsLbl&quot;:&quot;SALE ENDS IN&quot;,&quot;hrsLbl&quot;:&quot;HH&quot;,&quot;daysLbl&quot;:&quot;DD&quot;,&quot;minLbl&quot;:&quot;MM&quot;,&quot;secsLbl&quot;:&quot;SS&quot;},&quot;pkgurl&quot;:&quot;https://www.redbus.in/packages&quot;,&quot;pkgurlseo&quot;:&quot;https://www.redbus.in/&quot;,&quot;redirectionBanner&quot;:null,&quot;isNoEmailPrintTin&quot;:false,&quot;IS_TPP_TILE_ENABLED&quot;:false,&quot;tppTile&quot;:null,&quot;Links&quot;:null,&quot;homeSeq&quot;:null,&quot;showAd&quot;:true,&quot;adData&quot;:{&quot;contextId&quot;:&quot;QlVTI0hPTUVQQUdFI01JRERMRQ==&quot;,&quot;adFallbackImage&quot;:&quot;https://s3.rdbuz.com/Images/99/webreferal.png&quot;,&quot;adFallbackLink&quot;:&quot;https://m.redbus.in/refer?portal=true&quot;},&quot;IS_QR_ENABLED&quot;:false,&quot;QRCard&quot;:null,&quot;cltdPopup&quot;:null,&quot;ignoreCltdPopup&quot;:null,&quot;directRedirectToDomain&quot;:null,&quot;Layout&quot;:{&quot;disableAppendLanguage&quot;:false,&quot;enableLoadLayoutBundle&quot;:false,&quot;disableMoeEngage&quot;:false,&quot;enableDebugBear&quot;:true,&quot;disableLoadJQueryForHome&quot;:true,&quot;disableJqueryForSrp&quot;:true,&quot;enableWebVitals&quot;:false,&quot;IsSearchPageCached&quot;:true,&quot;enableClientLangChange&quot;:false,&quot;alphaRegex&quot;:null,&quot;alphaCityRegex&quot;:null,&quot;alphaNumericRegex&quot;:null,&quot;payAtBusText&quot;:null,&quot;enableUIR&quot;:false,&quot;streaksConfig&quot;:{&quot;pendingContainer&quot;:&quot;https://st.redbus.in/Images/tripreward/pendingTripContainer.png&quot;,&quot;completedContainer&quot;:&quot;https://st.redbus.in/Images/tripreward/completedcontainer.png&quot;,&quot;freeTicketImg&quot;:&quot;https://s3.rdbuz.com/Images/tripreward/FreeTicketWithoutLock.svg&quot;,&quot;lockimg&quot;:&quot;https://st.redbus.in/Images/tripreward/lock.png&quot;,&quot;lockText&quot;:&quot;Free Ticket&quot;,&quot;bookBefore&quot;:&quot;Book and travel before &quot;,&quot;bookAfter&quot;:&quot;Book after &quot;,&quot;hexagonImg&quot;:&quot;https://s3.rdbuz.com/Images/tripreward/hexagon.png&quot;,&quot;pendingText&quot;:&quot;Pending&quot;,&quot;rewardLockImg&quot;:&quot;https://s3.rdbuz.com/Images/tripreward/FreeTicketWithLock.svg&quot;,&quot;hiwText&quot;:&quot;How does this work?&quot;,&quot;tripsummary&quot;:&quot;Trip Summary&quot;,&quot;freeTicKetunlock&quot;:&quot;Free ticket unlocked&quot;,&quot;cliamAfter&quot;:&quot;Claim after &quot;,&quot;travelBefore&quot;:&quot; and travel before &quot;,&quot;take&quot;:&quot;Take &quot;,&quot;moreTripsWith&quot;:&quot; more trips with &quot;,&quot;before&quot;:&quot; before &quot;,&quot;getWorth&quot;:&quot; &amp; Get a free ticket worth up to ₹&quot;,&quot;freeTicket&quot;:&quot;You have 1 free Ticket&quot;,&quot;bookTravelBefore&quot;:&quot;Book &amp; travel Before &quot;,&quot;tripsWith&quot;:&quot; trips with &quot;,&quot;getFreeTicket&quot;:&quot; to get this ticket for free&quot;,&quot;getFreeWorth&quot;:&quot; to get free ticket worth up to ₹&quot;,&quot;freeWorth&quot;:&quot;Free ticket worth ₹&quot;,&quot;available&quot;:&quot; available&quot;,&quot;keyPointsRemember&quot;:&quot;Key points to remember&quot;,&quot;boheadText&quot;:&quot;Bus operators in tripReward&quot;,&quot;tripLogo&quot;:&quot;https://s3.rdbuz.com/Images/tripreward/trfulllogo.png&quot;,&quot;popGif&quot;:&quot;https://st.redbus.in/Images/tripreward/homeconfetti.gif&quot;,&quot;unLocktext&quot;:&quot;Unlock your chance to win a Free Ticket with &quot;,&quot;triprewardImg&quot;:&quot;https://s3.rdbuz.com/Images/tripreward/tripReward.svg&quot;},&quot;shortDays&quot;:null,&quot;shortMonths&quot;:null,&quot;keepFooterConsistentAcrossFunnell&quot;:false,&quot;currencyChange&quot;:null,&quot;signUpOtpMessageUI&quot;:null,&quot;signInOtpMessageUI&quot;:null,&quot;IS_SEO_DIRECTORY_URL_ENABLED&quot;:false,&quot;IS_NEW_HEADER_FOOTER_ENABLED&quot;:true,&quot;IS_HOME_V2_ENABLED&quot;:true,&quot;IS_SEA_COUNTRY&quot;:true,&quot;IS_SERVER_ENV&quot;:true,&quot;enableAPMClient&quot;:false,&quot;enableClientABSetup&quot;:true,&quot;multipleAbData&quot;:[{&quot;expiry&quot;:21.0,&quot;originalTraffic&quot;:0.0,&quot;bucketTraffic&quot;:[0.33,0.33,0.33],&quot;cookieName&quot;:&quot;reddealBoostAB&quot;,&quot;abValue&quot;:null,&quot;page&quot;:&quot;HOME&quot;,&quot;cookiePrefix&quot;:null},{&quot;expiry&quot;:21.0,&quot;originalTraffic&quot;:0.0,&quot;bucketTraffic&quot;:[0.0,0.0,1.0],&quot;cookieName&quot;:&quot;rtcInline&quot;,&quot;abValue&quot;:null,&quot;page&quot;:&quot;SEARCH&quot;,&quot;cookiePrefix&quot;:null},{&quot;expiry&quot;:21.0,&quot;originalTraffic&quot;:0.0,&quot;bucketTraffic&quot;:[0.33,0.33,0.33],&quot;cookieName&quot;:&quot;dynamic_custinfo&quot;,&quot;abValue&quot;:null,&quot;page&quot;:&quot;SEARCH&quot;,&quot;cookiePrefix&quot;:null},{&quot;expiry&quot;:21.0,&quot;originalTraffic&quot;:0.5,&quot;bucketTraffic&quot;:[0.5],&quot;cookieName&quot;:&quot;uirAB_WEB&quot;,&quot;abValue&quot;:null,&quot;page&quot;:&quot;home&quot;,&quot;cookiePrefix&quot;:null}],&quot;abExpSync&quot;:[&quot;reddealBoostAB&quot;,&quot;rtcInline&quot;,&quot;dynamic_custinfo&quot;],&quot;isPackageRedirectFromChannel&quot;:false,&quot;pkgurl&quot;:null,&quot;pkgurlseo&quot;:null,&quot;enableABSetup&quot;:true,&quot;abData&quot;:{&quot;expiry&quot;:21.0,&quot;originalTraffic&quot;:0.0,&quot;bucketTraffic&quot;:[0.0,0.0,1.0],&quot;cookieName&quot;:&quot;homeV2&quot;,&quot;abValue&quot;:null,&quot;page&quot;:null,&quot;cookiePrefix&quot;:null},&quot;LoggingEnabledChannelUrls&quot;:null,&quot;IS_ERROR_EVENT&quot;:false,&quot;IsRDCPopupEnabled&quot;:false,&quot;IS_FERRY_CLTD_ENABLED&quot;:false,&quot;dynamicCustInfoAvailable&quot;:true,&quot;enableSolrStateName&quot;:true,&quot;enableTnCAcceptance&quot;:false,&quot;tnCAcceptanceLabels&quot;:null,&quot;recaptchaSiteKey&quot;:&quot;6Lclx6UZAAAAAAJPzjIzuni5BEHrRGUzU9Rz87HS&quot;,&quot;footerOtherServiceShowBelow&quot;:true,&quot;IS_VALID_HEADER_TRAINING_DISABLED&quot;:false,&quot;IS_OTP_FRAUD_CHECK_ENABLED&quot;:false,&quot;showRDCHome&quot;:false,&quot;IS_COMMA_ENABLED&quot;:false,&quot;branchKey&quot;:&quot;key_live_pmMiKmugKG0cjSWqKr00jdfdwFhW20M0&quot;,&quot;mriSessionIdTimeout&quot;:500,&quot;mriClientTimeout&quot;:0,&quot;useMri&quot;:true,&quot;enableCookieConsent&quot;:false,&quot;enableCltdPopup&quot;:false,&quot;enableBrowserFP&quot;:true,&quot;country&quot;:null,&quot;IS_GFT_V2_ENABLED&quot;:false,&quot;redbusLogoImage&quot;:null,&quot;nonDefaultLang&quot;:null,&quot;isSOLRIconDisabled&quot;:false,&quot;searchDownPanel&quot;:null,&quot;IS_SEO_BUS_DETAILS_ENABLED&quot;:false,&quot;IS_AB_EXPERIMENT_ENABLED&quot;:true,&quot;busDetailsPageConfig&quot;:null,&quot;IS_DYNAMIC_SEAT_BLOCKING_FEATURE_ENABLED&quot;:true,&quot;SECURE_COOKIE&quot;:true,&quot;IS_ALLOW_LADY_NEXT_TO_MALE_FEATURE_ENABLED&quot;:false,&quot;IS_ROUND_TRIP_DISABLED&quot;:true,&quot;dynamicContent&quot;:{&quot;IS_SRP_TUPLE_ENABLED&quot;:true,&quot;IS_SEAT_LAYOUT_ENABLED&quot;:true,&quot;IS_CUST_INFO_ENABLED&quot;:true,&quot;IS_THANK_YOU_ENABLED&quot;:true,&quot;srpTupleLbl&quot;:&quot;&quot;,&quot;seatLayoutLbl&quot;:&quot;&quot;,&quot;custInfoLbl&quot;:&quot;&quot;,&quot;thankyouLbl&quot;:&quot;&quot;},&quot;IS_PRE_REGISTER_ENABLED&quot;:true,&quot;IS_SAFETY_PLUS_ENABLED&quot;:true,&quot;IS_NEW_CANCELLATION_ENABLED&quot;:true,&quot;IS_NEW_CONTEXTUAL_LOGIN_ENABLED&quot;:true,&quot;IS_CO_TRAVELLERS_ENABLED&quot;:false,&quot;IS_SET_CO_TRAVELLER_API_DISABLED&quot;:false,&quot;isBoardingPassEnabled&quot;:false,&quot;boardingPass&quot;:null,&quot;tripleFive&quot;:{&quot;introLbl&quot;:&quot;INTRODUCING&quot;,&quot;tripleFiveLbl&quot;:&quot;Primo&quot;,&quot;busExLbl&quot;:&quot;The Smart Choice&quot;,&quot;busExLbl2&quot;:&quot;for the best bus experience.&quot;,&quot;subHeadFirstLbl&quot;:&quot;Look for buses with&quot;,&quot;subHeadLastLbl&quot;:&quot;tag while booking your journey&quot;,&quot;subHeadFirstLbl_new&quot;:&quot;Look for the tag&quot;,&quot;subHeadLastLbl_new&quot;:&quot;while booking&quot;,&quot;popupLeadText&quot;:&quot;Rising Stars on redBus&quot;,&quot;tripleFiveLbl1&quot;:&quot;On time&quot;,&quot;tripleFiveInfo1&quot;:&quot;Punctual arrivals on 95% trips&quot;,&quot;tripleFiveLbl2&quot;:&quot;Friendly Staff&quot;,&quot;tripleFiveInfo2&quot;:&quot;Always ready to help&quot;,&quot;tripleFiveLbl3&quot;:&quot;Top Rated&quot;,&quot;tripleFiveInfo3&quot;:&quot;Buses with 4+ star rating&quot;,&quot;ownerText&quot;:&quot;(Owner)&quot;,&quot;primoS3BaseUrl&quot;:&quot;https://s3.rdbuz.com/Images/webplatform/india/primo&quot;,&quot;opeartorImgBaseUrl&quot;:&quot;https://s3.rdbuz.com/Images/operatorImages/&quot;,&quot;operatorImgType&quot;:&quot;.png&quot;},&quot;milestoneProgram&quot;:null,&quot;IsAdsbyGoogleEnabled&quot;:false,&quot;IsMRIUxCaptureEnabled&quot;:true,&quot;MRI_CLIENT_BASEURL&quot;:&quot;https://mriclient.redbus.com/mri/push-to-kafka&quot;,&quot;MRI_ENVIRONMENT&quot;:&quot;prod&quot;,&quot;captureIpriceEnabled&quot;:false,&quot;IsRiskifiedEnabled&quot;:true,&quot;enableCAPIErrMsg&quot;:true,&quot;IsKibanaEnabled&quot;:false,&quot;IsUnAuthKibanaEnabled&quot;:true,&quot;isHeroFeatureSEA_LATAM&quot;:false,&quot;Header&quot;:{&quot;PageName&quot;:&quot;HOME&quot;,&quot;logo&quot;:{&quot;src&quot;:&quot;/images/home/sgp/layout_logo.png&quot;,&quot;title&quot;:&quot;redBus.in India&#039;s #1 Bus Booking Site&quot;,&quot;alt&quot;:&quot;redBus.in&quot;,&quot;link&quot;:&quot;/&quot;},&quot;rdcLogin&quot;:null,&quot;products&quot;:[{&quot;classlbl&quot;:&quot;selectedBus site-links&quot;,&quot;link&quot;:&quot;https://www.redbus.in/&quot;,&quot;label&quot;:&quot;&lt;style&gt;.rest .promotions-wrap{margin-left:44px;margin-top:-96px;}.cntEnd,.timName{color:#fff}.countInfo .position {height: 1.23em;}.bpdpcoach-block.coach-remove{pointer-events: none;}&lt;/style&gt;BUS TICKETS&quot;,&quot;title&quot;:&quot;redBus&quot;},{&quot;classlbl&quot;:&quot;site-links redRail&quot;,&quot;link&quot;:&quot;https://www.redbus.in/railways&quot;,&quot;label&quot;:&quot;redRail&quot;,&quot;title&quot;:&quot;redRail&quot;}],&quot;helpText&quot;:&quot;Need Help?&quot;,&quot;helpNo&quot;:[&quot;+65-31582888&quot;],&quot;helpEmailId&quot;:&quot;support@redbus.sg&quot;,&quot;helpNoText&quot;:&quot;Call Us at: &quot;,&quot;howtoOrderText&quot;:&quot;&quot;,&quot;helpEmailText&quot;:&quot;Email to: &quot;,&quot;PrintSMS&quot;:&quot;Print/SMS Ticket&quot;,&quot;PrintSMSHref&quot;:&quot;/Home/PrintTicket&quot;,&quot;helpHref&quot;:&quot;/info/redcare&quot;,&quot;helpLbl&quot;:&quot;Help&quot;,&quot;busTicketOnline&quot;:null,&quot;busTicketOnlineLink&quot;:null,&quot;lblCallUsAt&quot;:&quot;Call Us At&quot;,&quot;imgCallUsAt&quot;:&quot;https://s3.rdbuz.com/Web/Images/call_new.png&quot;,&quot;lblCallUsAtHelp&quot;:&quot;HOW CAN WE HELP YOU?&quot;,&quot;lblCancel&quot;:&quot;Cancel / Track Refund&quot;,&quot;lblWriteToUs&quot;:&quot;Write To Us&quot;,&quot;imgWriteToUs&quot;:&quot;https://s3.rdbuz.com/Web/Images/write.png&quot;,&quot;lnkHowToPay&quot;:null,&quot;lblHowToPay&quot;:null,&quot;countryDropDown&quot;:[{&quot;value&quot;:&quot;MYS&quot;,&quot;label&quot;:&quot;Malaysia&quot;,&quot;link&quot;:&quot;https://stage.redbus.my&quot;},{&quot;value&quot;:&quot;SGP&quot;,&quot;label&quot;:&quot;Singapore&quot;,&quot;link&quot;:&quot;https://stage.redbus.sg&quot;},{&quot;value&quot;:&quot;IDN&quot;,&quot;label&quot;:&quot;Indonesia&quot;,&quot;link&quot;:&quot;https://stage.redbus.id&quot;}],&quot;languageDropDown&quot;:[{&quot;value&quot;:&quot;en&quot;,&quot;label&quot;:&quot;English&quot;}],&quot;currencyDropDown&quot;:[{&quot;value&quot;:&quot;INR&quot;,&quot;label&quot;:&quot;INR&quot;,&quot;country&quot;:&quot;Indian Rupee&quot;,&quot;headerDispValue&quot;:null,&quot;symbol&quot;:null}],&quot;cancellationDropDown&quot;:[{&quot;value&quot;:&quot;/Cancellation&quot;,&quot;label&quot;:&quot;Bus&quot;},{&quot;value&quot;:&quot;/hotels/cancellation&quot;,&quot;label&quot;:&quot;Hotels&quot;}],&quot;geoLocationDropDown&quot;:[{&quot;label&quot;:&quot;Karnataka&quot;,&quot;state&quot;:&quot;KA&quot;},{&quot;label&quot;:&quot;Karnataka&quot;,&quot;state&quot;:&quot;KA&quot;},{&quot;label&quot;:&quot;West Bengal&quot;,&quot;state&quot;:&quot;WB&quot;},{&quot;label&quot;:&quot;West Bengal&quot;,&quot;state&quot;:&quot;WB&quot;},{&quot;label&quot;:&quot;Assam&quot;,&quot;state&quot;:&quot;AS&quot;},{&quot;label&quot;:&quot;Gujarat&quot;,&quot;state&quot;:&quot;GJ&quot;},{&quot;label&quot;:&quot;Uttar Pradesh&quot;,&quot;state&quot;:&quot;UP&quot;},{&quot;label&quot;:&quot;Maharashtra&quot;,&quot;state&quot;:&quot;MH&quot;},{&quot;label&quot;:&quot;Maharashtra&quot;,&quot;state&quot;:&quot;MH&quot;},{&quot;label&quot;:&quot;Telangana&quot;,&quot;state&quot;:&quot;TG&quot;},{&quot;label&quot;:&quot;Andhra Pradesh&quot;,&quot;state&quot;:&quot;AP&quot;},{&quot;label&quot;:&quot;Others&quot;,&quot;state&quot;:&quot;DEFAULT&quot;}],&quot;ManageBooking&quot;:{&quot;manageBookingHeader&quot;:&quot;Manage Booking&quot;,&quot;busMBHeader&quot;:&quot;Bus Tickets&quot;,&quot;hotelMBheader&quot;:&quot;Hotels Tickets&quot;,&quot;busManageBooking&quot;:{&quot;Cancel&quot;:&quot;/Cancellation&quot;,&quot;Change Travel Date&quot;:&quot;/Reschedule&quot;,&quot;Show My Ticket&quot;:&quot;/Home/PrintTicket&quot;,&quot;Email/SMS&quot;:&quot;/Home/SmsAndEmailTicket&quot;},&quot;hotelManageBooking&quot;:null},&quot;IsUserSignedIn&quot;:false,&quot;isLanguageFlag&quot;:false,&quot;rdcLogo&quot;:null,&quot;showBubble&quot;:false,&quot;currencySelectedLbl&quot;:null,&quot;currencyChangeLbl&quot;:null,&quot;headerActiveLinks&quot;:[{&quot;Feature&quot;:&quot;IsPersonalization&quot;,&quot;value&quot;:true},{&quot;Feature&quot;:&quot;IsLanguageDD&quot;,&quot;value&quot;:false},{&quot;Feature&quot;:&quot;IsCurrencyDD&quot;,&quot;value&quot;:false},{&quot;Feature&quot;:&quot;IsPrintSMS&quot;,&quot;value&quot;:false},{&quot;Feature&quot;:&quot;IsNeedHelp&quot;,&quot;value&quot;:false},{&quot;Feature&quot;:&quot;IsCallUs&quot;,&quot;value&quot;:false},{&quot;Feature&quot;:&quot;IsWriteToUs&quot;,&quot;value&quot;:false},{&quot;Feature&quot;:&quot;IsCancellation&quot;,&quot;value&quot;:false},{&quot;Feature&quot;:&quot;IsGeoLocation&quot;,&quot;value&quot;:false},{&quot;Feature&quot;:&quot;IsHowToOrder&quot;,&quot;value&quot;:false},{&quot;Feature&quot;:&quot;IsHowToPay&quot;,&quot;value&quot;:false},{&quot;Feature&quot;:&quot;IsRedbusPartner&quot;,&quot;value&quot;:false},{&quot;Feature&quot;:&quot;IsReschedule&quot;,&quot;value&quot;:false},{&quot;Feature&quot;:&quot;IsExtPromLink&quot;,&quot;value&quot;:false},{&quot;Feature&quot;:&quot;IsHelp&quot;,&quot;value&quot;:true}],&quot;personalization&quot;:[{&quot;id&quot;:&quot;mt&quot;,&quot;displayName&quot;:&quot;My Trips&quot;,&quot;link&quot;:&quot;myprofile#trips&quot;},{&quot;id&quot;:&quot;wc&quot;,&quot;displayName&quot;:&quot;Wallets/Cards&quot;,&quot;link&quot;:&quot;myprofile#wallet&quot;},{&quot;id&quot;:&quot;mp&quot;,&quot;displayName&quot;:&quot;My Profile&quot;,&quot;link&quot;:&quot;myprofile&quot;},{&quot;id&quot;:&quot;cp&quot;,&quot;displayName&quot;:&quot;Change Password&quot;,&quot;link&quot;:&quot;myprofile#updatePassword&quot;},{&quot;id&quot;:&quot;wh&quot;,&quot;displayName&quot;:&quot;Wallet&quot;,&quot;link&quot;:&quot;myprofile#walletHistory&quot;},{&quot;id&quot;:&quot;so&quot;,&quot;displayName&quot;:&quot;Sign Out&quot;,&quot;link&quot;:&quot;&quot;},{&quot;id&quot;:&quot;so&quot;,&quot;displayName&quot;:&quot;Sign Out From All Devices&quot;,&quot;link&quot;:&quot;&quot;},{&quot;id&quot;:&quot;si&quot;,&quot;displayName&quot;:&quot;Sign In/Sign Up&quot;,&quot;link&quot;:&quot;&quot;}],&quot;IsRBWalletFeatureEnabled&quot;:true,&quot;IsPasswordExists&quot;:false,&quot;partnerLogo&quot;:null,&quot;IsSupportDropDown&quot;:false,&quot;lblDDSupport&quot;:&quot;redBus Support&quot;,&quot;WalletBalance&quot;:{&quot;BalanceText&quot;:&quot;Wallet Balance&quot;,&quot;CurrencyLabel&quot;:null,&quot;AbsolutePathList&quot;:[&quot;/&quot;,&quot;/SEARCH&quot;],&quot;IsTruncateBalance&quot;:true},&quot;lblRedbusPartner&quot;:null,&quot;lblReschedule&quot;:&quot;Reschedule&quot;,&quot;linkRedbusPartner&quot;:null,&quot;lblCharterBuses&quot;:null,&quot;linkCharterBuses&quot;:null,&quot;expMins&quot;:1770.0,&quot;DefaultLangCheck&quot;:null,&quot;sameCountryCheck&quot;:null,&quot;autoCurrencySelect&quot;:null,&quot;autoLangSelect&quot;:null,&quot;flagstoLanguage&quot;:null,&quot;isHelpWidthAdjust&quot;:false,&quot;lblExtProm&quot;:null,&quot;lblExtPromLink&quot;:null,&quot;lblPromationLbl&quot;:null,&quot;lblPromationLink&quot;:null,&quot;corporateRedbusLbl&quot;:null,&quot;corporateRedbusLink&quot;:null,&quot;isChangePasswordDisabled&quot;:false,&quot;ferryTicketOnline&quot;:null,&quot;ferryTicketOnlineLink&quot;:null,&quot;newIndicator&quot;:null,&quot;percentOffIndicator&quot;:null,&quot;showRDCHome&quot;:false,&quot;activitiesOnlineLink&quot;:null,&quot;activitiesOnline&quot;:null},&quot;HeaderV2&quot;:{&quot;redBusLogoWebp&quot;:&quot;https://s3.rdbuz.com/Images/rdc/rdc-redbus-logo.webp&quot;,&quot;redBusLogo&quot;:&quot;https://s3.rdbuz.com/Images/rdc/rdc-redbus-logo.svg&quot;,&quot;verticals&quot;:[{&quot;imgUrl&quot;:&quot;https://s3.rdbuz.com/Images/rdc/rdc-redbus-logo.svg&quot;,&quot;key&quot;:&quot;bus_tickets_vertical&quot;,&quot;displayName&quot;:&quot;Bus Tickets&quot;,&quot;redirectUrl&quot;:&quot;https://www.redbus.in/bus-tickets&quot;,&quot;isDisabled&quot;:false,&quot;altName&quot;:&quot;Online Bus Tickets Booking&quot;,&quot;titleName&quot;:&quot;Online Bus Tickets Booking&quot;,&quot;newTag&quot;:null,&quot;isActive&quot;:true},{&quot;imgUrl&quot;:&quot;https://s3.rdbuz.com/web/images/layout/rail_vertical.svg&quot;,&quot;key&quot;:&quot;rail_tickets_vertical&quot;,&quot;displayName&quot;:&quot;Train Tickets&quot;,&quot;redirectUrl&quot;:&quot;https://www.redbus.in/railways&quot;,&quot;isDisabled&quot;:false,&quot;altName&quot;:&quot;Online Train Tickets Booking&quot;,&quot;titleName&quot;:&quot;Online Train Tickets Booking&quot;,&quot;newTag&quot;:&quot;₹80 off&quot;,&quot;isActive&quot;:false}],&quot;secondaryItems&quot;:[{&quot;iconClass&quot;:&quot;icon-help_new&quot;,&quot;key&quot;:&quot;help_redcare&quot;,&quot;displayName&quot;:&quot;Help&quot;,&quot;isRedirectOnClick&quot;:true,&quot;redirectUrl&quot;:&quot;/info/redcare&quot;,&quot;isDropdownTickNeeded&quot;:false,&quot;isShowOnlyOnLoggedIn&quot;:false,&quot;isShowOnlyOnLoggedOut&quot;:false,&quot;isDisabled&quot;:false,&quot;subMenuItems&quot;:null},{&quot;iconClass&quot;:&quot;icon-language&quot;,&quot;key&quot;:&quot;language_change&quot;,&quot;displayName&quot;:&quot;Language&quot;,&quot;isRedirectOnClick&quot;:false,&quot;redirectUrl&quot;:null,&quot;isDropdownTickNeeded&quot;:true,&quot;isShowOnlyOnLoggedIn&quot;:false,&quot;isShowOnlyOnLoggedOut&quot;:false,&quot;isDisabled&quot;:true,&quot;subMenuItems&quot;:[{&quot;subName&quot;:null,&quot;displayName&quot;:&quot;English&quot;,&quot;headerDispValue&quot;:null,&quot;key&quot;:&quot;en&quot;,&quot;redirectUrl&quot;:null,&quot;isSeperatorNeededAfter&quot;:false},{&quot;subName&quot;:null,&quot;displayName&quot;:&quot;हिंदी (Hindi)&quot;,&quot;headerDispValue&quot;:null,&quot;key&quot;:&quot;hi&quot;,&quot;redirectUrl&quot;:null,&quot;isSeperatorNeededAfter&quot;:false}]},{&quot;iconClass&quot;:&quot;icon-user_profile_new&quot;,&quot;key&quot;:&quot;account_dd&quot;,&quot;displayName&quot;:&quot;Account&quot;,&quot;isRedirectOnClick&quot;:false,&quot;redirectUrl&quot;:null,&quot;isDropdownTickNeeded&quot;:false,&quot;isShowOnlyOnLoggedIn&quot;:false,&quot;isShowOnlyOnLoggedOut&quot;:true,&quot;isDisabled&quot;:false,&quot;subMenuItems&quot;:[{&quot;subName&quot;:null,&quot;displayName&quot;:&quot;Cancel Ticket&quot;,&quot;headerDispValue&quot;:null,&quot;key&quot;:&quot;cancel_ticket&quot;,&quot;redirectUrl&quot;:&quot;/Cancellation&quot;,&quot;isSeperatorNeededAfter&quot;:false},{&quot;subName&quot;:null,&quot;displayName&quot;:&quot;Change Travel Date&quot;,&quot;headerDispValue&quot;:null,&quot;key&quot;:&quot;reschedule_ticket&quot;,&quot;redirectUrl&quot;:&quot;/Reschedule&quot;,&quot;isSeperatorNeededAfter&quot;:false},{&quot;subName&quot;:null,&quot;displayName&quot;:&quot;Show My Ticket&quot;,&quot;headerDispValue&quot;:null,&quot;key&quot;:&quot;ticket_details&quot;,&quot;redirectUrl&quot;:&quot;/Home/PrintTicket&quot;,&quot;isSeperatorNeededAfter&quot;:false},{&quot;subName&quot;:null,&quot;displayName&quot;:&quot;Email/SMS&quot;,&quot;headerDispValue&quot;:null,&quot;key&quot;:&quot;smsandemail_ticket&quot;,&quot;redirectUrl&quot;:&quot;/Home/SmsAndEmailTicket&quot;,&quot;isSeperatorNeededAfter&quot;:true},{&quot;subName&quot;:null,&quot;displayName&quot;:&quot;Login/ Sign Up&quot;,&quot;headerDispValue&quot;:null,&quot;key&quot;:&quot;user_sign_in_sign_up&quot;,&quot;redirectUrl&quot;:null,&quot;isSeperatorNeededAfter&quot;:false}]},{&quot;iconClass&quot;:&quot;icon-user_profile_new&quot;,&quot;key&quot;:&quot;account_dd&quot;,&quot;displayName&quot;:&quot;My Account&quot;,&quot;isRedirectOnClick&quot;:false,&quot;redirectUrl&quot;:null,&quot;isDropdownTickNeeded&quot;:false,&quot;isShowOnlyOnLoggedIn&quot;:true,&quot;isShowOnlyOnLoggedOut&quot;:false,&quot;isDisabled&quot;:false,&quot;subMenuItems&quot;:[{&quot;subName&quot;:null,&quot;displayName&quot;:&quot;Cancel Ticket&quot;,&quot;headerDispValue&quot;:null,&quot;key&quot;:&quot;cancel_ticket&quot;,&quot;redirectUrl&quot;:&quot;/Cancellation&quot;,&quot;isSeperatorNeededAfter&quot;:false},{&quot;subName&quot;:null,&quot;displayName&quot;:&quot;Change Travel Date&quot;,&quot;headerDispValue&quot;:null,&quot;key&quot;:&quot;reschedule_ticket&quot;,&quot;redirectUrl&quot;:&quot;/Reschedule&quot;,&quot;isSeperatorNeededAfter&quot;:false},{&quot;subName&quot;:null,&quot;displayName&quot;:&quot;Show My Ticket&quot;,&quot;headerDispValue&quot;:null,&quot;key&quot;:&quot;ticket_details&quot;,&quot;redirectUrl&quot;:&quot;/Home/PrintTicket&quot;,&quot;isSeperatorNeededAfter&quot;:false},{&quot;subName&quot;:null,&quot;displayName&quot;:&quot;Email/SMS&quot;,&quot;headerDispValue&quot;:null,&quot;key&quot;:&quot;smsandemail_ticket&quot;,&quot;redirectUrl&quot;:&quot;/Home/SmsAndEmailTicket&quot;,&quot;isSeperatorNeededAfter&quot;:true},{&quot;subName&quot;:null,&quot;displayName&quot;:&quot;My Profile&quot;,&quot;headerDispValue&quot;:null,&quot;key&quot;:&quot;profile_detail&quot;,&quot;redirectUrl&quot;:&quot;/myprofile&quot;,&quot;isSeperatorNeededAfter&quot;:false},{&quot;subName&quot;:null,&quot;displayName&quot;:&quot;My Trips&quot;,&quot;headerDispValue&quot;:null,&quot;key&quot;:&quot;profile_trips&quot;,&quot;redirectUrl&quot;:&quot;/myprofile#trips&quot;,&quot;isSeperatorNeededAfter&quot;:false},{&quot;subName&quot;:null,&quot;displayName&quot;:&quot;Cards&quot;,&quot;headerDispValue&quot;:null,&quot;key&quot;:&quot;profile_wallets_cards&quot;,&quot;redirectUrl&quot;:&quot;/myprofile#wallet&quot;,&quot;isSeperatorNeededAfter&quot;:false},{&quot;subName&quot;:null,&quot;displayName&quot;:&quot;Wallet&quot;,&quot;headerDispValue&quot;:null,&quot;key&quot;:&quot;profile_wallet&quot;,&quot;redirectUrl&quot;:&quot;/myprofile#wallet&quot;,&quot;isSeperatorNeededAfter&quot;:true},{&quot;subName&quot;:null,&quot;displayName&quot;:&quot;Sign Out&quot;,&quot;headerDispValue&quot;:null,&quot;key&quot;:&quot;user_sign_out&quot;,&quot;redirectUrl&quot;:null,&quot;isSeperatorNeededAfter&quot;:false},{&quot;subName&quot;:null,&quot;displayName&quot;:&quot;Sign Out from All Devices&quot;,&quot;headerDispValue&quot;:null,&quot;key&quot;:&quot;user_sign_out_all_device&quot;,&quot;redirectUrl&quot;:null,&quot;isSeperatorNeededAfter&quot;:false}]}],&quot;IsUserLoggedIn&quot;:false,&quot;IsHeaderHeightSmall&quot;:false,&quot;showVerticalsInFunnel&quot;:false},&quot;hardClearCookie&quot;:true,&quot;Footer&quot;:{&quot;footerLinkHeadType&quot;:null,&quot;SeoFooterLinks&quot;:[{&quot;uiComponentId&quot;:&quot;C_155&quot;,&quot;content&quot;:{&quot;heading&quot;:&quot;Popular Bus Routes&quot;,&quot;body&quot;:null,&quot;subHeading&quot;:null,&quot;var1&quot;:null,&quot;var2&quot;:null,&quot;var3&quot;:null,&quot;label1&quot;:null,&quot;value1&quot;:null,&quot;label2&quot;:null,&quot;value2&quot;:null,&quot;label3&quot;:null,&quot;value3&quot;:null,&quot;imageUrl&quot;:null,&quot;faqList&quot;:null,&quot;dataList&quot;:[{&quot;url&quot;:&quot;https://www.redbus.in/bus-tickets/delhi-to-manali&quot;,&quot;name&quot;:&quot;Delhi To Manali Bus&quot;,&quot;tooltip&quot;:null,&quot;customAttributes&quot;:null,&quot;isMoreLink&quot;:false},{&quot;url&quot;:&quot;https://www.redbus.in/bus-tickets/delhi-to-rishikesh&quot;,&quot;name&quot;:&quot;Delhi To Rishikesh Bus&quot;,&quot;tooltip&quot;:null,&quot;customAttributes&quot;:null,&quot;isMoreLink&quot;:false},{&quot;url&quot;:&quot;https://www.redbus.in/bus-tickets/delhi-to-shimla&quot;,&quot;name&quot;:&quot;Delhi To Shimla Bus&quot;,&quot;tooltip&quot;:null,&quot;customAttributes&quot;:null,&quot;isMoreLink&quot;:false},{&quot;url&quot;:&quot;https://www.redbus.in/bus-tickets/delhi-to-nainital&quot;,&quot;name&quot;:&quot;Delhi To Nainital Bus&quot;,&quot;tooltip&quot;:null,&quot;customAttributes&quot;:null,&quot;isMoreLink&quot;:false},{&quot;url&quot;:&quot;https://www.redbus.in/bus-tickets/delhi-to-katra&quot;,&quot;name&quot;:&quot;Delhi To Katra Bus&quot;,&quot;tooltip&quot;:null,&quot;customAttributes&quot;:null,&quot;isMoreLink&quot;:false},{&quot;url&quot;:&quot;https://www.redbus.in/bus-tickets/bangalore-to-goa&quot;,&quot;name&quot;:&quot;Bangalore To Goa Bus&quot;,&quot;tooltip&quot;:null,&quot;customAttributes&quot;:null,&quot;isMoreLink&quot;:false},{&quot;url&quot;:&quot;https://www.redbus.in/bus-tickets/bangalore-to-hyderabad&quot;,&quot;name&quot;:&quot;Bangalore To Hyderabad Bus&quot;,&quot;tooltip&quot;:null,&quot;customAttributes&quot;:null,&quot;isMoreLink&quot;:false},{&quot;url&quot;:&quot;https://www.redbus.in/bus-tickets/bangalore-to-tirupathi&quot;,&quot;name&quot;:&quot;Bangalore To Tirupathi Bus&quot;,&quot;tooltip&quot;:null,&quot;customAttributes&quot;:null,&quot;isMoreLink&quot;:false},{&quot;url&quot;:&quot;https://www.redbus.in/bus-tickets/bangalore-to-chennai&quot;,&quot;name&quot;:&quot;Bangalore To Chennai Bus&quot;,&quot;tooltip&quot;:null,&quot;customAttributes&quot;:null,&quot;isMoreLink&quot;:false},{&quot;url&quot;:&quot;https://www.redbus.in/bus-tickets/bangalore-to-pondicherry&quot;,&quot;name&quot;:&quot;Bangalore To Pondicherry Bus&quot;,&quot;tooltip&quot;:null,&quot;customAttributes&quot;:null,&quot;isMoreLink&quot;:false},{&quot;url&quot;:&quot;https://www.redbus.in/bus-tickets/hyderabad-to-bangalore&quot;,&quot;name&quot;:&quot;Hyderabad To Bangalore Bus&quot;,&quot;tooltip&quot;:null,&quot;customAttributes&quot;:null,&quot;isMoreLink&quot;:false},{&quot;url&quot;:&quot;https://www.redbus.in/bus-tickets/hyderabad-to-goa&quot;,&quot;name&quot;:&quot;Hyderabad To Goa Bus&quot;,&quot;tooltip&quot;:null,&quot;customAttributes&quot;:null,&quot;isMoreLink&quot;:false},{&quot;url&quot;:&quot;https://www.redbus.in/bus-tickets/hyderabad-to-srisailam&quot;,&quot;name&quot;:&quot;Hyderabad To Srisailam Bus&quot;,&quot;tooltip&quot;:null,&quot;customAttributes&quot;:null,&quot;isMoreLink&quot;:false},{&quot;url&quot;:&quot;https://www.redbus.in/bus-tickets/hyderabad-to-vijayawada&quot;,&quot;name&quot;:&quot;Hyderabad To Vijayawada Bus&quot;,&quot;tooltip&quot;:null,&quot;customAttributes&quot;:null,&quot;isMoreLink&quot;:false},{&quot;url&quot;:&quot;https://www.redbus.in/bus-tickets/hyderabad-to-tirupathi&quot;,&quot;name&quot;:&quot;Hyderabad To Tirupathi Bus&quot;,&quot;tooltip&quot;:null,&quot;customAttributes&quot;:null,&quot;isMoreLink&quot;:false},{&quot;url&quot;:&quot;https://www.redbus.in/bus-tickets/pune-to-goa&quot;,&quot;name&quot;:&quot;Pune To Goa Bus&quot;,&quot;tooltip&quot;:null,&quot;customAttributes&quot;:null,&quot;isMoreLink&quot;:false},{&quot;url&quot;:&quot;https://www.redbus.in/bus-tickets/pune-to-mumbai&quot;,&quot;name&quot;:&quot;Pune To Mumbai Bus&quot;,&quot;tooltip&quot;:null,&quot;customAttributes&quot;:null,&quot;isMoreLink&quot;:false},{&quot;url&quot;:&quot;https://www.redbus.in/bus-tickets/pune-to-nagpur&quot;,&quot;name&quot;:&quot;Pune To Nagpur Bus&quot;,&quot;tooltip&quot;:null,&quot;customAttributes&quot;:null,&quot;isMoreLink&quot;:false},{&quot;url&quot;:&quot;https://www.redbus.in/bus-tickets/pune-to-kolhapur-maharashtra&quot;,&quot;name&quot;:&quot;Pune To Kolhapur Bus&quot;,&quot;tooltip&quot;:null,&quot;customAttributes&quot;:null,&quot;isMoreLink&quot;:false},{&quot;url&quot;:&quot;https://www.redbus.in/bus-tickets/pune-to-nashik&quot;,&quot;name&quot;:&quot;Pune To Nashik Bus&quot;,&quot;tooltip&quot;:null,&quot;customAttributes&quot;:null,&quot;isMoreLink&quot;:false},{&quot;url&quot;:&quot;https://www.redbus.in/bus-tickets/mumbai-to-goa&quot;,&quot;name&quot;:&quot;Mumbai To Goa Bus&quot;,&quot;tooltip&quot;:null,&quot;customAttributes&quot;:null,&quot;isMoreLink&quot;:false},{&quot;url&quot;:&quot;https://www.redbus.in/bus-tickets/mumbai-to-pune&quot;,&quot;name&quot;:&quot;Mumbai To Pune Bus&quot;,&quot;tooltip&quot;:null,&quot;customAttributes&quot;:null,&quot;isMoreLink&quot;:false},{&quot;url&quot;:&quot;https://www.redbus.in/bus-tickets/mumbai-to-shirdi&quot;,&quot;name&quot;:&quot;Mumbai To Shirdi Bus&quot;,&quot;tooltip&quot;:null,&quot;customAttributes&quot;:null,&quot;isMoreLink&quot;:false},{&quot;url&quot;:&quot;https://www.redbus.in/bus-tickets/mumbai-to-mahabaleshwar&quot;,&quot;name&quot;:&quot;Mumbai To Mahabaleshwar Bus&quot;,&quot;tooltip&quot;:null,&quot;customAttributes&quot;:null,&quot;isMoreLink&quot;:false},{&quot;url&quot;:&quot;https://www.redbus.in/bus-tickets/mumbai-to-kolhapur-maharashtra&quot;,&quot;name&quot;:&quot;Mumbai To Kolhapur Bus&quot;,&quot;tooltip&quot;:null,&quot;customAttributes&quot;:null,&quot;isMoreLink&quot;:false},{&quot;url&quot;:&quot;https://www.redbus.in/bus-tickets/kolkata-to-digha&quot;,&quot;name&quot;:&quot;Kolkata To Digha Bus&quot;,&quot;tooltip&quot;:null,&quot;customAttributes&quot;:null,&quot;isMoreLink&quot;:false},{&quot;url&quot;:&quot;https://www.redbus.in/bus-tickets/kolkata-to-siliguri&quot;,&quot;name&quot;:&quot;Kolkata To Siliguri Bus&quot;,&quot;tooltip&quot;:null,&quot;customAttributes&quot;:null,&quot;isMoreLink&quot;:false},{&quot;url&quot;:&quot;https://www.redbus.in/bus-tickets/kolkata-to-puri&quot;,&quot;name&quot;:&quot;Kolkata To Puri Bus&quot;,&quot;tooltip&quot;:null,&quot;customAttributes&quot;:null,&quot;isMoreLink&quot;:false},{&quot;url&quot;:&quot;https://www.redbus.in/bus-tickets/kolkata-to-bakkhali&quot;,&quot;name&quot;:&quot;Kolkata To Bakkhali Bus&quot;,&quot;tooltip&quot;:null,&quot;customAttributes&quot;:null,&quot;isMoreLink&quot;:false},{&quot;url&quot;:&quot;https://www.redbus.in/bus-tickets/kolkata-to-mandarmani&quot;,&quot;name&quot;:&quot;Kolkata To Mandarmani Bus&quot;,&quot;tooltip&quot;:null,&quot;customAttributes&quot;:null,&quot;isMoreLink&quot;:false},{&quot;url&quot;:&quot;https://www.redbus.in/bus-tickets/chennai-to-bangalore&quot;,&quot;name&quot;:&quot;Chennai To Bangalore Bus&quot;,&quot;tooltip&quot;:null,&quot;customAttributes&quot;:null,&quot;isMoreLink&quot;:false},{&quot;url&quot;:&quot;https://www.redbus.in/bus-tickets/chennai-to-pondicherry&quot;,&quot;name&quot;:&quot;Chennai To Pondicherry Bus&quot;,&quot;tooltip&quot;:null,&quot;customAttributes&quot;:null,&quot;isMoreLink&quot;:false},{&quot;url&quot;:&quot;https://www.redbus.in/bus-tickets/chennai-to-coimbatore&quot;,&quot;name&quot;:&quot;Chennai To Coimbatore Bus&quot;,&quot;tooltip&quot;:null,&quot;customAttributes&quot;:null,&quot;isMoreLink&quot;:false},{&quot;url&quot;:&quot;https://www.redbus.in/bus-tickets/chennai-to-madurai&quot;,&quot;name&quot;:&quot;Chennai To Madurai Bus&quot;,&quot;tooltip&quot;:null,&quot;customAttributes&quot;:null,&quot;isMoreLink&quot;:false},{&quot;url&quot;:&quot;https://www.redbus.in/bus-tickets/chennai-to-tirupathi&quot;,&quot;name&quot;:&quot;Chennai To Tirupathi Bus&quot;,&quot;tooltip&quot;:null,&quot;customAttributes&quot;:null,&quot;isMoreLink&quot;:false},{&quot;url&quot;:&quot;https://www.redbus.in/bus-tickets/chandigarh-to-manali&quot;,&quot;name&quot;:&quot;Chandigarh To Manali Bus&quot;,&quot;tooltip&quot;:null,&quot;customAttributes&quot;:null,&quot;isMoreLink&quot;:false},{&quot;url&quot;:&quot;https://www.redbus.in/bus-tickets/chandigarh-to-shimla&quot;,&quot;name&quot;:&quot;Chandigarh To Shimla Bus&quot;,&quot;tooltip&quot;:null,&quot;customAttributes&quot;:null,&quot;isMoreLink&quot;:false},{&quot;url&quot;:&quot;https://www.redbus.in/bus-tickets/chandigarh-to-delhi&quot;,&quot;name&quot;:&quot;Chandigarh To Delhi Bus&quot;,&quot;tooltip&quot;:null,&quot;customAttributes&quot;:null,&quot;isMoreLink&quot;:false},{&quot;url&quot;:&quot;https://www.redbus.in/bus-tickets/chandigarh-to-dehradun&quot;,&quot;name&quot;:&quot;Chandigarh To Dehradun Bus&quot;,&quot;tooltip&quot;:null,&quot;customAttributes&quot;:null,&quot;isMoreLink&quot;:false},{&quot;url&quot;:&quot;https://www.redbus.in/bus-tickets/chandigarh-to-amritsar&quot;,&quot;name&quot;:&quot;Chandigarh To Amritsar Bus&quot;,&quot;tooltip&quot;:null,&quot;customAttributes&quot;:null,&quot;isMoreLink&quot;:false},{&quot;url&quot;:&quot;https://www.redbus.in/bus-tickets/coimbatore-to-chennai&quot;,&quot;name&quot;:&quot;Coimbatore To Chennai Bus&quot;,&quot;tooltip&quot;:null,&quot;customAttributes&quot;:null,&quot;isMoreLink&quot;:false},{&quot;url&quot;:&quot;https://www.redbus.in/bus-tickets/coimbatore-to-bangalore&quot;,&quot;name&quot;:&quot;Coimbatore To Bangalore Bus&quot;,&quot;tooltip&quot;:null,&quot;customAttributes&quot;:null,&quot;isMoreLink&quot;:false},{&quot;url&quot;:&quot;https://www.redbus.in/bus-tickets/coimbatore-to-ooty&quot;,&quot;name&quot;:&quot;Coimbatore To Ooty Bus&quot;,&quot;tooltip&quot;:null,&quot;customAttributes&quot;:null,&quot;isMoreLink&quot;:false},{&quot;url&quot;:&quot;https://www.redbus.in/bus-tickets/coimbatore-to-tiruchendur&quot;,&quot;name&quot;:&quot;Coimbatore To Tiruchendur Bus&quot;,&quot;tooltip&quot;:null,&quot;customAttributes&quot;:null,&quot;isMoreLink&quot;:false},{&quot;url&quot;:&quot;https://www.redbus.in/bus-tickets/coimbatore-to-madurai&quot;,&quot;name&quot;:&quot;Coimbatore To Madurai Bus&quot;,&quot;tooltip&quot;:null,&quot;customAttributes&quot;:null,&quot;isMoreLink&quot;:false},{&quot;url&quot;:&quot;https://www.redbus.in/bus-tickets/agra-to-bareilly&quot;,&quot;name&quot;:&quot;Agra to Bareilly Bus&quot;,&quot;tooltip&quot;:null,&quot;customAttributes&quot;:null,&quot;isMoreLink&quot;:false},{&quot;url&quot;:&quot;https://www.redbus.in/bus-tickets/hisar-to-chandigarh&quot;,&quot;name&quot;:&quot;Hisar to Chandigarh Bus&quot;,&quot;tooltip&quot;:null,&quot;customAttributes&quot;:null,&quot;isMoreLink&quot;:false},{&quot;url&quot;:&quot;https://www.redbus.in/bus-tickets/hisar-to-delhi&quot;,&quot;name&quot;:&quot;Hisar to Delhi Bus &quot;,&quot;tooltip&quot;:null,&quot;customAttributes&quot;:null,&quot;isMoreLink&quot;:false},{&quot;url&quot;:&quot;https://www.redbus.in/bus-tickets/lucknow-to-ballia&quot;,&quot;name&quot;:&quot;Lucknow to Ballia Bus&quot;,&quot;tooltip&quot;:null,&quot;customAttributes&quot;:null,&quot;isMoreLink&quot;:false},{&quot;url&quot;:&quot;https://www.redbus.in/bus-tickets/lucknow-to-moradabad&quot;,&quot;name&quot;:&quot;Lucknow to Moradabad Bus&quot;,&quot;tooltip&quot;:null,&quot;customAttributes&quot;:null,&quot;isMoreLink&quot;:false},{&quot;url&quot;:&quot;https://www.redbus.in/bus-tickets/rajkot-to-dwarka&quot;,&quot;name&quot;:&quot;Rajkot to Dwarka Bus&quot;,&quot;tooltip&quot;:null,&quot;customAttributes&quot;:null,&quot;isMoreLink&quot;:false},{&quot;url&quot;:&quot;https://www.redbus.in/bus-tickets/siliguri-to-gangtok&quot;,&quot;name&quot;:&quot;Siliguri to Gangtok Bus&quot;,&quot;tooltip&quot;:null,&quot;customAttributes&quot;:null,&quot;isMoreLink&quot;:false},{&quot;url&quot;:&quot;https://www.redbus.in/bus-tickets/ahmedabad-to-goa&quot;,&quot;name&quot;:&quot;Ahmedabad to Goa Bus&quot;,&quot;tooltip&quot;:null,&quot;customAttributes&quot;:null,&quot;isMoreLink&quot;:false},{&quot;url&quot;:&quot;https://www.redbus.in/bus-tickets/ahmedabad-to-kanpur&quot;,&quot;name&quot;:&quot;Ahmedabad to Kanpur Bus&quot;,&quot;tooltip&quot;:null,&quot;customAttributes&quot;:null,&quot;isMoreLink&quot;:false},{&quot;url&quot;:&quot;https://www.redbus.in/bus-tickets/akola-to-pune&quot;,&quot;name&quot;:&quot;Akola to Pune Bus&quot;,&quot;tooltip&quot;:null,&quot;customAttributes&quot;:null,&quot;isMoreLink&quot;:false}]},&quot;headerType&quot;:&quot;h3&quot;},{&quot;uiComponentId&quot;:&quot;C_155&quot;,&quot;content&quot;:{&quot;heading&quot;:&quot;Popular Cities&quot;,&quot;body&quot;:null,&quot;subHeading&quot;:null,&quot;var1&quot;:null,&quot;var2&quot;:null,&quot;var3&quot;:null,&quot;label1&quot;:null,&quot;value1&quot;:null,&quot;label2&quot;:null,&quot;value2&quot;:null,&quot;label3&quot;:null,&quot;value3&quot;:null,&quot;imageUrl&quot;:null,&quot;faqList&quot;:null,&quot;dataList&quot;:[{&quot;url&quot;:&quot;buses/hyderabad-bus-tickets&quot;,&quot;name&quot;:&quot;Hyderabad Bus Ticket Booking&quot;,&quot;tooltip&quot;:null,&quot;customAttributes&quot;:null,&quot;isMoreLink&quot;:false},{&quot;url&quot;:&quot;buses/bangalore-bus-tickets&quot;,&quot;name&quot;:&quot;Bangalore Bus Ticket Booking&quot;,&quot;tooltip&quot;:null,&quot;customAttributes&quot;:null,&quot;isMoreLink&quot;:false},{&quot;url&quot;:&quot;buses/chennai-bus-tickets&quot;,&quot;name&quot;:&quot;Chennai Bus Ticket Booking&quot;,&quot;tooltip&quot;:null,&quot;customAttributes&quot;:null,&quot;isMoreLink&quot;:false},{&quot;url&quot;:&quot;buses/pune-bus-tickets&quot;,&quot;name&quot;:&quot;Pune Bus Tickets Booking&quot;,&quot;tooltip&quot;:null,&quot;customAttributes&quot;:null,&quot;isMoreLink&quot;:false},{&quot;url&quot;:&quot;buses/delhi-bus-tickets&quot;,&quot;name&quot;:&quot;Delhi Bus Ticket Booking&quot;,&quot;tooltip&quot;:null,&quot;customAttributes&quot;:null,&quot;isMoreLink&quot;:false},{&quot;url&quot;:&quot;buses/mumbai-bus-tickets&quot;,&quot;name&quot;:&quot;Mumbai Bus Ticket Booking&quot;,&quot;tooltip&quot;:null,&quot;customAttributes&quot;:null,&quot;isMoreLink&quot;:false},{&quot;url&quot;:&quot;buses/kolkata-bus-tickets&quot;,&quot;name&quot;:&quot;Kolkata Bus Ticket Booking&quot;,&quot;tooltip&quot;:null,&quot;customAttributes&quot;:null,&quot;isMoreLink&quot;:false},{&quot;url&quot;:&quot;buses/ernakulam-bus-tickets&quot;,&quot;name&quot;:&quot;Ernakulam Bus Ticket Booking&quot;,&quot;tooltip&quot;:null,&quot;customAttributes&quot;:null,&quot;isMoreLink&quot;:false},{&quot;url&quot;:&quot;buses/ahmedabad-bus-tickets&quot;,&quot;name&quot;:&quot;Ahmedabad Bus Ticket Booking&quot;,&quot;tooltip&quot;:null,&quot;customAttributes&quot;:null,&quot;isMoreLink&quot;:false},{&quot;url&quot;:&quot;buses/vijayawada-bus-tickets&quot;,&quot;name&quot;:&quot;Vijayawada Bus Ticket Booking&quot;,&quot;tooltip&quot;:null,&quot;customAttributes&quot;:null,&quot;isMoreLink&quot;:false},{&quot;url&quot;:&quot;buses/jaipur-bus-tickets&quot;,&quot;name&quot;:&quot;Jaipur Bus Ticket Booking&quot;,&quot;tooltip&quot;:null,&quot;customAttributes&quot;:null,&quot;isMoreLink&quot;:false},{&quot;url&quot;:&quot;buses/indore-bus-tickets&quot;,&quot;name&quot;:&quot;Indore Bus Ticket Booking&quot;,&quot;tooltip&quot;:null,&quot;customAttributes&quot;:null,&quot;isMoreLink&quot;:false},{&quot;url&quot;:&quot;buses/lucknow-bus-tickets&quot;,&quot;name&quot;:&quot;Lucknow Bus Ticket Booking&quot;,&quot;tooltip&quot;:null,&quot;customAttributes&quot;:null,&quot;isMoreLink&quot;:false},{&quot;url&quot;:&quot;buses/bhopal-bus-tickets&quot;,&quot;name&quot;:&quot;Bhopal Bus Ticket Booking&quot;,&quot;tooltip&quot;:null,&quot;customAttributes&quot;:null,&quot;isMoreLink&quot;:false}]},&quot;headerType&quot;:&quot;h3&quot;},{&quot;uiComponentId&quot;:&quot;C_155&quot;,&quot;content&quot;:{&quot;heading&quot;:&quot;Popular Bus Operators&quot;,&quot;body&quot;:null,&quot;subHeading&quot;:null,&quot;var1&quot;:null,&quot;var2&quot;:null,&quot;var3&quot;:null,&quot;label1&quot;:null,&quot;value1&quot;:null,&quot;label2&quot;:null,&quot;value2&quot;:null,&quot;label3&quot;:null,&quot;value3&quot;:null,&quot;imageUrl&quot;:null,&quot;faqList&quot;:null,&quot;dataList&quot;:[{&quot;url&quot;:&quot;https://www.redbus.in/travels/no-1-air-travels&quot;,&quot;name&quot;:&quot;No 1 Air Travels&quot;,&quot;tooltip&quot;:null,&quot;customAttributes&quot;:null,&quot;isMoreLink&quot;:false},{&quot;url&quot;:&quot;https://www.redbus.in/travels/ybm-travels&quot;,&quot;name&quot;:&quot;YBM Travels&quot;,&quot;tooltip&quot;:null,&quot;customAttributes&quot;:null,&quot;isMoreLink&quot;:false},{&quot;url&quot;:&quot;https://www.redbus.in/travels/sri-sms-travels&quot;,&quot;name&quot;:&quot;Sri SMS Travels&quot;,&quot;tooltip&quot;:null,&quot;customAttributes&quot;:null,&quot;isMoreLink&quot;:false},{&quot;url&quot;:&quot;https://www.redbus.in/travels/svkdt-travels&quot;,&quot;name&quot;:&quot;Svkdt Travels&quot;,&quot;tooltip&quot;:null,&quot;customAttributes&quot;:null,&quot;isMoreLink&quot;:false},{&quot;url&quot;:&quot;https://www.redbus.in/travels/rkt-tours-and-travels&quot;,&quot;name&quot;:&quot;RKT Tours and Travels&quot;,&quot;tooltip&quot;:null,&quot;customAttributes&quot;:null,&quot;isMoreLink&quot;:false},{&quot;url&quot;:&quot;https://www.redbus.in/travels/royal-cars&quot;,&quot;name&quot;:&quot;Royal Cars&quot;,&quot;tooltip&quot;:null,&quot;customAttributes&quot;:null,&quot;isMoreLink&quot;:false},{&quot;url&quot;:&quot;https://www.redbus.in/travels/rahul-travels&quot;,&quot;name&quot;:&quot;Rahul Travels&quot;,&quot;tooltip&quot;:null,&quot;customAttributes&quot;:null,&quot;isMoreLink&quot;:false},{&quot;url&quot;:&quot;https://www.redbus.in/travels/jbt-travels&quot;,&quot;name&quot;:&quot;JBT Travels&quot;,&quot;tooltip&quot;:null,&quot;customAttributes&quot;:null,&quot;isMoreLink&quot;:false},{&quot;url&quot;:&quot;https://www.redbus.in/travels/raj-express-1&quot;,&quot;name&quot;:&quot;Raj Express&quot;,&quot;tooltip&quot;:null,&quot;customAttributes&quot;:null,&quot;isMoreLink&quot;:false},{&quot;url&quot;:&quot;https://www.redbus.in/travels/vaishali-express&quot;,&quot;name&quot;:&quot;Vaishali Express&quot;,&quot;tooltip&quot;:null,&quot;customAttributes&quot;:null,&quot;isMoreLink&quot;:false},{&quot;url&quot;:&quot;https://www.redbus.in/travels/rahul-travels-indore&quot;,&quot;name&quot;:&quot;Rahul Travels Indore&quot;,&quot;tooltip&quot;:null,&quot;customAttributes&quot;:null,&quot;isMoreLink&quot;:false},{&quot;url&quot;:&quot;https://www.redbus.in/travels/delhi-tours-and-travels&quot;,&quot;name&quot;:&quot;Delhi Tours And Travels&quot;,&quot;tooltip&quot;:null,&quot;customAttributes&quot;:null,&quot;isMoreLink&quot;:false},{&quot;url&quot;:&quot;https://www.redbus.in/travels/ashok-travels-delhi&quot;,&quot;name&quot;:&quot;Ashok Travels&quot;,&quot;tooltip&quot;:null,&quot;customAttributes&quot;:null,&quot;isMoreLink&quot;:false},{&quot;url&quot;:&quot;https://www.redbus.in/travels/greenline&quot;,&quot;name&quot;:&quot;Greenline Travels&quot;,&quot;tooltip&quot;:null,&quot;customAttributes&quot;:null,&quot;isMoreLink&quot;:false},{&quot;url&quot;:&quot;https://www.redbus.in/travels/pawan-travels-balaghat&quot;,&quot;name&quot;:&quot;Pawan Travels&quot;,&quot;tooltip&quot;:null,&quot;customAttributes&quot;:null,&quot;isMoreLink&quot;:false},{&quot;url&quot;:&quot;https://www.redbus.in/travels/ravi-travels&quot;,&quot;name&quot;:&quot;Ravi Travels&quot;,&quot;tooltip&quot;:null,&quot;customAttributes&quot;:null,&quot;isMoreLink&quot;:false},{&quot;url&quot;:&quot;https://www.redbus.in/travels/vrl-travels&quot;,&quot;name&quot;:&quot;VRL Travels&quot;,&quot;tooltip&quot;:null,&quot;customAttributes&quot;:null,&quot;isMoreLink&quot;:false},{&quot;url&quot;:&quot;https://www.redbus.in/travels/dolphin-travel-house&quot;,&quot;name&quot;:&quot;Dolphin Travels&quot;,&quot;tooltip&quot;:null,&quot;customAttributes&quot;:null,&quot;isMoreLink&quot;:false},{&quot;url&quot;:&quot;https://www.redbus.in/travels/ganesh-travels&quot;,&quot;name&quot;:&quot;Ganesh Travels&quot;,&quot;tooltip&quot;:null,&quot;customAttributes&quot;:null,&quot;isMoreLink&quot;:false},{&quot;url&quot;:&quot;https://www.redbus.in/travels/kaveri-kamakshi-travels&quot;,&quot;name&quot;:&quot;Kaveri Travels&quot;,&quot;tooltip&quot;:null,&quot;customAttributes&quot;:null,&quot;isMoreLink&quot;:false},{&quot;url&quot;:&quot;https://www.redbus.in/travels/national-travels-national&quot;,&quot;name&quot;:&quot;National Travels&quot;,&quot;tooltip&quot;:null,&quot;customAttributes&quot;:null,&quot;isMoreLink&quot;:false},{&quot;url&quot;:&quot;https://www.redbus.in/travels/bharathi-travels-bharathi&quot;,&quot;name&quot;:&quot;Bharathi Travels&quot;,&quot;tooltip&quot;:null,&quot;customAttributes&quot;:null,&quot;isMoreLink&quot;:false},{&quot;url&quot;:&quot;https://www.redbus.in/travels/city-land-travels&quot;,&quot;name&quot;:&quot;City Land Travels&quot;,&quot;tooltip&quot;:null,&quot;customAttributes&quot;:null,&quot;isMoreLink&quot;:false},{&quot;url&quot;:&quot;https://www.redbus.in/travels/citylink-travels&quot;,&quot;name&quot;:&quot;Citylink Travels&quot;,&quot;tooltip&quot;:null,&quot;customAttributes&quot;:null,&quot;isMoreLink&quot;:false},{&quot;url&quot;:&quot;https://www.redbus.in/travels/kkaveri-travels&quot;,&quot;name&quot;:&quot;KKaveri Travels&quot;,&quot;tooltip&quot;:null,&quot;customAttributes&quot;:null,&quot;isMoreLink&quot;:false},{&quot;url&quot;:&quot;https://www.redbus.in/travels/kk-travels&quot;,&quot;name&quot;:&quot;KK Travels&quot;,&quot;tooltip&quot;:null,&quot;customAttributes&quot;:null,&quot;isMoreLink&quot;:false},{&quot;url&quot;:&quot;https://www.redbus.in/travels/mahadev-travels-online&quot;,&quot;name&quot;:&quot;Mahadev Travels&quot;,&quot;tooltip&quot;:null,&quot;customAttributes&quot;:null,&quot;isMoreLink&quot;:false},{&quot;url&quot;:&quot;https://www.redbus.in/travels/maharaja-travels-1&quot;,&quot;name&quot;:&quot;Maharaja Travels&quot;,&quot;tooltip&quot;:null,&quot;customAttributes&quot;:null,&quot;isMoreLink&quot;:false},{&quot;url&quot;:&quot;https://www.redbus.in/travels/m-r-travels&quot;,&quot;name&quot;:&quot;M R Travels&quot;,&quot;tooltip&quot;:null,&quot;customAttributes&quot;:null,&quot;isMoreLink&quot;:false},{&quot;url&quot;:&quot;https://www.redbus.in/travels/new-payal-travels&quot;,&quot;name&quot;:&quot;New Payal Travels&quot;,&quot;tooltip&quot;:null,&quot;customAttributes&quot;:null,&quot;isMoreLink&quot;:false},{&quot;url&quot;:&quot;https://www.redbus.in/travels/paras-travels&quot;,&quot;name&quot;:&quot;Paras Travels&quot;,&quot;tooltip&quot;:null,&quot;customAttributes&quot;:null,&quot;isMoreLink&quot;:false},{&quot;url&quot;:&quot;https://www.redbus.in/travels/parshwanath-travels-parshwanath-ahmedabad&quot;,&quot;name&quot;:&quot;Shree Parshwanath Travels&quot;,&quot;tooltip&quot;:null,&quot;customAttributes&quot;:null,&quot;isMoreLink&quot;:false},{&quot;url&quot;:&quot;https://www.redbus.in/travels/payal-travels&quot;,&quot;name&quot;:&quot;Payal Travels&quot;,&quot;tooltip&quot;:null,&quot;customAttributes&quot;:null,&quot;isMoreLink&quot;:false},{&quot;url&quot;:&quot;https://www.redbus.in/travels/rk-travels&quot;,&quot;name&quot;:&quot;R K Travels&quot;,&quot;tooltip&quot;:null,&quot;customAttributes&quot;:null,&quot;isMoreLink&quot;:false},{&quot;url&quot;:&quot;https://www.redbus.in/travels/shivam-travels&quot;,&quot;name&quot;:&quot;Shivam Travels&quot;,&quot;tooltip&quot;:null,&quot;customAttributes&quot;:null,&quot;isMoreLink&quot;:false},{&quot;url&quot;:&quot;https://www.redbus.in/travels/shree-mahaveer-travels-9721&quot;,&quot;name&quot;:&quot;Shree Mahaveer Travels&quot;,&quot;tooltip&quot;:null,&quot;customAttributes&quot;:null,&quot;isMoreLink&quot;:false},{&quot;url&quot;:&quot;https://www.redbus.in/travels/srs-travels-srs&quot;,&quot;name&quot;:&quot;SRS Travels&quot;,&quot;tooltip&quot;:null,&quot;customAttributes&quot;:null,&quot;isMoreLink&quot;:false},{&quot;url&quot;:&quot;https://www.redbus.in/travels/tulsi-travels&quot;,&quot;name&quot;:&quot;Tulsi Travels&quot;,&quot;tooltip&quot;:null,&quot;customAttributes&quot;:null,&quot;isMoreLink&quot;:false},{&quot;url&quot;:&quot;https://www.redbus.in/travels/vaibhav-travels-10044&quot;,&quot;name&quot;:&quot;Vaibhav Travels&quot;,&quot;tooltip&quot;:null,&quot;customAttributes&quot;:null,&quot;isMoreLink&quot;:false},{&quot;url&quot;:&quot;https://www.redbus.in/travels/vikas-travels-jaipur&quot;,&quot;name&quot;:&quot;Vikas Travels&quot;,&quot;tooltip&quot;:null,&quot;customAttributes&quot;:null,&quot;isMoreLink&quot;:false},{&quot;url&quot;:&quot;https://www.redbus.in/travels/amarnath-travels-9984&quot;,&quot;name&quot;:&quot;Amarnath Travels&quot;,&quot;tooltip&quot;:null,&quot;customAttributes&quot;:null,&quot;isMoreLink&quot;:false},{&quot;url&quot;:&quot;https://www.redbus.in/travels/anand-travel&quot;,&quot;name&quot;:&quot;Anand Travels&quot;,&quot;tooltip&quot;:null,&quot;customAttributes&quot;:null,&quot;isMoreLink&quot;:false},{&quot;url&quot;:&quot;https://www.redbus.in/travels/ashapura-travels&quot;,&quot;name&quot;:&quot;Ashapura Travels&quot;,&quot;tooltip&quot;:null,&quot;customAttributes&quot;:null,&quot;isMoreLink&quot;:false},{&quot;url&quot;:&quot;https://www.redbus.in/travels/ashok-bus-service&quot;,&quot;name&quot;:&quot;Ashok Bus Service&quot;,&quot;tooltip&quot;:null,&quot;customAttributes&quot;:null,&quot;isMoreLink&quot;:false},{&quot;url&quot;:&quot;https://www.redbus.in/travels/ashoka-travels&quot;,&quot;name&quot;:&quot;Ashoka Travels&quot;,&quot;tooltip&quot;:null,&quot;customAttributes&quot;:null,&quot;isMoreLink&quot;:false}]},&quot;headerType&quot;:&quot;h3&quot;}],&quot;seoLinks&quot;:[{&quot;header&quot;:&quot;Top Bus Routes&quot;,&quot;subLinks&quot;:[{&quot;label&quot;:&quot;Hyderabad to Bangalore Bus&quot;,&quot;link&quot;:&quot;/bus-tickets/hyderabad-to-bangalore&quot;,&quot;tooltip&quot;:&quot;Hyderabad to Bangalore Bus&quot;,&quot;id&quot;:null,&quot;imgUrl&quot;:null,&quot;isMoreLink&quot;:false,&quot;customAttributes&quot;:null},{&quot;label&quot;:&quot;Bangalore to Chennai Bus&quot;,&quot;link&quot;:&quot;/bus-tickets/bangalore-to-chennai&quot;,&quot;tooltip&quot;:&quot;Bangalore to Chennai Bus&quot;,&quot;id&quot;:null,&quot;imgUrl&quot;:null,&quot;isMoreLink&quot;:false,&quot;customAttributes&quot;:null},{&quot;label&quot;:&quot;Pune to Bangalore Bus&quot;,&quot;link&quot;:&quot;/bus-tickets/pune-to-bangalore&quot;,&quot;tooltip&quot;:&quot;Pune to Bangalore Bus&quot;,&quot;id&quot;:null,&quot;imgUrl&quot;:null,&quot;isMoreLink&quot;:false,&quot;customAttributes&quot;:null},{&quot;label&quot;:&quot;Mumbai to Bangalore Bus&quot;,&quot;link&quot;:&quot;/bus-tickets/mumbai-to-bangalore&quot;,&quot;tooltip&quot;:&quot;Mumbai to Bangalore Bus&quot;,&quot;id&quot;:null,&quot;imgUrl&quot;:null,&quot;isMoreLink&quot;:false,&quot;customAttributes&quot;:null},{&quot;label&quot;:&quot;More &gt;&quot;,&quot;link&quot;:&quot;/bus-tickets/routes-directory&quot;,&quot;tooltip&quot;:&quot;More &gt;&quot;,&quot;id&quot;:null,&quot;imgUrl&quot;:null,&quot;isMoreLink&quot;:true,&quot;customAttributes&quot;:null}]},{&quot;header&quot;:&quot;Top Cities&quot;,&quot;subLinks&quot;:[{&quot;label&quot;:&quot;Hyderabad Bus Tickets&quot;,&quot;link&quot;:&quot;/buses/hyderabad-bus-tickets&quot;,&quot;tooltip&quot;:&quot;Hyderabad Bus Tickets&quot;,&quot;id&quot;:null,&quot;imgUrl&quot;:null,&quot;isMoreLink&quot;:false,&quot;customAttributes&quot;:null},{&quot;label&quot;:&quot;Bangalore Bus Tickets&quot;,&quot;link&quot;:&quot;/buses/bangalore-bus-tickets&quot;,&quot;tooltip&quot;:&quot;Bangalore Bus Tickets&quot;,&quot;id&quot;:null,&quot;imgUrl&quot;:null,&quot;isMoreLink&quot;:false,&quot;customAttributes&quot;:null},{&quot;label&quot;:&quot;Chennai Bus Tickets&quot;,&quot;link&quot;:&quot;/buses/chennai-bus-tickets&quot;,&quot;tooltip&quot;:&quot;Chennai Bus Tickets&quot;,&quot;id&quot;:null,&quot;imgUrl&quot;:null,&quot;isMoreLink&quot;:false,&quot;customAttributes&quot;:null},{&quot;label&quot;:&quot;Pune Bus Tickets&quot;,&quot;link&quot;:&quot;/buses/pune-bus-tickets&quot;,&quot;tooltip&quot;:&quot;Pune Bus Tickets&quot;,&quot;id&quot;:null,&quot;imgUrl&quot;:null,&quot;isMoreLink&quot;:false,&quot;customAttributes&quot;:null},{&quot;label&quot;:&quot;More &gt;&quot;,&quot;link&quot;:&quot;/buses/cities-directory&quot;,&quot;tooltip&quot;:null,&quot;id&quot;:null,&quot;imgUrl&quot;:null,&quot;isMoreLink&quot;:true,&quot;customAttributes&quot;:null}]},{&quot;header&quot;:&quot;Top RTC&#039;s&quot;,&quot;subLinks&quot;:[{&quot;label&quot;:&quot;APSRTC&quot;,&quot;link&quot;:&quot;/online-booking/apsrtc&quot;,&quot;tooltip&quot;:&quot;APSRTC&quot;,&quot;id&quot;:null,&quot;imgUrl&quot;:null,&quot;isMoreLink&quot;:false,&quot;customAttributes&quot;:null},{&quot;label&quot;:&quot;GSRTC&quot;,&quot;link&quot;:&quot;/online-booking/gsrtc&quot;,&quot;tooltip&quot;:&quot;GSRTC&quot;,&quot;id&quot;:null,&quot;imgUrl&quot;:null,&quot;isMoreLink&quot;:false,&quot;customAttributes&quot;:null},{&quot;label&quot;:&quot;TNSTC&quot;,&quot;link&quot;:&quot;/online-booking/tnstc&quot;,&quot;tooltip&quot;:&quot;TNSTC&quot;,&quot;id&quot;:null,&quot;imgUrl&quot;:null,&quot;isMoreLink&quot;:false,&quot;customAttributes&quot;:null},{&quot;label&quot;:&quot;More&gt; &quot;,&quot;link&quot;:&quot;/online-booking/rtc-directory&quot;,&quot;tooltip&quot;:null,&quot;id&quot;:null,&quot;imgUrl&quot;:null,&quot;isMoreLink&quot;:true,&quot;customAttributes&quot;:null}]},{&quot;header&quot;:&quot;Other&quot;,&quot;subLinks&quot;:[{&quot;label&quot;:&quot;TSRTC&quot;,&quot;link&quot;:&quot;https://www.redbus.in/online-booking/tsrtc&quot;,&quot;tooltip&quot;:&quot;TSRTC&quot;,&quot;id&quot;:null,&quot;imgUrl&quot;:null,&quot;isMoreLink&quot;:false,&quot;customAttributes&quot;:null},{&quot;label&quot;:&quot;SBSTC&quot;,&quot;link&quot;:&quot;https://www.redbus.in/online-booking/south-bengal-state-transport-corporation-sbstc&quot;,&quot;tooltip&quot;:&quot;SBSTC&quot;,&quot;id&quot;:null,&quot;imgUrl&quot;:null,&quot;isMoreLink&quot;:false,&quot;customAttributes&quot;:null},{&quot;label&quot;:&quot;RSRTC&quot;,&quot;link&quot;:&quot;https://www.redbus.in/online-booking/rsrtc&quot;,&quot;tooltip&quot;:&quot;RSRTC&quot;,&quot;id&quot;:null,&quot;imgUrl&quot;:null,&quot;isMoreLink&quot;:false,&quot;customAttributes&quot;:null},{&quot;label&quot;:&quot;KeralaRTC&quot;,&quot;link&quot;:&quot;https://www.redbus.in/online-booking/ksrtc-kerala&quot;,&quot;tooltip&quot;:&quot;KeralaRTC&quot;,&quot;id&quot;:null,&quot;imgUrl&quot;:null,&quot;isMoreLink&quot;:false,&quot;customAttributes&quot;:null},{&quot;label&quot;:&quot;More&gt; &quot;,&quot;link&quot;:&quot;https://www.redbus.in/online-booking/rtc-directory&quot;,&quot;tooltip&quot;:&quot;&quot;,&quot;id&quot;:null,&quot;imgUrl&quot;:null,&quot;isMoreLink&quot;:true,&quot;customAttributes&quot;:null}]},{&quot;header&quot;:&quot;Tempo Traveller in Cities&quot;,&quot;subLinks&quot;:[{&quot;label&quot;:&quot;Tempo traveller in Bangalore&quot;,&quot;link&quot;:&quot;https://www.redbus.in/tempo-traveller/bangalore&quot;,&quot;tooltip&quot;:&quot;Tempo Traveller Bangalore&quot;,&quot;id&quot;:null,&quot;imgUrl&quot;:null,&quot;isMoreLink&quot;:false,&quot;customAttributes&quot;:null},{&quot;label&quot;:&quot;Tempo traveller in Chennai&quot;,&quot;link&quot;:&quot;https://www.redbus.in/tempo-traveller/chennai&quot;,&quot;tooltip&quot;:&quot;Tempo Traveller Chennai&quot;,&quot;id&quot;:null,&quot;imgUrl&quot;:null,&quot;isMoreLink&quot;:false,&quot;customAttributes&quot;:null},{&quot;label&quot;:&quot;Tempo traveller in Mumbai&quot;,&quot;link&quot;:&quot;https://www.redbus.in/tempo-traveller/mumbai&quot;,&quot;tooltip&quot;:&quot;Tempo traveller in Mumbai&quot;,&quot;id&quot;:null,&quot;imgUrl&quot;:null,&quot;isMoreLink&quot;:false,&quot;customAttributes&quot;:null},{&quot;label&quot;:&quot;Tempo traveller in Hyderabad&quot;,&quot;link&quot;:&quot;https://www.redbus.in/tempo-traveller/hyderabad&quot;,&quot;tooltip&quot;:&quot;Tempo traveller in Hyderabad&quot;,&quot;id&quot;:null,&quot;imgUrl&quot;:null,&quot;isMoreLink&quot;:false,&quot;customAttributes&quot;:null},{&quot;label&quot;:&quot;Tempo traveller in Ahmedabad&quot;,&quot;link&quot;:&quot;https://www.redbus.in/tempo-traveller/ahmedabad&quot;,&quot;tooltip&quot;:&quot;Tempo traveller in Ahmedabad&quot;,&quot;id&quot;:null,&quot;imgUrl&quot;:null,&quot;isMoreLink&quot;:false,&quot;customAttributes&quot;:null}]}],&quot;logo&quot;:{&quot;img&quot;:&quot;https://s3.rdbuz.com/web/images/home/sgp/r_logo.png&quot;,&quot;desc&quot;:&quot;redBus is the world&#039;s largest &amp;lt;a class=&amp;quot;footerDescLink&amp;quot; href=&amp;quot;https://www.redbus.in/bus-tickets&amp;quot;&amp;gt;online bus ticket booking&amp;lt;/a&amp;gt; service trusted by over 25 million happy customers globally. redBus offers bus ticket booking through its website,iOS and Android mobile apps for all major routes.&quot;},&quot;socialMedia&quot;:[{&quot;img&quot;:&quot;//s1.rdbuz.com/web/images/home/Facebook.png&quot;,&quot;link&quot;:&quot;https://www.facebook.com/redbus.in/&quot;,&quot;iconname&quot;:&quot;Facebook&quot;,&quot;classname&quot;:&quot;fbicon&quot;},{&quot;img&quot;:&quot;//s2.rdbuz.com/web/images/home/Twitter.png&quot;,&quot;link&quot;:&quot;https://twitter.com/redBus_in&quot;,&quot;iconname&quot;:&quot;Twitter&quot;,&quot;classname&quot;:&quot;twittericon&quot;}],&quot;RdcSocial&quot;:null,&quot;FooterLinks&quot;:[{&quot;header&quot;:&quot;About redBus&quot;,&quot;subLinks&quot;:[{&quot;label&quot;:&quot;About Us&quot;,&quot;link&quot;:&quot;/info/aboutus&quot;,&quot;tooltip&quot;:null,&quot;id&quot;:null,&quot;imgUrl&quot;:null,&quot;isMoreLink&quot;:false,&quot;customAttributes&quot;:null},{&quot;label&quot;:&quot;Investor Relations&quot;,&quot;link&quot;:&quot;/info/Investors&quot;,&quot;tooltip&quot;:null,&quot;id&quot;:null,&quot;imgUrl&quot;:null,&quot;isMoreLink&quot;:false,&quot;customAttributes&quot;:null},{&quot;label&quot;:&quot;Contact Us&quot;,&quot;link&quot;:&quot;/info/contactus&quot;,&quot;tooltip&quot;:null,&quot;id&quot;:null,&quot;imgUrl&quot;:null,&quot;isMoreLink&quot;:false,&quot;customAttributes&quot;:null},{&quot;label&quot;:&quot;Mobile Version&quot;,&quot;link&quot;:&quot;//m.redbus.in&quot;,&quot;tooltip&quot;:null,&quot;id&quot;:null,&quot;imgUrl&quot;:null,&quot;isMoreLink&quot;:false,&quot;customAttributes&quot;:null},{&quot;label&quot;:&quot;redBus on Mobile&quot;,&quot;link&quot;:&quot;/info/mobile&quot;,&quot;tooltip&quot;:null,&quot;id&quot;:null,&quot;imgUrl&quot;:null,&quot;isMoreLink&quot;:false,&quot;customAttributes&quot;:null},{&quot;label&quot;:&quot;Sitemap&quot;,&quot;link&quot;:&quot;/sitemap.html&quot;,&quot;tooltip&quot;:null,&quot;id&quot;:null,&quot;imgUrl&quot;:null,&quot;isMoreLink&quot;:false,&quot;customAttributes&quot;:null},{&quot;label&quot;:&quot;Offers&quot;,&quot;link&quot;:&quot;/info/OfferTerms&quot;,&quot;tooltip&quot;:null,&quot;id&quot;:null,&quot;imgUrl&quot;:null,&quot;isMoreLink&quot;:false,&quot;customAttributes&quot;:null},{&quot;label&quot;:&quot;Careers&quot;,&quot;link&quot;:&quot;/careers&quot;,&quot;tooltip&quot;:null,&quot;id&quot;:null,&quot;imgUrl&quot;:null,&quot;isMoreLink&quot;:false,&quot;customAttributes&quot;:null},{&quot;label&quot;:&quot;Values&quot;,&quot;link&quot;:&quot;/values&quot;,&quot;tooltip&quot;:null,&quot;id&quot;:null,&quot;imgUrl&quot;:null,&quot;isMoreLink&quot;:false,&quot;customAttributes&quot;:null}]},{&quot;header&quot;:&quot;Info&quot;,&quot;subLinks&quot;:[{&quot;label&quot;:&quot;T &amp; C&quot;,&quot;link&quot;:&quot;/info/termscondition&quot;,&quot;tooltip&quot;:null,&quot;id&quot;:null,&quot;imgUrl&quot;:null,&quot;isMoreLink&quot;:false,&quot;customAttributes&quot;:null},{&quot;label&quot;:&quot;Privacy Policy&quot;,&quot;link&quot;:&quot;/info/privacypolicy&quot;,&quot;tooltip&quot;:null,&quot;id&quot;:null,&quot;imgUrl&quot;:null,&quot;isMoreLink&quot;:false,&quot;customAttributes&quot;:null},{&quot;label&quot;:&quot;FAQ&quot;,&quot;link&quot;:&quot;/info/faq&quot;,&quot;tooltip&quot;:null,&quot;id&quot;:null,&quot;imgUrl&quot;:null,&quot;isMoreLink&quot;:false,&quot;customAttributes&quot;:null},{&quot;label&quot;:&quot;Blog&quot;,&quot;link&quot;:&quot;http://blog.redbus.in/&quot;,&quot;tooltip&quot;:null,&quot;id&quot;:null,&quot;imgUrl&quot;:null,&quot;isMoreLink&quot;:false,&quot;customAttributes&quot;:null},{&quot;label&quot;:&quot;Bus Operator Registration&quot;,&quot;link&quot;:&quot;https://onboardvendor.redbus.in/&quot;,&quot;tooltip&quot;:null,&quot;id&quot;:&quot;busOperatorReg&quot;,&quot;imgUrl&quot;:null,&quot;isMoreLink&quot;:false,&quot;customAttributes&quot;:null},{&quot;label&quot;:&quot;Agent Registration&quot;,&quot;link&quot;:&quot;https://in3.seatseller.travel/&quot;,&quot;tooltip&quot;:null,&quot;id&quot;:null,&quot;imgUrl&quot;:null,&quot;isMoreLink&quot;:false,&quot;customAttributes&quot;:null},{&quot;label&quot;:&quot;Insurance Partner&quot;,&quot;link&quot;:&quot;https://www.acko.com/&quot;,&quot;tooltip&quot;:null,&quot;id&quot;:null,&quot;imgUrl&quot;:null,&quot;isMoreLink&quot;:false,&quot;customAttributes&quot;:null},{&quot;label&quot;:&quot;User Agreement&quot;,&quot;link&quot;:&quot;/info/useragreement&quot;,&quot;tooltip&quot;:null,&quot;id&quot;:null,&quot;imgUrl&quot;:null,&quot;isMoreLink&quot;:false,&quot;customAttributes&quot;:null},{&quot;label&quot;:&quot;Primo Bus&quot;,&quot;link&quot;:&quot;https://www.redbus.in/primo/primo-service&quot;,&quot;tooltip&quot;:null,&quot;id&quot;:null,&quot;imgUrl&quot;:null,&quot;isMoreLink&quot;:false,&quot;customAttributes&quot;:null},{&quot;label&quot;:&quot;Bus Timetable&quot;,&quot;link&quot;:&quot;https://www.redbus.in/bus-timetable&quot;,&quot;tooltip&quot;:null,&quot;id&quot;:null,&quot;imgUrl&quot;:null,&quot;isMoreLink&quot;:false,&quot;customAttributes&quot;:null}]},{&quot;header&quot;:&quot;Global Sites&quot;,&quot;subLinks&quot;:[{&quot;label&quot;:&quot;India&quot;,&quot;link&quot;:&quot;https://www.redbus.in&quot;,&quot;tooltip&quot;:null,&quot;id&quot;:null,&quot;imgUrl&quot;:null,&quot;isMoreLink&quot;:false,&quot;customAttributes&quot;:null},{&quot;label&quot;:&quot;Singapore&quot;,&quot;link&quot;:&quot;https://www.redbus.sg&quot;,&quot;tooltip&quot;:null,&quot;id&quot;:null,&quot;imgUrl&quot;:null,&quot;isMoreLink&quot;:false,&quot;customAttributes&quot;:null},{&quot;label&quot;:&quot;Malaysia&quot;,&quot;link&quot;:&quot;https://www.redbus.my&quot;,&quot;tooltip&quot;:null,&quot;id&quot;:null,&quot;imgUrl&quot;:null,&quot;isMoreLink&quot;:false,&quot;customAttributes&quot;:null},{&quot;label&quot;:&quot;Indonesia&quot;,&quot;link&quot;:&quot;https://www.redbus.id&quot;,&quot;tooltip&quot;:null,&quot;id&quot;:null,&quot;imgUrl&quot;:null,&quot;isMoreLink&quot;:false,&quot;customAttributes&quot;:null},{&quot;label&quot;:&quot;Peru&quot;,&quot;link&quot;:&quot;https://www.redbus.pe&quot;,&quot;tooltip&quot;:null,&quot;id&quot;:null,&quot;imgUrl&quot;:null,&quot;isMoreLink&quot;:false,&quot;customAttributes&quot;:null},{&quot;label&quot;:&quot;Colombia&quot;,&quot;link&quot;:&quot;https://www.redbus.co&quot;,&quot;tooltip&quot;:null,&quot;id&quot;:null,&quot;imgUrl&quot;:null,&quot;isMoreLink&quot;:false,&quot;customAttributes&quot;:null}]},{&quot;header&quot;:&quot;Our Partners&quot;,&quot;subLinks&quot;:[{&quot;label&quot;:&quot;Goibibo&quot;,&quot;link&quot;:&quot;https://www.goibibo.com/bus/&quot;,&quot;tooltip&quot;:null,&quot;id&quot;:null,&quot;imgUrl&quot;:null,&quot;isMoreLink&quot;:false,&quot;customAttributes&quot;:null},{&quot;label&quot;:&quot;Makemytrip&quot;,&quot;link&quot;:&quot;https://www.makemytrip.com/bus-tickets/&quot;,&quot;tooltip&quot;:null,&quot;id&quot;:null,&quot;imgUrl&quot;:null,&quot;isMoreLink&quot;:false,&quot;customAttributes&quot;:null}]},{&quot;header&quot;:&quot;Other Services&quot;,&quot;subLinks&quot;:[{&quot;label&quot;:&quot;Train Tickets&quot;,&quot;link&quot;:&quot;https://www.redbus.in/train-tickets&quot;,&quot;tooltip&quot;:null,&quot;id&quot;:null,&quot;imgUrl&quot;:null,&quot;isMoreLink&quot;:false,&quot;customAttributes&quot;:null},{&quot;label&quot;:&quot;Bus Hire&quot;,&quot;link&quot;:&quot;https://www.redbus.in/bushire/&quot;,&quot;tooltip&quot;:null,&quot;id&quot;:null,&quot;imgUrl&quot;:null,&quot;isMoreLink&quot;:false,&quot;customAttributes&quot;:null},{&quot;label&quot;:&quot;Cab Booking&quot;,&quot;link&quot;:&quot;https://www.redbus.in/car-rental/cab-booking&quot;,&quot;tooltip&quot;:null,&quot;id&quot;:null,&quot;imgUrl&quot;:null,&quot;isMoreLink&quot;:false,&quot;customAttributes&quot;:null},{&quot;label&quot;:&quot;Tempo Traveller&quot;,&quot;link&quot;:&quot;https://www.redbus.in/tempo-traveller/&quot;,&quot;tooltip&quot;:null,&quot;id&quot;:null,&quot;imgUrl&quot;:null,&quot;isMoreLink&quot;:false,&quot;customAttributes&quot;:null}]}],&quot;lblFooterRights&quot;:&quot;2024 Redbus India Pvt Ltd. All rights reserved&quot;,&quot;partnerLogo&quot;:null,&quot;isCountryIndia&quot;:true,&quot;FooterAlliance&quot;:null,&quot;address&quot;:null,&quot;disableCopyRightSymbol&quot;:false},&quot;FooterV2&quot;:{&quot;seoMinFooterLinkCount&quot;:30,&quot;RbFooterLogoWebp&quot;:&quot;https://s3.rdbuz.com/Images/rdc/rdc-redbus-logo.webp&quot;,&quot;footerLinkHeadType&quot;:null,&quot;SeoFooterLinks&quot;:[{&quot;uiComponentId&quot;:&quot;C_155&quot;,&quot;content&quot;:{&quot;heading&quot;:&quot;Popular Bus Routes&quot;,&quot;body&quot;:null,&quot;subHeading&quot;:null,&quot;var1&quot;:null,&quot;var2&quot;:null,&quot;var3&quot;:null,&quot;label1&quot;:null,&quot;value1&quot;:null,&quot;label2&quot;:null,&quot;value2&quot;:null,&quot;label3&quot;:null,&quot;value3&quot;:null,&quot;imageUrl&quot;:null,&quot;faqList&quot;:null,&quot;dataList&quot;:[{&quot;url&quot;:&quot;https://www.redbus.in/bus-tickets/delhi-to-manali&quot;,&quot;name&quot;:&quot;Delhi To Manali Bus&quot;,&quot;tooltip&quot;:null,&quot;customAttributes&quot;:null,&quot;isMoreLink&quot;:false},{&quot;url&quot;:&quot;https://www.redbus.in/bus-tickets/delhi-to-rishikesh&quot;,&quot;name&quot;:&quot;Delhi To Rishikesh Bus&quot;,&quot;tooltip&quot;:null,&quot;customAttributes&quot;:null,&quot;isMoreLink&quot;:false},{&quot;url&quot;:&quot;https://www.redbus.in/bus-tickets/delhi-to-shimla&quot;,&quot;name&quot;:&quot;Delhi To Shimla Bus&quot;,&quot;tooltip&quot;:null,&quot;customAttributes&quot;:null,&quot;isMoreLink&quot;:false},{&quot;url&quot;:&quot;https://www.redbus.in/bus-tickets/delhi-to-nainital&quot;,&quot;name&quot;:&quot;Delhi To Nainital Bus&quot;,&quot;tooltip&quot;:null,&quot;customAttributes&quot;:null,&quot;isMoreLink&quot;:false},{&quot;url&quot;:&quot;https://www.redbus.in/bus-tickets/delhi-to-katra&quot;,&quot;name&quot;:&quot;Delhi To Katra Bus&quot;,&quot;tooltip&quot;:null,&quot;customAttributes&quot;:null,&quot;isMoreLink&quot;:false},{&quot;url&quot;:&quot;https://www.redbus.in/bus-tickets/bangalore-to-goa&quot;,&quot;name&quot;:&quot;Bangalore To Goa Bus&quot;,&quot;tooltip&quot;:null,&quot;customAttributes&quot;:null,&quot;isMoreLink&quot;:false},{&quot;url&quot;:&quot;https://www.redbus.in/bus-tickets/bangalore-to-hyderabad&quot;,&quot;name&quot;:&quot;Bangalore To Hyderabad Bus&quot;,&quot;tooltip&quot;:null,&quot;customAttributes&quot;:null,&quot;isMoreLink&quot;:false},{&quot;url&quot;:&quot;https://www.redbus.in/bus-tickets/bangalore-to-tirupathi&quot;,&quot;name&quot;:&quot;Bangalore To Tirupathi Bus&quot;,&quot;tooltip&quot;:null,&quot;customAttributes&quot;:null,&quot;isMoreLink&quot;:false},{&quot;url&quot;:&quot;https://www.redbus.in/bus-tickets/bangalore-to-chennai&quot;,&quot;name&quot;:&quot;Bangalore To Chennai Bus&quot;,&quot;tooltip&quot;:null,&quot;customAttributes&quot;:null,&quot;isMoreLink&quot;:false},{&quot;url&quot;:&quot;https://www.redbus.in/bus-tickets/bangalore-to-pondicherry&quot;,&quot;name&quot;:&quot;Bangalore To Pondicherry Bus&quot;,&quot;tooltip&quot;:null,&quot;customAttributes&quot;:null,&quot;isMoreLink&quot;:false},{&quot;url&quot;:&quot;https://www.redbus.in/bus-tickets/hyderabad-to-bangalore&quot;,&quot;name&quot;:&quot;Hyderabad To Bangalore Bus&quot;,&quot;tooltip&quot;:null,&quot;customAttributes&quot;:null,&quot;isMoreLink&quot;:false},{&quot;url&quot;:&quot;https://www.redbus.in/bus-tickets/hyderabad-to-goa&quot;,&quot;name&quot;:&quot;Hyderabad To Goa Bus&quot;,&quot;tooltip&quot;:null,&quot;customAttributes&quot;:null,&quot;isMoreLink&quot;:false},{&quot;url&quot;:&quot;https://www.redbus.in/bus-tickets/hyderabad-to-srisailam&quot;,&quot;name&quot;:&quot;Hyderabad To Srisailam Bus&quot;,&quot;tooltip&quot;:null,&quot;customAttributes&quot;:null,&quot;isMoreLink&quot;:false},{&quot;url&quot;:&quot;https://www.redbus.in/bus-tickets/hyderabad-to-vijayawada&quot;,&quot;name&quot;:&quot;Hyderabad To Vijayawada Bus&quot;,&quot;tooltip&quot;:null,&quot;customAttributes&quot;:null,&quot;isMoreLink&quot;:false},{&quot;url&quot;:&quot;https://www.redbus.in/bus-tickets/hyderabad-to-tirupathi&quot;,&quot;name&quot;:&quot;Hyderabad To Tirupathi Bus&quot;,&quot;tooltip&quot;:null,&quot;customAttributes&quot;:null,&quot;isMoreLink&quot;:false},{&quot;url&quot;:&quot;https://www.redbus.in/bus-tickets/pune-to-goa&quot;,&quot;name&quot;:&quot;Pune To Goa Bus&quot;,&quot;tooltip&quot;:null,&quot;customAttributes&quot;:null,&quot;isMoreLink&quot;:false},{&quot;url&quot;:&quot;https://www.redbus.in/bus-tickets/pune-to-mumbai&quot;,&quot;name&quot;:&quot;Pune To Mumbai Bus&quot;,&quot;tooltip&quot;:null,&quot;customAttributes&quot;:null,&quot;isMoreLink&quot;:false},{&quot;url&quot;:&quot;https://www.redbus.in/bus-tickets/pune-to-nagpur&quot;,&quot;name&quot;:&quot;Pune To Nagpur Bus&quot;,&quot;tooltip&quot;:null,&quot;customAttributes&quot;:null,&quot;isMoreLink&quot;:false},{&quot;url&quot;:&quot;https://www.redbus.in/bus-tickets/pune-to-kolhapur-maharashtra&quot;,&quot;name&quot;:&quot;Pune To Kolhapur Bus&quot;,&quot;tooltip&quot;:null,&quot;customAttributes&quot;:null,&quot;isMoreLink&quot;:false},{&quot;url&quot;:&quot;https://www.redbus.in/bus-tickets/pune-to-nashik&quot;,&quot;name&quot;:&quot;Pune To Nashik Bus&quot;,&quot;tooltip&quot;:null,&quot;customAttributes&quot;:null,&quot;isMoreLink&quot;:false},{&quot;url&quot;:&quot;https://www.redbus.in/bus-tickets/mumbai-to-goa&quot;,&quot;name&quot;:&quot;Mumbai To Goa Bus&quot;,&quot;tooltip&quot;:null,&quot;customAttributes&quot;:null,&quot;isMoreLink&quot;:false},{&quot;url&quot;:&quot;https://www.redbus.in/bus-tickets/mumbai-to-pune&quot;,&quot;name&quot;:&quot;Mumbai To Pune Bus&quot;,&quot;tooltip&quot;:null,&quot;customAttributes&quot;:null,&quot;isMoreLink&quot;:false},{&quot;url&quot;:&quot;https://www.redbus.in/bus-tickets/mumbai-to-shirdi&quot;,&quot;name&quot;:&quot;Mumbai To Shirdi Bus&quot;,&quot;tooltip&quot;:null,&quot;customAttributes&quot;:null,&quot;isMoreLink&quot;:false},{&quot;url&quot;:&quot;https://www.redbus.in/bus-tickets/mumbai-to-mahabaleshwar&quot;,&quot;name&quot;:&quot;Mumbai To Mahabaleshwar Bus&quot;,&quot;tooltip&quot;:null,&quot;customAttributes&quot;:null,&quot;isMoreLink&quot;:false},{&quot;url&quot;:&quot;https://www.redbus.in/bus-tickets/mumbai-to-kolhapur-maharashtra&quot;,&quot;name&quot;:&quot;Mumbai To Kolhapur Bus&quot;,&quot;tooltip&quot;:null,&quot;customAttributes&quot;:null,&quot;isMoreLink&quot;:false},{&quot;url&quot;:&quot;https://www.redbus.in/bus-tickets/kolkata-to-digha&quot;,&quot;name&quot;:&quot;Kolkata To Digha Bus&quot;,&quot;tooltip&quot;:null,&quot;customAttributes&quot;:null,&quot;isMoreLink&quot;:false},{&quot;url&quot;:&quot;https://www.redbus.in/bus-tickets/kolkata-to-siliguri&quot;,&quot;name&quot;:&quot;Kolkata To Siliguri Bus&quot;,&quot;tooltip&quot;:null,&quot;customAttributes&quot;:null,&quot;isMoreLink&quot;:false},{&quot;url&quot;:&quot;https://www.redbus.in/bus-tickets/kolkata-to-puri&quot;,&quot;name&quot;:&quot;Kolkata To Puri Bus&quot;,&quot;tooltip&quot;:null,&quot;customAttributes&quot;:null,&quot;isMoreLink&quot;:false},{&quot;url&quot;:&quot;https://www.redbus.in/bus-tickets/kolkata-to-bakkhali&quot;,&quot;name&quot;:&quot;Kolkata To Bakkhali Bus&quot;,&quot;tooltip&quot;:null,&quot;customAttributes&quot;:null,&quot;isMoreLink&quot;:false},{&quot;url&quot;:&quot;https://www.redbus.in/bus-tickets/kolkata-to-mandarmani&quot;,&quot;name&quot;:&quot;Kolkata To Mandarmani Bus&quot;,&quot;tooltip&quot;:null,&quot;customAttributes&quot;:null,&quot;isMoreLink&quot;:false},{&quot;url&quot;:&quot;https://www.redbus.in/bus-tickets/chennai-to-bangalore&quot;,&quot;name&quot;:&quot;Chennai To Bangalore Bus&quot;,&quot;tooltip&quot;:null,&quot;customAttributes&quot;:null,&quot;isMoreLink&quot;:false},{&quot;url&quot;:&quot;https://www.redbus.in/bus-tickets/chennai-to-pondicherry&quot;,&quot;name&quot;:&quot;Chennai To Pondicherry Bus&quot;,&quot;tooltip&quot;:null,&quot;customAttributes&quot;:null,&quot;isMoreLink&quot;:false},{&quot;url&quot;:&quot;https://www.redbus.in/bus-tickets/chennai-to-coimbatore&quot;,&quot;name&quot;:&quot;Chennai To Coimbatore Bus&quot;,&quot;tooltip&quot;:null,&quot;customAttributes&quot;:null,&quot;isMoreLink&quot;:false},{&quot;url&quot;:&quot;https://www.redbus.in/bus-tickets/chennai-to-madurai&quot;,&quot;name&quot;:&quot;Chennai To Madurai Bus&quot;,&quot;tooltip&quot;:null,&quot;customAttributes&quot;:null,&quot;isMoreLink&quot;:false},{&quot;url&quot;:&quot;https://www.redbus.in/bus-tickets/chennai-to-tirupathi&quot;,&quot;name&quot;:&quot;Chennai To Tirupathi Bus&quot;,&quot;tooltip&quot;:null,&quot;customAttributes&quot;:null,&quot;isMoreLink&quot;:false},{&quot;url&quot;:&quot;https://www.redbus.in/bus-tickets/chandigarh-to-manali&quot;,&quot;name&quot;:&quot;Chandigarh To Manali Bus&quot;,&quot;tooltip&quot;:null,&quot;customAttributes&quot;:null,&quot;isMoreLink&quot;:false},{&quot;url&quot;:&quot;https://www.redbus.in/bus-tickets/chandigarh-to-shimla&quot;,&quot;name&quot;:&quot;Chandigarh To Shimla Bus&quot;,&quot;tooltip&quot;:null,&quot;customAttributes&quot;:null,&quot;isMoreLink&quot;:false},{&quot;url&quot;:&quot;https://www.redbus.in/bus-tickets/chandigarh-to-delhi&quot;,&quot;name&quot;:&quot;Chandigarh To Delhi Bus&quot;,&quot;tooltip&quot;:null,&quot;customAttributes&quot;:null,&quot;isMoreLink&quot;:false},{&quot;url&quot;:&quot;https://www.redbus.in/bus-tickets/chandigarh-to-dehradun&quot;,&quot;name&quot;:&quot;Chandigarh To Dehradun Bus&quot;,&quot;tooltip&quot;:null,&quot;customAttributes&quot;:null,&quot;isMoreLink&quot;:false},{&quot;url&quot;:&quot;https://www.redbus.in/bus-tickets/chandigarh-to-amritsar&quot;,&quot;name&quot;:&quot;Chandigarh To Amritsar Bus&quot;,&quot;tooltip&quot;:null,&quot;customAttributes&quot;:null,&quot;isMoreLink&quot;:false},{&quot;url&quot;:&quot;https://www.redbus.in/bus-tickets/coimbatore-to-chennai&quot;,&quot;name&quot;:&quot;Coimbatore To Chennai Bus&quot;,&quot;tooltip&quot;:null,&quot;customAttributes&quot;:null,&quot;isMoreLink&quot;:false},{&quot;url&quot;:&quot;https://www.redbus.in/bus-tickets/coimbatore-to-bangalore&quot;,&quot;name&quot;:&quot;Coimbatore To Bangalore Bus&quot;,&quot;tooltip&quot;:null,&quot;customAttributes&quot;:null,&quot;isMoreLink&quot;:false},{&quot;url&quot;:&quot;https://www.redbus.in/bus-tickets/coimbatore-to-ooty&quot;,&quot;name&quot;:&quot;Coimbatore To Ooty Bus&quot;,&quot;tooltip&quot;:null,&quot;customAttributes&quot;:null,&quot;isMoreLink&quot;:false},{&quot;url&quot;:&quot;https://www.redbus.in/bus-tickets/coimbatore-to-tiruchendur&quot;,&quot;name&quot;:&quot;Coimbatore To Tiruchendur Bus&quot;,&quot;tooltip&quot;:null,&quot;customAttributes&quot;:null,&quot;isMoreLink&quot;:false},{&quot;url&quot;:&quot;https://www.redbus.in/bus-tickets/coimbatore-to-madurai&quot;,&quot;name&quot;:&quot;Coimbatore To Madurai Bus&quot;,&quot;tooltip&quot;:null,&quot;customAttributes&quot;:null,&quot;isMoreLink&quot;:false},{&quot;url&quot;:&quot;https://www.redbus.in/bus-tickets/agra-to-bareilly&quot;,&quot;name&quot;:&quot;Agra to Bareilly Bus&quot;,&quot;tooltip&quot;:null,&quot;customAttributes&quot;:null,&quot;isMoreLink&quot;:false},{&quot;url&quot;:&quot;https://www.redbus.in/bus-tickets/hisar-to-chandigarh&quot;,&quot;name&quot;:&quot;Hisar to Chandigarh Bus&quot;,&quot;tooltip&quot;:null,&quot;customAttributes&quot;:null,&quot;isMoreLink&quot;:false},{&quot;url&quot;:&quot;https://www.redbus.in/bus-tickets/hisar-to-delhi&quot;,&quot;name&quot;:&quot;Hisar to Delhi Bus &quot;,&quot;tooltip&quot;:null,&quot;customAttributes&quot;:null,&quot;isMoreLink&quot;:false},{&quot;url&quot;:&quot;https://www.redbus.in/bus-tickets/lucknow-to-ballia&quot;,&quot;name&quot;:&quot;Lucknow to Ballia Bus&quot;,&quot;tooltip&quot;:null,&quot;customAttributes&quot;:null,&quot;isMoreLink&quot;:false},{&quot;url&quot;:&quot;https://www.redbus.in/bus-tickets/lucknow-to-moradabad&quot;,&quot;name&quot;:&quot;Lucknow to Moradabad Bus&quot;,&quot;tooltip&quot;:null,&quot;customAttributes&quot;:null,&quot;isMoreLink&quot;:false},{&quot;url&quot;:&quot;https://www.redbus.in/bus-tickets/rajkot-to-dwarka&quot;,&quot;name&quot;:&quot;Rajkot to Dwarka Bus&quot;,&quot;tooltip&quot;:null,&quot;customAttributes&quot;:null,&quot;isMoreLink&quot;:false},{&quot;url&quot;:&quot;https://www.redbus.in/bus-tickets/siliguri-to-gangtok&quot;,&quot;name&quot;:&quot;Siliguri to Gangtok Bus&quot;,&quot;tooltip&quot;:null,&quot;customAttributes&quot;:null,&quot;isMoreLink&quot;:false},{&quot;url&quot;:&quot;https://www.redbus.in/bus-tickets/ahmedabad-to-goa&quot;,&quot;name&quot;:&quot;Ahmedabad to Goa Bus&quot;,&quot;tooltip&quot;:null,&quot;customAttributes&quot;:null,&quot;isMoreLink&quot;:false},{&quot;url&quot;:&quot;https://www.redbus.in/bus-tickets/ahmedabad-to-kanpur&quot;,&quot;name&quot;:&quot;Ahmedabad to Kanpur Bus&quot;,&quot;tooltip&quot;:null,&quot;customAttributes&quot;:null,&quot;isMoreLink&quot;:false},{&quot;url&quot;:&quot;https://www.redbus.in/bus-tickets/akola-to-pune&quot;,&quot;name&quot;:&quot;Akola to Pune Bus&quot;,&quot;tooltip&quot;:null,&quot;customAttributes&quot;:null,&quot;isMoreLink&quot;:false}]},&quot;headerType&quot;:&quot;h3&quot;},{&quot;uiComponentId&quot;:&quot;C_155&quot;,&quot;content&quot;:{&quot;heading&quot;:&quot;Popular Cities&quot;,&quot;body&quot;:null,&quot;subHeading&quot;:null,&quot;var1&quot;:null,&quot;var2&quot;:null,&quot;var3&quot;:null,&quot;label1&quot;:null,&quot;value1&quot;:null,&quot;label2&quot;:null,&quot;value2&quot;:null,&quot;label3&quot;:null,&quot;value3&quot;:null,&quot;imageUrl&quot;:null,&quot;faqList&quot;:null,&quot;dataList&quot;:[{&quot;url&quot;:&quot;buses/hyderabad-bus-tickets&quot;,&quot;name&quot;:&quot;Hyderabad Bus Ticket Booking&quot;,&quot;tooltip&quot;:null,&quot;customAttributes&quot;:null,&quot;isMoreLink&quot;:false},{&quot;url&quot;:&quot;buses/bangalore-bus-tickets&quot;,&quot;name&quot;:&quot;Bangalore Bus Ticket Booking&quot;,&quot;tooltip&quot;:null,&quot;customAttributes&quot;:null,&quot;isMoreLink&quot;:false},{&quot;url&quot;:&quot;buses/chennai-bus-tickets&quot;,&quot;name&quot;:&quot;Chennai Bus Ticket Booking&quot;,&quot;tooltip&quot;:null,&quot;customAttributes&quot;:null,&quot;isMoreLink&quot;:false},{&quot;url&quot;:&quot;buses/pune-bus-tickets&quot;,&quot;name&quot;:&quot;Pune Bus Tickets Booking&quot;,&quot;tooltip&quot;:null,&quot;customAttributes&quot;:null,&quot;isMoreLink&quot;:false},{&quot;url&quot;:&quot;buses/delhi-bus-tickets&quot;,&quot;name&quot;:&quot;Delhi Bus Ticket Booking&quot;,&quot;tooltip&quot;:null,&quot;customAttributes&quot;:null,&quot;isMoreLink&quot;:false},{&quot;url&quot;:&quot;buses/mumbai-bus-tickets&quot;,&quot;name&quot;:&quot;Mumbai Bus Ticket Booking&quot;,&quot;tooltip&quot;:null,&quot;customAttributes&quot;:null,&quot;isMoreLink&quot;:false},{&quot;url&quot;:&quot;buses/kolkata-bus-tickets&quot;,&quot;name&quot;:&quot;Kolkata Bus Ticket Booking&quot;,&quot;tooltip&quot;:null,&quot;customAttributes&quot;:null,&quot;isMoreLink&quot;:false},{&quot;url&quot;:&quot;buses/ernakulam-bus-tickets&quot;,&quot;name&quot;:&quot;Ernakulam Bus Ticket Booking&quot;,&quot;tooltip&quot;:null,&quot;customAttributes&quot;:null,&quot;isMoreLink&quot;:false},{&quot;url&quot;:&quot;buses/ahmedabad-bus-tickets&quot;,&quot;name&quot;:&quot;Ahmedabad Bus Ticket Booking&quot;,&quot;tooltip&quot;:null,&quot;customAttributes&quot;:null,&quot;isMoreLink&quot;:false},{&quot;url&quot;:&quot;buses/vijayawada-bus-tickets&quot;,&quot;name&quot;:&quot;Vijayawada Bus Ticket Booking&quot;,&quot;tooltip&quot;:null,&quot;customAttributes&quot;:null,&quot;isMoreLink&quot;:false},{&quot;url&quot;:&quot;buses/jaipur-bus-tickets&quot;,&quot;name&quot;:&quot;Jaipur Bus Ticket Booking&quot;,&quot;tooltip&quot;:null,&quot;customAttributes&quot;:null,&quot;isMoreLink&quot;:false},{&quot;url&quot;:&quot;buses/indore-bus-tickets&quot;,&quot;name&quot;:&quot;Indore Bus Ticket Booking&quot;,&quot;tooltip&quot;:null,&quot;customAttributes&quot;:null,&quot;isMoreLink&quot;:false},{&quot;url&quot;:&quot;buses/lucknow-bus-tickets&quot;,&quot;name&quot;:&quot;Lucknow Bus Ticket Booking&quot;,&quot;tooltip&quot;:null,&quot;customAttributes&quot;:null,&quot;isMoreLink&quot;:false},{&quot;url&quot;:&quot;buses/bhopal-bus-tickets&quot;,&quot;name&quot;:&quot;Bhopal Bus Ticket Booking&quot;,&quot;tooltip&quot;:null,&quot;customAttributes&quot;:null,&quot;isMoreLink&quot;:false}]},&quot;headerType&quot;:&quot;h3&quot;},{&quot;uiComponentId&quot;:&quot;C_155&quot;,&quot;content&quot;:{&quot;heading&quot;:&quot;Popular Bus Operators&quot;,&quot;body&quot;:null,&quot;subHeading&quot;:null,&quot;var1&quot;:null,&quot;var2&quot;:null,&quot;var3&quot;:null,&quot;label1&quot;:null,&quot;value1&quot;:null,&quot;label2&quot;:null,&quot;value2&quot;:null,&quot;label3&quot;:null,&quot;value3&quot;:null,&quot;imageUrl&quot;:null,&quot;faqList&quot;:null,&quot;dataList&quot;:[{&quot;url&quot;:&quot;https://www.redbus.in/travels/no-1-air-travels&quot;,&quot;name&quot;:&quot;No 1 Air Travels&quot;,&quot;tooltip&quot;:null,&quot;customAttributes&quot;:null,&quot;isMoreLink&quot;:false},{&quot;url&quot;:&quot;https://www.redbus.in/travels/ybm-travels&quot;,&quot;name&quot;:&quot;YBM Travels&quot;,&quot;tooltip&quot;:null,&quot;customAttributes&quot;:null,&quot;isMoreLink&quot;:false},{&quot;url&quot;:&quot;https://www.redbus.in/travels/sri-sms-travels&quot;,&quot;name&quot;:&quot;Sri SMS Travels&quot;,&quot;tooltip&quot;:null,&quot;customAttributes&quot;:null,&quot;isMoreLink&quot;:false},{&quot;url&quot;:&quot;https://www.redbus.in/travels/svkdt-travels&quot;,&quot;name&quot;:&quot;Svkdt Travels&quot;,&quot;tooltip&quot;:null,&quot;customAttributes&quot;:null,&quot;isMoreLink&quot;:false},{&quot;url&quot;:&quot;https://www.redbus.in/travels/rkt-tours-and-travels&quot;,&quot;name&quot;:&quot;RKT Tours and Travels&quot;,&quot;tooltip&quot;:null,&quot;customAttributes&quot;:null,&quot;isMoreLink&quot;:false},{&quot;url&quot;:&quot;https://www.redbus.in/travels/royal-cars&quot;,&quot;name&quot;:&quot;Royal Cars&quot;,&quot;tooltip&quot;:null,&quot;customAttributes&quot;:null,&quot;isMoreLink&quot;:false},{&quot;url&quot;:&quot;https://www.redbus.in/travels/rahul-travels&quot;,&quot;name&quot;:&quot;Rahul Travels&quot;,&quot;tooltip&quot;:null,&quot;customAttributes&quot;:null,&quot;isMoreLink&quot;:false},{&quot;url&quot;:&quot;https://www.redbus.in/travels/jbt-travels&quot;,&quot;name&quot;:&quot;JBT Travels&quot;,&quot;tooltip&quot;:null,&quot;customAttributes&quot;:null,&quot;isMoreLink&quot;:false},{&quot;url&quot;:&quot;https://www.redbus.in/travels/raj-express-1&quot;,&quot;name&quot;:&quot;Raj Express&quot;,&quot;tooltip&quot;:null,&quot;customAttributes&quot;:null,&quot;isMoreLink&quot;:false},{&quot;url&quot;:&quot;https://www.redbus.in/travels/vaishali-express&quot;,&quot;name&quot;:&quot;Vaishali Express&quot;,&quot;tooltip&quot;:null,&quot;customAttributes&quot;:null,&quot;isMoreLink&quot;:false},{&quot;url&quot;:&quot;https://www.redbus.in/travels/rahul-travels-indore&quot;,&quot;name&quot;:&quot;Rahul Travels Indore&quot;,&quot;tooltip&quot;:null,&quot;customAttributes&quot;:null,&quot;isMoreLink&quot;:false},{&quot;url&quot;:&quot;https://www.redbus.in/travels/delhi-tours-and-travels&quot;,&quot;name&quot;:&quot;Delhi Tours And Travels&quot;,&quot;tooltip&quot;:null,&quot;customAttributes&quot;:null,&quot;isMoreLink&quot;:false},{&quot;url&quot;:&quot;https://www.redbus.in/travels/ashok-travels-delhi&quot;,&quot;name&quot;:&quot;Ashok Travels&quot;,&quot;tooltip&quot;:null,&quot;customAttributes&quot;:null,&quot;isMoreLink&quot;:false},{&quot;url&quot;:&quot;https://www.redbus.in/travels/greenline&quot;,&quot;name&quot;:&quot;Greenline Travels&quot;,&quot;tooltip&quot;:null,&quot;customAttributes&quot;:null,&quot;isMoreLink&quot;:false},{&quot;url&quot;:&quot;https://www.redbus.in/travels/pawan-travels-balaghat&quot;,&quot;name&quot;:&quot;Pawan Travels&quot;,&quot;tooltip&quot;:null,&quot;customAttributes&quot;:null,&quot;isMoreLink&quot;:false},{&quot;url&quot;:&quot;https://www.redbus.in/travels/ravi-travels&quot;,&quot;name&quot;:&quot;Ravi Travels&quot;,&quot;tooltip&quot;:null,&quot;customAttributes&quot;:null,&quot;isMoreLink&quot;:false},{&quot;url&quot;:&quot;https://www.redbus.in/travels/vrl-travels&quot;,&quot;name&quot;:&quot;VRL Travels&quot;,&quot;tooltip&quot;:null,&quot;customAttributes&quot;:null,&quot;isMoreLink&quot;:false},{&quot;url&quot;:&quot;https://www.redbus.in/travels/dolphin-travel-house&quot;,&quot;name&quot;:&quot;Dolphin Travels&quot;,&quot;tooltip&quot;:null,&quot;customAttributes&quot;:null,&quot;isMoreLink&quot;:false},{&quot;url&quot;:&quot;https://www.redbus.in/travels/ganesh-travels&quot;,&quot;name&quot;:&quot;Ganesh Travels&quot;,&quot;tooltip&quot;:null,&quot;customAttributes&quot;:null,&quot;isMoreLink&quot;:false},{&quot;url&quot;:&quot;https://www.redbus.in/travels/kaveri-kamakshi-travels&quot;,&quot;name&quot;:&quot;Kaveri Travels&quot;,&quot;tooltip&quot;:null,&quot;customAttributes&quot;:null,&quot;isMoreLink&quot;:false},{&quot;url&quot;:&quot;https://www.redbus.in/travels/national-travels-national&quot;,&quot;name&quot;:&quot;National Travels&quot;,&quot;tooltip&quot;:null,&quot;customAttributes&quot;:null,&quot;isMoreLink&quot;:false},{&quot;url&quot;:&quot;https://www.redbus.in/travels/bharathi-travels-bharathi&quot;,&quot;name&quot;:&quot;Bharathi Travels&quot;,&quot;tooltip&quot;:null,&quot;customAttributes&quot;:null,&quot;isMoreLink&quot;:false},{&quot;url&quot;:&quot;https://www.redbus.in/travels/city-land-travels&quot;,&quot;name&quot;:&quot;City Land Travels&quot;,&quot;tooltip&quot;:null,&quot;customAttributes&quot;:null,&quot;isMoreLink&quot;:false},{&quot;url&quot;:&quot;https://www.redbus.in/travels/citylink-travels&quot;,&quot;name&quot;:&quot;Citylink Travels&quot;,&quot;tooltip&quot;:null,&quot;customAttributes&quot;:null,&quot;isMoreLink&quot;:false},{&quot;url&quot;:&quot;https://www.redbus.in/travels/kkaveri-travels&quot;,&quot;name&quot;:&quot;KKaveri Travels&quot;,&quot;tooltip&quot;:null,&quot;customAttributes&quot;:null,&quot;isMoreLink&quot;:false},{&quot;url&quot;:&quot;https://www.redbus.in/travels/kk-travels&quot;,&quot;name&quot;:&quot;KK Travels&quot;,&quot;tooltip&quot;:null,&quot;customAttributes&quot;:null,&quot;isMoreLink&quot;:false},{&quot;url&quot;:&quot;https://www.redbus.in/travels/mahadev-travels-online&quot;,&quot;name&quot;:&quot;Mahadev Travels&quot;,&quot;tooltip&quot;:null,&quot;customAttributes&quot;:null,&quot;isMoreLink&quot;:false},{&quot;url&quot;:&quot;https://www.redbus.in/travels/maharaja-travels-1&quot;,&quot;name&quot;:&quot;Maharaja Travels&quot;,&quot;tooltip&quot;:null,&quot;customAttributes&quot;:null,&quot;isMoreLink&quot;:false},{&quot;url&quot;:&quot;https://www.redbus.in/travels/m-r-travels&quot;,&quot;name&quot;:&quot;M R Travels&quot;,&quot;tooltip&quot;:null,&quot;customAttributes&quot;:null,&quot;isMoreLink&quot;:false},{&quot;url&quot;:&quot;https://www.redbus.in/travels/new-payal-travels&quot;,&quot;name&quot;:&quot;New Payal Travels&quot;,&quot;tooltip&quot;:null,&quot;customAttributes&quot;:null,&quot;isMoreLink&quot;:false},{&quot;url&quot;:&quot;https://www.redbus.in/travels/paras-travels&quot;,&quot;name&quot;:&quot;Paras Travels&quot;,&quot;tooltip&quot;:null,&quot;customAttributes&quot;:null,&quot;isMoreLink&quot;:false},{&quot;url&quot;:&quot;https://www.redbus.in/travels/parshwanath-travels-parshwanath-ahmedabad&quot;,&quot;name&quot;:&quot;Shree Parshwanath Travels&quot;,&quot;tooltip&quot;:null,&quot;customAttributes&quot;:null,&quot;isMoreLink&quot;:false},{&quot;url&quot;:&quot;https://www.redbus.in/travels/payal-travels&quot;,&quot;name&quot;:&quot;Payal Travels&quot;,&quot;tooltip&quot;:null,&quot;customAttributes&quot;:null,&quot;isMoreLink&quot;:false},{&quot;url&quot;:&quot;https://www.redbus.in/travels/rk-travels&quot;,&quot;name&quot;:&quot;R K Travels&quot;,&quot;tooltip&quot;:null,&quot;customAttributes&quot;:null,&quot;isMoreLink&quot;:false},{&quot;url&quot;:&quot;https://www.redbus.in/travels/shivam-travels&quot;,&quot;name&quot;:&quot;Shivam Travels&quot;,&quot;tooltip&quot;:null,&quot;customAttributes&quot;:null,&quot;isMoreLink&quot;:false},{&quot;url&quot;:&quot;https://www.redbus.in/travels/shree-mahaveer-travels-9721&quot;,&quot;name&quot;:&quot;Shree Mahaveer Travels&quot;,&quot;tooltip&quot;:null,&quot;customAttributes&quot;:null,&quot;isMoreLink&quot;:false},{&quot;url&quot;:&quot;https://www.redbus.in/travels/srs-travels-srs&quot;,&quot;name&quot;:&quot;SRS Travels&quot;,&quot;tooltip&quot;:null,&quot;customAttributes&quot;:null,&quot;isMoreLink&quot;:false},{&quot;url&quot;:&quot;https://www.redbus.in/travels/tulsi-travels&quot;,&quot;name&quot;:&quot;Tulsi Travels&quot;,&quot;tooltip&quot;:null,&quot;customAttributes&quot;:null,&quot;isMoreLink&quot;:false},{&quot;url&quot;:&quot;https://www.redbus.in/travels/vaibhav-travels-10044&quot;,&quot;name&quot;:&quot;Vaibhav Travels&quot;,&quot;tooltip&quot;:null,&quot;customAttributes&quot;:null,&quot;isMoreLink&quot;:false},{&quot;url&quot;:&quot;https://www.redbus.in/travels/vikas-travels-jaipur&quot;,&quot;name&quot;:&quot;Vikas Travels&quot;,&quot;tooltip&quot;:null,&quot;customAttributes&quot;:null,&quot;isMoreLink&quot;:false},{&quot;url&quot;:&quot;https://www.redbus.in/travels/amarnath-travels-9984&quot;,&quot;name&quot;:&quot;Amarnath Travels&quot;,&quot;tooltip&quot;:null,&quot;customAttributes&quot;:null,&quot;isMoreLink&quot;:false},{&quot;url&quot;:&quot;https://www.redbus.in/travels/anand-travel&quot;,&quot;name&quot;:&quot;Anand Travels&quot;,&quot;tooltip&quot;:null,&quot;customAttributes&quot;:null,&quot;isMoreLink&quot;:false},{&quot;url&quot;:&quot;https://www.redbus.in/travels/ashapura-travels&quot;,&quot;name&quot;:&quot;Ashapura Travels&quot;,&quot;tooltip&quot;:null,&quot;customAttributes&quot;:null,&quot;isMoreLink&quot;:false},{&quot;url&quot;:&quot;https://www.redbus.in/travels/ashok-bus-service&quot;,&quot;name&quot;:&quot;Ashok Bus Service&quot;,&quot;tooltip&quot;:null,&quot;customAttributes&quot;:null,&quot;isMoreLink&quot;:false},{&quot;url&quot;:&quot;https://www.redbus.in/travels/ashoka-travels&quot;,&quot;name&quot;:&quot;Ashoka Travels&quot;,&quot;tooltip&quot;:null,&quot;customAttributes&quot;:null,&quot;isMoreLink&quot;:false}]},&quot;headerType&quot;:&quot;h3&quot;}],&quot;SeoSections&quot;:[{&quot;title&quot;:&quot;Top RTCs&quot;,&quot;id&quot;:&quot;top_rtc_seo&quot;,&quot;isListItemImages&quot;:false,&quot;listItems&quot;:[{&quot;displayName&quot;:&quot;APSRTC&quot;,&quot;id&quot;:&quot;top_rtc_seo_apsrtc&quot;,&quot;redirectUrl&quot;:&quot;https://www.redbus.in/online-booking/apsrtc&quot;,&quot;imgUrl&quot;:null,&quot;customAttributes&quot;:null},{&quot;displayName&quot;:&quot;GSRTC&quot;,&quot;id&quot;:&quot;top_rtc_seo_gsrtc&quot;,&quot;redirectUrl&quot;:&quot;https://www.redbus.in/online-booking/gsrtc&quot;,&quot;imgUrl&quot;:null,&quot;customAttributes&quot;:null},{&quot;displayName&quot;:&quot;TNSTC&quot;,&quot;id&quot;:&quot;top_rtc_seo_tnstc&quot;,&quot;redirectUrl&quot;:&quot;https://www.redbus.in/online-booking/tnstc&quot;,&quot;imgUrl&quot;:null,&quot;customAttributes&quot;:null},{&quot;displayName&quot;:&quot;View All&quot;,&quot;id&quot;:&quot;top_rtc_seo_view_all&quot;,&quot;redirectUrl&quot;:&quot;https://www.redbus.in/online-booking/rtc-directory&quot;,&quot;imgUrl&quot;:null,&quot;customAttributes&quot;:null}]},{&quot;title&quot;:&quot;Other&quot;,&quot;id&quot;:&quot;other_seo&quot;,&quot;isListItemImages&quot;:false,&quot;listItems&quot;:[{&quot;displayName&quot;:&quot;TSRTC&quot;,&quot;id&quot;:&quot;other_seo_tsrtc&quot;,&quot;redirectUrl&quot;:&quot;https://www.redbus.in/online-booking/tsrtc&quot;,&quot;imgUrl&quot;:null,&quot;customAttributes&quot;:null},{&quot;displayName&quot;:&quot;SBSTC&quot;,&quot;id&quot;:&quot;other_seo_sbstc&quot;,&quot;redirectUrl&quot;:&quot;https://www.redbus.in/online-booking/south-bengal-state-transport-corporation-sbstc&quot;,&quot;imgUrl&quot;:null,&quot;customAttributes&quot;:null},{&quot;displayName&quot;:&quot;RSRTC&quot;,&quot;id&quot;:&quot;other_seo_rsrtc&quot;,&quot;redirectUrl&quot;:&quot;https://www.redbus.in/online-booking/rsrtc&quot;,&quot;imgUrl&quot;:null,&quot;customAttributes&quot;:null},{&quot;displayName&quot;:&quot;Kerala RTC&quot;,&quot;id&quot;:&quot;other_seo_kerala_rtc&quot;,&quot;redirectUrl&quot;:&quot;https://www.redbus.in/online-booking/ksrtc-kerala&quot;,&quot;imgUrl&quot;:null,&quot;customAttributes&quot;:null},{&quot;displayName&quot;:&quot;View All&quot;,&quot;id&quot;:&quot;other_seo_view_all&quot;,&quot;redirectUrl&quot;:&quot;https://www.redbus.in/online-booking/rtc-directory&quot;,&quot;imgUrl&quot;:null,&quot;customAttributes&quot;:null}]},{&quot;title&quot;:&quot;Top bus routes&quot;,&quot;id&quot;:&quot;top_bus_routes_seo&quot;,&quot;isListItemImages&quot;:false,&quot;listItems&quot;:[{&quot;displayName&quot;:&quot;Hyderabad to Bangalore Bus&quot;,&quot;id&quot;:&quot;top_bus_routes_seo_hyd_to_blr&quot;,&quot;redirectUrl&quot;:&quot;https://www.redbus.in/bus-tickets/hyderabad-to-bangalore&quot;,&quot;imgUrl&quot;:null,&quot;customAttributes&quot;:null},{&quot;displayName&quot;:&quot;Bangalore to Chennai Bus&quot;,&quot;id&quot;:&quot;top_bus_routes_seo_blr_to_chn&quot;,&quot;redirectUrl&quot;:&quot;https://www.redbus.in/bus-tickets/bangalore-to-chennai&quot;,&quot;imgUrl&quot;:null,&quot;customAttributes&quot;:null},{&quot;displayName&quot;:&quot;Pune to Bangalore Bus&quot;,&quot;id&quot;:&quot;top_bus_routes_seo_pune_to_blr&quot;,&quot;redirectUrl&quot;:&quot;https://www.redbus.in/bus-tickets/pune-to-bangalore&quot;,&quot;imgUrl&quot;:null,&quot;customAttributes&quot;:null},{&quot;displayName&quot;:&quot;Mumbai to Bangalore Bus&quot;,&quot;id&quot;:&quot;top_bus_routes_seo_mum_to_blr&quot;,&quot;redirectUrl&quot;:&quot;https://www.redbus.in/bus-tickets/mumbai-to-bangalore&quot;,&quot;imgUrl&quot;:null,&quot;customAttributes&quot;:null},{&quot;displayName&quot;:&quot;View All&quot;,&quot;id&quot;:&quot;top_bus_routes_seo_view_all&quot;,&quot;redirectUrl&quot;:&quot;https://www.redbus.in/bus-tickets/routes-directory&quot;,&quot;imgUrl&quot;:null,&quot;customAttributes&quot;:null}]},{&quot;title&quot;:&quot;Top cities&quot;,&quot;id&quot;:&quot;top_cities_seo&quot;,&quot;isListItemImages&quot;:false,&quot;listItems&quot;:[{&quot;displayName&quot;:&quot;Hyderabad Bus Tickets&quot;,&quot;id&quot;:&quot;top_cities_seo_hyd&quot;,&quot;redirectUrl&quot;:&quot;https://www.redbus.in/buses/hyderabad-bus-tickets&quot;,&quot;imgUrl&quot;:null,&quot;customAttributes&quot;:null},{&quot;displayName&quot;:&quot;Bangalore Bus Tickets&quot;,&quot;id&quot;:&quot;top_cities_seo_blr&quot;,&quot;redirectUrl&quot;:&quot;https://www.redbus.in/buses/bangalore-bus-tickets&quot;,&quot;imgUrl&quot;:null,&quot;customAttributes&quot;:null},{&quot;displayName&quot;:&quot;Chennai Bus Tickets&quot;,&quot;id&quot;:&quot;top_cities_seo_chn&quot;,&quot;redirectUrl&quot;:&quot;https://www.redbus.in/buses/chennai-bus-tickets&quot;,&quot;imgUrl&quot;:null,&quot;customAttributes&quot;:null},{&quot;displayName&quot;:&quot;Pune Bus Tickets&quot;,&quot;id&quot;:&quot;top_cities_seo_pune&quot;,&quot;redirectUrl&quot;:&quot;https://www.redbus.in/buses/pune-bus-tickets&quot;,&quot;imgUrl&quot;:null,&quot;customAttributes&quot;:null},{&quot;displayName&quot;:&quot;View All&quot;,&quot;id&quot;:&quot;top_cities_seo_view_all&quot;,&quot;redirectUrl&quot;:&quot;https://www.redbus.in/buses/cities-directory&quot;,&quot;imgUrl&quot;:null,&quot;customAttributes&quot;:null}]},{&quot;title&quot;:&quot;redRail&quot;,&quot;id&quot;:&quot;red_rail_seo&quot;,&quot;isListItemImages&quot;:false,&quot;listItems&quot;:[{&quot;displayName&quot;:&quot;Book Train Tickets&quot;,&quot;id&quot;:&quot;red_rail_seo_book&quot;,&quot;redirectUrl&quot;:&quot;https://www.redbus.in/train-tickets&quot;,&quot;imgUrl&quot;:null,&quot;customAttributes&quot;:null},{&quot;displayName&quot;:&quot;PNR Status&quot;,&quot;id&quot;:&quot;red_rail_seo_pnr_status&quot;,&quot;redirectUrl&quot;:&quot;https://www.redbus.in/railways/pnr-status&quot;,&quot;imgUrl&quot;:null,&quot;customAttributes&quot;:null},{&quot;displayName&quot;:&quot;Live Train Status&quot;,&quot;id&quot;:&quot;red_rail_seo_live_status&quot;,&quot;redirectUrl&quot;:&quot;https://m.redbus.in/railways/train-running-status&quot;,&quot;imgUrl&quot;:null,&quot;customAttributes&quot;:null},{&quot;displayName&quot;:&quot;Train Seat Availability&quot;,&quot;id&quot;:&quot;red_rail_seo_seat_avl&quot;,&quot;redirectUrl&quot;:&quot;https://www.redbus.in/train-tickets/train-seat-availability&quot;,&quot;imgUrl&quot;:null,&quot;customAttributes&quot;:null},{&quot;displayName&quot;:&quot;Trains between Stations&quot;,&quot;id&quot;:&quot;red_rail_seo_trains_btwn_stn&quot;,&quot;redirectUrl&quot;:&quot;https://www.redbus.in/train-tickets/trains-between-stations&quot;,&quot;imgUrl&quot;:null,&quot;customAttributes&quot;:null}]}],&quot;RbFooterLogo&quot;:&quot;https://s3.rdbuz.com/Images/rdc/rdc-redbus-logo.svg&quot;,&quot;FooterMergeLogo&quot;:null,&quot;FooterText&quot;:&quot;redBus is the world&#039;s largest online bus ticket booking service trusted by over 25 million happy customers globally. redBus offers bus ticket booking through its website, iOS and Android mobile apps for all major routes.&quot;,&quot;FooterLinks&quot;:[{&quot;title&quot;:&quot;About redBus&quot;,&quot;id&quot;:&quot;about_redbus_title_footer&quot;,&quot;isListItemImages&quot;:false,&quot;listItems&quot;:[{&quot;displayName&quot;:&quot;About us&quot;,&quot;id&quot;:&quot;about_us_footer&quot;,&quot;redirectUrl&quot;:&quot;https://www.redbus.in/info/aboutus&quot;,&quot;imgUrl&quot;:null,&quot;customAttributes&quot;:null},{&quot;displayName&quot;:&quot;Investor Relations&quot;,&quot;id&quot;:&quot;investor_relations_footer&quot;,&quot;redirectUrl&quot;:&quot;https://www.redbus.in/info/Investors&quot;,&quot;imgUrl&quot;:null,&quot;customAttributes&quot;:null},{&quot;displayName&quot;:&quot;Contact us&quot;,&quot;id&quot;:&quot;contact_us_footer&quot;,&quot;redirectUrl&quot;:&quot;https://www.redbus.in/info/contactus&quot;,&quot;imgUrl&quot;:null,&quot;customAttributes&quot;:null},{&quot;displayName&quot;:&quot;Mobile version&quot;,&quot;id&quot;:&quot;mobile_version_footer&quot;,&quot;redirectUrl&quot;:&quot;https://m.redbus.in/&quot;,&quot;imgUrl&quot;:null,&quot;customAttributes&quot;:null},{&quot;displayName&quot;:&quot;redBus on mobile&quot;,&quot;id&quot;:&quot;redbus_on_bus_footer&quot;,&quot;redirectUrl&quot;:&quot;https://www.redbus.in/info/mobile&quot;,&quot;imgUrl&quot;:null,&quot;customAttributes&quot;:null},{&quot;displayName&quot;:&quot;Sitemap&quot;,&quot;id&quot;:&quot;sitemap_footer&quot;,&quot;redirectUrl&quot;:&quot;https://www.redbus.in/sitemap.html&quot;,&quot;imgUrl&quot;:null,&quot;customAttributes&quot;:null},{&quot;displayName&quot;:&quot;Offers&quot;,&quot;id&quot;:&quot;offers_footer&quot;,&quot;redirectUrl&quot;:&quot;https://www.redbus.in/info/offerTerms&quot;,&quot;imgUrl&quot;:null,&quot;customAttributes&quot;:null},{&quot;displayName&quot;:&quot;Careers&quot;,&quot;id&quot;:&quot;careers_footer&quot;,&quot;redirectUrl&quot;:&quot;https://www.redbus.in/careers&quot;,&quot;imgUrl&quot;:null,&quot;customAttributes&quot;:null},{&quot;displayName&quot;:&quot;Values&quot;,&quot;id&quot;:&quot;values_footer&quot;,&quot;redirectUrl&quot;:&quot;https://www.redbus.in/values&quot;,&quot;imgUrl&quot;:null,&quot;customAttributes&quot;:null}]},{&quot;title&quot;:&quot;Info&quot;,&quot;id&quot;:&quot;info_title_footer&quot;,&quot;isListItemImages&quot;:false,&quot;listItems&quot;:[{&quot;displayName&quot;:&quot;T&amp;C&quot;,&quot;id&quot;:&quot;terms_n_conditions_footer&quot;,&quot;redirectUrl&quot;:&quot;https://www.redbus.in/info/termscondition&quot;,&quot;imgUrl&quot;:null,&quot;customAttributes&quot;:null},{&quot;displayName&quot;:&quot;Privacy policy&quot;,&quot;id&quot;:&quot;privacy_policy_footer&quot;,&quot;redirectUrl&quot;:&quot;https://www.redbus.in/info/privacypolicy&quot;,&quot;imgUrl&quot;:null,&quot;customAttributes&quot;:null},{&quot;displayName&quot;:&quot;FAQ&quot;,&quot;id&quot;:&quot;faq_footer&quot;,&quot;redirectUrl&quot;:&quot;https://www.redbus.in/info/faq&quot;,&quot;imgUrl&quot;:null,&quot;customAttributes&quot;:null},{&quot;displayName&quot;:&quot;Blog&quot;,&quot;id&quot;:&quot;blog_footer&quot;,&quot;redirectUrl&quot;:&quot;https://blog.redbus.in&quot;,&quot;imgUrl&quot;:null,&quot;customAttributes&quot;:null},{&quot;displayName&quot;:&quot;Bus operator registration&quot;,&quot;id&quot;:&quot;bus_operator_registration_footer&quot;,&quot;redirectUrl&quot;:&quot;https://onboardvendor.redbus.in/&quot;,&quot;imgUrl&quot;:null,&quot;customAttributes&quot;:null},{&quot;displayName&quot;:&quot;Agent registration&quot;,&quot;id&quot;:&quot;agent_registration_footer&quot;,&quot;redirectUrl&quot;:&quot;https://in3.seatseller.travel/&quot;,&quot;imgUrl&quot;:null,&quot;customAttributes&quot;:null},{&quot;displayName&quot;:&quot;Insurance partner&quot;,&quot;id&quot;:&quot;insurance_partner_footer&quot;,&quot;redirectUrl&quot;:&quot;https://www.acko.com/&quot;,&quot;imgUrl&quot;:null,&quot;customAttributes&quot;:null},{&quot;displayName&quot;:&quot;User agreement&quot;,&quot;id&quot;:&quot;user_agreement_footer&quot;,&quot;redirectUrl&quot;:&quot;https://www.redbus.in/info/useragreement&quot;,&quot;imgUrl&quot;:null,&quot;customAttributes&quot;:null},{&quot;displayName&quot;:&quot;Primo Bus&quot;,&quot;id&quot;:null,&quot;redirectUrl&quot;:&quot;https://www.redbus.in/primo/primo-service&quot;,&quot;imgUrl&quot;:null,&quot;customAttributes&quot;:null},{&quot;displayName&quot;:&quot;Bus Timetable&quot;,&quot;id&quot;:null,&quot;redirectUrl&quot;:&quot;https://www.redbus.in/bus-timetable&quot;,&quot;imgUrl&quot;:null,&quot;customAttributes&quot;:null}]},{&quot;title&quot;:&quot;Global Sites&quot;,&quot;id&quot;:&quot;global_sites_title_footer&quot;,&quot;isListItemImages&quot;:false,&quot;listItems&quot;:[{&quot;displayName&quot;:&quot;India&quot;,&quot;id&quot;:&quot;India_site_footer&quot;,&quot;redirectUrl&quot;:&quot;https://www.redbus.in/&quot;,&quot;imgUrl&quot;:null,&quot;customAttributes&quot;:null},{&quot;displayName&quot;:&quot;Singapore&quot;,&quot;id&quot;:&quot;singapore_site_footer&quot;,&quot;redirectUrl&quot;:&quot;https://www.redbus.sg/&quot;,&quot;imgUrl&quot;:null,&quot;customAttributes&quot;:null},{&quot;displayName&quot;:&quot;Malaysia&quot;,&quot;id&quot;:&quot;malaysia_site_footer&quot;,&quot;redirectUrl&quot;:&quot;https://www.redbus.my/&quot;,&quot;imgUrl&quot;:null,&quot;customAttributes&quot;:null},{&quot;displayName&quot;:&quot;Indonesia&quot;,&quot;id&quot;:&quot;indonesia_site_footer&quot;,&quot;redirectUrl&quot;:&quot;https://www.redbus.id/&quot;,&quot;imgUrl&quot;:null,&quot;customAttributes&quot;:null},{&quot;displayName&quot;:&quot;Peru&quot;,&quot;id&quot;:&quot;peru_site_footer&quot;,&quot;redirectUrl&quot;:&quot;https://www.redbus.pe/&quot;,&quot;imgUrl&quot;:null,&quot;customAttributes&quot;:null},{&quot;displayName&quot;:&quot;Colombia&quot;,&quot;id&quot;:&quot;colombia_site_footer&quot;,&quot;redirectUrl&quot;:&quot;https://www.redbus.co/&quot;,&quot;imgUrl&quot;:null,&quot;customAttributes&quot;:null},{&quot;displayName&quot;:&quot;Cambodia&quot;,&quot;id&quot;:&quot;cambodia_site_footer&quot;,&quot;redirectUrl&quot;:&quot;https://www.redbus.com.kh/&quot;,&quot;imgUrl&quot;:null,&quot;customAttributes&quot;:null},{&quot;displayName&quot;:&quot;Vietnam&quot;,&quot;id&quot;:&quot;vietnam_site_footer&quot;,&quot;redirectUrl&quot;:&quot;https://www.redbus.vn/&quot;,&quot;imgUrl&quot;:null,&quot;customAttributes&quot;:null}]},{&quot;title&quot;:&quot;Our Partners&quot;,&quot;id&quot;:&quot;our_partners_title_footer&quot;,&quot;isListItemImages&quot;:false,&quot;listItems&quot;:[{&quot;displayName&quot;:&quot;Goibibo Bus&quot;,&quot;id&quot;:&quot;goibibo_bus_footer&quot;,&quot;redirectUrl&quot;:&quot;https://www.goibibo.com/bus/&quot;,&quot;imgUrl&quot;:null,&quot;customAttributes&quot;:&quot;rel=\&quot;nofollow\&quot;&quot;},{&quot;displayName&quot;:&quot;Goibibo Hotels&quot;,&quot;id&quot;:&quot;goibibo_hotels_footer&quot;,&quot;redirectUrl&quot;:&quot;https://www.goibibo.com/hotels/&quot;,&quot;imgUrl&quot;:null,&quot;customAttributes&quot;:&quot;rel=\&quot;nofollow\&quot;&quot;},{&quot;displayName&quot;:&quot;Makemytrip Hotels&quot;,&quot;id&quot;:&quot;makemytrip_hotels_footer&quot;,&quot;redirectUrl&quot;:&quot;https://www.makemytrip.com/hotels/&quot;,&quot;imgUrl&quot;:null,&quot;customAttributes&quot;:&quot;rel=\&quot;nofollow\&quot;&quot;}]}],&quot;CopyrightText&quot;:&quot;Ⓒ 2024 Redbus India Pvt Ltd. All rights reserved&quot;,&quot;SocialIconList&quot;:[{&quot;key&quot;:&quot;redbus_facebook&quot;,&quot;iconClassOrImgUrl&quot;:&quot;https://st.redbus.in/web/images/layout/social_facebook_new.svg&quot;,&quot;isIcon&quot;:false,&quot;redirectUrl&quot;:&quot;https://www.facebook.com/redbus.in/&quot;},{&quot;key&quot;:&quot;redbus_linkedin&quot;,&quot;iconClassOrImgUrl&quot;:&quot;https://st.redbus.in/web/images/layout/social_linkedin_new.svg&quot;,&quot;isIcon&quot;:false,&quot;redirectUrl&quot;:&quot;https://in.linkedin.com/company/redbus_2/&quot;},{&quot;key&quot;:&quot;redbus_twitter&quot;,&quot;iconClassOrImgUrl&quot;:&quot;https://st.redbus.in/web/images/layout/social_twitter_new.svg&quot;,&quot;isIcon&quot;:false,&quot;redirectUrl&quot;:&quot;https://twitter.com/redBus_in/&quot;},{&quot;key&quot;:&quot;redbus_instagram&quot;,&quot;iconClassOrImgUrl&quot;:&quot;https://st.redbus.in/web/images/layout/social_instagram_new.svg&quot;,&quot;isIcon&quot;:false,&quot;redirectUrl&quot;:&quot;https://www.instagram.com/accounts/login/?next=/redbusindia/&quot;}],&quot;FooterAddress&quot;:null,&quot;FooterPartnerContent&quot;:null},&quot;FooterSeoContent&quot;:&quot;&lt;div class=\&quot;operator-footer-list clearfix\&quot;&gt; &lt;ul class=\&quot;containerHome clearfix\&quot;&gt; &lt;h6 class=\&quot;seo-header\&quot;&gt;Top Operators&lt;/h6&gt; &lt;li&gt;&lt;a href=\&quot;https://www.redbus.in/travels/srs-travels-srs\&quot;&gt;SRS Travels&lt;/a&gt;&lt;/li&gt; &lt;li&gt;&lt;a href=\&quot;https://www.redbus.in/travels/kallada-travels-kallada \&quot;&gt;Kallada Travels&lt;/a&gt;&lt;/li&gt; &lt;li&gt;&lt;a href=\&quot;https://www.redbus.in/travels/kpn-travels-kpn \&quot;&gt;KPN Travels&lt;/a&gt;&lt;/li&gt; &lt;li&gt;&lt;a href=\&quot;https://www.redbus.in/travels/orange-travels-orange \&quot;&gt;Orange Travels&lt;/a&gt;&lt;/li&gt; &lt;li&gt;&lt;a href=\&quot;https://www.redbus.in/travels/parveen-travels \&quot;&gt;Parveen Travels&lt;/a&gt;&lt;/li&gt; &lt;li&gt;&lt;a href=\&quot;https://www.redbus.in/travels/rajdhani-express \&quot;&gt;Rajdhani Express&lt;/a&gt;&lt;/li&gt; &lt;li&gt;&lt;a href=\&quot;https://www.redbus.in/travels/vrl-travels-vrl\&quot;&gt;VRL Travels&lt;/a&gt;&lt;/li&gt; &lt;li&gt;&lt;a href=\&quot;https://www.redbus.in/travels/chartered-bus\&quot;&gt;Chartered Speed Bus&lt;/a&gt;&lt;/li&gt; &lt;li&gt;&lt;a href=\&quot;https://www.redbus.in/travels/bengal-tiger\&quot;&gt;Bengal Tiger&lt;/a&gt;&lt;/li&gt; &lt;li&gt;&lt;a href=\&quot;https://www.redbus.in/travels/srm-travels-srm\&quot;&gt;SRM Travels&lt;/a&gt;&lt;/li&gt; &lt;li&gt;&lt;a href=\&quot;https://www.redbus.in/travels/infant-jesus\&quot;&gt;Infant Jesus&lt;/a&gt;&lt;/li&gt; &lt;li&gt;&lt;a href=\&quot;https://www.redbus.in/travels/patel-travels-lufthanza-9940\&quot;&gt;Patel Travels&lt;/a&gt;&lt;/li&gt; &lt;li&gt;&lt;a href=\&quot;https://www.redbus.in/travels/jbt-travels\&quot;&gt;JBT Travels&lt;/a&gt;&lt;/li&gt; &lt;li&gt;&lt;a href=\&quot;https://www.redbus.in/travels/shatabdi-travels-1\&quot;&gt;Shatabdi Travels&lt;/a&gt;&lt;/li&gt; &lt;li&gt;&lt;a href=\&quot;https://www.redbus.in/travels/eagle-travels\&quot;&gt;Eagle Travels&lt;/a&gt;&lt;/li&gt; &lt;li&gt;&lt;a href=\&quot;https://www.redbus.in/travels/kanker-roadways-10172\&quot;&gt;Kanker Roadways&lt;/a&gt;&lt;/li&gt; &lt;li&gt;&lt;a href=\&quot;https://www.redbus.in/travels/komitla\&quot;&gt;Komitla&lt;/a&gt;&lt;/li&gt; &lt;li&gt;&lt;a href=\&quot;https://www.redbus.in/travels/sri-krishna-travels\&quot;&gt;Sri Krishna Travels&lt;/a&gt;&lt;/li&gt; &lt;li&gt;&lt;a href=\&quot;https://www.redbus.in/travels/humsafar-travels-9807\&quot;&gt;Humsafar Travels&lt;/a&gt;&lt;/li&gt; &lt;li&gt;&lt;a href=\&quot;https://www.redbus.in/travels/mahasagar-travels-mahasagar\&quot;&gt;Mahasagar Travels&lt;/a&gt;&lt;/li&gt; &lt;li&gt;&lt;a href=\&quot;https://www.redbus.in/travels/raj-express-1\&quot;&gt;Raj Express&lt;/a&gt;&lt;/li&gt; &lt;li&gt;&lt;a href=\&quot;https://www.redbus.in/travels/sharma-travels\&quot;&gt;Sharma Travels&lt;/a&gt;&lt;/li&gt; &lt;li&gt;&lt;a href=\&quot;https://www.redbus.in/travels/shrinath-travels-agency-online\&quot;&gt;Shrinath Travels&lt;/a&gt;&lt;/li&gt; &lt;li&gt;&lt;a href=\&quot;https://www.redbus.in/travels/universal-travels\&quot;&gt;Universal Travels&lt;/a&gt;&lt;/li&gt; &lt;li&gt;&lt;a href=\&quot;https://www.redbus.in/travels/verma-travels\&quot;&gt;Verma Travels&lt;/a&gt;&lt;/li&gt; &lt;li&gt;&lt;a href=\&quot;https://www.redbus.in/travels/gujarat-travels\&quot;&gt;Gujarat Travels&lt;/a&gt;&lt;/li&gt; &lt;li&gt;&lt;a href=\&quot;https://www.redbus.in/travels/madurai-radha-travels\&quot;&gt;Madurai Radha Travels&lt;/a&gt;&lt;/li&gt; &lt;li&gt;&lt;a href=\&quot;https://www.redbus.in/travels/patel-tours-and-travels\&quot;&gt;Patel Tours and Travels&lt;/a&gt;&lt;/li&gt; &lt;li&gt;&lt;a href=\&quot;https://www.redbus.in/travels/paulo-travels\&quot;&gt;Paulo Travels&lt;/a&gt;&lt;/li&gt; &lt;li&gt;&lt;a href=\&quot;https://www.redbus.in/travels/royal-travels\&quot;&gt;Royal Travels&lt;/a&gt;&lt;/li&gt; &lt;li&gt;&lt;a href=\&quot;https://www.redbus.in/travels/amarnath-travels-9984\&quot;&gt;Amarnath Travels&lt;/a&gt;&lt;/li&gt; &lt;li&gt;&lt;a href=\&quot;https://www.redbus.in/travels/vaibhav-travels\&quot;&gt;Vaibhav Travels&lt;/a&gt;&lt;/li&gt; &lt;li&gt;&lt;a href=\&quot;https://www.redbus.in/travels/ganesh-travels-2\&quot;&gt;Ganesh Travels&lt;/a&gt;&lt;/li&gt; &lt;li&gt;&lt;a href=\&quot;https://www.redbus.in/travels/jabbar-travels\&quot;&gt;Jabbar Travels&lt;/a&gt;&lt;/li&gt; &lt;li&gt;&lt;a href=\&quot;https://www.redbus.in/travels/jain-travels\&quot;&gt;Jain Travels&lt;/a&gt;&lt;/li&gt; &lt;li&gt;&lt;a href=\&quot;https://www.redbus.in/travels/manish-travels\&quot;&gt;Manish Travels&lt;/a&gt;&lt;/li&gt; &lt;li&gt;&lt;a href=\&quot;https://www.redbus.in/travels/pradhan\&quot;&gt;Pradhan Travels&lt;/a&gt;&lt;/li&gt; &lt;li&gt;&lt;a href=\&quot;https://www.redbus.in/travels/ybm-travels\&quot;&gt;YBM Travels&lt;/a&gt;&lt;/li&gt; &lt;li&gt;&lt;a href=\&quot;https://www.redbus.in/travels/hebron-transports\&quot;&gt;Hebron Transports&lt;/a&gt;&lt;/li&gt; &lt;li&gt;&lt;a href=\&quot;https://www.redbus.in/travels/mahalaxmi-travels-mahalaxmi\&quot;&gt;Mahalaxmi travels&lt;/a&gt;&lt;/li&gt; &lt;li&gt;&lt;a href=\&quot;https://www.redbus.in/travels/mr-travels\&quot;&gt;MR Travels&lt;/a&gt;&lt;/li&gt; &lt;li&gt;&lt;a href=\&quot;https://www.redbus.in/travels/vivegam-travels\&quot;&gt;Vivegam Travels&lt;/a&gt;&lt;/li&gt; &lt;li&gt;&lt;a href=\&quot;https://www.redbus.in/travels/vst\&quot;&gt;VST Travels&lt;/a&gt;&lt;/li&gt; &lt;li&gt;&lt;a href=\&quot;https://www.redbus.in/travels/jakhar-travels\&quot;&gt;Jakhar Travels&lt;/a&gt;&lt;/li&gt; &lt;li&gt;&lt;a href=\&quot;https://www.redbus.in/travels/kaleswari-travels\&quot;&gt;Kaleswari Travels&lt;/a&gt;&lt;/li&gt; &lt;li&gt;&lt;a href=\&quot;https://www.redbus.in/travels/mahendra-travels-10027\&quot;&gt;Mahendra Travels&lt;/a&gt;&lt;/li&gt; &lt;li&gt;&lt;a href=\&quot;https://www.redbus.in/travels/neeta-tours-and-travels\&quot;&gt;Neeta Tours and Travels&lt;/a&gt;&lt;/li&gt; &lt;li&gt;&lt;a href=\&quot;https://www.redbus.in/travels/yamani-travels\&quot;&gt;Yamani Travels&lt;/a&gt;&lt;/li&gt; &lt;li&gt;&lt;a href=\&quot;https://www.redbus.in/travels/arthi-travels\&quot;&gt;Arthi Travels&lt;/a&gt;&lt;/li&gt; &lt;/ul&gt;&lt;div class=\&quot;more-link\&quot;&gt;&lt;a href=\&quot;/travels/operators-directory\&quot; class=\&quot;more-link site-links\&quot; target=\&quot;_blank\&quot;&gt;All Operators &amp;gt;&lt;/a&gt;&lt;/div&gt;&lt;/div&gt;&quot;,&quot;Rewards&quot;:true,&quot;boolAppviralityBanner&quot;:false,&quot;boolAppDownloadBanner&quot;:false,&quot;appDownloadBannerTxt&quot;:null,&quot;SeoTags&quot;:{&quot;EnableNoIndexNoFollow&quot;:false,&quot;dynamicSeoData&quot;:{&quot;@context&quot;:&quot;http://schema.org&quot;,&quot;@type&quot;:&quot;SoftwareApplication&quot;,&quot;name&quot;:&quot;redBus - Online Bus Tickets Booking App&quot;,&quot;operatingSystem&quot;:&quot;ANDROID&quot;,&quot;applicationCategory&quot;:&quot;TravelApplication&quot;,&quot;aggregateRating&quot;:{&quot;@type&quot;:&quot;AggregateRating&quot;,&quot;ratingValue&quot;:&quot;4.5&quot;,&quot;reviewCount&quot;:2402718}},&quot;nonRDCTags&quot;:true,&quot;isEnglish&quot;:false,&quot;title&quot;:&quot;Online Bus Ticket Booking at Low Price and Best Offers - redBus&quot;,&quot;description&quot;:&quot;Bus Tickets Online Booking at lowest rates, easy cancellation and get an instant refund with redBus, the worlds largest bus ticket booking brand. &quot;,&quot;canonical&quot;:&quot;https://www.redbus.in/&quot;,&quot;Keywords&quot;:&quot;online bus ticket booking, bus booking, volvo ac bus booking, bus ticket booking, bus tickets&quot;,&quot;Media_tag&quot;:null,&quot;googlesiteverification&quot;:&quot;xF6UvOJWcDUSenssBr8T9uGa_htW-2h3XbU9FAv9sQ8&quot;,&quot;googlesiteverificationforSellerRating&quot;:&quot;JseePqwPY1canvnThFLN1HSoTTHDfwhf0sUuEJwVUO4&quot;,&quot;OrganizationalSchema&quot;:{&quot;contextValue&quot;:&quot;https://www.schema.org&quot;,&quot;typeValue&quot;:&quot;Organization&quot;,&quot;nameValue&quot;:&quot;redBus India&quot;,&quot;urlValue&quot;:&quot;https://www.redbus.in/&quot;},&quot;OrganizationalSchemaDynamic&quot;:{&quot;context&quot;:&quot;http://schema.org&quot;,&quot;type&quot;:&quot;Organization&quot;,&quot;name&quot;:&quot;redBus India&quot;,&quot;url&quot;:&quot;https://www.redbus.in/&quot;,&quot;logo&quot;:null,&quot;foundingDate&quot;:&quot;2006&quot;,&quot;parentOrganization&quot;:[{&quot;key&quot;:&quot;@type&quot;,&quot;value&quot;:&quot;Organization&quot;},{&quot;key&quot;:&quot;name&quot;,&quot;value&quot;:&quot;Ibibo Group Pvt Ltd&quot;}],&quot;address&quot;:{&quot;type&quot;:&quot;PostalAddress&quot;,&quot;streetAddress&quot;:&quot;3rd Floor Karle Premium&quot;,&quot;addressLocality&quot;:&quot;#1 Old Airport Road, Opp. Manipal Hospital, Kodihalli&quot;,&quot;addressRegion&quot;:&quot;Bangalore&quot;,&quot;postalCode&quot;:&quot;560008&quot;,&quot;addressCountry&quot;:&quot;INDIA&quot;},&quot;contactPoint&quot;:[{&quot;key&quot;:&quot;@type&quot;,&quot;value&quot;:&quot;ContactPoint&quot;},{&quot;key&quot;:&quot;telephone&quot;,&quot;value&quot;:&quot;+91 99456 00000&quot;},{&quot;key&quot;:&quot;contactType&quot;,&quot;value&quot;:&quot;Customer Service ( Call Center)&quot;},{&quot;key&quot;:&quot;email&quot;,&quot;value&quot;:&quot;support@redbus.in&quot;}],&quot;sameAs&quot;:[{&quot;key&quot;:&quot;https://www.facebook.com/redBus.in/&quot;,&quot;value&quot;:null},{&quot;key&quot;:&quot;https://en.wikipedia.org/wiki/Redbus.in/&quot;,&quot;value&quot;:null}]},&quot;RobotsMeta&quot;:{&quot;name&quot;:&quot;robots&quot;,&quot;content&quot;:&quot;noodp&quot;},&quot;og_title&quot;:&quot;Online Bus Ticket Booking with Best Offers and Lowest Price - redBus&quot;,&quot;og_type&quot;:&quot;company&quot;,&quot;og_url&quot;:&quot;www.redbus.in&quot;,&quot;og_image&quot;:&quot;https://s3.rdbuz.com/assets/images/logo/b_logo.png&quot;,&quot;og_site_name&quot;:&quot;redBus&quot;,&quot;og_description&quot;:&quot;Book bus tickets online with redBus, the worlds largest bus ticket booking brand for government and private bus operators. Book bus tickets at lowest rates, easy cancellation and get instant refund.&quot;,&quot;hreflang&quot;:[{&quot;lang&quot;:&quot;en-KH&quot;,&quot;href&quot;:&quot;https://www.redbus.com.kh/&quot;},{&quot;lang&quot;:&quot;x-default&quot;,&quot;href&quot;:&quot;https://www.redbus.com/&quot;},{&quot;lang&quot;:&quot;vi-VN&quot;,&quot;href&quot;:&quot;https://www.redbus.vn/&quot;},{&quot;lang&quot;:&quot;en-VN&quot;,&quot;href&quot;:&quot;https://www.redbus.vn/en/&quot;},{&quot;lang&quot;:&quot;en-IN&quot;,&quot;href&quot;:&quot;https://www.redbus.in/&quot;},{&quot;lang&quot;:&quot;en-SG&quot;,&quot;href&quot;:&quot;https://www.redbus.sg/&quot;},{&quot;lang&quot;:&quot;en-MY&quot;,&quot;href&quot;:&quot;https://www.redbus.my/&quot;},{&quot;lang&quot;:&quot;ms-MY&quot;,&quot;href&quot;:&quot;https://www.redbus.my/ms/&quot;},{&quot;lang&quot;:&quot;id-ID&quot;,&quot;href&quot;:&quot;https://www.redbus.id/&quot;},{&quot;lang&quot;:&quot;en-ID&quot;,&quot;href&quot;:&quot;https://www.redbus.id/en/&quot;},{&quot;lang&quot;:&quot;en-PE&quot;,&quot;href&quot;:&quot;https://www.redbus.pe/en/&quot;},{&quot;lang&quot;:&quot;es-PE&quot;,&quot;href&quot;:&quot;https://www.redbus.pe/&quot;},{&quot;lang&quot;:&quot;es-CO&quot;,&quot;href&quot;:&quot;https://www.redbus.co/&quot;},{&quot;lang&quot;:&quot;en-CO&quot;,&quot;href&quot;:&quot;https://www.redbus.co/en/&quot;}]},&quot;S1_CDN&quot;:&quot;/&quot;,&quot;S2_CDN&quot;:&quot;/&quot;,&quot;S3_CDN&quot;:&quot;/&quot;,&quot;DefaultLanguage&quot;:&quot;en&quot;,&quot;OfferSeatsConfig&quot;:null,&quot;FeatureList&quot;:{&quot;IsRBWalletFeatureEnabled&quot;:true,&quot;IsSavedCardsFeatureEnabled&quot;:true,&quot;ISPROMOTIONSUBSCRIPTIONENABLED&quot;:false,&quot;IsSeoSrpFeatureEnabled&quot;:true,&quot;IsFerrySeoSrpFeatureEnabled&quot;:false,&quot;IsPaymentV2FeatureEnabled&quot;:true},&quot;appViralityBannerTxt&quot;:&quot;Sorry, there might be booking fluctuations. Please try after sometime.&quot;,&quot;appViralityBannerClick&quot;:&quot;&quot;,&quot;appDownloadBannerClick&quot;:null,&quot;isReturn&quot;:true,&quot;disableHeaderandFooter&quot;:false,&quot;rootDomain&quot;:&quot;rbus&quot;,&quot;isBpDpSearch&quot;:false,&quot;cssfont&quot;:null,&quot;CalenderLabels&quot;:null,&quot;RDCCalendarLabel&quot;:null,&quot;NewCalendarLabel&quot;:null,&quot;CalenderLabelsComplete&quot;:null,&quot;CountryDate&quot;:{&quot;IND&quot;:&quot;5.5&quot;,&quot;COL&quot;:&quot;-5.0&quot;,&quot;SGP&quot;:&quot;8.0&quot;,&quot;MYS&quot;:&quot;8.8&quot;,&quot;IDN&quot;:&quot;7.0&quot;,&quot;VNM&quot;:&quot;7.0&quot;,&quot;BGD&quot;:&quot;6.0&quot;,&quot;PER&quot;:&quot;-5.0&quot;},&quot;LocalTime&quot;:&quot;2024-08-19T15:15:41.3361655Z&quot;,&quot;currentDate&quot;:&quot;2024/08/19&quot;,&quot;jsloggerURL&quot;:&quot;//logs.redbus.com/logger/postErr&quot;,&quot;abCodeEnabled&quot;:false,&quot;IsLangRt&quot;:false,&quot;lazyLoadABEnabled&quot;:true,&quot;busScoreABEnabled&quot;:true,&quot;IsGeoLocationEnabled&quot;:false,&quot;IsGeoLangEnabled&quot;:false,&quot;exitRescheduleFlow&quot;:&quot;Are you sure you want to go back?&quot;,&quot;yesLabel&quot;:&quot;Yes&quot;,&quot;noLabel&quot;:&quot;No&quot;,&quot;callTripsApi&quot;:true,&quot;tripsRequestCount&quot;:10,&quot;custInfoABEnabled&quot;:false,&quot;iscodesnipetGTM&quot;:false,&quot;numberFormatter&quot;:null,&quot;numberFormatterCurrency&quot;:null,&quot;currencyDropDownMap&quot;:null,&quot;CallTimeout&quot;:{&quot;SOLR&quot;:12000,&quot;SEODATA&quot;:2000,&quot;SEARCHRESULT&quot;:7000,&quot;OIPAPI&quot;:4000,&quot;SEATLAYOUT&quot;:8000,&quot;FILTERS&quot;:4000,&quot;ROUTEBPDP&quot;:4000,&quot;USERTYPE&quot;:4000},&quot;isOdEncrypt&quot;:false,&quot;isUuIdEncrypt&quot;:false,&quot;isMobOdEncrypt&quot;:false,&quot;isRescheduleChargeKnown&quot;:false,&quot;AuthSignoutTime&quot;:525600,&quot;isSessionStackEnabled&quot;:false,&quot;amPmTimeFormat&quot;:false,&quot;PhoneCodeRegex&quot;:null,&quot;PhoneCodeRegexWOCode&quot;:{&quot;51&quot;:&quot;/^(9)[0-9]{8}$/&quot;,&quot;57&quot;:&quot;/^(350|3[0-4][0-9])[0-9]{7}$/&quot;,&quot;60&quot;:&quot;/^((?!(0))[0-9]{9})$|^((?!(60))(?!(65))[0-9]{10})$|^((?!(60))(?!(65))[0-9]{11})$|^[0][0-9]{12}$/&quot;,&quot;62&quot;:&quot;/^(08|8)[0-9]{8,11}$/&quot;,&quot;65&quot;:&quot;/^[0-9]{8}$/&quot;,&quot;91&quot;:&quot;/^[6-9][0-9]{9}$/&quot;,&quot;default&quot;:&quot;/^[0-9]{8,15}$/&quot;},&quot;PhoneCodeRegexIDN&quot;:null,&quot;IsSolrBPDPEnabled&quot;:true,&quot;checkParentBPDPLocation&quot;:true,&quot;solrLimit&quot;:20,&quot;IsFooterAddressEnabled&quot;:false,&quot;CustomerSupportNo&quot;:null,&quot;seoAssetsUrl&quot;:null,&quot;IS_PAYMENTV2_AB_DISABLED&quot;:true,&quot;IS_CF_AB_Enabled&quot;:false,&quot;addMonth&quot;:null,&quot;isWFTInfoEnabled&quot;:false,&quot;WFTPopUp&quot;:null,&quot;shouldRoundOffCurrency&quot;:false,&quot;isChangePasswordDisabled&quot;:true,&quot;defaultCountryCode&quot;:null,&quot;countryBasedSearch&quot;:false,&quot;IS_OIP_CALL_ENABLED&quot;:true,&quot;isSeatBarDisabled&quot;:true,&quot;isPreSelectBpDpDisabled&quot;:false,&quot;isNeftDisabled&quot;:false,&quot;travelProtectionPlan&quot;:null,&quot;isTravelPlanEnabled&quot;:false,&quot;travelProtectionStaticPage&quot;:null,&quot;showNoRestStop&quot;:false,&quot;IS_REGIONAL_OFFER_ENABLED&quot;:false,&quot;iS_NEW_OFFER_CARD_DESIGN&quot;:false,&quot;tppTnCUrl&quot;:null,&quot;hideOfferWalletInReschedule&quot;:false,&quot;showImgPng&quot;:true,&quot;showStrippedNames&quot;:false,&quot;isCenteredLoginView&quot;:false,&quot;isConveyThisEnabled&quot;:false,&quot;trustPilotReviews&quot;:null,&quot;trustPilotText&quot;:null,&quot;xCoverText&quot;:null,&quot;OIPCardEnable&quot;:true,&quot;oipCardImageUrl&quot;:&quot;reddeal/srptiles/IND/&quot;,&quot;oipCardWebpUrl&quot;:&quot;reddeal/srptiles/webp/IND/&quot;,&quot;oipCardFormat&quot;:&quot;png&quot;,&quot;isProductSchemaDisabled&quot;:false,&quot;chatWidgetScriptUrl&quot;:null,&quot;showChatWidget&quot;:false,&quot;ferryHomeSearchTopLocation&quot;:null,&quot;IS_APP_INSTALL_NUDGE_ENABLED&quot;:false,&quot;enableOldHomePageFooterInNewHome&quot;:false,&quot;noCreativeContentInHomePage&quot;:false,&quot;disableBusTypeFilter&quot;:false,&quot;disableRatingFromSortAndBusTuple&quot;:false,&quot;enableOtpV1ApiWithCaptchEnabled&quot;:false,&quot;enablePageReloadWithoutIsWalletEnabled&quot;:false,&quot;envAndCommitId&quot;:&quot;PROD_642e99402&quot;,&quot;enableBPG&quot;:false,&quot;bpgLogo&quot;:null,&quot;enableChatBot&quot;:false,&quot;Language&quot;:null,&quot;trConfigs&quot;:{&quot;homePage&quot;:{&quot;active&quot;:&quot;Book your free ticket after #RedemptionStartDate&quot;,&quot;avail&quot;:&quot;&lt;b&gt;Free ticket available with #OpName&lt;/b&gt; - Book &amp; travel Before #RedemptionDate&quot;,&quot;complete&quot;:&quot;Take #remainingTripsToCompleteStreak #tripNumber before #StreakEndDate and get a &lt;b&gt;free ticket&lt;b&gt;&quot;,&quot;consent&quot;:null,&quot;unlockTxt&quot;:&quot;Unlock&quot;}},&quot;IS_LOCALSTORAGE_CLEAR_ENABLED&quot;:false}};
    &lt;/script&gt;
    
                    &lt;script src=&quot;/javascripts/twoHome.0506c8f8e3e1a535573b.bundle.js&quot; async=&quot;&quot;&gt;&lt;/script&gt;
              &lt;script defer=&quot;&quot; src=&quot;/javascripts/seoHome.39bfe203797e21ebcb3d.bundle.js&quot;&gt;&lt;/script&gt;


&lt;noscript&gt;&lt;img src=&quot;https://www.redbus.in/akam/13/pixel_e52f1ee?a=dD03ZjVhODI2ODI1YWM3YzA2ZGZlOGNlOWEyOTVhYzQxNzVjYzFjOTUzJmpzPW9mZg==&quot; style=&quot;visibility: hidden; position: absolute; left: -999px; top: -999px;&quot; /&gt;&lt;/noscript&gt;

&lt;/body&gt;&lt;/html&gt;] but found [Oops! No buses found.]" type="java.lang.AssertionError">
      <![CDATA[java.lang.AssertionError: expected [<html lang="en"><!--<![endif]--><head id="Head1">

    <!-- <link rel="search" type="application/opensearchdescription+xml" title="redBus" href="opensearch.xml" /> -->
    <!--[if IE]> <meta http-equiv="X-UA-Compatible" content="IE=edge"> <![endif]-->
    <!--[if lt IE 10]>
            <div class="MB"><p class="browsehappy">You are using an <strong>outdated</strong> browser. Please <a href="http://browsehappy.com/">upgrade your browser</a> to improve your experience.</p></div>
        <![endif]-->
    <meta name="viewport" content="width=device-width, initial-scale=1.0">
    <!-- DNS prefetch -->
    <link rel="preconnect" href="//s1.rdbuz.com">
    <link rel="preconnect" href="//s2.rdbuz.com">
    <link rel="preconnect" href="//s3.rdbuz.com">
    <link rel="stylesheet" href="/stylesheets/layout.127fbe8254da562cd7f430bdba46f48e.bundle.css" as="style" fetchpriority="high" crossorigin="" onload="this.rel='stylesheet'">

    <link href="../../../favicon.ico?root=rbus" rel="shortcut icon">
    <!--[if lt IE 9]>
    <script src="https://html5shiv.googlecode.com/svn/trunk/html5.js"></script>
    <![endif]-->
       <link rel="canonical" href="https://www.redbus.in/">


         <link rel="alternate" hreflang="en-KH" href="https://www.redbus.com.kh/"> 
         <link rel="alternate" hreflang="x-default" href="https://www.redbus.com/"> 
         <link rel="alternate" hreflang="vi-VN" href="https://www.redbus.vn/"> 
         <link rel="alternate" hreflang="en-VN" href="https://www.redbus.vn/en/"> 
         <link rel="alternate" hreflang="en-IN" href="https://www.redbus.in/"> 
         <link rel="alternate" hreflang="en-SG" href="https://www.redbus.sg/"> 
         <link rel="alternate" hreflang="en-MY" href="https://www.redbus.my/"> 
         <link rel="alternate" hreflang="ms-MY" href="https://www.redbus.my/ms/"> 
         <link rel="alternate" hreflang="id-ID" href="https://www.redbus.id/"> 
         <link rel="alternate" hreflang="en-ID" href="https://www.redbus.id/en/"> 
         <link rel="alternate" hreflang="en-PE" href="https://www.redbus.pe/en/"> 
         <link rel="alternate" hreflang="es-PE" href="https://www.redbus.pe/"> 
         <link rel="alternate" hreflang="es-CO" href="https://www.redbus.co/"> 
         <link rel="alternate" hreflang="en-CO" href="https://www.redbus.co/en/"> 
            <meta name="Keywords" content="online bus ticket booking, bus booking, volvo ac bus booking, bus ticket booking, bus tickets">
        <meta name="description" content="Bus Tickets Online Booking at lowest rates, easy cancellation and get an instant refund with redBus, the worlds largest bus ticket booking brand. ">
        <meta id="page_name" content="HOME" name="page_name">
        <meta property="og:title" content="Online Bus Ticket Booking with Best Offers and Lowest Price - redBus">
        <meta property="og:type" content="company">
        <meta property="og:url" content="www.redbus.in">
        <meta property="og:image" href="https://s3.rdbuz.com/assets/images/logo/b_logo.png">
        <meta property="og:site_name" content="redBus">
        <meta property="og:description" content="Book bus tickets online with redBus, the worlds largest bus ticket booking brand for government and private bus operators. Book bus tickets at lowest rates, easy cancellation and get instant refund.">
                    <meta name="google-site-verification" content="xF6UvOJWcDUSenssBr8T9uGa_htW-2h3XbU9FAv9sQ8">
                 <meta name="google-site-verification" content="JseePqwPY1canvnThFLN1HSoTTHDfwhf0sUuEJwVUO4">
            <script type="text/javascript" async="" src="https://www.googletagmanager.com/gtag/js?id=G-1SE754V89Y&amp;l=dataLayer&amp;cx=c"></script><script defer="" data-main="https://mriclient.redbus.com/mri/push-to-kafka" data-env="prod" src="/mriInteractions.js?v=8" id="mri_client_script"></script><script defer="" src="//www.googletagmanager.com/gtm.js?id=GTM-TCFTX7"></script><script type="application/ld+json">
                {

"@context":"http://schema.org",
                "@type":"Organization",
                "name":"redBus India",
                "url":"https://www.redbus.in/",
                                "foundingDate":"2006",
                "parentOrganization":[{
"@type":"Organization",
"name":"Ibibo Group Pvt Ltd"                }
                ],   

                "address":{
"type":"PostalAddress",
"streetAddress":"3rd Floor Karle Premium",
"addressLocality":"#1 Old Airport Road, Opp. Manipal Hospital, Kodihalli",
"addressRegion":"Bangalore",
"postalCode":"560008",
"addressCountry":"INDIA"                },
                "contactPoint":[{
"@type":"ContactPoint",
"telephone":"+91 99456 00000",
"contactType":"Customer Service ( Call Center)",
"email":"support@redbus.in"}],
                "sameAs":[
                
"https://www.facebook.com/redBus.in/",
"https://en.wikipedia.org/wiki/Redbus.in/"                
                ]
                }
            </script>
                <script type="application/ld+json">
                    {
  "@context": "http://schema.org",
  "@type": "SoftwareApplication",
  "name": "redBus - Online Bus Tickets Booking App",
  "operatingSystem": "ANDROID",
  "applicationCategory": "TravelApplication",
  "aggregateRating": {
    "@type": "AggregateRating",
    "ratingValue": "4.5",
    "reviewCount": 2402718
  }
}
                </script>
                <meta name="robots" content="noodp">

    
    
    <link href="/stylesheets/home.ab68826a277da33ef3c4e620f6bbaa94.bundle.css" rel="stylesheet">
<meta name="viewport" content="width=device-width, initial-scale=1.0">
<title>Bus Ticket Booking Online made Easy, Secure with Top Bus Operators - redBus</title>
<!-- DNS prefetch -->

            <link rel="preload" href="https://s3.rdbuz.com/images/webplatform/india/Homepage-header-800.webp" as="image" fetchpriority="high">
            <link rel="preload" href="https://s3.rdbuz.com/images/webplatform/india/Homepage-header-1600.webp" as="image" fetchpriority="high">
    <link href="/stylesheets/twoHome.12b24c435685d026e29c3efbb2832cb7.bundle.css" rel="stylesheet">
<style>
    #rdc-root {
        min-height: 1000px;
    }
</style>

    <script>
        var page = 'HOME';
    </script>


    
     <script defer=""> 
        
                if ("True" === "True") {
              window.mriObject = window.mriObject || [];
          }
    window.addEventListener('load', function(){
      
        if ("True" === "True") {
                (function (w, d, s, l, p) {
                  w[p] = "";
                  w[l] = w[l] || []; w[l].push({
                    'mri.start':
                      new Date().getTime(), event: 'mri.js'
                  });
                  w[l].push({
                    timestamp: Math.round(new Date().getTime()), 
                    event: 'pageLoad',
                  });
                  var f = d.getElementsByTagName(s)[0];
                  var j = d.createElement(s);
                  j.defer = true;
                  j.setAttribute('data-main', "https://mriclient.redbus.com/mri/push-to-kafka");
                  j.setAttribute('data-env', "prod");
                  j.src = `/mriInteractions.js?v=8`;
                  j.id = 'mri_client_script'
                  f.parentNode.insertBefore(j, f);
                })(window, document, 'script', 'mriObject', 'currentPage');
              }
    }); 
</script>
   
 
        <script>
            function setCookie(e,r,n){var t=new Date;t.setTime(t.getTime()+24*n*60*60*1e3);var o="expires="+t.toUTCString();document.cookie=e+"="+r+";"+o+";path=/"}
            function getCookie(e){return document.cookie.length>0&&(c_start=document.cookie.indexOf(e+"="),-1!=c_start)?(c_start=c_start+e.length+1,c_end=document.cookie.indexOf(";",c_start),-1==c_end&&(c_end=document.cookie.length),unescape(document.cookie.substring(c_start,c_end))):""}var connection = navigator.connection || navigator.mozConnection || navigator.webkitConnection;var type = connection && connection.effectiveType || "-" 
            var pageName = 'HOME';
            var multipleAbData = [{"expiry":21.0,"originalTraffic":0.0,"bucketTraffic":[0.33,0.33,0.33],"cookieName":"reddealBoostAB","abValue":null,"page":"HOME","cookiePrefix":null},{"expiry":21.0,"originalTraffic":0.0,"bucketTraffic":[0.0,0.0,1.0],"cookieName":"rtcInline","abValue":null,"page":"SEARCH","cookiePrefix":null},{"expiry":21.0,"originalTraffic":0.0,"bucketTraffic":[0.33,0.33,0.33],"cookieName":"dynamic_custinfo","abValue":null,"page":"SEARCH","cookiePrefix":null},{"expiry":21.0,"originalTraffic":0.5,"bucketTraffic":[0.5],"cookieName":"uirAB_WEB","abValue":null,"page":"home","cookiePrefix":null}];
            var abExpSync = ["reddealBoostAB","rtcInline","dynamic_custinfo"];
            const multiplAbDataCount = multipleAbData && multipleAbData.length;
            const abExpsList =  [];
            const abExpsVariants =  [];
            const abExpMriSync = abExpSync || [];

            function assignToBucket (weights, cookiePrefix) {
                var expt = cookiePrefix || "V"
                var random = Math.random();
                for(var i = 0 ; i < weights.length ; i++){
                    if(random >= weights[i] && random <= weights[i+1]){
                        return expt+i;
                    }   
                }
            }
            function computeWeights (originalTraffic, bucketTraffic ) {
                /*
                originalTraffic : Holding traffic for which cookie will not be set
                bucketTraffic: Array of split % within experiment traffic
                eg: [0.33, 0.33, 0.34]  =>  This means the experiment traffic will be equally divided into 3 parts
                Sum of all elements in bucketTraffic + originalTraffic should be equal to 1 (100% users set)
                */
                let abWeights = [originalTraffic];
                let minRange = originalTraffic;
                for( let i = 0; i< bucketTraffic.length; i++) {
                    const maxRange = minRange + bucketTraffic[i];
                    abWeights.push(maxRange);
                    minRange = maxRange;
                }
                return abWeights;
            }

            const addToExpsList = (cookieName, val) => {
              if(!abExpsList.includes(cookieName) && abExpMriSync.includes(cookieName)){
                abExpsList.push(cookieName);
                abExpsVariants.push(cookieName+':' + val);
              }
            }

            if(multiplAbDataCount && pageName){
                for(let i = 0; i < multipleAbData.length; i++ ){
                    const abDataItem = multipleAbData[i];
                    let abWeights = computeWeights(abDataItem.originalTraffic, abDataItem.bucketTraffic);
                    if(abDataItem.page ===  pageName &&  !getCookie(abDataItem.cookieName)){
                        var abBucket = assignToBucket(abWeights, abDataItem.cookiePrefix);
                        abBucket && setCookie(abDataItem.cookieName, abBucket, (abDataItem.expiry || 14));
                        abBucket && addToExpsList(abDataItem.cookieName, abBucket);
                    }
                    else if(getCookie(abDataItem.cookieName)){
                        addToExpsList(abDataItem.cookieName, getCookie(abDataItem.cookieName));
                    }
                }
                setCookie('abExps',  JSON.stringify(abExpsList));
                setCookie('abExpsVariants',(abExpsVariants && abExpsVariants.join("?")));
        }
        </script>
    
        <script src="https://cdn.debugbear.com/p6uGb7ucyd07.js" async=""></script>
<script>bazadebezolkohpepadr="240316904"</script><script type="text/javascript" src="https://www.redbus.in/akam/13/e52f1ee" defer=""></script><style data-styled="" data-styled-version="4.4.1"></style><style data-styled="" data-styled-version="4.4.1"></style><script type="text/javascript" charset="utf-8" async="" src="/javascripts/24.cd7e476e44eeb14e2f30.bundle.js"></script><script type="text/javascript" charset="utf-8" async="" src="/javascripts/19.26b3fd514eb6f22f7ff4.bundle.js"></script><script type="text/javascript" charset="utf-8" async="" src="/javascripts/28.c984e71e6d40e9b63d3c.bundle.js"></script><script type="text/javascript" charset="utf-8" async="" src="/javascripts/36.c710a0e45952962a569e.bundle.js"></script><script type="text/javascript" charset="utf-8" async="" src="/javascripts/29.b0e569cc807f868132ed.bundle.js"></script><script type="text/javascript" charset="utf-8" async="" src="/javascripts/18.b9c9708c4b21f15872b3.bundle.js"></script></head>
<body>
  
        
  
    <section id="rh_main" style="min-height: 1000px;">
        <div id="sticky_phantom" class="hide">
        </div>
     
                <header id="main_header_new" class="redbus_header fixedHeader">
                    <link rel="preload" href="https://s3.rdbuz.com/web/images/layout/rail_vertical.svg" as="image" fetchpriority="high">

<style>
    #main_header_new {
        height: 6.25rem;
        width: 100%;
        -webkit-user-select: none;
        -ms-user-select: none;
        user-select: none;
        background-color: white;
        box-shadow: 0px 86px 34px rgba(0, 0, 0, 0.01), 0px 48px 29px rgba(0, 0, 0, 0.03), 0px 5px 12px rgba(0, 0, 0, 0.05), 0px 0px 0px rgba(0, 0, 0, 0.05);
        top: 0;
        z-index: 12;
    }
    #main_header_new.fixedHeader {
        position: sticky;
    }
    #main_header_new .rb_header .rb_verticals .rb_vertical:before {
        content: unset;
    }
    #main_header_new .rb_header .rb_verticals .rb_vertical:last-of-type {
        margin-right: 0;
    }
    #main_header_new .rb_header .rb_verticals .rb_vertical.active {
        background-color: #d84e55 !important;
    }
    #main_header_new .rb_header .rb_verticals .rb_vertical.active .img_rb_vertical {
        filter: brightness(0) invert(1) !important;
    }
    #main_header_new .rb_header .rb_verticals .rb_vertical.active .name_rb_vertical {
        color: #fff !important; 
    }
    
    @media (min-width: 1440px) {
        #main_header_new .rb_header .rb_secondary_items {
            gap: 2rem !important;
        }
    }

    #main_header_new .rb_header .rb_secondary_items .rb_secondary_item:before {
        content: unset;
    }
    #main_header_new .rb_header .rb_secondary_items .rb_secondary_item .rb_main_secondary_item .icon_rb_secondary_item.lang_class {
        color: #1D1D1D;
        font-size: 1.5rem;
    }
    #main_header_new .rb_header .rb_secondary_items .rb_secondary_item .rb_main_secondary_item:hover {
        background-color: #f0f0f0 !important;
        border-radius: 0.5rem !important;
    }

    #main_header_new .rb_header .rb_secondary_items .rb_secondary_item .dropdown_wrap.show-only-logged-in-wrap {
        transform: translateX(-100%);
    }
   
    #main_header_new .rb_header .link{
        cursor: pointer;
        transition: all 500ms;
    }
    #main_header_new .rb_header .link:hover, #main_header_new .rb_header .name_rb_secondary_item:hover {
        background-color: #f0f0f0 !important;
        border-radius: 0.5rem !important;
    }
    #main_header_new .rb_header .link:hover .img_rb_vertical, #main_header_new .rb_header .name_rb_secondary_item:hover .img_rb_vertical {
        filter: none !important;
    }

    #main_header_new .rb_header.ferry_header {
        height: 5.026rem;
    }
</style>

<div class="rb_header " style="height: 100px; display: flex; align-items: center; max-width: 1200px; margin: auto;">
    <picture>
        <source srcset="https://s3.rdbuz.com/Images/rdc/rdc-redbus-logo.webp" type="image/webp">
        <img src="https://s3.rdbuz.com/Images/rdc/rdc-redbus-logo.svg" alt="redBus" class="rb_logo" title="redBus" style="width: 5rem; height: 3rem; cursor: pointer;">
    </picture>
        <span class="vertical_seperator" style="width: 1px; height: 20px; background: #e0e0e0; margin: 0 calc(4rem - 2rem) 0 4rem;"></span>
        <ul class="rb_verticals" style="display: flex; list-style: none; margin: 0; padding: 0;">
                    <li class="rb_vertical link active" id="bus_tickets_vertical" data-url="https://www.redbus.in/bus-tickets" style="display: flex; flex-direction: column; padding: 1em 0.625rem; background-color: #fff; border-radius: 0.5rem; margin-right: 1rem; text-align: center; position: relative;">
                            <img class="img_rb_vertical" src="https://s3.rdbuz.com/Images/rdc/rdc-redbus-logo.svg" alt="Online Bus Tickets Booking" title="Online Bus Tickets Booking" style="height: 1.25rem; margin-bottom: 0.5rem; filter: grayscale(1) brightness(0); width: 5.25rem;">
                        <span class="name_rb_vertical" style="color: #1d1d1d; font-weight: 500; text-wrap: nowrap;">Bus Tickets</span>
                    </li>
                    <li class="rb_vertical link " id="rail_tickets_vertical" data-url="https://www.redbus.in/railways" style="display: flex; flex-direction: column; padding: 1em 0.625rem; background-color: #fff; border-radius: 0.5rem; margin-right: 1rem; text-align: center; position: relative;">
                            <div class="img_rb_vertical_wrap" style="width: 5.25rem;">
                                <div class="img_new_wrap" style=" position: relative; width: fit-content; margin: 0 auto;">
                                    <img class="img_rb_vertical" src="https://s3.rdbuz.com/web/images/layout/rail_vertical.svg" alt="Online Train Tickets Booking" title="Online Train Tickets Booking" style="height: 1.25rem; margin-bottom: 0.5rem; filter: grayscale(1) brightness(0); width: auto;">
                                    <span class="img_tag" style="position: absolute; padding: 0.125rem 0.25rem; background: #60b681; color: white; border-radius: 0.375rem; font-size: 0.675rem; font-weight: 500; top: -0.625rem; left: 84%; height: 1.063rem; width: 3rem;">₹80 off</span>
                                </div>
                            </div>
                        <span class="name_rb_vertical" style="color: #1d1d1d; font-weight: 500; text-wrap: nowrap;">Train Tickets</span>
                    </li>
        </ul>
            <ul class="rb_secondary_items" style="display: flex; gap: 1rem; align-items: center; list-style: none; margin: 0 0 0 auto; padding: 0;">
                    <li data-text="Help" class="rb_secondary_item" id="help_redcare" data-isredirect="True" data-url="/info/redcare" style="position: relative;">
                    <div class="rb_main_secondary_item  link" style="display: flex; padding: 0.375rem 0.5rem; align-items: center;">
                            <i class="icon icon-help_new icon_rb_secondary_item" style="font-size: 22px; margin-right: 0.375rem;  width: 22px;"></i>
                                                    <span class="name_rb_secondary_item" style="white-space: nowrap; margin: 0 4px 0 2px; font-weight: 500; color: #1d1d1d; border-radius: 0.5rem; cursor: pointer; transition: all 500ms;">Help</span>
                                            </div>
                </li>
                    <li data-text="Account" class="rb_secondary_item" id="account_dd" data-isredirect="False" data-url="" style="position: relative;">
                    <div class="rb_main_secondary_item  link" style="display: flex; padding: 0.375rem 0.5rem; align-items: center;">
                            <i class="icon icon-user_profile_new icon_rb_secondary_item" style="font-size: 22px; margin-right: 0.375rem;  width: 22px;"></i>
                                                    <span class="name_rb_secondary_item" style="white-space: nowrap; margin: 0 4px 0 2px; font-weight: 500; color: #1d1d1d; border-radius: 0.5rem; cursor: pointer; transition: all 500ms;">Account</span>
                                                    <i class="icon icon-down icon_secondary_item_more" style="margin-top: 3px; font-size: 0.5rem;"></i>
                    </div>
                        <div class="dropdown_wrap hide " style=" z-index: 100; position: absolute; top: 110%; left: 100%; transform: translateX(-75%); box-shadow: 0 0 1rem rgba(0, 0, 0, 0.08); border-radius: 1rem; overflow: hidden;">
                            
<style>
  #main_header_new .rb_header .rb_secondary_items .rb_secondary_item .dropdown_wrap .header_dropdown_menu.show-only-logged-in{
        overflow-y: scroll;
        max-height: 80vh;
    }
    #main_header_new .rb_header .rb_secondary_items .rb_secondary_item .dropdown_wrap .header_dropdown_menu.show-only-logged-in::-webkit-scrollbar{
        width: 9px;
    }
    #main_header_new .rb_header .rb_secondary_items .rb_secondary_item .dropdown_wrap .header_dropdown_menu.show-only-logged-in::-webkit-scrollbar-thumb{
        background-color: #c1c1c1;
        border-radius: 8px;
        background-clip: padding-box;
        border: 2px solid #eee;
        box-shadow: unset;
    }
    #main_header_new .rb_header .rb_secondary_items .rb_secondary_item .dropdown_wrap .header_dropdown_menu.show-only-logged-in::-webkit-scrollbar-track {
        background-color: #f0f0f0;
        width: 6px;
    }

    #main_header_new .rb_header .rb_secondary_items .rb_secondary_item .dropdown_wrap .header_dropdown_menu .header_dropdown_item:before {
        content: unset;
    }
    #main_header_new .rb_header .rb_secondary_items .rb_secondary_item .dropdown_wrap .header_dropdown_menu .header_dropdown_item:hover {
        background-color: #f3f4f9;
    }
    #main_header_new .rb_header .rb_secondary_items .rb_secondary_item .dropdown_wrap .header_dropdown_menu .header_dropdown_item:active {
        background-color: #d7d9e4;
    }
    
    #main_header_new .rb_header .rb_secondary_items .rb_secondary_item .dropdown_wrap .header_dropdown_menu .header_dropdown_item .header_dropdown_item_name.bold_item_name {
        font-weight: 600;
    }
</style>

<ul class="header_dropdown_menu " style="width: max-content; max-width: 250px; padding: 8px 0; background-color: #fff;">
            <li data-text="Cancel Ticket" class="header_dropdown_item" id="cancel_ticket" data-url="/Cancellation" style="display: flex; padding: 1rem 1em; align-items: center; cursor: pointer;">
                                <span class="header_dropdown_item_name" data-headdispval="" style="min-width: 6.5rem;">Cancel Ticket</span>
            </li>
            <li data-text="Change Travel Date" class="header_dropdown_item" id="reschedule_ticket" data-url="/Reschedule" style="display: flex; padding: 1rem 1em; align-items: center; cursor: pointer;">
                                <span class="header_dropdown_item_name" data-headdispval="" style="min-width: 6.5rem;">Change Travel Date</span>
            </li>
            <li data-text="Show My Ticket" class="header_dropdown_item" id="ticket_details" data-url="/Home/PrintTicket" style="display: flex; padding: 1rem 1em; align-items: center; cursor: pointer;">
                                <span class="header_dropdown_item_name" data-headdispval="" style="min-width: 6.5rem;">Show My Ticket</span>
            </li>
            <li data-text="Email/SMS" class="header_dropdown_item" id="smsandemail_ticket" data-url="/Home/SmsAndEmailTicket" style="display: flex; padding: 1rem 1em; align-items: center; cursor: pointer;">
                                <span class="header_dropdown_item_name" data-headdispval="" style="min-width: 6.5rem;">Email/SMS</span>
            </li>
                <span class="horizontal_seperator" style=" background-color: #e5e5e5; margin: 0.5rem 0; height: 1px; width: 100%; display: block;"></span>
            <li data-text="Login/ Sign Up" class="header_dropdown_item" id="user_sign_in_sign_up" data-url="" style="display: flex; padding: 1rem 1em; align-items: center; cursor: pointer;">
                                <span class="header_dropdown_item_name" data-headdispval="" style="min-width: 6.5rem;">Login/ Sign Up</span>
            </li>
</ul>
                        </div>
                </li>
        </ul>
</div>
                </header>

        <div id="mBWrapper">
            
<main class="rh_content">
    <div id="cookie-root"></div>
    <div id="cltd-root" class="hide"></div>
            <div id="homeV2-root" class="defaultHeight" style="min-height: 150vh;"><div class="topSection"><div class="sc-cMljjf exaxGE"><picture><source srcset="" type="image/avif"><source srcset="https://s3.rdbuz.com/images/webplatform/india/Homepage-header-800.webp 800w,https://s3.rdbuz.com/images/webplatform/india/Homepage-header-1200.webp 1200w,https://s3.rdbuz.com/images/webplatform/india/Homepage-header-1600.webp 1600w, https://s3.rdbuz.com/images/webplatform/india/Homepage-header-2000.webp 2000w" type="image/webp"><source srcset="https://s3.rdbuz.com/images/webplatform/india/HomeBannerNew.png" type="image/jpeg"><img src="https://s3.rdbuz.com/images/webplatform/india/HomeBannerNew.png" loading="eager" class="heroImgStyle" alt="image" title="redBus" data-retry="0"></picture></div><h1 class="sc-jAaTju fOJRFi">India's No. 1 Online Bus Ticket Booking Site</h1><div id="autoSuggestContainer" class="sc-iAyFgw krYxKT"><div class="sc-hSdWYo cMISeA"><div class="sc-jWBwVP hyJWPH"><div><div class="sc-gqjmRU giWxzf"><div role="button" tabindex="1" class="sc-VigVT ishpWr"><div width="19.43rem" height="6.5rem" class="sc-bdVaJa BUCow"><i class="sc-bwzfXH iZnIzQ icon icon-src"></i><div class="sc-ifAKCX kPhbmx"><div class="sc-htpNat gTHrHw"><label for="src" class="sc-bZQynM cbowSB">From</label><div class="sc-gzVnrw isMCq"><text class="placeHolderMainText">Delhi</text></div></div></div></div></div><div class="sc-jTzLTM bIZuun"></div></div></div><div class="sc-eHgmQL ehQshY"><i class="sc-brqgnP onkW icon-swaparrow"></i></div><div class="sc-gqjmRU giWxzf"><div role="button" tabindex="2" class="sc-VigVT ishpWr"><div width="20rem" height="6.5rem" class="sc-bdVaJa ckpqdK"><i class="sc-bwzfXH iZnIzQ icon icon-dest"></i><div class="sc-ifAKCX kPhbmx"><div class="sc-htpNat gTHrHw"><label for="dest" class="sc-bZQynM cbowSB">To</label><div class="sc-gzVnrw isMCq"><text class="placeHolderMainText">Bangalore</text></div></div></div></div></div><div class="sc-jTzLTM bIZuun"></div></div><div id="onwardCal" role="button" tabindex="3" class="sc-fjdhpX elUAqf"><div class="labelCalendarContainer"><i class="sc-cSHVUG NyvQv icon icon-datev2"></i><div class="sc-kAzzGY jiFglw"><span class="dateText">Date</span></div><div class="sc-jzJRlG hrJoeL"><div class="DatePicker__CalendarContainer-sc-1kf43k8-0 jQCNYF" style="width: 320px;"><div class="DatePicker__MainBlock-sc-1kf43k8-1 hHKFiR"><div class="DayNavigator__CalendarHeader-qj8jdz-1 fxvMrr"><div class="DayNavigator__IconBlock-qj8jdz-2 iZpveD" style="flex-grow: 1; cursor: pointer;"></div><div class="DayNavigator__IconBlock-qj8jdz-2 iZpveD" style="flex-grow: 2; font-size: 0.875rem;">Aug 2024<div class="holiday_count">3 Holidays</div></div><div class="DayNavigator__IconBlock-qj8jdz-2 iZpveD" style="flex-grow: 1; cursor: pointer;"><svg height="15px" id="Layer_1" data-name="Layer 1" xmlns="http://www.w3.org/2000/svg" viewBox="0 0 100 100" style="fill: rgb(35, 31, 32);"><title>Icons_SVG__redone</title><path d="M25.53,0.13A2.49,2.49,0,0,1,27.3.86L72.21,45.77a6,6,0,0,1,0,8.49l-45,45a2.5,2.5,0,1,1-3.54-3.54l45-45a1,1,0,0,0,0-1.42L23.76,4.39A2.5,2.5,0,0,1,25.53.13Z"></path></svg></div></div><div class="DayNameTitle__CalendarDays-xcrmj6-0 eQJEgu"><div class="DayNameTitle__CalendarDaysBlock-xcrmj6-1 gMsGBQ">MON</div><div class="DayNameTitle__CalendarDaysBlock-xcrmj6-1 gMsGBQ">TUE</div><div class="DayNameTitle__CalendarDaysBlock-xcrmj6-1 gMsGBQ">WED</div><div class="DayNameTitle__CalendarDaysBlock-xcrmj6-1 gMsGBQ">THU</div><div class="DayNameTitle__CalendarDaysBlock-xcrmj6-1 gMsGBQ">FRI</div><div class="DayNameTitle__CalendarDaysBlock-xcrmj6-1 gMsGBQ">SAT</div><div class="DayNameTitle__CalendarDaysBlock-xcrmj6-1 gMsGBQ">SUN</div></div><div> <div class="DayTilesWrapper__RowWrap-sc-19pz9i8-1 fGGTDM"><span class="DayTilesWrapper__SpanContainer-sc-19pz9i8-0 hQhlTG"> </span> </div><div class="DayTilesWrapper__RowWrap-sc-19pz9i8-1 fGGTDM"><span class="DayTilesWrapper__SpanContainer-sc-19pz9i8-0 hQhlTG"> <div class="DayTiles__CalendarDaysBlock-sc-1xum02u-0 isgDNj"></div><div class="DayTiles__CalendarDaysBlock-sc-1xum02u-0 isgDNj"></div><div class="DayTiles__CalendarDaysBlock-sc-1xum02u-0 isgDNj"></div><div class="DayTiles__CalendarDaysBlock-sc-1xum02u-0 isgDNj"><span class="DayTiles__CalendarDaysSpan-sc-1xum02u-1 hVMWpe">1</span><div class="DayTiles__CalendarTileText-sc-1xum02u-2 fMKRZf"></div></div><div class="DayTiles__CalendarDaysBlock-sc-1xum02u-0 isgDNj"><span class="DayTiles__CalendarDaysSpan-sc-1xum02u-1 hVMWpe">2</span><div class="DayTiles__CalendarTileText-sc-1xum02u-2 fMKRZf"></div></div><div class="DayTiles__CalendarDaysBlock-sc-1xum02u-0 isgDNj"><span class="DayTiles__CalendarDaysSpan-sc-1xum02u-1 hVMWpe">3</span><div class="DayTiles__CalendarTileText-sc-1xum02u-2 fMKRZf"></div></div><div class="DayTiles__CalendarDaysBlock-sc-1xum02u-0 isgDNj"><span class="DayTiles__CalendarDaysSpan-sc-1xum02u-1 hVMWpe">4</span><div class="DayTiles__CalendarTileText-sc-1xum02u-2 fMKRZf"></div></div></span> <hr class="divider"></div><div class="DayTilesWrapper__RowWrap-sc-19pz9i8-1 fGGTDM"><span class="DayTilesWrapper__SpanContainer-sc-19pz9i8-0 hQhlTG"> <div class="DayTiles__CalendarDaysBlock-sc-1xum02u-0 isgDNj"><span class="DayTiles__CalendarDaysSpan-sc-1xum02u-1 hVMWpe">5</span><div class="DayTiles__CalendarTileText-sc-1xum02u-2 fMKRZf"></div></div><div class="DayTiles__CalendarDaysBlock-sc-1xum02u-0 isgDNj"><span class="DayTiles__CalendarDaysSpan-sc-1xum02u-1 hVMWpe">6</span><div class="DayTiles__CalendarTileText-sc-1xum02u-2 fMKRZf"></div></div><div class="DayTiles__CalendarDaysBlock-sc-1xum02u-0 isgDNj"><span class="DayTiles__CalendarDaysSpan-sc-1xum02u-1 hVMWpe">7</span><div class="DayTiles__CalendarTileText-sc-1xum02u-2 fMKRZf"></div></div><div class="DayTiles__CalendarDaysBlock-sc-1xum02u-0 isgDNj"><span class="DayTiles__CalendarDaysSpan-sc-1xum02u-1 hVMWpe">8</span><div class="DayTiles__CalendarTileText-sc-1xum02u-2 fMKRZf"></div></div><div class="DayTiles__CalendarDaysBlock-sc-1xum02u-0 isgDNj"><span class="DayTiles__CalendarDaysSpan-sc-1xum02u-1 hVMWpe">9</span><div class="DayTiles__CalendarTileText-sc-1xum02u-2 fMKRZf"></div></div><div class="DayTiles__CalendarDaysBlock-sc-1xum02u-0 isgDNj"><span class="DayTiles__CalendarDaysSpan-sc-1xum02u-1 hVMWpe">10</span><div class="DayTiles__CalendarTileText-sc-1xum02u-2 fMKRZf"></div></div><div class="DayTiles__CalendarDaysBlock-sc-1xum02u-0 isgDNj"><span class="DayTiles__CalendarDaysSpan-sc-1xum02u-1 hVMWpe">11</span><div class="DayTiles__CalendarTileText-sc-1xum02u-2 fMKRZf"></div></div></span> <hr class="divider"></div><div class="DayTilesWrapper__RowWrap-sc-19pz9i8-1 fGGTDM"><span class="DayTilesWrapper__SpanContainer-sc-19pz9i8-0 hQhlTG"> <div class="DayTiles__CalendarDaysBlock-sc-1xum02u-0 isgDNj"><span class="DayTiles__CalendarDaysSpan-sc-1xum02u-1 hVMWpe">12</span><div class="DayTiles__CalendarTileText-sc-1xum02u-2 fMKRZf"></div></div><div class="DayTiles__CalendarDaysBlock-sc-1xum02u-0 isgDNj"><span class="DayTiles__CalendarDaysSpan-sc-1xum02u-1 hVMWpe">13</span><div class="DayTiles__CalendarTileText-sc-1xum02u-2 fMKRZf"></div></div><div class="DayTiles__CalendarDaysBlock-sc-1xum02u-0 isgDNj"><span class="DayTiles__CalendarDaysSpan-sc-1xum02u-1 hVMWpe">14</span><div class="DayTiles__CalendarTileText-sc-1xum02u-2 fMKRZf"></div></div><div class="DayTiles__CalendarDaysBlock-sc-1xum02u-0 isgDNj"><span class="DayTiles__CalendarDaysSpan-sc-1xum02u-1 hVMWpe">15</span><div class="DayTiles__CalendarTileText-sc-1xum02u-2 fMKRZf"></div></div><div class="DayTiles__CalendarDaysBlock-sc-1xum02u-0 isgDNj"><span class="DayTiles__CalendarDaysSpan-sc-1xum02u-1 hVMWpe">16</span><div class="DayTiles__CalendarTileText-sc-1xum02u-2 fMKRZf"></div></div><div class="DayTiles__CalendarDaysBlock-sc-1xum02u-0 isgDNj"><span class="DayTiles__CalendarDaysSpan-sc-1xum02u-1 hVMWpe">17</span><div class="DayTiles__CalendarTileText-sc-1xum02u-2 fMKRZf"></div></div><div class="DayTiles__CalendarDaysBlock-sc-1xum02u-0 isgDNj"><span class="DayTiles__CalendarDaysSpan-sc-1xum02u-1 hVMWpe">18</span><div class="DayTiles__CalendarTileText-sc-1xum02u-2 fMKRZf"></div></div></span> <hr class="divider"></div><div class="DayTilesWrapper__RowWrap-sc-19pz9i8-1 fGGTDM"><span class="DayTilesWrapper__SpanContainer-sc-19pz9i8-0 hQhlTG"> <div class="DayTiles__CalendarDaysBlock-sc-1xum02u-0 isgDNj"><span class="DayTiles__CalendarDaysSpan-sc-1xum02u-1 fgdqFw">19</span><div class="DayTiles__CalendarTileText-sc-1xum02u-2 fMKRZf"></div></div><div class="DayTiles__CalendarDaysBlock-sc-1xum02u-0 isgDNj"><span class="DayTiles__CalendarDaysSpan-sc-1xum02u-1 dkWAbH">20</span><div class="DayTiles__CalendarTileText-sc-1xum02u-2 fMKRZf"></div></div><div class="DayTiles__CalendarDaysBlock-sc-1xum02u-0 isgDNj"><span class="DayTiles__CalendarDaysSpan-sc-1xum02u-1 dkWAbH">21</span><div class="DayTiles__CalendarTileText-sc-1xum02u-2 fMKRZf"></div></div><div class="DayTiles__CalendarDaysBlock-sc-1xum02u-0 isgDNj"><span class="DayTiles__CalendarDaysSpan-sc-1xum02u-1 dkWAbH">22</span><div class="DayTiles__CalendarTileText-sc-1xum02u-2 fMKRZf"></div></div><div class="DayTiles__CalendarDaysBlock-sc-1xum02u-0 isgDNj"><span class="DayTiles__CalendarDaysSpan-sc-1xum02u-1 dkWAbH">23</span><div class="DayTiles__CalendarTileText-sc-1xum02u-2 fMKRZf"></div></div><div class="DayTiles__CalendarDaysBlock-sc-1xum02u-0 isgDNj"><span class="DayTiles__CalendarDaysSpan-sc-1xum02u-1 bwoYtA">24</span><div class="DayTiles__CalendarTileText-sc-1xum02u-2 fMKRZf"></div></div><div class="DayTiles__CalendarDaysBlock-sc-1xum02u-0 isgDNj"><span class="DayTiles__CalendarDaysSpan-sc-1xum02u-1 bwoYtA">25</span><div class="DayTiles__CalendarTileText-sc-1xum02u-2 fMKRZf"></div></div></span> <hr class="divider"></div><div class="DayTilesWrapper__RowWrap-sc-19pz9i8-1 fGGTDM"><span class="DayTilesWrapper__SpanContainer-sc-19pz9i8-0 hQhlTG"> <div class="DayTiles__CalendarDaysBlock-sc-1xum02u-0 isgDNj"><span class="DayTiles__CalendarDaysSpan-sc-1xum02u-1 dkWAbH">26</span><div class="DayTiles__CalendarTileText-sc-1xum02u-2 fMKRZf"></div></div><div class="DayTiles__CalendarDaysBlock-sc-1xum02u-0 isgDNj"><span class="DayTiles__CalendarDaysSpan-sc-1xum02u-1 dkWAbH">27</span><div class="DayTiles__CalendarTileText-sc-1xum02u-2 fMKRZf"></div></div><div class="DayTiles__CalendarDaysBlock-sc-1xum02u-0 isgDNj"><span class="DayTiles__CalendarDaysSpan-sc-1xum02u-1 dkWAbH">28</span><div class="DayTiles__CalendarTileText-sc-1xum02u-2 fMKRZf"></div></div><div class="DayTiles__CalendarDaysBlock-sc-1xum02u-0 isgDNj"><span class="DayTiles__CalendarDaysSpan-sc-1xum02u-1 dkWAbH">29</span><div class="DayTiles__CalendarTileText-sc-1xum02u-2 fMKRZf"></div></div><div class="DayTiles__CalendarDaysBlock-sc-1xum02u-0 isgDNj"><span class="DayTiles__CalendarDaysSpan-sc-1xum02u-1 dkWAbH">30</span><div class="DayTiles__CalendarTileText-sc-1xum02u-2 fMKRZf"></div></div><div class="DayTiles__CalendarDaysBlock-sc-1xum02u-0 isgDNj"><span class="DayTiles__CalendarDaysSpan-sc-1xum02u-1 bwoYtA">31</span><div class="DayTiles__CalendarTileText-sc-1xum02u-2 fMKRZf"></div></div><div class="DayTiles__CalendarDaysBlock-sc-1xum02u-0 isgDNj"><span class="DayTiles__CalendarDaysSpan-sc-1xum02u-1 gigHYE">1</span><div class="DayTiles__CalendarTileText-sc-1xum02u-2 fMKRZf"></div></div></span> </div> </div></div></div></div></div></div><button id="search_button" tabindex="5" class="sc-cvbbAY gDXYez">SEARCH BUSES</button></div></div></div></div><div class="sc-bRBYWo inExtF  "><div class="offerWrapper"><div class="sc-jhAzac fQfTIb"><div class="OfferSection__OfferHeadSection-sc-16xojcc-2 bBoDuC"><h2 class="OfferSection__OfferHeadText-sc-16xojcc-0 gHimHf">TRENDING OFFERS</h2><a href="https://www.redbus.in/info/OfferTerms" target="_blank" class="OfferSection__ViewAllText-sc-16xojcc-1 eVcjqm">View All</a></div><div class="WebCarousel__CarouselWrapper-kdne4n-0 fChEBQ"><div id="offerCarousel" class="WebCarousel__CarouselContainer-kdne4n-1 EPDIF"><div class="OfferCard__OfferCardContainer-sc-1f27jzb-0 iEQPzt"><div class="OfferCard__OfferCardLeftSection-sc-1f27jzb-1 dVciJq"><picture class=""><source type="image/webp"><img class="offer-img" loading="lazy" src="https://st.redbus.in/images/FIRST/first_26th_sep_2022_ravi/tile-80X80.png" alt="image" title="image" data-retry="0"></picture><div class="OfferCard__ConditionApplyText-sc-1f27jzb-3 WAbSq"></div></div><div class="OfferCard__OfferCardRightSection-sc-1f27jzb-4 jbPWCT"><div class="OfferCard__BusinessUnitText-sc-1f27jzb-5 gJgZBc">BUS</div><div class="OfferCard__OfferTitle-sc-1f27jzb-6 vOLKx">Save up to Rs 250 on bus tickets</div><div class="OfferCard__Validitytext-sc-1f27jzb-8 ggQByw">Valid till  31 Aug</div><div class="OfferCard__OfferCodeSection-sc-1f27jzb-10 jJltku"><div class="OfferCard__OfferCode-sc-1f27jzb-11 iWrqRd">FIRST</div><img src="https://s2.rdbuz.com/web/images/homeV2/copy.svg" alt="copy" class="OfferCard__OfferCopyIcon-sc-1f27jzb-12 kcXuio"></div></div></div><div class="OfferCard__OfferCardContainer-sc-1f27jzb-0 hyEWJv"><div class="OfferCard__OfferCardLeftSection-sc-1f27jzb-1 dVciJq"><picture class=""><source type="image/webp"><img class="offer-img" loading="lazy" src="https://st.redbus.in/Images/INDOFFER/80x80/SUPERHIT.png" alt="image" title="image" data-retry="0"></picture><div class="OfferCard__ConditionApplyText-sc-1f27jzb-3 WAbSq"></div></div><div class="OfferCard__OfferCardRightSection-sc-1f27jzb-4 jbPWCT"><div class="OfferCard__BusinessUnitText-sc-1f27jzb-5 gJgZBc">BUS</div><div class="OfferCard__OfferTitle-sc-1f27jzb-6 vOLKx">Save up to Rs 300 on AP, TS routes</div><div class="OfferCard__Validitytext-sc-1f27jzb-8 ggQByw">Valid till  31 Aug</div><div class="OfferCard__OfferCodeSection-sc-1f27jzb-10 jJltku"><div class="OfferCard__OfferCode-sc-1f27jzb-11 iWrqRd">SUPERHIT</div><img src="https://s2.rdbuz.com/web/images/homeV2/copy.svg" alt="copy" class="OfferCard__OfferCopyIcon-sc-1f27jzb-12 kcXuio"></div></div></div><div class="OfferCard__OfferCardContainer-sc-1f27jzb-0 bVQpiQ"><div class="OfferCard__OfferCardLeftSection-sc-1f27jzb-1 dVciJq"><picture class=""><source type="image/webp"><img class="offer-img" loading="lazy" src="https://st.redbus.in/Images/INDOFFER/ICICI500/MWeb-80_80%20ICICI.png" alt="image" title="image" data-retry="0"></picture><div class="OfferCard__ConditionApplyText-sc-1f27jzb-3 WAbSq"></div></div><div class="OfferCard__OfferCardRightSection-sc-1f27jzb-4 jbPWCT"><div class="OfferCard__BusinessUnitText-sc-1f27jzb-5 gJgZBc">BUS</div><div class="OfferCard__OfferTitle-sc-1f27jzb-6 vOLKx">Save upto Rs 500 with ICICI Netbanking</div><div class="OfferCard__Validitytext-sc-1f27jzb-8 ggQByw">Valid till  23 Aug</div><div class="OfferCard__OfferCodeSection-sc-1f27jzb-10 jJltku"><div class="OfferCard__OfferCode-sc-1f27jzb-11 iWrqRd">ICICI500</div><img src="https://s2.rdbuz.com/web/images/homeV2/copy.svg" alt="copy" class="OfferCard__OfferCopyIcon-sc-1f27jzb-12 kcXuio"></div></div></div><div class="OfferCard__OfferCardContainer-sc-1f27jzb-0 fFJxMU"><div class="OfferCard__OfferCardLeftSection-sc-1f27jzb-1 dVciJq"><picture class=""><source type="image/webp"><img class="offer-img" loading="lazy" src="https://st.redbus.in/Images/INDOFFER/CHARTERED15/80x80.png" alt="image" title="image" data-retry="0"></picture><div class="OfferCard__ConditionApplyText-sc-1f27jzb-3 WAbSq"></div></div><div class="OfferCard__OfferCardRightSection-sc-1f27jzb-4 jbPWCT"><div class="OfferCard__BusinessUnitText-sc-1f27jzb-5 gJgZBc">BUS</div><div class="OfferCard__OfferTitle-sc-1f27jzb-6 vOLKx">Save up to Rs 300 on Chartered Bus</div><div class="OfferCard__Validitytext-sc-1f27jzb-8 ggQByw">Valid till  31 Aug</div><div class="OfferCard__OfferCodeSection-sc-1f27jzb-10 jJltku"><div class="OfferCard__OfferCode-sc-1f27jzb-11 iWrqRd">CHARTERED15</div><img src="https://s2.rdbuz.com/web/images/homeV2/copy.svg" alt="copy" class="OfferCard__OfferCopyIcon-sc-1f27jzb-12 kcXuio"></div></div></div><div class="OfferCard__OfferCardContainer-sc-1f27jzb-0 cWNkhC"><div class="OfferCard__OfferCardLeftSection-sc-1f27jzb-1 dVciJq"><picture class=""><source type="image/webp"><img class="offer-img" loading="lazy" src="https://st.redbus.in/Images/INDOFFER/80x80/SBSTC.png" alt="image" title="image" data-retry="0"></picture><div class="OfferCard__ConditionApplyText-sc-1f27jzb-3 WAbSq"></div></div><div class="OfferCard__OfferCardRightSection-sc-1f27jzb-4 jbPWCT"><div class="OfferCard__BusinessUnitText-sc-1f27jzb-5 gJgZBc">BUS</div><div class="OfferCard__OfferTitle-sc-1f27jzb-6 vOLKx">Save 25% up to Rs 100 on SBSTC bus tickets.</div><div class="OfferCard__Validitytext-sc-1f27jzb-8 ggQByw">Valid till  31 Aug</div><div class="OfferCard__OfferCodeSection-sc-1f27jzb-10 jJltku"><div class="OfferCard__OfferCode-sc-1f27jzb-11 iWrqRd">SBNEW</div><img src="https://s2.rdbuz.com/web/images/homeV2/copy.svg" alt="copy" class="OfferCard__OfferCopyIcon-sc-1f27jzb-12 kcXuio"></div></div></div><div class="OfferCard__OfferCardContainer-sc-1f27jzb-0 irTdyn"><div class="OfferCard__OfferCardLeftSection-sc-1f27jzb-1 dVciJq"><picture class=""><source type="image/webp"><img class="offer-img" loading="lazy" src="https://st.redbus.in/Images/INDOFFER/80x80/Intrcity.png" alt="image" title="image" data-retry="0"></picture><div class="OfferCard__ConditionApplyText-sc-1f27jzb-3 WAbSq"></div></div><div class="OfferCard__OfferCardRightSection-sc-1f27jzb-4 jbPWCT"><div class="OfferCard__BusinessUnitText-sc-1f27jzb-5 gJgZBc">BUS</div><div class="OfferCard__OfferTitle-sc-1f27jzb-6 vOLKx">Save up to Rs. 150 on IntrCity SmartBus operator</div><div class="OfferCard__Validitytext-sc-1f27jzb-8 ggQByw">Valid till  31 Aug</div><div class="OfferCard__OfferCodeSection-sc-1f27jzb-10 jJltku"><div class="OfferCard__OfferCode-sc-1f27jzb-11 iWrqRd">SMARTBUS150</div><img src="https://s2.rdbuz.com/web/images/homeV2/copy.svg" alt="copy" class="OfferCard__OfferCopyIcon-sc-1f27jzb-12 kcXuio"></div></div></div></div></div></div></div></div><div class="rtcSection"><div class="rtcHeadViewAll"><div class="loaderHeading">Government Buses</div><div> <a href="https://www.redbus.in/online-booking/rtc-directory" target="_blank" class="OfferSection__ViewAllText-sc-16xojcc-1 eVcjqm">View All</a></div></div><div class="sc-kjoXOD dtFSOe"><div id="Carousel" class="sc-cHGsZl kbQVef"><div class="rtcBack"><div class="rtcCards"><div class="rtcInfoMain"><div><img src="https://s3.rdbuz.com/web/images/homeV2/16374.png" class="rtcLogo" alt="rtcLogo" data-retry="0" loading="lazy"></div><div class="rtcInfo"><div class="rtcNameMain"><div class="rtcName">SBSTC</div><div class="rating-sec lh-24"><div class="lh-18 rating rtcRating "><i class="icon icon-ic-star d-block"></i><span class="">3.95</span></div></div></div><div class="sc-cJSrbW cKjpNY">দক্ষিণবঙ্গ রাষ্ট্রীয় পরিবহণ সংস্থা</div></div></div><div class="serviceCnt"><div class="sc-kvZOFW ekNeom">480 services including Volvo Bus, AC &amp; Non AC Bus and more</div></div><div class="rtcTrustMaker"><picture class=""><source srcset="https://s3.rdbuz.com/Images/rdc/rdc-redbus-logo.webp" type="image/webp"><img class="rdcRBlogo" src="https://s3.rdbuz.com/Images/rdc/rdc-redbus-logo.svg" alt="redBus" title="image" data-retry="0"></picture>Official booking partner of SBSTC</div></div><div class="footer"><div class="rtcOfferCarousel"><div class="inner"><div class="carousel-item" style="width: 100%;"><div class="offerText"> <div class="sc-kgAjT FqZPa">Use code FIRST to save upto  ₹250 (only for first time users)</div></div></div><div class="carousel-item" style="width: 100%;"><div class="offerText"> <div class="sc-kgAjT FqZPa">24*7 customer service (Call or chat)</div></div></div><div class="carousel-item" style="width: 100%;"><div class="offerText"> <div class="sc-kgAjT FqZPa">Get instant refund with UPI payments</div></div></div><div class="carousel-item" style="width: 100%;"><div class="offerText"> <div class="sc-kgAjT FqZPa">redBus is the most trusted place to book SBSTC tickets online</div></div></div></div></div></div></div><div class="rtcBack"><div class="rtcCards"><div class="rtcInfoMain"><div><img src="https://s3.rdbuz.com/web/images/homeV2/16426.png" class="rtcLogo" alt="rtcLogo" data-retry="0" loading="lazy"></div><div class="rtcInfo"><div class="rtcNameMain"><div class="rtcName">WBTC</div><div class="rating-sec lh-24"><div class="lh-18 rating rtcRating "><i class="icon icon-ic-star d-block"></i><span class="">3.96</span></div></div></div><div class="sc-cJSrbW cKjpNY">পশ্চিমবঙ্গ রাষ্ট্রীয় পরিবহণ নিগম</div></div></div><div class="serviceCnt"><div class="sc-kvZOFW ekNeom">120 services including Volvo Bus, AC &amp; Non AC Bus and more</div></div><div class="rtcTrustMaker"><picture class=""><source srcset="https://s3.rdbuz.com/Images/rdc/rdc-redbus-logo.webp" type="image/webp"><img class="rdcRBlogo" src="https://s3.rdbuz.com/Images/rdc/rdc-redbus-logo.svg" alt="redBus" title="image" data-retry="0"></picture>Official booking partner of WBTC</div></div><div class="footer"><div class="rtcOfferCarousel"><div class="inner"><div class="carousel-item" style="width: 100%;"><div class="offerText"> <div class="sc-kgAjT FqZPa">Use code FIRST to save upto  ₹250 (only for first time users)</div></div></div><div class="carousel-item" style="width: 100%;"><div class="offerText"> <div class="sc-kgAjT FqZPa">24*7 customer service (Call or chat)</div></div></div><div class="carousel-item" style="width: 100%;"><div class="offerText"> <div class="sc-kgAjT FqZPa">Get instant refund with UPI payments</div></div></div><div class="carousel-item" style="width: 100%;"><div class="offerText"> <div class="sc-kgAjT FqZPa">redBus is the most trusted place to book WBTC tickets online</div></div></div></div></div></div></div><div class="rtcBack"><div class="rtcCards"><div class="rtcInfoMain"><div><img src="https://s3.rdbuz.com/web/images/homeV2/24978.png" class="rtcLogo" alt="rtcLogo" data-retry="0" loading="lazy"></div><div class="rtcInfo"><div class="rtcNameMain"><div class="rtcName">NBSTC</div><div class="rating-sec lh-24"><div class="lh-18 rating rtcRating "><i class="icon icon-ic-star d-block"></i><span class="">3.93</span></div></div></div><div class="sc-cJSrbW cKjpNY">উত্তরবঙ্গ রাজ্য পরিবহন কর্পোরেশন</div></div></div><div class="serviceCnt"><div class="sc-kvZOFW ekNeom">30 services including Volvo Bus, AC &amp; Non AC Bus and more</div></div><div class="rtcTrustMaker"><picture class=""><source srcset="https://s3.rdbuz.com/Images/rdc/rdc-redbus-logo.webp" type="image/webp"><img class="rdcRBlogo" src="https://s3.rdbuz.com/Images/rdc/rdc-redbus-logo.svg" alt="redBus" title="image" data-retry="0"></picture>Official booking partner of NBSTC</div></div><div class="footer"><div class="rtcOfferCarousel"><div class="inner"><div class="carousel-item" style="width: 100%;"><div class="offerText"> <div class="sc-kgAjT FqZPa">Use code FIRST to save upto  ₹250 (only for first time users)</div></div></div><div class="carousel-item" style="width: 100%;"><div class="offerText"> <div class="sc-kgAjT FqZPa">24*7 customer service (Call or chat)</div></div></div><div class="carousel-item" style="width: 100%;"><div class="offerText"> <div class="sc-kgAjT FqZPa">Get instant refund with UPI payments</div></div></div><div class="carousel-item" style="width: 100%;"><div class="offerText"> <div class="sc-kgAjT FqZPa">redBus is the most trusted place to book NBSTC tickets online</div></div></div></div></div></div></div><div class="rtcBack"><div class="rtcCards"><div class="rtcInfoMain"><div><img src="https://s3.rdbuz.com/web/images/homeV2/15443.png" class="rtcLogo" alt="rtcLogo" data-retry="0" loading="lazy"></div><div class="rtcInfo"><div class="rtcNameMain"><div class="rtcName">WBSTC</div><div class="rating-sec lh-24"><div class="lh-18 rating rtcRating "><i class="icon icon-ic-star d-block"></i><span class="">3.98</span></div></div></div><div class="sc-cJSrbW cKjpNY">পশ্চিমবঙ্গ রাষ্ট্রীয় পরিবহণ নিগম</div></div></div><div class="serviceCnt"><div class="sc-kvZOFW ekNeom">20 services including Volvo Bus, AC &amp; Non AC Bus and more</div></div><div class="rtcTrustMaker"><picture class=""><source srcset="https://s3.rdbuz.com/Images/rdc/rdc-redbus-logo.webp" type="image/webp"><img class="rdcRBlogo" src="https://s3.rdbuz.com/Images/rdc/rdc-redbus-logo.svg" alt="redBus" title="image" data-retry="0"></picture>Official booking partner of WBSTC</div></div><div class="footer"><div class="rtcOfferCarousel"><div class="inner"><div class="carousel-item" style="width: 100%;"><div class="offerText"> <div class="sc-kgAjT FqZPa">Use code FIRST to save upto  ₹250 (only for first time users)</div></div></div><div class="carousel-item" style="width: 100%;"><div class="offerText"> <div class="sc-kgAjT FqZPa">24*7 customer service (Call or chat)</div></div></div><div class="carousel-item" style="width: 100%;"><div class="offerText"> <div class="sc-kgAjT FqZPa">Get instant refund with UPI payments</div></div></div><div class="carousel-item" style="width: 100%;"><div class="offerText"> <div class="sc-kgAjT FqZPa">redBus is the most trusted place to book WBSTC tickets online</div></div></div></div></div></div></div><div class="rtcBack"><div class="rtcCards"><div class="rtcInfoMain"><div><img src="https://s3.rdbuz.com/web/images/homeV2/16081.png" class="rtcLogo" alt="rtcLogo" data-retry="0" loading="lazy"></div><div class="rtcInfo"><div class="rtcNameMain"><div class="rtcName">ASTC</div><div class="rating-sec lh-24"><div class="lh-18 rating rtcRating "><i class="icon icon-ic-star d-block"></i><span class="">4.02</span></div></div></div><div class="sc-cJSrbW cKjpNY">অসম ৰাজ্যিক পৰিবহন নিগম்</div></div></div><div class="serviceCnt"><div class="sc-kvZOFW ekNeom">200 services including Volvo Bus, AC &amp; Non AC Bus and more</div></div><div class="rtcTrustMaker"><picture class=""><source srcset="https://s3.rdbuz.com/Images/rdc/rdc-redbus-logo.webp" type="image/webp"><img class="rdcRBlogo" src="https://s3.rdbuz.com/Images/rdc/rdc-redbus-logo.svg" alt="redBus" title="image" data-retry="0"></picture>Official booking partner of ASTC</div></div><div class="footer"><div class="rtcOfferCarousel"><div class="inner"><div class="carousel-item" style="width: 100%;"><div class="offerText"> <div class="sc-kgAjT FqZPa">Use code FIRST to save upto  ₹250 (only for first time users)</div></div></div><div class="carousel-item" style="width: 100%;"><div class="offerText"> <div class="sc-kgAjT FqZPa">24*7 customer service (Call or chat)</div></div></div><div class="carousel-item" style="width: 100%;"><div class="offerText"> <div class="sc-kgAjT FqZPa">Get instant refund with UPI payments</div></div></div><div class="carousel-item" style="width: 100%;"><div class="offerText"> <div class="sc-kgAjT FqZPa">redBus is the most trusted place to book ASTC tickets online</div></div></div></div></div></div></div><div class="rtcBack"><div class="rtcCards"><div class="rtcInfoMain"><div><img src="https://s3.rdbuz.com/web/images/homeV2/29176.png" class="rtcLogo" alt="rtcLogo" data-retry="0" loading="lazy"></div><div class="rtcInfo"><div class="rtcNameMain"><div class="rtcName">JKSRTC</div><div class="rating-sec lh-24"><div class="lh-18 rating rtcRating "><i class="icon icon-ic-star d-block"></i><span class="">3.85</span></div></div></div><div class="sc-cJSrbW cKjpNY">जम्मू और कश्मीर सड़क परिवहन निगम।</div></div></div><div class="serviceCnt"><div class="sc-kvZOFW ekNeom">16 services including Volvo Bus, AC &amp; Non AC Bus and more</div></div><div class="rtcTrustMaker"><picture class=""><source srcset="https://s3.rdbuz.com/Images/rdc/rdc-redbus-logo.webp" type="image/webp"><img class="rdcRBlogo" src="https://s3.rdbuz.com/Images/rdc/rdc-redbus-logo.svg" alt="redBus" title="image" data-retry="0"></picture>Official booking partner of JKSRTC</div></div><div class="footer"><div class="rtcOfferCarousel"><div class="inner"><div class="carousel-item" style="width: 100%;"><div class="offerText"> <div class="sc-kgAjT FqZPa">Use code FIRST to save upto  ₹250 (only for first time users)</div></div></div><div class="carousel-item" style="width: 100%;"><div class="offerText"> <div class="sc-kgAjT FqZPa">24*7 customer service (Call or chat)</div></div></div><div class="carousel-item" style="width: 100%;"><div class="offerText"> <div class="sc-kgAjT FqZPa">Get instant refund with UPI payments</div></div></div><div class="carousel-item" style="width: 100%;"><div class="offerText"> <div class="sc-kgAjT FqZPa">redBus is the most trusted place to book JKSRTC tickets online</div></div></div></div></div></div></div><div class="rtcBack"><div class="rtcCards"><div class="rtcInfoMain"><div><img src="https://s3.rdbuz.com/web/images/homeV2/16227.png" class="rtcLogo" alt="rtcLogo" data-retry="0" loading="lazy"></div><div class="rtcInfo"><div class="rtcNameMain"><div class="rtcName">HRTC</div><div class="rating-sec lh-24"><div class="lh-18 rating rtcRating "><i class="icon icon-ic-star d-block"></i><span class="">3.98</span></div></div></div><div class="sc-cJSrbW cKjpNY">हिमाचल रोड ट्रान्सपोर्ट कॉर्पोरेशन</div></div></div><div class="serviceCnt"><div class="sc-kvZOFW ekNeom">480 services including Himgaurav, Himmani and more</div></div><div class="rtcTrustMaker"><picture class=""><source srcset="https://s3.rdbuz.com/Images/rdc/rdc-redbus-logo.webp" type="image/webp"><img class="rdcRBlogo" src="https://s3.rdbuz.com/Images/rdc/rdc-redbus-logo.svg" alt="redBus" title="image" data-retry="0"></picture>Official booking partner of HRTC</div></div><div class="footer"><div class="rtcOfferCarousel"><div class="inner"><div class="carousel-item" style="width: 100%;"><div class="offerText"> <div class="sc-kgAjT FqZPa">Use code FIRST to save upto  ₹250 (only for first time users)</div></div></div><div class="carousel-item" style="width: 100%;"><div class="offerText"> <div class="sc-kgAjT FqZPa">24*7 customer service (Call or chat)</div></div></div><div class="carousel-item" style="width: 100%;"><div class="offerText"> <div class="sc-kgAjT FqZPa">Get instant refund with UPI payments</div></div></div><div class="carousel-item" style="width: 100%;"><div class="offerText"> <div class="sc-kgAjT FqZPa">redBus is the most trusted place to book HRTC tickets online</div></div></div></div></div></div></div><div class="rtcBack"><div class="rtcCards"><div class="rtcInfoMain"><div><img src="https://s3.rdbuz.com/web/images/homeV2/15499.png" class="rtcLogo" alt="rtcLogo" data-retry="0" loading="lazy"></div><div class="rtcInfo"><div class="rtcNameMain"><div class="rtcName">RSRTC</div><div class="rating-sec lh-24"><div class="lh-18 rating rtcRating "><i class="icon icon-ic-star d-block"></i><span class="">3.71</span></div></div></div><div class="sc-cJSrbW cKjpNY">राजस्थान स्टेट रोड ट्रांसपोर्ट कॉर्पोरशन</div></div></div><div class="serviceCnt"><div class="sc-kvZOFW ekNeom">6000 services including Deluxe, Ordinary and more</div></div><div class="rtcTrustMaker"><picture class=""><source srcset="https://s3.rdbuz.com/Images/rdc/rdc-redbus-logo.webp" type="image/webp"><img class="rdcRBlogo" src="https://s3.rdbuz.com/Images/rdc/rdc-redbus-logo.svg" alt="redBus" title="image" data-retry="0"></picture>Official booking partner of RSRTC</div></div><div class="footer"><div class="rtcOfferCarousel"><div class="inner"><div class="carousel-item" style="width: 100%;"><div class="offerText"> <div class="sc-kgAjT FqZPa">Use code FIRST to save upto  ₹250 (only for first time users)</div></div></div><div class="carousel-item" style="width: 100%;"><div class="offerText"> <div class="sc-kgAjT FqZPa">30% concession for female passengers</div></div></div><div class="carousel-item" style="width: 100%;"><div class="offerText"> <div class="sc-kgAjT FqZPa">24*7 customer service (Call or chat)</div></div></div><div class="carousel-item" style="width: 100%;"><div class="offerText"> <div class="sc-kgAjT FqZPa">Get instant refund with UPI payments</div></div></div><div class="carousel-item" style="width: 100%;"><div class="offerText"> <div class="sc-kgAjT FqZPa">redBus is the most trusted place to book RSRTC tickets online</div></div></div></div></div></div></div><div class="rtcBack"><div class="rtcCards"><div class="rtcInfoMain"><div><img src="https://s3.rdbuz.com/web/images/homeV2/11060.png" class="rtcLogo" alt="rtcLogo" data-retry="0" loading="lazy"></div><div class="rtcInfo"><div class="rtcNameMain"><div class="rtcName">PEPSU</div><div class="rating-sec lh-24"><div class="lh-18 rating rtcRating "><i class="icon icon-ic-star d-block"></i><span class="">3.83</span></div></div></div><div class="sc-cJSrbW cKjpNY">ਪੈਪਸੂ ਰੋਡ ਟਰਾਂਸਪੋਰਟ ਕਾਰਪੋਰੇਸ਼ਨ</div></div></div><div class="serviceCnt"><div class="sc-kvZOFW ekNeom">100 services including Volvo Bus, AC &amp; Non AC Bus and more</div></div><div class="rtcTrustMaker"><picture class=""><source srcset="https://s3.rdbuz.com/Images/rdc/rdc-redbus-logo.webp" type="image/webp"><img class="rdcRBlogo" src="https://s3.rdbuz.com/Images/rdc/rdc-redbus-logo.svg" alt="redBus" title="image" data-retry="0"></picture>Official booking partner of PEPSU</div></div><div class="footer"><div class="rtcOfferCarousel"><div class="inner"><div class="carousel-item" style="width: 100%;"><div class="offerText"> <div class="sc-kgAjT FqZPa">Use code FIRST to save upto  ₹250 (only for first time users)</div></div></div><div class="carousel-item" style="width: 100%;"><div class="offerText"> <div class="sc-kgAjT FqZPa">24*7 customer service (Call or chat)</div></div></div><div class="carousel-item" style="width: 100%;"><div class="offerText"> <div class="sc-kgAjT FqZPa">Get instant refund with UPI payments</div></div></div><div class="carousel-item" style="width: 100%;"><div class="offerText"> <div class="sc-kgAjT FqZPa">redBus is the most trusted place to book PEPSU tickets online</div></div></div></div></div></div></div><div class="rtcBack"><div class="rtcCards"><div class="rtcInfoMain"><div><img src="https://s3.rdbuz.com/web/images/homeV2/25187.png" class="rtcLogo" alt="rtcLogo" data-retry="0" loading="lazy"></div><div class="rtcInfo"><div class="rtcNameMain"><div class="rtcName">KAAC Transport</div><div class="rating-sec lh-24"><div class="lh-18 rating rtcRating "><i class="icon icon-ic-star d-block"></i><span class="">3.71</span></div></div></div><div class="sc-cJSrbW cKjpNY">কাৰ্বি আংলং স্বায়ত্ত শাসিত পৰিষদ পৰিবহণ</div></div></div><div class="serviceCnt"><div class="sc-kvZOFW ekNeom">10 services including AC &amp; Non AC Bus and more</div></div><div class="rtcTrustMaker"><picture class=""><source srcset="https://s3.rdbuz.com/Images/rdc/rdc-redbus-logo.webp" type="image/webp"><img class="rdcRBlogo" src="https://s3.rdbuz.com/Images/rdc/rdc-redbus-logo.svg" alt="redBus" title="image" data-retry="0"></picture>Official booking partner of KAAC</div></div><div class="footer"><div class="rtcOfferCarousel"><div class="inner"><div class="carousel-item" style="width: 100%;"><div class="offerText"> <div class="sc-kgAjT FqZPa">Use code FIRST to save upto  ₹250 (only for first time users)</div></div></div><div class="carousel-item" style="width: 100%;"><div class="offerText"> <div class="sc-kgAjT FqZPa">24*7 customer service (Call or chat)</div></div></div><div class="carousel-item" style="width: 100%;"><div class="offerText"> <div class="sc-kgAjT FqZPa">Get instant refund with UPI payments</div></div></div><div class="carousel-item" style="width: 100%;"><div class="offerText"> <div class="sc-kgAjT FqZPa">redBus is the most trusted place to book KAAC tickets online</div></div></div></div></div></div></div><div class="rtcBack"><div class="rtcCards"><div class="rtcInfoMain"><div><img src="https://s3.rdbuz.com/web/images/homeV2/18491.png" class="rtcLogo" alt="rtcLogo" data-retry="0" loading="lazy"></div><div class="rtcInfo"><div class="rtcNameMain"><div class="rtcName">TSRTC</div><div class="rating-sec lh-24"><div class="lh-18 rating rtcRating "><i class="icon icon-ic-star d-block"></i><span class="">3.71</span></div></div></div><div class="sc-cJSrbW cKjpNY">తెలంగాణ రాష్ట్ర రోడ్డు రవాణా సంస్థ</div></div></div><div class="serviceCnt"><div class="sc-kvZOFW ekNeom">1450 services including Garuda Plus, Rajdhani and more</div></div><div class="rtcTrustMaker"><picture class=""><source srcset="https://s3.rdbuz.com/Images/rdc/rdc-redbus-logo.webp" type="image/webp"><img class="rdcRBlogo" src="https://s3.rdbuz.com/Images/rdc/rdc-redbus-logo.svg" alt="redBus" title="image" data-retry="0"></picture>Official booking partner of TSRTC</div></div><div class="footer"><div class="rtcOfferCarousel"><div class="inner"><div class="carousel-item" style="width: 100%;"><div class="offerText"> <div class="sc-kgAjT FqZPa">Use code FIRST to save upto  ₹250 (only for first-time users)</div></div></div><div class="carousel-item" style="width: 100%;"><div class="offerText"> <div class="sc-kgAjT FqZPa">24*7 customer service (Call or chat)</div></div></div><div class="carousel-item" style="width: 100%;"><div class="offerText"> <div class="sc-kgAjT FqZPa">Get instant refund with UPI payments</div></div></div><div class="carousel-item" style="width: 100%;"><div class="offerText"> <div class="sc-kgAjT FqZPa">redBus is the most trusted place to book TSRTC tickets online</div></div></div></div></div></div></div><div class="rtcBack"><div class="rtcCards"><div class="rtcInfoMain"><div><img src="https://s3.rdbuz.com/web/images/homeV2/17889.png" class="rtcLogo" alt="rtcLogo" data-retry="0" loading="lazy"></div><div class="rtcInfo"><div class="rtcNameMain"><div class="rtcName">BSRTC</div><div class="rating-sec lh-24"><div class="lh-18 rating rtcRating "><i class="icon icon-ic-star d-block"></i><span class="">3.91</span></div></div></div><div class="sc-cJSrbW cKjpNY">बिहार राज्य रोड ट्रान्सपोर्ट कॉर्पोरेशन</div></div></div><div class="serviceCnt"><div class="sc-kvZOFW ekNeom">220 services including Volvo Bus, AC &amp; Non AC Bus and more</div></div><div class="rtcTrustMaker"><picture class=""><source srcset="https://s3.rdbuz.com/Images/rdc/rdc-redbus-logo.webp" type="image/webp"><img class="rdcRBlogo" src="https://s3.rdbuz.com/Images/rdc/rdc-redbus-logo.svg" alt="redBus" title="image" data-retry="0"></picture>Official booking partner of BSRTC</div></div><div class="footer"><div class="rtcOfferCarousel"><div class="inner"><div class="carousel-item" style="width: 100%;"><div class="offerText"> <div class="sc-kgAjT FqZPa">Use code FIRST to save upto  ₹250 (only for first time users)</div></div></div><div class="carousel-item" style="width: 100%;"><div class="offerText"> <div class="sc-kgAjT FqZPa">24*7 customer service (Call or chat)</div></div></div><div class="carousel-item" style="width: 100%;"><div class="offerText"> <div class="sc-kgAjT FqZPa">Get instant refund with UPI payments</div></div></div><div class="carousel-item" style="width: 100%;"><div class="offerText"> <div class="sc-kgAjT FqZPa">redBus is the most trusted place to book BSRTC tickets online</div></div></div></div></div></div></div><div class="rtcBack"><div class="rtcCards"><div class="rtcInfoMain"><div><img src="https://s3.rdbuz.com/web/images/homeV2/7115.png" class="rtcLogo" alt="rtcLogo" data-retry="0" loading="lazy"></div><div class="rtcInfo"><div class="rtcNameMain"><div class="rtcName">KTCL</div><div class="rating-sec lh-24"><div class="lh-18 rating rtcRating "><i class="icon icon-ic-star d-block"></i><span class="">3.83</span></div></div></div><div class="sc-cJSrbW cKjpNY">कदंब येरादारी म्हामंडळ</div></div></div><div class="serviceCnt"><div class="sc-kvZOFW ekNeom">60 services including Volvo Bus, AC &amp; Non AC Bus and more</div></div><div class="rtcTrustMaker"><picture class=""><source srcset="https://s3.rdbuz.com/Images/rdc/rdc-redbus-logo.webp" type="image/webp"><img class="rdcRBlogo" src="https://s3.rdbuz.com/Images/rdc/rdc-redbus-logo.svg" alt="redBus" title="image" data-retry="0"></picture>Official booking partner of KTCL</div></div><div class="footer"><div class="rtcOfferCarousel"><div class="inner"><div class="carousel-item" style="width: 100%;"><div class="offerText"> <div class="sc-kgAjT FqZPa">Use code FIRST to save upto  ₹250 (only for first time users)</div></div></div><div class="carousel-item" style="width: 100%;"><div class="offerText"> <div class="sc-kgAjT FqZPa">24*7 customer service (Call or chat)</div></div></div><div class="carousel-item" style="width: 100%;"><div class="offerText"> <div class="sc-kgAjT FqZPa">Get instant refund with UPI payments</div></div></div><div class="carousel-item" style="width: 100%;"><div class="offerText"> <div class="sc-kgAjT FqZPa">redBus is the most trusted place to book KTCL tickets online</div></div></div></div></div></div></div><div class="rtcBack"><div class="rtcCards"><div class="rtcInfoMain"><div><img src="https://s3.rdbuz.com/web/images/homeV2/27455.png" class="rtcLogo" alt="rtcLogo" data-retry="0" loading="lazy"></div><div class="rtcInfo"><div class="rtcNameMain"><div class="rtcName">CTU RTC</div><div class="rating-sec lh-24"><div class="lh-18 rating rtcRating "><i class="icon icon-ic-star d-block"></i><span class="">3.85</span></div></div></div><div class="sc-cJSrbW cKjpNY">चंडीगढ़ परिवहन उपक्रम</div></div></div><div class="serviceCnt"><div class="sc-kvZOFW ekNeom">143 services including AC &amp; Non AC Bus and more</div></div><div class="rtcTrustMaker"><picture class=""><source srcset="https://s3.rdbuz.com/Images/rdc/rdc-redbus-logo.webp" type="image/webp"><img class="rdcRBlogo" src="https://s3.rdbuz.com/Images/rdc/rdc-redbus-logo.svg" alt="redBus" title="image" data-retry="0"></picture>Official booking partner of CTU</div></div><div class="footer"><div class="rtcOfferCarousel"><div class="inner"><div class="carousel-item" style="width: 100%;"><div class="offerText"> <div class="sc-kgAjT FqZPa">Use code FIRST to save upto  ₹250 (only for first time users)</div></div></div><div class="carousel-item" style="width: 100%;"><div class="offerText"> <div class="sc-kgAjT FqZPa">24*7 customer service (Call or chat)</div></div></div><div class="carousel-item" style="width: 100%;"><div class="offerText"> <div class="sc-kgAjT FqZPa">Get instant refund with UPI payments</div></div></div><div class="carousel-item" style="width: 100%;"><div class="offerText"> <div class="sc-kgAjT FqZPa">redBus is the most trusted place to book CTURTC tickets online</div></div></div></div></div></div></div><div class="rtcBack"><div class="rtcCards"><div class="rtcInfoMain"><div><img src="https://s3.rdbuz.com/web/images/homeV2/10283.png" class="rtcLogo" alt="rtcLogo" data-retry="0" loading="lazy"></div><div class="rtcInfo"><div class="rtcNameMain"><div class="rtcName">APSRTC</div><div class="rating-sec lh-24"><div class="lh-18 rating rtcRating "><i class="icon icon-ic-star d-block"></i><span class="">3.85</span></div></div></div><div class="sc-cJSrbW cKjpNY">ఆంధ్రప్రదేశ్ రాష్ట్ర రోడ్డు రవాణా సంస్థ</div></div></div><div class="serviceCnt"><div class="sc-kvZOFW ekNeom">1539 services including Garuda, Garuda Plus and more</div></div><div class="rtcTrustMaker"><picture class=""><source srcset="https://s3.rdbuz.com/Images/rdc/rdc-redbus-logo.webp" type="image/webp"><img class="rdcRBlogo" src="https://s3.rdbuz.com/Images/rdc/rdc-redbus-logo.svg" alt="redBus" title="image" data-retry="0"></picture>Official booking partner of APSRTC</div></div><div class="footer"><div class="rtcOfferCarousel"><div class="inner"><div class="carousel-item" style="width: 100%;"><div class="offerText"> <div class="sc-kgAjT FqZPa">Get 25% concession for senior citizen passengers</div></div></div><div class="carousel-item" style="width: 100%;"><div class="offerText"> <div class="sc-kgAjT FqZPa">24*7 customer service (Call or chat)</div></div></div><div class="carousel-item" style="width: 100%;"><div class="offerText"> <div class="sc-kgAjT FqZPa">Get instant refund with UPI payments</div></div></div><div class="carousel-item" style="width: 100%;"><div class="offerText"> <div class="sc-kgAjT FqZPa">redBus is the most trusted place to book APSRTC tickets online</div></div></div></div></div></div></div><div class="rtcBack"><div class="rtcCards"><div class="rtcInfoMain"><div><img src="https://s3.rdbuz.com/web/images/homeV2/28011.png" class="rtcLogo" alt="rtcLogo" data-retry="0" loading="lazy"></div><div class="rtcInfo"><div class="rtcNameMain"><div class="rtcName">KERALA RTC</div><div class="rating-sec lh-24"><div class="lh-18 rating rtcRating "><i class="icon icon-ic-star d-block"></i><span class="">3.85</span></div></div></div><div class="sc-cJSrbW cKjpNY">കേരള സ്റ്റേറ്റ് റോഡ് ട്രാൻസ്പോർട്ട് കോർപ്പറേഷൻ</div></div></div><div class="serviceCnt"><div class="sc-kvZOFW ekNeom">940 services including Swift, AC Multiaxle and more</div></div><div class="rtcTrustMaker"><picture class=""><source srcset="https://s3.rdbuz.com/Images/rdc/rdc-redbus-logo.webp" type="image/webp"><img class="rdcRBlogo" src="https://s3.rdbuz.com/Images/rdc/rdc-redbus-logo.svg" alt="redBus" title="image" data-retry="0"></picture>Official booking partner of KSRTC</div></div><div class="footer"><div class="rtcOfferCarousel"><div class="inner"><div class="carousel-item" style="width: 100%;"><div class="offerText"> <div class="sc-kgAjT FqZPa">Use code FIRST to save upto  ₹250 (only for first time users)</div></div></div><div class="carousel-item" style="width: 100%;"><div class="offerText"> <div class="sc-kgAjT FqZPa">Rs. 30 discount on group booking of 4 seats</div></div></div><div class="carousel-item" style="width: 100%;"><div class="offerText"> <div class="sc-kgAjT FqZPa">24*7 customer service (Call or chat)</div></div></div><div class="carousel-item" style="width: 100%;"><div class="offerText"> <div class="sc-kgAjT FqZPa">Get instant refund with UPI payments</div></div></div><div class="carousel-item" style="width: 100%;"><div class="offerText"> <div class="sc-kgAjT FqZPa">redBus is the most trusted place to book KSRTC KERALA tickets online</div></div></div></div></div></div></div><div class="rtcBack"><div class="rtcCards"><div class="rtcInfoMain"><div><img src="https://s3.rdbuz.com/web/images/homeV2/25946.png" class="rtcLogo" alt="rtcLogo" data-retry="0" loading="lazy"></div><div class="rtcInfo"><div class="rtcNameMain"><div class="rtcName">UPSRTC</div><div class="rating-sec lh-24"><div class="lh-18 rating rtcRating "><i class="icon icon-ic-star d-block"></i><span class="">3.94</span></div></div></div><div class="sc-cJSrbW cKjpNY">उत्तर प्रदेश राज्य सड़क परिवहन निगम</div></div></div><div class="serviceCnt"><div class="sc-kvZOFW ekNeom">1738 services including Janrath,Shatabdi and more</div></div><div class="rtcTrustMaker"><picture class=""><source srcset="https://s3.rdbuz.com/Images/rdc/rdc-redbus-logo.webp" type="image/webp"><img class="rdcRBlogo" src="https://s3.rdbuz.com/Images/rdc/rdc-redbus-logo.svg" alt="redBus" title="image" data-retry="0"></picture>Official booking partner of UPSRTC</div></div><div class="footer"><div class="rtcOfferCarousel"><div class="inner"><div class="carousel-item" style="width: 100%;"><div class="offerText"> <div class="sc-kgAjT FqZPa">24*7 customer service (Call or chat)</div></div></div><div class="carousel-item" style="width: 100%;"><div class="offerText"> <div class="sc-kgAjT FqZPa">Get instant refund with UPI payments</div></div></div><div class="carousel-item" style="width: 100%;"><div class="offerText"> <div class="sc-kgAjT FqZPa">redBus is the most trusted place to book UPSRTC tickets online</div></div></div></div></div></div></div><span class="sc-ksYbfQ nuNba"><span class="sc-hmzhuo dMsnin"><i class="sc-frDJqD imPHVj icon icon-arrow_r"></i></span></span></div></div></div><div class="partialListContainer"><div class="partialList "><div class="AboutUs__AboutUsContainer-w9osof-0 hmZTra"><div class="AboutUs__AboutUsLeftSection-w9osof-1 hftiKz"><div class="AboutUs__AboutUsLeftTopSection-w9osof-2 gqclGK"><h2 class="AboutUs__Heading-w9osof-3 lmIkvI"> NOW, <b>GET MORE THAN JUST BUS</b> TICKETS WITH REDBUS!</h2><div class="AboutUs__LobSection-w9osof-4 bDiAZW"><div class="AboutUs__LobContainer-w9osof-5 RYGPu"><div class="AboutUs__BusinessUnit-w9osof-7 bUBqPh"><picture class=""><source type="image/webp"><img loading="lazy" src="https://s3.rdbuz.com/web/images/layout/rail_vertical.svg" alt="Online Train Tickets Booking" title="Online Train Tickets Booking" data-retry="0"></picture><div class="AboutUs__BusinessText-w9osof-6 WKmnh"> Train Tickets</div></div><div class="footerBorderSelected"></div></div></div></div><div class="AboutUs__InfoSection-w9osof-8 dfjedN slide-left"><div><div class="AboutUs__InfoHeading-w9osof-9 djoeQI">Book IRCTC Train Tickets on redRail simple &amp; superfast booking process with no service fee + no payment gateway charge.</div><div><div class="AboutUs__InfoPoints-w9osof-11 diSHFQ"><img loading="lazy" src="https://s3.rdbuz.com/web/images/homeV2/AboutUs/railAuthorized.png" alt="Authorised IRCTC Partner" title="Authorised IRCTC Partner" class="AboutUs__InfoImage-w9osof-15 kttewD"><div class="AboutUs__Info-w9osof-12 ezqKx">Authorised IRCTC Partner</div></div><div class="AboutUs__InfoPoints-w9osof-11 diSHFQ"><img loading="lazy" src="https://s2.rdbuz.com/web/images/homeV2/AboutUs/railHasslefree.svg" alt="Instant refunds on UPI payments" title="Instant refunds on UPI payments" class="AboutUs__InfoImage-w9osof-15 kttewD"><div class="AboutUs__Info-w9osof-12 ezqKx">Instant refunds on UPI payments</div></div><div class="AboutUs__InfoPoints-w9osof-11 diSHFQ"><img loading="lazy" src="https://s1.rdbuz.com/web/images/homeV2/AboutUs/railrefunds.svg" alt="Hassle- free customer support" title="Hassle- free customer support" class="AboutUs__InfoImage-w9osof-15 kttewD"><div class="AboutUs__Info-w9osof-12 ezqKx">Hassle- free customer support</div></div></div></div><a href="https://www.redbus.in/railways" class="AboutUs__BookOption-w9osof-13 cNxDQy">Book Train Tickets<i class="aboutUsIcon icon-thick_Right_arrow"></i></a></div></div><div class="AboutUs__AboutUsRightSection-w9osof-14 llQVfu"><picture class=""><source srcset="" type="image/webp"><img class="abtUsBg" loading="lazy" src="https://s3.rdbuz.com/web/images/homeV2/AboutUs/aboutUsImg.svg" alt="aboutUsBg" title="image" data-retry="0" style="height: 38.5rem; width: 35.5rem;"></picture><picture class=""><source srcset="https://s3.rdbuz.com/web/images/homeV2/AboutUs/railPop.webp" type="image/webp"><img loading="lazy" src="https://s3.rdbuz.com/web/images/homeV2/AboutUs/railPop.png" alt="Online Train Tickets Booking" title="Online Train Tickets Booking" data-retry="0" style="height: 612px; width: 634px;"></picture></div></div></div><div class="partialList "><div class="appInstallWrapper"><div width="" keypoints="Quick access,Superior live tracking" class="AppInstallSection__AppInstallContainer-sc-11kc14c-0 fAiJnC"><div class="AppInstallSection__AppInstallContentContainer-sc-11kc14c-16 gdJSvc"><h2 class="AppInstallSection__Heading-sc-11kc14c-1 iFChzb">ENJOY THE APP!</h2><div class="AppInstallSection__AppInstallWrapper-sc-11kc14c-2 gSrgud"><div class="AppInstallSection__AppInfoSection-sc-11kc14c-3 tpNfr"><div class="AppInstallSection__KeyFeatureSection-sc-11kc14c-5 dDiFnv"><div class="AppInstallSection__KeyPointsContainer-sc-11kc14c-10 hLlVDH"><img loading="lazy" src="https://s3.rdbuz.com/web/images/homeV2/appinstall/tick.svg" alt="tick" class="AppInstallSection__TickImg-sc-11kc14c-11 cwbbAV"><text class="AppInstallSection__KeyPoints-sc-11kc14c-6 hmHfUO">Quick access</text></div><div class="AppInstallSection__KeyPointsContainer-sc-11kc14c-10 hLlVDH"><img loading="lazy" src="https://s3.rdbuz.com/web/images/homeV2/appinstall/tick.svg" alt="tick" class="AppInstallSection__TickImg-sc-11kc14c-11 cwbbAV"><text class="AppInstallSection__KeyPoints-sc-11kc14c-6 hmHfUO">Superior live tracking</text></div></div><div class="AppInstallSection__RateSection-sc-11kc14c-13 dwCJDC"><div class="AppInstallSection__RatingSection-sc-11kc14c-7 iCQNyJ"><text class="AppInstallSection__RatingText-sc-11kc14c-8 hANHxD"><label>4.5</label><i class="AppInstallSection__StarIcon-sc-11kc14c-12 iVRoGq icon icon-appinstallstar"></i></text><text class="AppInstallSection__DownloadsText-sc-11kc14c-9 gXIehj">50M+ downloads</text><div class="AppInstallSection__StoreName-sc-11kc14c-15 hbygOL">Play Store</div></div><div class="AppInstallSection__Line-sc-11kc14c-14 iGrYiA"></div><div class="AppInstallSection__RatingSection-sc-11kc14c-7 iCQNyJ"><text class="AppInstallSection__RatingText-sc-11kc14c-8 hANHxD"><label>4.6</label><i class="AppInstallSection__StarIcon-sc-11kc14c-12 iVRoGq icon icon-appinstallstar"></i></text><text class="AppInstallSection__DownloadsText-sc-11kc14c-9 gXIehj">50M+ downloads</text><div class="AppInstallSection__StoreName-sc-11kc14c-15 hbygOL">App Store</div></div></div></div><div class="AppInstallSection__AppInstallRightContainer-sc-11kc14c-4 cdJJWu"><div class="QrCodeAndPlaystoreSection__QrSectionWrapper-sc-1xehksy-0 bMrmVv"><div class="QrCodeAndPlaystoreSection__QrContainer-sc-1xehksy-1 eoedlF"><text class="QrCodeAndPlaystoreSection__DownLoadText-sc-1xehksy-2 bTqpAa">Scan to download</text><img loading="lazy" src="https://s1.rdbuz.com/web/images/homeV2/qrCode.svg" alt="QrCodeImg" class="QrCodeAndPlaystoreSection__QrImg-sc-1xehksy-3 bGbiZT"></div><div class="QrCodeAndPlaystoreSection__DownloadLinkSection-sc-1xehksy-4 eYNFNU"><text class="QrCodeAndPlaystoreSection__DownLoadText-sc-1xehksy-2 bTqpAa">Download the App on</text><div class="QrCodeAndPlaystoreSection__DownloadImgConatiner-sc-1xehksy-6 gcJXJQ"><img loading="lazy" src="https://s2.rdbuz.com/web/images/homeV2/appinstall/playStore.svg" alt="playstore" height="42px" width="145px" class="QrCodeAndPlaystoreSection__PlayStoreImg-sc-1xehksy-5 jNnyJy"><img loading="lazy" src="https://s3.rdbuz.com/web/images/homeV2/appinstall/appStore.svg" alt="AppStoreImg" height="46px" width="147px" class="QrCodeAndPlaystoreSection__PlayStoreImg-sc-1xehksy-5 bjjyQY"></div></div></div></div></div></div></div></div></div><div class="partialList "><div class="primoWrapper"><div class="sc-fBuWsC fgImjO"><picture class=""><source srcset="https://s3.rdbuz.com/images/webplatform/india/primoHomeBannerComp.webp" type="image/webp"><img loading="lazy" src="https://s3.rdbuz.com/images/webplatform/india/primoHomeBannerComp.png" alt="primoImg" title="image" data-retry="0" style="width: 50rem; height: 34.5rem; border-radius: 2.5rem 0px 0px 2.5rem;"></picture><div class="sc-fMiknA fHJQdS"><div class="sc-dVhcbM jUwprP"><div class="sc-fAjcbJ doveOF icon icon-primoTimer"></div><div class="sc-eqIVtm gdEfr"><div class="sc-caSCKo bABfGF">On Time</div><div class="sc-gisBJw bsjJEx">Punctual arrivals on 95% trips</div></div></div><div class="sc-dVhcbM jUwprP"><div class="sc-fAjcbJ doveOF icon icon-primoCourteous"></div><div class="sc-eqIVtm gdEfr"><div class="sc-caSCKo bABfGF">Friendly Staff</div><div class="sc-gisBJw bsjJEx">Always ready to help</div></div></div><div class="sc-dVhcbM jUwprP"><div class="sc-fAjcbJ doveOF icon icon-primoStar"></div><div class="sc-eqIVtm gdEfr"><div class="sc-caSCKo bABfGF">Top Rated</div><div class="sc-gisBJw bsjJEx">Buses with 4+ star rating</div></div></div></div></div></div></div><div class="lastPartialList "></div></div><div class="globalPresenceHomeV2"><div class="GlobalPresence__GlobalPresenceSection-sc-1dii3hq-0 eHkZYY"><h2 class="GlobalPresence__GlobalPresenceTitle-sc-1dii3hq-1 jwAkFD">Global Presence</h2><div class="GlobalPresence__GlobalPresenceWrap-sc-1dii3hq-2 fFdjF"><div class="GlobalPresence__GeoDataWrap-sc-1dii3hq-3 dkaOOH"><picture class=""><source type="image/webp"><img class="geo-image" loading="lazy" src="https://s3.rdbuz.com/web/images/homeV2/LATAM/GlobalPresencev2/Colombia.svg" alt="redBus Colombia" title="redBus Colombia" data-retry="0"></picture><div class="GlobalPresence__GeoTitle-sc-1dii3hq-5 fxCzCB">Colombia</div></div><div class="GlobalPresence__GeoDataWrap-sc-1dii3hq-3 dkaOOH"><picture class=""><source type="image/webp"><img class="geo-image" loading="lazy" src="https://s3.rdbuz.com/web/images/homeV2/LATAM/GlobalPresencev2/India.svg" alt="redBus India" title="redBus India" data-retry="0"></picture><div class="GlobalPresence__GeoTitle-sc-1dii3hq-5 fxCzCB">India</div></div><div class="GlobalPresence__GeoDataWrap-sc-1dii3hq-3 dkaOOH"><picture class=""><source type="image/webp"><img class="geo-image" loading="lazy" src="https://s3.rdbuz.com/web/images/homeV2/LATAM/GlobalPresencev2/Indonesia.svg" alt="redBus Indonesia" title="redBus Indonesia" data-retry="0"></picture><div class="GlobalPresence__GeoTitle-sc-1dii3hq-5 fxCzCB">Indonesia</div></div><div class="GlobalPresence__GeoDataWrap-sc-1dii3hq-3 dkaOOH"><picture class=""><source type="image/webp"><img class="geo-image" loading="lazy" src="https://s3.rdbuz.com/web/images/homeV2/LATAM/GlobalPresencev2/Malaysia.svg" alt="redBus Malaysia" title="redBus Malaysia" data-retry="0"></picture><div class="GlobalPresence__GeoTitle-sc-1dii3hq-5 fxCzCB">Malaysia</div></div><div class="GlobalPresence__GeoDataWrap-sc-1dii3hq-3 dkaOOH"><picture class=""><source type="image/webp"><img class="geo-image" loading="lazy" src="https://s3.rdbuz.com/web/images/homeV2/LATAM/GlobalPresencev2/Peru.svg" alt="redBus Peru" title="redBus Peru" data-retry="0"></picture><div class="GlobalPresence__GeoTitle-sc-1dii3hq-5 fxCzCB">Peru</div></div><div class="GlobalPresence__GeoDataWrap-sc-1dii3hq-3 dkaOOH"><picture class=""><source type="image/webp"><img class="geo-image" loading="lazy" src="https://s3.rdbuz.com/web/images/homeV2/LATAM/GlobalPresencev2/Singapore.svg" alt="redBus Singapore" title="redBus Singapore" data-retry="0"></picture><div class="GlobalPresence__GeoTitle-sc-1dii3hq-5 fxCzCB">Singapore</div></div><div class="GlobalPresence__GeoDataWrap-sc-1dii3hq-3 dkaOOH"><picture class=""><source type="image/webp"><img class="geo-image" loading="lazy" src="https://s3.rdbuz.com/web/images/homeV2/LATAM/GlobalPresence/Vietnam.svg" alt="redBus Vietnam" title="redBus Vietnam" data-retry="0"></picture><div class="GlobalPresence__GeoTitle-sc-1dii3hq-5 fxCzCB">Vietnam</div></div><div class="GlobalPresence__GeoDataWrap-sc-1dii3hq-3 dkaOOH"><picture class=""><source type="image/webp"><img class="geo-image" loading="lazy" src="https://s3.rdbuz.com/web/images/homeV2/LATAM/GlobalPresence/Cambodia.svg" alt="redBus Cambodia" title="redBus Cambodia" data-retry="0"></picture><div class="GlobalPresence__GeoTitle-sc-1dii3hq-5 fxCzCB">Cambodia</div></div></div></div></div></div>
                    <div class="seoPartialListContainer" style=" margin: 0 7.5rem 0rem 7.5rem; display: flex; flex-direction: column;">
                            <div style="margin-bottom: 5.625rem;">


<script>
    var seoContentPartialBody =  "\u003cp\u003eredBus is India\u0027s largest brand for online bus ticket booking and offers an easy-to-use online bus and \u003ca href=\u0022/train-tickets\u0022 target=\u0022_self\u0022\u003etrain ticket \u003c/a\u003e booking; with over 36 million satisfied customers, 3500+ bus operators to choose from, and plenty of offers on bus ticket booking, redBus makes road journeys super convenient for travellers. A leading platform for booking bus tickets, redBus has been the leader in online bus booking over the past 17 years across thousands of cities and lakhs of routes in India.\u003c/p\u003e\n\u003cp\u003eBooking a bus ticket online on the redBus app or website is very simple. You can download the redBus app or visit redbus.in and enter your source, destination \u0026amp; travel date to check the top-rated bus services available. You can then compare bus prices, user ratings \u0026amp; amenities, select your preferred seat, boarding \u0026amp; dropping points and pay using multiple payment options like UPI, debit or credit card, net banking and more. With redBus, get assured safe \u0026amp; secure payment methods and guaranteed travel with the best seat and bus operator of your choice. Once the bus booking payment is confirmed, all you have to do is pack your bags and get ready to travel with the m-ticket, which you can show to the bus operator on your mobile before boarding the bus. Online bus ticket booking with redBus is that simple!\u003c/p\u003e\n\u003cp\u003eredBus also offers other exclusive benefits on online bus tickets like flexible ticket rescheduling options, easy \u0026amp; friendly cancellation policies, and instant payment refunds. With a live bus tracking feature, you can plan travel and never miss the bus. You can get the cheapest bus tickets by availing the best discounts for new \u0026amp; existing customers. With redDeals, you can also get exclusive \u0026amp; additional discounts on your online bus ticket booking. You will get 24/7 customer support on call, chat \u0026amp; help to resolve all your queries in English \u0026amp; local languages.\u003c/p\u003e\n\u003cp\u003eredBus offers Primo bus services, specially curated by redBus, which have highly rated buses and best-in-class service. With Primo by redBus, you can be assured of safe, comfortable, and on-time bus service at no additional cost. With multiple boarding and dropping points available across all major cities in India, you can select at your convenience and enjoy a smooth travel experience.\u003c/p\u003e\n\u003cp\u003eredBus operates in six countries, including India, Malaysia, Singapore, Indonesia, Peru, and Colombia. Through its website and app, it has sold over 220 million bus tickets worldwide. With over 36 million satisfied customers, redBus is committed to providing its users with a world-class online bus booking experience.\u003c/p\u003e\n\u003cp\u003eredBus offers bus tickets from some of the top private bus operators, such as Orange Travels, VRL Travels, SRS Travels, Chartered Bus, and Praveen Travels, and state government bus operators, such as APSRTC, TSRTC, GSRTC, Kerala RTC, TNSTC, RSRTC, UPSRTC, and more. With redBus, customers can easily book bus tickets for different bus types, such as AC/non-AC, Sleeper, Seater, Volvo, Multi-axle, AC Sleeper, Electric buses, and more.\u003c/p\u003e\n";
    var readMoreText = "Read more";
    var readLessText = "Read less";
</script>

<style>
    .contentDescription a{
        color: #0000A8;
    }
</style>

<div style="margin:0 auto; max-width: 1200px">
    <section>
        <h2 style=" color: #1D1D1D; font-size: 2.5rem;font-style: normal;font-weight: 400;line-height: 2.5rem;">BOOK BUS TICKETS ONLINE</h2>
        <div class="contentDescription" style="color: #1D1D1D; font-size: 1rem;font-weight: 400;line-height: 2rem"><p>redBus is India's largest brand for online bus ticket booking and offers an easy-to-use online bus and <a href="/train-tickets" target="_self">train ticket </a> booking; with over 36 million satisfied customers, 3500+ bus operators to choose from, and plenty of offers on bus ticket booking, redBus makes road journeys super convenient for travellers. A leading platform for booking bus tickets, redBus has been the leader in online bus booking over the past 17 years across thousands of cities and lakhs of routes in India.</p>
<p>Booking a bus ticket online on the redBus app or website is very simple. You can download the redBus app or visit redbus.in and enter your source, destination &amp; travel date to check the top-rated bus services available. You can then compare bus prices, user ratings &amp; amenities, select your preferred seat, boarding &amp; dropping points and pay using multiple payment options like UPI, debit or credit card, net banking and more. With redBus, get assured safe &amp; secure payment methods and guaranteed travel with the best s<span>...</span><span id="more" class="viewTextMore" style="color: #00E; font-size: 1rem; font-style: normal; font-weight: 500; line-height: 2rem; cursor: pointer;"> Read more</span></p></div>
    </section>
</div>                            </div>
                            <div style="margin-bottom: 5.625rem;">
<section id="DC_254" style="max-width: 1200px; margin: 0 auto">
    <div>
        <h2 style="margin: 1rem 0;color: #1d1d1d;font-size: 2.5rem;font-style: normal;font-weight: 400">Bus Booking redDeals on redBus </h2>
    </div>
    <div style="margin-bottom: 1.5rem; font-weight: 500; font-size: 1rem; line-height: 2rem;"><p>Don't miss out on these incredible offers, book your bus tickets now and travel with convenience and affordability. Hurry, grab the best bus booking deals before they're gone!</p>
</div>
    <div style=" border: 1px solid #e0e0e0; border-radius: 1.25rem; box-sizing: border-box; margin: 1.5rem 0; padding: 1.75rem 1.5rem; cursor: pointer; display: flex; align-items: center; background-repeat: no-repeat; background-position: 50%; background-size: contain;">
        <i class="icon-BUS_Icon_selected" style="font-size: 4em; margin: 0 1.75rem;color: #d84e55 !important;"></i>
        <div style="flex: 1 0 0;">
            <p style="margin-bottom: 16px; font-size: 1.5rem; font-weight: 600;">Unlock Unbeatable Exclusive<!-- -->  redDeals!<!-- --> <span style="color: #d84e55; font-size: 1.75rem;">20% OFF</span></p>
            <p style="font-weight: 600;">
                <span style="color: #d84e55; font-size: 1rem;">3224</span>
                <!-- -->Deals
                <span style=" border-right: 1px solid #000; margin: 0 0.5em;"></span>
                <span style="color: #d84e55; font-size: 1rem;">1424</span>
                 <!-- -->Bus Operators
                 <span style=" border-right: 1px solid #000; margin: 0 0.5em;"></span>
                 <span style="color: #d84e55; font-size: 1rem;">233611</span>
                <!-- -->Routes
            </p>
        </div>
        <button style="background-color: #d84e55; font-weight: 600; color: #fff; border-radius: 8px; height: 3rem; width: 8.313rem; cursor: pointer; margin-right: 1.5rem; border: none;" onclick="onClickScrollTop()">Book now</button>
    </div>
</section>
<script defer="">
    function onClickScrollTop(){
        window.scrollTo({
            top: 0,
            left: 0,
            behavior: 'smooth'
        })
    }
</script>                            </div>
                            <div style="margin-bottom: 5.625rem;" class="lastPartial">


<style>
        .faqAns a{
            color: #0000A8;
        }
        .faqHeadSection{
            display: flex;
            gap: 2rem;
            margin-bottom: 2rem;
            color: #1D1D1D;
            overflow: scroll hidden;
            white-space: nowrap;
            -ms-overflow-style: none; /* for Internet Explorer, Edge */
            scrollbar-width: none; /* for Firefox */
        }
        .faqHeadSection::-webkit-scrollbar {
            display: none;
        }

        .faqHeadText{
            font-size: 1rem;
            line-height: 1.5rem;
            margin: .75rem 0.5rem;
        }

        .faqBotomBorder{
             border-bottom: 3px solid transparent;
             border-radius: 3px 3px 0px 0px;
        }

        .Active .faqHeadText{
            color: #D84E55;
        }

        .Active .faqBotomBorder{
            border-bottom: 3px solid #D84E55;
            border-radius: 3px 3px 0px 0px;
        }
         .faqHeadTiles:hover  .faqBotomBorder{
            border-bottom: 3px solid #D1D1D1;
            border-radius: 3px 3px 0px 0px;
        }

        .Active:hover  .faqBotomBorder{
            border-bottom: 3px solid #D84E55;
            border-radius: 3px 3px 0px 0px;
        }
</style>

    <section style="display: flex; flex-direction: column; margin: 0 auto; max-width: 1200px;" itemscope="" itemtype="https://schema.org/FAQPage">
       <h2 style=" font-weight: 400; margin: 0 0 2.5rem 0; font-size: 2.5rem; line-height: 2.5rem; color: #1D1D1D;">FAQs related to Bus Tickets Booking</h2>
        <div>
            <div class="faqHeadSection ">
                    <div id="0" class="faqHeadTiles Active" style="cursor: pointer;">
                        <div class="faqHeadText">General</div>
                        <div class="faqBotomBorder"></div>
                    </div>
                    <div id="1" class="faqHeadTiles" style="cursor: pointer;">
                        <div class="faqHeadText">Ticket-related</div>
                        <div class="faqBotomBorder"></div>
                    </div>
                    <div id="2" class="faqHeadTiles" style="cursor: pointer;">
                        <div class="faqHeadText">Payment</div>
                        <div class="faqBotomBorder"></div>
                    </div>
                    <div id="3" class="faqHeadTiles" style="cursor: pointer;">
                        <div class="faqHeadText">Cancellation &amp; Refund</div>
                        <div class="faqBotomBorder"></div>
                    </div>
                    <div id="4" class="faqHeadTiles" style="cursor: pointer;">
                        <div class="faqHeadText">Insurance</div>
                        <div class="faqBotomBorder"></div>
                    </div>
            </div>
            <div class="faqQnaContainer" style=" display: flex;">
                    <div class="faqQnaSection" style="display: flex; flex-direction: column; gap: 1.5rem; width: 100%;">
                            <div class="faqQuestionSection" style=" border-radius: 1rem; border: 1px solid #F3F4F9; padding: 1.75rem 1.5rem; font-size: 14px; line-height: 20px; color: #1D1D1D; cursor: pointer;" itemscope="" itemprop="mainEntity" itemtype="https://schema.org/Question">
                                <div style="display:flex; justify-content: space-between; align-items: center; font-weight: 700;">
                                   <span itemprop="name"> Can I track the location of my booked bus online? </span> 
                                    <i class="plusMinus icon icon-plusv2" style="font-size: 18px;"></i>
                                </div>
                                <div class="faqAns hide" itemscope="" itemprop="acceptedAnswer" itemtype="https://schema.org/Answer">
                                   <span itemprop="text"> <p>Yes, you can track your bus online by using our bus tracking app feature called “Track My Bus”. This feature allows passengers and their families to track the live bus location. You may follow your bus on a map and use the information to plan your trip to the boarding point and to get off at the correct stop. Family and friends may also check the bus position to schedule pick-ups and ensure safety.</p> </span>  
                                </div>
                            </div>
                            <div class="faqQuestionSection" style=" border-radius: 1rem; border: 1px solid #F3F4F9; padding: 1.75rem 1.5rem; font-size: 14px; line-height: 20px; color: #1D1D1D; cursor: pointer;" itemscope="" itemprop="mainEntity" itemtype="https://schema.org/Question">
                                <div style="display:flex; justify-content: space-between; align-items: center; font-weight: 700;">
                                   <span itemprop="name"> What are the advantages of purchasing a bus ticket with redBus? </span> 
                                    <i class="plusMinus icon icon-plusv2" style="font-size: 18px;"></i>
                                </div>
                                <div class="faqAns hide" itemscope="" itemprop="acceptedAnswer" itemtype="https://schema.org/Answer">
                                   <span itemprop="text"> <p>There are many advantages to purchasing online bus tickets with redBus. redBus is India’s most trusted bus ticket company, where you can book any type of private or government-owned bus. redBus allows you to find the different types of buses, choose the preferred bus seats, and find your nearest boarding and dropping points. You can also filter the buses based on timings, like morning, evening, etc.&nbsp;</p> </span>  
                                </div>
                            </div>
                            <div class="faqQuestionSection" style=" border-radius: 1rem; border: 1px solid #F3F4F9; padding: 1.75rem 1.5rem; font-size: 14px; line-height: 20px; color: #1D1D1D; cursor: pointer;" itemscope="" itemprop="mainEntity" itemtype="https://schema.org/Question">
                                <div style="display:flex; justify-content: space-between; align-items: center; font-weight: 700;">
                                   <span itemprop="name"> Why book bus tickets online on redBus? </span> 
                                    <i class="plusMinus icon icon-plusv2" style="font-size: 18px;"></i>
                                </div>
                                <div class="faqAns hide" itemscope="" itemprop="acceptedAnswer" itemtype="https://schema.org/Answer">
                                   <span itemprop="text"> <p>Booking bus tickets online on redBus is increasingly becoming the preferred choice for travellers due to its numerous advantages over traditional methods. With redBus, customers can book their bus tickets effortlessly from the comfort of their homes, avoiding the inconvenience of standing in long lines at bus stations or travel agencies. Online bus booking offers the luxury of comparing different bus schedules and operators and presents various discount offers and exclusive deals, resulting in significant savings. Payment security is another notable feature of online booking, which ensures that your financial information is well-protected against fraud. Additionally, customers can pick their seats, providing a customized travel experience. Online bus booking platforms give real-time updates about any changes in the bus timetable, including delays or cancellations, enabling better planning. The convenience doesn't stop here; travellers can even compare onboard amenities like charging points or snacks, further enhancing the travel experience.</p> </span>  
                                </div>
                            </div>
                            <div class="faqQuestionSection" style=" border-radius: 1rem; border: 1px solid #F3F4F9; padding: 1.75rem 1.5rem; font-size: 14px; line-height: 20px; color: #1D1D1D; cursor: pointer;" itemscope="" itemprop="mainEntity" itemtype="https://schema.org/Question">
                                <div style="display:flex; justify-content: space-between; align-items: center; font-weight: 700;">
                                   <span itemprop="name"> Do I need to create an account on the redBus site to book my bus ticket?  </span> 
                                    <i class="plusMinus icon icon-plusv2" style="font-size: 18px;"></i>
                                </div>
                                <div class="faqAns hide" itemscope="" itemprop="acceptedAnswer" itemtype="https://schema.org/Answer">
                                   <span itemprop="text"> <p>No, you don’t have to create an account on the redBus site to book your bus ticket. But it is advisable to make one to accelerate the process next time you want to book bus tickets. Also, redBus has many discounts and offers that you can easily access if you have an account with us.</p> </span>  
                                </div>
                            </div>
                            <div class="faqQuestionSection" style=" border-radius: 1rem; border: 1px solid #F3F4F9; padding: 1.75rem 1.5rem; font-size: 14px; line-height: 20px; color: #1D1D1D; cursor: pointer;" itemscope="" itemprop="mainEntity" itemtype="https://schema.org/Question">
                                <div style="display:flex; justify-content: space-between; align-items: center; font-weight: 700;">
                                   <span itemprop="name"> Does bus booking online cost me more? </span> 
                                    <i class="plusMinus icon icon-plusv2" style="font-size: 18px;"></i>
                                </div>
                                <div class="faqAns hide" itemscope="" itemprop="acceptedAnswer" itemtype="https://schema.org/Answer">
                                   <span itemprop="text"> <p>Not at all! The bus ticket price is the same as you would get from the bus operator/ counter of any bus ticket agency. redbus reduces the travel budget by comparing the bus ticket prices among various operators, making it a more cost-effective choice. Therefore, online bus booking is increasingly recognized as a more convenient, efficient, and economical mode of securing travel arrangements.</p> </span>  
                                </div>
                            </div>
                            <div class="faqQuestionSection" style=" border-radius: 1rem; border: 1px solid #F3F4F9; padding: 1.75rem 1.5rem; font-size: 14px; line-height: 20px; color: #1D1D1D; cursor: pointer;" itemscope="" itemprop="mainEntity" itemtype="https://schema.org/Question">
                                <div style="display:flex; justify-content: space-between; align-items: center; font-weight: 700;">
                                   <span itemprop="name"> How can I get the discounts on the bus booking? </span> 
                                    <i class="plusMinus icon icon-plusv2" style="font-size: 18px;"></i>
                                </div>
                                <div class="faqAns hide" itemscope="" itemprop="acceptedAnswer" itemtype="https://schema.org/Answer">
                                   <span itemprop="text"> <p>To get a discount on bus booking, please visit https://www.redbus.in/info/OfferTerms and check the available offers. Copy the coupon code and paste it during checkout to avail of the discount.</p> </span>  
                                </div>
                            </div>
                            <div class="faqQuestionSection" style=" border-radius: 1rem; border: 1px solid #F3F4F9; padding: 1.75rem 1.5rem; font-size: 14px; line-height: 20px; color: #1D1D1D; cursor: pointer;" itemscope="" itemprop="mainEntity" itemtype="https://schema.org/Question">
                                <div style="display:flex; justify-content: space-between; align-items: center; font-weight: 700;">
                                   <span itemprop="name"> What's New in Bus Booking on redBus? </span> 
                                    <i class="plusMinus icon icon-plusv2" style="font-size: 18px;"></i>
                                </div>
                                <div class="faqAns hide" itemscope="" itemprop="acceptedAnswer" itemtype="https://schema.org/Answer">
                                   <span itemprop="text"> <p>Primo Bus Ticket: redBus has launched Primo bus services, where passengers can enjoy travelling in high-rated buses with best-in-class services. While looking for bus tickets on the desired route, customers can check the Primo tag to choose this excellent service. From hygiene standards to on-time service and comfort, passengers can benefit from the online bus booking experience from Primo buses.</p> </span>  
                                </div>
                            </div>
                            <div class="faqQuestionSection" style=" border-radius: 1rem; border: 1px solid #F3F4F9; padding: 1.75rem 1.5rem; font-size: 14px; line-height: 20px; color: #1D1D1D; cursor: pointer;" itemscope="" itemprop="mainEntity" itemtype="https://schema.org/Question">
                                <div style="display:flex; justify-content: space-between; align-items: center; font-weight: 700;">
                                   <span itemprop="name"> Can I book a Government bus ticket on redBus? </span> 
                                    <i class="plusMinus icon icon-plusv2" style="font-size: 18px;"></i>
                                </div>
                                <div class="faqAns hide" itemscope="" itemprop="acceptedAnswer" itemtype="https://schema.org/Answer">
                                   <span itemprop="text"> <p>Yes, you can book government bus tickets on redBus. redBus has extended its bus booking services to many RTCs in India. Some of these RTCs are <a href="https://www.redbus.in/online-booking/apsrtc" target="_self">Andhra Pradesh State Road Transport Corporation </a>(APSRTC),<a href="https://www.redbus.in/online-booking/astc" target="_self"> Assam State Transport Corporation</a> (ASTC), <a href="https://www.redbus.in/online-booking/bihar-state-tourism-development-corporation" target="_self">Bihar State Tourism Development Corporation </a>(BSTDC), <a href="https://www.redbus.in/online-booking/hrtc" target="_self">Himachal Road Transport Corporation</a> (HRTC), J<a href="https://www.redbus.in/online-booking/jksrtc" target="_self">ammu and Kashmir State Road Transport Corporation</a> (JKSRTC), <a href="https://www.redbus.in/online-booking/ksrtc-kerala" target="_self">Kerala RTC</a>, <a href="https://www.redbus.in/online-booking/ktcl" target="_self">Kadamba Transport Corporation</a> (KTCL), <a href="https://www.redbus.in/online-booking/pepsu" target="_self">Patiala and the East Punjab States Union</a> (PEPSU),<a href="https://www.redbus.in/online-booking/puducherry-road-transport-corporation-prtc" target="_self"> Puducherry Road Transport Corporation</a> (PRTC), <a href="https://www.redbus.in/online-booking/rsrtc" target="_self">Rajasthan State Road Transport Corporation</a> (RSRTC), <a href="https://www.redbus.in/online-booking/south-bengal-state-transport-corporation-sbstc" target="_self">South Bengal State Transport Corporation</a> (SBSTC), <a href="https://www.redbus.in/online-booking/utc" target="_self">Uttarakhand Transport Corporation</a> (UTC), <a href="https://www.redbus.in/online-booking/west-bengal-transport-corporation" target="_self">West Bengal Transport Corporation</a> WBTC (CTC), <a href="https://www.redbus.in/online-booking/north-bengal-state-transport-corporation" target="_self">North Bengal State Transport Corporation </a>(NBSTC) <a href="https://www.redbus.in/online-booking/chandigarh-transport-undertaking-ctu" target="_self">Chandigarh Transport Undertaking (CTU)</a>&nbsp;</p> </span>  
                                </div>
                            </div>
                    </div> 
                    <div class="faqQnaSection hide" style="display: flex; flex-direction: column; gap: 1.5rem; width: 100%;">
                            <div class="faqQuestionSection" style=" border-radius: 1rem; border: 1px solid #F3F4F9; padding: 1.75rem 1.5rem; font-size: 14px; line-height: 20px; color: #1D1D1D; cursor: pointer;" itemscope="" itemprop="mainEntity" itemtype="https://schema.org/Question">
                                <div style="display:flex; justify-content: space-between; align-items: center; font-weight: 700;">
                                   <span itemprop="name"> How can I book bus tickets on redBus?  </span> 
                                    <i class="plusMinus icon icon-plusv2" style="font-size: 18px;"></i>
                                </div>
                                <div class="faqAns hide" itemscope="" itemprop="acceptedAnswer" itemtype="https://schema.org/Answer">
                                   <span itemprop="text"> <p>Bus ticket Booking is effortless on redBus. To book the bus tickets, go to the main page and enter your source city and destination city in the “From” and “To” fields, respectively. Enter the travel date and hit the search button. Now, you will see the bus list available on the given bus route. You can use the filter option, such as duration, fare, bus type, etc., to rearrange the list accordingly. This makes it easier for customers to book their bus tickets online with redBus.</p> </span>  
                                </div>
                            </div>
                            <div class="faqQuestionSection" style=" border-radius: 1rem; border: 1px solid #F3F4F9; padding: 1.75rem 1.5rem; font-size: 14px; line-height: 20px; color: #1D1D1D; cursor: pointer;" itemscope="" itemprop="mainEntity" itemtype="https://schema.org/Question">
                                <div style="display:flex; justify-content: space-between; align-items: center; font-weight: 700;">
                                   <span itemprop="name"> Can I change the date of my journey after I have booked my bus ticket? </span> 
                                    <i class="plusMinus icon icon-plusv2" style="font-size: 18px;"></i>
                                </div>
                                <div class="faqAns hide" itemscope="" itemprop="acceptedAnswer" itemtype="https://schema.org/Answer">
                                   <span itemprop="text"> <p>Yes. You can change the journey date after booking a bus ticket on redBus by clicking the “Reschedule” icon if your travel plan might get interrupted while booking. Bus operators with the “Reschedule icon” next to it offer rescheduling of the bus ticket in case your initially selected date is not viable to travel on.</p> </span>  
                                </div>
                            </div>
                            <div class="faqQuestionSection" style=" border-radius: 1rem; border: 1px solid #F3F4F9; padding: 1.75rem 1.5rem; font-size: 14px; line-height: 20px; color: #1D1D1D; cursor: pointer;" itemscope="" itemprop="mainEntity" itemtype="https://schema.org/Question">
                                <div style="display:flex; justify-content: space-between; align-items: center; font-weight: 700;">
                                   <span itemprop="name"> Is it mandatory to take a printout of the ticket? </span> 
                                    <i class="plusMinus icon icon-plusv2" style="font-size: 18px;"></i>
                                </div>
                                <div class="faqAns hide" itemscope="" itemprop="acceptedAnswer" itemtype="https://schema.org/Answer">
                                   <span itemprop="text"> <p>It depends on the bus operator you have booked your online bus tickets with. Even mTickets are available on redBus. For operators that support mTickets, the SMS that is sent to your mobile can be produced at the time of boarding and you will be allowed to travel.For operators that do not support mTickets it is a must to take a printout of the e-ticket and produce it at the time of boarding. The e-ticket is sent to the e-mail ID provided at the time of boarding.To know which operators are mTicket enabled, look for the mTicket icon under the mTicket column while searching for buses.</p> </span>  
                                </div>
                            </div>
                            <div class="faqQuestionSection" style=" border-radius: 1rem; border: 1px solid #F3F4F9; padding: 1.75rem 1.5rem; font-size: 14px; line-height: 20px; color: #1D1D1D; cursor: pointer;" itemscope="" itemprop="mainEntity" itemtype="https://schema.org/Question">
                                <div style="display:flex; justify-content: space-between; align-items: center; font-weight: 700;">
                                   <span itemprop="name"> I've lost my ticket. What should I do now? </span> 
                                    <i class="plusMinus icon icon-plusv2" style="font-size: 18px;"></i>
                                </div>
                                <div class="faqAns hide" itemscope="" itemprop="acceptedAnswer" itemtype="https://schema.org/Answer">
                                   <span itemprop="text"> <p>A copy of the bus ticket would have been sent to you by email when you booked bus ticket online. Please take a printout of that mail and produce it at the time of boarding. If you have not received the ticket e-mail, please call any of our call centers and our executive will resend you a copy by mail.</p> </span>  
                                </div>
                            </div>
                            <div class="faqQuestionSection" style=" border-radius: 1rem; border: 1px solid #F3F4F9; padding: 1.75rem 1.5rem; font-size: 14px; line-height: 20px; color: #1D1D1D; cursor: pointer;" itemscope="" itemprop="mainEntity" itemtype="https://schema.org/Question">
                                <div style="display:flex; justify-content: space-between; align-items: center; font-weight: 700;">
                                   <span itemprop="name"> What is an mTicket? </span> 
                                    <i class="plusMinus icon icon-plusv2" style="font-size: 18px;"></i>
                                </div>
                                <div class="faqAns hide" itemscope="" itemprop="acceptedAnswer" itemtype="https://schema.org/Answer">
                                   <span itemprop="text"> <p>An mTicket is an SMS that is sent to your mobile on booking bus tickets with select private bus operators. This SMS has the TIN number and the PNR number along with other ticket related information. It can be used to board the bus. Please note that not all operators accept mTickets. To know which operators are mTicket enabled, look for the mTicket icon  under the mTicket column while searching for buses.</p> </span>  
                                </div>
                            </div>
                            <div class="faqQuestionSection" style=" border-radius: 1rem; border: 1px solid #F3F4F9; padding: 1.75rem 1.5rem; font-size: 14px; line-height: 20px; color: #1D1D1D; cursor: pointer;" itemscope="" itemprop="mainEntity" itemtype="https://schema.org/Question">
                                <div style="display:flex; justify-content: space-between; align-items: center; font-weight: 700;">
                                   <span itemprop="name"> I didn’t receive my mTicket. Can you resend it? </span> 
                                    <i class="plusMinus icon icon-plusv2" style="font-size: 18px;"></i>
                                </div>
                                <div class="faqAns hide" itemscope="" itemprop="acceptedAnswer" itemtype="https://schema.org/Answer">
                                   <span itemprop="text"> <p>You can generate your mTicket online. To generate m-Ticket online click on the Print/SMS ticket link on the redbus home page on www.redBus.in. Enter your TIN number mentioned on the e-ticket we emailed you. Choose the SMS option and click on Submit. In case you don’t have a copy of the e-ticket either, contact our call center and our executive will assist you.</p> </span>  
                                </div>
                            </div>
                            <div class="faqQuestionSection" style=" border-radius: 1rem; border: 1px solid #F3F4F9; padding: 1.75rem 1.5rem; font-size: 14px; line-height: 20px; color: #1D1D1D; cursor: pointer;" itemscope="" itemprop="mainEntity" itemtype="https://schema.org/Question">
                                <div style="display:flex; justify-content: space-between; align-items: center; font-weight: 700;">
                                   <span itemprop="name"> I entered the wrong mobile number while booking. Can I get my mTicket on a different number? </span> 
                                    <i class="plusMinus icon icon-plusv2" style="font-size: 18px;"></i>
                                </div>
                                <div class="faqAns hide" itemscope="" itemprop="acceptedAnswer" itemtype="https://schema.org/Answer">
                                   <span itemprop="text"> <p>Yes, you can get the m-Ticket on the different numbers.To get the M-Ticket on the different number  please contact redBus call center and our customer executive will send you the mTicket on your desired number.</p> </span>  
                                </div>
                            </div>
                    </div> 
                    <div class="faqQnaSection hide" style="display: flex; flex-direction: column; gap: 1.5rem; width: 100%;">
                            <div class="faqQuestionSection" style=" border-radius: 1rem; border: 1px solid #F3F4F9; padding: 1.75rem 1.5rem; font-size: 14px; line-height: 20px; color: #1D1D1D; cursor: pointer;" itemscope="" itemprop="mainEntity" itemtype="https://schema.org/Question">
                                <div style="display:flex; justify-content: space-between; align-items: center; font-weight: 700;">
                                   <span itemprop="name"> Is it safe to use my credit or debit card to buy bus tickets on redBus?  </span> 
                                    <i class="plusMinus icon icon-plusv2" style="font-size: 18px;"></i>
                                </div>
                                <div class="faqAns hide" itemscope="" itemprop="acceptedAnswer" itemtype="https://schema.org/Answer">
                                   <span itemprop="text"> <p>Transactions on redBus are very safe. We employ the best-in-class security and the transactions done are secure. Apart from being certified by Verisign, redBus uses Secure Socket Layers (SSL) data encryption. Using SSL ensures that the information exchanged with us is never transmitted unencrypted, thus protecting the information from being viewed by unauthorized individuals.</p> </span>  
                                </div>
                            </div>
                            <div class="faqQuestionSection" style=" border-radius: 1rem; border: 1px solid #F3F4F9; padding: 1.75rem 1.5rem; font-size: 14px; line-height: 20px; color: #1D1D1D; cursor: pointer;" itemscope="" itemprop="mainEntity" itemtype="https://schema.org/Question">
                                <div style="display:flex; justify-content: space-between; align-items: center; font-weight: 700;">
                                   <span itemprop="name"> Does the owner of the credit card/debit card with which the bus ticket is purchased need to be one of the passengers? </span> 
                                    <i class="plusMinus icon icon-plusv2" style="font-size: 18px;"></i>
                                </div>
                                <div class="faqAns hide" itemscope="" itemprop="acceptedAnswer" itemtype="https://schema.org/Answer">
                                   <span itemprop="text"> <p>Not at all! A passenger can use any debit or credit card to pay for the bus ticket, not necessarily their own. However, please note that the passenger in whose name the ticket is booked should carry a proof of his identity (along with the ticket) at the time of boarding the bus.</p> </span>  
                                </div>
                            </div>
                            <div class="faqQuestionSection" style=" border-radius: 1rem; border: 1px solid #F3F4F9; padding: 1.75rem 1.5rem; font-size: 14px; line-height: 20px; color: #1D1D1D; cursor: pointer;" itemscope="" itemprop="mainEntity" itemtype="https://schema.org/Question">
                                <div style="display:flex; justify-content: space-between; align-items: center; font-weight: 700;">
                                   <span itemprop="name"> What are the different payment options available on Bus Ticket booking? </span> 
                                    <i class="plusMinus icon icon-plusv2" style="font-size: 18px;"></i>
                                </div>
                                <div class="faqAns hide" itemscope="" itemprop="acceptedAnswer" itemtype="https://schema.org/Answer">
                                   <span itemprop="text"> <ul><li>There are many payment modes available to book buses on the redBus website and app. Some of these payment modes that are available for the bus ticket booking process are:Debit Card/Credit Card/ATM Cards (Visa, MasterCard, Maestro &amp; Rupay)</li><li>Net Banking (HDFC Bank, ICICI Bank, Indian Bank, Axis Bank, SBI and all major banks)</li><li>UPI (Google Pay, Amazon Pay, PhonePe)&nbsp;</li><li>Book Now, Pay Later (Simpl)</li><li>Wallets (Paytm)Make sure to check the coupon code to get the discounts on bus booking online, redBus offers a lot of redDeals to book the bus ticket on budget.</li></ul> </span>  
                                </div>
                            </div>
                            <div class="faqQuestionSection" style=" border-radius: 1rem; border: 1px solid #F3F4F9; padding: 1.75rem 1.5rem; font-size: 14px; line-height: 20px; color: #1D1D1D; cursor: pointer;" itemscope="" itemprop="mainEntity" itemtype="https://schema.org/Question">
                                <div style="display:flex; justify-content: space-between; align-items: center; font-weight: 700;">
                                   <span itemprop="name"> How does the transaction appear on my card / account statement? </span> 
                                    <i class="plusMinus icon icon-plusv2" style="font-size: 18px;"></i>
                                </div>
                                <div class="faqAns hide" itemscope="" itemprop="acceptedAnswer" itemtype="https://schema.org/Answer">
                                   <span itemprop="text"> <p>Transactions on redBus will appear as REDBUS.IN, <a href="http://www.redbus.in/" target="_self">www.redbus.in</a> in your bank statement.</p> </span>  
                                </div>
                            </div>
                    </div> 
                    <div class="faqQnaSection hide" style="display: flex; flex-direction: column; gap: 1.5rem; width: 100%;">
                            <div class="faqQuestionSection" style=" border-radius: 1rem; border: 1px solid #F3F4F9; padding: 1.75rem 1.5rem; font-size: 14px; line-height: 20px; color: #1D1D1D; cursor: pointer;" itemscope="" itemprop="mainEntity" itemtype="https://schema.org/Question">
                                <div style="display:flex; justify-content: space-between; align-items: center; font-weight: 700;">
                                   <span itemprop="name"> Can I cancel my bus ticket online?  </span> 
                                    <i class="plusMinus icon icon-plusv2" style="font-size: 18px;"></i>
                                </div>
                                <div class="faqAns hide" itemscope="" itemprop="acceptedAnswer" itemtype="https://schema.org/Answer">
                                   <span itemprop="text"> <p>Yes you can cancel bus tickets online, Most of the tickets can be canceled online. However, there are some bus tickets that can only be canceled through our call center.However please note that the cancellation fee and cancellation period may differ for specific bus services. Please contact any of our executives for cancellation details on any specific service.</p> </span>  
                                </div>
                            </div>
                            <div class="faqQuestionSection" style=" border-radius: 1rem; border: 1px solid #F3F4F9; padding: 1.75rem 1.5rem; font-size: 14px; line-height: 20px; color: #1D1D1D; cursor: pointer;" itemscope="" itemprop="mainEntity" itemtype="https://schema.org/Question">
                                <div style="display:flex; justify-content: space-between; align-items: center; font-weight: 700;">
                                   <span itemprop="name"> How can I cancel my bus ticket online? </span> 
                                    <i class="plusMinus icon icon-plusv2" style="font-size: 18px;"></i>
                                </div>
                                <div class="faqAns hide" itemscope="" itemprop="acceptedAnswer" itemtype="https://schema.org/Answer">
                                   <span itemprop="text"> <p>To cancel the bus ticket online, you need to click on the cancellation link provided on our home page. Enter your ticket number and the e-mail ID that was provided at the time of bus booking and click on cancel ticket.</p> </span>  
                                </div>
                            </div>
                            <div class="faqQuestionSection" style=" border-radius: 1rem; border: 1px solid #F3F4F9; padding: 1.75rem 1.5rem; font-size: 14px; line-height: 20px; color: #1D1D1D; cursor: pointer;" itemscope="" itemprop="mainEntity" itemtype="https://schema.org/Question">
                                <div style="display:flex; justify-content: space-between; align-items: center; font-weight: 700;">
                                   <span itemprop="name"> I missed the bus. Do I get a refund?  </span> 
                                    <i class="plusMinus icon icon-plusv2" style="font-size: 18px;"></i>
                                </div>
                                <div class="faqAns hide" itemscope="" itemprop="acceptedAnswer" itemtype="https://schema.org/Answer">
                                   <span itemprop="text"> <p>redBus provides a 100% refund if the bus is missed due to either redBus or its partner company's fault. However, if the bus is missed due to any other reason not directly related to redBus no refund is provided.</p> </span>  
                                </div>
                            </div>
                            <div class="faqQuestionSection" style=" border-radius: 1rem; border: 1px solid #F3F4F9; padding: 1.75rem 1.5rem; font-size: 14px; line-height: 20px; color: #1D1D1D; cursor: pointer;" itemscope="" itemprop="mainEntity" itemtype="https://schema.org/Question">
                                <div style="display:flex; justify-content: space-between; align-items: center; font-weight: 700;">
                                   <span itemprop="name"> How can I get a refund in case I cancel my ticket?  </span> 
                                    <i class="plusMinus icon icon-plusv2" style="font-size: 18px;"></i>
                                </div>
                                <div class="faqAns hide" itemscope="" itemprop="acceptedAnswer" itemtype="https://schema.org/Answer">
                                   <span itemprop="text"> <p>The refund is provided as per cancellation policy of the operator. The refund can be credited to the source of payment (Example: debit card, credit card, net banking) or credited to redBus wallet. Wallet credit can be used for bus booking in future (within 6 months of cancellation).</p> </span>  
                                </div>
                            </div>
                            <div class="faqQuestionSection" style=" border-radius: 1rem; border: 1px solid #F3F4F9; padding: 1.75rem 1.5rem; font-size: 14px; line-height: 20px; color: #1D1D1D; cursor: pointer;" itemscope="" itemprop="mainEntity" itemtype="https://schema.org/Question">
                                <div style="display:flex; justify-content: space-between; align-items: center; font-weight: 700;">
                                   <span itemprop="name"> What happens if the bus does not leave on time or is canceled?  </span> 
                                    <i class="plusMinus icon icon-plusv2" style="font-size: 18px;"></i>
                                </div>
                                <div class="faqAns hide" itemscope="" itemprop="acceptedAnswer" itemtype="https://schema.org/Answer">
                                   <span itemprop="text"> <p>If your bus does not leave on time or is canceled, in such situations, you will need to consult the counter of the respective bus operators. You can also call the redBus customer care to discuss the appropriate actions.</p> </span>  
                                </div>
                            </div>
                            <div class="faqQuestionSection" style=" border-radius: 1rem; border: 1px solid #F3F4F9; padding: 1.75rem 1.5rem; font-size: 14px; line-height: 20px; color: #1D1D1D; cursor: pointer;" itemscope="" itemprop="mainEntity" itemtype="https://schema.org/Question">
                                <div style="display:flex; justify-content: space-between; align-items: center; font-weight: 700;">
                                   <span itemprop="name"> How can I reschedule my bus tickets? </span> 
                                    <i class="plusMinus icon icon-plusv2" style="font-size: 18px;"></i>
                                </div>
                                <div class="faqAns hide" itemscope="" itemprop="acceptedAnswer" itemtype="https://schema.org/Answer">
                                   <span itemprop="text"> <ol><li>To reschedule your bus ticket on redBus, follow these steps: Visit <a href="https://www.redbus.in/reschedule" target="_self">https://www.redbus.in/reschedule </a></li><li>Search for your bus ticket by entering your ticket number and registered email ID.&nbsp;</li><li>Verify your online bus ticket details and select the date to reschedule your journey.&nbsp;</li><li>Select a bus operator, verify every detail, and make your payment if any difference in bus ticket prices needs to be cleared.</li></ol> </span>  
                                </div>
                            </div>
                    </div> 
                    <div class="faqQnaSection hide" style="display: flex; flex-direction: column; gap: 1.5rem; width: 100%;">
                            <div class="faqQuestionSection" style=" border-radius: 1rem; border: 1px solid #F3F4F9; padding: 1.75rem 1.5rem; font-size: 14px; line-height: 20px; color: #1D1D1D; cursor: pointer;" itemscope="" itemprop="mainEntity" itemtype="https://schema.org/Question">
                                <div style="display:flex; justify-content: space-between; align-items: center; font-weight: 700;">
                                   <span itemprop="name"> Details on Insurance </span> 
                                    <i class="plusMinus icon icon-plusv2" style="font-size: 18px;"></i>
                                </div>
                                <div class="faqAns hide" itemscope="" itemprop="acceptedAnswer" itemtype="https://schema.org/Answer">
                                   <span itemprop="text"> <p>For details on Insurance of your journey after bus ticket booking, please refer to the <a href="http://s1.rdbuz.com/apps/insurance-terms.html" target="_self">Insurance Terms</a></p> </span>  
                                </div>
                            </div>
                    </div> 
            </div>
        </div>
    </section>
                            </div>
                </div>
        <div class="scrollToTopWrapper hide">
    <div class="scrollTopButton" onclick="onClickScrollTopHome()">
            <img class="scrollArrowImg" src="https://s3.rdbuz.com/web/images/homeV2/scrollArrow.svg" alt="scrollTop" loading="lazy">
    </div>
</div>
<script defer="">
    function onClickScrollTopHome(){
        window.scrollTo({
            top: 0,
            left: 0,
            behavior: 'smooth'
        })
    }
</script></main>

        </div>
        <div class="exit-reshedule-confirm hide">
           
            <p>Are you sure you want to go back?</p>
            <div class="exit-btns-grp">
                <button type="button" class="exit-reschedule-btns" id="exit-reschedule">Yes</button>
                <button type="button" class="exit-reschedule-btns">No</button>

            </div>
        </div>
                              <footer id="rh_footer_new" style="background: #f7f7f7;">
                    
<style>
    .rb_footer{
        background-color: #F7F7F7;
        color: #3e3e52;
        padding: 3rem 7.5rem 2rem;
        display: flex;
        flex-direction: column;
        gap: 2rem;
        line-height: 20px;
    }
     .footer_link_section {
            &:before {
                content: unset;
            }
     }
     .social_icon::before {
            color: #000000;
            font-size: 1.5rem;
        }
</style>

<div class="rb_footer" style="max-width: 1200px; margin: auto; padding-left: 0; padding-right: 0;">
        <ul style=" max-width: 1200px; margin-bottom: 3rem;">
            

<style>
    .seoLinkSection > a{
        line-height: 2em;
        text-decoration: none;
        color: #444343;
        font-size: 13px;
        display: inline;
    }
    .seoLinkSection > a:not(:last-child):after {
        content: " | ";
        padding: 0px 4px;
        color: #444343;
        font-size: 0.813rem;
    }
</style>

<li style="display: flex; flex-direction: column; gap: 2rem;">
<div class="interLinkContainer" style="display: flex; flex-direction: column; cursor: pointer;" id="0">
            <div style=" display: flex; align-items: center; justify-content: space-between;">
                <h3 style=" font-size: 1.125rem; font-weight: 700; line-height: 1.25rem; ">Popular Bus Routes</h3>
                <i class="interLink icon icon-down" style=" font-size: 1rem;"></i>
            </div>
            <div class="seoLinkSection hide" style="margin: .5rem 0;">
                    <a class="footer_seo_link footer_link_new" href="https://www.redbus.in/bus-tickets/delhi-to-manali" target="_blank">Delhi To Manali Bus</a>
                    <a class="footer_seo_link footer_link_new" href="https://www.redbus.in/bus-tickets/delhi-to-rishikesh" target="_blank">Delhi To Rishikesh Bus</a>
                    <a class="footer_seo_link footer_link_new" href="https://www.redbus.in/bus-tickets/delhi-to-shimla" target="_blank">Delhi To Shimla Bus</a>
                    <a class="footer_seo_link footer_link_new" href="https://www.redbus.in/bus-tickets/delhi-to-nainital" target="_blank">Delhi To Nainital Bus</a>
                    <a class="footer_seo_link footer_link_new" href="https://www.redbus.in/bus-tickets/delhi-to-katra" target="_blank">Delhi To Katra Bus</a>
                    <a class="footer_seo_link footer_link_new" href="https://www.redbus.in/bus-tickets/bangalore-to-goa" target="_blank">Bangalore To Goa Bus</a>
                    <a class="footer_seo_link footer_link_new" href="https://www.redbus.in/bus-tickets/bangalore-to-hyderabad" target="_blank">Bangalore To Hyderabad Bus</a>
                    <a class="footer_seo_link footer_link_new" href="https://www.redbus.in/bus-tickets/bangalore-to-tirupathi" target="_blank">Bangalore To Tirupathi Bus</a>
                    <a class="footer_seo_link footer_link_new" href="https://www.redbus.in/bus-tickets/bangalore-to-chennai" target="_blank">Bangalore To Chennai Bus</a>
                    <a class="footer_seo_link footer_link_new" href="https://www.redbus.in/bus-tickets/bangalore-to-pondicherry" target="_blank">Bangalore To Pondicherry Bus</a>
                    <a class="footer_seo_link footer_link_new" href="https://www.redbus.in/bus-tickets/hyderabad-to-bangalore" target="_blank">Hyderabad To Bangalore Bus</a>
                    <a class="footer_seo_link footer_link_new" href="https://www.redbus.in/bus-tickets/hyderabad-to-goa" target="_blank">Hyderabad To Goa Bus</a>
                    <a class="footer_seo_link footer_link_new" href="https://www.redbus.in/bus-tickets/hyderabad-to-srisailam" target="_blank">Hyderabad To Srisailam Bus</a>
                    <a class="footer_seo_link footer_link_new" href="https://www.redbus.in/bus-tickets/hyderabad-to-vijayawada" target="_blank">Hyderabad To Vijayawada Bus</a>
                    <a class="footer_seo_link footer_link_new" href="https://www.redbus.in/bus-tickets/hyderabad-to-tirupathi" target="_blank">Hyderabad To Tirupathi Bus</a>
                    <a class="footer_seo_link footer_link_new" href="https://www.redbus.in/bus-tickets/pune-to-goa" target="_blank">Pune To Goa Bus</a>
                    <a class="footer_seo_link footer_link_new" href="https://www.redbus.in/bus-tickets/pune-to-mumbai" target="_blank">Pune To Mumbai Bus</a>
                    <a class="footer_seo_link footer_link_new" href="https://www.redbus.in/bus-tickets/pune-to-nagpur" target="_blank">Pune To Nagpur Bus</a>
                    <a class="footer_seo_link footer_link_new" href="https://www.redbus.in/bus-tickets/pune-to-kolhapur-maharashtra" target="_blank">Pune To Kolhapur Bus</a>
                    <a class="footer_seo_link footer_link_new" href="https://www.redbus.in/bus-tickets/pune-to-nashik" target="_blank">Pune To Nashik Bus</a>
                    <a class="footer_seo_link footer_link_new" href="https://www.redbus.in/bus-tickets/mumbai-to-goa" target="_blank">Mumbai To Goa Bus</a>
                    <a class="footer_seo_link footer_link_new" href="https://www.redbus.in/bus-tickets/mumbai-to-pune" target="_blank">Mumbai To Pune Bus</a>
                    <a class="footer_seo_link footer_link_new" href="https://www.redbus.in/bus-tickets/mumbai-to-shirdi" target="_blank">Mumbai To Shirdi Bus</a>
                    <a class="footer_seo_link footer_link_new" href="https://www.redbus.in/bus-tickets/mumbai-to-mahabaleshwar" target="_blank">Mumbai To Mahabaleshwar Bus</a>
                    <a class="footer_seo_link footer_link_new" href="https://www.redbus.in/bus-tickets/mumbai-to-kolhapur-maharashtra" target="_blank">Mumbai To Kolhapur Bus</a>
                    <a class="footer_seo_link footer_link_new" href="https://www.redbus.in/bus-tickets/kolkata-to-digha" target="_blank">Kolkata To Digha Bus</a>
                    <a class="footer_seo_link footer_link_new" href="https://www.redbus.in/bus-tickets/kolkata-to-siliguri" target="_blank">Kolkata To Siliguri Bus</a>
                    <a class="footer_seo_link footer_link_new" href="https://www.redbus.in/bus-tickets/kolkata-to-puri" target="_blank">Kolkata To Puri Bus</a>
                    <a class="footer_seo_link footer_link_new" href="https://www.redbus.in/bus-tickets/kolkata-to-bakkhali" target="_blank">Kolkata To Bakkhali Bus</a>
                    <a class="footer_seo_link footer_link_new" href="https://www.redbus.in/bus-tickets/kolkata-to-mandarmani" target="_blank">Kolkata To Mandarmani Bus</a>
            </div>
            <div style=" background-color: #C4C4C4; height: 1px; width: 100%; margin-top: .5rem;"></div>
        </div>
<div class="interLinkContainer" style="display: flex; flex-direction: column; cursor: pointer;" id="1">
            <div style=" display: flex; align-items: center; justify-content: space-between;">
                <h3 style=" font-size: 1.125rem; font-weight: 700; line-height: 1.25rem; ">Popular Cities</h3>
                <i class="interLink icon icon-down" style=" font-size: 1rem;"></i>
            </div>
            <div class="seoLinkSection hide" style="margin: .5rem 0;">
                    <a class="footer_seo_link footer_link_new" href="buses/hyderabad-bus-tickets" target="_blank">Hyderabad Bus Ticket Booking</a>
                    <a class="footer_seo_link footer_link_new" href="buses/bangalore-bus-tickets" target="_blank">Bangalore Bus Ticket Booking</a>
                    <a class="footer_seo_link footer_link_new" href="buses/chennai-bus-tickets" target="_blank">Chennai Bus Ticket Booking</a>
                    <a class="footer_seo_link footer_link_new" href="buses/pune-bus-tickets" target="_blank">Pune Bus Tickets Booking</a>
                    <a class="footer_seo_link footer_link_new" href="buses/delhi-bus-tickets" target="_blank">Delhi Bus Ticket Booking</a>
                    <a class="footer_seo_link footer_link_new" href="buses/mumbai-bus-tickets" target="_blank">Mumbai Bus Ticket Booking</a>
                    <a class="footer_seo_link footer_link_new" href="buses/kolkata-bus-tickets" target="_blank">Kolkata Bus Ticket Booking</a>
                    <a class="footer_seo_link footer_link_new" href="buses/ernakulam-bus-tickets" target="_blank">Ernakulam Bus Ticket Booking</a>
                    <a class="footer_seo_link footer_link_new" href="buses/ahmedabad-bus-tickets" target="_blank">Ahmedabad Bus Ticket Booking</a>
                    <a class="footer_seo_link footer_link_new" href="buses/vijayawada-bus-tickets" target="_blank">Vijayawada Bus Ticket Booking</a>
                    <a class="footer_seo_link footer_link_new" href="buses/jaipur-bus-tickets" target="_blank">Jaipur Bus Ticket Booking</a>
                    <a class="footer_seo_link footer_link_new" href="buses/indore-bus-tickets" target="_blank">Indore Bus Ticket Booking</a>
                    <a class="footer_seo_link footer_link_new" href="buses/lucknow-bus-tickets" target="_blank">Lucknow Bus Ticket Booking</a>
                    <a class="footer_seo_link footer_link_new" href="buses/bhopal-bus-tickets" target="_blank">Bhopal Bus Ticket Booking</a>
            </div>
            <div style=" background-color: #C4C4C4; height: 1px; width: 100%; margin-top: .5rem;"></div>
        </div>
<div class="interLinkContainer" style="display: flex; flex-direction: column; cursor: pointer;" id="2">
            <div style=" display: flex; align-items: center; justify-content: space-between;">
                <h3 style=" font-size: 1.125rem; font-weight: 700; line-height: 1.25rem; ">Popular Bus Operators</h3>
                <i class="interLink icon icon-down" style=" font-size: 1rem;"></i>
            </div>
            <div class="seoLinkSection hide" style="margin: .5rem 0;">
                    <a class="footer_seo_link footer_link_new" href="https://www.redbus.in/travels/no-1-air-travels" target="_blank">No 1 Air Travels</a>
                    <a class="footer_seo_link footer_link_new" href="https://www.redbus.in/travels/ybm-travels" target="_blank">YBM Travels</a>
                    <a class="footer_seo_link footer_link_new" href="https://www.redbus.in/travels/sri-sms-travels" target="_blank">Sri SMS Travels</a>
                    <a class="footer_seo_link footer_link_new" href="https://www.redbus.in/travels/svkdt-travels" target="_blank">Svkdt Travels</a>
                    <a class="footer_seo_link footer_link_new" href="https://www.redbus.in/travels/rkt-tours-and-travels" target="_blank">RKT Tours and Travels</a>
                    <a class="footer_seo_link footer_link_new" href="https://www.redbus.in/travels/royal-cars" target="_blank">Royal Cars</a>
                    <a class="footer_seo_link footer_link_new" href="https://www.redbus.in/travels/rahul-travels" target="_blank">Rahul Travels</a>
                    <a class="footer_seo_link footer_link_new" href="https://www.redbus.in/travels/jbt-travels" target="_blank">JBT Travels</a>
                    <a class="footer_seo_link footer_link_new" href="https://www.redbus.in/travels/raj-express-1" target="_blank">Raj Express</a>
                    <a class="footer_seo_link footer_link_new" href="https://www.redbus.in/travels/vaishali-express" target="_blank">Vaishali Express</a>
                    <a class="footer_seo_link footer_link_new" href="https://www.redbus.in/travels/rahul-travels-indore" target="_blank">Rahul Travels Indore</a>
                    <a class="footer_seo_link footer_link_new" href="https://www.redbus.in/travels/delhi-tours-and-travels" target="_blank">Delhi Tours And Travels</a>
                    <a class="footer_seo_link footer_link_new" href="https://www.redbus.in/travels/ashok-travels-delhi" target="_blank">Ashok Travels</a>
                    <a class="footer_seo_link footer_link_new" href="https://www.redbus.in/travels/greenline" target="_blank">Greenline Travels</a>
                    <a class="footer_seo_link footer_link_new" href="https://www.redbus.in/travels/pawan-travels-balaghat" target="_blank">Pawan Travels</a>
                    <a class="footer_seo_link footer_link_new" href="https://www.redbus.in/travels/ravi-travels" target="_blank">Ravi Travels</a>
                    <a class="footer_seo_link footer_link_new" href="https://www.redbus.in/travels/vrl-travels" target="_blank">VRL Travels</a>
                    <a class="footer_seo_link footer_link_new" href="https://www.redbus.in/travels/dolphin-travel-house" target="_blank">Dolphin Travels</a>
                    <a class="footer_seo_link footer_link_new" href="https://www.redbus.in/travels/ganesh-travels" target="_blank">Ganesh Travels</a>
                    <a class="footer_seo_link footer_link_new" href="https://www.redbus.in/travels/kaveri-kamakshi-travels" target="_blank">Kaveri Travels</a>
                    <a class="footer_seo_link footer_link_new" href="https://www.redbus.in/travels/national-travels-national" target="_blank">National Travels</a>
                    <a class="footer_seo_link footer_link_new" href="https://www.redbus.in/travels/bharathi-travels-bharathi" target="_blank">Bharathi Travels</a>
                    <a class="footer_seo_link footer_link_new" href="https://www.redbus.in/travels/city-land-travels" target="_blank">City Land Travels</a>
                    <a class="footer_seo_link footer_link_new" href="https://www.redbus.in/travels/citylink-travels" target="_blank">Citylink Travels</a>
                    <a class="footer_seo_link footer_link_new" href="https://www.redbus.in/travels/kkaveri-travels" target="_blank">KKaveri Travels</a>
                    <a class="footer_seo_link footer_link_new" href="https://www.redbus.in/travels/kk-travels" target="_blank">KK Travels</a>
                    <a class="footer_seo_link footer_link_new" href="https://www.redbus.in/travels/mahadev-travels-online" target="_blank">Mahadev Travels</a>
                    <a class="footer_seo_link footer_link_new" href="https://www.redbus.in/travels/maharaja-travels-1" target="_blank">Maharaja Travels</a>
                    <a class="footer_seo_link footer_link_new" href="https://www.redbus.in/travels/m-r-travels" target="_blank">M R Travels</a>
                    <a class="footer_seo_link footer_link_new" href="https://www.redbus.in/travels/new-payal-travels" target="_blank">New Payal Travels</a>
            </div>
            <div style=" background-color: #C4C4C4; height: 1px; width: 100%; margin-top: .5rem;"></div>
        </div>
</li>


                    
        </ul>
    <ul class="footer_links" style=" display: flex; width: 100%; justify-content: space-between;">
        <li class="footer_link_section main_footer_item" style="display: flex; flex-direction: column; gap: 0.5rem; width: 17rem;">
            <div class="footer_main_logos">
                 <picture>
                    <source srcset="https://s3.rdbuz.com/Images/rdc/rdc-redbus-logo.webp" type="image/webp">
                    <img src="https://s3.rdbuz.com/Images/rdc/rdc-redbus-logo.svg" alt="redBus" title="redBus" class="rb_footer_logo" style="width: 6.25rem; height: 4.1rem;">
                </picture>
            </div>
            <span class="footer_text">redBus is the world's largest online bus ticket booking service trusted by over 25 million happy customers globally. redBus offers bus ticket booking through its website, iOS and Android mobile apps for all major routes.</span>
        </li>
                <li class="footer_link_section" id="about_redbus_title_footer" style="display: flex; flex-direction: column; gap: 0.5rem;">
                    <strong class="footer_link_section_title" style="font-size: 1.125rem; color: #1d1d1d; margin: 0;">About redBus</strong>
                            <a class="footer_link_section_item footer_link_new" href="https://www.redbus.in/info/aboutus" id="about_us_footer" target="_blank" style="color: #3e3e52;">
                                About us
                            </a>
                            <a class="footer_link_section_item footer_link_new" href="https://www.redbus.in/info/Investors" id="investor_relations_footer" target="_blank" style="color: #3e3e52;">
                                Investor Relations
                            </a>
                            <a class="footer_link_section_item footer_link_new" href="https://www.redbus.in/info/contactus" id="contact_us_footer" target="_blank" style="color: #3e3e52;">
                                Contact us
                            </a>
                            <a class="footer_link_section_item footer_link_new" href="https://m.redbus.in/" id="mobile_version_footer" target="_blank" style="color: #3e3e52;">
                                Mobile version
                            </a>
                            <a class="footer_link_section_item footer_link_new" href="https://www.redbus.in/info/mobile" id="redbus_on_bus_footer" target="_blank" style="color: #3e3e52;">
                                redBus on mobile
                            </a>
                            <a class="footer_link_section_item footer_link_new" href="https://www.redbus.in/sitemap.html" id="sitemap_footer" target="_blank" style="color: #3e3e52;">
                                Sitemap
                            </a>
                            <a class="footer_link_section_item footer_link_new" href="https://www.redbus.in/info/offerTerms" id="offers_footer" target="_blank" style="color: #3e3e52;">
                                Offers
                            </a>
                            <a class="footer_link_section_item footer_link_new" href="https://www.redbus.in/careers" id="careers_footer" target="_blank" style="color: #3e3e52;">
                                Careers
                            </a>
                            <a class="footer_link_section_item footer_link_new" href="https://www.redbus.in/values" id="values_footer" target="_blank" style="color: #3e3e52;">
                                Values
                            </a>
                </li>
                <li class="footer_link_section" id="info_title_footer" style="display: flex; flex-direction: column; gap: 0.5rem;">
                    <strong class="footer_link_section_title" style="font-size: 1.125rem; color: #1d1d1d; margin: 0;">Info</strong>
                            <a class="footer_link_section_item footer_link_new" href="https://www.redbus.in/info/termscondition" id="terms_n_conditions_footer" target="_blank" style="color: #3e3e52;">
                                T&amp;C
                            </a>
                            <a class="footer_link_section_item footer_link_new" href="https://www.redbus.in/info/privacypolicy" id="privacy_policy_footer" target="_blank" style="color: #3e3e52;">
                                Privacy policy
                            </a>
                            <a class="footer_link_section_item footer_link_new" href="https://www.redbus.in/info/faq" id="faq_footer" target="_blank" style="color: #3e3e52;">
                                FAQ
                            </a>
                            <a class="footer_link_section_item footer_link_new" href="https://blog.redbus.in" id="blog_footer" target="_blank" style="color: #3e3e52;">
                                Blog
                            </a>
                            <a class="footer_link_section_item footer_link_new" href="https://onboardvendor.redbus.in/" id="bus_operator_registration_footer" target="_blank" style="color: #3e3e52;">
                                Bus operator registration
                            </a>
                            <a class="footer_link_section_item footer_link_new" href="https://in3.seatseller.travel/" id="agent_registration_footer" target="_blank" style="color: #3e3e52;">
                                Agent registration
                            </a>
                            <a class="footer_link_section_item footer_link_new" href="https://www.acko.com/" id="insurance_partner_footer" target="_blank" style="color: #3e3e52;">
                                Insurance partner
                            </a>
                            <a class="footer_link_section_item footer_link_new" href="https://www.redbus.in/info/useragreement" id="user_agreement_footer" target="_blank" style="color: #3e3e52;">
                                User agreement
                            </a>
                            <a class="footer_link_section_item footer_link_new" href="https://www.redbus.in/primo/primo-service" target="_blank" style="color: #3e3e52;">
                                Primo Bus
                            </a>
                            <a class="footer_link_section_item footer_link_new" href="https://www.redbus.in/bus-timetable" target="_blank" style="color: #3e3e52;">
                                Bus Timetable
                            </a>
                </li>
                <li class="footer_link_section" id="global_sites_title_footer" style="display: flex; flex-direction: column; gap: 0.5rem;">
                    <strong class="footer_link_section_title" style="font-size: 1.125rem; color: #1d1d1d; margin: 0;">Global Sites</strong>
                            <a class="footer_link_section_item footer_link_new" href="https://www.redbus.in/" id="India_site_footer" target="_blank" style="color: #3e3e52;">
                                India
                            </a>
                            <a class="footer_link_section_item footer_link_new" href="https://www.redbus.sg/" id="singapore_site_footer" target="_blank" style="color: #3e3e52;">
                                Singapore
                            </a>
                            <a class="footer_link_section_item footer_link_new" href="https://www.redbus.my/" id="malaysia_site_footer" target="_blank" style="color: #3e3e52;">
                                Malaysia
                            </a>
                            <a class="footer_link_section_item footer_link_new" href="https://www.redbus.id/" id="indonesia_site_footer" target="_blank" style="color: #3e3e52;">
                                Indonesia
                            </a>
                            <a class="footer_link_section_item footer_link_new" href="https://www.redbus.pe/" id="peru_site_footer" target="_blank" style="color: #3e3e52;">
                                Peru
                            </a>
                            <a class="footer_link_section_item footer_link_new" href="https://www.redbus.co/" id="colombia_site_footer" target="_blank" style="color: #3e3e52;">
                                Colombia
                            </a>
                            <a class="footer_link_section_item footer_link_new" href="https://www.redbus.com.kh/" id="cambodia_site_footer" target="_blank" style="color: #3e3e52;">
                                Cambodia
                            </a>
                            <a class="footer_link_section_item footer_link_new" href="https://www.redbus.vn/" id="vietnam_site_footer" target="_blank" style="color: #3e3e52;">
                                Vietnam
                            </a>
                </li>
                <li class="footer_link_section" id="our_partners_title_footer" style="display: flex; flex-direction: column; gap: 0.5rem;">
                    <strong class="footer_link_section_title" style="font-size: 1.125rem; color: #1d1d1d; margin: 0;">Our Partners</strong>
                            <a class="footer_link_section_item footer_link_new" href="https://www.goibibo.com/bus/" id="goibibo_bus_footer" target="_blank" rel="nofollow" style="color: #3e3e52;">
                                Goibibo Bus
                            </a>
                            <a class="footer_link_section_item footer_link_new" href="https://www.goibibo.com/hotels/" id="goibibo_hotels_footer" target="_blank" rel="nofollow" style="color: #3e3e52;">
                                Goibibo Hotels
                            </a>
                            <a class="footer_link_section_item footer_link_new" href="https://www.makemytrip.com/hotels/" id="makemytrip_hotels_footer" target="_blank" rel="nofollow" style="color: #3e3e52;">
                                Makemytrip Hotels
                            </a>
                </li>
    </ul>
    <div class="horizontal_seperator" style="background-color: #e5e5e5; height: 1px; width: 100%;"></div>
    <div class="copyright_social_section" style="display: flex; justify-content: space-between;">
        <span class="footer_copyright_text">Ⓒ 2024 Redbus India Pvt Ltd. All rights reserved</span>
            <div class="social_section" style="display: flex; gap: 1.5rem;">
                        <a class="social_icon_item footer_link_new" id="redbus_facebook" href="https://www.facebook.com/redbus.in/" target="_blank" style="cursor: pointer;">
                                <img src="https://st.redbus.in/web/images/layout/social_facebook_new.svg" class="social_img" alt="redbus_facebook" loading="lazy" style=" width: 1.5rem; height: 1.5rem;">
                        </a>
                        <a class="social_icon_item footer_link_new" id="redbus_linkedin" href="https://in.linkedin.com/company/redbus_2/" target="_blank" style="cursor: pointer;">
                                <img src="https://st.redbus.in/web/images/layout/social_linkedin_new.svg" class="social_img" alt="redbus_linkedin" loading="lazy" style=" width: 1.5rem; height: 1.5rem;">
                        </a>
                        <a class="social_icon_item footer_link_new" id="redbus_twitter" href="https://twitter.com/redBus_in/" target="_blank" style="cursor: pointer;">
                                <img src="https://st.redbus.in/web/images/layout/social_twitter_new.svg" class="social_img" alt="redbus_twitter" loading="lazy" style=" width: 1.5rem; height: 1.5rem;">
                        </a>
                        <a class="social_icon_item footer_link_new" id="redbus_instagram" href="https://www.instagram.com/accounts/login/?next=/redbusindia/" target="_blank" style="cursor: pointer;">
                                <img src="https://st.redbus.in/web/images/layout/social_instagram_new.svg" class="social_img" alt="redbus_instagram" loading="lazy" style=" width: 1.5rem; height: 1.5rem;">
                        </a>
            </div>
    </div>
</div>
                </footer>
    </section>
    <div class="msg-header">
        <div class="msg-success">
            <div>
                <em>✔</em>
                <span id="nf_success"></span>
            </div>
            <span class="nf-close">✖</span>
        </div>
        <div class="msg-error">
            <div>
                <em>✖</em>
                <span id="nf_error"></span>
            </div>
            <span class="nf-close">✖</span>
        </div>
        <div class="msg-info">
            <div>
                <em>¡</em>
                <span id="nf_info"></span>
            </div>
            <span class="nf-close">✖</span>
        </div>
        <div class="msg-notice">
            <div>
                <em>⚠</em>
                <span id="nf_notice"></span>
            </div>
            <span class="nf-close">✖</span>
        </div>
    </div>
            <!-- Google Tag Manager -->
        <noscript>
            <iframe src="//www.googletagmanager.com/ns.html?id=GTM-TCFTX7"
                    height="0" width="0" style="display:none;visibility:hidden"></iframe>
        </noscript>
        <script>
            (function (w, d, s, l, i) {
                w[l] = w[l] || []; w[l].push({
                    'gtm.start':
                    new Date().getTime(), event: 'gtm.js'
                }); var f = d.getElementsByTagName(s)[0],
                j = d.createElement(s), dl = l != 'dataLayer' ? '&l=' + l : ''; j.defer = true; j.src =
                '//www.googletagmanager.com/gtm.js?id=' + i + dl; f.parentNode.insertBefore(j, f);
            })(window, document, 'script', 'dataLayer', 'GTM-TCFTX7');</script>
        <!-- End Google Tag Manager -->
    <script>
          if ('serviceWorker' in navigator) {
            navigator.serviceWorker.register('/serviceworker.js?v=3').then(function(registration) {
            }, function(err) {
                  });
            }
      </script>
    <script>
        var IS_NEW_CONTEXTUAL_LOGIN_ENABLED = true;
        var isLanguageFlag = false;
        var flagstoLanguage = null;
        var showRDCHome = false;
        var walletBalConfig = {"BalanceText":"Wallet Balance","CurrencyLabel":null,"AbsolutePathList":["/","/SEARCH"],"IsTruncateBalance":true}; 
        var isRewardsEnabled = true;
        var calendarObj = null;
        var countryspecificdate = '2024/08/19';
        var jsloggerURL='//logs.redbus.com/logger/postErr';
        var callTripsApi ='True';
        var tripsRequestCount ='10';
        var SECURE_COOKIE = true;
        var recaptchaSiteKey = '6Lclx6UZAAAAAAJPzjIzuni5BEHrRGUzU9Rz87HS';
        var abBucket = '';
        var isNewHeaderFooterShown = true;
        var buildVersion = "PROD_642e99402";
        if(jsloggerURL && jsloggerURL!=="")
        {
      //  console.log(navigator.userAgent);
            window.onerror = function (msg, url, lineNo, columnNo, error) {
                var message ='';
                var string = msg.toLowerCase();
                var substring = "script error";
                if (string.indexOf(substring) > -1){
                    console.log('Script Error: See Browser Console for Detail');
                } else {
                     message = {
                        'Agent':'WEB_DIRECT',
                        'Message':msg,
                        'URL': url,
                        'Line':  lineNo,
                        'Column': columnNo,
                        'Error object': JSON.stringify(error),
                        'User Agent':navigator.userAgent,
                        'URL':location.href
                    };

                }
                /*var http = new XMLHttpRequest();
                var url = jsloggerURL;
                var params = JSON.stringify(message);
                http.open("POST", url, true);
                http.setRequestHeader("Content-type", "application/json");
                http.send(params);*/
                 var http = new XMLHttpRequest();
                var  o = "";
                for (var n in message){
                    o += encodeURIComponent(n) + "=" + encodeURIComponent(message[n]) + "&";
                }
                var url = jsloggerURL+'?'+o;
                http.open("GET", url, true);
                http.setRequestHeader("Content-type", "application/json");
                http.send();
                return false;
            };
        }
    </script>
    <script>
    function setCookie(e,r,n){var t=new Date;t.setTime(t.getTime()+24*n*60*60*1e3);var o="expires="+t.toUTCString();document.cookie=e+"="+r+";"+o+";path=/"}
    function getCookie(e){return document.cookie.length>0&&(c_start=document.cookie.indexOf(e+"="),-1!=c_start)?(c_start=c_start+e.length+1,c_end=document.cookie.indexOf(";",c_start),-1==c_end&&(c_end=document.cookie.length),unescape(document.cookie.substring(c_start,c_end))):""}var connection = navigator.connection || navigator.mozConnection || navigator.webkitConnection;var type = connection && connection.effectiveType || "-"

        let enableBrowserFP = 'True';
        
        let isbrowserfp = enableBrowserFP.toLowerCase() === "true" && (!getCookie("isBrowserFP") || !getCookie("rb_fpData"));
        setTimeout(()=>{
           if(isbrowserfp) {
                const filepath = '/javascripts/BrowserFP.084bfe0d12b1a545ab0e.bundle.js';
                const fileref = document.createElement('script');
                const head = document.getElementsByTagName('head')[0];
                fileref.setAttribute('type', 'text/javascript');
                fileref.setAttribute('src', filepath);
                fileref.setAttribute('defer', 'defer');
                head.appendChild(fileref);
            }
        }, 4000);

        window.onload = resetCookie;
        window.scroll = resetCookie;
        window.ontouchstart = resetCookie;
        window.onclick = resetCookie;
        window.onkeypress = resetCookie;

        function resetCookie() {  
          let mriSessionId = getCookie("mriSessionId");
          let mriClientIdSetDateString = getCookie("mriClientIdSetDate");

          if(mriClientIdSetDateString) {
            const curDate = new Date();
            const setDate = new Date(mriClientIdSetDateString);
            if(!((setDate.getDate() === curDate.getDate()) && (setDate.getMonth() === curDate.getMonth()) && (setDate.getFullYear() === curDate.getFullYear()))) {
              const mriClientId = getCookie("mriClientId");
              mriClientId && setCookie("mriClientId", mriClientId, 365);
              mriClientId && setCookie("mriClientIdSetDate", curDate);
            }
          }
          mriSessionId && setCookie("mriSessionId", mriSessionId, 0.0208333)
      }


        // Load beacon for Riskified
        const isRiskifiedEnabled = true;
        if(!isRiskifiedEnabled){ 
            var match = document.cookie.match(new RegExp('(^| )deviceSessionId=([^;]+)'));
            var sessionId = "";
            if (match) sessionId = match[2];
            //<![CDATA[
            (function() {
                function riskifiedBeaconLoad() {
                    var store_domain = window.location.host;
                    var session_id = sessionId;
                    var url = ('https:' == document.location.protocol ? 'https://' : 'http://')
                    + "beacon.riskified.com?shop=" + store_domain + "&sid=" + session_id;
                    var s = document.createElement('script');
                    s.type = 'text/javascript';
                    s.async = true;
                    s.src = url;
                    var x = document.getElementsByTagName('script')[0];
                    x.parentNode.insertBefore(s, x);
                }
                if (window.attachEvent)
                    window.attachEvent('onload', riskifiedBeaconLoad)
                else
                    window.addEventListener('load', riskifiedBeaconLoad, false);
            })();
        }
        //]]]]><![CDATA[>
    </script>
    <!-- <script>
      var branchKey = 'key_live_pmMiKmugKG0cjSWqKr00jdfdwFhW20M0';
      window.branchKey = branchKey;
      function loadBranch(){
        if(window.branchKey){
          if(!window.branch){ 
            setTimeout(function() {
              (function(b,r,a,n,c,h,_,s,d,k){if(!b[n]||!b[n]._q){for(;s<_.length;)c(h,_[s++]);d=r.createElement(a);d.async=1;d.src="https://cdn.branch.io/branch-latest.min.js";k=r.getElementsByTagName(a)[0];k.parentNode.insertBefore(d,k);b[n]=h}})(window,document,"script","branch",function(b,r){b[r]=function(){b._q.push([r,arguments])}},{_q:[],_v:1},"addListener applyCode autoAppIndex banner closeBanner closeJourney creditHistory credits data deepview deepviewCta first getCode init link logout redeem referrals removeListener sendSMS setBranchViewData setIdentity track validateCode trackCommerceEvent logEvent disableTracking getBrowserFingerprintId".split(" "), 0);
              branch.init(`${window.branchKey}`, function(err, data) {
                branch.getBrowserFingerprintId(function(err, data){
                  if(!err){
                    setCookie("Branch_BrowserFingerPrintID", data);
                  };
                });
              });
            }, 3000)
          }
        }
      }
      window.addEventListener('DOMContentLoaded', () => {
         loadBranch();   
      })
    </script> -->
    
    <script src="/javascripts/vendor.36f750bb81f52081ddc7.bundle.js?root=rbus" type="text/javascript"></script>
                <script src="/javascripts/headerFooterV2.4142d26a512ea8f7b18a.bundle.js?root=rbus" defer=""></script>
        <script defer="">
    let rdchead = document.getElementById("rdc-header");
    if (rdchead) {
        window.addEventListener('scroll', ()=> {
        if (window.scrollY >= rdchead.offsetHeight && !rdchead.classList.contains("shadow")) {
            rdchead.classList.add("shadow");
        }
        else if (window.scrollY < rdchead.offsetHeight && rdchead.classList.contains("shadow")) {
            rdchead.classList.remove("shadow");
        }
      })
    }
    </script>
    
    
    
     <script>
     var otherPlatformMobile= {"lblEnterMobile":"Enter your mobile number below to download the redBus mobile app.","phoneCodeLbl":"Enter your mobile number","phoneCodeErrLbl2":"Please enter a valid phone code","lblMobilePlaceHolder":"Enter your mobile number","lblValidNumberErrorMessages":"Enter the mobile number|Invalid Mobile No","lblSendButton":"SMS me the link","lblSuccessMessage":"SMS sent with download link","lblErrorMessage":"Sorry ! please try again. We are facing issues in sending SMS","lblInitialMessage":"Will send you an SMS with a link to instantly download our app on your phone !","lblResentButton":"Resend Link"}; 
     var offersAvailable = [{"link":"https://www.redbus.in/info/OfferTerms#SUPERHIT","img":"https://st.redbus.in/images/offers/superhit_rav/1_1.png","offerDesc":"Use Code SUPERHIT","offerPlatform":"Save upto Rs 300 on AP and TS route","offerCode":" ","expLocalDate":null,"offerType":null,"offerText":null,"conditionsText":null,"knowMore":null,"IsGeoOffer":null,"TileDescription":null,"WebdirectUrl":null,"Title":null,"ThumbnailUrl":null,"ValidityStartDateLocal":null,"ValidityEndDateLocal":null},{"link":"https://www.redbus.in/info/OfferTerms#RB200","img":"https://st.redbus.in/images/offers/superhit_rav/1_1.png","offerDesc":"Use code RB200","offerPlatform":"Save upto Rs 200 on Delhi and North routes","offerCode":" ","expLocalDate":null,"offerType":null,"offerText":null,"conditionsText":null,"knowMore":null,"IsGeoOffer":null,"TileDescription":null,"WebdirectUrl":null,"Title":null,"ThumbnailUrl":null,"ValidityStartDateLocal":null,"ValidityEndDateLocal":null},{"link":"https://www.redbus.in/info/OfferTerms#RBTRIP","img":"https://st.redbus.in/Images/INDOFFER/RBTRIP/274x148.png","offerDesc":"Use code RBTRIP","offerPlatform":"Save up to Rs 200 in Kerala and pondicherry routes.","offerCode":" ","expLocalDate":null,"offerType":null,"offerText":null,"conditionsText":null,"knowMore":null,"IsGeoOffer":null,"TileDescription":null,"WebdirectUrl":null,"Title":null,"ThumbnailUrl":null,"ValidityStartDateLocal":null,"ValidityEndDateLocal":null},{"link":"https://www.redbus.in/info/OfferTerms#APSRTCNEW","img":"https://st.redbus.in/Images/carousel/APSRTC/APSRTC_offer-tile.png","offerDesc":"Use code APSRTCNEW","offerPlatform":"Save Up to Rs 250 on bus tickets on APSRTC","offerCode":" ","expLocalDate":null,"offerType":null,"offerText":null,"conditionsText":null,"knowMore":null,"IsGeoOffer":null,"TileDescription":null,"WebdirectUrl":null,"Title":null,"ThumbnailUrl":null,"ValidityStartDateLocal":null,"ValidityEndDateLocal":null},{"link":"https://www.redbus.in/info/OfferTerms#SUPERBBB","img":"https://st.redbus.in/images/offers/superhit_rav/1_1.png","offerDesc":"Book NOw!","offerPlatform":"Save upto Rs 300 on AP and TS route","offerCode":" Use Code SUPERBBB","expLocalDate":null,"offerType":null,"offerText":null,"conditionsText":null,"knowMore":null,"IsGeoOffer":null,"TileDescription":null,"WebdirectUrl":null,"Title":null,"ThumbnailUrl":null,"ValidityStartDateLocal":null,"ValidityEndDateLocal":null},{"link":"https://www.redbus.in/info/OfferTerms#UPSRTC","img":"https://st.redbus.in/Images/INDOFFER/UPSRTC/247X147.png","offerDesc":"Save 25% up to Rs 100 on SBSTC bus tickets.","offerPlatform":"Use code UPSRTC","offerCode":"Use Code UPSRTC","expLocalDate":null,"offerType":null,"offerText":null,"conditionsText":null,"knowMore":null,"IsGeoOffer":null,"TileDescription":null,"WebdirectUrl":null,"Title":null,"ThumbnailUrl":null,"ValidityStartDateLocal":null,"ValidityEndDateLocal":null}];
     var sourcePop= null;
     var destPop= null;
     var pkgurl = "https://www.redbus.in/packages";
     var pkgurlseo = "https://www.redbus.in/";
     var baStart='8';
     var baEnd='30';
     var brEnd='7'; 
     var isSeatAssuranceEnabled='False';
     var recentBookConfig=false;
     var resumeBookConfig=false;
     var repeatBookingConfig=false;
     var isSEA='False';
     var isBookAgnRtn = false;
     var phoneRegex= {"51":"/^(9)[0-9]{8}$/","57":"/^(350|3[0-4][0-9])[0-9]{7}$/","60":"/^((?!(0))[0-9]{9})$|^((?!(60))(?!(65))[0-9]{10})$|^((?!(60))(?!(65))[0-9]{11})$|^[0][0-9]{12}$/","62":"/^(08|8)[0-9]{8,11}$/","65":"/^[0-9]{8}$/","91":"/^[6-9][0-9]{9}$/","default":"/^[0-9]{8,15}$/"};
     var timeDelay = 5000;     
      if(timeDelay == null || timeDelay == "" || timeDelay <= 0){
        timeDelay = 5000;
      }
     var countDownObj =  {"showCountDown":false,"startTime":"May 16, 2019 00:00:01","endTime":"May 16, 2019 23:59:59","showDays":false,"saleEndsLbl":"SALE ENDS IN","hrsLbl":"HH","daysLbl":"DD","minLbl":"MM","secsLbl":"SS"};
     var checkParentBPDPLocation= true;
     var isSeoSrpFeatureEnabled = true;
     var IsRDCPopupEnabled = false;
     var IS_SAFETY_PLUS_ENABLED = true;
     var showStrippedNames = false;
     var IS_SAFETY_PLUS_TILE_ENABLED = false;
     var safetyPlusTile = {"title":"Safety+ Program","image":"https://s3.rdbuz.com/Images/webplatform/measures/safetyplus.svg","msg":"A unique certification program to ensure safety in all buses.","btnLabel":"Know More","btnUrl":"/SafetyPlus"};
     var isSolrIconDisabled = false;
     var IS_GEO_REDIRECTION_ENABLED = false;
     var geoUrls = null;
     var geoSeoSrpDisabled = null;
     var IS_TPP_TILE_ENABLED = false;
     var tppTile = null;
     var geoSeoSrpRouteUrl = null;
     var seoSrpRouteUrl = null;
     var countryBasedSearch = false;
     var adData = {"contextId":"QlVTI0hPTUVQQUdFI01JRERMRQ==","adFallbackImage":"https://s3.rdbuz.com/Images/99/webreferal.png","adFallbackLink":"https://m.redbus.in/refer?portal=true"};
     var tnCAcceptanceLabels = null;
     var layoutConfig = {"disableAppendLanguage":false,"enableLoadLayoutBundle":false,"disableMoeEngage":false,"enableDebugBear":true,"disableLoadJQueryForHome":true,"disableJqueryForSrp":true,"enableWebVitals":false,"IsSearchPageCached":true,"enableClientLangChange":false,"alphaRegex":null,"alphaCityRegex":null,"alphaNumericRegex":null,"payAtBusText":null,"enableUIR":false,"streaksConfig":{"pendingContainer":"https://st.redbus.in/Images/tripreward/pendingTripContainer.png","completedContainer":"https://st.redbus.in/Images/tripreward/completedcontainer.png","freeTicketImg":"https://s3.rdbuz.com/Images/tripreward/FreeTicketWithoutLock.svg","lockimg":"https://st.redbus.in/Images/tripreward/lock.png","lockText":"Free Ticket","bookBefore":"Book and travel before ","bookAfter":"Book after ","hexagonImg":"https://s3.rdbuz.com/Images/tripreward/hexagon.png","pendingText":"Pending","rewardLockImg":"https://s3.rdbuz.com/Images/tripreward/FreeTicketWithLock.svg","hiwText":"How does this work?","tripsummary":"Trip Summary","freeTicKetunlock":"Free ticket unlocked","cliamAfter":"Claim after ","travelBefore":" and travel before ","take":"Take ","moreTripsWith":" more trips with ","before":" before ","getWorth":" & Get a free ticket worth up to ₹","freeTicket":"You have 1 free Ticket","bookTravelBefore":"Book & travel Before ","tripsWith":" trips with ","getFreeTicket":" to get this ticket for free","getFreeWorth":" to get free ticket worth up to ₹","freeWorth":"Free ticket worth ₹","available":" available","keyPointsRemember":"Key points to remember","boheadText":"Bus operators in tripReward","tripLogo":"https://s3.rdbuz.com/Images/tripreward/trfulllogo.png","popGif":"https://st.redbus.in/Images/tripreward/homeconfetti.gif","unLocktext":"Unlock your chance to win a Free Ticket with ","triprewardImg":"https://s3.rdbuz.com/Images/tripreward/tripReward.svg"},"shortDays":null,"shortMonths":null,"keepFooterConsistentAcrossFunnell":false,"currencyChange":null,"signUpOtpMessageUI":null,"signInOtpMessageUI":null,"IS_SEO_DIRECTORY_URL_ENABLED":false,"IS_NEW_HEADER_FOOTER_ENABLED":true,"IS_HOME_V2_ENABLED":true,"IS_SEA_COUNTRY":true,"IS_SERVER_ENV":true,"enableAPMClient":false,"enableClientABSetup":true,"multipleAbData":[{"expiry":21.0,"originalTraffic":0.0,"bucketTraffic":[0.33,0.33,0.33],"cookieName":"reddealBoostAB","abValue":null,"page":"HOME","cookiePrefix":null},{"expiry":21.0,"originalTraffic":0.0,"bucketTraffic":[0.0,0.0,1.0],"cookieName":"rtcInline","abValue":null,"page":"SEARCH","cookiePrefix":null},{"expiry":21.0,"originalTraffic":0.0,"bucketTraffic":[0.33,0.33,0.33],"cookieName":"dynamic_custinfo","abValue":null,"page":"SEARCH","cookiePrefix":null},{"expiry":21.0,"originalTraffic":0.5,"bucketTraffic":[0.5],"cookieName":"uirAB_WEB","abValue":null,"page":"home","cookiePrefix":null}],"abExpSync":["reddealBoostAB","rtcInline","dynamic_custinfo"],"isPackageRedirectFromChannel":false,"pkgurl":null,"pkgurlseo":null,"enableABSetup":true,"abData":{"expiry":21.0,"originalTraffic":0.0,"bucketTraffic":[0.0,0.0,1.0],"cookieName":"homeV2","abValue":null,"page":null,"cookiePrefix":null},"LoggingEnabledChannelUrls":null,"IS_ERROR_EVENT":false,"IsRDCPopupEnabled":false,"IS_FERRY_CLTD_ENABLED":false,"dynamicCustInfoAvailable":true,"enableSolrStateName":true,"enableTnCAcceptance":false,"tnCAcceptanceLabels":null,"recaptchaSiteKey":"6Lclx6UZAAAAAAJPzjIzuni5BEHrRGUzU9Rz87HS","footerOtherServiceShowBelow":true,"IS_VALID_HEADER_TRAINING_DISABLED":false,"IS_OTP_FRAUD_CHECK_ENABLED":false,"showRDCHome":false,"IS_COMMA_ENABLED":false,"branchKey":"key_live_pmMiKmugKG0cjSWqKr00jdfdwFhW20M0","mriSessionIdTimeout":500,"mriClientTimeout":0,"useMri":true,"enableCookieConsent":false,"enableCltdPopup":false,"enableBrowserFP":true,"country":null,"IS_GFT_V2_ENABLED":false,"redbusLogoImage":null,"nonDefaultLang":null,"isSOLRIconDisabled":false,"searchDownPanel":null,"IS_SEO_BUS_DETAILS_ENABLED":false,"IS_AB_EXPERIMENT_ENABLED":true,"busDetailsPageConfig":null,"IS_DYNAMIC_SEAT_BLOCKING_FEATURE_ENABLED":true,"SECURE_COOKIE":true,"IS_ALLOW_LADY_NEXT_TO_MALE_FEATURE_ENABLED":false,"IS_ROUND_TRIP_DISABLED":true,"dynamicContent":{"IS_SRP_TUPLE_ENABLED":true,"IS_SEAT_LAYOUT_ENABLED":true,"IS_CUST_INFO_ENABLED":true,"IS_THANK_YOU_ENABLED":true,"srpTupleLbl":"","seatLayoutLbl":"","custInfoLbl":"","thankyouLbl":""},"IS_PRE_REGISTER_ENABLED":true,"IS_SAFETY_PLUS_ENABLED":true,"IS_NEW_CANCELLATION_ENABLED":true,"IS_NEW_CONTEXTUAL_LOGIN_ENABLED":true,"IS_CO_TRAVELLERS_ENABLED":false,"IS_SET_CO_TRAVELLER_API_DISABLED":false,"isBoardingPassEnabled":false,"boardingPass":null,"tripleFive":{"introLbl":"INTRODUCING","tripleFiveLbl":"Primo","busExLbl":"The Smart Choice","busExLbl2":"for the best bus experience.","subHeadFirstLbl":"Look for buses with","subHeadLastLbl":"tag while booking your journey","subHeadFirstLbl_new":"Look for the tag","subHeadLastLbl_new":"while booking","popupLeadText":"Rising Stars on redBus","tripleFiveLbl1":"On time","tripleFiveInfo1":"Punctual arrivals on 95% trips","tripleFiveLbl2":"Friendly Staff","tripleFiveInfo2":"Always ready to help","tripleFiveLbl3":"Top Rated","tripleFiveInfo3":"Buses with 4+ star rating","ownerText":"(Owner)","primoS3BaseUrl":"https://s3.rdbuz.com/Images/webplatform/india/primo","opeartorImgBaseUrl":"https://s3.rdbuz.com/Images/operatorImages/","operatorImgType":".png"},"milestoneProgram":null,"IsAdsbyGoogleEnabled":false,"IsMRIUxCaptureEnabled":true,"MRI_CLIENT_BASEURL":"https://mriclient.redbus.com/mri/push-to-kafka","MRI_ENVIRONMENT":"prod","captureIpriceEnabled":false,"IsRiskifiedEnabled":true,"enableCAPIErrMsg":true,"IsKibanaEnabled":false,"IsUnAuthKibanaEnabled":true,"isHeroFeatureSEA_LATAM":false,"Header":{"PageName":"HOME","logo":{"src":"/images/home/sgp/layout_logo.png","title":"redBus.in India's #1 Bus Booking Site","alt":"redBus.in","link":"/"},"rdcLogin":null,"products":[{"classlbl":"selectedBus site-links","link":"https://www.redbus.in/","label":"<style>.rest .promotions-wrap{margin-left:44px;margin-top:-96px;}.cntEnd,.timName{color:#fff}.countInfo .position {height: 1.23em;}.bpdpcoach-block.coach-remove{pointer-events: none;}</style>BUS TICKETS","title":"redBus"},{"classlbl":"site-links redRail","link":"https://www.redbus.in/railways","label":"redRail","title":"redRail"}],"helpText":"Need Help?","helpNo":["+65-31582888"],"helpEmailId":"support@redbus.sg","helpNoText":"Call Us at: ","howtoOrderText":"","helpEmailText":"Email to: ","PrintSMS":"Print/SMS Ticket","PrintSMSHref":"/Home/PrintTicket","helpHref":"/info/redcare","helpLbl":"Help","busTicketOnline":null,"busTicketOnlineLink":null,"lblCallUsAt":"Call Us At","imgCallUsAt":"https://s3.rdbuz.com/Web/Images/call_new.png","lblCallUsAtHelp":"HOW CAN WE HELP YOU?","lblCancel":"Cancel / Track Refund","lblWriteToUs":"Write To Us","imgWriteToUs":"https://s3.rdbuz.com/Web/Images/write.png","lnkHowToPay":null,"lblHowToPay":null,"countryDropDown":[{"value":"MYS","label":"Malaysia","link":"https://stage.redbus.my"},{"value":"SGP","label":"Singapore","link":"https://stage.redbus.sg"},{"value":"IDN","label":"Indonesia","link":"https://stage.redbus.id"}],"languageDropDown":[{"value":"en","label":"English"}],"currencyDropDown":[{"value":"INR","label":"INR","country":"Indian Rupee","headerDispValue":null,"symbol":null}],"cancellationDropDown":[{"value":"/Cancellation","label":"Bus"},{"value":"/hotels/cancellation","label":"Hotels"}],"geoLocationDropDown":[{"label":"Karnataka","state":"KA"},{"label":"Karnataka","state":"KA"},{"label":"West Bengal","state":"WB"},{"label":"West Bengal","state":"WB"},{"label":"Assam","state":"AS"},{"label":"Gujarat","state":"GJ"},{"label":"Uttar Pradesh","state":"UP"},{"label":"Maharashtra","state":"MH"},{"label":"Maharashtra","state":"MH"},{"label":"Telangana","state":"TG"},{"label":"Andhra Pradesh","state":"AP"},{"label":"Others","state":"DEFAULT"}],"ManageBooking":{"manageBookingHeader":"Manage Booking","busMBHeader":"Bus Tickets","hotelMBheader":"Hotels Tickets","busManageBooking":{"Cancel":"/Cancellation","Change Travel Date":"/Reschedule","Show My Ticket":"/Home/PrintTicket","Email/SMS":"/Home/SmsAndEmailTicket"},"hotelManageBooking":null},"IsUserSignedIn":false,"isLanguageFlag":false,"rdcLogo":null,"showBubble":false,"currencySelectedLbl":null,"currencyChangeLbl":null,"headerActiveLinks":[{"Feature":"IsPersonalization","value":true},{"Feature":"IsLanguageDD","value":false},{"Feature":"IsCurrencyDD","value":false},{"Feature":"IsPrintSMS","value":false},{"Feature":"IsNeedHelp","value":false},{"Feature":"IsCallUs","value":false},{"Feature":"IsWriteToUs","value":false},{"Feature":"IsCancellation","value":false},{"Feature":"IsGeoLocation","value":false},{"Feature":"IsHowToOrder","value":false},{"Feature":"IsHowToPay","value":false},{"Feature":"IsRedbusPartner","value":false},{"Feature":"IsReschedule","value":false},{"Feature":"IsExtPromLink","value":false},{"Feature":"IsHelp","value":true}],"personalization":[{"id":"mt","displayName":"My Trips","link":"myprofile#trips"},{"id":"wc","displayName":"Wallets/Cards","link":"myprofile#wallet"},{"id":"mp","displayName":"My Profile","link":"myprofile"},{"id":"cp","displayName":"Change Password","link":"myprofile#updatePassword"},{"id":"wh","displayName":"Wallet","link":"myprofile#walletHistory"},{"id":"so","displayName":"Sign Out","link":""},{"id":"so","displayName":"Sign Out From All Devices","link":""},{"id":"si","displayName":"Sign In/Sign Up","link":""}],"IsRBWalletFeatureEnabled":true,"IsPasswordExists":false,"partnerLogo":null,"IsSupportDropDown":false,"lblDDSupport":"redBus Support","WalletBalance":{"BalanceText":"Wallet Balance","CurrencyLabel":null,"AbsolutePathList":["/","/SEARCH"],"IsTruncateBalance":true},"lblRedbusPartner":null,"lblReschedule":"Reschedule","linkRedbusPartner":null,"lblCharterBuses":null,"linkCharterBuses":null,"expMins":1770.0,"DefaultLangCheck":null,"sameCountryCheck":null,"autoCurrencySelect":null,"autoLangSelect":null,"flagstoLanguage":null,"isHelpWidthAdjust":false,"lblExtProm":null,"lblExtPromLink":null,"lblPromationLbl":null,"lblPromationLink":null,"corporateRedbusLbl":null,"corporateRedbusLink":null,"isChangePasswordDisabled":false,"ferryTicketOnline":null,"ferryTicketOnlineLink":null,"newIndicator":null,"percentOffIndicator":null,"showRDCHome":false,"activitiesOnlineLink":null,"activitiesOnline":null},"HeaderV2":{"redBusLogoWebp":"https://s3.rdbuz.com/Images/rdc/rdc-redbus-logo.webp","redBusLogo":"https://s3.rdbuz.com/Images/rdc/rdc-redbus-logo.svg","verticals":[{"imgUrl":"https://s3.rdbuz.com/Images/rdc/rdc-redbus-logo.svg","key":"bus_tickets_vertical","displayName":"Bus Tickets","redirectUrl":"https://www.redbus.in/bus-tickets","isDisabled":false,"altName":"Online Bus Tickets Booking","titleName":"Online Bus Tickets Booking","newTag":null,"isActive":true},{"imgUrl":"https://s3.rdbuz.com/web/images/layout/rail_vertical.svg","key":"rail_tickets_vertical","displayName":"Train Tickets","redirectUrl":"https://www.redbus.in/railways","isDisabled":false,"altName":"Online Train Tickets Booking","titleName":"Online Train Tickets Booking","newTag":"₹80 off","isActive":false}],"secondaryItems":[{"iconClass":"icon-help_new","key":"help_redcare","displayName":"Help","isRedirectOnClick":true,"redirectUrl":"/info/redcare","isDropdownTickNeeded":false,"isShowOnlyOnLoggedIn":false,"isShowOnlyOnLoggedOut":false,"isDisabled":false,"subMenuItems":null},{"iconClass":"icon-language","key":"language_change","displayName":"Language","isRedirectOnClick":false,"redirectUrl":null,"isDropdownTickNeeded":true,"isShowOnlyOnLoggedIn":false,"isShowOnlyOnLoggedOut":false,"isDisabled":true,"subMenuItems":[{"subName":null,"displayName":"English","headerDispValue":null,"key":"en","redirectUrl":null,"isSeperatorNeededAfter":false},{"subName":null,"displayName":"हिंदी (Hindi)","headerDispValue":null,"key":"hi","redirectUrl":null,"isSeperatorNeededAfter":false}]},{"iconClass":"icon-user_profile_new","key":"account_dd","displayName":"Account","isRedirectOnClick":false,"redirectUrl":null,"isDropdownTickNeeded":false,"isShowOnlyOnLoggedIn":false,"isShowOnlyOnLoggedOut":true,"isDisabled":false,"subMenuItems":[{"subName":null,"displayName":"Cancel Ticket","headerDispValue":null,"key":"cancel_ticket","redirectUrl":"/Cancellation","isSeperatorNeededAfter":false},{"subName":null,"displayName":"Change Travel Date","headerDispValue":null,"key":"reschedule_ticket","redirectUrl":"/Reschedule","isSeperatorNeededAfter":false},{"subName":null,"displayName":"Show My Ticket","headerDispValue":null,"key":"ticket_details","redirectUrl":"/Home/PrintTicket","isSeperatorNeededAfter":false},{"subName":null,"displayName":"Email/SMS","headerDispValue":null,"key":"smsandemail_ticket","redirectUrl":"/Home/SmsAndEmailTicket","isSeperatorNeededAfter":true},{"subName":null,"displayName":"Login/ Sign Up","headerDispValue":null,"key":"user_sign_in_sign_up","redirectUrl":null,"isSeperatorNeededAfter":false}]},{"iconClass":"icon-user_profile_new","key":"account_dd","displayName":"My Account","isRedirectOnClick":false,"redirectUrl":null,"isDropdownTickNeeded":false,"isShowOnlyOnLoggedIn":true,"isShowOnlyOnLoggedOut":false,"isDisabled":false,"subMenuItems":[{"subName":null,"displayName":"Cancel Ticket","headerDispValue":null,"key":"cancel_ticket","redirectUrl":"/Cancellation","isSeperatorNeededAfter":false},{"subName":null,"displayName":"Change Travel Date","headerDispValue":null,"key":"reschedule_ticket","redirectUrl":"/Reschedule","isSeperatorNeededAfter":false},{"subName":null,"displayName":"Show My Ticket","headerDispValue":null,"key":"ticket_details","redirectUrl":"/Home/PrintTicket","isSeperatorNeededAfter":false},{"subName":null,"displayName":"Email/SMS","headerDispValue":null,"key":"smsandemail_ticket","redirectUrl":"/Home/SmsAndEmailTicket","isSeperatorNeededAfter":true},{"subName":null,"displayName":"My Profile","headerDispValue":null,"key":"profile_detail","redirectUrl":"/myprofile","isSeperatorNeededAfter":false},{"subName":null,"displayName":"My Trips","headerDispValue":null,"key":"profile_trips","redirectUrl":"/myprofile#trips","isSeperatorNeededAfter":false},{"subName":null,"displayName":"Cards","headerDispValue":null,"key":"profile_wallets_cards","redirectUrl":"/myprofile#wallet","isSeperatorNeededAfter":false},{"subName":null,"displayName":"Wallet","headerDispValue":null,"key":"profile_wallet","redirectUrl":"/myprofile#wallet","isSeperatorNeededAfter":true},{"subName":null,"displayName":"Sign Out","headerDispValue":null,"key":"user_sign_out","redirectUrl":null,"isSeperatorNeededAfter":false},{"subName":null,"displayName":"Sign Out from All Devices","headerDispValue":null,"key":"user_sign_out_all_device","redirectUrl":null,"isSeperatorNeededAfter":false}]}],"IsUserLoggedIn":false,"IsHeaderHeightSmall":false,"showVerticalsInFunnel":false},"hardClearCookie":true,"Footer":{"footerLinkHeadType":null,"SeoFooterLinks":[{"uiComponentId":"C_155","content":{"heading":"Popular Bus Routes","body":null,"subHeading":null,"var1":null,"var2":null,"var3":null,"label1":null,"value1":null,"label2":null,"value2":null,"label3":null,"value3":null,"imageUrl":null,"faqList":null,"dataList":[{"url":"https://www.redbus.in/bus-tickets/delhi-to-manali","name":"Delhi To Manali Bus","tooltip":null,"customAttributes":null,"isMoreLink":false},{"url":"https://www.redbus.in/bus-tickets/delhi-to-rishikesh","name":"Delhi To Rishikesh Bus","tooltip":null,"customAttributes":null,"isMoreLink":false},{"url":"https://www.redbus.in/bus-tickets/delhi-to-shimla","name":"Delhi To Shimla Bus","tooltip":null,"customAttributes":null,"isMoreLink":false},{"url":"https://www.redbus.in/bus-tickets/delhi-to-nainital","name":"Delhi To Nainital Bus","tooltip":null,"customAttributes":null,"isMoreLink":false},{"url":"https://www.redbus.in/bus-tickets/delhi-to-katra","name":"Delhi To Katra Bus","tooltip":null,"customAttributes":null,"isMoreLink":false},{"url":"https://www.redbus.in/bus-tickets/bangalore-to-goa","name":"Bangalore To Goa Bus","tooltip":null,"customAttributes":null,"isMoreLink":false},{"url":"https://www.redbus.in/bus-tickets/bangalore-to-hyderabad","name":"Bangalore To Hyderabad Bus","tooltip":null,"customAttributes":null,"isMoreLink":false},{"url":"https://www.redbus.in/bus-tickets/bangalore-to-tirupathi","name":"Bangalore To Tirupathi Bus","tooltip":null,"customAttributes":null,"isMoreLink":false},{"url":"https://www.redbus.in/bus-tickets/bangalore-to-chennai","name":"Bangalore To Chennai Bus","tooltip":null,"customAttributes":null,"isMoreLink":false},{"url":"https://www.redbus.in/bus-tickets/bangalore-to-pondicherry","name":"Bangalore To Pondicherry Bus","tooltip":null,"customAttributes":null,"isMoreLink":false},{"url":"https://www.redbus.in/bus-tickets/hyderabad-to-bangalore","name":"Hyderabad To Bangalore Bus","tooltip":null,"customAttributes":null,"isMoreLink":false},{"url":"https://www.redbus.in/bus-tickets/hyderabad-to-goa","name":"Hyderabad To Goa Bus","tooltip":null,"customAttributes":null,"isMoreLink":false},{"url":"https://www.redbus.in/bus-tickets/hyderabad-to-srisailam","name":"Hyderabad To Srisailam Bus","tooltip":null,"customAttributes":null,"isMoreLink":false},{"url":"https://www.redbus.in/bus-tickets/hyderabad-to-vijayawada","name":"Hyderabad To Vijayawada Bus","tooltip":null,"customAttributes":null,"isMoreLink":false},{"url":"https://www.redbus.in/bus-tickets/hyderabad-to-tirupathi","name":"Hyderabad To Tirupathi Bus","tooltip":null,"customAttributes":null,"isMoreLink":false},{"url":"https://www.redbus.in/bus-tickets/pune-to-goa","name":"Pune To Goa Bus","tooltip":null,"customAttributes":null,"isMoreLink":false},{"url":"https://www.redbus.in/bus-tickets/pune-to-mumbai","name":"Pune To Mumbai Bus","tooltip":null,"customAttributes":null,"isMoreLink":false},{"url":"https://www.redbus.in/bus-tickets/pune-to-nagpur","name":"Pune To Nagpur Bus","tooltip":null,"customAttributes":null,"isMoreLink":false},{"url":"https://www.redbus.in/bus-tickets/pune-to-kolhapur-maharashtra","name":"Pune To Kolhapur Bus","tooltip":null,"customAttributes":null,"isMoreLink":false},{"url":"https://www.redbus.in/bus-tickets/pune-to-nashik","name":"Pune To Nashik Bus","tooltip":null,"customAttributes":null,"isMoreLink":false},{"url":"https://www.redbus.in/bus-tickets/mumbai-to-goa","name":"Mumbai To Goa Bus","tooltip":null,"customAttributes":null,"isMoreLink":false},{"url":"https://www.redbus.in/bus-tickets/mumbai-to-pune","name":"Mumbai To Pune Bus","tooltip":null,"customAttributes":null,"isMoreLink":false},{"url":"https://www.redbus.in/bus-tickets/mumbai-to-shirdi","name":"Mumbai To Shirdi Bus","tooltip":null,"customAttributes":null,"isMoreLink":false},{"url":"https://www.redbus.in/bus-tickets/mumbai-to-mahabaleshwar","name":"Mumbai To Mahabaleshwar Bus","tooltip":null,"customAttributes":null,"isMoreLink":false},{"url":"https://www.redbus.in/bus-tickets/mumbai-to-kolhapur-maharashtra","name":"Mumbai To Kolhapur Bus","tooltip":null,"customAttributes":null,"isMoreLink":false},{"url":"https://www.redbus.in/bus-tickets/kolkata-to-digha","name":"Kolkata To Digha Bus","tooltip":null,"customAttributes":null,"isMoreLink":false},{"url":"https://www.redbus.in/bus-tickets/kolkata-to-siliguri","name":"Kolkata To Siliguri Bus","tooltip":null,"customAttributes":null,"isMoreLink":false},{"url":"https://www.redbus.in/bus-tickets/kolkata-to-puri","name":"Kolkata To Puri Bus","tooltip":null,"customAttributes":null,"isMoreLink":false},{"url":"https://www.redbus.in/bus-tickets/kolkata-to-bakkhali","name":"Kolkata To Bakkhali Bus","tooltip":null,"customAttributes":null,"isMoreLink":false},{"url":"https://www.redbus.in/bus-tickets/kolkata-to-mandarmani","name":"Kolkata To Mandarmani Bus","tooltip":null,"customAttributes":null,"isMoreLink":false},{"url":"https://www.redbus.in/bus-tickets/chennai-to-bangalore","name":"Chennai To Bangalore Bus","tooltip":null,"customAttributes":null,"isMoreLink":false},{"url":"https://www.redbus.in/bus-tickets/chennai-to-pondicherry","name":"Chennai To Pondicherry Bus","tooltip":null,"customAttributes":null,"isMoreLink":false},{"url":"https://www.redbus.in/bus-tickets/chennai-to-coimbatore","name":"Chennai To Coimbatore Bus","tooltip":null,"customAttributes":null,"isMoreLink":false},{"url":"https://www.redbus.in/bus-tickets/chennai-to-madurai","name":"Chennai To Madurai Bus","tooltip":null,"customAttributes":null,"isMoreLink":false},{"url":"https://www.redbus.in/bus-tickets/chennai-to-tirupathi","name":"Chennai To Tirupathi Bus","tooltip":null,"customAttributes":null,"isMoreLink":false},{"url":"https://www.redbus.in/bus-tickets/chandigarh-to-manali","name":"Chandigarh To Manali Bus","tooltip":null,"customAttributes":null,"isMoreLink":false},{"url":"https://www.redbus.in/bus-tickets/chandigarh-to-shimla","name":"Chandigarh To Shimla Bus","tooltip":null,"customAttributes":null,"isMoreLink":false},{"url":"https://www.redbus.in/bus-tickets/chandigarh-to-delhi","name":"Chandigarh To Delhi Bus","tooltip":null,"customAttributes":null,"isMoreLink":false},{"url":"https://www.redbus.in/bus-tickets/chandigarh-to-dehradun","name":"Chandigarh To Dehradun Bus","tooltip":null,"customAttributes":null,"isMoreLink":false},{"url":"https://www.redbus.in/bus-tickets/chandigarh-to-amritsar","name":"Chandigarh To Amritsar Bus","tooltip":null,"customAttributes":null,"isMoreLink":false},{"url":"https://www.redbus.in/bus-tickets/coimbatore-to-chennai","name":"Coimbatore To Chennai Bus","tooltip":null,"customAttributes":null,"isMoreLink":false},{"url":"https://www.redbus.in/bus-tickets/coimbatore-to-bangalore","name":"Coimbatore To Bangalore Bus","tooltip":null,"customAttributes":null,"isMoreLink":false},{"url":"https://www.redbus.in/bus-tickets/coimbatore-to-ooty","name":"Coimbatore To Ooty Bus","tooltip":null,"customAttributes":null,"isMoreLink":false},{"url":"https://www.redbus.in/bus-tickets/coimbatore-to-tiruchendur","name":"Coimbatore To Tiruchendur Bus","tooltip":null,"customAttributes":null,"isMoreLink":false},{"url":"https://www.redbus.in/bus-tickets/coimbatore-to-madurai","name":"Coimbatore To Madurai Bus","tooltip":null,"customAttributes":null,"isMoreLink":false},{"url":"https://www.redbus.in/bus-tickets/agra-to-bareilly","name":"Agra to Bareilly Bus","tooltip":null,"customAttributes":null,"isMoreLink":false},{"url":"https://www.redbus.in/bus-tickets/hisar-to-chandigarh","name":"Hisar to Chandigarh Bus","tooltip":null,"customAttributes":null,"isMoreLink":false},{"url":"https://www.redbus.in/bus-tickets/hisar-to-delhi","name":"Hisar to Delhi Bus ","tooltip":null,"customAttributes":null,"isMoreLink":false},{"url":"https://www.redbus.in/bus-tickets/lucknow-to-ballia","name":"Lucknow to Ballia Bus","tooltip":null,"customAttributes":null,"isMoreLink":false},{"url":"https://www.redbus.in/bus-tickets/lucknow-to-moradabad","name":"Lucknow to Moradabad Bus","tooltip":null,"customAttributes":null,"isMoreLink":false},{"url":"https://www.redbus.in/bus-tickets/rajkot-to-dwarka","name":"Rajkot to Dwarka Bus","tooltip":null,"customAttributes":null,"isMoreLink":false},{"url":"https://www.redbus.in/bus-tickets/siliguri-to-gangtok","name":"Siliguri to Gangtok Bus","tooltip":null,"customAttributes":null,"isMoreLink":false},{"url":"https://www.redbus.in/bus-tickets/ahmedabad-to-goa","name":"Ahmedabad to Goa Bus","tooltip":null,"customAttributes":null,"isMoreLink":false},{"url":"https://www.redbus.in/bus-tickets/ahmedabad-to-kanpur","name":"Ahmedabad to Kanpur Bus","tooltip":null,"customAttributes":null,"isMoreLink":false},{"url":"https://www.redbus.in/bus-tickets/akola-to-pune","name":"Akola to Pune Bus","tooltip":null,"customAttributes":null,"isMoreLink":false}]},"headerType":"h3"},{"uiComponentId":"C_155","content":{"heading":"Popular Cities","body":null,"subHeading":null,"var1":null,"var2":null,"var3":null,"label1":null,"value1":null,"label2":null,"value2":null,"label3":null,"value3":null,"imageUrl":null,"faqList":null,"dataList":[{"url":"buses/hyderabad-bus-tickets","name":"Hyderabad Bus Ticket Booking","tooltip":null,"customAttributes":null,"isMoreLink":false},{"url":"buses/bangalore-bus-tickets","name":"Bangalore Bus Ticket Booking","tooltip":null,"customAttributes":null,"isMoreLink":false},{"url":"buses/chennai-bus-tickets","name":"Chennai Bus Ticket Booking","tooltip":null,"customAttributes":null,"isMoreLink":false},{"url":"buses/pune-bus-tickets","name":"Pune Bus Tickets Booking","tooltip":null,"customAttributes":null,"isMoreLink":false},{"url":"buses/delhi-bus-tickets","name":"Delhi Bus Ticket Booking","tooltip":null,"customAttributes":null,"isMoreLink":false},{"url":"buses/mumbai-bus-tickets","name":"Mumbai Bus Ticket Booking","tooltip":null,"customAttributes":null,"isMoreLink":false},{"url":"buses/kolkata-bus-tickets","name":"Kolkata Bus Ticket Booking","tooltip":null,"customAttributes":null,"isMoreLink":false},{"url":"buses/ernakulam-bus-tickets","name":"Ernakulam Bus Ticket Booking","tooltip":null,"customAttributes":null,"isMoreLink":false},{"url":"buses/ahmedabad-bus-tickets","name":"Ahmedabad Bus Ticket Booking","tooltip":null,"customAttributes":null,"isMoreLink":false},{"url":"buses/vijayawada-bus-tickets","name":"Vijayawada Bus Ticket Booking","tooltip":null,"customAttributes":null,"isMoreLink":false},{"url":"buses/jaipur-bus-tickets","name":"Jaipur Bus Ticket Booking","tooltip":null,"customAttributes":null,"isMoreLink":false},{"url":"buses/indore-bus-tickets","name":"Indore Bus Ticket Booking","tooltip":null,"customAttributes":null,"isMoreLink":false},{"url":"buses/lucknow-bus-tickets","name":"Lucknow Bus Ticket Booking","tooltip":null,"customAttributes":null,"isMoreLink":false},{"url":"buses/bhopal-bus-tickets","name":"Bhopal Bus Ticket Booking","tooltip":null,"customAttributes":null,"isMoreLink":false}]},"headerType":"h3"},{"uiComponentId":"C_155","content":{"heading":"Popular Bus Operators","body":null,"subHeading":null,"var1":null,"var2":null,"var3":null,"label1":null,"value1":null,"label2":null,"value2":null,"label3":null,"value3":null,"imageUrl":null,"faqList":null,"dataList":[{"url":"https://www.redbus.in/travels/no-1-air-travels","name":"No 1 Air Travels","tooltip":null,"customAttributes":null,"isMoreLink":false},{"url":"https://www.redbus.in/travels/ybm-travels","name":"YBM Travels","tooltip":null,"customAttributes":null,"isMoreLink":false},{"url":"https://www.redbus.in/travels/sri-sms-travels","name":"Sri SMS Travels","tooltip":null,"customAttributes":null,"isMoreLink":false},{"url":"https://www.redbus.in/travels/svkdt-travels","name":"Svkdt Travels","tooltip":null,"customAttributes":null,"isMoreLink":false},{"url":"https://www.redbus.in/travels/rkt-tours-and-travels","name":"RKT Tours and Travels","tooltip":null,"customAttributes":null,"isMoreLink":false},{"url":"https://www.redbus.in/travels/royal-cars","name":"Royal Cars","tooltip":null,"customAttributes":null,"isMoreLink":false},{"url":"https://www.redbus.in/travels/rahul-travels","name":"Rahul Travels","tooltip":null,"customAttributes":null,"isMoreLink":false},{"url":"https://www.redbus.in/travels/jbt-travels","name":"JBT Travels","tooltip":null,"customAttributes":null,"isMoreLink":false},{"url":"https://www.redbus.in/travels/raj-express-1","name":"Raj Express","tooltip":null,"customAttributes":null,"isMoreLink":false},{"url":"https://www.redbus.in/travels/vaishali-express","name":"Vaishali Express","tooltip":null,"customAttributes":null,"isMoreLink":false},{"url":"https://www.redbus.in/travels/rahul-travels-indore","name":"Rahul Travels Indore","tooltip":null,"customAttributes":null,"isMoreLink":false},{"url":"https://www.redbus.in/travels/delhi-tours-and-travels","name":"Delhi Tours And Travels","tooltip":null,"customAttributes":null,"isMoreLink":false},{"url":"https://www.redbus.in/travels/ashok-travels-delhi","name":"Ashok Travels","tooltip":null,"customAttributes":null,"isMoreLink":false},{"url":"https://www.redbus.in/travels/greenline","name":"Greenline Travels","tooltip":null,"customAttributes":null,"isMoreLink":false},{"url":"https://www.redbus.in/travels/pawan-travels-balaghat","name":"Pawan Travels","tooltip":null,"customAttributes":null,"isMoreLink":false},{"url":"https://www.redbus.in/travels/ravi-travels","name":"Ravi Travels","tooltip":null,"customAttributes":null,"isMoreLink":false},{"url":"https://www.redbus.in/travels/vrl-travels","name":"VRL Travels","tooltip":null,"customAttributes":null,"isMoreLink":false},{"url":"https://www.redbus.in/travels/dolphin-travel-house","name":"Dolphin Travels","tooltip":null,"customAttributes":null,"isMoreLink":false},{"url":"https://www.redbus.in/travels/ganesh-travels","name":"Ganesh Travels","tooltip":null,"customAttributes":null,"isMoreLink":false},{"url":"https://www.redbus.in/travels/kaveri-kamakshi-travels","name":"Kaveri Travels","tooltip":null,"customAttributes":null,"isMoreLink":false},{"url":"https://www.redbus.in/travels/national-travels-national","name":"National Travels","tooltip":null,"customAttributes":null,"isMoreLink":false},{"url":"https://www.redbus.in/travels/bharathi-travels-bharathi","name":"Bharathi Travels","tooltip":null,"customAttributes":null,"isMoreLink":false},{"url":"https://www.redbus.in/travels/city-land-travels","name":"City Land Travels","tooltip":null,"customAttributes":null,"isMoreLink":false},{"url":"https://www.redbus.in/travels/citylink-travels","name":"Citylink Travels","tooltip":null,"customAttributes":null,"isMoreLink":false},{"url":"https://www.redbus.in/travels/kkaveri-travels","name":"KKaveri Travels","tooltip":null,"customAttributes":null,"isMoreLink":false},{"url":"https://www.redbus.in/travels/kk-travels","name":"KK Travels","tooltip":null,"customAttributes":null,"isMoreLink":false},{"url":"https://www.redbus.in/travels/mahadev-travels-online","name":"Mahadev Travels","tooltip":null,"customAttributes":null,"isMoreLink":false},{"url":"https://www.redbus.in/travels/maharaja-travels-1","name":"Maharaja Travels","tooltip":null,"customAttributes":null,"isMoreLink":false},{"url":"https://www.redbus.in/travels/m-r-travels","name":"M R Travels","tooltip":null,"customAttributes":null,"isMoreLink":false},{"url":"https://www.redbus.in/travels/new-payal-travels","name":"New Payal Travels","tooltip":null,"customAttributes":null,"isMoreLink":false},{"url":"https://www.redbus.in/travels/paras-travels","name":"Paras Travels","tooltip":null,"customAttributes":null,"isMoreLink":false},{"url":"https://www.redbus.in/travels/parshwanath-travels-parshwanath-ahmedabad","name":"Shree Parshwanath Travels","tooltip":null,"customAttributes":null,"isMoreLink":false},{"url":"https://www.redbus.in/travels/payal-travels","name":"Payal Travels","tooltip":null,"customAttributes":null,"isMoreLink":false},{"url":"https://www.redbus.in/travels/rk-travels","name":"R K Travels","tooltip":null,"customAttributes":null,"isMoreLink":false},{"url":"https://www.redbus.in/travels/shivam-travels","name":"Shivam Travels","tooltip":null,"customAttributes":null,"isMoreLink":false},{"url":"https://www.redbus.in/travels/shree-mahaveer-travels-9721","name":"Shree Mahaveer Travels","tooltip":null,"customAttributes":null,"isMoreLink":false},{"url":"https://www.redbus.in/travels/srs-travels-srs","name":"SRS Travels","tooltip":null,"customAttributes":null,"isMoreLink":false},{"url":"https://www.redbus.in/travels/tulsi-travels","name":"Tulsi Travels","tooltip":null,"customAttributes":null,"isMoreLink":false},{"url":"https://www.redbus.in/travels/vaibhav-travels-10044","name":"Vaibhav Travels","tooltip":null,"customAttributes":null,"isMoreLink":false},{"url":"https://www.redbus.in/travels/vikas-travels-jaipur","name":"Vikas Travels","tooltip":null,"customAttributes":null,"isMoreLink":false},{"url":"https://www.redbus.in/travels/amarnath-travels-9984","name":"Amarnath Travels","tooltip":null,"customAttributes":null,"isMoreLink":false},{"url":"https://www.redbus.in/travels/anand-travel","name":"Anand Travels","tooltip":null,"customAttributes":null,"isMoreLink":false},{"url":"https://www.redbus.in/travels/ashapura-travels","name":"Ashapura Travels","tooltip":null,"customAttributes":null,"isMoreLink":false},{"url":"https://www.redbus.in/travels/ashok-bus-service","name":"Ashok Bus Service","tooltip":null,"customAttributes":null,"isMoreLink":false},{"url":"https://www.redbus.in/travels/ashoka-travels","name":"Ashoka Travels","tooltip":null,"customAttributes":null,"isMoreLink":false}]},"headerType":"h3"}],"seoLinks":[{"header":"Top Bus Routes","subLinks":[{"label":"Hyderabad to Bangalore Bus","link":"/bus-tickets/hyderabad-to-bangalore","tooltip":"Hyderabad to Bangalore Bus","id":null,"imgUrl":null,"isMoreLink":false,"customAttributes":null},{"label":"Bangalore to Chennai Bus","link":"/bus-tickets/bangalore-to-chennai","tooltip":"Bangalore to Chennai Bus","id":null,"imgUrl":null,"isMoreLink":false,"customAttributes":null},{"label":"Pune to Bangalore Bus","link":"/bus-tickets/pune-to-bangalore","tooltip":"Pune to Bangalore Bus","id":null,"imgUrl":null,"isMoreLink":false,"customAttributes":null},{"label":"Mumbai to Bangalore Bus","link":"/bus-tickets/mumbai-to-bangalore","tooltip":"Mumbai to Bangalore Bus","id":null,"imgUrl":null,"isMoreLink":false,"customAttributes":null},{"label":"More >","link":"/bus-tickets/routes-directory","tooltip":"More >","id":null,"imgUrl":null,"isMoreLink":true,"customAttributes":null}]},{"header":"Top Cities","subLinks":[{"label":"Hyderabad Bus Tickets","link":"/buses/hyderabad-bus-tickets","tooltip":"Hyderabad Bus Tickets","id":null,"imgUrl":null,"isMoreLink":false,"customAttributes":null},{"label":"Bangalore Bus Tickets","link":"/buses/bangalore-bus-tickets","tooltip":"Bangalore Bus Tickets","id":null,"imgUrl":null,"isMoreLink":false,"customAttributes":null},{"label":"Chennai Bus Tickets","link":"/buses/chennai-bus-tickets","tooltip":"Chennai Bus Tickets","id":null,"imgUrl":null,"isMoreLink":false,"customAttributes":null},{"label":"Pune Bus Tickets","link":"/buses/pune-bus-tickets","tooltip":"Pune Bus Tickets","id":null,"imgUrl":null,"isMoreLink":false,"customAttributes":null},{"label":"More >","link":"/buses/cities-directory","tooltip":null,"id":null,"imgUrl":null,"isMoreLink":true,"customAttributes":null}]},{"header":"Top RTC's","subLinks":[{"label":"APSRTC","link":"/online-booking/apsrtc","tooltip":"APSRTC","id":null,"imgUrl":null,"isMoreLink":false,"customAttributes":null},{"label":"GSRTC","link":"/online-booking/gsrtc","tooltip":"GSRTC","id":null,"imgUrl":null,"isMoreLink":false,"customAttributes":null},{"label":"TNSTC","link":"/online-booking/tnstc","tooltip":"TNSTC","id":null,"imgUrl":null,"isMoreLink":false,"customAttributes":null},{"label":"More> ","link":"/online-booking/rtc-directory","tooltip":null,"id":null,"imgUrl":null,"isMoreLink":true,"customAttributes":null}]},{"header":"Other","subLinks":[{"label":"TSRTC","link":"https://www.redbus.in/online-booking/tsrtc","tooltip":"TSRTC","id":null,"imgUrl":null,"isMoreLink":false,"customAttributes":null},{"label":"SBSTC","link":"https://www.redbus.in/online-booking/south-bengal-state-transport-corporation-sbstc","tooltip":"SBSTC","id":null,"imgUrl":null,"isMoreLink":false,"customAttributes":null},{"label":"RSRTC","link":"https://www.redbus.in/online-booking/rsrtc","tooltip":"RSRTC","id":null,"imgUrl":null,"isMoreLink":false,"customAttributes":null},{"label":"KeralaRTC","link":"https://www.redbus.in/online-booking/ksrtc-kerala","tooltip":"KeralaRTC","id":null,"imgUrl":null,"isMoreLink":false,"customAttributes":null},{"label":"More> ","link":"https://www.redbus.in/online-booking/rtc-directory","tooltip":"","id":null,"imgUrl":null,"isMoreLink":true,"customAttributes":null}]},{"header":"Tempo Traveller in Cities","subLinks":[{"label":"Tempo traveller in Bangalore","link":"https://www.redbus.in/tempo-traveller/bangalore","tooltip":"Tempo Traveller Bangalore","id":null,"imgUrl":null,"isMoreLink":false,"customAttributes":null},{"label":"Tempo traveller in Chennai","link":"https://www.redbus.in/tempo-traveller/chennai","tooltip":"Tempo Traveller Chennai","id":null,"imgUrl":null,"isMoreLink":false,"customAttributes":null},{"label":"Tempo traveller in Mumbai","link":"https://www.redbus.in/tempo-traveller/mumbai","tooltip":"Tempo traveller in Mumbai","id":null,"imgUrl":null,"isMoreLink":false,"customAttributes":null},{"label":"Tempo traveller in Hyderabad","link":"https://www.redbus.in/tempo-traveller/hyderabad","tooltip":"Tempo traveller in Hyderabad","id":null,"imgUrl":null,"isMoreLink":false,"customAttributes":null},{"label":"Tempo traveller in Ahmedabad","link":"https://www.redbus.in/tempo-traveller/ahmedabad","tooltip":"Tempo traveller in Ahmedabad","id":null,"imgUrl":null,"isMoreLink":false,"customAttributes":null}]}],"logo":{"img":"https://s3.rdbuz.com/web/images/home/sgp/r_logo.png","desc":"redBus is the world's largest &lt;a class=&quot;footerDescLink&quot; href=&quot;https://www.redbus.in/bus-tickets&quot;&gt;online bus ticket booking&lt;/a&gt; service trusted by over 25 million happy customers globally. redBus offers bus ticket booking through its website,iOS and Android mobile apps for all major routes."},"socialMedia":[{"img":"//s1.rdbuz.com/web/images/home/Facebook.png","link":"https://www.facebook.com/redbus.in/","iconname":"Facebook","classname":"fbicon"},{"img":"//s2.rdbuz.com/web/images/home/Twitter.png","link":"https://twitter.com/redBus_in","iconname":"Twitter","classname":"twittericon"}],"RdcSocial":null,"FooterLinks":[{"header":"About redBus","subLinks":[{"label":"About Us","link":"/info/aboutus","tooltip":null,"id":null,"imgUrl":null,"isMoreLink":false,"customAttributes":null},{"label":"Investor Relations","link":"/info/Investors","tooltip":null,"id":null,"imgUrl":null,"isMoreLink":false,"customAttributes":null},{"label":"Contact Us","link":"/info/contactus","tooltip":null,"id":null,"imgUrl":null,"isMoreLink":false,"customAttributes":null},{"label":"Mobile Version","link":"//m.redbus.in","tooltip":null,"id":null,"imgUrl":null,"isMoreLink":false,"customAttributes":null},{"label":"redBus on Mobile","link":"/info/mobile","tooltip":null,"id":null,"imgUrl":null,"isMoreLink":false,"customAttributes":null},{"label":"Sitemap","link":"/sitemap.html","tooltip":null,"id":null,"imgUrl":null,"isMoreLink":false,"customAttributes":null},{"label":"Offers","link":"/info/OfferTerms","tooltip":null,"id":null,"imgUrl":null,"isMoreLink":false,"customAttributes":null},{"label":"Careers","link":"/careers","tooltip":null,"id":null,"imgUrl":null,"isMoreLink":false,"customAttributes":null},{"label":"Values","link":"/values","tooltip":null,"id":null,"imgUrl":null,"isMoreLink":false,"customAttributes":null}]},{"header":"Info","subLinks":[{"label":"T & C","link":"/info/termscondition","tooltip":null,"id":null,"imgUrl":null,"isMoreLink":false,"customAttributes":null},{"label":"Privacy Policy","link":"/info/privacypolicy","tooltip":null,"id":null,"imgUrl":null,"isMoreLink":false,"customAttributes":null},{"label":"FAQ","link":"/info/faq","tooltip":null,"id":null,"imgUrl":null,"isMoreLink":false,"customAttributes":null},{"label":"Blog","link":"http://blog.redbus.in/","tooltip":null,"id":null,"imgUrl":null,"isMoreLink":false,"customAttributes":null},{"label":"Bus Operator Registration","link":"https://onboardvendor.redbus.in/","tooltip":null,"id":"busOperatorReg","imgUrl":null,"isMoreLink":false,"customAttributes":null},{"label":"Agent Registration","link":"https://in3.seatseller.travel/","tooltip":null,"id":null,"imgUrl":null,"isMoreLink":false,"customAttributes":null},{"label":"Insurance Partner","link":"https://www.acko.com/","tooltip":null,"id":null,"imgUrl":null,"isMoreLink":false,"customAttributes":null},{"label":"User Agreement","link":"/info/useragreement","tooltip":null,"id":null,"imgUrl":null,"isMoreLink":false,"customAttributes":null},{"label":"Primo Bus","link":"https://www.redbus.in/primo/primo-service","tooltip":null,"id":null,"imgUrl":null,"isMoreLink":false,"customAttributes":null},{"label":"Bus Timetable","link":"https://www.redbus.in/bus-timetable","tooltip":null,"id":null,"imgUrl":null,"isMoreLink":false,"customAttributes":null}]},{"header":"Global Sites","subLinks":[{"label":"India","link":"https://www.redbus.in","tooltip":null,"id":null,"imgUrl":null,"isMoreLink":false,"customAttributes":null},{"label":"Singapore","link":"https://www.redbus.sg","tooltip":null,"id":null,"imgUrl":null,"isMoreLink":false,"customAttributes":null},{"label":"Malaysia","link":"https://www.redbus.my","tooltip":null,"id":null,"imgUrl":null,"isMoreLink":false,"customAttributes":null},{"label":"Indonesia","link":"https://www.redbus.id","tooltip":null,"id":null,"imgUrl":null,"isMoreLink":false,"customAttributes":null},{"label":"Peru","link":"https://www.redbus.pe","tooltip":null,"id":null,"imgUrl":null,"isMoreLink":false,"customAttributes":null},{"label":"Colombia","link":"https://www.redbus.co","tooltip":null,"id":null,"imgUrl":null,"isMoreLink":false,"customAttributes":null}]},{"header":"Our Partners","subLinks":[{"label":"Goibibo","link":"https://www.goibibo.com/bus/","tooltip":null,"id":null,"imgUrl":null,"isMoreLink":false,"customAttributes":null},{"label":"Makemytrip","link":"https://www.makemytrip.com/bus-tickets/","tooltip":null,"id":null,"imgUrl":null,"isMoreLink":false,"customAttributes":null}]},{"header":"Other Services","subLinks":[{"label":"Train Tickets","link":"https://www.redbus.in/train-tickets","tooltip":null,"id":null,"imgUrl":null,"isMoreLink":false,"customAttributes":null},{"label":"Bus Hire","link":"https://www.redbus.in/bushire/","tooltip":null,"id":null,"imgUrl":null,"isMoreLink":false,"customAttributes":null},{"label":"Cab Booking","link":"https://www.redbus.in/car-rental/cab-booking","tooltip":null,"id":null,"imgUrl":null,"isMoreLink":false,"customAttributes":null},{"label":"Tempo Traveller","link":"https://www.redbus.in/tempo-traveller/","tooltip":null,"id":null,"imgUrl":null,"isMoreLink":false,"customAttributes":null}]}],"lblFooterRights":"2024 Redbus India Pvt Ltd. All rights reserved","partnerLogo":null,"isCountryIndia":true,"FooterAlliance":null,"address":null,"disableCopyRightSymbol":false},"FooterV2":{"seoMinFooterLinkCount":30,"RbFooterLogoWebp":"https://s3.rdbuz.com/Images/rdc/rdc-redbus-logo.webp","footerLinkHeadType":null,"SeoFooterLinks":[{"uiComponentId":"C_155","content":{"heading":"Popular Bus Routes","body":null,"subHeading":null,"var1":null,"var2":null,"var3":null,"label1":null,"value1":null,"label2":null,"value2":null,"label3":null,"value3":null,"imageUrl":null,"faqList":null,"dataList":[{"url":"https://www.redbus.in/bus-tickets/delhi-to-manali","name":"Delhi To Manali Bus","tooltip":null,"customAttributes":null,"isMoreLink":false},{"url":"https://www.redbus.in/bus-tickets/delhi-to-rishikesh","name":"Delhi To Rishikesh Bus","tooltip":null,"customAttributes":null,"isMoreLink":false},{"url":"https://www.redbus.in/bus-tickets/delhi-to-shimla","name":"Delhi To Shimla Bus","tooltip":null,"customAttributes":null,"isMoreLink":false},{"url":"https://www.redbus.in/bus-tickets/delhi-to-nainital","name":"Delhi To Nainital Bus","tooltip":null,"customAttributes":null,"isMoreLink":false},{"url":"https://www.redbus.in/bus-tickets/delhi-to-katra","name":"Delhi To Katra Bus","tooltip":null,"customAttributes":null,"isMoreLink":false},{"url":"https://www.redbus.in/bus-tickets/bangalore-to-goa","name":"Bangalore To Goa Bus","tooltip":null,"customAttributes":null,"isMoreLink":false},{"url":"https://www.redbus.in/bus-tickets/bangalore-to-hyderabad","name":"Bangalore To Hyderabad Bus","tooltip":null,"customAttributes":null,"isMoreLink":false},{"url":"https://www.redbus.in/bus-tickets/bangalore-to-tirupathi","name":"Bangalore To Tirupathi Bus","tooltip":null,"customAttributes":null,"isMoreLink":false},{"url":"https://www.redbus.in/bus-tickets/bangalore-to-chennai","name":"Bangalore To Chennai Bus","tooltip":null,"customAttributes":null,"isMoreLink":false},{"url":"https://www.redbus.in/bus-tickets/bangalore-to-pondicherry","name":"Bangalore To Pondicherry Bus","tooltip":null,"customAttributes":null,"isMoreLink":false},{"url":"https://www.redbus.in/bus-tickets/hyderabad-to-bangalore","name":"Hyderabad To Bangalore Bus","tooltip":null,"customAttributes":null,"isMoreLink":false},{"url":"https://www.redbus.in/bus-tickets/hyderabad-to-goa","name":"Hyderabad To Goa Bus","tooltip":null,"customAttributes":null,"isMoreLink":false},{"url":"https://www.redbus.in/bus-tickets/hyderabad-to-srisailam","name":"Hyderabad To Srisailam Bus","tooltip":null,"customAttributes":null,"isMoreLink":false},{"url":"https://www.redbus.in/bus-tickets/hyderabad-to-vijayawada","name":"Hyderabad To Vijayawada Bus","tooltip":null,"customAttributes":null,"isMoreLink":false},{"url":"https://www.redbus.in/bus-tickets/hyderabad-to-tirupathi","name":"Hyderabad To Tirupathi Bus","tooltip":null,"customAttributes":null,"isMoreLink":false},{"url":"https://www.redbus.in/bus-tickets/pune-to-goa","name":"Pune To Goa Bus","tooltip":null,"customAttributes":null,"isMoreLink":false},{"url":"https://www.redbus.in/bus-tickets/pune-to-mumbai","name":"Pune To Mumbai Bus","tooltip":null,"customAttributes":null,"isMoreLink":false},{"url":"https://www.redbus.in/bus-tickets/pune-to-nagpur","name":"Pune To Nagpur Bus","tooltip":null,"customAttributes":null,"isMoreLink":false},{"url":"https://www.redbus.in/bus-tickets/pune-to-kolhapur-maharashtra","name":"Pune To Kolhapur Bus","tooltip":null,"customAttributes":null,"isMoreLink":false},{"url":"https://www.redbus.in/bus-tickets/pune-to-nashik","name":"Pune To Nashik Bus","tooltip":null,"customAttributes":null,"isMoreLink":false},{"url":"https://www.redbus.in/bus-tickets/mumbai-to-goa","name":"Mumbai To Goa Bus","tooltip":null,"customAttributes":null,"isMoreLink":false},{"url":"https://www.redbus.in/bus-tickets/mumbai-to-pune","name":"Mumbai To Pune Bus","tooltip":null,"customAttributes":null,"isMoreLink":false},{"url":"https://www.redbus.in/bus-tickets/mumbai-to-shirdi","name":"Mumbai To Shirdi Bus","tooltip":null,"customAttributes":null,"isMoreLink":false},{"url":"https://www.redbus.in/bus-tickets/mumbai-to-mahabaleshwar","name":"Mumbai To Mahabaleshwar Bus","tooltip":null,"customAttributes":null,"isMoreLink":false},{"url":"https://www.redbus.in/bus-tickets/mumbai-to-kolhapur-maharashtra","name":"Mumbai To Kolhapur Bus","tooltip":null,"customAttributes":null,"isMoreLink":false},{"url":"https://www.redbus.in/bus-tickets/kolkata-to-digha","name":"Kolkata To Digha Bus","tooltip":null,"customAttributes":null,"isMoreLink":false},{"url":"https://www.redbus.in/bus-tickets/kolkata-to-siliguri","name":"Kolkata To Siliguri Bus","tooltip":null,"customAttributes":null,"isMoreLink":false},{"url":"https://www.redbus.in/bus-tickets/kolkata-to-puri","name":"Kolkata To Puri Bus","tooltip":null,"customAttributes":null,"isMoreLink":false},{"url":"https://www.redbus.in/bus-tickets/kolkata-to-bakkhali","name":"Kolkata To Bakkhali Bus","tooltip":null,"customAttributes":null,"isMoreLink":false},{"url":"https://www.redbus.in/bus-tickets/kolkata-to-mandarmani","name":"Kolkata To Mandarmani Bus","tooltip":null,"customAttributes":null,"isMoreLink":false},{"url":"https://www.redbus.in/bus-tickets/chennai-to-bangalore","name":"Chennai To Bangalore Bus","tooltip":null,"customAttributes":null,"isMoreLink":false},{"url":"https://www.redbus.in/bus-tickets/chennai-to-pondicherry","name":"Chennai To Pondicherry Bus","tooltip":null,"customAttributes":null,"isMoreLink":false},{"url":"https://www.redbus.in/bus-tickets/chennai-to-coimbatore","name":"Chennai To Coimbatore Bus","tooltip":null,"customAttributes":null,"isMoreLink":false},{"url":"https://www.redbus.in/bus-tickets/chennai-to-madurai","name":"Chennai To Madurai Bus","tooltip":null,"customAttributes":null,"isMoreLink":false},{"url":"https://www.redbus.in/bus-tickets/chennai-to-tirupathi","name":"Chennai To Tirupathi Bus","tooltip":null,"customAttributes":null,"isMoreLink":false},{"url":"https://www.redbus.in/bus-tickets/chandigarh-to-manali","name":"Chandigarh To Manali Bus","tooltip":null,"customAttributes":null,"isMoreLink":false},{"url":"https://www.redbus.in/bus-tickets/chandigarh-to-shimla","name":"Chandigarh To Shimla Bus","tooltip":null,"customAttributes":null,"isMoreLink":false},{"url":"https://www.redbus.in/bus-tickets/chandigarh-to-delhi","name":"Chandigarh To Delhi Bus","tooltip":null,"customAttributes":null,"isMoreLink":false},{"url":"https://www.redbus.in/bus-tickets/chandigarh-to-dehradun","name":"Chandigarh To Dehradun Bus","tooltip":null,"customAttributes":null,"isMoreLink":false},{"url":"https://www.redbus.in/bus-tickets/chandigarh-to-amritsar","name":"Chandigarh To Amritsar Bus","tooltip":null,"customAttributes":null,"isMoreLink":false},{"url":"https://www.redbus.in/bus-tickets/coimbatore-to-chennai","name":"Coimbatore To Chennai Bus","tooltip":null,"customAttributes":null,"isMoreLink":false},{"url":"https://www.redbus.in/bus-tickets/coimbatore-to-bangalore","name":"Coimbatore To Bangalore Bus","tooltip":null,"customAttributes":null,"isMoreLink":false},{"url":"https://www.redbus.in/bus-tickets/coimbatore-to-ooty","name":"Coimbatore To Ooty Bus","tooltip":null,"customAttributes":null,"isMoreLink":false},{"url":"https://www.redbus.in/bus-tickets/coimbatore-to-tiruchendur","name":"Coimbatore To Tiruchendur Bus","tooltip":null,"customAttributes":null,"isMoreLink":false},{"url":"https://www.redbus.in/bus-tickets/coimbatore-to-madurai","name":"Coimbatore To Madurai Bus","tooltip":null,"customAttributes":null,"isMoreLink":false},{"url":"https://www.redbus.in/bus-tickets/agra-to-bareilly","name":"Agra to Bareilly Bus","tooltip":null,"customAttributes":null,"isMoreLink":false},{"url":"https://www.redbus.in/bus-tickets/hisar-to-chandigarh","name":"Hisar to Chandigarh Bus","tooltip":null,"customAttributes":null,"isMoreLink":false},{"url":"https://www.redbus.in/bus-tickets/hisar-to-delhi","name":"Hisar to Delhi Bus ","tooltip":null,"customAttributes":null,"isMoreLink":false},{"url":"https://www.redbus.in/bus-tickets/lucknow-to-ballia","name":"Lucknow to Ballia Bus","tooltip":null,"customAttributes":null,"isMoreLink":false},{"url":"https://www.redbus.in/bus-tickets/lucknow-to-moradabad","name":"Lucknow to Moradabad Bus","tooltip":null,"customAttributes":null,"isMoreLink":false},{"url":"https://www.redbus.in/bus-tickets/rajkot-to-dwarka","name":"Rajkot to Dwarka Bus","tooltip":null,"customAttributes":null,"isMoreLink":false},{"url":"https://www.redbus.in/bus-tickets/siliguri-to-gangtok","name":"Siliguri to Gangtok Bus","tooltip":null,"customAttributes":null,"isMoreLink":false},{"url":"https://www.redbus.in/bus-tickets/ahmedabad-to-goa","name":"Ahmedabad to Goa Bus","tooltip":null,"customAttributes":null,"isMoreLink":false},{"url":"https://www.redbus.in/bus-tickets/ahmedabad-to-kanpur","name":"Ahmedabad to Kanpur Bus","tooltip":null,"customAttributes":null,"isMoreLink":false},{"url":"https://www.redbus.in/bus-tickets/akola-to-pune","name":"Akola to Pune Bus","tooltip":null,"customAttributes":null,"isMoreLink":false}]},"headerType":"h3"},{"uiComponentId":"C_155","content":{"heading":"Popular Cities","body":null,"subHeading":null,"var1":null,"var2":null,"var3":null,"label1":null,"value1":null,"label2":null,"value2":null,"label3":null,"value3":null,"imageUrl":null,"faqList":null,"dataList":[{"url":"buses/hyderabad-bus-tickets","name":"Hyderabad Bus Ticket Booking","tooltip":null,"customAttributes":null,"isMoreLink":false},{"url":"buses/bangalore-bus-tickets","name":"Bangalore Bus Ticket Booking","tooltip":null,"customAttributes":null,"isMoreLink":false},{"url":"buses/chennai-bus-tickets","name":"Chennai Bus Ticket Booking","tooltip":null,"customAttributes":null,"isMoreLink":false},{"url":"buses/pune-bus-tickets","name":"Pune Bus Tickets Booking","tooltip":null,"customAttributes":null,"isMoreLink":false},{"url":"buses/delhi-bus-tickets","name":"Delhi Bus Ticket Booking","tooltip":null,"customAttributes":null,"isMoreLink":false},{"url":"buses/mumbai-bus-tickets","name":"Mumbai Bus Ticket Booking","tooltip":null,"customAttributes":null,"isMoreLink":false},{"url":"buses/kolkata-bus-tickets","name":"Kolkata Bus Ticket Booking","tooltip":null,"customAttributes":null,"isMoreLink":false},{"url":"buses/ernakulam-bus-tickets","name":"Ernakulam Bus Ticket Booking","tooltip":null,"customAttributes":null,"isMoreLink":false},{"url":"buses/ahmedabad-bus-tickets","name":"Ahmedabad Bus Ticket Booking","tooltip":null,"customAttributes":null,"isMoreLink":false},{"url":"buses/vijayawada-bus-tickets","name":"Vijayawada Bus Ticket Booking","tooltip":null,"customAttributes":null,"isMoreLink":false},{"url":"buses/jaipur-bus-tickets","name":"Jaipur Bus Ticket Booking","tooltip":null,"customAttributes":null,"isMoreLink":false},{"url":"buses/indore-bus-tickets","name":"Indore Bus Ticket Booking","tooltip":null,"customAttributes":null,"isMoreLink":false},{"url":"buses/lucknow-bus-tickets","name":"Lucknow Bus Ticket Booking","tooltip":null,"customAttributes":null,"isMoreLink":false},{"url":"buses/bhopal-bus-tickets","name":"Bhopal Bus Ticket Booking","tooltip":null,"customAttributes":null,"isMoreLink":false}]},"headerType":"h3"},{"uiComponentId":"C_155","content":{"heading":"Popular Bus Operators","body":null,"subHeading":null,"var1":null,"var2":null,"var3":null,"label1":null,"value1":null,"label2":null,"value2":null,"label3":null,"value3":null,"imageUrl":null,"faqList":null,"dataList":[{"url":"https://www.redbus.in/travels/no-1-air-travels","name":"No 1 Air Travels","tooltip":null,"customAttributes":null,"isMoreLink":false},{"url":"https://www.redbus.in/travels/ybm-travels","name":"YBM Travels","tooltip":null,"customAttributes":null,"isMoreLink":false},{"url":"https://www.redbus.in/travels/sri-sms-travels","name":"Sri SMS Travels","tooltip":null,"customAttributes":null,"isMoreLink":false},{"url":"https://www.redbus.in/travels/svkdt-travels","name":"Svkdt Travels","tooltip":null,"customAttributes":null,"isMoreLink":false},{"url":"https://www.redbus.in/travels/rkt-tours-and-travels","name":"RKT Tours and Travels","tooltip":null,"customAttributes":null,"isMoreLink":false},{"url":"https://www.redbus.in/travels/royal-cars","name":"Royal Cars","tooltip":null,"customAttributes":null,"isMoreLink":false},{"url":"https://www.redbus.in/travels/rahul-travels","name":"Rahul Travels","tooltip":null,"customAttributes":null,"isMoreLink":false},{"url":"https://www.redbus.in/travels/jbt-travels","name":"JBT Travels","tooltip":null,"customAttributes":null,"isMoreLink":false},{"url":"https://www.redbus.in/travels/raj-express-1","name":"Raj Express","tooltip":null,"customAttributes":null,"isMoreLink":false},{"url":"https://www.redbus.in/travels/vaishali-express","name":"Vaishali Express","tooltip":null,"customAttributes":null,"isMoreLink":false},{"url":"https://www.redbus.in/travels/rahul-travels-indore","name":"Rahul Travels Indore","tooltip":null,"customAttributes":null,"isMoreLink":false},{"url":"https://www.redbus.in/travels/delhi-tours-and-travels","name":"Delhi Tours And Travels","tooltip":null,"customAttributes":null,"isMoreLink":false},{"url":"https://www.redbus.in/travels/ashok-travels-delhi","name":"Ashok Travels","tooltip":null,"customAttributes":null,"isMoreLink":false},{"url":"https://www.redbus.in/travels/greenline","name":"Greenline Travels","tooltip":null,"customAttributes":null,"isMoreLink":false},{"url":"https://www.redbus.in/travels/pawan-travels-balaghat","name":"Pawan Travels","tooltip":null,"customAttributes":null,"isMoreLink":false},{"url":"https://www.redbus.in/travels/ravi-travels","name":"Ravi Travels","tooltip":null,"customAttributes":null,"isMoreLink":false},{"url":"https://www.redbus.in/travels/vrl-travels","name":"VRL Travels","tooltip":null,"customAttributes":null,"isMoreLink":false},{"url":"https://www.redbus.in/travels/dolphin-travel-house","name":"Dolphin Travels","tooltip":null,"customAttributes":null,"isMoreLink":false},{"url":"https://www.redbus.in/travels/ganesh-travels","name":"Ganesh Travels","tooltip":null,"customAttributes":null,"isMoreLink":false},{"url":"https://www.redbus.in/travels/kaveri-kamakshi-travels","name":"Kaveri Travels","tooltip":null,"customAttributes":null,"isMoreLink":false},{"url":"https://www.redbus.in/travels/national-travels-national","name":"National Travels","tooltip":null,"customAttributes":null,"isMoreLink":false},{"url":"https://www.redbus.in/travels/bharathi-travels-bharathi","name":"Bharathi Travels","tooltip":null,"customAttributes":null,"isMoreLink":false},{"url":"https://www.redbus.in/travels/city-land-travels","name":"City Land Travels","tooltip":null,"customAttributes":null,"isMoreLink":false},{"url":"https://www.redbus.in/travels/citylink-travels","name":"Citylink Travels","tooltip":null,"customAttributes":null,"isMoreLink":false},{"url":"https://www.redbus.in/travels/kkaveri-travels","name":"KKaveri Travels","tooltip":null,"customAttributes":null,"isMoreLink":false},{"url":"https://www.redbus.in/travels/kk-travels","name":"KK Travels","tooltip":null,"customAttributes":null,"isMoreLink":false},{"url":"https://www.redbus.in/travels/mahadev-travels-online","name":"Mahadev Travels","tooltip":null,"customAttributes":null,"isMoreLink":false},{"url":"https://www.redbus.in/travels/maharaja-travels-1","name":"Maharaja Travels","tooltip":null,"customAttributes":null,"isMoreLink":false},{"url":"https://www.redbus.in/travels/m-r-travels","name":"M R Travels","tooltip":null,"customAttributes":null,"isMoreLink":false},{"url":"https://www.redbus.in/travels/new-payal-travels","name":"New Payal Travels","tooltip":null,"customAttributes":null,"isMoreLink":false},{"url":"https://www.redbus.in/travels/paras-travels","name":"Paras Travels","tooltip":null,"customAttributes":null,"isMoreLink":false},{"url":"https://www.redbus.in/travels/parshwanath-travels-parshwanath-ahmedabad","name":"Shree Parshwanath Travels","tooltip":null,"customAttributes":null,"isMoreLink":false},{"url":"https://www.redbus.in/travels/payal-travels","name":"Payal Travels","tooltip":null,"customAttributes":null,"isMoreLink":false},{"url":"https://www.redbus.in/travels/rk-travels","name":"R K Travels","tooltip":null,"customAttributes":null,"isMoreLink":false},{"url":"https://www.redbus.in/travels/shivam-travels","name":"Shivam Travels","tooltip":null,"customAttributes":null,"isMoreLink":false},{"url":"https://www.redbus.in/travels/shree-mahaveer-travels-9721","name":"Shree Mahaveer Travels","tooltip":null,"customAttributes":null,"isMoreLink":false},{"url":"https://www.redbus.in/travels/srs-travels-srs","name":"SRS Travels","tooltip":null,"customAttributes":null,"isMoreLink":false},{"url":"https://www.redbus.in/travels/tulsi-travels","name":"Tulsi Travels","tooltip":null,"customAttributes":null,"isMoreLink":false},{"url":"https://www.redbus.in/travels/vaibhav-travels-10044","name":"Vaibhav Travels","tooltip":null,"customAttributes":null,"isMoreLink":false},{"url":"https://www.redbus.in/travels/vikas-travels-jaipur","name":"Vikas Travels","tooltip":null,"customAttributes":null,"isMoreLink":false},{"url":"https://www.redbus.in/travels/amarnath-travels-9984","name":"Amarnath Travels","tooltip":null,"customAttributes":null,"isMoreLink":false},{"url":"https://www.redbus.in/travels/anand-travel","name":"Anand Travels","tooltip":null,"customAttributes":null,"isMoreLink":false},{"url":"https://www.redbus.in/travels/ashapura-travels","name":"Ashapura Travels","tooltip":null,"customAttributes":null,"isMoreLink":false},{"url":"https://www.redbus.in/travels/ashok-bus-service","name":"Ashok Bus Service","tooltip":null,"customAttributes":null,"isMoreLink":false},{"url":"https://www.redbus.in/travels/ashoka-travels","name":"Ashoka Travels","tooltip":null,"customAttributes":null,"isMoreLink":false}]},"headerType":"h3"}],"SeoSections":[{"title":"Top RTCs","id":"top_rtc_seo","isListItemImages":false,"listItems":[{"displayName":"APSRTC","id":"top_rtc_seo_apsrtc","redirectUrl":"https://www.redbus.in/online-booking/apsrtc","imgUrl":null,"customAttributes":null},{"displayName":"GSRTC","id":"top_rtc_seo_gsrtc","redirectUrl":"https://www.redbus.in/online-booking/gsrtc","imgUrl":null,"customAttributes":null},{"displayName":"TNSTC","id":"top_rtc_seo_tnstc","redirectUrl":"https://www.redbus.in/online-booking/tnstc","imgUrl":null,"customAttributes":null},{"displayName":"View All","id":"top_rtc_seo_view_all","redirectUrl":"https://www.redbus.in/online-booking/rtc-directory","imgUrl":null,"customAttributes":null}]},{"title":"Other","id":"other_seo","isListItemImages":false,"listItems":[{"displayName":"TSRTC","id":"other_seo_tsrtc","redirectUrl":"https://www.redbus.in/online-booking/tsrtc","imgUrl":null,"customAttributes":null},{"displayName":"SBSTC","id":"other_seo_sbstc","redirectUrl":"https://www.redbus.in/online-booking/south-bengal-state-transport-corporation-sbstc","imgUrl":null,"customAttributes":null},{"displayName":"RSRTC","id":"other_seo_rsrtc","redirectUrl":"https://www.redbus.in/online-booking/rsrtc","imgUrl":null,"customAttributes":null},{"displayName":"Kerala RTC","id":"other_seo_kerala_rtc","redirectUrl":"https://www.redbus.in/online-booking/ksrtc-kerala","imgUrl":null,"customAttributes":null},{"displayName":"View All","id":"other_seo_view_all","redirectUrl":"https://www.redbus.in/online-booking/rtc-directory","imgUrl":null,"customAttributes":null}]},{"title":"Top bus routes","id":"top_bus_routes_seo","isListItemImages":false,"listItems":[{"displayName":"Hyderabad to Bangalore Bus","id":"top_bus_routes_seo_hyd_to_blr","redirectUrl":"https://www.redbus.in/bus-tickets/hyderabad-to-bangalore","imgUrl":null,"customAttributes":null},{"displayName":"Bangalore to Chennai Bus","id":"top_bus_routes_seo_blr_to_chn","redirectUrl":"https://www.redbus.in/bus-tickets/bangalore-to-chennai","imgUrl":null,"customAttributes":null},{"displayName":"Pune to Bangalore Bus","id":"top_bus_routes_seo_pune_to_blr","redirectUrl":"https://www.redbus.in/bus-tickets/pune-to-bangalore","imgUrl":null,"customAttributes":null},{"displayName":"Mumbai to Bangalore Bus","id":"top_bus_routes_seo_mum_to_blr","redirectUrl":"https://www.redbus.in/bus-tickets/mumbai-to-bangalore","imgUrl":null,"customAttributes":null},{"displayName":"View All","id":"top_bus_routes_seo_view_all","redirectUrl":"https://www.redbus.in/bus-tickets/routes-directory","imgUrl":null,"customAttributes":null}]},{"title":"Top cities","id":"top_cities_seo","isListItemImages":false,"listItems":[{"displayName":"Hyderabad Bus Tickets","id":"top_cities_seo_hyd","redirectUrl":"https://www.redbus.in/buses/hyderabad-bus-tickets","imgUrl":null,"customAttributes":null},{"displayName":"Bangalore Bus Tickets","id":"top_cities_seo_blr","redirectUrl":"https://www.redbus.in/buses/bangalore-bus-tickets","imgUrl":null,"customAttributes":null},{"displayName":"Chennai Bus Tickets","id":"top_cities_seo_chn","redirectUrl":"https://www.redbus.in/buses/chennai-bus-tickets","imgUrl":null,"customAttributes":null},{"displayName":"Pune Bus Tickets","id":"top_cities_seo_pune","redirectUrl":"https://www.redbus.in/buses/pune-bus-tickets","imgUrl":null,"customAttributes":null},{"displayName":"View All","id":"top_cities_seo_view_all","redirectUrl":"https://www.redbus.in/buses/cities-directory","imgUrl":null,"customAttributes":null}]},{"title":"redRail","id":"red_rail_seo","isListItemImages":false,"listItems":[{"displayName":"Book Train Tickets","id":"red_rail_seo_book","redirectUrl":"https://www.redbus.in/train-tickets","imgUrl":null,"customAttributes":null},{"displayName":"PNR Status","id":"red_rail_seo_pnr_status","redirectUrl":"https://www.redbus.in/railways/pnr-status","imgUrl":null,"customAttributes":null},{"displayName":"Live Train Status","id":"red_rail_seo_live_status","redirectUrl":"https://m.redbus.in/railways/train-running-status","imgUrl":null,"customAttributes":null},{"displayName":"Train Seat Availability","id":"red_rail_seo_seat_avl","redirectUrl":"https://www.redbus.in/train-tickets/train-seat-availability","imgUrl":null,"customAttributes":null},{"displayName":"Trains between Stations","id":"red_rail_seo_trains_btwn_stn","redirectUrl":"https://www.redbus.in/train-tickets/trains-between-stations","imgUrl":null,"customAttributes":null}]}],"RbFooterLogo":"https://s3.rdbuz.com/Images/rdc/rdc-redbus-logo.svg","FooterMergeLogo":null,"FooterText":"redBus is the world's largest online bus ticket booking service trusted by over 25 million happy customers globally. redBus offers bus ticket booking through its website, iOS and Android mobile apps for all major routes.","FooterLinks":[{"title":"About redBus","id":"about_redbus_title_footer","isListItemImages":false,"listItems":[{"displayName":"About us","id":"about_us_footer","redirectUrl":"https://www.redbus.in/info/aboutus","imgUrl":null,"customAttributes":null},{"displayName":"Investor Relations","id":"investor_relations_footer","redirectUrl":"https://www.redbus.in/info/Investors","imgUrl":null,"customAttributes":null},{"displayName":"Contact us","id":"contact_us_footer","redirectUrl":"https://www.redbus.in/info/contactus","imgUrl":null,"customAttributes":null},{"displayName":"Mobile version","id":"mobile_version_footer","redirectUrl":"https://m.redbus.in/","imgUrl":null,"customAttributes":null},{"displayName":"redBus on mobile","id":"redbus_on_bus_footer","redirectUrl":"https://www.redbus.in/info/mobile","imgUrl":null,"customAttributes":null},{"displayName":"Sitemap","id":"sitemap_footer","redirectUrl":"https://www.redbus.in/sitemap.html","imgUrl":null,"customAttributes":null},{"displayName":"Offers","id":"offers_footer","redirectUrl":"https://www.redbus.in/info/offerTerms","imgUrl":null,"customAttributes":null},{"displayName":"Careers","id":"careers_footer","redirectUrl":"https://www.redbus.in/careers","imgUrl":null,"customAttributes":null},{"displayName":"Values","id":"values_footer","redirectUrl":"https://www.redbus.in/values","imgUrl":null,"customAttributes":null}]},{"title":"Info","id":"info_title_footer","isListItemImages":false,"listItems":[{"displayName":"T&C","id":"terms_n_conditions_footer","redirectUrl":"https://www.redbus.in/info/termscondition","imgUrl":null,"customAttributes":null},{"displayName":"Privacy policy","id":"privacy_policy_footer","redirectUrl":"https://www.redbus.in/info/privacypolicy","imgUrl":null,"customAttributes":null},{"displayName":"FAQ","id":"faq_footer","redirectUrl":"https://www.redbus.in/info/faq","imgUrl":null,"customAttributes":null},{"displayName":"Blog","id":"blog_footer","redirectUrl":"https://blog.redbus.in","imgUrl":null,"customAttributes":null},{"displayName":"Bus operator registration","id":"bus_operator_registration_footer","redirectUrl":"https://onboardvendor.redbus.in/","imgUrl":null,"customAttributes":null},{"displayName":"Agent registration","id":"agent_registration_footer","redirectUrl":"https://in3.seatseller.travel/","imgUrl":null,"customAttributes":null},{"displayName":"Insurance partner","id":"insurance_partner_footer","redirectUrl":"https://www.acko.com/","imgUrl":null,"customAttributes":null},{"displayName":"User agreement","id":"user_agreement_footer","redirectUrl":"https://www.redbus.in/info/useragreement","imgUrl":null,"customAttributes":null},{"displayName":"Primo Bus","id":null,"redirectUrl":"https://www.redbus.in/primo/primo-service","imgUrl":null,"customAttributes":null},{"displayName":"Bus Timetable","id":null,"redirectUrl":"https://www.redbus.in/bus-timetable","imgUrl":null,"customAttributes":null}]},{"title":"Global Sites","id":"global_sites_title_footer","isListItemImages":false,"listItems":[{"displayName":"India","id":"India_site_footer","redirectUrl":"https://www.redbus.in/","imgUrl":null,"customAttributes":null},{"displayName":"Singapore","id":"singapore_site_footer","redirectUrl":"https://www.redbus.sg/","imgUrl":null,"customAttributes":null},{"displayName":"Malaysia","id":"malaysia_site_footer","redirectUrl":"https://www.redbus.my/","imgUrl":null,"customAttributes":null},{"displayName":"Indonesia","id":"indonesia_site_footer","redirectUrl":"https://www.redbus.id/","imgUrl":null,"customAttributes":null},{"displayName":"Peru","id":"peru_site_footer","redirectUrl":"https://www.redbus.pe/","imgUrl":null,"customAttributes":null},{"displayName":"Colombia","id":"colombia_site_footer","redirectUrl":"https://www.redbus.co/","imgUrl":null,"customAttributes":null},{"displayName":"Cambodia","id":"cambodia_site_footer","redirectUrl":"https://www.redbus.com.kh/","imgUrl":null,"customAttributes":null},{"displayName":"Vietnam","id":"vietnam_site_footer","redirectUrl":"https://www.redbus.vn/","imgUrl":null,"customAttributes":null}]},{"title":"Our Partners","id":"our_partners_title_footer","isListItemImages":false,"listItems":[{"displayName":"Goibibo Bus","id":"goibibo_bus_footer","redirectUrl":"https://www.goibibo.com/bus/","imgUrl":null,"customAttributes":"rel=\"nofollow\""},{"displayName":"Goibibo Hotels","id":"goibibo_hotels_footer","redirectUrl":"https://www.goibibo.com/hotels/","imgUrl":null,"customAttributes":"rel=\"nofollow\""},{"displayName":"Makemytrip Hotels","id":"makemytrip_hotels_footer","redirectUrl":"https://www.makemytrip.com/hotels/","imgUrl":null,"customAttributes":"rel=\"nofollow\""}]}],"CopyrightText":"Ⓒ 2024 Redbus India Pvt Ltd. All rights reserved","SocialIconList":[{"key":"redbus_facebook","iconClassOrImgUrl":"https://st.redbus.in/web/images/layout/social_facebook_new.svg","isIcon":false,"redirectUrl":"https://www.facebook.com/redbus.in/"},{"key":"redbus_linkedin","iconClassOrImgUrl":"https://st.redbus.in/web/images/layout/social_linkedin_new.svg","isIcon":false,"redirectUrl":"https://in.linkedin.com/company/redbus_2/"},{"key":"redbus_twitter","iconClassOrImgUrl":"https://st.redbus.in/web/images/layout/social_twitter_new.svg","isIcon":false,"redirectUrl":"https://twitter.com/redBus_in/"},{"key":"redbus_instagram","iconClassOrImgUrl":"https://st.redbus.in/web/images/layout/social_instagram_new.svg","isIcon":false,"redirectUrl":"https://www.instagram.com/accounts/login/?next=/redbusindia/"}],"FooterAddress":null,"FooterPartnerContent":null},"FooterSeoContent":"<div class=\"operator-footer-list clearfix\"> <ul class=\"containerHome clearfix\"> <h6 class=\"seo-header\">Top Operators</h6> <li><a href=\"https://www.redbus.in/travels/srs-travels-srs\">SRS Travels</a></li> <li><a href=\"https://www.redbus.in/travels/kallada-travels-kallada \">Kallada Travels</a></li> <li><a href=\"https://www.redbus.in/travels/kpn-travels-kpn \">KPN Travels</a></li> <li><a href=\"https://www.redbus.in/travels/orange-travels-orange \">Orange Travels</a></li> <li><a href=\"https://www.redbus.in/travels/parveen-travels \">Parveen Travels</a></li> <li><a href=\"https://www.redbus.in/travels/rajdhani-express \">Rajdhani Express</a></li> <li><a href=\"https://www.redbus.in/travels/vrl-travels-vrl\">VRL Travels</a></li> <li><a href=\"https://www.redbus.in/travels/chartered-bus\">Chartered Speed Bus</a></li> <li><a href=\"https://www.redbus.in/travels/bengal-tiger\">Bengal Tiger</a></li> <li><a href=\"https://www.redbus.in/travels/srm-travels-srm\">SRM Travels</a></li> <li><a href=\"https://www.redbus.in/travels/infant-jesus\">Infant Jesus</a></li> <li><a href=\"https://www.redbus.in/travels/patel-travels-lufthanza-9940\">Patel Travels</a></li> <li><a href=\"https://www.redbus.in/travels/jbt-travels\">JBT Travels</a></li> <li><a href=\"https://www.redbus.in/travels/shatabdi-travels-1\">Shatabdi Travels</a></li> <li><a href=\"https://www.redbus.in/travels/eagle-travels\">Eagle Travels</a></li> <li><a href=\"https://www.redbus.in/travels/kanker-roadways-10172\">Kanker Roadways</a></li> <li><a href=\"https://www.redbus.in/travels/komitla\">Komitla</a></li> <li><a href=\"https://www.redbus.in/travels/sri-krishna-travels\">Sri Krishna Travels</a></li> <li><a href=\"https://www.redbus.in/travels/humsafar-travels-9807\">Humsafar Travels</a></li> <li><a href=\"https://www.redbus.in/travels/mahasagar-travels-mahasagar\">Mahasagar Travels</a></li> <li><a href=\"https://www.redbus.in/travels/raj-express-1\">Raj Express</a></li> <li><a href=\"https://www.redbus.in/travels/sharma-travels\">Sharma Travels</a></li> <li><a href=\"https://www.redbus.in/travels/shrinath-travels-agency-online\">Shrinath Travels</a></li> <li><a href=\"https://www.redbus.in/travels/universal-travels\">Universal Travels</a></li> <li><a href=\"https://www.redbus.in/travels/verma-travels\">Verma Travels</a></li> <li><a href=\"https://www.redbus.in/travels/gujarat-travels\">Gujarat Travels</a></li> <li><a href=\"https://www.redbus.in/travels/madurai-radha-travels\">Madurai Radha Travels</a></li> <li><a href=\"https://www.redbus.in/travels/patel-tours-and-travels\">Patel Tours and Travels</a></li> <li><a href=\"https://www.redbus.in/travels/paulo-travels\">Paulo Travels</a></li> <li><a href=\"https://www.redbus.in/travels/royal-travels\">Royal Travels</a></li> <li><a href=\"https://www.redbus.in/travels/amarnath-travels-9984\">Amarnath Travels</a></li> <li><a href=\"https://www.redbus.in/travels/vaibhav-travels\">Vaibhav Travels</a></li> <li><a href=\"https://www.redbus.in/travels/ganesh-travels-2\">Ganesh Travels</a></li> <li><a href=\"https://www.redbus.in/travels/jabbar-travels\">Jabbar Travels</a></li> <li><a href=\"https://www.redbus.in/travels/jain-travels\">Jain Travels</a></li> <li><a href=\"https://www.redbus.in/travels/manish-travels\">Manish Travels</a></li> <li><a href=\"https://www.redbus.in/travels/pradhan\">Pradhan Travels</a></li> <li><a href=\"https://www.redbus.in/travels/ybm-travels\">YBM Travels</a></li> <li><a href=\"https://www.redbus.in/travels/hebron-transports\">Hebron Transports</a></li> <li><a href=\"https://www.redbus.in/travels/mahalaxmi-travels-mahalaxmi\">Mahalaxmi travels</a></li> <li><a href=\"https://www.redbus.in/travels/mr-travels\">MR Travels</a></li> <li><a href=\"https://www.redbus.in/travels/vivegam-travels\">Vivegam Travels</a></li> <li><a href=\"https://www.redbus.in/travels/vst\">VST Travels</a></li> <li><a href=\"https://www.redbus.in/travels/jakhar-travels\">Jakhar Travels</a></li> <li><a href=\"https://www.redbus.in/travels/kaleswari-travels\">Kaleswari Travels</a></li> <li><a href=\"https://www.redbus.in/travels/mahendra-travels-10027\">Mahendra Travels</a></li> <li><a href=\"https://www.redbus.in/travels/neeta-tours-and-travels\">Neeta Tours and Travels</a></li> <li><a href=\"https://www.redbus.in/travels/yamani-travels\">Yamani Travels</a></li> <li><a href=\"https://www.redbus.in/travels/arthi-travels\">Arthi Travels</a></li> </ul><div class=\"more-link\"><a href=\"/travels/operators-directory\" class=\"more-link site-links\" target=\"_blank\">All Operators &gt;</a></div></div>","Rewards":true,"boolAppviralityBanner":false,"boolAppDownloadBanner":false,"appDownloadBannerTxt":null,"SeoTags":{"EnableNoIndexNoFollow":false,"dynamicSeoData":{"@context":"http://schema.org","@type":"SoftwareApplication","name":"redBus - Online Bus Tickets Booking App","operatingSystem":"ANDROID","applicationCategory":"TravelApplication","aggregateRating":{"@type":"AggregateRating","ratingValue":"4.5","reviewCount":2402718}},"nonRDCTags":true,"isEnglish":false,"title":"Online Bus Ticket Booking at Low Price and Best Offers - redBus","description":"Bus Tickets Online Booking at lowest rates, easy cancellation and get an instant refund with redBus, the worlds largest bus ticket booking brand. ","canonical":"https://www.redbus.in/","Keywords":"online bus ticket booking, bus booking, volvo ac bus booking, bus ticket booking, bus tickets","Media_tag":null,"googlesiteverification":"xF6UvOJWcDUSenssBr8T9uGa_htW-2h3XbU9FAv9sQ8","googlesiteverificationforSellerRating":"JseePqwPY1canvnThFLN1HSoTTHDfwhf0sUuEJwVUO4","OrganizationalSchema":{"contextValue":"https://www.schema.org","typeValue":"Organization","nameValue":"redBus India","urlValue":"https://www.redbus.in/"},"OrganizationalSchemaDynamic":{"context":"http://schema.org","type":"Organization","name":"redBus India","url":"https://www.redbus.in/","logo":null,"foundingDate":"2006","parentOrganization":[{"key":"@type","value":"Organization"},{"key":"name","value":"Ibibo Group Pvt Ltd"}],"address":{"type":"PostalAddress","streetAddress":"3rd Floor Karle Premium","addressLocality":"#1 Old Airport Road, Opp. Manipal Hospital, Kodihalli","addressRegion":"Bangalore","postalCode":"560008","addressCountry":"INDIA"},"contactPoint":[{"key":"@type","value":"ContactPoint"},{"key":"telephone","value":"+91 99456 00000"},{"key":"contactType","value":"Customer Service ( Call Center)"},{"key":"email","value":"support@redbus.in"}],"sameAs":[{"key":"https://www.facebook.com/redBus.in/","value":null},{"key":"https://en.wikipedia.org/wiki/Redbus.in/","value":null}]},"RobotsMeta":{"name":"robots","content":"noodp"},"og_title":"Online Bus Ticket Booking with Best Offers and Lowest Price - redBus","og_type":"company","og_url":"www.redbus.in","og_image":"https://s3.rdbuz.com/assets/images/logo/b_logo.png","og_site_name":"redBus","og_description":"Book bus tickets online with redBus, the worlds largest bus ticket booking brand for government and private bus operators. Book bus tickets at lowest rates, easy cancellation and get instant refund.","hreflang":[{"lang":"en-KH","href":"https://www.redbus.com.kh/"},{"lang":"x-default","href":"https://www.redbus.com/"},{"lang":"vi-VN","href":"https://www.redbus.vn/"},{"lang":"en-VN","href":"https://www.redbus.vn/en/"},{"lang":"en-IN","href":"https://www.redbus.in/"},{"lang":"en-SG","href":"https://www.redbus.sg/"},{"lang":"en-MY","href":"https://www.redbus.my/"},{"lang":"ms-MY","href":"https://www.redbus.my/ms/"},{"lang":"id-ID","href":"https://www.redbus.id/"},{"lang":"en-ID","href":"https://www.redbus.id/en/"},{"lang":"en-PE","href":"https://www.redbus.pe/en/"},{"lang":"es-PE","href":"https://www.redbus.pe/"},{"lang":"es-CO","href":"https://www.redbus.co/"},{"lang":"en-CO","href":"https://www.redbus.co/en/"}]},"S1_CDN":"/","S2_CDN":"/","S3_CDN":"/","DefaultLanguage":"en","OfferSeatsConfig":null,"FeatureList":{"IsRBWalletFeatureEnabled":true,"IsSavedCardsFeatureEnabled":true,"ISPROMOTIONSUBSCRIPTIONENABLED":false,"IsSeoSrpFeatureEnabled":true,"IsFerrySeoSrpFeatureEnabled":false,"IsPaymentV2FeatureEnabled":true},"appViralityBannerTxt":"Sorry, there might be booking fluctuations. Please try after sometime.","appViralityBannerClick":"","appDownloadBannerClick":null,"isReturn":true,"disableHeaderandFooter":false,"rootDomain":"rbus","isBpDpSearch":false,"cssfont":null,"CalenderLabels":null,"RDCCalendarLabel":null,"NewCalendarLabel":null,"CalenderLabelsComplete":null,"CountryDate":{"IND":"5.5","COL":"-5.0","SGP":"8.0","MYS":"8.8","IDN":"7.0","VNM":"7.0","BGD":"6.0","PER":"-5.0"},"LocalTime":"2024-08-19T15:15:41.3361655Z","currentDate":"2024/08/19","jsloggerURL":"//logs.redbus.com/logger/postErr","abCodeEnabled":false,"IsLangRt":false,"lazyLoadABEnabled":true,"busScoreABEnabled":true,"IsGeoLocationEnabled":false,"IsGeoLangEnabled":false,"exitRescheduleFlow":"Are you sure you want to go back?","yesLabel":"Yes","noLabel":"No","callTripsApi":true,"tripsRequestCount":10,"custInfoABEnabled":false,"iscodesnipetGTM":false,"numberFormatter":null,"numberFormatterCurrency":null,"currencyDropDownMap":null,"CallTimeout":{"SOLR":12000,"SEODATA":2000,"SEARCHRESULT":7000,"OIPAPI":4000,"SEATLAYOUT":8000,"FILTERS":4000,"ROUTEBPDP":4000,"USERTYPE":4000},"isOdEncrypt":false,"isUuIdEncrypt":false,"isMobOdEncrypt":false,"isRescheduleChargeKnown":false,"AuthSignoutTime":525600,"isSessionStackEnabled":false,"amPmTimeFormat":false,"PhoneCodeRegex":null,"PhoneCodeRegexWOCode":{"51":"/^(9)[0-9]{8}$/","57":"/^(350|3[0-4][0-9])[0-9]{7}$/","60":"/^((?!(0))[0-9]{9})$|^((?!(60))(?!(65))[0-9]{10})$|^((?!(60))(?!(65))[0-9]{11})$|^[0][0-9]{12}$/","62":"/^(08|8)[0-9]{8,11}$/","65":"/^[0-9]{8}$/","91":"/^[6-9][0-9]{9}$/","default":"/^[0-9]{8,15}$/"},"PhoneCodeRegexIDN":null,"IsSolrBPDPEnabled":true,"checkParentBPDPLocation":true,"solrLimit":20,"IsFooterAddressEnabled":false,"CustomerSupportNo":null,"seoAssetsUrl":null,"IS_PAYMENTV2_AB_DISABLED":true,"IS_CF_AB_Enabled":false,"addMonth":null,"isWFTInfoEnabled":false,"WFTPopUp":null,"shouldRoundOffCurrency":false,"isChangePasswordDisabled":true,"defaultCountryCode":null,"countryBasedSearch":false,"IS_OIP_CALL_ENABLED":true,"isSeatBarDisabled":true,"isPreSelectBpDpDisabled":false,"isNeftDisabled":false,"travelProtectionPlan":null,"isTravelPlanEnabled":false,"travelProtectionStaticPage":null,"showNoRestStop":false,"IS_REGIONAL_OFFER_ENABLED":false,"iS_NEW_OFFER_CARD_DESIGN":false,"tppTnCUrl":null,"hideOfferWalletInReschedule":false,"showImgPng":true,"showStrippedNames":false,"isCenteredLoginView":false,"isConveyThisEnabled":false,"trustPilotReviews":null,"trustPilotText":null,"xCoverText":null,"OIPCardEnable":true,"oipCardImageUrl":"reddeal/srptiles/IND/","oipCardWebpUrl":"reddeal/srptiles/webp/IND/","oipCardFormat":"png","isProductSchemaDisabled":false,"chatWidgetScriptUrl":null,"showChatWidget":false,"ferryHomeSearchTopLocation":null,"IS_APP_INSTALL_NUDGE_ENABLED":false,"enableOldHomePageFooterInNewHome":false,"noCreativeContentInHomePage":false,"disableBusTypeFilter":false,"disableRatingFromSortAndBusTuple":false,"enableOtpV1ApiWithCaptchEnabled":false,"enablePageReloadWithoutIsWalletEnabled":false,"envAndCommitId":"PROD_642e99402","enableBPG":false,"bpgLogo":null,"enableChatBot":false,"Language":null,"trConfigs":{"homePage":{"active":"Book your free ticket after #RedemptionStartDate","avail":"<b>Free ticket available with #OpName</b> - Book & travel Before #RedemptionDate","complete":"Take #remainingTripsToCompleteStreak #tripNumber before #StreakEndDate and get a <b>free ticket<b>","consent":null,"unlockTxt":"Unlock"}},"IS_LOCALSTORAGE_CLEAR_ENABLED":false};
     var homeV2Config = {"scrollWidth":0,"hideScrollUp":false,"isHeadingH1Remove":false,"isOfferMid":false,"borderbottomTopSection":false,"homePagePreloadImages":["https://s3.rdbuz.com/images/webplatform/india/Homepage-header-800.webp","https://s3.rdbuz.com/images/webplatform/india/Homepage-header-1600.webp"],"heroImgAvif":"","heroImgWebp":"https://s3.rdbuz.com/images/webplatform/india/Homepage-header-800.webp 800w,https://s3.rdbuz.com/images/webplatform/india/Homepage-header-1200.webp 1200w,https://s3.rdbuz.com/images/webplatform/india/Homepage-header-1600.webp 1600w, https://s3.rdbuz.com/images/webplatform/india/Homepage-header-2000.webp 2000w","removePartailListMargin":false,"trustMarkerProps":null,"boListProps":null,"autoScrollOnAutoSuggestSuggestion":true,"heroText":"India's No. 1 Online Bus Ticket Booking Site","subHeroText":null,"heroTextStyle":"color: #fff; font-size: 32px; font-style: normal; font-weight: 700; line-height: normal; position: absolute; top: 124px; display: flex; justify-content: center; width: 100%;","heroSubTextStyle":null,"heroImg":"https://s3.rdbuz.com/images/webplatform/india/HomeBannerNew.png","heroAlt":null,"heroImgContainerstyle":"","heroImgStyle":"margin: 0 auto; height: 32.5rem; background-repeat: round; background-size: cover;}","scrollTopArrow":"https://s3.rdbuz.com/web/images/homeV2/scrollArrow.svg","bookByLbl":null,"partialList":["aboutUs","appInstall","primo","rtcAndPrivatePartneredWith"],"searchWidget":{"enableReturnDate":false,"srcLabel":"From","destLabel":"To","dateLabel":"Date","returnDateLabel":"Return Date","optionaltext":"Optional","sourceErrorMsg":"Enter 'From' and 'To","destErrorMsg":"Enter To","dateError":"Enter Date","searchBtnLabel":"SEARCH BUSES","customLocal":{"holidaysList":[{"date":"2023-01-26T00:00","desc":"Republic Day"},{"date":"2023-02-18T00:00","desc":"Maha Shivratri"},{"date":"2023-03-08T00:00","desc":"Holi"},{"date":"2023-03-22T00:00","desc":"Ugadi"},{"date":"2023-03-30T00:00","desc":"Ram Navami"},{"date":"2023-04-04T00:00","desc":"Mahavir Jayanti"},{"date":"2023-04-07T00:00","desc":"Good Friday"},{"date":"2023-04-14T00:00","desc":"Ambedkar Jayanti"},{"date":"2023-04-22T00:00","desc":"Eid-ul-fitr"},{"date":"2023-05-01T00:00","desc":"Labor Day"},{"date":"2023-05-05T00:00","desc":"Buddha Purnima"},{"date":"2023-07-29T00:00","desc":"Muharram"},{"date":"2023-08-15T00:00","desc":"Independence Day"},{"date":"2023-08-29T00:00","desc":"Onam"},{"date":"2023-08-30T00:00","desc":"Raksha Bandhan"},{"date":"2023-09-07T00:00","desc":"Janmashtamii"},{"date":"2023-09-19T00:00","desc":"Ganesh Chaturthi"},{"date":"2023-10-02T00:00","desc":"Gandhi Jayanti"},{"date":"2023-10-24T00:00","desc":"Dussehra"},{"date":"2023-10-28T00:00","desc":"Valmiki Jayanti"},{"date":"2023-11-01T00:00","desc":"Kannada Rajyotsava"},{"date":"2023-11-12T00:00","desc":"Diwali"},{"date":"2023-11-13T00:00","desc":"Govardhan Pooja"},{"date":"2023-11-27T00:00","desc":"Guru Nanak Jayanti"},{"date":"2023-12-25T00:00","desc":"Christmas"}],"monthName":null,"weekName":null}},"offer":{"OfferSectionHead":"TRENDING OFFERS","ValidTillText":"Valid till ","copyImg":"https://s2.rdbuz.com/web/images/homeV2/copy.svg","copyToastMsg":"code copied!","carouselProp":{"enableDefaultCarousel":true,"leftArrowPos":"5px","rightArrowPos":"5px","rightArrow":"icon icon-arrow_r","leftArrow":"icon icon-arrow_l","scrollPercentage":70},"bgColors":["linear-gradient(71.04deg, #0C398B -6.92%, #3E76D8 109.43%)","linear-gradient(71.04deg, #273965 -6.92%, #50D295 109.43%)","linear-gradient(71.04deg, #480004 -6.92%, #D84E55 109.43%)","linear-gradient(71.04deg, #0E7143 -6.92%, #73ECB3 109.43%)","linear-gradient(71.04deg, #187D97 -6.92%, #6DD5ED 109.43%)","linear-gradient(71.04deg, #CE7700 -6.92%, #FFC26F 109.43%)","linear-gradient(71.04deg, #86003E -6.92%, #D2518D 109.43%)","linear-gradient(71.04deg, #3C1053 -6.92%, #AD5389 109.43%)","linear-gradient(71.04deg, #3F2B96 -6.92%, #A8C0FF 109.43%)","linear-gradient(71.04deg, #0C398B -6.92%, #3E76D8 109.43%)","linear-gradient(71.04deg, #480004 -6.92%, #D84E55 109.43%)"],"offerDataVal":[{"OfferCode":"FIRST","ThumbnailUrl":"https://st.redbus.in/images/FIRST/first_26th_sep_2022_ravi/tile-80X80.png","Title":"Save up to Rs 250 on bus tickets","BusinessUnit":"BUS","ConditionApply":null,"ValidityEndDateLocal":"2024-07-31T00:00:00","onClickCardlink":"https://www.redbus.in/info/OfferTerms#FIRST","gradient":null,"SubTitle":null,"OfferDesc":null,"altName":"Bus Tickets Offer FIRST","titleName":"Bus Tickets Offer FIRST","isSquareImg":false,"isBPG":false,"IsDisplayOnlyOffer":"0"}],"offerBuisnessUnits":[],"viewAllText":"View All","offersPageLink":"https://www.redbus.in/info/OfferTerms","viewAllOffersStyle":"{color: #1034D9;font-weight: 600;border-radius: 1.5rem;border: 1px solid #AAA;padding: 10px 24px;font-size: 18px;cursor: pointer;text-decoration: none;&:hover{box-shadow: 0px 4px 12px rgba(0, 0, 0, 0.1);}}"},"bookingSectionTitle":null,"introBanner":null,"aboutUs":{"rightSectionBgHeight":"38.5rem","rightSectionBgWidth":"35.5rem","arrowIcon":"aboutUsIcon icon-thick_Right_arrow","headText":" NOW, <b>GET MORE THAN JUST BUS</b> TICKETS WITH REDBUS!","lobRightbgImg":"https://s3.rdbuz.com/web/images/homeV2/AboutUs/aboutUsImg.svg","lobData":[{"img":"https://s3.rdbuz.com/web/images/layout/rail_vertical.svg","label":" Train Tickets","altName":"Online Train Tickets Booking","titleName":"Online Train Tickets Booking"}],"infoSection":[{"lobElement":null,"infohead":"Book IRCTC Train Tickets on redRail simple & superfast booking process with no service fee + no payment gateway charge.","bookText":"Book Train Tickets","bookLink":"https://www.redbus.in/railways","infoPoints":[{"img":"https://s3.rdbuz.com/web/images/homeV2/AboutUs/railAuthorized.png","label":"Authorised IRCTC Partner","altName":"Authorised IRCTC Partner","titleName":"Authorised IRCTC Partner"},{"img":"https://s2.rdbuz.com/web/images/homeV2/AboutUs/railHasslefree.svg","label":"Instant refunds on UPI payments","altName":"Instant refunds on UPI payments","titleName":"Instant refunds on UPI payments"},{"img":"https://s1.rdbuz.com/web/images/homeV2/AboutUs/railrefunds.svg","label":"Hassle- free customer support","altName":"Hassle- free customer support","titleName":"Hassle- free customer support"}],"imgWidth":"32px","imgHeight":"32px","animationStyle":"slide-left","isInfoHeadTruncationNeeded":false,"viewMoreTxtLbl":null,"viewLessTxtLbl":null,"shortInfoHead":null,"longInfoHead":null}],"LobImage":[{"img":"https://s3.rdbuz.com/web/images/homeV2/AboutUs/railPop.png","webpImageUrl":"https://s3.rdbuz.com/web/images/homeV2/AboutUs/railPop.webp","top":"81px","left":"-86px","width":"634px","height":"612px","altName":"Online Train Tickets Booking","titleName":"Online Train Tickets Booking"}],"lobVideo":null},"appInstall":{"countrycodeErr":"Please enter country code","phoneNumbeErr":"Please enter valid Number","sending":"Sending...","linkSuccess":"Successfully sent","linkSendingFail":"Failed! try again","getLink":"Get Link","resendLink":"Resend Link","defaultcountryCode":"91","backgroundImgUrl":"https://s1.rdbuz.com/web/images/homeV2/appinstall/appInstallbg.svg","width":"","mainText":"ENJOY THE APP!","tickImg":"https://s3.rdbuz.com/web/images/homeV2/appinstall/tick.svg","starIcon":"icon icon-appinstallstar","isDisableSendAppLinkToMobile":true,"keyPoints":["Quick access","Superior live tracking"],"ratingObj":[{"rating":"4.5","DownloadsText":"50M+ downloads","storeName":"Play Store"},{"rating":"4.6","DownloadsText":"50M+ downloads","storeName":"App Store"}],"getLinkSectionProps":{"downLoadLinkOnText":"Get Download link on","arrowUpImg":"icon icon-arrowUp","arrowDownImg":"icon icon-arrowDown","codeSection":{"phoneCodeInputProps":{"width":"10.68rem","height":"2.9rem","moveLabelOnFocusToTopBy":"-11px","moveInputOnFocusToBottomBy":"11px","inputType":"text","label":"Search for Countries","backgroundColor":"#F7F7F7"},"searchImage":"icon icon-searchv2","appendCountryCode":"+","oopsText":"Oops, No countries Found!"},"numberInputProps":{"width":"10.8rem","height":"46px","moveLabelOnFocusToTopBy":"-13px","moveInputOnFocusToBottomBy":"13px","inputType":"text","label":"WhatsApp number","backgroundColor":"#FFFFFF","maxLength":10}},"qrData":{"qrHeadText":"Scan to download","qrImg":"https://s1.rdbuz.com/web/images/homeV2/qrCode.svg","downloadText":"Download the App on","downloadPlaystorImg":"https://s2.rdbuz.com/web/images/homeV2/appinstall/playStore.svg","downloadAppStorImg":"https://s3.rdbuz.com/web/images/homeV2/appinstall/appStore.svg","playStoreLink":"https://play.google.com/store/apps/details?id=in.redbus.android&hl=en_IN&gl=US&pli=1","appStoreLink":"https://apps.apple.com/in/app/redbus-bus-booking-app/id733712604","playStoreImgStyle":{"height":"42px","width":"145px"},"appStoreImgDimension":{"height":"46px","width":"147px"}}},"primo":{"primoHeadImg":"https://s1.rdbuz.com/web/images/homeV2/primoSection/primoTopBanner.svg","primoSubSection":[{"img":"https://s2.rdbuz.com/web/images/homeV2/primoSection/primoSubImg1.svg","headText":"1 of 5 buses qualify","subText":"Primo’s strict safety qualification ensures a safer travel for you","altName":" Primo Bus Booking","titleName":"Primo Bus Booking"},{"img":"https://s3.rdbuz.com/web/images/homeV2/primoSection/primoSubImg2.svg","headText":"Preferred by 90%","subText":"90% of travellers re-book Primo buses for its punctuality and comfort","altName":"Primo Bus Booking","titleName":"Primo Bus Booking"},{"img":"https://s2.rdbuz.com/web/images/homeV2/primoSection/primoSubImg3.svg","headText":"9 Lac+ monthly travellers","subText":"In 2022, 9 Lac+ people traveled with Primo every month","altName":"Primo Bus Booking","titleName":"Primo Bus Booking"}]},"rtcPartners":{"viewAllText":"View All","partnedWithText":"PARTNERED WITH","partnerWithSubHead":"26 RTCs","imgWidthHeight":"6rem","textpadding":".6rem 2rem","viewAllLink":"https://www.redbus.in/online-booking/rtc-directory","rtcData":[{"img":"https://s3.rdbuz.com/buslogos/country/ind/logo_group/27000.png","rtcName":"KSRTC","link":"https://www.redbus.in/online-booking/ksrtc-karnataka","altName":" KSRTC Karnataka Bus Online Booking","titleName":"KSRTC Karnataka Bus Online Booking"},{"img":"https://s3.rdbuz.com/buslogos/country/ind/logo_group/10283.png","rtcName":"APSRTC","link":"https://www.redbus.in/online-booking/apsrtc","altName":" APSRTC Bus Online Booking","titleName":"APSRTC Bus Online Booking"},{"img":"https://s3.rdbuz.com/web/images/homeV2/rtc/GSRTC.svg","rtcName":"GSRTC","link":"https://www.redbus.in/online-booking/gsrtc","altName":" GSRTC Bus Online Booking","titleName":"GSRTC Bus Online Booking"},{"img":"https://s3.rdbuz.com/Images/carousel/TSRTC.png","rtcName":"TSRTC","link":"https://www.redbus.in/online-booking/tsrtc","altName":" TSRTC Bus Online Booking","titleName":"TSRTC Bus Online Booking"},{"img":"https://s3.rdbuz.com/web/images/homeV2/rtc/KERALA-RTC.svg","rtcName":"Kerala RTC","link":"https://www.redbus.in/online-booking/ksrtc-kerala","altName":" Kerala RTC Bus Online Booking","titleName":"Kerala RTC Bus Online Booking"},{"img":"https://s3.rdbuz.com/buslogos/country/ind/logo_group/16426.png","rtcName":"SBSTC","link":"https://www.redbus.in/online-booking/south-bengal-state-transport-corporation-sbstc","altName":" SBSTC Bus Online Booking","titleName":"SBSTC Bus Online Booking"},{"img":"https://s3.rdbuz.com/web/images/homeV2/rtc/RSRTC.svg","rtcName":"RSRTC","link":"https://www.redbus.in/online-booking/rsrtc","altName":" RSRTC Bus Online Booking","titleName":"RSRTC Bus Online Booking"},{"img":"https://s3.rdbuz.com/web/images/homeV2/rtc/UPSRTC.svg","rtcName":"UPSRTC","link":"https://www.redbus.in/online-booking/upsrtc","altName":" UPSRTC Bus Online Booking","titleName":"UPSRTC Bus Online Booking"}]},"privatePartner":{"headText":"4500+ Private Bus Operators","viewAllText":"View All","viewAllLink":"https://www.redbus.in/travels/operators-directory","operatorData":[{"operatorName":"SRS Travels","link":"https://www.redbus.in/travels/srs-travels-srs"},{"operatorName":"Kallada Travels","link":"https://www.redbus.in/travels/kallada-travels-kallada"},{"operatorName":"KPN Travels","link":"https://www.redbus.in/travels/kpn-travels-kpn"},{"operatorName":"Orange Travels","link":"https://www.redbus.in/travels/orange-travels-orange"},{"operatorName":"Parveen Travels","link":"https://www.redbus.in/travels/parveen-travels"},{"operatorName":"Rajdhani Express","link":"https://www.redbus.in/travels/rajdhani-express"},{"operatorName":"VRL Travels","link":"https://www.redbus.in/travels/vrl-travels-vrl"},{"operatorName":"Chartered Speed Bus","link":"https://www.redbus.in/travels/chartered-bus"},{"operatorName":"Bengal Tiger","link":"https://www.redbus.in/travels/bengal-tiger"},{"operatorName":"SRM Travels","link":"https://www.redbus.in/travels//srm-travels-srm"},{"operatorName":"Infant Jesus","link":"https://www.redbus.in/travels/infant-jesus"},{"operatorName":"Patel Travels","link":"https://www.redbus.in/travels/patel-travels-lufthanza-9940"},{"operatorName":"JBT Travels","link":"https://www.redbus.in/travels/jbt-travels"},{"operatorName":"Shatabdi Travels","link":"https://www.redbus.in/travels/shatabdi-travels-1"},{"operatorName":"Eagle Travels","link":"https://www.redbus.in/travels/eagle-travels"},{"operatorName":"Kanker Roadways","link":"https://www.redbus.in/travels/kanker-roadways-10172"},{"operatorName":"Komitla","link":"https://www.redbus.in/travels/komitla"},{"operatorName":"Sri Krishna Travels","link":"https://www.redbus.in/travels/sri-krishna-travels"},{"operatorName":"Humsafar Travels","link":"https://www.redbus.in/travels/humsafar-travels-9807"},{"operatorName":"Mahasagar Travels","link":"https://www.redbus.in/travels/mahasagar-travels-mahasagar"},{"operatorName":"Raj Express","link":"https://www.redbus.in/travels/raj-express-1"},{"operatorName":"Sharma Travels","link":"https://www.redbus.in/travels/sharma-travels"},{"operatorName":"Shrinath Travels","link":"https://www.redbus.in/travels/shrinath-travels-agency-online"}]},"faq":{"faqHeadText":"FREQUENTY ASKED QUESTIONS","plusIcon":"icon icon-plusv2","minusIcon":"icon icon-minusv2","faqconfigData":[{"tileName":"General","Data":[{"head":"Can I track the location of my booked bus online?","points":"<p> Yes, you can track your <b> bus online </b> by using our bus tracking app feature called <a class=\"blueTextNormal\" href=\"https://www.redbus.in/info/track-my-bus\">Track My Bus</a>. This feature allows passengers and their families to track the live bus tracking location. You may follow your bus on a map and use the information to plan your trip to the boarding point and to get off at the correct stop. Family and friends may also check the bus position to plan pick-ups and ensure your safety. </p>"},{"head":"What are the advantages of purchasing a bus ticket with redBus?","points":"<p> There are many advantages to purchasing <b> online bus tickets </b> with redBus. redBus is India’s most trusted bus ticket company, where you can book any type of private or Government owned buses. redBus allows you to find the different types of buses, choose the preferred bus seats, and your nearest boarding and dropping points. You can also filter the buses based on timings like morning, evening bus etc. </p>"},{"head":"Why book bus tickets online on redBus?","points":"<p> Booking <b> bus tickets online </b> on redBus is increasingly becoming the preferred choice for travelers due to its numerous advantages over traditional methods.With redBus, customers can book their <b> bus tickets </b> effortlessly from the comfort of their homes, avoiding the inconvenience of standing in long lines at bus stations or travel agencies. <b> Online bus booking </b> not only offers the luxury of comparing different bus schedules and operators but also presents various discount offers and exclusive deals, resulting in significant savings. <br><br></p><p class=\"MarT10\">Payment security is another notable feature of online booking, which ensures that your financial information is well-protected against fraud. Additionally, customers get the privilege to pick their seats, providing a customized travel experience.<b> Online bus booking </b> platforms give real-time updates about any changes in the bus timetable, including delays or cancellations, enabling better planning. <br><br></p><p class=\"MarT10\">The convenience doesn't stop here; travelers can even compare onboard amenities like charging points or snacks, further enhancing the travel experience. <br></p>"},{"head":"Do I need to create an account on the redBus site to book my bus ticket?","points":"<p> No, you don’t have to create an account on redBus site to book your bus ticket. But it is advisable to create one to accelerate the process next time you want to book <b> bus tickets</b>. Also redBus has many discounts and offers that you can easily access if you have an account with us.</p>"},{"head":"Does bus booking online cost me more?","points":"<p>Not at all! The price of the <b> bus ticket </b> is the same as you would get from the bus operator/ counter of any <b> bus ticket agency</b>. Redbus reduces the travel budget by comparing the <b> bus ticket </b> prices among various operators, making it a more cost-effective choice. Therefore, <b> online bus booking </b> is increasingly being recognized as a more convenient, efficient, and economical mode of securing travel arrangements. </p>"},{"head":"How can I get the discounts on the bus booking?","points":"<p> To get the discount on <b> bus booking </b> please visit: https://www.redbus.in/info/OfferTerms and check the available offers. Copy the coupon code and paste it during checkout to avail the discount.</p>"},{"head":"What's New in Bus Booking on redBus?","points":"<p>Primo <b>Bus Ticket</b>: redBus has launched Primo bus services, where passengers can enjoy traveling in high-rated buses with best-in-class services. While looking for<b> bus tickets</b> on the desired route, customers can check the Primo tag to choose this excellent service. From hygiene standards to on-time service and comfort, passengers can benefit from <b> online bus booking </b>experience from Primo buses.</p>"},{"head":"Can I book a Government bus ticket on redBus?","points":"<p> Yes, you can book government <b> bus tickets </b> on redBus. redBus has extended its <b> bus booking </b> services to many RTCs in India. Some of these RTCs are <a class=\"blueTextNormal\" href=\"https://www.redbus.in/online-booking/apsrtc\"> Andhra Pradesh State Road Transport Corporation</a>(APSRTC), <a class=\"blueTextNormal\" href=\"https://www.redbus.in/online-booking/astc\"> Assam State Transport Corporation</a>(ASTC), <a class=\"blueTextNormal\" href=\"https://www.redbus.in/online-booking/bihar-state-tourism-development-corporation\">Bihar State Tourism Development Corporation</a>(BSTDC), <a class=\"blueTextNormal\" href=\"https://www.redbus.in/online-booking/hrtc\">Himachal Road Transport Corporation</a> (HRTC), <a class=\"blueTextNormal\" href=\"https://www.redbus.in/online-booking/jksrtc\">Jammu and Kashmir State Road Transport Corporation</a>(JKSRTC), <a class=\"blueTextNormal\" href=\"https://www.redbus.in/online-booking/ksrtc-kerala\">Kerala RTC,</a>  <a class=\"blueTextNormal\" href=\"https://www.redbus.in/online-booking/ktcl\">Kadamba Transport Corporation</a>(KTCL), <a class=\"blueTextNormal\" href=\"https://www.redbus.in/online-booking/pepsu\">Patiala and the East Punjab States Union</a>(PEPSU), <a class=\"blueTextNormal\" href=\"https://www.redbus.in/online-booking/puducherry-road-transport-corporation-prtc\">Puducherry Road Transport Corporation</a> (PRTC), <a class=\"blueTextNormal\" href=\"https://www.redbus.in/online-booking/rsrtc\">Rajasthan State Road Transport Corporation</a> (RSRTC),<a class=\"blueTextNormal\" href=\"https://www.redbus.in/online-booking/south-bengal-state-transport-corporation-sbstc\"> South Bengal State Transport Corporation</a> (SBSTC), <a class=\"blueTextNormal\" href=\"https://www.redbus.in/online-booking/utc\">Uttarakhand Transport Corporation</a> (UTC),<a class=\"blueTextNormal\" href=\"https://www.redbus.in/online-booking/west-bengal-transport-corporation\"> West Bengal Transport Corporation</a> [WBTC (CTC)],<a class=\"blueTextNormal\" href=\"https://www.redbus.in/online-booking/north-bengal-state-transport-corporation\"> North Bengal State Transport Corporation</a> (NBSTC). </p>"}]},{"tileName":"Ticket-related","Data":[{"head":"How can I book bus tickets on redBus?","points":" <p> <b>Bus ticket Booking </b> is very easy on redBus. To book the bus tickets go to the main page, enter your source city and destination city, in the “From” and “To” fields respectively. Enter travel date and hit the search button. Now you will see the list of buses that are available on the given bus route. You can use the filter option , such as duration, fare, bus type, etc to rearrange the list accordingly. This makes it easier for the customer to book their <b> bus ticket online </b> with redBus.</p>"},{"head":"Can I change the date of my journey after I have booked my bus ticket?","points":"<p> Yes. You can change the date of journey after <b> booking bus ticket </b> on redBus by clicking the “Reschedule” icon if you think your travel plan might get interrupted while booking . Bus operators with the “Reschedule icon” next to it offer rescheduling of the <b> bus ticket </b> in case your initially selected date is not viable to travel on.</p>"},{"head":"Is it mandatory to take a printout of the ticket?","points":" <p class=\"XCN\"> It depends on the bus operator you have booked your <b> online bus tickets </b> with. Even mTickets are available on redBus. For operators that support mTickets, the SMS that is sent to your mobile can be produced at the time of boarding and you will be allowed to travel. <br><br></p><p >For operators that do not support mTickets it is a must to take a printout of the e-ticket and produce it at the time of boarding. The e-ticket is sent to the e-mail ID provided at the time of boarding.<br><br></p><p class=\"XCN\">To know which operators are mTicket enabled, look for the mTicket icon <span class=\"icon-mticket\" style=\"font-size: 20px;\"></span> under the mTicket column while searching for buses. </p>"},{"head":"I've lost my ticket. What should I do now?","points":" <p> A copy of the <b> bus ticket </b> would have been sent to you by email when you booked <b> bus ticket online </b>. Please take a printout of that mail and produce it at the time of boarding. If you have not received the ticket e-mail, please call any of our call centers and our executive will resend you a copy by mail.</p>"},{"head":"What is an mTicket?","points":"<p> An mTicket is an SMS that is sent to your mobile on <b>booking bus tickets </b>  with select private bus operators. This SMS has the TIN number and the PNR number along with other ticket related information. It can be used to board the bus. Please note that not all operators accept mTickets. To know which operators are mTicket enabled, look for the mTicket icon <span class=\"icon-mticket\" style=\"font-size: 20px;\"></span> under the mTicket column while searching for buses. <br></p>"},{"head":"I didn’t receive my mTicket. Can you resend it?","points":"<p> You can generate your mTicket online. To generate m-Ticket online click on the Print/SMS ticket link on the redbus home page on www.redBus.in. Enter your TIN number mentioned on the e-ticket we emailed you. Choose the SMS option and click on Submit. In case you don’t have a copy of the e-ticket either, contact our call center and our executive will assist you.</p>"},{"head":"I entered the wrong mobile number while booking. Can I get my mTicket on a different number?","points":"<p> Yes, you can get the m-Ticket on the different numbers.To get the M-Ticket on the different number  please contact redBus call center and our customer executive will send you the mTicket on your desired number. </p>"}]},{"tileName":"Payment","Data":[{"head":"Is it safe to use my credit or debit card to buy bus tickets on redBus?","points":"<p>Transactions on redBus are very safe. We employ the best-in-class security and the transactions done are secure. Apart from being certified by Verisign, redBus uses Secure Socket Layers (SSL) data encryption. Using SSL ensures that the information exchanged with us is never transmitted unencrypted, thus protecting the information from being viewed by unauthorized individuals.</p>"},{"head":"Does the owner of the credit card/debit card with which the bus ticket is purchased need to be one of the passengers?","points":"<p> Not at all! A passenger can use any debit or credit card to pay for the <b> bus ticket </b>, not necessarily their own. However, please note that the passenger in whose name the ticket is booked should carry a proof of his identity (along with the ticket) at the time of boarding the bus.</p>"},{"head":"What are the different payment options available on Bus Ticket booking?","points":"<p> There are many payment modes available to <b> book buses </b> on the redBus website and app. Some of these payment modes that are available for the <b> bus ticket booking </b> process are: </p><ul style=\"list-style-type: disc; padding-left: 7%;\"><li>Debit Card/Credit Card/ATM Cards (Visa, MasterCard, Maestro & Rupay)</li><li>Net Banking (HDFC Bank, ICICI Bank, Indian Bank, Axis Bank, SBI and all major banks)</li><li>UPI (Google Pay, Amazon Pay, PhonePe)</li><li>Book Now, Pay Later (Simpl)</li><li>Wallets (Paytm) </li></ul><p>Make sure to check the coupon code to get the discounts on <b>bus booking online</b>, redBus offers a lot of redDeals to book the <b> bus ticket </b> on budget. </p>"},{"head":"How does the transaction appear on my card / account statement?","points":"<p> Transactions on redBus will appear as REDBUS.IN, <a class=\"blueTextNormal\" href=\"http://www.redbus.in\">www.redbus.in</a> in your bank statement. </p>"}]},{"tileName":"Cancellation & Refund","Data":[{"head":"Can I cancel my bus ticket online?","points":"<p> Yes you can cancel <b>bus tickets online</b>, Most of the tickets can be canceled online. However, there are some <b> bus tickets</b> that can only be canceled through our call center. <br><br></p><p class=\"MarT10\"> However please note that the cancellation fee and cancellation period may differ for specific bus services. Please contact any of our executives for cancellation details on any specific service.<br></p>"},{"head":"How can I cancel my bus ticket online?","points":"<p>To cancel the <b> bus ticket online </b>, you need to click on the cancellation link provided on our home page. Enter your ticket number and the e-mail ID that was provided at the time of <b> bus booking </b>and click on cancel ticket.</p>"},{"head":"I missed the bus. Do I get a refund? (Refund)","points":"<p>redBus provides a 100% refund if the bus is missed due to either redBus or its partner company's fault. However, if the bus is missed due to any other reason not directly related to redBus no refund is provided.</p>"},{"head":"How can I get a refund in case I cancel my ticket? (Refund)","points":"<p> The refund is provided as per cancellation policy of the operator. The refund can be credited to the source of payment (Example: debit card, credit card, net banking) or credited to redBus wallet. Wallet credit can be used for <b> bus booking </b>in future (within 6 months of cancellation).</p>"},{"head":"What happens if the bus does not leave on time or is canceled?","points":"<p> If your bus does not leave on time or is canceled, in such situations, you will need to consult the counter of the respective bus operators. You can also call the redBus customer care to discuss the appropriate actions.</p>"},{"head":"How can I reschedule my bus tickets?","points":"<p> To reschedule your <b> bus ticket </b> on redBus, follow these steps: <ol style=\"list-style-type:number; padding-left: 7%;\"> <li>Visit https://www.redbus.in/reschedule</li> <li>Search for your <b> bus ticket </b> by entering your ticket number and registered email ID.</li> <li>Verify your <b>online bus tickets</b> details and select the date to reschedule your journey.</li> <li>Select a bus operator, verify every detail, and make your payment if any difference in <b> bus ticket </b> prices needs to be cleared.</li> </ol></p>"}]},{"tileName":"Insurance","Data":[{"head":"Details on Insurance","points":"  <p>For details on Insurance of your journey after <b> bus ticket booking</b>, please refer to the <a href=\"http://s1.rdbuz.com/apps/insurance-terms.html\" target=\"_blank\">Insurance Terms </a>"}]}]},"payInstruments":null,"operatorLogos":null,"statistics":null,"globalPresence":{"title":"Global Presence","data":[{"title":"Colombia","imgUrl":"https://s3.rdbuz.com/web/images/homeV2/LATAM/GlobalPresencev2/Colombia.svg","count":"","redirectUrl":"https://www.redbus.co","titleName":"redBus Colombia","altName":"redBus Colombia"},{"title":"India","imgUrl":"https://s3.rdbuz.com/web/images/homeV2/LATAM/GlobalPresencev2/India.svg","count":"","redirectUrl":"https://www.redbus.in","titleName":"redBus India","altName":"redBus India"},{"title":"Indonesia","imgUrl":"https://s3.rdbuz.com/web/images/homeV2/LATAM/GlobalPresencev2/Indonesia.svg","count":"","redirectUrl":"https://www.redbus.id","titleName":"redBus Indonesia","altName":"redBus Indonesia"},{"title":"Malaysia","imgUrl":"https://s3.rdbuz.com/web/images/homeV2/LATAM/GlobalPresencev2/Malaysia.svg","count":"","redirectUrl":"https://www.redbus.my","titleName":"redBus Malaysia","altName":"redBus Malaysia"},{"title":"Peru","imgUrl":"https://s3.rdbuz.com/web/images/homeV2/LATAM/GlobalPresencev2/Peru.svg","count":"","redirectUrl":"https://www.redbus.pe","titleName":"redBus Peru","altName":"redBus Peru"},{"title":"Singapore","imgUrl":"https://s3.rdbuz.com/web/images/homeV2/LATAM/GlobalPresencev2/Singapore.svg","count":"","redirectUrl":"https://www.redbus.sg","titleName":"redBus Singapore","altName":"redBus Singapore"},{"title":"Vietnam","imgUrl":"https://s3.rdbuz.com/web/images/homeV2/LATAM/GlobalPresence/Vietnam.svg","count":"","redirectUrl":"https://www.redbus.vn","titleName":"redBus Vietnam","altName":"redBus Vietnam"},{"title":"Cambodia","imgUrl":"https://s3.rdbuz.com/web/images/homeV2/LATAM/GlobalPresence/Cambodia.svg","count":"","redirectUrl":"https://www.redbus.com.kh","titleName":"redBus Cambodia","altName":"redBus Cambodia"}]},"appInstallData":null,"lobSection":null,"trustMarkers":null};
     var showAd = true;
     var IS_FERRY_CLTD_ENABLED = false;
    </script>


        <script>
        var languageJSON = {"primoBannerWebpImage":"https://s3.rdbuz.com/images/webplatform/india/primoHomeBannerComp.webp","primoBannerImage":"https://s3.rdbuz.com/images/webplatform/india/primoHomeBannerComp.png","isRTCImageNotFromApi":true,"callPerz":true,"enableSeoHome":true,"seoHomePartialList":["C_103","C_254","C_404"],"seoHomeData":{"title":"Bus Ticket Booking Online made Easy, Secure with Top Bus Operators - redBus","metaDescription":"Bus Tickets Online Booking at lowest rates, easy cancellation and get an instant refund with redBus, the worlds largest bus ticket booking brand. ","partialData":[{"uiComponentId":"C_103","content":{"heading":"BOOK BUS TICKETS ONLINE","body":"<p>redBus is India's largest brand for online bus ticket booking and offers an easy-to-use online bus and <a href=\"/train-tickets\" target=\"_self\">train ticket </a> booking; with over 36 million satisfied customers, 3500+ bus operators to choose from, and plenty of offers on bus ticket booking, redBus makes road journeys super convenient for travellers. A leading platform for booking bus tickets, redBus has been the leader in online bus booking over the past 17 years across thousands of cities and lakhs of routes in India.</p>\n<p>Booking a bus ticket online on the redBus app or website is very simple. You can download the redBus app or visit redbus.in and enter your source, destination &amp; travel date to check the top-rated bus services available. You can then compare bus prices, user ratings &amp; amenities, select your preferred seat, boarding &amp; dropping points and pay using multiple payment options like UPI, debit or credit card, net banking and more. With redBus, get assured safe &amp; secure payment methods and guaranteed travel with the best seat and bus operator of your choice. Once the bus booking payment is confirmed, all you have to do is pack your bags and get ready to travel with the m-ticket, which you can show to the bus operator on your mobile before boarding the bus. Online bus ticket booking with redBus is that simple!</p>\n<p>redBus also offers other exclusive benefits on online bus tickets like flexible ticket rescheduling options, easy &amp; friendly cancellation policies, and instant payment refunds. With a live bus tracking feature, you can plan travel and never miss the bus. You can get the cheapest bus tickets by availing the best discounts for new &amp; existing customers. With redDeals, you can also get exclusive &amp; additional discounts on your online bus ticket booking. You will get 24/7 customer support on call, chat &amp; help to resolve all your queries in English &amp; local languages.</p>\n<p>redBus offers Primo bus services, specially curated by redBus, which have highly rated buses and best-in-class service. With Primo by redBus, you can be assured of safe, comfortable, and on-time bus service at no additional cost. With multiple boarding and dropping points available across all major cities in India, you can select at your convenience and enjoy a smooth travel experience.</p>\n<p>redBus operates in six countries, including India, Malaysia, Singapore, Indonesia, Peru, and Colombia. Through its website and app, it has sold over 220 million bus tickets worldwide. With over 36 million satisfied customers, redBus is committed to providing its users with a world-class online bus booking experience.</p>\n<p>redBus offers bus tickets from some of the top private bus operators, such as Orange Travels, VRL Travels, SRS Travels, Chartered Bus, and Praveen Travels, and state government bus operators, such as APSRTC, TSRTC, GSRTC, Kerala RTC, TNSTC, RSRTC, UPSRTC, and more. With redBus, customers can easily book bus tickets for different bus types, such as AC/non-AC, Sleeper, Seater, Volvo, Multi-axle, AC Sleeper, Electric buses, and more.</p>\n","subHeading":null,"var1":"Read more","var2":"Read less","var3":null,"label1":null,"value1":null,"label2":null,"value2":null,"label3":null,"value3":null,"imageUrl":null,"faqList":null,"dataList":null},"headerType":"h2"},{"uiComponentId":"C_254","content":{"heading":"Bus Booking redDeals on redBus ","body":"<p>Don't miss out on these incredible offers, book your bus tickets now and travel with convenience and affordability. Hurry, grab the best bus booking deals before they're gone!</p>\n","subHeading":"Unlock Unbeatable Exclusive","var1":" redDeals!","var2":"20% OFF","var3":"Book now","label1":"Deals","value1":"3224","label2":"Bus Operators","value2":"1424","label3":"Routes","value3":"233611","imageUrl":"https://st.redbus.in/seo/common/redDeals_bg.webp","faqList":null,"dataList":null},"headerType":"h2"},{"uiComponentId":"C_404","content":{"heading":"FAQs related to Bus Tickets Booking","body":null,"subHeading":null,"var1":null,"var2":null,"var3":null,"label1":null,"value1":null,"label2":null,"value2":null,"label3":null,"value3":null,"imageUrl":null,"faqList":[{"subHeading":"General","qaList":[{"queType":"General","que":"Can I track the location of my booked bus online?","ans":"<p>Yes, you can track your bus online by using our bus tracking app feature called “Track My Bus”. This feature allows passengers and their families to track the live bus location. You may follow your bus on a map and use the information to plan your trip to the boarding point and to get off at the correct stop. Family and friends may also check the bus position to schedule pick-ups and ensure safety.</p>"},{"queType":"General","que":"What are the advantages of purchasing a bus ticket with redBus?","ans":"<p>There are many advantages to purchasing online bus tickets with redBus. redBus is India’s most trusted bus ticket company, where you can book any type of private or government-owned bus. redBus allows you to find the different types of buses, choose the preferred bus seats, and find your nearest boarding and dropping points. You can also filter the buses based on timings, like morning, evening, etc.&nbsp;</p>"},{"queType":"General","que":"Why book bus tickets online on redBus?","ans":"<p>Booking bus tickets online on redBus is increasingly becoming the preferred choice for travellers due to its numerous advantages over traditional methods. With redBus, customers can book their bus tickets effortlessly from the comfort of their homes, avoiding the inconvenience of standing in long lines at bus stations or travel agencies. Online bus booking offers the luxury of comparing different bus schedules and operators and presents various discount offers and exclusive deals, resulting in significant savings. Payment security is another notable feature of online booking, which ensures that your financial information is well-protected against fraud. Additionally, customers can pick their seats, providing a customized travel experience. Online bus booking platforms give real-time updates about any changes in the bus timetable, including delays or cancellations, enabling better planning. The convenience doesn't stop here; travellers can even compare onboard amenities like charging points or snacks, further enhancing the travel experience.</p>"},{"queType":"General","que":"Do I need to create an account on the redBus site to book my bus ticket? ","ans":"<p>No, you don’t have to create an account on the redBus site to book your bus ticket. But it is advisable to make one to accelerate the process next time you want to book bus tickets. Also, redBus has many discounts and offers that you can easily access if you have an account with us.</p>"},{"queType":"General","que":"Does bus booking online cost me more?","ans":"<p>Not at all! The bus ticket price is the same as you would get from the bus operator/ counter of any bus ticket agency. redbus reduces the travel budget by comparing the bus ticket prices among various operators, making it a more cost-effective choice. Therefore, online bus booking is increasingly recognized as a more convenient, efficient, and economical mode of securing travel arrangements.</p>"},{"queType":"General","que":"How can I get the discounts on the bus booking?","ans":"<p>To get a discount on bus booking, please visit https://www.redbus.in/info/OfferTerms and check the available offers. Copy the coupon code and paste it during checkout to avail of the discount.</p>"},{"queType":"General","que":"What's New in Bus Booking on redBus?","ans":"<p>Primo Bus Ticket: redBus has launched Primo bus services, where passengers can enjoy travelling in high-rated buses with best-in-class services. While looking for bus tickets on the desired route, customers can check the Primo tag to choose this excellent service. From hygiene standards to on-time service and comfort, passengers can benefit from the online bus booking experience from Primo buses.</p>"},{"queType":"General","que":"Can I book a Government bus ticket on redBus?","ans":"<p>Yes, you can book government bus tickets on redBus. redBus has extended its bus booking services to many RTCs in India. Some of these RTCs are <a href=\"https://www.redbus.in/online-booking/apsrtc\" target=\"_self\">Andhra Pradesh State Road Transport Corporation </a>(APSRTC),<a href=\"https://www.redbus.in/online-booking/astc\" target=\"_self\"> Assam State Transport Corporation</a> (ASTC), <a href=\"https://www.redbus.in/online-booking/bihar-state-tourism-development-corporation\" target=\"_self\">Bihar State Tourism Development Corporation </a>(BSTDC), <a href=\"https://www.redbus.in/online-booking/hrtc\" target=\"_self\">Himachal Road Transport Corporation</a> (HRTC), J<a href=\"https://www.redbus.in/online-booking/jksrtc\" target=\"_self\">ammu and Kashmir State Road Transport Corporation</a> (JKSRTC), <a href=\"https://www.redbus.in/online-booking/ksrtc-kerala\" target=\"_self\">Kerala RTC</a>, <a href=\"https://www.redbus.in/online-booking/ktcl\" target=\"_self\">Kadamba Transport Corporation</a> (KTCL), <a href=\"https://www.redbus.in/online-booking/pepsu\" target=\"_self\">Patiala and the East Punjab States Union</a> (PEPSU),<a href=\"https://www.redbus.in/online-booking/puducherry-road-transport-corporation-prtc\" target=\"_self\"> Puducherry Road Transport Corporation</a> (PRTC), <a href=\"https://www.redbus.in/online-booking/rsrtc\" target=\"_self\">Rajasthan State Road Transport Corporation</a> (RSRTC), <a href=\"https://www.redbus.in/online-booking/south-bengal-state-transport-corporation-sbstc\" target=\"_self\">South Bengal State Transport Corporation</a> (SBSTC), <a href=\"https://www.redbus.in/online-booking/utc\" target=\"_self\">Uttarakhand Transport Corporation</a> (UTC), <a href=\"https://www.redbus.in/online-booking/west-bengal-transport-corporation\" target=\"_self\">West Bengal Transport Corporation</a> WBTC (CTC), <a href=\"https://www.redbus.in/online-booking/north-bengal-state-transport-corporation\" target=\"_self\">North Bengal State Transport Corporation </a>(NBSTC) <a href=\"https://www.redbus.in/online-booking/chandigarh-transport-undertaking-ctu\" target=\"_self\">Chandigarh Transport Undertaking (CTU)</a>&nbsp;</p>"}]},{"subHeading":"Ticket-related","qaList":[{"queType":"Ticket-related","que":"How can I book bus tickets on redBus? ","ans":"<p>Bus ticket Booking is effortless on redBus. To book the bus tickets, go to the main page and enter your source city and destination city in the “From” and “To” fields, respectively. Enter the travel date and hit the search button. Now, you will see the bus list available on the given bus route. You can use the filter option, such as duration, fare, bus type, etc., to rearrange the list accordingly. This makes it easier for customers to book their bus tickets online with redBus.</p>"},{"queType":"Ticket-related","que":"Can I change the date of my journey after I have booked my bus ticket?","ans":"<p>Yes. You can change the journey date after booking a bus ticket on redBus by clicking the “Reschedule” icon if your travel plan might get interrupted while booking. Bus operators with the “Reschedule icon” next to it offer rescheduling of the bus ticket in case your initially selected date is not viable to travel on.</p>"},{"queType":"Ticket-related","que":"Is it mandatory to take a printout of the ticket?","ans":"<p>It depends on the bus operator you have booked your online bus tickets with. Even mTickets are available on redBus. For operators that support mTickets, the SMS that is sent to your mobile can be produced at the time of boarding and you will be allowed to travel.For operators that do not support mTickets it is a must to take a printout of the e-ticket and produce it at the time of boarding. The e-ticket is sent to the e-mail ID provided at the time of boarding.To know which operators are mTicket enabled, look for the mTicket icon under the mTicket column while searching for buses.</p>"},{"queType":"Ticket-related","que":"I've lost my ticket. What should I do now?","ans":"<p>A copy of the bus ticket would have been sent to you by email when you booked bus ticket online. Please take a printout of that mail and produce it at the time of boarding. If you have not received the ticket e-mail, please call any of our call centers and our executive will resend you a copy by mail.</p>"},{"queType":"Ticket-related","que":"What is an mTicket?","ans":"<p>An mTicket is an SMS that is sent to your mobile on booking bus tickets with select private bus operators. This SMS has the TIN number and the PNR number along with other ticket related information. It can be used to board the bus. Please note that not all operators accept mTickets. To know which operators are mTicket enabled, look for the mTicket icon  under the mTicket column while searching for buses.</p>"},{"queType":"Ticket-related","que":"I didn’t receive my mTicket. Can you resend it?","ans":"<p>You can generate your mTicket online. To generate m-Ticket online click on the Print/SMS ticket link on the redbus home page on www.redBus.in. Enter your TIN number mentioned on the e-ticket we emailed you. Choose the SMS option and click on Submit. In case you don’t have a copy of the e-ticket either, contact our call center and our executive will assist you.</p>"},{"queType":"Ticket-related","que":"I entered the wrong mobile number while booking. Can I get my mTicket on a different number?","ans":"<p>Yes, you can get the m-Ticket on the different numbers.To get the M-Ticket on the different number  please contact redBus call center and our customer executive will send you the mTicket on your desired number.</p>"}]},{"subHeading":"Payment","qaList":[{"queType":"Payment","que":"Is it safe to use my credit or debit card to buy bus tickets on redBus? ","ans":"<p>Transactions on redBus are very safe. We employ the best-in-class security and the transactions done are secure. Apart from being certified by Verisign, redBus uses Secure Socket Layers (SSL) data encryption. Using SSL ensures that the information exchanged with us is never transmitted unencrypted, thus protecting the information from being viewed by unauthorized individuals.</p>"},{"queType":"Payment","que":"Does the owner of the credit card/debit card with which the bus ticket is purchased need to be one of the passengers?","ans":"<p>Not at all! A passenger can use any debit or credit card to pay for the bus ticket, not necessarily their own. However, please note that the passenger in whose name the ticket is booked should carry a proof of his identity (along with the ticket) at the time of boarding the bus.</p>"},{"queType":"Payment","que":"What are the different payment options available on Bus Ticket booking?","ans":"<ul><li>There are many payment modes available to book buses on the redBus website and app. Some of these payment modes that are available for the bus ticket booking process are:Debit Card/Credit Card/ATM Cards (Visa, MasterCard, Maestro &amp; Rupay)</li><li>Net Banking (HDFC Bank, ICICI Bank, Indian Bank, Axis Bank, SBI and all major banks)</li><li>UPI (Google Pay, Amazon Pay, PhonePe)&nbsp;</li><li>Book Now, Pay Later (Simpl)</li><li>Wallets (Paytm)Make sure to check the coupon code to get the discounts on bus booking online, redBus offers a lot of redDeals to book the bus ticket on budget.</li></ul>"},{"queType":"Payment","que":"How does the transaction appear on my card / account statement?","ans":"<p>Transactions on redBus will appear as REDBUS.IN, <a href=\"http://www.redbus.in/\" target=\"_self\">www.redbus.in</a> in your bank statement.</p>"}]},{"subHeading":"Cancellation & Refund","qaList":[{"queType":"Cancellation & Refund","que":"Can I cancel my bus ticket online? ","ans":"<p>Yes you can cancel bus tickets online, Most of the tickets can be canceled online. However, there are some bus tickets that can only be canceled through our call center.However please note that the cancellation fee and cancellation period may differ for specific bus services. Please contact any of our executives for cancellation details on any specific service.</p>"},{"queType":"Cancellation & Refund","que":"How can I cancel my bus ticket online?","ans":"<p>To cancel the bus ticket online, you need to click on the cancellation link provided on our home page. Enter your ticket number and the e-mail ID that was provided at the time of bus booking and click on cancel ticket.</p>"},{"queType":"Cancellation & Refund","que":"I missed the bus. Do I get a refund? ","ans":"<p>redBus provides a 100% refund if the bus is missed due to either redBus or its partner company's fault. However, if the bus is missed due to any other reason not directly related to redBus no refund is provided.</p>"},{"queType":"Cancellation & Refund","que":"How can I get a refund in case I cancel my ticket? ","ans":"<p>The refund is provided as per cancellation policy of the operator. The refund can be credited to the source of payment (Example: debit card, credit card, net banking) or credited to redBus wallet. Wallet credit can be used for bus booking in future (within 6 months of cancellation).</p>"},{"queType":"Cancellation & Refund","que":"What happens if the bus does not leave on time or is canceled? ","ans":"<p>If your bus does not leave on time or is canceled, in such situations, you will need to consult the counter of the respective bus operators. You can also call the redBus customer care to discuss the appropriate actions.</p>"},{"queType":"Cancellation & Refund","que":"How can I reschedule my bus tickets?","ans":"<ol><li>To reschedule your bus ticket on redBus, follow these steps: Visit <a href=\"https://www.redbus.in/reschedule\" target=\"_self\">https://www.redbus.in/reschedule </a></li><li>Search for your bus ticket by entering your ticket number and registered email ID.&nbsp;</li><li>Verify your online bus ticket details and select the date to reschedule your journey.&nbsp;</li><li>Select a bus operator, verify every detail, and make your payment if any difference in bus ticket prices needs to be cleared.</li></ol>"}]},{"subHeading":"Insurance","qaList":[{"queType":"Insurance","que":"Details on Insurance","ans":"<p>For details on Insurance of your journey after bus ticket booking, please refer to the <a href=\"http://s1.rdbuz.com/apps/insurance-terms.html\" target=\"_self\">Insurance Terms</a></p>"}]}],"dataList":null},"headerType":"h2"},{"uiComponentId":"C_155","content":{"heading":"Popular Bus Routes","body":null,"subHeading":null,"var1":null,"var2":null,"var3":null,"label1":null,"value1":null,"label2":null,"value2":null,"label3":null,"value3":null,"imageUrl":null,"faqList":null,"dataList":[{"url":"https://www.redbus.in/bus-tickets/delhi-to-manali","name":"Delhi To Manali Bus","tooltip":null,"customAttributes":null,"isMoreLink":false},{"url":"https://www.redbus.in/bus-tickets/delhi-to-rishikesh","name":"Delhi To Rishikesh Bus","tooltip":null,"customAttributes":null,"isMoreLink":false},{"url":"https://www.redbus.in/bus-tickets/delhi-to-shimla","name":"Delhi To Shimla Bus","tooltip":null,"customAttributes":null,"isMoreLink":false},{"url":"https://www.redbus.in/bus-tickets/delhi-to-nainital","name":"Delhi To Nainital Bus","tooltip":null,"customAttributes":null,"isMoreLink":false},{"url":"https://www.redbus.in/bus-tickets/delhi-to-katra","name":"Delhi To Katra Bus","tooltip":null,"customAttributes":null,"isMoreLink":false},{"url":"https://www.redbus.in/bus-tickets/bangalore-to-goa","name":"Bangalore To Goa Bus","tooltip":null,"customAttributes":null,"isMoreLink":false},{"url":"https://www.redbus.in/bus-tickets/bangalore-to-hyderabad","name":"Bangalore To Hyderabad Bus","tooltip":null,"customAttributes":null,"isMoreLink":false},{"url":"https://www.redbus.in/bus-tickets/bangalore-to-tirupathi","name":"Bangalore To Tirupathi Bus","tooltip":null,"customAttributes":null,"isMoreLink":false},{"url":"https://www.redbus.in/bus-tickets/bangalore-to-chennai","name":"Bangalore To Chennai Bus","tooltip":null,"customAttributes":null,"isMoreLink":false},{"url":"https://www.redbus.in/bus-tickets/bangalore-to-pondicherry","name":"Bangalore To Pondicherry Bus","tooltip":null,"customAttributes":null,"isMoreLink":false},{"url":"https://www.redbus.in/bus-tickets/hyderabad-to-bangalore","name":"Hyderabad To Bangalore Bus","tooltip":null,"customAttributes":null,"isMoreLink":false},{"url":"https://www.redbus.in/bus-tickets/hyderabad-to-goa","name":"Hyderabad To Goa Bus","tooltip":null,"customAttributes":null,"isMoreLink":false},{"url":"https://www.redbus.in/bus-tickets/hyderabad-to-srisailam","name":"Hyderabad To Srisailam Bus","tooltip":null,"customAttributes":null,"isMoreLink":false},{"url":"https://www.redbus.in/bus-tickets/hyderabad-to-vijayawada","name":"Hyderabad To Vijayawada Bus","tooltip":null,"customAttributes":null,"isMoreLink":false},{"url":"https://www.redbus.in/bus-tickets/hyderabad-to-tirupathi","name":"Hyderabad To Tirupathi Bus","tooltip":null,"customAttributes":null,"isMoreLink":false},{"url":"https://www.redbus.in/bus-tickets/pune-to-goa","name":"Pune To Goa Bus","tooltip":null,"customAttributes":null,"isMoreLink":false},{"url":"https://www.redbus.in/bus-tickets/pune-to-mumbai","name":"Pune To Mumbai Bus","tooltip":null,"customAttributes":null,"isMoreLink":false},{"url":"https://www.redbus.in/bus-tickets/pune-to-nagpur","name":"Pune To Nagpur Bus","tooltip":null,"customAttributes":null,"isMoreLink":false},{"url":"https://www.redbus.in/bus-tickets/pune-to-kolhapur-maharashtra","name":"Pune To Kolhapur Bus","tooltip":null,"customAttributes":null,"isMoreLink":false},{"url":"https://www.redbus.in/bus-tickets/pune-to-nashik","name":"Pune To Nashik Bus","tooltip":null,"customAttributes":null,"isMoreLink":false},{"url":"https://www.redbus.in/bus-tickets/mumbai-to-goa","name":"Mumbai To Goa Bus","tooltip":null,"customAttributes":null,"isMoreLink":false},{"url":"https://www.redbus.in/bus-tickets/mumbai-to-pune","name":"Mumbai To Pune Bus","tooltip":null,"customAttributes":null,"isMoreLink":false},{"url":"https://www.redbus.in/bus-tickets/mumbai-to-shirdi","name":"Mumbai To Shirdi Bus","tooltip":null,"customAttributes":null,"isMoreLink":false},{"url":"https://www.redbus.in/bus-tickets/mumbai-to-mahabaleshwar","name":"Mumbai To Mahabaleshwar Bus","tooltip":null,"customAttributes":null,"isMoreLink":false},{"url":"https://www.redbus.in/bus-tickets/mumbai-to-kolhapur-maharashtra","name":"Mumbai To Kolhapur Bus","tooltip":null,"customAttributes":null,"isMoreLink":false},{"url":"https://www.redbus.in/bus-tickets/kolkata-to-digha","name":"Kolkata To Digha Bus","tooltip":null,"customAttributes":null,"isMoreLink":false},{"url":"https://www.redbus.in/bus-tickets/kolkata-to-siliguri","name":"Kolkata To Siliguri Bus","tooltip":null,"customAttributes":null,"isMoreLink":false},{"url":"https://www.redbus.in/bus-tickets/kolkata-to-puri","name":"Kolkata To Puri Bus","tooltip":null,"customAttributes":null,"isMoreLink":false},{"url":"https://www.redbus.in/bus-tickets/kolkata-to-bakkhali","name":"Kolkata To Bakkhali Bus","tooltip":null,"customAttributes":null,"isMoreLink":false},{"url":"https://www.redbus.in/bus-tickets/kolkata-to-mandarmani","name":"Kolkata To Mandarmani Bus","tooltip":null,"customAttributes":null,"isMoreLink":false},{"url":"https://www.redbus.in/bus-tickets/chennai-to-bangalore","name":"Chennai To Bangalore Bus","tooltip":null,"customAttributes":null,"isMoreLink":false},{"url":"https://www.redbus.in/bus-tickets/chennai-to-pondicherry","name":"Chennai To Pondicherry Bus","tooltip":null,"customAttributes":null,"isMoreLink":false},{"url":"https://www.redbus.in/bus-tickets/chennai-to-coimbatore","name":"Chennai To Coimbatore Bus","tooltip":null,"customAttributes":null,"isMoreLink":false},{"url":"https://www.redbus.in/bus-tickets/chennai-to-madurai","name":"Chennai To Madurai Bus","tooltip":null,"customAttributes":null,"isMoreLink":false},{"url":"https://www.redbus.in/bus-tickets/chennai-to-tirupathi","name":"Chennai To Tirupathi Bus","tooltip":null,"customAttributes":null,"isMoreLink":false},{"url":"https://www.redbus.in/bus-tickets/chandigarh-to-manali","name":"Chandigarh To Manali Bus","tooltip":null,"customAttributes":null,"isMoreLink":false},{"url":"https://www.redbus.in/bus-tickets/chandigarh-to-shimla","name":"Chandigarh To Shimla Bus","tooltip":null,"customAttributes":null,"isMoreLink":false},{"url":"https://www.redbus.in/bus-tickets/chandigarh-to-delhi","name":"Chandigarh To Delhi Bus","tooltip":null,"customAttributes":null,"isMoreLink":false},{"url":"https://www.redbus.in/bus-tickets/chandigarh-to-dehradun","name":"Chandigarh To Dehradun Bus","tooltip":null,"customAttributes":null,"isMoreLink":false},{"url":"https://www.redbus.in/bus-tickets/chandigarh-to-amritsar","name":"Chandigarh To Amritsar Bus","tooltip":null,"customAttributes":null,"isMoreLink":false},{"url":"https://www.redbus.in/bus-tickets/coimbatore-to-chennai","name":"Coimbatore To Chennai Bus","tooltip":null,"customAttributes":null,"isMoreLink":false},{"url":"https://www.redbus.in/bus-tickets/coimbatore-to-bangalore","name":"Coimbatore To Bangalore Bus","tooltip":null,"customAttributes":null,"isMoreLink":false},{"url":"https://www.redbus.in/bus-tickets/coimbatore-to-ooty","name":"Coimbatore To Ooty Bus","tooltip":null,"customAttributes":null,"isMoreLink":false},{"url":"https://www.redbus.in/bus-tickets/coimbatore-to-tiruchendur","name":"Coimbatore To Tiruchendur Bus","tooltip":null,"customAttributes":null,"isMoreLink":false},{"url":"https://www.redbus.in/bus-tickets/coimbatore-to-madurai","name":"Coimbatore To Madurai Bus","tooltip":null,"customAttributes":null,"isMoreLink":false},{"url":"https://www.redbus.in/bus-tickets/agra-to-bareilly","name":"Agra to Bareilly Bus","tooltip":null,"customAttributes":null,"isMoreLink":false},{"url":"https://www.redbus.in/bus-tickets/hisar-to-chandigarh","name":"Hisar to Chandigarh Bus","tooltip":null,"customAttributes":null,"isMoreLink":false},{"url":"https://www.redbus.in/bus-tickets/hisar-to-delhi","name":"Hisar to Delhi Bus ","tooltip":null,"customAttributes":null,"isMoreLink":false},{"url":"https://www.redbus.in/bus-tickets/lucknow-to-ballia","name":"Lucknow to Ballia Bus","tooltip":null,"customAttributes":null,"isMoreLink":false},{"url":"https://www.redbus.in/bus-tickets/lucknow-to-moradabad","name":"Lucknow to Moradabad Bus","tooltip":null,"customAttributes":null,"isMoreLink":false},{"url":"https://www.redbus.in/bus-tickets/rajkot-to-dwarka","name":"Rajkot to Dwarka Bus","tooltip":null,"customAttributes":null,"isMoreLink":false},{"url":"https://www.redbus.in/bus-tickets/siliguri-to-gangtok","name":"Siliguri to Gangtok Bus","tooltip":null,"customAttributes":null,"isMoreLink":false},{"url":"https://www.redbus.in/bus-tickets/ahmedabad-to-goa","name":"Ahmedabad to Goa Bus","tooltip":null,"customAttributes":null,"isMoreLink":false},{"url":"https://www.redbus.in/bus-tickets/ahmedabad-to-kanpur","name":"Ahmedabad to Kanpur Bus","tooltip":null,"customAttributes":null,"isMoreLink":false},{"url":"https://www.redbus.in/bus-tickets/akola-to-pune","name":"Akola to Pune Bus","tooltip":null,"customAttributes":null,"isMoreLink":false}]},"headerType":"h3"},{"uiComponentId":"C_155","content":{"heading":"Popular Cities","body":null,"subHeading":null,"var1":null,"var2":null,"var3":null,"label1":null,"value1":null,"label2":null,"value2":null,"label3":null,"value3":null,"imageUrl":null,"faqList":null,"dataList":[{"url":"buses/hyderabad-bus-tickets","name":"Hyderabad Bus Ticket Booking","tooltip":null,"customAttributes":null,"isMoreLink":false},{"url":"buses/bangalore-bus-tickets","name":"Bangalore Bus Ticket Booking","tooltip":null,"customAttributes":null,"isMoreLink":false},{"url":"buses/chennai-bus-tickets","name":"Chennai Bus Ticket Booking","tooltip":null,"customAttributes":null,"isMoreLink":false},{"url":"buses/pune-bus-tickets","name":"Pune Bus Tickets Booking","tooltip":null,"customAttributes":null,"isMoreLink":false},{"url":"buses/delhi-bus-tickets","name":"Delhi Bus Ticket Booking","tooltip":null,"customAttributes":null,"isMoreLink":false},{"url":"buses/mumbai-bus-tickets","name":"Mumbai Bus Ticket Booking","tooltip":null,"customAttributes":null,"isMoreLink":false},{"url":"buses/kolkata-bus-tickets","name":"Kolkata Bus Ticket Booking","tooltip":null,"customAttributes":null,"isMoreLink":false},{"url":"buses/ernakulam-bus-tickets","name":"Ernakulam Bus Ticket Booking","tooltip":null,"customAttributes":null,"isMoreLink":false},{"url":"buses/ahmedabad-bus-tickets","name":"Ahmedabad Bus Ticket Booking","tooltip":null,"customAttributes":null,"isMoreLink":false},{"url":"buses/vijayawada-bus-tickets","name":"Vijayawada Bus Ticket Booking","tooltip":null,"customAttributes":null,"isMoreLink":false},{"url":"buses/jaipur-bus-tickets","name":"Jaipur Bus Ticket Booking","tooltip":null,"customAttributes":null,"isMoreLink":false},{"url":"buses/indore-bus-tickets","name":"Indore Bus Ticket Booking","tooltip":null,"customAttributes":null,"isMoreLink":false},{"url":"buses/lucknow-bus-tickets","name":"Lucknow Bus Ticket Booking","tooltip":null,"customAttributes":null,"isMoreLink":false},{"url":"buses/bhopal-bus-tickets","name":"Bhopal Bus Ticket Booking","tooltip":null,"customAttributes":null,"isMoreLink":false}]},"headerType":"h3"},{"uiComponentId":"C_155","content":{"heading":"Popular Bus Operators","body":null,"subHeading":null,"var1":null,"var2":null,"var3":null,"label1":null,"value1":null,"label2":null,"value2":null,"label3":null,"value3":null,"imageUrl":null,"faqList":null,"dataList":[{"url":"https://www.redbus.in/travels/no-1-air-travels","name":"No 1 Air Travels","tooltip":null,"customAttributes":null,"isMoreLink":false},{"url":"https://www.redbus.in/travels/ybm-travels","name":"YBM Travels","tooltip":null,"customAttributes":null,"isMoreLink":false},{"url":"https://www.redbus.in/travels/sri-sms-travels","name":"Sri SMS Travels","tooltip":null,"customAttributes":null,"isMoreLink":false},{"url":"https://www.redbus.in/travels/svkdt-travels","name":"Svkdt Travels","tooltip":null,"customAttributes":null,"isMoreLink":false},{"url":"https://www.redbus.in/travels/rkt-tours-and-travels","name":"RKT Tours and Travels","tooltip":null,"customAttributes":null,"isMoreLink":false},{"url":"https://www.redbus.in/travels/royal-cars","name":"Royal Cars","tooltip":null,"customAttributes":null,"isMoreLink":false},{"url":"https://www.redbus.in/travels/rahul-travels","name":"Rahul Travels","tooltip":null,"customAttributes":null,"isMoreLink":false},{"url":"https://www.redbus.in/travels/jbt-travels","name":"JBT Travels","tooltip":null,"customAttributes":null,"isMoreLink":false},{"url":"https://www.redbus.in/travels/raj-express-1","name":"Raj Express","tooltip":null,"customAttributes":null,"isMoreLink":false},{"url":"https://www.redbus.in/travels/vaishali-express","name":"Vaishali Express","tooltip":null,"customAttributes":null,"isMoreLink":false},{"url":"https://www.redbus.in/travels/rahul-travels-indore","name":"Rahul Travels Indore","tooltip":null,"customAttributes":null,"isMoreLink":false},{"url":"https://www.redbus.in/travels/delhi-tours-and-travels","name":"Delhi Tours And Travels","tooltip":null,"customAttributes":null,"isMoreLink":false},{"url":"https://www.redbus.in/travels/ashok-travels-delhi","name":"Ashok Travels","tooltip":null,"customAttributes":null,"isMoreLink":false},{"url":"https://www.redbus.in/travels/greenline","name":"Greenline Travels","tooltip":null,"customAttributes":null,"isMoreLink":false},{"url":"https://www.redbus.in/travels/pawan-travels-balaghat","name":"Pawan Travels","tooltip":null,"customAttributes":null,"isMoreLink":false},{"url":"https://www.redbus.in/travels/ravi-travels","name":"Ravi Travels","tooltip":null,"customAttributes":null,"isMoreLink":false},{"url":"https://www.redbus.in/travels/vrl-travels","name":"VRL Travels","tooltip":null,"customAttributes":null,"isMoreLink":false},{"url":"https://www.redbus.in/travels/dolphin-travel-house","name":"Dolphin Travels","tooltip":null,"customAttributes":null,"isMoreLink":false},{"url":"https://www.redbus.in/travels/ganesh-travels","name":"Ganesh Travels","tooltip":null,"customAttributes":null,"isMoreLink":false},{"url":"https://www.redbus.in/travels/kaveri-kamakshi-travels","name":"Kaveri Travels","tooltip":null,"customAttributes":null,"isMoreLink":false},{"url":"https://www.redbus.in/travels/national-travels-national","name":"National Travels","tooltip":null,"customAttributes":null,"isMoreLink":false},{"url":"https://www.redbus.in/travels/bharathi-travels-bharathi","name":"Bharathi Travels","tooltip":null,"customAttributes":null,"isMoreLink":false},{"url":"https://www.redbus.in/travels/city-land-travels","name":"City Land Travels","tooltip":null,"customAttributes":null,"isMoreLink":false},{"url":"https://www.redbus.in/travels/citylink-travels","name":"Citylink Travels","tooltip":null,"customAttributes":null,"isMoreLink":false},{"url":"https://www.redbus.in/travels/kkaveri-travels","name":"KKaveri Travels","tooltip":null,"customAttributes":null,"isMoreLink":false},{"url":"https://www.redbus.in/travels/kk-travels","name":"KK Travels","tooltip":null,"customAttributes":null,"isMoreLink":false},{"url":"https://www.redbus.in/travels/mahadev-travels-online","name":"Mahadev Travels","tooltip":null,"customAttributes":null,"isMoreLink":false},{"url":"https://www.redbus.in/travels/maharaja-travels-1","name":"Maharaja Travels","tooltip":null,"customAttributes":null,"isMoreLink":false},{"url":"https://www.redbus.in/travels/m-r-travels","name":"M R Travels","tooltip":null,"customAttributes":null,"isMoreLink":false},{"url":"https://www.redbus.in/travels/new-payal-travels","name":"New Payal Travels","tooltip":null,"customAttributes":null,"isMoreLink":false},{"url":"https://www.redbus.in/travels/paras-travels","name":"Paras Travels","tooltip":null,"customAttributes":null,"isMoreLink":false},{"url":"https://www.redbus.in/travels/parshwanath-travels-parshwanath-ahmedabad","name":"Shree Parshwanath Travels","tooltip":null,"customAttributes":null,"isMoreLink":false},{"url":"https://www.redbus.in/travels/payal-travels","name":"Payal Travels","tooltip":null,"customAttributes":null,"isMoreLink":false},{"url":"https://www.redbus.in/travels/rk-travels","name":"R K Travels","tooltip":null,"customAttributes":null,"isMoreLink":false},{"url":"https://www.redbus.in/travels/shivam-travels","name":"Shivam Travels","tooltip":null,"customAttributes":null,"isMoreLink":false},{"url":"https://www.redbus.in/travels/shree-mahaveer-travels-9721","name":"Shree Mahaveer Travels","tooltip":null,"customAttributes":null,"isMoreLink":false},{"url":"https://www.redbus.in/travels/srs-travels-srs","name":"SRS Travels","tooltip":null,"customAttributes":null,"isMoreLink":false},{"url":"https://www.redbus.in/travels/tulsi-travels","name":"Tulsi Travels","tooltip":null,"customAttributes":null,"isMoreLink":false},{"url":"https://www.redbus.in/travels/vaibhav-travels-10044","name":"Vaibhav Travels","tooltip":null,"customAttributes":null,"isMoreLink":false},{"url":"https://www.redbus.in/travels/vikas-travels-jaipur","name":"Vikas Travels","tooltip":null,"customAttributes":null,"isMoreLink":false},{"url":"https://www.redbus.in/travels/amarnath-travels-9984","name":"Amarnath Travels","tooltip":null,"customAttributes":null,"isMoreLink":false},{"url":"https://www.redbus.in/travels/anand-travel","name":"Anand Travels","tooltip":null,"customAttributes":null,"isMoreLink":false},{"url":"https://www.redbus.in/travels/ashapura-travels","name":"Ashapura Travels","tooltip":null,"customAttributes":null,"isMoreLink":false},{"url":"https://www.redbus.in/travels/ashok-bus-service","name":"Ashok Bus Service","tooltip":null,"customAttributes":null,"isMoreLink":false},{"url":"https://www.redbus.in/travels/ashoka-travels","name":"Ashoka Travels","tooltip":null,"customAttributes":null,"isMoreLink":false}]},"headerType":"h3"}],"distance":null,"IsMobileOnlyPage":false,"duration":null,"ogTitle":"Online Bus Ticket Booking with Best Offers and Lowest Price - redBus","ogDescription":"Book bus tickets online with redBus, the worlds largest bus ticket booking brand for government and private bus operators. Book bus tickets at lowest rates, easy cancellation and get instant refund.","ogImage":"https://s3.rdbuz.com/assets/images/logo/b_logo.png"},"disableHomeMeta":true,"homeV2":{"scrollWidth":0,"hideScrollUp":false,"isHeadingH1Remove":false,"isOfferMid":false,"borderbottomTopSection":false,"homePagePreloadImages":["https://s3.rdbuz.com/images/webplatform/india/Homepage-header-800.webp","https://s3.rdbuz.com/images/webplatform/india/Homepage-header-1600.webp"],"heroImgAvif":"","heroImgWebp":"https://s3.rdbuz.com/images/webplatform/india/Homepage-header-800.webp 800w,https://s3.rdbuz.com/images/webplatform/india/Homepage-header-1200.webp 1200w,https://s3.rdbuz.com/images/webplatform/india/Homepage-header-1600.webp 1600w, https://s3.rdbuz.com/images/webplatform/india/Homepage-header-2000.webp 2000w","removePartailListMargin":false,"trustMarkerProps":null,"boListProps":null,"autoScrollOnAutoSuggestSuggestion":true,"heroText":"India's No. 1 Online Bus Ticket Booking Site","subHeroText":null,"heroTextStyle":"color: #fff; font-size: 32px; font-style: normal; font-weight: 700; line-height: normal; position: absolute; top: 124px; display: flex; justify-content: center; width: 100%;","heroSubTextStyle":null,"heroImg":"https://s3.rdbuz.com/images/webplatform/india/HomeBannerNew.png","heroAlt":null,"heroImgContainerstyle":"","heroImgStyle":"margin: 0 auto; height: 32.5rem; background-repeat: round; background-size: cover;}","scrollTopArrow":"https://s3.rdbuz.com/web/images/homeV2/scrollArrow.svg","bookByLbl":null,"partialList":["aboutUs","appInstall","primo","rtcAndPrivatePartneredWith"],"searchWidget":{"enableReturnDate":false,"srcLabel":"From","destLabel":"To","dateLabel":"Date","returnDateLabel":"Return Date","optionaltext":"Optional","sourceErrorMsg":"Enter 'From' and 'To","destErrorMsg":"Enter To","dateError":"Enter Date","searchBtnLabel":"SEARCH BUSES","customLocal":{"holidaysList":[{"date":"2023-01-26T00:00","desc":"Republic Day"},{"date":"2023-02-18T00:00","desc":"Maha Shivratri"},{"date":"2023-03-08T00:00","desc":"Holi"},{"date":"2023-03-22T00:00","desc":"Ugadi"},{"date":"2023-03-30T00:00","desc":"Ram Navami"},{"date":"2023-04-04T00:00","desc":"Mahavir Jayanti"},{"date":"2023-04-07T00:00","desc":"Good Friday"},{"date":"2023-04-14T00:00","desc":"Ambedkar Jayanti"},{"date":"2023-04-22T00:00","desc":"Eid-ul-fitr"},{"date":"2023-05-01T00:00","desc":"Labor Day"},{"date":"2023-05-05T00:00","desc":"Buddha Purnima"},{"date":"2023-07-29T00:00","desc":"Muharram"},{"date":"2023-08-15T00:00","desc":"Independence Day"},{"date":"2023-08-29T00:00","desc":"Onam"},{"date":"2023-08-30T00:00","desc":"Raksha Bandhan"},{"date":"2023-09-07T00:00","desc":"Janmashtamii"},{"date":"2023-09-19T00:00","desc":"Ganesh Chaturthi"},{"date":"2023-10-02T00:00","desc":"Gandhi Jayanti"},{"date":"2023-10-24T00:00","desc":"Dussehra"},{"date":"2023-10-28T00:00","desc":"Valmiki Jayanti"},{"date":"2023-11-01T00:00","desc":"Kannada Rajyotsava"},{"date":"2023-11-12T00:00","desc":"Diwali"},{"date":"2023-11-13T00:00","desc":"Govardhan Pooja"},{"date":"2023-11-27T00:00","desc":"Guru Nanak Jayanti"},{"date":"2023-12-25T00:00","desc":"Christmas"}],"monthName":null,"weekName":null}},"offer":{"OfferSectionHead":"TRENDING OFFERS","ValidTillText":"Valid till ","copyImg":"https://s2.rdbuz.com/web/images/homeV2/copy.svg","copyToastMsg":"code copied!","carouselProp":{"enableDefaultCarousel":true,"leftArrowPos":"5px","rightArrowPos":"5px","rightArrow":"icon icon-arrow_r","leftArrow":"icon icon-arrow_l","scrollPercentage":70},"bgColors":["linear-gradient(71.04deg, #0C398B -6.92%, #3E76D8 109.43%)","linear-gradient(71.04deg, #273965 -6.92%, #50D295 109.43%)","linear-gradient(71.04deg, #480004 -6.92%, #D84E55 109.43%)","linear-gradient(71.04deg, #0E7143 -6.92%, #73ECB3 109.43%)","linear-gradient(71.04deg, #187D97 -6.92%, #6DD5ED 109.43%)","linear-gradient(71.04deg, #CE7700 -6.92%, #FFC26F 109.43%)","linear-gradient(71.04deg, #86003E -6.92%, #D2518D 109.43%)","linear-gradient(71.04deg, #3C1053 -6.92%, #AD5389 109.43%)","linear-gradient(71.04deg, #3F2B96 -6.92%, #A8C0FF 109.43%)","linear-gradient(71.04deg, #0C398B -6.92%, #3E76D8 109.43%)","linear-gradient(71.04deg, #480004 -6.92%, #D84E55 109.43%)"],"offerDataVal":[{"OfferCode":"FIRST","ThumbnailUrl":"https://st.redbus.in/images/FIRST/first_26th_sep_2022_ravi/tile-80X80.png","Title":"Save up to Rs 250 on bus tickets","BusinessUnit":"BUS","ConditionApply":null,"ValidityEndDateLocal":"2024-07-31T00:00:00","onClickCardlink":"https://www.redbus.in/info/OfferTerms#FIRST","gradient":null,"SubTitle":null,"OfferDesc":null,"altName":"Bus Tickets Offer FIRST","titleName":"Bus Tickets Offer FIRST","isSquareImg":false,"isBPG":false,"IsDisplayOnlyOffer":"0"}],"offerBuisnessUnits":[],"viewAllText":"View All","offersPageLink":"https://www.redbus.in/info/OfferTerms","viewAllOffersStyle":"{color: #1034D9;font-weight: 600;border-radius: 1.5rem;border: 1px solid #AAA;padding: 10px 24px;font-size: 18px;cursor: pointer;text-decoration: none;&:hover{box-shadow: 0px 4px 12px rgba(0, 0, 0, 0.1);}}"},"bookingSectionTitle":null,"introBanner":null,"aboutUs":{"rightSectionBgHeight":"38.5rem","rightSectionBgWidth":"35.5rem","arrowIcon":"aboutUsIcon icon-thick_Right_arrow","headText":" NOW, <b>GET MORE THAN JUST BUS</b> TICKETS WITH REDBUS!","lobRightbgImg":"https://s3.rdbuz.com/web/images/homeV2/AboutUs/aboutUsImg.svg","lobData":[{"img":"https://s3.rdbuz.com/web/images/layout/rail_vertical.svg","label":" Train Tickets","altName":"Online Train Tickets Booking","titleName":"Online Train Tickets Booking"}],"infoSection":[{"lobElement":null,"infohead":"Book IRCTC Train Tickets on redRail simple & superfast booking process with no service fee + no payment gateway charge.","bookText":"Book Train Tickets","bookLink":"https://www.redbus.in/railways","infoPoints":[{"img":"https://s3.rdbuz.com/web/images/homeV2/AboutUs/railAuthorized.png","label":"Authorised IRCTC Partner","altName":"Authorised IRCTC Partner","titleName":"Authorised IRCTC Partner"},{"img":"https://s2.rdbuz.com/web/images/homeV2/AboutUs/railHasslefree.svg","label":"Instant refunds on UPI payments","altName":"Instant refunds on UPI payments","titleName":"Instant refunds on UPI payments"},{"img":"https://s1.rdbuz.com/web/images/homeV2/AboutUs/railrefunds.svg","label":"Hassle- free customer support","altName":"Hassle- free customer support","titleName":"Hassle- free customer support"}],"imgWidth":"32px","imgHeight":"32px","animationStyle":"slide-left","isInfoHeadTruncationNeeded":false,"viewMoreTxtLbl":null,"viewLessTxtLbl":null,"shortInfoHead":null,"longInfoHead":null}],"LobImage":[{"img":"https://s3.rdbuz.com/web/images/homeV2/AboutUs/railPop.png","webpImageUrl":"https://s3.rdbuz.com/web/images/homeV2/AboutUs/railPop.webp","top":"81px","left":"-86px","width":"634px","height":"612px","altName":"Online Train Tickets Booking","titleName":"Online Train Tickets Booking"}],"lobVideo":null},"appInstall":{"countrycodeErr":"Please enter country code","phoneNumbeErr":"Please enter valid Number","sending":"Sending...","linkSuccess":"Successfully sent","linkSendingFail":"Failed! try again","getLink":"Get Link","resendLink":"Resend Link","defaultcountryCode":"91","backgroundImgUrl":"https://s1.rdbuz.com/web/images/homeV2/appinstall/appInstallbg.svg","width":"","mainText":"ENJOY THE APP!","tickImg":"https://s3.rdbuz.com/web/images/homeV2/appinstall/tick.svg","starIcon":"icon icon-appinstallstar","isDisableSendAppLinkToMobile":true,"keyPoints":["Quick access","Superior live tracking"],"ratingObj":[{"rating":"4.5","DownloadsText":"50M+ downloads","storeName":"Play Store"},{"rating":"4.6","DownloadsText":"50M+ downloads","storeName":"App Store"}],"getLinkSectionProps":{"downLoadLinkOnText":"Get Download link on","arrowUpImg":"icon icon-arrowUp","arrowDownImg":"icon icon-arrowDown","codeSection":{"phoneCodeInputProps":{"width":"10.68rem","height":"2.9rem","moveLabelOnFocusToTopBy":"-11px","moveInputOnFocusToBottomBy":"11px","inputType":"text","label":"Search for Countries","backgroundColor":"#F7F7F7"},"searchImage":"icon icon-searchv2","appendCountryCode":"+","oopsText":"Oops, No countries Found!"},"numberInputProps":{"width":"10.8rem","height":"46px","moveLabelOnFocusToTopBy":"-13px","moveInputOnFocusToBottomBy":"13px","inputType":"text","label":"WhatsApp number","backgroundColor":"#FFFFFF","maxLength":10}},"qrData":{"qrHeadText":"Scan to download","qrImg":"https://s1.rdbuz.com/web/images/homeV2/qrCode.svg","downloadText":"Download the App on","downloadPlaystorImg":"https://s2.rdbuz.com/web/images/homeV2/appinstall/playStore.svg","downloadAppStorImg":"https://s3.rdbuz.com/web/images/homeV2/appinstall/appStore.svg","playStoreLink":"https://play.google.com/store/apps/details?id=in.redbus.android&hl=en_IN&gl=US&pli=1","appStoreLink":"https://apps.apple.com/in/app/redbus-bus-booking-app/id733712604","playStoreImgStyle":{"height":"42px","width":"145px"},"appStoreImgDimension":{"height":"46px","width":"147px"}}},"primo":{"primoHeadImg":"https://s1.rdbuz.com/web/images/homeV2/primoSection/primoTopBanner.svg","primoSubSection":[{"img":"https://s2.rdbuz.com/web/images/homeV2/primoSection/primoSubImg1.svg","headText":"1 of 5 buses qualify","subText":"Primo’s strict safety qualification ensures a safer travel for you","altName":" Primo Bus Booking","titleName":"Primo Bus Booking"},{"img":"https://s3.rdbuz.com/web/images/homeV2/primoSection/primoSubImg2.svg","headText":"Preferred by 90%","subText":"90% of travellers re-book Primo buses for its punctuality and comfort","altName":"Primo Bus Booking","titleName":"Primo Bus Booking"},{"img":"https://s2.rdbuz.com/web/images/homeV2/primoSection/primoSubImg3.svg","headText":"9 Lac+ monthly travellers","subText":"In 2022, 9 Lac+ people traveled with Primo every month","altName":"Primo Bus Booking","titleName":"Primo Bus Booking"}]},"rtcPartners":{"viewAllText":"View All","partnedWithText":"PARTNERED WITH","partnerWithSubHead":"26 RTCs","imgWidthHeight":"6rem","textpadding":".6rem 2rem","viewAllLink":"https://www.redbus.in/online-booking/rtc-directory","rtcData":[{"img":"https://s3.rdbuz.com/buslogos/country/ind/logo_group/27000.png","rtcName":"KSRTC","link":"https://www.redbus.in/online-booking/ksrtc-karnataka","altName":" KSRTC Karnataka Bus Online Booking","titleName":"KSRTC Karnataka Bus Online Booking"},{"img":"https://s3.rdbuz.com/buslogos/country/ind/logo_group/10283.png","rtcName":"APSRTC","link":"https://www.redbus.in/online-booking/apsrtc","altName":" APSRTC Bus Online Booking","titleName":"APSRTC Bus Online Booking"},{"img":"https://s3.rdbuz.com/web/images/homeV2/rtc/GSRTC.svg","rtcName":"GSRTC","link":"https://www.redbus.in/online-booking/gsrtc","altName":" GSRTC Bus Online Booking","titleName":"GSRTC Bus Online Booking"},{"img":"https://s3.rdbuz.com/Images/carousel/TSRTC.png","rtcName":"TSRTC","link":"https://www.redbus.in/online-booking/tsrtc","altName":" TSRTC Bus Online Booking","titleName":"TSRTC Bus Online Booking"},{"img":"https://s3.rdbuz.com/web/images/homeV2/rtc/KERALA-RTC.svg","rtcName":"Kerala RTC","link":"https://www.redbus.in/online-booking/ksrtc-kerala","altName":" Kerala RTC Bus Online Booking","titleName":"Kerala RTC Bus Online Booking"},{"img":"https://s3.rdbuz.com/buslogos/country/ind/logo_group/16426.png","rtcName":"SBSTC","link":"https://www.redbus.in/online-booking/south-bengal-state-transport-corporation-sbstc","altName":" SBSTC Bus Online Booking","titleName":"SBSTC Bus Online Booking"},{"img":"https://s3.rdbuz.com/web/images/homeV2/rtc/RSRTC.svg","rtcName":"RSRTC","link":"https://www.redbus.in/online-booking/rsrtc","altName":" RSRTC Bus Online Booking","titleName":"RSRTC Bus Online Booking"},{"img":"https://s3.rdbuz.com/web/images/homeV2/rtc/UPSRTC.svg","rtcName":"UPSRTC","link":"https://www.redbus.in/online-booking/upsrtc","altName":" UPSRTC Bus Online Booking","titleName":"UPSRTC Bus Online Booking"}]},"privatePartner":{"headText":"4500+ Private Bus Operators","viewAllText":"View All","viewAllLink":"https://www.redbus.in/travels/operators-directory","operatorData":[{"operatorName":"SRS Travels","link":"https://www.redbus.in/travels/srs-travels-srs"},{"operatorName":"Kallada Travels","link":"https://www.redbus.in/travels/kallada-travels-kallada"},{"operatorName":"KPN Travels","link":"https://www.redbus.in/travels/kpn-travels-kpn"},{"operatorName":"Orange Travels","link":"https://www.redbus.in/travels/orange-travels-orange"},{"operatorName":"Parveen Travels","link":"https://www.redbus.in/travels/parveen-travels"},{"operatorName":"Rajdhani Express","link":"https://www.redbus.in/travels/rajdhani-express"},{"operatorName":"VRL Travels","link":"https://www.redbus.in/travels/vrl-travels-vrl"},{"operatorName":"Chartered Speed Bus","link":"https://www.redbus.in/travels/chartered-bus"},{"operatorName":"Bengal Tiger","link":"https://www.redbus.in/travels/bengal-tiger"},{"operatorName":"SRM Travels","link":"https://www.redbus.in/travels//srm-travels-srm"},{"operatorName":"Infant Jesus","link":"https://www.redbus.in/travels/infant-jesus"},{"operatorName":"Patel Travels","link":"https://www.redbus.in/travels/patel-travels-lufthanza-9940"},{"operatorName":"JBT Travels","link":"https://www.redbus.in/travels/jbt-travels"},{"operatorName":"Shatabdi Travels","link":"https://www.redbus.in/travels/shatabdi-travels-1"},{"operatorName":"Eagle Travels","link":"https://www.redbus.in/travels/eagle-travels"},{"operatorName":"Kanker Roadways","link":"https://www.redbus.in/travels/kanker-roadways-10172"},{"operatorName":"Komitla","link":"https://www.redbus.in/travels/komitla"},{"operatorName":"Sri Krishna Travels","link":"https://www.redbus.in/travels/sri-krishna-travels"},{"operatorName":"Humsafar Travels","link":"https://www.redbus.in/travels/humsafar-travels-9807"},{"operatorName":"Mahasagar Travels","link":"https://www.redbus.in/travels/mahasagar-travels-mahasagar"},{"operatorName":"Raj Express","link":"https://www.redbus.in/travels/raj-express-1"},{"operatorName":"Sharma Travels","link":"https://www.redbus.in/travels/sharma-travels"},{"operatorName":"Shrinath Travels","link":"https://www.redbus.in/travels/shrinath-travels-agency-online"}]},"faq":{"faqHeadText":"FREQUENTY ASKED QUESTIONS","plusIcon":"icon icon-plusv2","minusIcon":"icon icon-minusv2","faqconfigData":[{"tileName":"General","Data":[{"head":"Can I track the location of my booked bus online?","points":"<p> Yes, you can track your <b> bus online </b> by using our bus tracking app feature called <a class=\"blueTextNormal\" href=\"https://www.redbus.in/info/track-my-bus\">Track My Bus</a>. This feature allows passengers and their families to track the live bus tracking location. You may follow your bus on a map and use the information to plan your trip to the boarding point and to get off at the correct stop. Family and friends may also check the bus position to plan pick-ups and ensure your safety. </p>"},{"head":"What are the advantages of purchasing a bus ticket with redBus?","points":"<p> There are many advantages to purchasing <b> online bus tickets </b> with redBus. redBus is India’s most trusted bus ticket company, where you can book any type of private or Government owned buses. redBus allows you to find the different types of buses, choose the preferred bus seats, and your nearest boarding and dropping points. You can also filter the buses based on timings like morning, evening bus etc. </p>"},{"head":"Why book bus tickets online on redBus?","points":"<p> Booking <b> bus tickets online </b> on redBus is increasingly becoming the preferred choice for travelers due to its numerous advantages over traditional methods.With redBus, customers can book their <b> bus tickets </b> effortlessly from the comfort of their homes, avoiding the inconvenience of standing in long lines at bus stations or travel agencies. <b> Online bus booking </b> not only offers the luxury of comparing different bus schedules and operators but also presents various discount offers and exclusive deals, resulting in significant savings. <br><br></p><p class=\"MarT10\">Payment security is another notable feature of online booking, which ensures that your financial information is well-protected against fraud. Additionally, customers get the privilege to pick their seats, providing a customized travel experience.<b> Online bus booking </b> platforms give real-time updates about any changes in the bus timetable, including delays or cancellations, enabling better planning. <br><br></p><p class=\"MarT10\">The convenience doesn't stop here; travelers can even compare onboard amenities like charging points or snacks, further enhancing the travel experience. <br></p>"},{"head":"Do I need to create an account on the redBus site to book my bus ticket?","points":"<p> No, you don’t have to create an account on redBus site to book your bus ticket. But it is advisable to create one to accelerate the process next time you want to book <b> bus tickets</b>. Also redBus has many discounts and offers that you can easily access if you have an account with us.</p>"},{"head":"Does bus booking online cost me more?","points":"<p>Not at all! The price of the <b> bus ticket </b> is the same as you would get from the bus operator/ counter of any <b> bus ticket agency</b>. Redbus reduces the travel budget by comparing the <b> bus ticket </b> prices among various operators, making it a more cost-effective choice. Therefore, <b> online bus booking </b> is increasingly being recognized as a more convenient, efficient, and economical mode of securing travel arrangements. </p>"},{"head":"How can I get the discounts on the bus booking?","points":"<p> To get the discount on <b> bus booking </b> please visit: https://www.redbus.in/info/OfferTerms and check the available offers. Copy the coupon code and paste it during checkout to avail the discount.</p>"},{"head":"What's New in Bus Booking on redBus?","points":"<p>Primo <b>Bus Ticket</b>: redBus has launched Primo bus services, where passengers can enjoy traveling in high-rated buses with best-in-class services. While looking for<b> bus tickets</b> on the desired route, customers can check the Primo tag to choose this excellent service. From hygiene standards to on-time service and comfort, passengers can benefit from <b> online bus booking </b>experience from Primo buses.</p>"},{"head":"Can I book a Government bus ticket on redBus?","points":"<p> Yes, you can book government <b> bus tickets </b> on redBus. redBus has extended its <b> bus booking </b> services to many RTCs in India. Some of these RTCs are <a class=\"blueTextNormal\" href=\"https://www.redbus.in/online-booking/apsrtc\"> Andhra Pradesh State Road Transport Corporation</a>(APSRTC), <a class=\"blueTextNormal\" href=\"https://www.redbus.in/online-booking/astc\"> Assam State Transport Corporation</a>(ASTC), <a class=\"blueTextNormal\" href=\"https://www.redbus.in/online-booking/bihar-state-tourism-development-corporation\">Bihar State Tourism Development Corporation</a>(BSTDC), <a class=\"blueTextNormal\" href=\"https://www.redbus.in/online-booking/hrtc\">Himachal Road Transport Corporation</a> (HRTC), <a class=\"blueTextNormal\" href=\"https://www.redbus.in/online-booking/jksrtc\">Jammu and Kashmir State Road Transport Corporation</a>(JKSRTC), <a class=\"blueTextNormal\" href=\"https://www.redbus.in/online-booking/ksrtc-kerala\">Kerala RTC,</a>  <a class=\"blueTextNormal\" href=\"https://www.redbus.in/online-booking/ktcl\">Kadamba Transport Corporation</a>(KTCL), <a class=\"blueTextNormal\" href=\"https://www.redbus.in/online-booking/pepsu\">Patiala and the East Punjab States Union</a>(PEPSU), <a class=\"blueTextNormal\" href=\"https://www.redbus.in/online-booking/puducherry-road-transport-corporation-prtc\">Puducherry Road Transport Corporation</a> (PRTC), <a class=\"blueTextNormal\" href=\"https://www.redbus.in/online-booking/rsrtc\">Rajasthan State Road Transport Corporation</a> (RSRTC),<a class=\"blueTextNormal\" href=\"https://www.redbus.in/online-booking/south-bengal-state-transport-corporation-sbstc\"> South Bengal State Transport Corporation</a> (SBSTC), <a class=\"blueTextNormal\" href=\"https://www.redbus.in/online-booking/utc\">Uttarakhand Transport Corporation</a> (UTC),<a class=\"blueTextNormal\" href=\"https://www.redbus.in/online-booking/west-bengal-transport-corporation\"> West Bengal Transport Corporation</a> [WBTC (CTC)],<a class=\"blueTextNormal\" href=\"https://www.redbus.in/online-booking/north-bengal-state-transport-corporation\"> North Bengal State Transport Corporation</a> (NBSTC). </p>"}]},{"tileName":"Ticket-related","Data":[{"head":"How can I book bus tickets on redBus?","points":" <p> <b>Bus ticket Booking </b> is very easy on redBus. To book the bus tickets go to the main page, enter your source city and destination city, in the “From” and “To” fields respectively. Enter travel date and hit the search button. Now you will see the list of buses that are available on the given bus route. You can use the filter option , such as duration, fare, bus type, etc to rearrange the list accordingly. This makes it easier for the customer to book their <b> bus ticket online </b> with redBus.</p>"},{"head":"Can I change the date of my journey after I have booked my bus ticket?","points":"<p> Yes. You can change the date of journey after <b> booking bus ticket </b> on redBus by clicking the “Reschedule” icon if you think your travel plan might get interrupted while booking . Bus operators with the “Reschedule icon” next to it offer rescheduling of the <b> bus ticket </b> in case your initially selected date is not viable to travel on.</p>"},{"head":"Is it mandatory to take a printout of the ticket?","points":" <p class=\"XCN\"> It depends on the bus operator you have booked your <b> online bus tickets </b> with. Even mTickets are available on redBus. For operators that support mTickets, the SMS that is sent to your mobile can be produced at the time of boarding and you will be allowed to travel. <br><br></p><p >For operators that do not support mTickets it is a must to take a printout of the e-ticket and produce it at the time of boarding. The e-ticket is sent to the e-mail ID provided at the time of boarding.<br><br></p><p class=\"XCN\">To know which operators are mTicket enabled, look for the mTicket icon <span class=\"icon-mticket\" style=\"font-size: 20px;\"></span> under the mTicket column while searching for buses. </p>"},{"head":"I've lost my ticket. What should I do now?","points":" <p> A copy of the <b> bus ticket </b> would have been sent to you by email when you booked <b> bus ticket online </b>. Please take a printout of that mail and produce it at the time of boarding. If you have not received the ticket e-mail, please call any of our call centers and our executive will resend you a copy by mail.</p>"},{"head":"What is an mTicket?","points":"<p> An mTicket is an SMS that is sent to your mobile on <b>booking bus tickets </b>  with select private bus operators. This SMS has the TIN number and the PNR number along with other ticket related information. It can be used to board the bus. Please note that not all operators accept mTickets. To know which operators are mTicket enabled, look for the mTicket icon <span class=\"icon-mticket\" style=\"font-size: 20px;\"></span> under the mTicket column while searching for buses. <br></p>"},{"head":"I didn’t receive my mTicket. Can you resend it?","points":"<p> You can generate your mTicket online. To generate m-Ticket online click on the Print/SMS ticket link on the redbus home page on www.redBus.in. Enter your TIN number mentioned on the e-ticket we emailed you. Choose the SMS option and click on Submit. In case you don’t have a copy of the e-ticket either, contact our call center and our executive will assist you.</p>"},{"head":"I entered the wrong mobile number while booking. Can I get my mTicket on a different number?","points":"<p> Yes, you can get the m-Ticket on the different numbers.To get the M-Ticket on the different number  please contact redBus call center and our customer executive will send you the mTicket on your desired number. </p>"}]},{"tileName":"Payment","Data":[{"head":"Is it safe to use my credit or debit card to buy bus tickets on redBus?","points":"<p>Transactions on redBus are very safe. We employ the best-in-class security and the transactions done are secure. Apart from being certified by Verisign, redBus uses Secure Socket Layers (SSL) data encryption. Using SSL ensures that the information exchanged with us is never transmitted unencrypted, thus protecting the information from being viewed by unauthorized individuals.</p>"},{"head":"Does the owner of the credit card/debit card with which the bus ticket is purchased need to be one of the passengers?","points":"<p> Not at all! A passenger can use any debit or credit card to pay for the <b> bus ticket </b>, not necessarily their own. However, please note that the passenger in whose name the ticket is booked should carry a proof of his identity (along with the ticket) at the time of boarding the bus.</p>"},{"head":"What are the different payment options available on Bus Ticket booking?","points":"<p> There are many payment modes available to <b> book buses </b> on the redBus website and app. Some of these payment modes that are available for the <b> bus ticket booking </b> process are: </p><ul style=\"list-style-type: disc; padding-left: 7%;\"><li>Debit Card/Credit Card/ATM Cards (Visa, MasterCard, Maestro & Rupay)</li><li>Net Banking (HDFC Bank, ICICI Bank, Indian Bank, Axis Bank, SBI and all major banks)</li><li>UPI (Google Pay, Amazon Pay, PhonePe)</li><li>Book Now, Pay Later (Simpl)</li><li>Wallets (Paytm) </li></ul><p>Make sure to check the coupon code to get the discounts on <b>bus booking online</b>, redBus offers a lot of redDeals to book the <b> bus ticket </b> on budget. </p>"},{"head":"How does the transaction appear on my card / account statement?","points":"<p> Transactions on redBus will appear as REDBUS.IN, <a class=\"blueTextNormal\" href=\"http://www.redbus.in\">www.redbus.in</a> in your bank statement. </p>"}]},{"tileName":"Cancellation & Refund","Data":[{"head":"Can I cancel my bus ticket online?","points":"<p> Yes you can cancel <b>bus tickets online</b>, Most of the tickets can be canceled online. However, there are some <b> bus tickets</b> that can only be canceled through our call center. <br><br></p><p class=\"MarT10\"> However please note that the cancellation fee and cancellation period may differ for specific bus services. Please contact any of our executives for cancellation details on any specific service.<br></p>"},{"head":"How can I cancel my bus ticket online?","points":"<p>To cancel the <b> bus ticket online </b>, you need to click on the cancellation link provided on our home page. Enter your ticket number and the e-mail ID that was provided at the time of <b> bus booking </b>and click on cancel ticket.</p>"},{"head":"I missed the bus. Do I get a refund? (Refund)","points":"<p>redBus provides a 100% refund if the bus is missed due to either redBus or its partner company's fault. However, if the bus is missed due to any other reason not directly related to redBus no refund is provided.</p>"},{"head":"How can I get a refund in case I cancel my ticket? (Refund)","points":"<p> The refund is provided as per cancellation policy of the operator. The refund can be credited to the source of payment (Example: debit card, credit card, net banking) or credited to redBus wallet. Wallet credit can be used for <b> bus booking </b>in future (within 6 months of cancellation).</p>"},{"head":"What happens if the bus does not leave on time or is canceled?","points":"<p> If your bus does not leave on time or is canceled, in such situations, you will need to consult the counter of the respective bus operators. You can also call the redBus customer care to discuss the appropriate actions.</p>"},{"head":"How can I reschedule my bus tickets?","points":"<p> To reschedule your <b> bus ticket </b> on redBus, follow these steps: <ol style=\"list-style-type:number; padding-left: 7%;\"> <li>Visit https://www.redbus.in/reschedule</li> <li>Search for your <b> bus ticket </b> by entering your ticket number and registered email ID.</li> <li>Verify your <b>online bus tickets</b> details and select the date to reschedule your journey.</li> <li>Select a bus operator, verify every detail, and make your payment if any difference in <b> bus ticket </b> prices needs to be cleared.</li> </ol></p>"}]},{"tileName":"Insurance","Data":[{"head":"Details on Insurance","points":"  <p>For details on Insurance of your journey after <b> bus ticket booking</b>, please refer to the <a href=\"http://s1.rdbuz.com/apps/insurance-terms.html\" target=\"_blank\">Insurance Terms </a>"}]}]},"payInstruments":null,"operatorLogos":null,"statistics":null,"globalPresence":{"title":"Global Presence","data":[{"title":"Colombia","imgUrl":"https://s3.rdbuz.com/web/images/homeV2/LATAM/GlobalPresencev2/Colombia.svg","count":"","redirectUrl":"https://www.redbus.co","titleName":"redBus Colombia","altName":"redBus Colombia"},{"title":"India","imgUrl":"https://s3.rdbuz.com/web/images/homeV2/LATAM/GlobalPresencev2/India.svg","count":"","redirectUrl":"https://www.redbus.in","titleName":"redBus India","altName":"redBus India"},{"title":"Indonesia","imgUrl":"https://s3.rdbuz.com/web/images/homeV2/LATAM/GlobalPresencev2/Indonesia.svg","count":"","redirectUrl":"https://www.redbus.id","titleName":"redBus Indonesia","altName":"redBus Indonesia"},{"title":"Malaysia","imgUrl":"https://s3.rdbuz.com/web/images/homeV2/LATAM/GlobalPresencev2/Malaysia.svg","count":"","redirectUrl":"https://www.redbus.my","titleName":"redBus Malaysia","altName":"redBus Malaysia"},{"title":"Peru","imgUrl":"https://s3.rdbuz.com/web/images/homeV2/LATAM/GlobalPresencev2/Peru.svg","count":"","redirectUrl":"https://www.redbus.pe","titleName":"redBus Peru","altName":"redBus Peru"},{"title":"Singapore","imgUrl":"https://s3.rdbuz.com/web/images/homeV2/LATAM/GlobalPresencev2/Singapore.svg","count":"","redirectUrl":"https://www.redbus.sg","titleName":"redBus Singapore","altName":"redBus Singapore"},{"title":"Vietnam","imgUrl":"https://s3.rdbuz.com/web/images/homeV2/LATAM/GlobalPresence/Vietnam.svg","count":"","redirectUrl":"https://www.redbus.vn","titleName":"redBus Vietnam","altName":"redBus Vietnam"},{"title":"Cambodia","imgUrl":"https://s3.rdbuz.com/web/images/homeV2/LATAM/GlobalPresence/Cambodia.svg","count":"","redirectUrl":"https://www.redbus.com.kh","titleName":"redBus Cambodia","altName":"redBus Cambodia"}]},"appInstallData":null,"lobSection":null,"trustMarkers":null},"Autosuggest":null,"IS_REGIONAL_OFFER_ENABLED":false,"IS_GEO_REDIRECTION_ENABLED":false,"geoUrls":null,"geoSeoSrpDisabled":null,"geoSeoSrpRouteUrl":null,"seoSrpRouteUrl":null,"IS_SAFETY_PLUS_TILE_ENABLED":false,"safetyPlusTile":{"title":"Safety+ Program","image":"https://s3.rdbuz.com/Images/webplatform/measures/safetyplus.svg","msg":"A unique certification program to ensure safety in all buses.","btnLabel":"Know More","btnUrl":"/SafetyPlus"},"Welcome":{"imageLink":["https://st.redbus.in/Images/INDOFFER/FESTIVE200/Hero01.png"],"imageText":"","helperText":"","heroImgParentStyle":"","heroImgStyle":"","autosuggestion":{"fromBox":{"fromLabel":"FROM","errorMes":"Please enter a source city"},"toBox":{"toLabel":"TO","errorMes":"Please enter a destination city"},"onwardDate":{"dateLabel":"Onward Date","active":false,"errorMes":"Onward date should be before return date"},"returnDate":{"dateLabel":"Return Date","active":false},"date":{"dateLabel":"Date"},"search":{"btnLabel":"Search Buses"},"returnOptional":{"Text":"(Optional)","Color":"#F4F9ED"},"returnDisableLbl":null},"returnDateABEnabled":false},"Offers":{"isCarouselEnabled":true,"webOfferCheck":false,"head":"","seeAllLink":"SEE ALL","offerTiles":[{"link":"https://www.redbus.in/info/OfferTerms#SUPERHIT","img":"https://st.redbus.in/images/offers/superhit_rav/1_1.png","offerDesc":"Use Code SUPERHIT","offerPlatform":"Save upto Rs 300 on AP and TS route","offerCode":" ","expLocalDate":null,"offerType":null,"offerText":null,"conditionsText":null,"knowMore":null,"IsGeoOffer":null,"TileDescription":null,"WebdirectUrl":null,"Title":null,"ThumbnailUrl":null,"ValidityStartDateLocal":null,"ValidityEndDateLocal":null},{"link":"https://www.redbus.in/info/OfferTerms#RB200","img":"https://st.redbus.in/images/offers/superhit_rav/1_1.png","offerDesc":"Use code RB200","offerPlatform":"Save upto Rs 200 on Delhi and North routes","offerCode":" ","expLocalDate":null,"offerType":null,"offerText":null,"conditionsText":null,"knowMore":null,"IsGeoOffer":null,"TileDescription":null,"WebdirectUrl":null,"Title":null,"ThumbnailUrl":null,"ValidityStartDateLocal":null,"ValidityEndDateLocal":null},{"link":"https://www.redbus.in/info/OfferTerms#RBTRIP","img":"https://st.redbus.in/Images/INDOFFER/RBTRIP/274x148.png","offerDesc":"Use code RBTRIP","offerPlatform":"Save up to Rs 200 in Kerala and pondicherry routes.","offerCode":" ","expLocalDate":null,"offerType":null,"offerText":null,"conditionsText":null,"knowMore":null,"IsGeoOffer":null,"TileDescription":null,"WebdirectUrl":null,"Title":null,"ThumbnailUrl":null,"ValidityStartDateLocal":null,"ValidityEndDateLocal":null},{"link":"https://www.redbus.in/info/OfferTerms#APSRTCNEW","img":"https://st.redbus.in/Images/carousel/APSRTC/APSRTC_offer-tile.png","offerDesc":"Use code APSRTCNEW","offerPlatform":"Save Up to Rs 250 on bus tickets on APSRTC","offerCode":" ","expLocalDate":null,"offerType":null,"offerText":null,"conditionsText":null,"knowMore":null,"IsGeoOffer":null,"TileDescription":null,"WebdirectUrl":null,"Title":null,"ThumbnailUrl":null,"ValidityStartDateLocal":null,"ValidityEndDateLocal":null},{"link":"https://www.redbus.in/info/OfferTerms#SUPERBBB","img":"https://st.redbus.in/images/offers/superhit_rav/1_1.png","offerDesc":"Book NOw!","offerPlatform":"Save upto Rs 300 on AP and TS route","offerCode":" Use Code SUPERBBB","expLocalDate":null,"offerType":null,"offerText":null,"conditionsText":null,"knowMore":null,"IsGeoOffer":null,"TileDescription":null,"WebdirectUrl":null,"Title":null,"ThumbnailUrl":null,"ValidityStartDateLocal":null,"ValidityEndDateLocal":null},{"link":"https://www.redbus.in/info/OfferTerms#UPSRTC","img":"https://st.redbus.in/Images/INDOFFER/UPSRTC/247X147.png","offerDesc":"Save 25% up to Rs 100 on SBSTC bus tickets.","offerPlatform":"Use code UPSRTC","offerCode":"Use Code UPSRTC","expLocalDate":null,"offerType":null,"offerText":null,"conditionsText":null,"knowMore":null,"IsGeoOffer":null,"TileDescription":null,"WebdirectUrl":null,"Title":null,"ThumbnailUrl":null,"ValidityStartDateLocal":null,"ValidityEndDateLocal":null}],"MarketingOffer":[{"link":"https://www.redbus.in/info/OfferTerms#FIRST","tileImage":"","tileTitle":"Save upto Rs 2000* on your bus tickets.","tileDesc":"Book your favourite seat now.","expLocalDate":null}],"TrustMarker":null,"offerLink":"/info/OfferTerms#","offerText":"Book now and avail great benefits*","conditionsText":"*Conditions apply","knowMore":"Know More","validityText":"Validity","useCodeText":"Use Code:"},"TopRoutes":{},"OtherPlatforms":{"header":"Convenience On-the-go.","description":"Discover the convenience of booking bus tickets online on your mobile device with redBus App. Get information on our mobile app and enjoy a seamless booking experience on the go.","iStoreImg":"//s2.rdbuz.com/web/images/home/sgp/iPhone_download.png","gStoreImg":"//s3.rdbuz.com/web/images/home/sgp/Google_download.png","wStoreImg":null,"platformsImg":"//s1.rdbuz.com/web/images/home/IOS_Android_device.png","platformsBackImg":"//s2.rdbuz.com/web/images/home/city_scape_app_download.png","gStoreLink":"https://play.google.com/store/apps/details?id=in.redbus.android&hl=en","iStoreLink":"https://itunes.apple.com/in/app/redbus/id733712604?mt=8","wStoreLink":null,"data":[{"title":"Last Minute Booking<","desc":"In a hurry to book a bus at the last minute? Choose the bus passing from your nearest boarding point and book in a few easy steps."},{"title":"BP navigation","desc":"Lost your way? Operator not picking calls? BP navigation provides a hassle free way to reach your bus"},{"title":"Comprehensive Ticket Details","desc":"Everything that you need to make the travel hassle free - rest stop details, boarding point images, chat with co-passengers,  wake-up alarm and much more!"}],"otherPlatformMobile":{"lblEnterMobile":"Enter your mobile number below to download the redBus mobile app.","phoneCodeLbl":"Enter your mobile number","phoneCodeErrLbl2":"Please enter a valid phone code","lblMobilePlaceHolder":"Enter your mobile number","lblValidNumberErrorMessages":"Enter the mobile number|Invalid Mobile No","lblSendButton":"SMS me the link","lblSuccessMessage":"SMS sent with download link","lblErrorMessage":"Sorry ! please try again. We are facing issues in sending SMS","lblInitialMessage":"Will send you an SMS with a link to instantly download our app on your phone !","lblResentButton":"Resend Link"},"dataPara":"Enjoy the following exclusive features on the redBus app <br/><span class='Platform-hl'>Last Minute Booking</span> - In a hurry to book a bus at the last minute? Choose the bus passing from your nearest boarding point and book in a few easy steps. <br/><span class='Platform-hl'>Boarding   Point Navigation</span> -  Never lose your way while travelling to your boarding point! <br/><span class='Platform-hl'>Comprehensive Ticket Details </span>- Everything that you need to make the travel hassle free - rest stop details, boarding point images, chat with co-passengers,  wake-up alarm and much more!</span>"},"VideoContent":"<section><div class=\"main-body\" style=\"background-image: url(https://st.redbus.in/Images/HomeIndia/Video-Widget.png  );background-repeat: no-repeat;position: relative;width: 1122px;height: 236px;margin: 0 auto; top: 25px;\"><div class=\"video_section\" style=\"position: relative;width: 375px;margin: 0 auto;float: left;top: 21px;x;left: 5px;\"><iframe width=\"375\" height=\"198\" src=\"https://www.youtube.com/embed/7WNkyCjIpdQ\"></iframe></div></div></section>","TravelInfo":{"head":"BOOK BUS TICKETS ONLINE","desc":"<p>redBus is India's largest brand for online bus ticket booking and offers an easy-to-use online bus and <a href=\"/train-tickets\" target=\"_self\">train ticket </a> booking; with over 36 million satisfied customers, 3500+ bus operators to choose from, and plenty of offers on bus ticket booking, redBus makes road journeys super convenient for travellers. A leading platform for booking bus tickets, redBus has been the leader in online bus booking over the past 17 years across thousands of cities and lakhs of routes in India.</p>\n<p>Booking a bus ticket online on the redBus app or website is very simple. You can download the redBus app or visit redbus.in and enter your source, destination &amp; travel date to check the top-rated bus services available. You can then compare bus prices, user ratings &amp; amenities, select your preferred seat, boarding &amp; dropping points and pay using multiple payment options like UPI, debit or credit card, net banking and more. With redBus, get assured safe &amp; secure payment methods and guaranteed travel with the best seat and bus operator of your choice. Once the bus booking payment is confirmed, all you have to do is pack your bags and get ready to travel with the m-ticket, which you can show to the bus operator on your mobile before boarding the bus. Online bus ticket booking with redBus is that simple!</p>\n<p>redBus also offers other exclusive benefits on online bus tickets like flexible ticket rescheduling options, easy &amp; friendly cancellation policies, and instant payment refunds. With a live bus tracking feature, you can plan travel and never miss the bus. You can get the cheapest bus tickets by availing the best discounts for new &amp; existing customers. With redDeals, you can also get exclusive &amp; additional discounts on your online bus ticket booking. You will get 24/7 customer support on call, chat &amp; help to resolve all your queries in English &amp; local languages.</p>\n<p>redBus offers Primo bus services, specially curated by redBus, which have highly rated buses and best-in-class service. With Primo by redBus, you can be assured of safe, comfortable, and on-time bus service at no additional cost. With multiple boarding and dropping points available across all major cities in India, you can select at your convenience and enjoy a smooth travel experience.</p>\n<p>redBus operates in six countries, including India, Malaysia, Singapore, Indonesia, Peru, and Colombia. Through its website and app, it has sold over 220 million bus tickets worldwide. With over 36 million satisfied customers, redBus is committed to providing its users with a world-class online bus booking experience.</p>\n<p>redBus offers bus tickets from some of the top private bus operators, such as Orange Travels, VRL Travels, SRS Travels, Chartered Bus, and Praveen Travels, and state government bus operators, such as APSRTC, TSRTC, GSRTC, Kerala RTC, TNSTC, RSRTC, UPSRTC, and more. With redBus, customers can easily book bus tickets for different bus types, such as AC/non-AC, Sleeper, Seater, Volvo, Multi-axle, AC Sleeper, Electric buses, and more.</p>\n","travelImg":"//s2.rdbuz.com/web/images/home/sgp/aboutTravel.jpg","headerType":"h2","var1":"Read more","var2":"Read less","seoData":true},"VideoContentFerry":null,"Statistics":{"head":"The numbers are growing!","subHead1":"CUSTOMERS","customerCount":"36 M","CustomerText":"redBus is trusted by over 36 million happy customers globally","subHead2":"OPERATORS","operatorCount":"3500","operatorText":"network of over 3500 bus operators worldwide","subHead3":"BUS TICKETS","ticketCount":"220+ M","ticketText":"Over 220 million trips booked using redBus"},"HeroImage":null,"HeroTag":null,"Stats":null,"Makemytrip":null,"Adv":null,"Travel":null,"BusPartners":null,"Partners":null,"SafetyPlus":null,"About":null,"WeareAbout":null,"CustExp":null,"AirPort":null,"Popular":null,"Advantage":{"mainImg":"//s1.rdbuz.com/web/images/home/promise.png","mainHead":"We promise to deliver","mainDesc":"","subHead1":{"img":"//s2.rdbuz.com/web/images/home/benefits.png","head":"UNMATCHED BENEFITS","desc":"We take care of your travel beyond ticketing by providing you with innovative and unique benefits."},"subHead2":{"img":"//s1.rdbuz.com/web/images/home/lowest_Fare.png","head":"LOWEST PRICES","desc":"We always give you the lowest price with the best partner offers. "},"subHead3":{"img":"//s1.rdbuz.com/web/images/home/customer_care.png","head":"SUPERIOR CUSTOMER SERVICE","desc":"We put our experience and relationships to good use and are available to solve your travel issues."},"subHead4":null,"btn":{"label":"LEARN MORE","link":""}},"HelperText":{"mainHead":"How to order bus tickets","mainDesc":"","subHead1":{"img":"//s3.rdbuz.com/images/webplatform/common/helpertext/helper_img1.png","head":"CHOOSE TRIP DETAILS","desc":"Enter source, destination, travel date and then click on 'Search'"},"subHead2":{"img":"//s3.rdbuz.com/images/webplatform/common/helpertext/helper_img2.png","head":"SELECT YOUR BUS AND SEAT","desc":"Select bus, seats, boarding point, dropping point, fill passenger details and click 'Make payment'"},"subHead3":{"img":"//s3.rdbuz.com/images/webplatform/common/helpertext/helper_img3.png","head":"MAKE EASY PAYMENT","desc":"Pay using ATM transfer, Internet banking, Alfamart, Credit/Debit card, Mandiri Clickpay, Bca Clickpay and many other easy options"},"btn":{"label":"LEARN MORE","link":""}},"Patners":{"head":"Our Partners","partnersImgs":[{"img":"//s1.rdbuz.com/web/images/Patners/Starmart.png","url":"http://www.redbus.sg/travels/starmart-express"},{"img":"//s2.rdbuz.com/web/images/Patners/Transtar.png","url":"http://www.redbus.sg/travels/transtar-travel-pte-ltd"},{"img":"//s3.rdbuz.com/web/images/Patners/Plusliner.png","url":"http://www.redbus.sg/travels/plusliner-malaysia"},{"img":"//s1.rdbuz.com/web/images/Patners/Aerobus.png","url":"http://www.redbus.sg/travels/aerobus"}]},"Testimonials":{"head":"","desc":"","tiles":[]},"showPassenger":false,"TripIdeas":null,"SeoTags":{"EnableNoIndexNoFollow":false,"dynamicSeoData":null,"nonRDCTags":false,"isEnglish":false,"title":"Bus Ticket Booking Online made Easy, Secure with Top Bus Operators - redBus","description":"Book bus tickets online with redBus, the world's largest online bus ticket booking brand for state government and private bus operators. You can book bus, train tickets at the lowest rates and get easy cancellation, instant refund.","canonical":"https://www.redbus.in","Keywords":"online bus ticket booking, bus booking, volvo ac bus booking, bus ticket booking, bus tickets","Media_tag":"https://m.redbus.in/","googlesiteverification":"xF6UvOJWcDUSenssBr8T9uGa_htW-2h3XbU9FAv9sQ8","googlesiteverificationforSellerRating":null,"OrganizationalSchema":{"contextValue":"https://www.schema.org","typeValue":"Organization","nameValue":"redBus India","urlValue":"https://www.redbus.in/"},"OrganizationalSchemaDynamic":null,"RobotsMeta":{"name":"robots","content":"noodp"},"og_title":null,"og_type":null,"og_url":null,"og_image":null,"og_site_name":null,"og_description":null,"hreflang":null},"Journey":{"image":"https://s3.rdbuz.com/Images/webplatform/Common/Journey.png"},"Awards":{"head":"Awards & Recognition","subHead1":{"img":"//s2.rdbuz.com/web/images/home/awards/Business_Standard1.png","head":"","desc":"Most Innovative Company","link":"http://www.business-standard.com/article/companies/bs-annual-awards-saluting-the-spirit-of-entrepreneurship-114033100015_1.html"},"subHead2":{"img":"//s1.rdbuz.com/web/images/home/awards/Brand_Trust_Report.png","head":"","desc":"Most Trusted Brand","link":"https://thebrandtrustreport.wordpress.com/tag/redbus-in/"},"subHead3":{"img":"//s3.rdbuz.com/web/images/home/awards/Eye_for_Travel1.png","head":"","desc":"Mobile Innovation Award","link":"https://eyefortravelblog.blogspot.in/2014/04/winners-of-mobile-innovation-in-travel.html"}},"Shinny":{"mainHead":"UNIQUE ONLINE BUS BOOKING PLATFORM","subHead":"redBus.in is India's largest online bus ticketing platform, trusted by over 6 million Indians. With a sale of over 10,00,00,000 <a href='https://www.redbus.in/bus-tickets/' target='_blank'>Bus tickets</a> via web, mobile, and our bus agents, redBus stands at the top of the game in bus ticketing. redBus.in operates on over 84000 routes and is associated with 2300 reputed bus operators. Try the redBus experience today.","data":[{"img":"//s3.rdbuz.com/web/images/Offers/Red_DealsCreative.png","link":"","head":"RED DEALS","desc":"Get a little extra! Additional discounts sponsored by your favorite bus operators exclusively on bus tickets booked via redBus"},{"img":"//s3.rdbuz.com/web/images/home/multimedia_icon.png","link":"","head":"RATINGS AND PICTURE REVIEWS","desc":"Rely on ratings and actual photos from fellow travellers to choose your bus!"},{"img":"//s3.rdbuz.com/web/images/home/rest_stops.png","link":"","head":"REST STOPS","desc":"Get information on rest stops along the way."},{"img":"//s3.rdbuz.com/web/images/home/GPS_tracking_icon.png","link":"","head":"LIVE TRACKING","desc":"Track your bus with our ‘Track My Bus’ feature and know the exact location in real-time.Stay informed and keep your family informed!"}]},"Distribution":{"img":"","head":"Our Global Presence","desc":"","data":[{"img":"COL","text":"colombia","link":"https://www.redbus.co/"},{"img":"IND","text":"india","link":"https://www.redbus.in"},{"img":"IDN","text":"indonesia","link":"https://www.redbus.id"},{"img":"MYS","text":"malaysia","link":"https://www.redbus.my"},{"img":"PER","text":"Peru","link":"https://www.redbus.pe/"},{"img":"SGP","text":"singapore","link":"https://www.redbus.sg"}]},"BoWithUs":null,"PaymentMethods":null,"PartialsList":["Welcome","Offers","AdTech","OtherPlatforms","Advantage","Awards","OurDistribution","Statistics"],"TrackMyBus":{"Caption":"TRACK MY BUS - Smarter  Way To Travel","subText":"Track your bus with our ‘Track My Bus’ feature and know the exact location in real-time.Stay informed and keep your family informed!","linkTmb":"https://www.redbus.in/info/track-my-bus","linktitle":"Know more","dataTmb":[{"headerTmb":"BUSES","valueTmb":"10,000","textTmb":"Total buses currently being tracked"},{"headerTmb":"ROUTES","valueTmb":"60,000","textTmb":"Total routes covered by live tracking"},{"headerTmb":"USERS","valueTmb":"40,000","textTmb":"Total users using Track My Bus feature"}]},"HeroFeature":{"isNonKnowMoreButtonEnabled":true,"isKnowMoreButtonEnabled":false,"Caption":"Safety+","subText":"Opt to Travel Safe with redBus","linkTmb":"/SafetyPlus","linktitle":"Know more","subText1":"Look for buses with","subText2":"tag while booking your journey,","headerOtg":"Sanitized Bus","headerOtg1":"Mandatory masks","headerOtg2":"Thermal Screening","valueOtg":"","valueOtg1":"","valueOtg2":"","textOtg1":"Proper masks are mandatory for all passengers and bus staff.","textOtg2":"All passengers will undergo thermal screening. Temperature checks for bus drivers and service staff are done before every trip.","textOtg":"All Safety+ buses are sanitized and disinfected before and after every trip."},"BookAgainReturn":{"OfferOrder":2,"BookAgainOrder":1,"HerofeatureOrder":0,"brTitle":"Book your return journey","OfrCodeLbl":"Use Code :","OfrCodeVal":"CURPE20","bookBtnLbl":"Book Now","bookAgnLbl":"Re-book with us :","brOfferimg":"https://s3.rdbuz.com/Images/carousel/br_offer.png","brBusimg":"https://s3.rdbuz.com/Images/carousel/br_bus.png","brArrowimg":"https://s3.rdbuz.com/Images/carousel/br_right_arrow.png","isOfferShow":false},"SeatAssuranceHtml":null,"isSeatAssuranceEnabled":false,"isBookAgainReturn":false,"bookAgainStart":8,"bookAgainEnd":30,"bookReturnEnd":7,"resumeBookConfig":false,"ResumeBooking":{"resumeBookingTitle":"Resume Your Last Booking: ","bookingBtnLbl":"Continue Booking","roundTripLbl":null},"downtimeBanner":{"duration":"30","errorMessage":"We are currently experiencing downtime. Please try again later.","EnableFlag":true,"EndTime":"1716928211625.0"},"recentBookConfig":false,"RecentBooking":null,"repeatBookingConfig":false,"isSEABooking":false,"OfferOrder":2,"BookAgainOrder":1,"HerofeatureOrder":0,"timeDelaySec":5000,"sourcePop":null,"destPop":null,"timerCountDown":{"showCountDown":false,"startTime":"May 16, 2019 00:00:01","endTime":"May 16, 2019 23:59:59","showDays":false,"saleEndsLbl":"SALE ENDS IN","hrsLbl":"HH","daysLbl":"DD","minLbl":"MM","secsLbl":"SS"},"pkgurl":"https://www.redbus.in/packages","pkgurlseo":"https://www.redbus.in/","redirectionBanner":null,"isNoEmailPrintTin":false,"IS_TPP_TILE_ENABLED":false,"tppTile":null,"Links":null,"homeSeq":null,"showAd":true,"adData":{"contextId":"QlVTI0hPTUVQQUdFI01JRERMRQ==","adFallbackImage":"https://s3.rdbuz.com/Images/99/webreferal.png","adFallbackLink":"https://m.redbus.in/refer?portal=true"},"IS_QR_ENABLED":false,"QRCard":null,"cltdPopup":null,"ignoreCltdPopup":null,"directRedirectToDomain":null,"Layout":{"disableAppendLanguage":false,"enableLoadLayoutBundle":false,"disableMoeEngage":false,"enableDebugBear":true,"disableLoadJQueryForHome":true,"disableJqueryForSrp":true,"enableWebVitals":false,"IsSearchPageCached":true,"enableClientLangChange":false,"alphaRegex":null,"alphaCityRegex":null,"alphaNumericRegex":null,"payAtBusText":null,"enableUIR":false,"streaksConfig":{"pendingContainer":"https://st.redbus.in/Images/tripreward/pendingTripContainer.png","completedContainer":"https://st.redbus.in/Images/tripreward/completedcontainer.png","freeTicketImg":"https://s3.rdbuz.com/Images/tripreward/FreeTicketWithoutLock.svg","lockimg":"https://st.redbus.in/Images/tripreward/lock.png","lockText":"Free Ticket","bookBefore":"Book and travel before ","bookAfter":"Book after ","hexagonImg":"https://s3.rdbuz.com/Images/tripreward/hexagon.png","pendingText":"Pending","rewardLockImg":"https://s3.rdbuz.com/Images/tripreward/FreeTicketWithLock.svg","hiwText":"How does this work?","tripsummary":"Trip Summary","freeTicKetunlock":"Free ticket unlocked","cliamAfter":"Claim after ","travelBefore":" and travel before ","take":"Take ","moreTripsWith":" more trips with ","before":" before ","getWorth":" & Get a free ticket worth up to ₹","freeTicket":"You have 1 free Ticket","bookTravelBefore":"Book & travel Before ","tripsWith":" trips with ","getFreeTicket":" to get this ticket for free","getFreeWorth":" to get free ticket worth up to ₹","freeWorth":"Free ticket worth ₹","available":" available","keyPointsRemember":"Key points to remember","boheadText":"Bus operators in tripReward","tripLogo":"https://s3.rdbuz.com/Images/tripreward/trfulllogo.png","popGif":"https://st.redbus.in/Images/tripreward/homeconfetti.gif","unLocktext":"Unlock your chance to win a Free Ticket with ","triprewardImg":"https://s3.rdbuz.com/Images/tripreward/tripReward.svg"},"shortDays":null,"shortMonths":null,"keepFooterConsistentAcrossFunnell":false,"currencyChange":null,"signUpOtpMessageUI":null,"signInOtpMessageUI":null,"IS_SEO_DIRECTORY_URL_ENABLED":false,"IS_NEW_HEADER_FOOTER_ENABLED":true,"IS_HOME_V2_ENABLED":true,"IS_SEA_COUNTRY":true,"IS_SERVER_ENV":true,"enableAPMClient":false,"enableClientABSetup":true,"multipleAbData":[{"expiry":21.0,"originalTraffic":0.0,"bucketTraffic":[0.33,0.33,0.33],"cookieName":"reddealBoostAB","abValue":null,"page":"HOME","cookiePrefix":null},{"expiry":21.0,"originalTraffic":0.0,"bucketTraffic":[0.0,0.0,1.0],"cookieName":"rtcInline","abValue":null,"page":"SEARCH","cookiePrefix":null},{"expiry":21.0,"originalTraffic":0.0,"bucketTraffic":[0.33,0.33,0.33],"cookieName":"dynamic_custinfo","abValue":null,"page":"SEARCH","cookiePrefix":null},{"expiry":21.0,"originalTraffic":0.5,"bucketTraffic":[0.5],"cookieName":"uirAB_WEB","abValue":null,"page":"home","cookiePrefix":null}],"abExpSync":["reddealBoostAB","rtcInline","dynamic_custinfo"],"isPackageRedirectFromChannel":false,"pkgurl":null,"pkgurlseo":null,"enableABSetup":true,"abData":{"expiry":21.0,"originalTraffic":0.0,"bucketTraffic":[0.0,0.0,1.0],"cookieName":"homeV2","abValue":null,"page":null,"cookiePrefix":null},"LoggingEnabledChannelUrls":null,"IS_ERROR_EVENT":false,"IsRDCPopupEnabled":false,"IS_FERRY_CLTD_ENABLED":false,"dynamicCustInfoAvailable":true,"enableSolrStateName":true,"enableTnCAcceptance":false,"tnCAcceptanceLabels":null,"recaptchaSiteKey":"6Lclx6UZAAAAAAJPzjIzuni5BEHrRGUzU9Rz87HS","footerOtherServiceShowBelow":true,"IS_VALID_HEADER_TRAINING_DISABLED":false,"IS_OTP_FRAUD_CHECK_ENABLED":false,"showRDCHome":false,"IS_COMMA_ENABLED":false,"branchKey":"key_live_pmMiKmugKG0cjSWqKr00jdfdwFhW20M0","mriSessionIdTimeout":500,"mriClientTimeout":0,"useMri":true,"enableCookieConsent":false,"enableCltdPopup":false,"enableBrowserFP":true,"country":null,"IS_GFT_V2_ENABLED":false,"redbusLogoImage":null,"nonDefaultLang":null,"isSOLRIconDisabled":false,"searchDownPanel":null,"IS_SEO_BUS_DETAILS_ENABLED":false,"IS_AB_EXPERIMENT_ENABLED":true,"busDetailsPageConfig":null,"IS_DYNAMIC_SEAT_BLOCKING_FEATURE_ENABLED":true,"SECURE_COOKIE":true,"IS_ALLOW_LADY_NEXT_TO_MALE_FEATURE_ENABLED":false,"IS_ROUND_TRIP_DISABLED":true,"dynamicContent":{"IS_SRP_TUPLE_ENABLED":true,"IS_SEAT_LAYOUT_ENABLED":true,"IS_CUST_INFO_ENABLED":true,"IS_THANK_YOU_ENABLED":true,"srpTupleLbl":"","seatLayoutLbl":"","custInfoLbl":"","thankyouLbl":""},"IS_PRE_REGISTER_ENABLED":true,"IS_SAFETY_PLUS_ENABLED":true,"IS_NEW_CANCELLATION_ENABLED":true,"IS_NEW_CONTEXTUAL_LOGIN_ENABLED":true,"IS_CO_TRAVELLERS_ENABLED":false,"IS_SET_CO_TRAVELLER_API_DISABLED":false,"isBoardingPassEnabled":false,"boardingPass":null,"tripleFive":{"introLbl":"INTRODUCING","tripleFiveLbl":"Primo","busExLbl":"The Smart Choice","busExLbl2":"for the best bus experience.","subHeadFirstLbl":"Look for buses with","subHeadLastLbl":"tag while booking your journey","subHeadFirstLbl_new":"Look for the tag","subHeadLastLbl_new":"while booking","popupLeadText":"Rising Stars on redBus","tripleFiveLbl1":"On time","tripleFiveInfo1":"Punctual arrivals on 95% trips","tripleFiveLbl2":"Friendly Staff","tripleFiveInfo2":"Always ready to help","tripleFiveLbl3":"Top Rated","tripleFiveInfo3":"Buses with 4+ star rating","ownerText":"(Owner)","primoS3BaseUrl":"https://s3.rdbuz.com/Images/webplatform/india/primo","opeartorImgBaseUrl":"https://s3.rdbuz.com/Images/operatorImages/","operatorImgType":".png"},"milestoneProgram":null,"IsAdsbyGoogleEnabled":false,"IsMRIUxCaptureEnabled":true,"MRI_CLIENT_BASEURL":"https://mriclient.redbus.com/mri/push-to-kafka","MRI_ENVIRONMENT":"prod","captureIpriceEnabled":false,"IsRiskifiedEnabled":true,"enableCAPIErrMsg":true,"IsKibanaEnabled":false,"IsUnAuthKibanaEnabled":true,"isHeroFeatureSEA_LATAM":false,"Header":{"PageName":"HOME","logo":{"src":"/images/home/sgp/layout_logo.png","title":"redBus.in India's #1 Bus Booking Site","alt":"redBus.in","link":"/"},"rdcLogin":null,"products":[{"classlbl":"selectedBus site-links","link":"https://www.redbus.in/","label":"<style>.rest .promotions-wrap{margin-left:44px;margin-top:-96px;}.cntEnd,.timName{color:#fff}.countInfo .position {height: 1.23em;}.bpdpcoach-block.coach-remove{pointer-events: none;}</style>BUS TICKETS","title":"redBus"},{"classlbl":"site-links redRail","link":"https://www.redbus.in/railways","label":"redRail","title":"redRail"}],"helpText":"Need Help?","helpNo":["+65-31582888"],"helpEmailId":"support@redbus.sg","helpNoText":"Call Us at: ","howtoOrderText":"","helpEmailText":"Email to: ","PrintSMS":"Print/SMS Ticket","PrintSMSHref":"/Home/PrintTicket","helpHref":"/info/redcare","helpLbl":"Help","busTicketOnline":null,"busTicketOnlineLink":null,"lblCallUsAt":"Call Us At","imgCallUsAt":"https://s3.rdbuz.com/Web/Images/call_new.png","lblCallUsAtHelp":"HOW CAN WE HELP YOU?","lblCancel":"Cancel / Track Refund","lblWriteToUs":"Write To Us","imgWriteToUs":"https://s3.rdbuz.com/Web/Images/write.png","lnkHowToPay":null,"lblHowToPay":null,"countryDropDown":[{"value":"MYS","label":"Malaysia","link":"https://stage.redbus.my"},{"value":"SGP","label":"Singapore","link":"https://stage.redbus.sg"},{"value":"IDN","label":"Indonesia","link":"https://stage.redbus.id"}],"languageDropDown":[{"value":"en","label":"English"}],"currencyDropDown":[{"value":"INR","label":"INR","country":"Indian Rupee","headerDispValue":null,"symbol":null}],"cancellationDropDown":[{"value":"/Cancellation","label":"Bus"},{"value":"/hotels/cancellation","label":"Hotels"}],"geoLocationDropDown":[{"label":"Karnataka","state":"KA"},{"label":"Karnataka","state":"KA"},{"label":"West Bengal","state":"WB"},{"label":"West Bengal","state":"WB"},{"label":"Assam","state":"AS"},{"label":"Gujarat","state":"GJ"},{"label":"Uttar Pradesh","state":"UP"},{"label":"Maharashtra","state":"MH"},{"label":"Maharashtra","state":"MH"},{"label":"Telangana","state":"TG"},{"label":"Andhra Pradesh","state":"AP"},{"label":"Others","state":"DEFAULT"}],"ManageBooking":{"manageBookingHeader":"Manage Booking","busMBHeader":"Bus Tickets","hotelMBheader":"Hotels Tickets","busManageBooking":{"Cancel":"/Cancellation","Change Travel Date":"/Reschedule","Show My Ticket":"/Home/PrintTicket","Email/SMS":"/Home/SmsAndEmailTicket"},"hotelManageBooking":null},"IsUserSignedIn":false,"isLanguageFlag":false,"rdcLogo":null,"showBubble":false,"currencySelectedLbl":null,"currencyChangeLbl":null,"headerActiveLinks":[{"Feature":"IsPersonalization","value":true},{"Feature":"IsLanguageDD","value":false},{"Feature":"IsCurrencyDD","value":false},{"Feature":"IsPrintSMS","value":false},{"Feature":"IsNeedHelp","value":false},{"Feature":"IsCallUs","value":false},{"Feature":"IsWriteToUs","value":false},{"Feature":"IsCancellation","value":false},{"Feature":"IsGeoLocation","value":false},{"Feature":"IsHowToOrder","value":false},{"Feature":"IsHowToPay","value":false},{"Feature":"IsRedbusPartner","value":false},{"Feature":"IsReschedule","value":false},{"Feature":"IsExtPromLink","value":false},{"Feature":"IsHelp","value":true}],"personalization":[{"id":"mt","displayName":"My Trips","link":"myprofile#trips"},{"id":"wc","displayName":"Wallets/Cards","link":"myprofile#wallet"},{"id":"mp","displayName":"My Profile","link":"myprofile"},{"id":"cp","displayName":"Change Password","link":"myprofile#updatePassword"},{"id":"wh","displayName":"Wallet","link":"myprofile#walletHistory"},{"id":"so","displayName":"Sign Out","link":""},{"id":"so","displayName":"Sign Out From All Devices","link":""},{"id":"si","displayName":"Sign In/Sign Up","link":""}],"IsRBWalletFeatureEnabled":true,"IsPasswordExists":false,"partnerLogo":null,"IsSupportDropDown":false,"lblDDSupport":"redBus Support","WalletBalance":{"BalanceText":"Wallet Balance","CurrencyLabel":null,"AbsolutePathList":["/","/SEARCH"],"IsTruncateBalance":true},"lblRedbusPartner":null,"lblReschedule":"Reschedule","linkRedbusPartner":null,"lblCharterBuses":null,"linkCharterBuses":null,"expMins":1770.0,"DefaultLangCheck":null,"sameCountryCheck":null,"autoCurrencySelect":null,"autoLangSelect":null,"flagstoLanguage":null,"isHelpWidthAdjust":false,"lblExtProm":null,"lblExtPromLink":null,"lblPromationLbl":null,"lblPromationLink":null,"corporateRedbusLbl":null,"corporateRedbusLink":null,"isChangePasswordDisabled":false,"ferryTicketOnline":null,"ferryTicketOnlineLink":null,"newIndicator":null,"percentOffIndicator":null,"showRDCHome":false,"activitiesOnlineLink":null,"activitiesOnline":null},"HeaderV2":{"redBusLogoWebp":"https://s3.rdbuz.com/Images/rdc/rdc-redbus-logo.webp","redBusLogo":"https://s3.rdbuz.com/Images/rdc/rdc-redbus-logo.svg","verticals":[{"imgUrl":"https://s3.rdbuz.com/Images/rdc/rdc-redbus-logo.svg","key":"bus_tickets_vertical","displayName":"Bus Tickets","redirectUrl":"https://www.redbus.in/bus-tickets","isDisabled":false,"altName":"Online Bus Tickets Booking","titleName":"Online Bus Tickets Booking","newTag":null,"isActive":true},{"imgUrl":"https://s3.rdbuz.com/web/images/layout/rail_vertical.svg","key":"rail_tickets_vertical","displayName":"Train Tickets","redirectUrl":"https://www.redbus.in/railways","isDisabled":false,"altName":"Online Train Tickets Booking","titleName":"Online Train Tickets Booking","newTag":"₹80 off","isActive":false}],"secondaryItems":[{"iconClass":"icon-help_new","key":"help_redcare","displayName":"Help","isRedirectOnClick":true,"redirectUrl":"/info/redcare","isDropdownTickNeeded":false,"isShowOnlyOnLoggedIn":false,"isShowOnlyOnLoggedOut":false,"isDisabled":false,"subMenuItems":null},{"iconClass":"icon-language","key":"language_change","displayName":"Language","isRedirectOnClick":false,"redirectUrl":null,"isDropdownTickNeeded":true,"isShowOnlyOnLoggedIn":false,"isShowOnlyOnLoggedOut":false,"isDisabled":true,"subMenuItems":[{"subName":null,"displayName":"English","headerDispValue":null,"key":"en","redirectUrl":null,"isSeperatorNeededAfter":false},{"subName":null,"displayName":"हिंदी (Hindi)","headerDispValue":null,"key":"hi","redirectUrl":null,"isSeperatorNeededAfter":false}]},{"iconClass":"icon-user_profile_new","key":"account_dd","displayName":"Account","isRedirectOnClick":false,"redirectUrl":null,"isDropdownTickNeeded":false,"isShowOnlyOnLoggedIn":false,"isShowOnlyOnLoggedOut":true,"isDisabled":false,"subMenuItems":[{"subName":null,"displayName":"Cancel Ticket","headerDispValue":null,"key":"cancel_ticket","redirectUrl":"/Cancellation","isSeperatorNeededAfter":false},{"subName":null,"displayName":"Change Travel Date","headerDispValue":null,"key":"reschedule_ticket","redirectUrl":"/Reschedule","isSeperatorNeededAfter":false},{"subName":null,"displayName":"Show My Ticket","headerDispValue":null,"key":"ticket_details","redirectUrl":"/Home/PrintTicket","isSeperatorNeededAfter":false},{"subName":null,"displayName":"Email/SMS","headerDispValue":null,"key":"smsandemail_ticket","redirectUrl":"/Home/SmsAndEmailTicket","isSeperatorNeededAfter":true},{"subName":null,"displayName":"Login/ Sign Up","headerDispValue":null,"key":"user_sign_in_sign_up","redirectUrl":null,"isSeperatorNeededAfter":false}]},{"iconClass":"icon-user_profile_new","key":"account_dd","displayName":"My Account","isRedirectOnClick":false,"redirectUrl":null,"isDropdownTickNeeded":false,"isShowOnlyOnLoggedIn":true,"isShowOnlyOnLoggedOut":false,"isDisabled":false,"subMenuItems":[{"subName":null,"displayName":"Cancel Ticket","headerDispValue":null,"key":"cancel_ticket","redirectUrl":"/Cancellation","isSeperatorNeededAfter":false},{"subName":null,"displayName":"Change Travel Date","headerDispValue":null,"key":"reschedule_ticket","redirectUrl":"/Reschedule","isSeperatorNeededAfter":false},{"subName":null,"displayName":"Show My Ticket","headerDispValue":null,"key":"ticket_details","redirectUrl":"/Home/PrintTicket","isSeperatorNeededAfter":false},{"subName":null,"displayName":"Email/SMS","headerDispValue":null,"key":"smsandemail_ticket","redirectUrl":"/Home/SmsAndEmailTicket","isSeperatorNeededAfter":true},{"subName":null,"displayName":"My Profile","headerDispValue":null,"key":"profile_detail","redirectUrl":"/myprofile","isSeperatorNeededAfter":false},{"subName":null,"displayName":"My Trips","headerDispValue":null,"key":"profile_trips","redirectUrl":"/myprofile#trips","isSeperatorNeededAfter":false},{"subName":null,"displayName":"Cards","headerDispValue":null,"key":"profile_wallets_cards","redirectUrl":"/myprofile#wallet","isSeperatorNeededAfter":false},{"subName":null,"displayName":"Wallet","headerDispValue":null,"key":"profile_wallet","redirectUrl":"/myprofile#wallet","isSeperatorNeededAfter":true},{"subName":null,"displayName":"Sign Out","headerDispValue":null,"key":"user_sign_out","redirectUrl":null,"isSeperatorNeededAfter":false},{"subName":null,"displayName":"Sign Out from All Devices","headerDispValue":null,"key":"user_sign_out_all_device","redirectUrl":null,"isSeperatorNeededAfter":false}]}],"IsUserLoggedIn":false,"IsHeaderHeightSmall":false,"showVerticalsInFunnel":false},"hardClearCookie":true,"Footer":{"footerLinkHeadType":null,"SeoFooterLinks":[{"uiComponentId":"C_155","content":{"heading":"Popular Bus Routes","body":null,"subHeading":null,"var1":null,"var2":null,"var3":null,"label1":null,"value1":null,"label2":null,"value2":null,"label3":null,"value3":null,"imageUrl":null,"faqList":null,"dataList":[{"url":"https://www.redbus.in/bus-tickets/delhi-to-manali","name":"Delhi To Manali Bus","tooltip":null,"customAttributes":null,"isMoreLink":false},{"url":"https://www.redbus.in/bus-tickets/delhi-to-rishikesh","name":"Delhi To Rishikesh Bus","tooltip":null,"customAttributes":null,"isMoreLink":false},{"url":"https://www.redbus.in/bus-tickets/delhi-to-shimla","name":"Delhi To Shimla Bus","tooltip":null,"customAttributes":null,"isMoreLink":false},{"url":"https://www.redbus.in/bus-tickets/delhi-to-nainital","name":"Delhi To Nainital Bus","tooltip":null,"customAttributes":null,"isMoreLink":false},{"url":"https://www.redbus.in/bus-tickets/delhi-to-katra","name":"Delhi To Katra Bus","tooltip":null,"customAttributes":null,"isMoreLink":false},{"url":"https://www.redbus.in/bus-tickets/bangalore-to-goa","name":"Bangalore To Goa Bus","tooltip":null,"customAttributes":null,"isMoreLink":false},{"url":"https://www.redbus.in/bus-tickets/bangalore-to-hyderabad","name":"Bangalore To Hyderabad Bus","tooltip":null,"customAttributes":null,"isMoreLink":false},{"url":"https://www.redbus.in/bus-tickets/bangalore-to-tirupathi","name":"Bangalore To Tirupathi Bus","tooltip":null,"customAttributes":null,"isMoreLink":false},{"url":"https://www.redbus.in/bus-tickets/bangalore-to-chennai","name":"Bangalore To Chennai Bus","tooltip":null,"customAttributes":null,"isMoreLink":false},{"url":"https://www.redbus.in/bus-tickets/bangalore-to-pondicherry","name":"Bangalore To Pondicherry Bus","tooltip":null,"customAttributes":null,"isMoreLink":false},{"url":"https://www.redbus.in/bus-tickets/hyderabad-to-bangalore","name":"Hyderabad To Bangalore Bus","tooltip":null,"customAttributes":null,"isMoreLink":false},{"url":"https://www.redbus.in/bus-tickets/hyderabad-to-goa","name":"Hyderabad To Goa Bus","tooltip":null,"customAttributes":null,"isMoreLink":false},{"url":"https://www.redbus.in/bus-tickets/hyderabad-to-srisailam","name":"Hyderabad To Srisailam Bus","tooltip":null,"customAttributes":null,"isMoreLink":false},{"url":"https://www.redbus.in/bus-tickets/hyderabad-to-vijayawada","name":"Hyderabad To Vijayawada Bus","tooltip":null,"customAttributes":null,"isMoreLink":false},{"url":"https://www.redbus.in/bus-tickets/hyderabad-to-tirupathi","name":"Hyderabad To Tirupathi Bus","tooltip":null,"customAttributes":null,"isMoreLink":false},{"url":"https://www.redbus.in/bus-tickets/pune-to-goa","name":"Pune To Goa Bus","tooltip":null,"customAttributes":null,"isMoreLink":false},{"url":"https://www.redbus.in/bus-tickets/pune-to-mumbai","name":"Pune To Mumbai Bus","tooltip":null,"customAttributes":null,"isMoreLink":false},{"url":"https://www.redbus.in/bus-tickets/pune-to-nagpur","name":"Pune To Nagpur Bus","tooltip":null,"customAttributes":null,"isMoreLink":false},{"url":"https://www.redbus.in/bus-tickets/pune-to-kolhapur-maharashtra","name":"Pune To Kolhapur Bus","tooltip":null,"customAttributes":null,"isMoreLink":false},{"url":"https://www.redbus.in/bus-tickets/pune-to-nashik","name":"Pune To Nashik Bus","tooltip":null,"customAttributes":null,"isMoreLink":false},{"url":"https://www.redbus.in/bus-tickets/mumbai-to-goa","name":"Mumbai To Goa Bus","tooltip":null,"customAttributes":null,"isMoreLink":false},{"url":"https://www.redbus.in/bus-tickets/mumbai-to-pune","name":"Mumbai To Pune Bus","tooltip":null,"customAttributes":null,"isMoreLink":false},{"url":"https://www.redbus.in/bus-tickets/mumbai-to-shirdi","name":"Mumbai To Shirdi Bus","tooltip":null,"customAttributes":null,"isMoreLink":false},{"url":"https://www.redbus.in/bus-tickets/mumbai-to-mahabaleshwar","name":"Mumbai To Mahabaleshwar Bus","tooltip":null,"customAttributes":null,"isMoreLink":false},{"url":"https://www.redbus.in/bus-tickets/mumbai-to-kolhapur-maharashtra","name":"Mumbai To Kolhapur Bus","tooltip":null,"customAttributes":null,"isMoreLink":false},{"url":"https://www.redbus.in/bus-tickets/kolkata-to-digha","name":"Kolkata To Digha Bus","tooltip":null,"customAttributes":null,"isMoreLink":false},{"url":"https://www.redbus.in/bus-tickets/kolkata-to-siliguri","name":"Kolkata To Siliguri Bus","tooltip":null,"customAttributes":null,"isMoreLink":false},{"url":"https://www.redbus.in/bus-tickets/kolkata-to-puri","name":"Kolkata To Puri Bus","tooltip":null,"customAttributes":null,"isMoreLink":false},{"url":"https://www.redbus.in/bus-tickets/kolkata-to-bakkhali","name":"Kolkata To Bakkhali Bus","tooltip":null,"customAttributes":null,"isMoreLink":false},{"url":"https://www.redbus.in/bus-tickets/kolkata-to-mandarmani","name":"Kolkata To Mandarmani Bus","tooltip":null,"customAttributes":null,"isMoreLink":false},{"url":"https://www.redbus.in/bus-tickets/chennai-to-bangalore","name":"Chennai To Bangalore Bus","tooltip":null,"customAttributes":null,"isMoreLink":false},{"url":"https://www.redbus.in/bus-tickets/chennai-to-pondicherry","name":"Chennai To Pondicherry Bus","tooltip":null,"customAttributes":null,"isMoreLink":false},{"url":"https://www.redbus.in/bus-tickets/chennai-to-coimbatore","name":"Chennai To Coimbatore Bus","tooltip":null,"customAttributes":null,"isMoreLink":false},{"url":"https://www.redbus.in/bus-tickets/chennai-to-madurai","name":"Chennai To Madurai Bus","tooltip":null,"customAttributes":null,"isMoreLink":false},{"url":"https://www.redbus.in/bus-tickets/chennai-to-tirupathi","name":"Chennai To Tirupathi Bus","tooltip":null,"customAttributes":null,"isMoreLink":false},{"url":"https://www.redbus.in/bus-tickets/chandigarh-to-manali","name":"Chandigarh To Manali Bus","tooltip":null,"customAttributes":null,"isMoreLink":false},{"url":"https://www.redbus.in/bus-tickets/chandigarh-to-shimla","name":"Chandigarh To Shimla Bus","tooltip":null,"customAttributes":null,"isMoreLink":false},{"url":"https://www.redbus.in/bus-tickets/chandigarh-to-delhi","name":"Chandigarh To Delhi Bus","tooltip":null,"customAttributes":null,"isMoreLink":false},{"url":"https://www.redbus.in/bus-tickets/chandigarh-to-dehradun","name":"Chandigarh To Dehradun Bus","tooltip":null,"customAttributes":null,"isMoreLink":false},{"url":"https://www.redbus.in/bus-tickets/chandigarh-to-amritsar","name":"Chandigarh To Amritsar Bus","tooltip":null,"customAttributes":null,"isMoreLink":false},{"url":"https://www.redbus.in/bus-tickets/coimbatore-to-chennai","name":"Coimbatore To Chennai Bus","tooltip":null,"customAttributes":null,"isMoreLink":false},{"url":"https://www.redbus.in/bus-tickets/coimbatore-to-bangalore","name":"Coimbatore To Bangalore Bus","tooltip":null,"customAttributes":null,"isMoreLink":false},{"url":"https://www.redbus.in/bus-tickets/coimbatore-to-ooty","name":"Coimbatore To Ooty Bus","tooltip":null,"customAttributes":null,"isMoreLink":false},{"url":"https://www.redbus.in/bus-tickets/coimbatore-to-tiruchendur","name":"Coimbatore To Tiruchendur Bus","tooltip":null,"customAttributes":null,"isMoreLink":false},{"url":"https://www.redbus.in/bus-tickets/coimbatore-to-madurai","name":"Coimbatore To Madurai Bus","tooltip":null,"customAttributes":null,"isMoreLink":false},{"url":"https://www.redbus.in/bus-tickets/agra-to-bareilly","name":"Agra to Bareilly Bus","tooltip":null,"customAttributes":null,"isMoreLink":false},{"url":"https://www.redbus.in/bus-tickets/hisar-to-chandigarh","name":"Hisar to Chandigarh Bus","tooltip":null,"customAttributes":null,"isMoreLink":false},{"url":"https://www.redbus.in/bus-tickets/hisar-to-delhi","name":"Hisar to Delhi Bus ","tooltip":null,"customAttributes":null,"isMoreLink":false},{"url":"https://www.redbus.in/bus-tickets/lucknow-to-ballia","name":"Lucknow to Ballia Bus","tooltip":null,"customAttributes":null,"isMoreLink":false},{"url":"https://www.redbus.in/bus-tickets/lucknow-to-moradabad","name":"Lucknow to Moradabad Bus","tooltip":null,"customAttributes":null,"isMoreLink":false},{"url":"https://www.redbus.in/bus-tickets/rajkot-to-dwarka","name":"Rajkot to Dwarka Bus","tooltip":null,"customAttributes":null,"isMoreLink":false},{"url":"https://www.redbus.in/bus-tickets/siliguri-to-gangtok","name":"Siliguri to Gangtok Bus","tooltip":null,"customAttributes":null,"isMoreLink":false},{"url":"https://www.redbus.in/bus-tickets/ahmedabad-to-goa","name":"Ahmedabad to Goa Bus","tooltip":null,"customAttributes":null,"isMoreLink":false},{"url":"https://www.redbus.in/bus-tickets/ahmedabad-to-kanpur","name":"Ahmedabad to Kanpur Bus","tooltip":null,"customAttributes":null,"isMoreLink":false},{"url":"https://www.redbus.in/bus-tickets/akola-to-pune","name":"Akola to Pune Bus","tooltip":null,"customAttributes":null,"isMoreLink":false}]},"headerType":"h3"},{"uiComponentId":"C_155","content":{"heading":"Popular Cities","body":null,"subHeading":null,"var1":null,"var2":null,"var3":null,"label1":null,"value1":null,"label2":null,"value2":null,"label3":null,"value3":null,"imageUrl":null,"faqList":null,"dataList":[{"url":"buses/hyderabad-bus-tickets","name":"Hyderabad Bus Ticket Booking","tooltip":null,"customAttributes":null,"isMoreLink":false},{"url":"buses/bangalore-bus-tickets","name":"Bangalore Bus Ticket Booking","tooltip":null,"customAttributes":null,"isMoreLink":false},{"url":"buses/chennai-bus-tickets","name":"Chennai Bus Ticket Booking","tooltip":null,"customAttributes":null,"isMoreLink":false},{"url":"buses/pune-bus-tickets","name":"Pune Bus Tickets Booking","tooltip":null,"customAttributes":null,"isMoreLink":false},{"url":"buses/delhi-bus-tickets","name":"Delhi Bus Ticket Booking","tooltip":null,"customAttributes":null,"isMoreLink":false},{"url":"buses/mumbai-bus-tickets","name":"Mumbai Bus Ticket Booking","tooltip":null,"customAttributes":null,"isMoreLink":false},{"url":"buses/kolkata-bus-tickets","name":"Kolkata Bus Ticket Booking","tooltip":null,"customAttributes":null,"isMoreLink":false},{"url":"buses/ernakulam-bus-tickets","name":"Ernakulam Bus Ticket Booking","tooltip":null,"customAttributes":null,"isMoreLink":false},{"url":"buses/ahmedabad-bus-tickets","name":"Ahmedabad Bus Ticket Booking","tooltip":null,"customAttributes":null,"isMoreLink":false},{"url":"buses/vijayawada-bus-tickets","name":"Vijayawada Bus Ticket Booking","tooltip":null,"customAttributes":null,"isMoreLink":false},{"url":"buses/jaipur-bus-tickets","name":"Jaipur Bus Ticket Booking","tooltip":null,"customAttributes":null,"isMoreLink":false},{"url":"buses/indore-bus-tickets","name":"Indore Bus Ticket Booking","tooltip":null,"customAttributes":null,"isMoreLink":false},{"url":"buses/lucknow-bus-tickets","name":"Lucknow Bus Ticket Booking","tooltip":null,"customAttributes":null,"isMoreLink":false},{"url":"buses/bhopal-bus-tickets","name":"Bhopal Bus Ticket Booking","tooltip":null,"customAttributes":null,"isMoreLink":false}]},"headerType":"h3"},{"uiComponentId":"C_155","content":{"heading":"Popular Bus Operators","body":null,"subHeading":null,"var1":null,"var2":null,"var3":null,"label1":null,"value1":null,"label2":null,"value2":null,"label3":null,"value3":null,"imageUrl":null,"faqList":null,"dataList":[{"url":"https://www.redbus.in/travels/no-1-air-travels","name":"No 1 Air Travels","tooltip":null,"customAttributes":null,"isMoreLink":false},{"url":"https://www.redbus.in/travels/ybm-travels","name":"YBM Travels","tooltip":null,"customAttributes":null,"isMoreLink":false},{"url":"https://www.redbus.in/travels/sri-sms-travels","name":"Sri SMS Travels","tooltip":null,"customAttributes":null,"isMoreLink":false},{"url":"https://www.redbus.in/travels/svkdt-travels","name":"Svkdt Travels","tooltip":null,"customAttributes":null,"isMoreLink":false},{"url":"https://www.redbus.in/travels/rkt-tours-and-travels","name":"RKT Tours and Travels","tooltip":null,"customAttributes":null,"isMoreLink":false},{"url":"https://www.redbus.in/travels/royal-cars","name":"Royal Cars","tooltip":null,"customAttributes":null,"isMoreLink":false},{"url":"https://www.redbus.in/travels/rahul-travels","name":"Rahul Travels","tooltip":null,"customAttributes":null,"isMoreLink":false},{"url":"https://www.redbus.in/travels/jbt-travels","name":"JBT Travels","tooltip":null,"customAttributes":null,"isMoreLink":false},{"url":"https://www.redbus.in/travels/raj-express-1","name":"Raj Express","tooltip":null,"customAttributes":null,"isMoreLink":false},{"url":"https://www.redbus.in/travels/vaishali-express","name":"Vaishali Express","tooltip":null,"customAttributes":null,"isMoreLink":false},{"url":"https://www.redbus.in/travels/rahul-travels-indore","name":"Rahul Travels Indore","tooltip":null,"customAttributes":null,"isMoreLink":false},{"url":"https://www.redbus.in/travels/delhi-tours-and-travels","name":"Delhi Tours And Travels","tooltip":null,"customAttributes":null,"isMoreLink":false},{"url":"https://www.redbus.in/travels/ashok-travels-delhi","name":"Ashok Travels","tooltip":null,"customAttributes":null,"isMoreLink":false},{"url":"https://www.redbus.in/travels/greenline","name":"Greenline Travels","tooltip":null,"customAttributes":null,"isMoreLink":false},{"url":"https://www.redbus.in/travels/pawan-travels-balaghat","name":"Pawan Travels","tooltip":null,"customAttributes":null,"isMoreLink":false},{"url":"https://www.redbus.in/travels/ravi-travels","name":"Ravi Travels","tooltip":null,"customAttributes":null,"isMoreLink":false},{"url":"https://www.redbus.in/travels/vrl-travels","name":"VRL Travels","tooltip":null,"customAttributes":null,"isMoreLink":false},{"url":"https://www.redbus.in/travels/dolphin-travel-house","name":"Dolphin Travels","tooltip":null,"customAttributes":null,"isMoreLink":false},{"url":"https://www.redbus.in/travels/ganesh-travels","name":"Ganesh Travels","tooltip":null,"customAttributes":null,"isMoreLink":false},{"url":"https://www.redbus.in/travels/kaveri-kamakshi-travels","name":"Kaveri Travels","tooltip":null,"customAttributes":null,"isMoreLink":false},{"url":"https://www.redbus.in/travels/national-travels-national","name":"National Travels","tooltip":null,"customAttributes":null,"isMoreLink":false},{"url":"https://www.redbus.in/travels/bharathi-travels-bharathi","name":"Bharathi Travels","tooltip":null,"customAttributes":null,"isMoreLink":false},{"url":"https://www.redbus.in/travels/city-land-travels","name":"City Land Travels","tooltip":null,"customAttributes":null,"isMoreLink":false},{"url":"https://www.redbus.in/travels/citylink-travels","name":"Citylink Travels","tooltip":null,"customAttributes":null,"isMoreLink":false},{"url":"https://www.redbus.in/travels/kkaveri-travels","name":"KKaveri Travels","tooltip":null,"customAttributes":null,"isMoreLink":false},{"url":"https://www.redbus.in/travels/kk-travels","name":"KK Travels","tooltip":null,"customAttributes":null,"isMoreLink":false},{"url":"https://www.redbus.in/travels/mahadev-travels-online","name":"Mahadev Travels","tooltip":null,"customAttributes":null,"isMoreLink":false},{"url":"https://www.redbus.in/travels/maharaja-travels-1","name":"Maharaja Travels","tooltip":null,"customAttributes":null,"isMoreLink":false},{"url":"https://www.redbus.in/travels/m-r-travels","name":"M R Travels","tooltip":null,"customAttributes":null,"isMoreLink":false},{"url":"https://www.redbus.in/travels/new-payal-travels","name":"New Payal Travels","tooltip":null,"customAttributes":null,"isMoreLink":false},{"url":"https://www.redbus.in/travels/paras-travels","name":"Paras Travels","tooltip":null,"customAttributes":null,"isMoreLink":false},{"url":"https://www.redbus.in/travels/parshwanath-travels-parshwanath-ahmedabad","name":"Shree Parshwanath Travels","tooltip":null,"customAttributes":null,"isMoreLink":false},{"url":"https://www.redbus.in/travels/payal-travels","name":"Payal Travels","tooltip":null,"customAttributes":null,"isMoreLink":false},{"url":"https://www.redbus.in/travels/rk-travels","name":"R K Travels","tooltip":null,"customAttributes":null,"isMoreLink":false},{"url":"https://www.redbus.in/travels/shivam-travels","name":"Shivam Travels","tooltip":null,"customAttributes":null,"isMoreLink":false},{"url":"https://www.redbus.in/travels/shree-mahaveer-travels-9721","name":"Shree Mahaveer Travels","tooltip":null,"customAttributes":null,"isMoreLink":false},{"url":"https://www.redbus.in/travels/srs-travels-srs","name":"SRS Travels","tooltip":null,"customAttributes":null,"isMoreLink":false},{"url":"https://www.redbus.in/travels/tulsi-travels","name":"Tulsi Travels","tooltip":null,"customAttributes":null,"isMoreLink":false},{"url":"https://www.redbus.in/travels/vaibhav-travels-10044","name":"Vaibhav Travels","tooltip":null,"customAttributes":null,"isMoreLink":false},{"url":"https://www.redbus.in/travels/vikas-travels-jaipur","name":"Vikas Travels","tooltip":null,"customAttributes":null,"isMoreLink":false},{"url":"https://www.redbus.in/travels/amarnath-travels-9984","name":"Amarnath Travels","tooltip":null,"customAttributes":null,"isMoreLink":false},{"url":"https://www.redbus.in/travels/anand-travel","name":"Anand Travels","tooltip":null,"customAttributes":null,"isMoreLink":false},{"url":"https://www.redbus.in/travels/ashapura-travels","name":"Ashapura Travels","tooltip":null,"customAttributes":null,"isMoreLink":false},{"url":"https://www.redbus.in/travels/ashok-bus-service","name":"Ashok Bus Service","tooltip":null,"customAttributes":null,"isMoreLink":false},{"url":"https://www.redbus.in/travels/ashoka-travels","name":"Ashoka Travels","tooltip":null,"customAttributes":null,"isMoreLink":false}]},"headerType":"h3"}],"seoLinks":[{"header":"Top Bus Routes","subLinks":[{"label":"Hyderabad to Bangalore Bus","link":"/bus-tickets/hyderabad-to-bangalore","tooltip":"Hyderabad to Bangalore Bus","id":null,"imgUrl":null,"isMoreLink":false,"customAttributes":null},{"label":"Bangalore to Chennai Bus","link":"/bus-tickets/bangalore-to-chennai","tooltip":"Bangalore to Chennai Bus","id":null,"imgUrl":null,"isMoreLink":false,"customAttributes":null},{"label":"Pune to Bangalore Bus","link":"/bus-tickets/pune-to-bangalore","tooltip":"Pune to Bangalore Bus","id":null,"imgUrl":null,"isMoreLink":false,"customAttributes":null},{"label":"Mumbai to Bangalore Bus","link":"/bus-tickets/mumbai-to-bangalore","tooltip":"Mumbai to Bangalore Bus","id":null,"imgUrl":null,"isMoreLink":false,"customAttributes":null},{"label":"More >","link":"/bus-tickets/routes-directory","tooltip":"More >","id":null,"imgUrl":null,"isMoreLink":true,"customAttributes":null}]},{"header":"Top Cities","subLinks":[{"label":"Hyderabad Bus Tickets","link":"/buses/hyderabad-bus-tickets","tooltip":"Hyderabad Bus Tickets","id":null,"imgUrl":null,"isMoreLink":false,"customAttributes":null},{"label":"Bangalore Bus Tickets","link":"/buses/bangalore-bus-tickets","tooltip":"Bangalore Bus Tickets","id":null,"imgUrl":null,"isMoreLink":false,"customAttributes":null},{"label":"Chennai Bus Tickets","link":"/buses/chennai-bus-tickets","tooltip":"Chennai Bus Tickets","id":null,"imgUrl":null,"isMoreLink":false,"customAttributes":null},{"label":"Pune Bus Tickets","link":"/buses/pune-bus-tickets","tooltip":"Pune Bus Tickets","id":null,"imgUrl":null,"isMoreLink":false,"customAttributes":null},{"label":"More >","link":"/buses/cities-directory","tooltip":null,"id":null,"imgUrl":null,"isMoreLink":true,"customAttributes":null}]},{"header":"Top RTC's","subLinks":[{"label":"APSRTC","link":"/online-booking/apsrtc","tooltip":"APSRTC","id":null,"imgUrl":null,"isMoreLink":false,"customAttributes":null},{"label":"GSRTC","link":"/online-booking/gsrtc","tooltip":"GSRTC","id":null,"imgUrl":null,"isMoreLink":false,"customAttributes":null},{"label":"TNSTC","link":"/online-booking/tnstc","tooltip":"TNSTC","id":null,"imgUrl":null,"isMoreLink":false,"customAttributes":null},{"label":"More> ","link":"/online-booking/rtc-directory","tooltip":null,"id":null,"imgUrl":null,"isMoreLink":true,"customAttributes":null}]},{"header":"Other","subLinks":[{"label":"TSRTC","link":"https://www.redbus.in/online-booking/tsrtc","tooltip":"TSRTC","id":null,"imgUrl":null,"isMoreLink":false,"customAttributes":null},{"label":"SBSTC","link":"https://www.redbus.in/online-booking/south-bengal-state-transport-corporation-sbstc","tooltip":"SBSTC","id":null,"imgUrl":null,"isMoreLink":false,"customAttributes":null},{"label":"RSRTC","link":"https://www.redbus.in/online-booking/rsrtc","tooltip":"RSRTC","id":null,"imgUrl":null,"isMoreLink":false,"customAttributes":null},{"label":"KeralaRTC","link":"https://www.redbus.in/online-booking/ksrtc-kerala","tooltip":"KeralaRTC","id":null,"imgUrl":null,"isMoreLink":false,"customAttributes":null},{"label":"More> ","link":"https://www.redbus.in/online-booking/rtc-directory","tooltip":"","id":null,"imgUrl":null,"isMoreLink":true,"customAttributes":null}]},{"header":"Tempo Traveller in Cities","subLinks":[{"label":"Tempo traveller in Bangalore","link":"https://www.redbus.in/tempo-traveller/bangalore","tooltip":"Tempo Traveller Bangalore","id":null,"imgUrl":null,"isMoreLink":false,"customAttributes":null},{"label":"Tempo traveller in Chennai","link":"https://www.redbus.in/tempo-traveller/chennai","tooltip":"Tempo Traveller Chennai","id":null,"imgUrl":null,"isMoreLink":false,"customAttributes":null},{"label":"Tempo traveller in Mumbai","link":"https://www.redbus.in/tempo-traveller/mumbai","tooltip":"Tempo traveller in Mumbai","id":null,"imgUrl":null,"isMoreLink":false,"customAttributes":null},{"label":"Tempo traveller in Hyderabad","link":"https://www.redbus.in/tempo-traveller/hyderabad","tooltip":"Tempo traveller in Hyderabad","id":null,"imgUrl":null,"isMoreLink":false,"customAttributes":null},{"label":"Tempo traveller in Ahmedabad","link":"https://www.redbus.in/tempo-traveller/ahmedabad","tooltip":"Tempo traveller in Ahmedabad","id":null,"imgUrl":null,"isMoreLink":false,"customAttributes":null}]}],"logo":{"img":"https://s3.rdbuz.com/web/images/home/sgp/r_logo.png","desc":"redBus is the world's largest &lt;a class=&quot;footerDescLink&quot; href=&quot;https://www.redbus.in/bus-tickets&quot;&gt;online bus ticket booking&lt;/a&gt; service trusted by over 25 million happy customers globally. redBus offers bus ticket booking through its website,iOS and Android mobile apps for all major routes."},"socialMedia":[{"img":"//s1.rdbuz.com/web/images/home/Facebook.png","link":"https://www.facebook.com/redbus.in/","iconname":"Facebook","classname":"fbicon"},{"img":"//s2.rdbuz.com/web/images/home/Twitter.png","link":"https://twitter.com/redBus_in","iconname":"Twitter","classname":"twittericon"}],"RdcSocial":null,"FooterLinks":[{"header":"About redBus","subLinks":[{"label":"About Us","link":"/info/aboutus","tooltip":null,"id":null,"imgUrl":null,"isMoreLink":false,"customAttributes":null},{"label":"Investor Relations","link":"/info/Investors","tooltip":null,"id":null,"imgUrl":null,"isMoreLink":false,"customAttributes":null},{"label":"Contact Us","link":"/info/contactus","tooltip":null,"id":null,"imgUrl":null,"isMoreLink":false,"customAttributes":null},{"label":"Mobile Version","link":"//m.redbus.in","tooltip":null,"id":null,"imgUrl":null,"isMoreLink":false,"customAttributes":null},{"label":"redBus on Mobile","link":"/info/mobile","tooltip":null,"id":null,"imgUrl":null,"isMoreLink":false,"customAttributes":null},{"label":"Sitemap","link":"/sitemap.html","tooltip":null,"id":null,"imgUrl":null,"isMoreLink":false,"customAttributes":null},{"label":"Offers","link":"/info/OfferTerms","tooltip":null,"id":null,"imgUrl":null,"isMoreLink":false,"customAttributes":null},{"label":"Careers","link":"/careers","tooltip":null,"id":null,"imgUrl":null,"isMoreLink":false,"customAttributes":null},{"label":"Values","link":"/values","tooltip":null,"id":null,"imgUrl":null,"isMoreLink":false,"customAttributes":null}]},{"header":"Info","subLinks":[{"label":"T & C","link":"/info/termscondition","tooltip":null,"id":null,"imgUrl":null,"isMoreLink":false,"customAttributes":null},{"label":"Privacy Policy","link":"/info/privacypolicy","tooltip":null,"id":null,"imgUrl":null,"isMoreLink":false,"customAttributes":null},{"label":"FAQ","link":"/info/faq","tooltip":null,"id":null,"imgUrl":null,"isMoreLink":false,"customAttributes":null},{"label":"Blog","link":"http://blog.redbus.in/","tooltip":null,"id":null,"imgUrl":null,"isMoreLink":false,"customAttributes":null},{"label":"Bus Operator Registration","link":"https://onboardvendor.redbus.in/","tooltip":null,"id":"busOperatorReg","imgUrl":null,"isMoreLink":false,"customAttributes":null},{"label":"Agent Registration","link":"https://in3.seatseller.travel/","tooltip":null,"id":null,"imgUrl":null,"isMoreLink":false,"customAttributes":null},{"label":"Insurance Partner","link":"https://www.acko.com/","tooltip":null,"id":null,"imgUrl":null,"isMoreLink":false,"customAttributes":null},{"label":"User Agreement","link":"/info/useragreement","tooltip":null,"id":null,"imgUrl":null,"isMoreLink":false,"customAttributes":null},{"label":"Primo Bus","link":"https://www.redbus.in/primo/primo-service","tooltip":null,"id":null,"imgUrl":null,"isMoreLink":false,"customAttributes":null},{"label":"Bus Timetable","link":"https://www.redbus.in/bus-timetable","tooltip":null,"id":null,"imgUrl":null,"isMoreLink":false,"customAttributes":null}]},{"header":"Global Sites","subLinks":[{"label":"India","link":"https://www.redbus.in","tooltip":null,"id":null,"imgUrl":null,"isMoreLink":false,"customAttributes":null},{"label":"Singapore","link":"https://www.redbus.sg","tooltip":null,"id":null,"imgUrl":null,"isMoreLink":false,"customAttributes":null},{"label":"Malaysia","link":"https://www.redbus.my","tooltip":null,"id":null,"imgUrl":null,"isMoreLink":false,"customAttributes":null},{"label":"Indonesia","link":"https://www.redbus.id","tooltip":null,"id":null,"imgUrl":null,"isMoreLink":false,"customAttributes":null},{"label":"Peru","link":"https://www.redbus.pe","tooltip":null,"id":null,"imgUrl":null,"isMoreLink":false,"customAttributes":null},{"label":"Colombia","link":"https://www.redbus.co","tooltip":null,"id":null,"imgUrl":null,"isMoreLink":false,"customAttributes":null}]},{"header":"Our Partners","subLinks":[{"label":"Goibibo","link":"https://www.goibibo.com/bus/","tooltip":null,"id":null,"imgUrl":null,"isMoreLink":false,"customAttributes":null},{"label":"Makemytrip","link":"https://www.makemytrip.com/bus-tickets/","tooltip":null,"id":null,"imgUrl":null,"isMoreLink":false,"customAttributes":null}]},{"header":"Other Services","subLinks":[{"label":"Train Tickets","link":"https://www.redbus.in/train-tickets","tooltip":null,"id":null,"imgUrl":null,"isMoreLink":false,"customAttributes":null},{"label":"Bus Hire","link":"https://www.redbus.in/bushire/","tooltip":null,"id":null,"imgUrl":null,"isMoreLink":false,"customAttributes":null},{"label":"Cab Booking","link":"https://www.redbus.in/car-rental/cab-booking","tooltip":null,"id":null,"imgUrl":null,"isMoreLink":false,"customAttributes":null},{"label":"Tempo Traveller","link":"https://www.redbus.in/tempo-traveller/","tooltip":null,"id":null,"imgUrl":null,"isMoreLink":false,"customAttributes":null}]}],"lblFooterRights":"2024 Redbus India Pvt Ltd. All rights reserved","partnerLogo":null,"isCountryIndia":true,"FooterAlliance":null,"address":null,"disableCopyRightSymbol":false},"FooterV2":{"seoMinFooterLinkCount":30,"RbFooterLogoWebp":"https://s3.rdbuz.com/Images/rdc/rdc-redbus-logo.webp","footerLinkHeadType":null,"SeoFooterLinks":[{"uiComponentId":"C_155","content":{"heading":"Popular Bus Routes","body":null,"subHeading":null,"var1":null,"var2":null,"var3":null,"label1":null,"value1":null,"label2":null,"value2":null,"label3":null,"value3":null,"imageUrl":null,"faqList":null,"dataList":[{"url":"https://www.redbus.in/bus-tickets/delhi-to-manali","name":"Delhi To Manali Bus","tooltip":null,"customAttributes":null,"isMoreLink":false},{"url":"https://www.redbus.in/bus-tickets/delhi-to-rishikesh","name":"Delhi To Rishikesh Bus","tooltip":null,"customAttributes":null,"isMoreLink":false},{"url":"https://www.redbus.in/bus-tickets/delhi-to-shimla","name":"Delhi To Shimla Bus","tooltip":null,"customAttributes":null,"isMoreLink":false},{"url":"https://www.redbus.in/bus-tickets/delhi-to-nainital","name":"Delhi To Nainital Bus","tooltip":null,"customAttributes":null,"isMoreLink":false},{"url":"https://www.redbus.in/bus-tickets/delhi-to-katra","name":"Delhi To Katra Bus","tooltip":null,"customAttributes":null,"isMoreLink":false},{"url":"https://www.redbus.in/bus-tickets/bangalore-to-goa","name":"Bangalore To Goa Bus","tooltip":null,"customAttributes":null,"isMoreLink":false},{"url":"https://www.redbus.in/bus-tickets/bangalore-to-hyderabad","name":"Bangalore To Hyderabad Bus","tooltip":null,"customAttributes":null,"isMoreLink":false},{"url":"https://www.redbus.in/bus-tickets/bangalore-to-tirupathi","name":"Bangalore To Tirupathi Bus","tooltip":null,"customAttributes":null,"isMoreLink":false},{"url":"https://www.redbus.in/bus-tickets/bangalore-to-chennai","name":"Bangalore To Chennai Bus","tooltip":null,"customAttributes":null,"isMoreLink":false},{"url":"https://www.redbus.in/bus-tickets/bangalore-to-pondicherry","name":"Bangalore To Pondicherry Bus","tooltip":null,"customAttributes":null,"isMoreLink":false},{"url":"https://www.redbus.in/bus-tickets/hyderabad-to-bangalore","name":"Hyderabad To Bangalore Bus","tooltip":null,"customAttributes":null,"isMoreLink":false},{"url":"https://www.redbus.in/bus-tickets/hyderabad-to-goa","name":"Hyderabad To Goa Bus","tooltip":null,"customAttributes":null,"isMoreLink":false},{"url":"https://www.redbus.in/bus-tickets/hyderabad-to-srisailam","name":"Hyderabad To Srisailam Bus","tooltip":null,"customAttributes":null,"isMoreLink":false},{"url":"https://www.redbus.in/bus-tickets/hyderabad-to-vijayawada","name":"Hyderabad To Vijayawada Bus","tooltip":null,"customAttributes":null,"isMoreLink":false},{"url":"https://www.redbus.in/bus-tickets/hyderabad-to-tirupathi","name":"Hyderabad To Tirupathi Bus","tooltip":null,"customAttributes":null,"isMoreLink":false},{"url":"https://www.redbus.in/bus-tickets/pune-to-goa","name":"Pune To Goa Bus","tooltip":null,"customAttributes":null,"isMoreLink":false},{"url":"https://www.redbus.in/bus-tickets/pune-to-mumbai","name":"Pune To Mumbai Bus","tooltip":null,"customAttributes":null,"isMoreLink":false},{"url":"https://www.redbus.in/bus-tickets/pune-to-nagpur","name":"Pune To Nagpur Bus","tooltip":null,"customAttributes":null,"isMoreLink":false},{"url":"https://www.redbus.in/bus-tickets/pune-to-kolhapur-maharashtra","name":"Pune To Kolhapur Bus","tooltip":null,"customAttributes":null,"isMoreLink":false},{"url":"https://www.redbus.in/bus-tickets/pune-to-nashik","name":"Pune To Nashik Bus","tooltip":null,"customAttributes":null,"isMoreLink":false},{"url":"https://www.redbus.in/bus-tickets/mumbai-to-goa","name":"Mumbai To Goa Bus","tooltip":null,"customAttributes":null,"isMoreLink":false},{"url":"https://www.redbus.in/bus-tickets/mumbai-to-pune","name":"Mumbai To Pune Bus","tooltip":null,"customAttributes":null,"isMoreLink":false},{"url":"https://www.redbus.in/bus-tickets/mumbai-to-shirdi","name":"Mumbai To Shirdi Bus","tooltip":null,"customAttributes":null,"isMoreLink":false},{"url":"https://www.redbus.in/bus-tickets/mumbai-to-mahabaleshwar","name":"Mumbai To Mahabaleshwar Bus","tooltip":null,"customAttributes":null,"isMoreLink":false},{"url":"https://www.redbus.in/bus-tickets/mumbai-to-kolhapur-maharashtra","name":"Mumbai To Kolhapur Bus","tooltip":null,"customAttributes":null,"isMoreLink":false},{"url":"https://www.redbus.in/bus-tickets/kolkata-to-digha","name":"Kolkata To Digha Bus","tooltip":null,"customAttributes":null,"isMoreLink":false},{"url":"https://www.redbus.in/bus-tickets/kolkata-to-siliguri","name":"Kolkata To Siliguri Bus","tooltip":null,"customAttributes":null,"isMoreLink":false},{"url":"https://www.redbus.in/bus-tickets/kolkata-to-puri","name":"Kolkata To Puri Bus","tooltip":null,"customAttributes":null,"isMoreLink":false},{"url":"https://www.redbus.in/bus-tickets/kolkata-to-bakkhali","name":"Kolkata To Bakkhali Bus","tooltip":null,"customAttributes":null,"isMoreLink":false},{"url":"https://www.redbus.in/bus-tickets/kolkata-to-mandarmani","name":"Kolkata To Mandarmani Bus","tooltip":null,"customAttributes":null,"isMoreLink":false},{"url":"https://www.redbus.in/bus-tickets/chennai-to-bangalore","name":"Chennai To Bangalore Bus","tooltip":null,"customAttributes":null,"isMoreLink":false},{"url":"https://www.redbus.in/bus-tickets/chennai-to-pondicherry","name":"Chennai To Pondicherry Bus","tooltip":null,"customAttributes":null,"isMoreLink":false},{"url":"https://www.redbus.in/bus-tickets/chennai-to-coimbatore","name":"Chennai To Coimbatore Bus","tooltip":null,"customAttributes":null,"isMoreLink":false},{"url":"https://www.redbus.in/bus-tickets/chennai-to-madurai","name":"Chennai To Madurai Bus","tooltip":null,"customAttributes":null,"isMoreLink":false},{"url":"https://www.redbus.in/bus-tickets/chennai-to-tirupathi","name":"Chennai To Tirupathi Bus","tooltip":null,"customAttributes":null,"isMoreLink":false},{"url":"https://www.redbus.in/bus-tickets/chandigarh-to-manali","name":"Chandigarh To Manali Bus","tooltip":null,"customAttributes":null,"isMoreLink":false},{"url":"https://www.redbus.in/bus-tickets/chandigarh-to-shimla","name":"Chandigarh To Shimla Bus","tooltip":null,"customAttributes":null,"isMoreLink":false},{"url":"https://www.redbus.in/bus-tickets/chandigarh-to-delhi","name":"Chandigarh To Delhi Bus","tooltip":null,"customAttributes":null,"isMoreLink":false},{"url":"https://www.redbus.in/bus-tickets/chandigarh-to-dehradun","name":"Chandigarh To Dehradun Bus","tooltip":null,"customAttributes":null,"isMoreLink":false},{"url":"https://www.redbus.in/bus-tickets/chandigarh-to-amritsar","name":"Chandigarh To Amritsar Bus","tooltip":null,"customAttributes":null,"isMoreLink":false},{"url":"https://www.redbus.in/bus-tickets/coimbatore-to-chennai","name":"Coimbatore To Chennai Bus","tooltip":null,"customAttributes":null,"isMoreLink":false},{"url":"https://www.redbus.in/bus-tickets/coimbatore-to-bangalore","name":"Coimbatore To Bangalore Bus","tooltip":null,"customAttributes":null,"isMoreLink":false},{"url":"https://www.redbus.in/bus-tickets/coimbatore-to-ooty","name":"Coimbatore To Ooty Bus","tooltip":null,"customAttributes":null,"isMoreLink":false},{"url":"https://www.redbus.in/bus-tickets/coimbatore-to-tiruchendur","name":"Coimbatore To Tiruchendur Bus","tooltip":null,"customAttributes":null,"isMoreLink":false},{"url":"https://www.redbus.in/bus-tickets/coimbatore-to-madurai","name":"Coimbatore To Madurai Bus","tooltip":null,"customAttributes":null,"isMoreLink":false},{"url":"https://www.redbus.in/bus-tickets/agra-to-bareilly","name":"Agra to Bareilly Bus","tooltip":null,"customAttributes":null,"isMoreLink":false},{"url":"https://www.redbus.in/bus-tickets/hisar-to-chandigarh","name":"Hisar to Chandigarh Bus","tooltip":null,"customAttributes":null,"isMoreLink":false},{"url":"https://www.redbus.in/bus-tickets/hisar-to-delhi","name":"Hisar to Delhi Bus ","tooltip":null,"customAttributes":null,"isMoreLink":false},{"url":"https://www.redbus.in/bus-tickets/lucknow-to-ballia","name":"Lucknow to Ballia Bus","tooltip":null,"customAttributes":null,"isMoreLink":false},{"url":"https://www.redbus.in/bus-tickets/lucknow-to-moradabad","name":"Lucknow to Moradabad Bus","tooltip":null,"customAttributes":null,"isMoreLink":false},{"url":"https://www.redbus.in/bus-tickets/rajkot-to-dwarka","name":"Rajkot to Dwarka Bus","tooltip":null,"customAttributes":null,"isMoreLink":false},{"url":"https://www.redbus.in/bus-tickets/siliguri-to-gangtok","name":"Siliguri to Gangtok Bus","tooltip":null,"customAttributes":null,"isMoreLink":false},{"url":"https://www.redbus.in/bus-tickets/ahmedabad-to-goa","name":"Ahmedabad to Goa Bus","tooltip":null,"customAttributes":null,"isMoreLink":false},{"url":"https://www.redbus.in/bus-tickets/ahmedabad-to-kanpur","name":"Ahmedabad to Kanpur Bus","tooltip":null,"customAttributes":null,"isMoreLink":false},{"url":"https://www.redbus.in/bus-tickets/akola-to-pune","name":"Akola to Pune Bus","tooltip":null,"customAttributes":null,"isMoreLink":false}]},"headerType":"h3"},{"uiComponentId":"C_155","content":{"heading":"Popular Cities","body":null,"subHeading":null,"var1":null,"var2":null,"var3":null,"label1":null,"value1":null,"label2":null,"value2":null,"label3":null,"value3":null,"imageUrl":null,"faqList":null,"dataList":[{"url":"buses/hyderabad-bus-tickets","name":"Hyderabad Bus Ticket Booking","tooltip":null,"customAttributes":null,"isMoreLink":false},{"url":"buses/bangalore-bus-tickets","name":"Bangalore Bus Ticket Booking","tooltip":null,"customAttributes":null,"isMoreLink":false},{"url":"buses/chennai-bus-tickets","name":"Chennai Bus Ticket Booking","tooltip":null,"customAttributes":null,"isMoreLink":false},{"url":"buses/pune-bus-tickets","name":"Pune Bus Tickets Booking","tooltip":null,"customAttributes":null,"isMoreLink":false},{"url":"buses/delhi-bus-tickets","name":"Delhi Bus Ticket Booking","tooltip":null,"customAttributes":null,"isMoreLink":false},{"url":"buses/mumbai-bus-tickets","name":"Mumbai Bus Ticket Booking","tooltip":null,"customAttributes":null,"isMoreLink":false},{"url":"buses/kolkata-bus-tickets","name":"Kolkata Bus Ticket Booking","tooltip":null,"customAttributes":null,"isMoreLink":false},{"url":"buses/ernakulam-bus-tickets","name":"Ernakulam Bus Ticket Booking","tooltip":null,"customAttributes":null,"isMoreLink":false},{"url":"buses/ahmedabad-bus-tickets","name":"Ahmedabad Bus Ticket Booking","tooltip":null,"customAttributes":null,"isMoreLink":false},{"url":"buses/vijayawada-bus-tickets","name":"Vijayawada Bus Ticket Booking","tooltip":null,"customAttributes":null,"isMoreLink":false},{"url":"buses/jaipur-bus-tickets","name":"Jaipur Bus Ticket Booking","tooltip":null,"customAttributes":null,"isMoreLink":false},{"url":"buses/indore-bus-tickets","name":"Indore Bus Ticket Booking","tooltip":null,"customAttributes":null,"isMoreLink":false},{"url":"buses/lucknow-bus-tickets","name":"Lucknow Bus Ticket Booking","tooltip":null,"customAttributes":null,"isMoreLink":false},{"url":"buses/bhopal-bus-tickets","name":"Bhopal Bus Ticket Booking","tooltip":null,"customAttributes":null,"isMoreLink":false}]},"headerType":"h3"},{"uiComponentId":"C_155","content":{"heading":"Popular Bus Operators","body":null,"subHeading":null,"var1":null,"var2":null,"var3":null,"label1":null,"value1":null,"label2":null,"value2":null,"label3":null,"value3":null,"imageUrl":null,"faqList":null,"dataList":[{"url":"https://www.redbus.in/travels/no-1-air-travels","name":"No 1 Air Travels","tooltip":null,"customAttributes":null,"isMoreLink":false},{"url":"https://www.redbus.in/travels/ybm-travels","name":"YBM Travels","tooltip":null,"customAttributes":null,"isMoreLink":false},{"url":"https://www.redbus.in/travels/sri-sms-travels","name":"Sri SMS Travels","tooltip":null,"customAttributes":null,"isMoreLink":false},{"url":"https://www.redbus.in/travels/svkdt-travels","name":"Svkdt Travels","tooltip":null,"customAttributes":null,"isMoreLink":false},{"url":"https://www.redbus.in/travels/rkt-tours-and-travels","name":"RKT Tours and Travels","tooltip":null,"customAttributes":null,"isMoreLink":false},{"url":"https://www.redbus.in/travels/royal-cars","name":"Royal Cars","tooltip":null,"customAttributes":null,"isMoreLink":false},{"url":"https://www.redbus.in/travels/rahul-travels","name":"Rahul Travels","tooltip":null,"customAttributes":null,"isMoreLink":false},{"url":"https://www.redbus.in/travels/jbt-travels","name":"JBT Travels","tooltip":null,"customAttributes":null,"isMoreLink":false},{"url":"https://www.redbus.in/travels/raj-express-1","name":"Raj Express","tooltip":null,"customAttributes":null,"isMoreLink":false},{"url":"https://www.redbus.in/travels/vaishali-express","name":"Vaishali Express","tooltip":null,"customAttributes":null,"isMoreLink":false},{"url":"https://www.redbus.in/travels/rahul-travels-indore","name":"Rahul Travels Indore","tooltip":null,"customAttributes":null,"isMoreLink":false},{"url":"https://www.redbus.in/travels/delhi-tours-and-travels","name":"Delhi Tours And Travels","tooltip":null,"customAttributes":null,"isMoreLink":false},{"url":"https://www.redbus.in/travels/ashok-travels-delhi","name":"Ashok Travels","tooltip":null,"customAttributes":null,"isMoreLink":false},{"url":"https://www.redbus.in/travels/greenline","name":"Greenline Travels","tooltip":null,"customAttributes":null,"isMoreLink":false},{"url":"https://www.redbus.in/travels/pawan-travels-balaghat","name":"Pawan Travels","tooltip":null,"customAttributes":null,"isMoreLink":false},{"url":"https://www.redbus.in/travels/ravi-travels","name":"Ravi Travels","tooltip":null,"customAttributes":null,"isMoreLink":false},{"url":"https://www.redbus.in/travels/vrl-travels","name":"VRL Travels","tooltip":null,"customAttributes":null,"isMoreLink":false},{"url":"https://www.redbus.in/travels/dolphin-travel-house","name":"Dolphin Travels","tooltip":null,"customAttributes":null,"isMoreLink":false},{"url":"https://www.redbus.in/travels/ganesh-travels","name":"Ganesh Travels","tooltip":null,"customAttributes":null,"isMoreLink":false},{"url":"https://www.redbus.in/travels/kaveri-kamakshi-travels","name":"Kaveri Travels","tooltip":null,"customAttributes":null,"isMoreLink":false},{"url":"https://www.redbus.in/travels/national-travels-national","name":"National Travels","tooltip":null,"customAttributes":null,"isMoreLink":false},{"url":"https://www.redbus.in/travels/bharathi-travels-bharathi","name":"Bharathi Travels","tooltip":null,"customAttributes":null,"isMoreLink":false},{"url":"https://www.redbus.in/travels/city-land-travels","name":"City Land Travels","tooltip":null,"customAttributes":null,"isMoreLink":false},{"url":"https://www.redbus.in/travels/citylink-travels","name":"Citylink Travels","tooltip":null,"customAttributes":null,"isMoreLink":false},{"url":"https://www.redbus.in/travels/kkaveri-travels","name":"KKaveri Travels","tooltip":null,"customAttributes":null,"isMoreLink":false},{"url":"https://www.redbus.in/travels/kk-travels","name":"KK Travels","tooltip":null,"customAttributes":null,"isMoreLink":false},{"url":"https://www.redbus.in/travels/mahadev-travels-online","name":"Mahadev Travels","tooltip":null,"customAttributes":null,"isMoreLink":false},{"url":"https://www.redbus.in/travels/maharaja-travels-1","name":"Maharaja Travels","tooltip":null,"customAttributes":null,"isMoreLink":false},{"url":"https://www.redbus.in/travels/m-r-travels","name":"M R Travels","tooltip":null,"customAttributes":null,"isMoreLink":false},{"url":"https://www.redbus.in/travels/new-payal-travels","name":"New Payal Travels","tooltip":null,"customAttributes":null,"isMoreLink":false},{"url":"https://www.redbus.in/travels/paras-travels","name":"Paras Travels","tooltip":null,"customAttributes":null,"isMoreLink":false},{"url":"https://www.redbus.in/travels/parshwanath-travels-parshwanath-ahmedabad","name":"Shree Parshwanath Travels","tooltip":null,"customAttributes":null,"isMoreLink":false},{"url":"https://www.redbus.in/travels/payal-travels","name":"Payal Travels","tooltip":null,"customAttributes":null,"isMoreLink":false},{"url":"https://www.redbus.in/travels/rk-travels","name":"R K Travels","tooltip":null,"customAttributes":null,"isMoreLink":false},{"url":"https://www.redbus.in/travels/shivam-travels","name":"Shivam Travels","tooltip":null,"customAttributes":null,"isMoreLink":false},{"url":"https://www.redbus.in/travels/shree-mahaveer-travels-9721","name":"Shree Mahaveer Travels","tooltip":null,"customAttributes":null,"isMoreLink":false},{"url":"https://www.redbus.in/travels/srs-travels-srs","name":"SRS Travels","tooltip":null,"customAttributes":null,"isMoreLink":false},{"url":"https://www.redbus.in/travels/tulsi-travels","name":"Tulsi Travels","tooltip":null,"customAttributes":null,"isMoreLink":false},{"url":"https://www.redbus.in/travels/vaibhav-travels-10044","name":"Vaibhav Travels","tooltip":null,"customAttributes":null,"isMoreLink":false},{"url":"https://www.redbus.in/travels/vikas-travels-jaipur","name":"Vikas Travels","tooltip":null,"customAttributes":null,"isMoreLink":false},{"url":"https://www.redbus.in/travels/amarnath-travels-9984","name":"Amarnath Travels","tooltip":null,"customAttributes":null,"isMoreLink":false},{"url":"https://www.redbus.in/travels/anand-travel","name":"Anand Travels","tooltip":null,"customAttributes":null,"isMoreLink":false},{"url":"https://www.redbus.in/travels/ashapura-travels","name":"Ashapura Travels","tooltip":null,"customAttributes":null,"isMoreLink":false},{"url":"https://www.redbus.in/travels/ashok-bus-service","name":"Ashok Bus Service","tooltip":null,"customAttributes":null,"isMoreLink":false},{"url":"https://www.redbus.in/travels/ashoka-travels","name":"Ashoka Travels","tooltip":null,"customAttributes":null,"isMoreLink":false}]},"headerType":"h3"}],"SeoSections":[{"title":"Top RTCs","id":"top_rtc_seo","isListItemImages":false,"listItems":[{"displayName":"APSRTC","id":"top_rtc_seo_apsrtc","redirectUrl":"https://www.redbus.in/online-booking/apsrtc","imgUrl":null,"customAttributes":null},{"displayName":"GSRTC","id":"top_rtc_seo_gsrtc","redirectUrl":"https://www.redbus.in/online-booking/gsrtc","imgUrl":null,"customAttributes":null},{"displayName":"TNSTC","id":"top_rtc_seo_tnstc","redirectUrl":"https://www.redbus.in/online-booking/tnstc","imgUrl":null,"customAttributes":null},{"displayName":"View All","id":"top_rtc_seo_view_all","redirectUrl":"https://www.redbus.in/online-booking/rtc-directory","imgUrl":null,"customAttributes":null}]},{"title":"Other","id":"other_seo","isListItemImages":false,"listItems":[{"displayName":"TSRTC","id":"other_seo_tsrtc","redirectUrl":"https://www.redbus.in/online-booking/tsrtc","imgUrl":null,"customAttributes":null},{"displayName":"SBSTC","id":"other_seo_sbstc","redirectUrl":"https://www.redbus.in/online-booking/south-bengal-state-transport-corporation-sbstc","imgUrl":null,"customAttributes":null},{"displayName":"RSRTC","id":"other_seo_rsrtc","redirectUrl":"https://www.redbus.in/online-booking/rsrtc","imgUrl":null,"customAttributes":null},{"displayName":"Kerala RTC","id":"other_seo_kerala_rtc","redirectUrl":"https://www.redbus.in/online-booking/ksrtc-kerala","imgUrl":null,"customAttributes":null},{"displayName":"View All","id":"other_seo_view_all","redirectUrl":"https://www.redbus.in/online-booking/rtc-directory","imgUrl":null,"customAttributes":null}]},{"title":"Top bus routes","id":"top_bus_routes_seo","isListItemImages":false,"listItems":[{"displayName":"Hyderabad to Bangalore Bus","id":"top_bus_routes_seo_hyd_to_blr","redirectUrl":"https://www.redbus.in/bus-tickets/hyderabad-to-bangalore","imgUrl":null,"customAttributes":null},{"displayName":"Bangalore to Chennai Bus","id":"top_bus_routes_seo_blr_to_chn","redirectUrl":"https://www.redbus.in/bus-tickets/bangalore-to-chennai","imgUrl":null,"customAttributes":null},{"displayName":"Pune to Bangalore Bus","id":"top_bus_routes_seo_pune_to_blr","redirectUrl":"https://www.redbus.in/bus-tickets/pune-to-bangalore","imgUrl":null,"customAttributes":null},{"displayName":"Mumbai to Bangalore Bus","id":"top_bus_routes_seo_mum_to_blr","redirectUrl":"https://www.redbus.in/bus-tickets/mumbai-to-bangalore","imgUrl":null,"customAttributes":null},{"displayName":"View All","id":"top_bus_routes_seo_view_all","redirectUrl":"https://www.redbus.in/bus-tickets/routes-directory","imgUrl":null,"customAttributes":null}]},{"title":"Top cities","id":"top_cities_seo","isListItemImages":false,"listItems":[{"displayName":"Hyderabad Bus Tickets","id":"top_cities_seo_hyd","redirectUrl":"https://www.redbus.in/buses/hyderabad-bus-tickets","imgUrl":null,"customAttributes":null},{"displayName":"Bangalore Bus Tickets","id":"top_cities_seo_blr","redirectUrl":"https://www.redbus.in/buses/bangalore-bus-tickets","imgUrl":null,"customAttributes":null},{"displayName":"Chennai Bus Tickets","id":"top_cities_seo_chn","redirectUrl":"https://www.redbus.in/buses/chennai-bus-tickets","imgUrl":null,"customAttributes":null},{"displayName":"Pune Bus Tickets","id":"top_cities_seo_pune","redirectUrl":"https://www.redbus.in/buses/pune-bus-tickets","imgUrl":null,"customAttributes":null},{"displayName":"View All","id":"top_cities_seo_view_all","redirectUrl":"https://www.redbus.in/buses/cities-directory","imgUrl":null,"customAttributes":null}]},{"title":"redRail","id":"red_rail_seo","isListItemImages":false,"listItems":[{"displayName":"Book Train Tickets","id":"red_rail_seo_book","redirectUrl":"https://www.redbus.in/train-tickets","imgUrl":null,"customAttributes":null},{"displayName":"PNR Status","id":"red_rail_seo_pnr_status","redirectUrl":"https://www.redbus.in/railways/pnr-status","imgUrl":null,"customAttributes":null},{"displayName":"Live Train Status","id":"red_rail_seo_live_status","redirectUrl":"https://m.redbus.in/railways/train-running-status","imgUrl":null,"customAttributes":null},{"displayName":"Train Seat Availability","id":"red_rail_seo_seat_avl","redirectUrl":"https://www.redbus.in/train-tickets/train-seat-availability","imgUrl":null,"customAttributes":null},{"displayName":"Trains between Stations","id":"red_rail_seo_trains_btwn_stn","redirectUrl":"https://www.redbus.in/train-tickets/trains-between-stations","imgUrl":null,"customAttributes":null}]}],"RbFooterLogo":"https://s3.rdbuz.com/Images/rdc/rdc-redbus-logo.svg","FooterMergeLogo":null,"FooterText":"redBus is the world's largest online bus ticket booking service trusted by over 25 million happy customers globally. redBus offers bus ticket booking through its website, iOS and Android mobile apps for all major routes.","FooterLinks":[{"title":"About redBus","id":"about_redbus_title_footer","isListItemImages":false,"listItems":[{"displayName":"About us","id":"about_us_footer","redirectUrl":"https://www.redbus.in/info/aboutus","imgUrl":null,"customAttributes":null},{"displayName":"Investor Relations","id":"investor_relations_footer","redirectUrl":"https://www.redbus.in/info/Investors","imgUrl":null,"customAttributes":null},{"displayName":"Contact us","id":"contact_us_footer","redirectUrl":"https://www.redbus.in/info/contactus","imgUrl":null,"customAttributes":null},{"displayName":"Mobile version","id":"mobile_version_footer","redirectUrl":"https://m.redbus.in/","imgUrl":null,"customAttributes":null},{"displayName":"redBus on mobile","id":"redbus_on_bus_footer","redirectUrl":"https://www.redbus.in/info/mobile","imgUrl":null,"customAttributes":null},{"displayName":"Sitemap","id":"sitemap_footer","redirectUrl":"https://www.redbus.in/sitemap.html","imgUrl":null,"customAttributes":null},{"displayName":"Offers","id":"offers_footer","redirectUrl":"https://www.redbus.in/info/offerTerms","imgUrl":null,"customAttributes":null},{"displayName":"Careers","id":"careers_footer","redirectUrl":"https://www.redbus.in/careers","imgUrl":null,"customAttributes":null},{"displayName":"Values","id":"values_footer","redirectUrl":"https://www.redbus.in/values","imgUrl":null,"customAttributes":null}]},{"title":"Info","id":"info_title_footer","isListItemImages":false,"listItems":[{"displayName":"T&C","id":"terms_n_conditions_footer","redirectUrl":"https://www.redbus.in/info/termscondition","imgUrl":null,"customAttributes":null},{"displayName":"Privacy policy","id":"privacy_policy_footer","redirectUrl":"https://www.redbus.in/info/privacypolicy","imgUrl":null,"customAttributes":null},{"displayName":"FAQ","id":"faq_footer","redirectUrl":"https://www.redbus.in/info/faq","imgUrl":null,"customAttributes":null},{"displayName":"Blog","id":"blog_footer","redirectUrl":"https://blog.redbus.in","imgUrl":null,"customAttributes":null},{"displayName":"Bus operator registration","id":"bus_operator_registration_footer","redirectUrl":"https://onboardvendor.redbus.in/","imgUrl":null,"customAttributes":null},{"displayName":"Agent registration","id":"agent_registration_footer","redirectUrl":"https://in3.seatseller.travel/","imgUrl":null,"customAttributes":null},{"displayName":"Insurance partner","id":"insurance_partner_footer","redirectUrl":"https://www.acko.com/","imgUrl":null,"customAttributes":null},{"displayName":"User agreement","id":"user_agreement_footer","redirectUrl":"https://www.redbus.in/info/useragreement","imgUrl":null,"customAttributes":null},{"displayName":"Primo Bus","id":null,"redirectUrl":"https://www.redbus.in/primo/primo-service","imgUrl":null,"customAttributes":null},{"displayName":"Bus Timetable","id":null,"redirectUrl":"https://www.redbus.in/bus-timetable","imgUrl":null,"customAttributes":null}]},{"title":"Global Sites","id":"global_sites_title_footer","isListItemImages":false,"listItems":[{"displayName":"India","id":"India_site_footer","redirectUrl":"https://www.redbus.in/","imgUrl":null,"customAttributes":null},{"displayName":"Singapore","id":"singapore_site_footer","redirectUrl":"https://www.redbus.sg/","imgUrl":null,"customAttributes":null},{"displayName":"Malaysia","id":"malaysia_site_footer","redirectUrl":"https://www.redbus.my/","imgUrl":null,"customAttributes":null},{"displayName":"Indonesia","id":"indonesia_site_footer","redirectUrl":"https://www.redbus.id/","imgUrl":null,"customAttributes":null},{"displayName":"Peru","id":"peru_site_footer","redirectUrl":"https://www.redbus.pe/","imgUrl":null,"customAttributes":null},{"displayName":"Colombia","id":"colombia_site_footer","redirectUrl":"https://www.redbus.co/","imgUrl":null,"customAttributes":null},{"displayName":"Cambodia","id":"cambodia_site_footer","redirectUrl":"https://www.redbus.com.kh/","imgUrl":null,"customAttributes":null},{"displayName":"Vietnam","id":"vietnam_site_footer","redirectUrl":"https://www.redbus.vn/","imgUrl":null,"customAttributes":null}]},{"title":"Our Partners","id":"our_partners_title_footer","isListItemImages":false,"listItems":[{"displayName":"Goibibo Bus","id":"goibibo_bus_footer","redirectUrl":"https://www.goibibo.com/bus/","imgUrl":null,"customAttributes":"rel=\"nofollow\""},{"displayName":"Goibibo Hotels","id":"goibibo_hotels_footer","redirectUrl":"https://www.goibibo.com/hotels/","imgUrl":null,"customAttributes":"rel=\"nofollow\""},{"displayName":"Makemytrip Hotels","id":"makemytrip_hotels_footer","redirectUrl":"https://www.makemytrip.com/hotels/","imgUrl":null,"customAttributes":"rel=\"nofollow\""}]}],"CopyrightText":"Ⓒ 2024 Redbus India Pvt Ltd. All rights reserved","SocialIconList":[{"key":"redbus_facebook","iconClassOrImgUrl":"https://st.redbus.in/web/images/layout/social_facebook_new.svg","isIcon":false,"redirectUrl":"https://www.facebook.com/redbus.in/"},{"key":"redbus_linkedin","iconClassOrImgUrl":"https://st.redbus.in/web/images/layout/social_linkedin_new.svg","isIcon":false,"redirectUrl":"https://in.linkedin.com/company/redbus_2/"},{"key":"redbus_twitter","iconClassOrImgUrl":"https://st.redbus.in/web/images/layout/social_twitter_new.svg","isIcon":false,"redirectUrl":"https://twitter.com/redBus_in/"},{"key":"redbus_instagram","iconClassOrImgUrl":"https://st.redbus.in/web/images/layout/social_instagram_new.svg","isIcon":false,"redirectUrl":"https://www.instagram.com/accounts/login/?next=/redbusindia/"}],"FooterAddress":null,"FooterPartnerContent":null},"FooterSeoContent":"<div class=\"operator-footer-list clearfix\"> <ul class=\"containerHome clearfix\"> <h6 class=\"seo-header\">Top Operators</h6> <li><a href=\"https://www.redbus.in/travels/srs-travels-srs\">SRS Travels</a></li> <li><a href=\"https://www.redbus.in/travels/kallada-travels-kallada \">Kallada Travels</a></li> <li><a href=\"https://www.redbus.in/travels/kpn-travels-kpn \">KPN Travels</a></li> <li><a href=\"https://www.redbus.in/travels/orange-travels-orange \">Orange Travels</a></li> <li><a href=\"https://www.redbus.in/travels/parveen-travels \">Parveen Travels</a></li> <li><a href=\"https://www.redbus.in/travels/rajdhani-express \">Rajdhani Express</a></li> <li><a href=\"https://www.redbus.in/travels/vrl-travels-vrl\">VRL Travels</a></li> <li><a href=\"https://www.redbus.in/travels/chartered-bus\">Chartered Speed Bus</a></li> <li><a href=\"https://www.redbus.in/travels/bengal-tiger\">Bengal Tiger</a></li> <li><a href=\"https://www.redbus.in/travels/srm-travels-srm\">SRM Travels</a></li> <li><a href=\"https://www.redbus.in/travels/infant-jesus\">Infant Jesus</a></li> <li><a href=\"https://www.redbus.in/travels/patel-travels-lufthanza-9940\">Patel Travels</a></li> <li><a href=\"https://www.redbus.in/travels/jbt-travels\">JBT Travels</a></li> <li><a href=\"https://www.redbus.in/travels/shatabdi-travels-1\">Shatabdi Travels</a></li> <li><a href=\"https://www.redbus.in/travels/eagle-travels\">Eagle Travels</a></li> <li><a href=\"https://www.redbus.in/travels/kanker-roadways-10172\">Kanker Roadways</a></li> <li><a href=\"https://www.redbus.in/travels/komitla\">Komitla</a></li> <li><a href=\"https://www.redbus.in/travels/sri-krishna-travels\">Sri Krishna Travels</a></li> <li><a href=\"https://www.redbus.in/travels/humsafar-travels-9807\">Humsafar Travels</a></li> <li><a href=\"https://www.redbus.in/travels/mahasagar-travels-mahasagar\">Mahasagar Travels</a></li> <li><a href=\"https://www.redbus.in/travels/raj-express-1\">Raj Express</a></li> <li><a href=\"https://www.redbus.in/travels/sharma-travels\">Sharma Travels</a></li> <li><a href=\"https://www.redbus.in/travels/shrinath-travels-agency-online\">Shrinath Travels</a></li> <li><a href=\"https://www.redbus.in/travels/universal-travels\">Universal Travels</a></li> <li><a href=\"https://www.redbus.in/travels/verma-travels\">Verma Travels</a></li> <li><a href=\"https://www.redbus.in/travels/gujarat-travels\">Gujarat Travels</a></li> <li><a href=\"https://www.redbus.in/travels/madurai-radha-travels\">Madurai Radha Travels</a></li> <li><a href=\"https://www.redbus.in/travels/patel-tours-and-travels\">Patel Tours and Travels</a></li> <li><a href=\"https://www.redbus.in/travels/paulo-travels\">Paulo Travels</a></li> <li><a href=\"https://www.redbus.in/travels/royal-travels\">Royal Travels</a></li> <li><a href=\"https://www.redbus.in/travels/amarnath-travels-9984\">Amarnath Travels</a></li> <li><a href=\"https://www.redbus.in/travels/vaibhav-travels\">Vaibhav Travels</a></li> <li><a href=\"https://www.redbus.in/travels/ganesh-travels-2\">Ganesh Travels</a></li> <li><a href=\"https://www.redbus.in/travels/jabbar-travels\">Jabbar Travels</a></li> <li><a href=\"https://www.redbus.in/travels/jain-travels\">Jain Travels</a></li> <li><a href=\"https://www.redbus.in/travels/manish-travels\">Manish Travels</a></li> <li><a href=\"https://www.redbus.in/travels/pradhan\">Pradhan Travels</a></li> <li><a href=\"https://www.redbus.in/travels/ybm-travels\">YBM Travels</a></li> <li><a href=\"https://www.redbus.in/travels/hebron-transports\">Hebron Transports</a></li> <li><a href=\"https://www.redbus.in/travels/mahalaxmi-travels-mahalaxmi\">Mahalaxmi travels</a></li> <li><a href=\"https://www.redbus.in/travels/mr-travels\">MR Travels</a></li> <li><a href=\"https://www.redbus.in/travels/vivegam-travels\">Vivegam Travels</a></li> <li><a href=\"https://www.redbus.in/travels/vst\">VST Travels</a></li> <li><a href=\"https://www.redbus.in/travels/jakhar-travels\">Jakhar Travels</a></li> <li><a href=\"https://www.redbus.in/travels/kaleswari-travels\">Kaleswari Travels</a></li> <li><a href=\"https://www.redbus.in/travels/mahendra-travels-10027\">Mahendra Travels</a></li> <li><a href=\"https://www.redbus.in/travels/neeta-tours-and-travels\">Neeta Tours and Travels</a></li> <li><a href=\"https://www.redbus.in/travels/yamani-travels\">Yamani Travels</a></li> <li><a href=\"https://www.redbus.in/travels/arthi-travels\">Arthi Travels</a></li> </ul><div class=\"more-link\"><a href=\"/travels/operators-directory\" class=\"more-link site-links\" target=\"_blank\">All Operators &gt;</a></div></div>","Rewards":true,"boolAppviralityBanner":false,"boolAppDownloadBanner":false,"appDownloadBannerTxt":null,"SeoTags":{"EnableNoIndexNoFollow":false,"dynamicSeoData":{"@context":"http://schema.org","@type":"SoftwareApplication","name":"redBus - Online Bus Tickets Booking App","operatingSystem":"ANDROID","applicationCategory":"TravelApplication","aggregateRating":{"@type":"AggregateRating","ratingValue":"4.5","reviewCount":2402718}},"nonRDCTags":true,"isEnglish":false,"title":"Online Bus Ticket Booking at Low Price and Best Offers - redBus","description":"Bus Tickets Online Booking at lowest rates, easy cancellation and get an instant refund with redBus, the worlds largest bus ticket booking brand. ","canonical":"https://www.redbus.in/","Keywords":"online bus ticket booking, bus booking, volvo ac bus booking, bus ticket booking, bus tickets","Media_tag":null,"googlesiteverification":"xF6UvOJWcDUSenssBr8T9uGa_htW-2h3XbU9FAv9sQ8","googlesiteverificationforSellerRating":"JseePqwPY1canvnThFLN1HSoTTHDfwhf0sUuEJwVUO4","OrganizationalSchema":{"contextValue":"https://www.schema.org","typeValue":"Organization","nameValue":"redBus India","urlValue":"https://www.redbus.in/"},"OrganizationalSchemaDynamic":{"context":"http://schema.org","type":"Organization","name":"redBus India","url":"https://www.redbus.in/","logo":null,"foundingDate":"2006","parentOrganization":[{"key":"@type","value":"Organization"},{"key":"name","value":"Ibibo Group Pvt Ltd"}],"address":{"type":"PostalAddress","streetAddress":"3rd Floor Karle Premium","addressLocality":"#1 Old Airport Road, Opp. Manipal Hospital, Kodihalli","addressRegion":"Bangalore","postalCode":"560008","addressCountry":"INDIA"},"contactPoint":[{"key":"@type","value":"ContactPoint"},{"key":"telephone","value":"+91 99456 00000"},{"key":"contactType","value":"Customer Service ( Call Center)"},{"key":"email","value":"support@redbus.in"}],"sameAs":[{"key":"https://www.facebook.com/redBus.in/","value":null},{"key":"https://en.wikipedia.org/wiki/Redbus.in/","value":null}]},"RobotsMeta":{"name":"robots","content":"noodp"},"og_title":"Online Bus Ticket Booking with Best Offers and Lowest Price - redBus","og_type":"company","og_url":"www.redbus.in","og_image":"https://s3.rdbuz.com/assets/images/logo/b_logo.png","og_site_name":"redBus","og_description":"Book bus tickets online with redBus, the worlds largest bus ticket booking brand for government and private bus operators. Book bus tickets at lowest rates, easy cancellation and get instant refund.","hreflang":[{"lang":"en-KH","href":"https://www.redbus.com.kh/"},{"lang":"x-default","href":"https://www.redbus.com/"},{"lang":"vi-VN","href":"https://www.redbus.vn/"},{"lang":"en-VN","href":"https://www.redbus.vn/en/"},{"lang":"en-IN","href":"https://www.redbus.in/"},{"lang":"en-SG","href":"https://www.redbus.sg/"},{"lang":"en-MY","href":"https://www.redbus.my/"},{"lang":"ms-MY","href":"https://www.redbus.my/ms/"},{"lang":"id-ID","href":"https://www.redbus.id/"},{"lang":"en-ID","href":"https://www.redbus.id/en/"},{"lang":"en-PE","href":"https://www.redbus.pe/en/"},{"lang":"es-PE","href":"https://www.redbus.pe/"},{"lang":"es-CO","href":"https://www.redbus.co/"},{"lang":"en-CO","href":"https://www.redbus.co/en/"}]},"S1_CDN":"/","S2_CDN":"/","S3_CDN":"/","DefaultLanguage":"en","OfferSeatsConfig":null,"FeatureList":{"IsRBWalletFeatureEnabled":true,"IsSavedCardsFeatureEnabled":true,"ISPROMOTIONSUBSCRIPTIONENABLED":false,"IsSeoSrpFeatureEnabled":true,"IsFerrySeoSrpFeatureEnabled":false,"IsPaymentV2FeatureEnabled":true},"appViralityBannerTxt":"Sorry, there might be booking fluctuations. Please try after sometime.","appViralityBannerClick":"","appDownloadBannerClick":null,"isReturn":true,"disableHeaderandFooter":false,"rootDomain":"rbus","isBpDpSearch":false,"cssfont":null,"CalenderLabels":null,"RDCCalendarLabel":null,"NewCalendarLabel":null,"CalenderLabelsComplete":null,"CountryDate":{"IND":"5.5","COL":"-5.0","SGP":"8.0","MYS":"8.8","IDN":"7.0","VNM":"7.0","BGD":"6.0","PER":"-5.0"},"LocalTime":"2024-08-19T15:15:41.3361655Z","currentDate":"2024/08/19","jsloggerURL":"//logs.redbus.com/logger/postErr","abCodeEnabled":false,"IsLangRt":false,"lazyLoadABEnabled":true,"busScoreABEnabled":true,"IsGeoLocationEnabled":false,"IsGeoLangEnabled":false,"exitRescheduleFlow":"Are you sure you want to go back?","yesLabel":"Yes","noLabel":"No","callTripsApi":true,"tripsRequestCount":10,"custInfoABEnabled":false,"iscodesnipetGTM":false,"numberFormatter":null,"numberFormatterCurrency":null,"currencyDropDownMap":null,"CallTimeout":{"SOLR":12000,"SEODATA":2000,"SEARCHRESULT":7000,"OIPAPI":4000,"SEATLAYOUT":8000,"FILTERS":4000,"ROUTEBPDP":4000,"USERTYPE":4000},"isOdEncrypt":false,"isUuIdEncrypt":false,"isMobOdEncrypt":false,"isRescheduleChargeKnown":false,"AuthSignoutTime":525600,"isSessionStackEnabled":false,"amPmTimeFormat":false,"PhoneCodeRegex":null,"PhoneCodeRegexWOCode":{"51":"/^(9)[0-9]{8}$/","57":"/^(350|3[0-4][0-9])[0-9]{7}$/","60":"/^((?!(0))[0-9]{9})$|^((?!(60))(?!(65))[0-9]{10})$|^((?!(60))(?!(65))[0-9]{11})$|^[0][0-9]{12}$/","62":"/^(08|8)[0-9]{8,11}$/","65":"/^[0-9]{8}$/","91":"/^[6-9][0-9]{9}$/","default":"/^[0-9]{8,15}$/"},"PhoneCodeRegexIDN":null,"IsSolrBPDPEnabled":true,"checkParentBPDPLocation":true,"solrLimit":20,"IsFooterAddressEnabled":false,"CustomerSupportNo":null,"seoAssetsUrl":null,"IS_PAYMENTV2_AB_DISABLED":true,"IS_CF_AB_Enabled":false,"addMonth":null,"isWFTInfoEnabled":false,"WFTPopUp":null,"shouldRoundOffCurrency":false,"isChangePasswordDisabled":true,"defaultCountryCode":null,"countryBasedSearch":false,"IS_OIP_CALL_ENABLED":true,"isSeatBarDisabled":true,"isPreSelectBpDpDisabled":false,"isNeftDisabled":false,"travelProtectionPlan":null,"isTravelPlanEnabled":false,"travelProtectionStaticPage":null,"showNoRestStop":false,"IS_REGIONAL_OFFER_ENABLED":false,"iS_NEW_OFFER_CARD_DESIGN":false,"tppTnCUrl":null,"hideOfferWalletInReschedule":false,"showImgPng":true,"showStrippedNames":false,"isCenteredLoginView":false,"isConveyThisEnabled":false,"trustPilotReviews":null,"trustPilotText":null,"xCoverText":null,"OIPCardEnable":true,"oipCardImageUrl":"reddeal/srptiles/IND/","oipCardWebpUrl":"reddeal/srptiles/webp/IND/","oipCardFormat":"png","isProductSchemaDisabled":false,"chatWidgetScriptUrl":null,"showChatWidget":false,"ferryHomeSearchTopLocation":null,"IS_APP_INSTALL_NUDGE_ENABLED":false,"enableOldHomePageFooterInNewHome":false,"noCreativeContentInHomePage":false,"disableBusTypeFilter":false,"disableRatingFromSortAndBusTuple":false,"enableOtpV1ApiWithCaptchEnabled":false,"enablePageReloadWithoutIsWalletEnabled":false,"envAndCommitId":"PROD_642e99402","enableBPG":false,"bpgLogo":null,"enableChatBot":false,"Language":null,"trConfigs":{"homePage":{"active":"Book your free ticket after #RedemptionStartDate","avail":"<b>Free ticket available with #OpName</b> - Book & travel Before #RedemptionDate","complete":"Take #remainingTripsToCompleteStreak #tripNumber before #StreakEndDate and get a <b>free ticket<b>","consent":null,"unlockTxt":"Unlock"}},"IS_LOCALSTORAGE_CLEAR_ENABLED":false}};
    </script>
    
                    <script src="/javascripts/twoHome.0506c8f8e3e1a535573b.bundle.js" async=""></script>
              <script defer="" src="/javascripts/seoHome.39bfe203797e21ebcb3d.bundle.js"></script>


<noscript><img src="https://www.redbus.in/akam/13/pixel_e52f1ee?a=dD03ZjVhODI2ODI1YWM3YzA2ZGZlOGNlOWEyOTVhYzQxNzVjYzFjOTUzJmpzPW9mZg==" style="visibility: hidden; position: absolute; left: -999px; top: -999px;" /></noscript>

</body></html>] but found [Oops! No buses found.]
at org.testng.Assert.fail(Assert.java:111)
at org.testng.Assert.failNotEquals(Assert.java:1578)
at org.testng.Assert.assertEqualsImpl(Assert.java:150)
at org.testng.Assert.assertEquals(Assert.java:132)
at org.testng.Assert.assertEquals(Assert.java:656)
at org.testng.Assert.assertEquals(Assert.java:666)
at steps.Redbus.test1(Redbus.java:42)
at java.base/jdk.internal.reflect.DirectMethodHandleAccessor.invoke(DirectMethodHandleAccessor.java:103)
at java.base/java.lang.reflect.Method.invoke(Method.java:580)
at org.testng.internal.invokers.MethodInvocationHelper.invokeMethod(MethodInvocationHelper.java:141)
at org.testng.internal.invokers.TestInvoker.invokeMethod(TestInvoker.java:686)
at org.testng.internal.invokers.TestInvoker.invokeTestMethod(TestInvoker.java:230)
at org.testng.internal.invokers.MethodRunner.runInSequence(MethodRunner.java:63)
at org.testng.internal.invokers.TestInvoker$MethodInvocationAgent.invoke(TestInvoker.java:992)
at org.testng.internal.invokers.TestInvoker.invokeTestMethods(TestInvoker.java:203)
at org.testng.internal.invokers.TestMethodWorker.invokeTestMethods(TestMethodWorker.java:154)
at org.testng.internal.invokers.TestMethodWorker.run(TestMethodWorker.java:134)
at java.base/java.util.ArrayList.forEach(ArrayList.java:1596)
at org.testng.TestRunner.privateRun(TestRunner.java:739)
at org.testng.TestRunner.run(TestRunner.java:614)
at org.testng.SuiteRunner.runTest(SuiteRunner.java:421)
at org.testng.SuiteRunner.runSequentially(SuiteRunner.java:413)
at org.testng.SuiteRunner.privateRun(SuiteRunner.java:373)
at org.testng.SuiteRunner.run(SuiteRunner.java:312)
at org.testng.SuiteRunnerWorker.runSuite(SuiteRunnerWorker.java:52)
at org.testng.SuiteRunnerWorker.run(SuiteRunnerWorker.java:95)
at org.testng.TestNG.runSuitesSequentially(TestNG.java:1274)
at org.testng.TestNG.runSuitesLocally(TestNG.java:1208)
at org.testng.TestNG.runSuites(TestNG.java:1112)
at org.testng.TestNG.run(TestNG.java:1079)
at org.testng.remote.AbstractRemoteTestNG.run(AbstractRemoteTestNG.java:115)
at org.testng.remote.RemoteTestNG.initAndRun(RemoteTestNG.java:293)
at org.testng.remote.RemoteTestNG.main(RemoteTestNG.java:91)
]]>
    </failure>
  </testcase> <!-- test1 -->
</testsuite> <!-- steps.Redbus -->
